2018-06-25 17:30:07,365-Getlogin-INFO-获取token成功.....
2018-06-25 17:30:07,757-C_log-INFO-生成充值卡订单OK！，订单id:14386
2018-06-25 17:30:07,757-C_log-INFO-生成充值卡订单OK！，订单id:14386
2018-06-25 17:30:07,757-C_log-INFO-生成充值卡订单OK！，订单id:14386
2018-06-25 17:30:09,358-C_log-INFO-充值卡订单使用美丽金支付OK！
2018-06-25 17:30:09,358-C_log-INFO-充值卡订单使用美丽金支付OK！
2018-06-25 17:30:09,358-C_log-INFO-充值卡订单使用美丽金支付OK！
2018-06-25 17:30:09,694-C_log-INFO-C端登录成功
2018-06-25 17:30:09,694-C_log-INFO-C端登录成功
2018-06-25 17:30:09,694-C_log-INFO-C端登录成功
2018-06-25 17:30:11,137-C_log-INFO-首页获取成功
2018-06-25 17:30:11,137-C_log-INFO-首页获取成功
2018-06-25 17:30:11,137-C_log-INFO-首页获取成功
2018-06-25 17:30:11,327-C_log-INFO-C端登录成功
2018-06-25 17:30:11,327-C_log-INFO-C端登录成功
2018-06-25 17:30:11,327-C_log-INFO-C端登录成功
2018-06-25 17:30:12,314-C_log-INFO-首页获取成功
2018-06-25 17:30:12,314-C_log-INFO-首页获取成功
2018-06-25 17:30:12,314-C_log-INFO-首页获取成功
2018-06-25 17:30:12,539-C_log-INFO-C端登录成功
2018-06-25 17:30:12,539-C_log-INFO-C端登录成功
2018-06-25 17:30:12,539-C_log-INFO-C端登录成功
2018-06-25 17:30:12,819-c_log-INFO-项目详情接口状态返回值:200
2018-06-25 17:30:12,819-c_log-INFO-获取项目详情页成功
2018-06-25 17:30:13,541-c_log-INFO-热门项目列表状态码：200
2018-06-25 17:30:13,542-c_log-INFO-获取热门项目列表成功
