2018-06-28 13:28:23,465-webLog-INFO-权限读取成功
2018-06-28 13:28:24,286-Getlogin-INFO-获取token成功.....
2018-06-28 13:28:25,121-C_log-INFO-生成充值卡订单OK！，订单id:14747
2018-06-28 13:28:25,121-C_log-INFO-生成充值卡订单OK！，订单id:14747
2018-06-28 13:28:25,121-C_log-INFO-生成充值卡订单OK！，订单id:14747
2018-06-28 13:28:26,678-C_log-INFO-充值卡订单使用美丽金支付OK！
2018-06-28 13:28:26,678-C_log-INFO-充值卡订单使用美丽金支付OK！
2018-06-28 13:28:26,678-C_log-INFO-充值卡订单使用美丽金支付OK！
2018-06-28 13:28:27,760-C_log-INFO-首页获取成功
2018-06-28 13:28:27,760-C_log-INFO-首页获取成功
2018-06-28 13:28:27,760-C_log-INFO-首页获取成功
2018-06-28 13:28:28,492-C_log-INFO-首页获取成功
2018-06-28 13:28:28,492-C_log-INFO-首页获取成功
2018-06-28 13:28:28,492-C_log-INFO-首页获取成功
2018-06-28 13:28:28,612-C_log-INFO-C端登录成功
2018-06-28 13:28:28,612-C_log-INFO-C端登录成功
2018-06-28 13:28:28,612-C_log-INFO-C端登录成功
2018-06-28 13:28:28,961-c_log-INFO-项目详情接口状态返回值:200
2018-06-28 13:28:28,962-c_log-INFO-获取项目详情页成功
2018-06-28 13:28:29,749-c_log-INFO-热门项目列表状态码：200
2018-06-28 13:28:29,750-c_log-INFO-获取热门项目列表成功
