2018-06-28 13:35:47,237-webLog-INFO-权限读取成功
2018-06-28 13:35:47,779-Getlogin-INFO-获取token成功.....
2018-06-28 13:35:48,302-C_log-INFO-生成充值卡订单OK！，订单id:14749
2018-06-28 13:35:48,302-C_log-INFO-生成充值卡订单OK！，订单id:14749
2018-06-28 13:35:48,302-C_log-INFO-生成充值卡订单OK！，订单id:14749
2018-06-28 13:35:50,000-C_log-INFO-充值卡订单使用美丽金支付OK！
2018-06-28 13:35:50,000-C_log-INFO-充值卡订单使用美丽金支付OK！
2018-06-28 13:35:50,000-C_log-INFO-充值卡订单使用美丽金支付OK！
2018-06-28 13:35:51,895-C_log-INFO-首页获取成功
2018-06-28 13:35:51,895-C_log-INFO-首页获取成功
2018-06-28 13:35:51,895-C_log-INFO-首页获取成功
2018-06-28 13:35:53,610-C_log-INFO-首页获取成功
2018-06-28 13:35:53,610-C_log-INFO-首页获取成功
2018-06-28 13:35:53,610-C_log-INFO-首页获取成功
2018-06-28 13:35:53,752-C_log-INFO-C端登录成功
2018-06-28 13:35:53,752-C_log-INFO-C端登录成功
2018-06-28 13:35:53,752-C_log-INFO-C端登录成功
2018-06-28 13:35:53,941-c_log-INFO-项目详情接口状态返回值:200
2018-06-28 13:35:53,941-c_log-INFO-获取项目详情页成功
2018-06-28 13:35:55,103-c_log-INFO-热门项目列表状态码：200
2018-06-28 13:35:55,103-c_log-INFO-获取热门项目列表成功
