2018-06-22 18:09:03,115-Getlogin-INFO-获取token成功.....
2018-06-22 18:09:03,996-C_log-INFO-生成充值卡订单OK！，订单id:14076
2018-06-22 18:09:03,996-C_log-INFO-生成充值卡订单OK！，订单id:14076
2018-06-22 18:09:03,996-C_log-INFO-生成充值卡订单OK！，订单id:14076
2018-06-22 18:09:04,801-C_log-INFO-C端登录成功
2018-06-22 18:09:04,801-C_log-INFO-C端登录成功
2018-06-22 18:09:04,801-C_log-INFO-C端登录成功
2018-06-22 18:09:06,388-C_log-INFO-首页获取成功
2018-06-22 18:09:06,388-C_log-INFO-首页获取成功
2018-06-22 18:09:06,388-C_log-INFO-首页获取成功
2018-06-22 18:09:06,615-C_log-INFO-C端登录成功
2018-06-22 18:09:06,615-C_log-INFO-C端登录成功
2018-06-22 18:09:06,615-C_log-INFO-C端登录成功
2018-06-22 18:09:08,137-C_log-INFO-首页获取成功
2018-06-22 18:09:08,137-C_log-INFO-首页获取成功
2018-06-22 18:09:08,137-C_log-INFO-首页获取成功
2018-06-22 18:09:08,383-C_log-INFO-C端登录成功
2018-06-22 18:09:08,383-C_log-INFO-C端登录成功
2018-06-22 18:09:08,383-C_log-INFO-C端登录成功
2018-06-22 18:09:08,849-c_log-INFO-项目详情接口状态返回值:200
2018-06-22 18:09:08,850-c_log-INFO-获取项目详情页成功
2018-06-22 18:09:09,949-c_log-INFO-热门项目列表状态码：200
2018-06-22 18:09:09,949-c_log-INFO-获取热门项目列表成功
