2018-07-23 18:25:15,430-mp_log-INFO-token获取成功......
2018-07-23 18:25:22,281-mp_log-INFO-获取所有小程序信息成功......
2018-07-23 18:25:25,865-mp_log-INFO-获取最新模板信息成功.......
2018-07-23 18:25:30,905-mp_log-INFO-审核失败
2018-07-23 18:25:32,815-mp_log-INFO-审核失败
2018-07-23 18:25:35,033-mp_log-INFO-审核失败
2018-07-23 18:25:35,865-mp_log-INFO-审核失败
2018-07-23 18:25:36,745-mp_log-INFO-审核失败
2018-07-23 18:25:37,654-mp_log-INFO-审核失败
2018-07-23 18:25:38,334-mp_log-INFO-审核失败
2018-07-23 18:25:39,239-mp_log-INFO-审核中
2018-07-23 18:25:40,373-mp_log-INFO-审核失败
2018-07-23 18:25:41,662-mp_log-INFO-审核中
2018-07-23 18:25:42,816-mp_log-INFO-审核失败
2018-07-23 18:25:43,496-mp_log-INFO-审核失败
2018-07-23 18:25:44,548-mp_log-INFO-审核中
2018-07-23 18:25:45,487-mp_log-INFO-审核中
2018-07-23 18:25:46,612-mp_log-INFO-审核中
2018-07-23 18:25:47,342-mp_log-INFO-已审核
2018-07-23 18:25:48,311-mp_log-INFO-审核中
2018-07-23 18:25:49,460-mp_log-INFO-审核中
2018-07-23 18:25:50,435-mp_log-INFO-审核中
2018-07-23 18:25:51,684-mp_log-INFO-已审核
2018-07-23 18:25:52,845-mp_log-INFO-审核中
2018-07-23 18:25:53,659-mp_log-INFO-审核失败
2018-07-23 18:25:54,727-mp_log-INFO-审核失败
2018-07-23 18:25:55,596-mp_log-INFO-审核中
2018-07-23 18:25:56,893-mp_log-INFO-已审核
2018-07-23 18:25:58,014-mp_log-INFO-审核中
2018-07-23 18:25:59,248-mp_log-INFO-审核失败
2018-07-23 18:26:00,258-mp_log-INFO-审核失败
2018-07-23 18:26:01,158-mp_log-INFO-审核失败
2018-07-23 18:26:01,898-mp_log-INFO-审核失败
2018-07-23 18:26:03,498-mp_log-INFO-审核中
2018-07-23 18:26:04,481-mp_log-INFO-审核失败
2018-07-23 18:26:04,696-mp_log-INFO-审核失败
2018-07-23 18:26:05,603-mp_log-INFO-审核失败
2018-07-23 18:26:06,795-mp_log-INFO-审核失败
2018-07-23 18:26:08,599-mp_log-INFO-审核中
2018-07-23 18:26:09,252-mp_log-INFO-审核中
2018-07-23 18:26:10,176-mp_log-INFO-审核中
2018-07-23 18:26:11,681-mp_log-INFO-审核中
2018-07-23 18:26:11,811-mp_log-INFO-审核失败
2018-07-23 18:26:12,667-mp_log-INFO-审核失败
2018-07-23 18:26:13,622-mp_log-INFO-审核失败
2018-07-23 18:26:14,932-mp_log-INFO-审核中
2018-07-23 18:26:16,486-mp_log-INFO-审核中
2018-07-23 18:26:17,049-mp_log-INFO-审核中
2018-07-23 18:26:17,961-mp_log-INFO-审核中
2018-07-23 18:26:19,639-mp_log-INFO-审核失败
2018-07-23 18:26:21,060-mp_log-INFO-审核失败
2018-07-23 18:26:22,017-mp_log-INFO-审核中
2018-07-23 18:26:22,091-mp_log-INFO-审核中
2018-07-23 18:26:22,843-mp_log-INFO-审核失败
2018-07-23 18:26:24,346-mp_log-INFO-审核中
2018-07-23 18:26:26,221-mp_log-INFO-审核失败
2018-07-23 18:26:27,437-mp_log-INFO-审核中
2018-07-23 18:26:28,453-mp_log-INFO-审核失败
2018-07-23 18:26:28,556-mp_log-INFO-审核中
2018-07-23 18:26:29,974-mp_log-INFO-审核失败
2018-07-23 18:26:31,508-mp_log-INFO-审核中
2018-07-23 18:26:31,975-mp_log-INFO-审核中
2018-07-23 18:26:32,965-mp_log-INFO-审核失败
2018-07-23 18:26:34,010-mp_log-INFO-审核失败
2018-07-23 18:26:34,823-mp_log-INFO-审核中
2018-07-23 18:26:35,887-mp_log-INFO-审核失败
2018-07-23 18:26:36,412-mp_log-INFO-审核中
2018-07-23 18:26:37,227-mp_log-INFO-审核中
2018-07-23 18:26:38,500-mp_log-INFO-审核中
2018-07-23 18:26:39,759-mp_log-INFO-审核中
2018-07-23 18:26:40,586-mp_log-INFO-审核中
2018-07-23 18:26:41,567-mp_log-INFO-审核中
2018-07-23 18:26:42,059-mp_log-INFO-审核失败
2018-07-23 18:26:43,263-mp_log-INFO-审核中
2018-07-23 18:26:44,332-mp_log-INFO-审核中
2018-07-23 18:26:45,379-mp_log-INFO-审核中
2018-07-23 18:26:46,487-mp_log-INFO-审核失败
2018-07-23 18:26:47,510-mp_log-INFO-审核中
2018-07-23 18:26:48,482-mp_log-INFO-审核中
2018-07-23 18:26:49,332-mp_log-INFO-审核中
2018-07-23 18:26:50,312-mp_log-INFO-审核失败
2018-07-23 18:26:51,305-mp_log-INFO-审核中
2018-07-23 18:26:52,464-mp_log-INFO-审核失败
2018-07-23 18:26:54,612-mp_log-INFO-审核中
2018-07-23 18:26:55,304-mp_log-INFO-审核中
2018-07-23 18:26:55,342-mp_log-INFO-审核中
2018-07-23 18:26:56,721-mp_log-INFO-审核失败
2018-07-23 18:26:57,603-mp_log-INFO-审核中
2018-07-23 18:26:59,033-mp_log-INFO-审核失败
2018-07-23 18:27:00,126-mp_log-INFO-审核失败
2018-07-23 18:27:00,760-mp_log-INFO-审核中
2018-07-23 18:27:01,517-mp_log-INFO-审核中
2018-07-23 18:27:02,253-mp_log-INFO-审核失败
2018-07-23 18:27:03,394-mp_log-INFO-审核失败
2018-07-23 18:27:05,449-mp_log-INFO-审核中
2018-07-23 18:27:05,625-mp_log-INFO-审核中
2018-07-23 18:27:06,386-mp_log-INFO-已审核
2018-07-23 18:27:07,534-mp_log-INFO-审核中
2018-07-23 18:27:08,885-mp_log-INFO-审核中
2018-07-23 18:27:09,653-mp_log-INFO-审核中
2018-07-23 18:27:10,256-mp_log-INFO-审核中
2018-07-23 18:27:12,021-mp_log-INFO-审核失败
2018-07-23 18:27:12,526-mp_log-INFO-审核中
2018-07-23 18:27:13,873-mp_log-INFO-审核中
2018-07-23 18:27:14,604-mp_log-INFO-审核失败
2018-07-23 18:27:15,406-mp_log-INFO-审核失败
2018-07-23 18:27:16,568-mp_log-INFO-审核中
2018-07-23 18:27:17,642-mp_log-INFO-审核中
