2018-07-24 10:29:51,502-mp_log-INFO-token获取成功......
2018-07-24 10:29:54,106-mp_log-INFO-获取所有小程序信息成功......
2018-07-24 10:29:54,578-mp_log-INFO-获取最新模板信息成功.......
2018-07-24 10:29:56,549-mp_log-INFO-审核失败
2018-07-24 10:29:58,394-mp_log-INFO-审核失败
2018-07-24 10:30:00,680-mp_log-INFO-审核失败
2018-07-24 10:30:01,793-mp_log-INFO-审核失败
2018-07-24 10:30:02,542-mp_log-INFO-审核失败
2018-07-24 10:30:04,130-mp_log-INFO-审核失败
2018-07-24 10:30:04,802-mp_log-INFO-审核失败
2018-07-24 10:30:05,433-mp_log-INFO-已审核
2018-07-24 10:30:06,594-mp_log-INFO-审核失败
2018-07-24 10:30:07,389-mp_log-INFO-审核中
2018-07-24 10:30:08,357-mp_log-INFO-审核失败
2018-07-24 10:30:09,379-mp_log-INFO-审核失败
2018-07-24 10:30:11,200-mp_log-INFO-已审核
2018-07-24 10:30:11,461-mp_log-INFO-已审核
2018-07-24 10:30:12,435-mp_log-INFO-已审核
2018-07-24 10:30:13,643-mp_log-INFO-已审核
2018-07-24 10:30:14,397-mp_log-INFO-已审核
2018-07-24 10:30:15,629-mp_log-INFO-已审核
2018-07-24 10:30:16,570-mp_log-INFO-已审核
2018-07-24 10:30:17,300-mp_log-INFO-已审核
2018-07-24 10:30:18,321-mp_log-INFO-已审核
2018-07-24 10:30:20,031-mp_log-INFO-审核失败
2018-07-24 10:30:20,705-mp_log-INFO-审核失败
2018-07-24 10:30:21,448-mp_log-INFO-已审核
2018-07-24 10:30:22,384-mp_log-INFO-已审核
2018-07-24 10:30:23,485-mp_log-INFO-已审核
2018-07-24 10:30:24,433-mp_log-INFO-审核失败
2018-07-24 10:30:25,466-mp_log-INFO-审核失败
2018-07-24 10:30:26,440-mp_log-INFO-审核失败
2018-07-24 10:30:27,468-mp_log-INFO-审核失败
2018-07-24 10:30:28,938-mp_log-INFO-已审核
2018-07-24 10:30:29,316-mp_log-INFO-审核失败
2018-07-24 10:30:30,357-mp_log-INFO-审核失败
2018-07-24 10:30:31,443-mp_log-INFO-审核失败
2018-07-24 10:30:32,347-mp_log-INFO-审核失败
2018-07-24 10:30:33,474-mp_log-INFO-已审核
2018-07-24 10:30:34,801-mp_log-INFO-已审核
2018-07-24 10:30:35,362-mp_log-INFO-审核中
2018-07-24 10:30:36,281-mp_log-INFO-审核失败
2018-07-24 10:30:37,472-mp_log-INFO-已审核
2018-07-24 10:30:38,315-mp_log-INFO-审核失败
2018-07-24 10:30:39,303-mp_log-INFO-审核失败
2018-07-24 10:30:40,320-mp_log-INFO-已审核
2018-07-24 10:30:41,454-mp_log-INFO-已审核
2018-07-24 10:30:42,415-mp_log-INFO-已审核
2018-07-24 10:30:43,249-mp_log-INFO-已审核
2018-07-24 10:30:45,744-mp_log-INFO-审核失败
2018-07-24 10:30:45,825-mp_log-INFO-已审核
2018-07-24 10:30:46,960-mp_log-INFO-审核失败
2018-07-24 10:30:47,782-mp_log-INFO-已审核
2018-07-24 10:30:48,637-mp_log-INFO-审核失败
