2018-07-20 18:32:50,982-mp_log-INFO-token获取成功......
2018-07-20 18:32:52,942-mp_log-INFO-获取所有小程序信息成功......
2018-07-20 18:32:53,453-mp_log-INFO-获取最新模板信息成功.......
2018-07-20 18:32:55,249-mp_log-ERROR-东方仕典操作失败,失败原因{'status': 'error', 'msg': 'system error hint: [S3XqVA07834526]'}
2018-07-20 18:32:55,253-mp_log-ERROR-当今悦美操作失败,失败原因{'status': 'error', 'msg': 'system error hint: [OWs9aA07834799]'}
2018-07-20 18:32:55,259-mp_log-ERROR-纤指百媚操作失败,失败原因{'status': 'error', 'msg': 'system error hint: [6y6XFA07834521]'}
2018-07-20 18:32:55,271-mp_log-ERROR-娇阑美颜操作失败,失败原因{'status': 'error', 'msg': 'system error hint: [L3NX307834529]'}
2018-07-20 18:32:55,273-mp_log-ERROR-二院美丽之约操作失败,失败原因{'status': 'error', 'msg': 'system error hint: [nX87sa07838978]'}
2018-07-20 18:32:55,284-mp_log-ERROR-美共享操作失败,失败原因{'status': 'error', 'msg': 'system error hint: [f5nx40783b451]'}
2018-07-20 18:32:55,291-mp_log-ERROR-ME智慧美店操作失败,失败原因{'status': 'error', 'msg': 'system error hint: [Nr3q8a07834799]'}
2018-07-20 18:32:55,292-mp_log-ERROR-来美吧操作失败,失败原因{'status': 'error', 'msg': 'system error hint: [dZrmxa07834522]'}
2018-07-20 18:32:55,293-mp_log-ERROR-来就健康操作失败,失败原因{'status': 'error', 'msg': 'system error hint: [cUgapA07838962]'}
2018-07-20 18:32:55,298-mp_log-ERROR-南洋beauty操作失败,失败原因{'status': 'error', 'msg': 'system error hint: [NQP8CA07834521]'}
2018-07-20 18:32:55,309-mp_log-ERROR-美人记Beauty操作失败,失败原因{'status': 'error', 'msg': 'system error hint: [tTX6Ra07834522]'}
2018-07-20 18:32:55,313-mp_log-ERROR-菲常美操作失败,失败原因{'status': 'error', 'msg': 'system error hint: [XGcona07832159]'}
2018-07-20 18:32:55,319-mp_log-ERROR-都市点点操作失败,失败原因{'status': 'error', 'msg': 'system error hint: [vb07838978]'}
2018-07-20 18:32:55,331-mp_log-ERROR-妃香伊丹操作失败,失败原因{'status': 'error', 'msg': 'system error hint: [4L5XDa07834529]'}
2018-07-20 18:32:55,342-mp_log-ERROR-美丽九九操作失败,失败原因{'status': 'error', 'msg': 'system error hint: [E.0bUa07832358]'}
2018-07-20 18:32:55,344-mp_log-ERROR-兴美源操作失败,失败原因{'status': 'error', 'msg': 'system error hint: [BLeLcA07832159]'}
2018-07-20 18:32:55,525-mp_log-ERROR-曼姿操作失败,失败原因{'status': 'error', 'msg': 'system error hint: [g7lVka07842361]'}
2018-07-20 18:32:55,527-mp_log-ERROR-植美SPA操作失败,失败原因{'status': 'error', 'msg': 'system error hint: [d8qcFa07842159]'}
2018-07-20 18:32:55,534-mp_log-ERROR-黄氏百佳操作失败,失败原因{'status': 'error', 'msg': 'system error hint: [oBUE9a07841513]'}
2018-07-20 18:32:55,535-mp_log-ERROR-英原健康操作失败,失败原因{'status': 'error', 'msg': 'system error hint: [WRS8LA07840720]'}
2018-07-20 18:32:55,538-mp_log-ERROR-DR美研博士操作失败,失败原因{'status': 'error', 'msg': 'system error hint: [So28cA07849041]'}
2018-07-20 18:32:55,539-mp_log-ERROR-还原美操作失败,失败原因{'status': 'error', 'msg': 'system error hint: [k1wCga07844526]'}
2018-07-20 18:32:55,543-mp_log-ERROR-沧州美美达操作失败,失败原因{'status': 'error', 'msg': 'system error hint: [WowEgA0784b451]'}
2018-07-20 18:32:55,557-mp_log-ERROR-博妍集美操作失败,失败原因{'status': 'error', 'msg': 'system error hint: [5c9PTA07844529]'}
2018-07-20 18:32:55,559-mp_log-ERROR-雅涛世家操作失败,失败原因{'status': 'error', 'msg': 'system error hint: [R3h5sA07842361]'}
2018-07-20 18:32:55,559-mp_log-ERROR-世纪之春操作失败,失败原因{'status': 'error', 'msg': 'system error hint: [FbIFca07848962]'}
2018-07-20 18:32:55,567-mp_log-ERROR-女秀才操作失败,失败原因{'status': 'error', 'msg': 'system error hint: [07844529]'}
2018-07-20 18:32:55,570-mp_log-ERROR-梦圆皇宫操作失败,失败原因{'status': 'error', 'msg': 'system error hint: [LA0RaA07844521]'}
2018-07-20 18:32:55,582-mp_log-ERROR-香密雅CIMIA操作失败,失败原因{'status': 'error', 'msg': 'system error hint: [HfZJuA07841513]'}
2018-07-20 18:32:55,587-mp_log-ERROR-你好漂亮操作失败,失败原因{'status': 'error', 'msg': 'system error hint: [6BDINA07842159]'}
2018-07-20 18:32:55,595-mp_log-ERROR-长江九号操作失败,失败原因{'status': 'error', 'msg': 'system error hint: [aWLGMA07844521]'}
2018-07-20 18:32:55,597-mp_log-ERROR-窈窕淑女操作失败,失败原因{'status': 'error', 'msg': 'system error hint: [luF.Fa07848962]'}
2018-07-20 18:32:55,602-mp_log-ERROR-艾面一族 操作失败,失败原因{'status': 'error', 'msg': 'system error hint: [1Ws7Ba07844522]'}
2018-07-20 18:32:55,613-mp_log-ERROR-杭州桐雅操作失败,失败原因{'status': 'error', 'msg': 'system error hint: [dSwtMa0784hb97]'}
2018-07-20 18:32:55,613-mp_log-ERROR-梅兰丽人操作失败,失败原因{'status': 'error', 'msg': 'system error hint: [ez4dIA07838978]'}
2018-07-20 18:32:55,616-mp_log-ERROR-妍雅媛操作失败,失败原因{'status': 'error', 'msg': 'system error hint: [3Awsja07844521]'}
2018-07-20 18:32:55,622-mp_log-ERROR-香住SPA操作失败,失败原因{'status': 'error', 'msg': 'system error hint: [AKz2uA07840720]'}
2018-07-20 18:32:55,627-mp_log-ERROR-乐聚操作失败,失败原因{'status': 'error', 'msg': 'system error hint: [gQV6ma07844522]'}
2018-07-20 18:32:55,630-mp_log-ERROR-斓悦庭操作失败,失败原因{'status': 'error', 'msg': 'system error hint: [otFA.a07840720]'}
2018-07-20 18:32:55,636-mp_log-ERROR-掌上美管家A操作失败,失败原因{'status': 'error', 'msg': 'system error hint: [JDizEA07844526]'}
2018-07-20 18:32:55,644-mp_log-ERROR-IVY艾菲芭操作失败,失败原因{'status': 'error', 'msg': 'system error hint: [MwJQIa07848978]'}
2018-07-20 18:32:55,649-mp_log-ERROR-東美人儿操作失败,失败原因{'status': 'error', 'msg': 'system error hint: [oeAtAa0784hb97]'}
2018-07-20 18:32:55,658-mp_log-ERROR-呈悦医疗操作失败,失败原因{'status': 'error', 'msg': 'system error hint: [nQSu507841518]'}
2018-07-20 18:32:55,662-mp_log-ERROR-来了美千丝美操作失败,失败原因{'status': 'error', 'msg': 'system error hint: [PCPnRa0784b100]'}
2018-07-20 18:32:55,668-mp_log-ERROR-唯美童妍操作失败,失败原因{'status': 'error', 'msg': 'system error hint: [3Kl.sa0784b451]'}
2018-07-20 18:32:55,672-mp_log-ERROR-GOGOBeauty操作失败,失败原因{'status': 'error', 'msg': 'system error hint: [kt.T6a07840720]'}
2018-07-20 18:32:55,676-mp_log-ERROR-金贵人Beauty操作失败,失败原因{'status': 'error', 'msg': 'system error hint: [y1AQqa07844799]'}
2018-07-20 18:32:55,699-mp_log-ERROR-创美雅香莱操作失败,失败原因{'status': 'error', 'msg': 'system error hint: [tfJwIA07848962]'}
2018-07-20 18:32:55,706-mp_log-INFO-环亚美容模板操作成功,模板名称7.20 正式版18:26
2018-07-20 18:32:55,707-mp_log-INFO-曼奇莎模板操作成功,模板名称7.20 正式版18:26
2018-07-20 18:32:55,712-mp_log-ERROR-承昱医疗操作失败,失败原因{'status': 'error', 'msg': 'system error hint: [qHDj07844526]'}
2018-07-20 18:32:55,769-mp_log-ERROR-缘临医疗美容操作失败,失败原因{'status': 'error', 'msg': 'system error hint: [0784hb97]'}
2018-07-20 18:32:55,772-mp_log-INFO-来了美佳澜店模板操作成功,模板名称7.20 正式版18:26
2018-07-20 18:32:55,778-mp_log-INFO-Oni速美花园模板操作成功,模板名称7.20 正式版18:26
2018-07-20 18:32:55,781-mp_log-INFO-美美昭妍模板操作成功,模板名称7.20 正式版18:26
2018-07-20 18:32:55,818-mp_log-ERROR-体验店操作失败,失败原因{'status': 'error', 'msg': 'api is unauthorized to component hint: [XqPBwA07842159]'}
2018-07-20 18:32:55,839-mp_log-INFO-广州七号驻颜模板操作成功,模板名称7.20 正式版18:26
2018-07-20 18:32:55,846-mp_log-INFO-诗美逸模板操作成功,模板名称7.20 正式版18:26
2018-07-20 18:32:55,903-mp_log-INFO-贝娅塔模板操作成功,模板名称7.20 正式版18:26
2018-07-20 18:32:55,907-mp_log-INFO-绿苑女子模板操作成功,模板名称7.20 正式版18:26
2018-07-20 18:32:55,910-mp_log-INFO-霭伦恩美模板操作成功,模板名称7.20 正式版18:26
2018-07-20 18:32:55,912-mp_log-INFO-灵动模板操作成功,模板名称7.20 正式版18:26
2018-07-20 18:32:55,915-mp_log-INFO-佐登妮丝模板操作成功,模板名称7.20 正式版18:26
2018-07-20 18:32:55,979-mp_log-INFO-美美昭彦模板操作成功,模板名称7.20 正式版18:26
2018-07-20 18:32:55,986-mp_log-INFO-润妃国际模板操作成功,模板名称7.20 正式版18:26
2018-07-20 18:32:55,989-mp_log-INFO-菲梵经典模板操作成功,模板名称7.20 正式版18:26
2018-07-20 18:32:56,038-mp_log-INFO-年轻我可以模板操作成功,模板名称7.20 正式版18:26
2018-07-20 18:32:56,042-mp_log-INFO-美姿来就美模板操作成功,模板名称7.20 正式版18:26
2018-07-20 18:32:56,046-mp_log-INFO-芊思雅莎莎模板操作成功,模板名称7.20 正式版18:26
2018-07-20 18:32:56,046-mp_log-INFO-悠兰lyj模板操作成功,模板名称7.20 正式版18:26
2018-07-20 18:32:56,112-mp_log-INFO-雪依氏模板操作成功,模板名称7.20 正式版18:26
2018-07-20 18:32:56,122-mp_log-INFO-杭州东方整形模板操作成功,模板名称7.20 正式版18:26
2018-07-20 18:32:56,125-mp_log-INFO-颐和美容模板操作成功,模板名称7.20 正式版18:26
2018-07-20 18:32:56,131-mp_log-INFO-爱女士模板操作成功,模板名称7.20 正式版18:26
2018-07-20 18:32:56,133-mp_log-INFO-巴黎情缘模板操作成功,模板名称7.20 正式版18:26
2018-07-20 18:32:56,131-mp_log-INFO-魅力华健模板操作成功,模板名称7.20 正式版18:26
2018-07-20 18:32:56,135-mp_log-INFO-美德福模板操作成功,模板名称7.20 正式版18:26
2018-07-20 18:32:56,135-mp_log-INFO-阿芙洛蒂模板操作成功,模板名称7.20 正式版18:26
2018-07-20 18:32:56,182-mp_log-INFO-栢草源模板操作成功,模板名称7.20 正式版18:26
2018-07-20 18:32:56,189-mp_log-INFO-虞诗蔓模板操作成功,模板名称7.20 正式版18:26
2018-07-20 18:32:56,195-mp_log-INFO-红妆倾城模板操作成功,模板名称7.20 正式版18:26
2018-07-20 18:32:56,197-mp_log-INFO-云立方模板操作成功,模板名称7.20 正式版18:26
2018-07-20 18:32:56,203-mp_log-INFO-当代经典模板操作成功,模板名称7.20 正式版18:26
2018-07-20 18:32:56,205-mp_log-INFO-欧妮薇模板操作成功,模板名称7.20 正式版18:26
2018-07-20 18:32:56,208-mp_log-INFO-恒美世纪模板操作成功,模板名称7.20 正式版18:26
2018-07-20 18:32:56,211-mp_log-INFO-来了美韩尚恩模板操作成功,模板名称7.20 正式版18:26
2018-07-20 18:32:56,212-mp_log-INFO-艾妍整形模板操作成功,模板名称7.20 正式版18:26
2018-07-20 18:32:56,254-mp_log-INFO-来了美标榜店模板操作成功,模板名称7.20 正式版18:26
2018-07-20 18:32:56,258-mp_log-INFO-美之颜模板操作成功,模板名称7.20 正式版18:26
2018-07-20 18:32:56,265-mp_log-INFO-智能科技美店模板操作成功,模板名称7.20 正式版18:26
2018-07-20 18:32:56,271-mp_log-INFO-芯语芳心模板操作成功,模板名称7.20 正式版18:26
2018-07-20 18:32:56,274-mp_log-INFO-来了美雲会所模板操作成功,模板名称7.20 正式版18:26
2018-07-20 18:32:56,274-mp_log-INFO-恩雅模板操作成功,模板名称7.20 正式版18:26
2018-07-20 18:32:56,275-mp_log-INFO-弘迪美容美发模板操作成功,模板名称7.20 正式版18:26
2018-07-20 18:32:56,329-mp_log-INFO-来了美模板操作成功,模板名称7.20 正式版18:26
2018-07-20 18:32:56,332-mp_log-INFO-月瘦月美模板操作成功,模板名称7.20 正式版18:26
2018-07-20 18:32:56,341-mp_log-INFO-诗露丽涵模板操作成功,模板名称7.20 正式版18:26
2018-07-20 18:32:56,343-mp_log-INFO-金柏丽模板操作成功,模板名称7.20 正式版18:26
2018-07-20 18:32:56,347-mp_log-INFO-如生堂模板操作成功,模板名称7.20 正式版18:26
2018-07-20 18:32:56,389-mp_log-INFO-琉璃水城模板操作成功,模板名称7.20 正式版18:26
