2018-07-02 19:39:10,346-webLog-INFO-权限读取成功
2018-07-02 19:39:10,628-Getlogin-INFO-获取token成功.....
2018-07-02 19:39:11,012-C_log-INFO-生成充值卡订单OK！，订单id:15166
2018-07-02 19:39:11,012-C_log-INFO-生成充值卡订单OK！，订单id:15166
2018-07-02 19:39:11,012-C_log-INFO-生成充值卡订单OK！，订单id:15166
2018-07-02 19:39:12,552-C_log-INFO-充值卡订单使用美丽金支付OK！
2018-07-02 19:39:12,552-C_log-INFO-充值卡订单使用美丽金支付OK！
2018-07-02 19:39:12,552-C_log-INFO-充值卡订单使用美丽金支付OK！
2018-07-02 19:39:13,584-C_log-INFO-首页获取成功
2018-07-02 19:39:13,584-C_log-INFO-首页获取成功
2018-07-02 19:39:13,584-C_log-INFO-首页获取成功
2018-07-02 19:39:15,078-C_log-INFO-首页获取成功
2018-07-02 19:39:15,078-C_log-INFO-首页获取成功
2018-07-02 19:39:15,078-C_log-INFO-首页获取成功
2018-07-02 19:39:15,165-C_log-INFO-C端登录成功
2018-07-02 19:39:15,165-C_log-INFO-C端登录成功
2018-07-02 19:39:15,165-C_log-INFO-C端登录成功
2018-07-02 19:39:15,348-c_log-INFO-项目详情接口状态返回值:200
2018-07-02 19:39:15,348-c_log-INFO-获取项目详情页成功
2018-07-02 19:39:15,376-c_log-INFO-热门项目列表状态码：200
