2018-07-25 21:40:39,463-mp_log-INFO-token获取成功......
2018-07-25 21:40:44,680-mp_log-INFO-获取所有小程序信息成功......
2018-07-25 21:40:45,547-mp_log-INFO-获取最新模板信息成功.......
2018-07-25 21:40:47,440-mp_log-INFO-审核失败
2018-07-25 21:40:49,531-mp_log-INFO-审核失败
2018-07-25 21:40:51,467-mp_log-INFO-审核失败
2018-07-25 21:40:52,485-mp_log-INFO-审核失败
2018-07-25 21:40:53,463-mp_log-INFO-审核失败
2018-07-25 21:40:54,584-mp_log-INFO-审核失败
2018-07-25 21:40:55,425-mp_log-INFO-审核失败
2018-07-25 21:40:56,508-mp_log-INFO-已审核
2018-07-25 21:40:57,515-mp_log-INFO-审核失败
2018-07-25 21:40:58,709-mp_log-INFO-审核失败
2018-07-25 21:40:59,431-mp_log-INFO-审核失败
2018-07-25 21:41:00,384-mp_log-INFO-审核失败
2018-07-25 21:41:01,485-mp_log-INFO-已审核
2018-07-25 21:41:02,486-mp_log-INFO-已审核
2018-07-25 21:41:03,725-mp_log-INFO-已审核
2018-07-25 21:41:04,494-mp_log-INFO-已审核
2018-07-25 21:41:05,460-mp_log-INFO-已审核
2018-07-25 21:41:06,462-mp_log-INFO-已审核
2018-07-25 21:41:07,697-mp_log-INFO-已审核
2018-07-25 21:41:08,312-mp_log-INFO-已审核
2018-07-25 21:41:09,375-mp_log-INFO-已审核
2018-07-25 21:41:10,499-mp_log-INFO-审核失败
2018-07-25 21:41:11,388-mp_log-INFO-审核失败
2018-07-25 21:41:12,447-mp_log-INFO-已审核
2018-07-25 21:41:13,419-mp_log-INFO-已审核
2018-07-25 21:41:14,428-mp_log-INFO-已审核
2018-07-25 21:41:15,503-mp_log-INFO-审核失败
2018-07-25 21:41:16,691-mp_log-INFO-审核失败
2018-07-25 21:41:17,611-mp_log-INFO-审核失败
2018-07-25 21:41:18,657-mp_log-INFO-审核失败
2018-07-25 21:41:19,819-mp_log-INFO-已审核
2018-07-25 21:41:20,845-mp_log-INFO-审核失败
2018-07-25 21:41:21,772-mp_log-INFO-审核失败
2018-07-25 21:41:22,592-mp_log-INFO-审核失败
2018-07-25 21:41:23,627-mp_log-INFO-审核失败
2018-07-25 21:41:24,640-mp_log-INFO-已审核
2018-07-25 21:41:25,751-mp_log-INFO-已审核
2018-07-25 21:41:26,687-mp_log-INFO-审核失败
2018-07-25 21:41:27,661-mp_log-INFO-审核失败
2018-07-25 21:41:28,748-mp_log-INFO-已审核
2018-07-25 21:41:29,693-mp_log-INFO-审核失败
2018-07-25 21:41:30,773-mp_log-INFO-审核失败
2018-07-25 21:41:31,631-mp_log-INFO-已审核
2018-07-25 21:41:32,747-mp_log-INFO-已审核
2018-07-25 21:41:33,794-mp_log-INFO-已审核
2018-07-25 21:41:34,937-mp_log-INFO-已审核
2018-07-25 21:41:35,826-mp_log-INFO-已审核
2018-07-25 21:41:36,839-mp_log-INFO-审核失败
2018-07-25 21:41:37,843-mp_log-INFO-审核失败
2018-07-25 21:41:39,153-mp_log-INFO-已审核
2018-07-25 21:41:40,032-mp_log-INFO-审核失败
2018-07-25 21:41:42,255-mp_log-INFO-已审核
2018-07-25 21:41:43,278-mp_log-INFO-已审核
2018-07-25 21:41:44,269-mp_log-INFO-审核失败
2018-07-25 21:41:45,240-mp_log-INFO-审核失败
2018-07-25 21:41:46,305-mp_log-INFO-已审核
2018-07-25 21:41:47,259-mp_log-INFO-审核失败
2018-07-25 21:41:48,259-mp_log-INFO-已审核
2018-07-25 21:41:49,133-mp_log-INFO-已审核
2018-07-25 21:41:50,218-mp_log-INFO-审核失败
2018-07-25 21:41:51,263-mp_log-INFO-审核失败
2018-07-25 21:41:52,349-mp_log-INFO-已审核
2018-07-25 21:41:53,231-mp_log-INFO-审核失败
2018-07-25 21:41:54,387-mp_log-INFO-已审核
2018-07-25 21:41:55,304-mp_log-INFO-已审核
2018-07-25 21:41:56,385-mp_log-INFO-已审核
2018-07-25 21:41:57,393-mp_log-INFO-已审核
2018-07-25 21:41:58,415-mp_log-INFO-审核失败
2018-07-25 21:41:59,239-mp_log-INFO-已审核
2018-07-25 21:42:00,401-mp_log-INFO-审核失败
2018-07-25 21:42:01,426-mp_log-INFO-已审核
2018-07-25 21:42:02,276-mp_log-INFO-已审核
2018-07-25 21:42:03,230-mp_log-INFO-已审核
2018-07-25 21:42:04,249-mp_log-INFO-审核失败
2018-07-25 21:42:05,297-mp_log-INFO-已审核
2018-07-25 21:42:06,242-mp_log-INFO-已审核
2018-07-25 21:42:08,095-mp_log-INFO-审核失败
2018-07-25 21:42:08,392-mp_log-INFO-审核失败
2018-07-25 21:42:09,325-mp_log-INFO-审核失败
2018-07-25 21:42:10,495-mp_log-INFO-审核失败
2018-07-25 21:42:11,228-mp_log-INFO-审核失败
2018-07-25 21:42:12,733-mp_log-INFO-已审核
2018-07-25 21:42:13,344-mp_log-INFO-已审核
2018-07-25 21:42:14,460-mp_log-INFO-审核失败
2018-07-25 21:42:15,297-mp_log-INFO-已审核
2018-07-25 21:42:16,666-mp_log-INFO-审核失败
2018-07-25 21:42:17,375-mp_log-INFO-审核失败
2018-07-25 21:42:18,431-mp_log-INFO-审核失败
2018-07-25 21:42:19,423-mp_log-INFO-已审核
2018-07-25 21:42:20,428-mp_log-INFO-审核失败
2018-07-25 21:42:21,451-mp_log-INFO-审核失败
2018-07-25 21:42:22,726-mp_log-INFO-审核失败
2018-07-25 21:42:23,363-mp_log-INFO-已审核
2018-07-25 21:42:24,464-mp_log-INFO-已审核
2018-07-25 21:42:25,488-mp_log-INFO-审核失败
2018-07-25 21:42:26,461-mp_log-INFO-已审核
2018-07-25 21:42:27,488-mp_log-INFO-已审核
2018-07-25 21:42:28,623-mp_log-INFO-已审核
2018-07-25 21:42:29,414-mp_log-INFO-审核失败
2018-07-25 21:42:30,394-mp_log-INFO-已审核
2018-07-25 21:42:31,382-mp_log-INFO-已审核
2018-07-25 21:42:32,599-mp_log-INFO-审核失败
2018-07-25 21:42:33,462-mp_log-INFO-审核失败
2018-07-25 21:42:34,465-mp_log-INFO-已审核
2018-07-25 21:42:35,622-mp_log-INFO-已审核
