2018-07-23 17:53:39,838-mp_log-INFO-token获取成功......
2018-07-23 17:53:43,770-mp_log-INFO-获取所有小程序信息成功......
2018-07-23 17:53:46,767-mp_log-INFO-获取最新模板信息成功.......
2018-07-23 17:53:49,381-mp_log-ERROR-sdfdsfdsf操作失败,失败原因{'status': 500, 'msg': '此管理中心未授权开放平台'}
2018-07-23 17:53:49,946-mp_log-ERROR-光速美操作失败,失败原因{'status': 500, 'msg': '此管理中心未授权开放平台'}
2018-07-23 17:53:50,472-mp_log-ERROR-来了美韩尚恩操作失败,失败原因{'status': 'error', 'msg': 'system error hint: [qG0AqA06308962]'}
2018-07-23 17:53:50,481-mp_log-ERROR-红妆倾城操作失败,失败原因{'status': 'error', 'msg': 'system error hint: [mX06309041]'}
2018-07-23 17:53:50,486-mp_log-ERROR-艾面一族 操作失败,失败原因{'status': 'error', 'msg': 'system error hint: [sQf9MA06302361]'}
2018-07-23 17:53:50,488-mp_log-ERROR-魅力华健操作失败,失败原因{'status': 'error', 'msg': 'system error hint: [5QwXsa06308978]'}
2018-07-23 17:53:50,502-mp_log-ERROR-美丽九九操作失败,失败原因{'status': 'error', 'msg': 'system error hint: [TIJ7Ra0630b100]'}
2018-07-23 17:53:50,504-mp_log-ERROR-创美雅香莱操作失败,失败原因{'status': 'error', 'msg': 'system error hint: [j06304799]'}
2018-07-23 17:53:50,508-mp_log-ERROR-ME智慧美店操作失败,失败原因{'status': 'error', 'msg': 'system error hint: [W3nEea06301518]'}
2018-07-23 17:53:50,508-mp_log-ERROR-长江九号操作失败,失败原因{'status': 'error', 'msg': 'system error hint: [_Ue0mA06301513]'}
2018-07-23 17:53:50,514-mp_log-ERROR-美姿来就美操作失败,失败原因{'status': 'error', 'msg': 'system error hint: [B9nvha06301518]'}
2018-07-23 17:53:50,515-mp_log-ERROR-黄氏百佳操作失败,失败原因{'status': 'error', 'msg': 'system error hint: [Y2uTca06301518]'}
2018-07-23 17:53:50,517-mp_log-ERROR-杭州桐雅操作失败,失败原因{'status': 'error', 'msg': 'system error hint: [AxBG306304799]'}
2018-07-23 17:53:50,521-mp_log-ERROR-如生堂操作失败,失败原因{'status': 'error', 'msg': 'system error hint: [sKoqwA06309041]'}
2018-07-23 17:53:50,522-mp_log-ERROR-GOGOBeauty操作失败,失败原因{'status': 'error', 'msg': 'system error hint: [4vciwa06309030]'}
2018-07-23 17:53:50,526-mp_log-ERROR-妍雅媛操作失败,失败原因{'status': 'error', 'msg': 'system error hint: [c79Oha06302358]'}
2018-07-23 17:53:50,526-mp_log-ERROR-杭州东方整形操作失败,失败原因{'status': 'error', 'msg': 'system error hint: [uj1AmA06302358]'}
2018-07-23 17:53:50,533-mp_log-ERROR-美共享操作失败,失败原因{'status': 'error', 'msg': 'system error hint: [a44YiA06304522]'}
2018-07-23 17:53:50,534-mp_log-INFO-来就健康模板操作成功,模板名称7.23 正式版17:14
2018-07-23 17:53:50,540-mp_log-ERROR-香密雅CIMIA操作失败,失败原因{'status': 'error', 'msg': 'system error hint: [lwHWva0630hb97]'}
2018-07-23 17:53:50,550-mp_log-ERROR-二院美丽之约操作失败,失败原因{'status': 'error', 'msg': 'system error hint: [3FJywa06308962]'}
2018-07-23 17:53:50,558-mp_log-ERROR-金柏丽操作失败,失败原因{'status': 'error', 'msg': 'system error hint: [RgQuhA06304521]'}
2018-07-23 17:53:50,565-mp_log-ERROR-来了美雲会所操作失败,失败原因{'status': 'error', 'msg': 'system error hint: [QbKT7a06300720]'}
2018-07-23 17:53:50,573-mp_log-ERROR-美之颜操作失败,失败原因{'status': 'error', 'msg': 'system error hint: [1xNAsA06308962]'}
2018-07-23 17:53:50,578-mp_log-ERROR-金贵人Beauty操作失败,失败原因{'status': 'error', 'msg': 'system error hint: [a59NUA06300720]'}
2018-07-23 17:53:50,590-mp_log-ERROR-曼姿操作失败,失败原因{'status': 'error', 'msg': 'system error hint: [q0OT8a06304521]'}
2018-07-23 17:53:50,593-mp_log-ERROR-缘临医疗美容操作失败,失败原因{'status': 'error', 'msg': 'system error hint: [qkG3MA06304522]'}
2018-07-23 17:53:50,600-mp_log-INFO-贝娅塔模板操作成功,模板名称7.23 正式版17:14
2018-07-23 17:53:50,608-mp_log-ERROR-芯语芳心操作失败,失败原因{'status': 'error', 'msg': 'system error hint: [jF8LNA06302361]'}
2018-07-23 17:53:50,612-mp_log-ERROR-智能科技美店操作失败,失败原因{'status': 'error', 'msg': 'system error hint: [eM0Bfa06308978]'}
2018-07-23 17:53:50,620-mp_log-ERROR-还原美操作失败,失败原因{'status': 'error', 'msg': 'system error hint: [qdTdpA06309041]'}
2018-07-23 17:53:50,620-mp_log-INFO-美美昭彦模板操作成功,模板名称7.23 正式版17:14
2018-07-23 17:53:50,624-mp_log-ERROR-英原健康操作失败,失败原因{'status': 'error', 'msg': 'system error hint: [BVBpOa06300720]'}
2018-07-23 17:53:50,630-mp_log-ERROR-DR美研博士操作失败,失败原因{'status': 'error', 'msg': 'system error hint: [wogcTa0630b451]'}
2018-07-23 17:53:50,640-mp_log-ERROR-来了美千丝美操作失败,失败原因{'status': 'error', 'msg': 'system error hint: [0zGyLA06309030]'}
2018-07-23 17:53:50,646-mp_log-ERROR-梦圆皇宫操作失败,失败原因{'status': 'error', 'msg': 'system error hint: [ihLRea06300720]'}
2018-07-23 17:53:50,682-mp_log-ERROR-承昱医疗操作失败,失败原因{'status': 'error', 'msg': 'system error hint: [RScnva06302361]'}
2018-07-23 17:53:50,688-mp_log-INFO-悠兰lyj模板操作成功,模板名称7.23 正式版17:14
2018-07-23 17:53:50,692-mp_log-ERROR-女秀才操作失败,失败原因{'status': 'error', 'msg': 'system error hint: [MdkgIa06309030]'}
2018-07-23 17:53:50,697-mp_log-ERROR-世纪之春操作失败,失败原因{'status': 'error', 'msg': 'system error hint: [azmfwa06309041]'}
2018-07-23 17:53:50,698-mp_log-ERROR-体验店操作失败,失败原因{'status': 'error', 'msg': 'system error hint: [39Leda06301513]'}
2018-07-23 17:53:50,707-mp_log-ERROR-東美人儿操作失败,失败原因{'status': 'error', 'msg': 'system error hint: [VDvLta0630b451]'}
2018-07-23 17:53:50,713-mp_log-ERROR-沧州美美达操作失败,失败原因{'status': 'error', 'msg': 'system error hint: [OBC8fA06301518]'}
2018-07-23 17:53:50,714-mp_log-INFO-广州七号驻颜模板操作成功,模板名称7.23 正式版17:14
2018-07-23 17:53:50,718-mp_log-ERROR-恩雅操作失败,失败原因{'status': 'error', 'msg': 'system error hint: [2EFEPa0630b100]'}
2018-07-23 17:53:50,718-mp_log-ERROR-雅涛世家操作失败,失败原因{'status': 'error', 'msg': 'system error hint: [JIkg30630b100]'}
2018-07-23 17:53:50,722-mp_log-ERROR-香住SPA操作失败,失败原因{'status': 'error', 'msg': 'system error hint: [GRRl.a06304526]'}
2018-07-23 17:53:50,723-mp_log-ERROR-博妍集美操作失败,失败原因{'status': 'error', 'msg': 'system error hint: [ZRYtka0630hb97]'}
2018-07-23 17:53:50,726-mp_log-ERROR-妮娜形象管理操作失败,失败原因{'status': 'error', 'msg': 'system error hint: [vMGxvA06300720]'}
2018-07-23 17:53:50,729-mp_log-ERROR-唯美童妍操作失败,失败原因{'status': 'error', 'msg': 'system error hint: [rVxJra06304529]'}
2018-07-23 17:53:50,731-mp_log-ERROR-馨境堂操作失败,失败原因{'status': 'error', 'msg': 'system error hint: [Ie71Ua06302358]'}
2018-07-23 17:53:50,737-mp_log-ERROR-呈悦医疗操作失败,失败原因{'status': 'error', 'msg': 'system error hint: [4Vakoa06304526]'}
2018-07-23 17:53:50,743-mp_log-ERROR-掌上美管家A操作失败,失败原因{'status': 'error', 'msg': 'system error hint: [iNwp2a0630b100]'}
2018-07-23 17:53:50,760-mp_log-ERROR-欧丽薇操作失败,失败原因{'status': 'error', 'msg': 'system error hint: [3qKXEA06304799]'}
2018-07-23 17:53:50,764-mp_log-ERROR-斓悦庭操作失败,失败原因{'status': 'error', 'msg': 'system error hint: [eqPqPA06302159]'}
2018-07-23 17:53:50,770-mp_log-ERROR-贝兰思操作失败,失败原因{'status': 'error', 'msg': 'system error hint: [un7Toa06304529]'}
2018-07-23 17:53:50,775-mp_log-INFO-当代经典模板操作成功,模板名称7.23 正式版17:14
2018-07-23 17:53:50,775-mp_log-ERROR-GOGOBeauty操作失败,失败原因{'status': 500, 'msg': '此管理中心未授权开放平台'}
2018-07-23 17:53:50,789-mp_log-ERROR-果蔬美容操作失败,失败原因{'status': 'error', 'msg': 'system error hint: [Ii06304521]'}
2018-07-23 17:53:50,804-mp_log-ERROR-乐聚操作失败,失败原因{'status': 'error', 'msg': 'system error hint: [MPgpwa06309041]'}
2018-07-23 17:53:50,807-mp_log-INFO-环亚美容模板操作成功,模板名称7.23 正式版17:14
2018-07-23 17:53:50,816-mp_log-INFO-恒美世纪模板操作成功,模板名称7.23 正式版17:14
2018-07-23 17:53:50,839-mp_log-INFO-绿苑女子模板操作成功,模板名称7.23 正式版17:14
2018-07-23 17:53:50,853-mp_log-INFO-栢草源模板操作成功,模板名称7.23 正式版17:14
2018-07-23 17:53:50,871-mp_log-INFO-来美吧模板操作成功,模板名称7.23 正式版17:14
2018-07-23 17:53:50,908-mp_log-INFO-虞诗蔓模板操作成功,模板名称7.23 正式版17:14
2018-07-23 17:53:50,921-mp_log-INFO-南洋beauty模板操作成功,模板名称7.23 正式版17:14
2018-07-23 17:53:50,971-mp_log-INFO-年轻我可以模板操作成功,模板名称7.23 正式版17:14
2018-07-23 17:53:50,975-mp_log-INFO-霭伦恩美模板操作成功,模板名称7.23 正式版17:14
2018-07-23 17:53:51,015-mp_log-INFO-来了美标榜店模板操作成功,模板名称7.23 正式版17:14
2018-07-23 17:53:51,029-mp_log-INFO-美人记Beauty模板操作成功,模板名称7.23 正式版17:14
2018-07-23 17:53:51,030-mp_log-INFO-灵动模板操作成功,模板名称7.23 正式版17:14
2018-07-23 17:53:51,033-mp_log-INFO-植美SPA模板操作成功,模板名称7.23 正式版17:14
2018-07-23 17:53:51,056-mp_log-INFO-弘迪美容美发模板操作成功,模板名称7.23 正式版17:14
2018-07-23 17:53:51,082-mp_log-INFO-阿芙洛蒂模板操作成功,模板名称7.23 正式版17:14
2018-07-23 17:53:51,125-mp_log-INFO-你好漂亮模板操作成功,模板名称7.23 正式版17:14
2018-07-23 17:53:51,128-mp_log-INFO-妃香伊丹模板操作成功,模板名称7.23 正式版17:14
2018-07-23 17:53:51,159-mp_log-INFO-菲常美模板操作成功,模板名称7.23 正式版17:14
2018-07-23 17:53:51,162-mp_log-INFO-窈窕淑女模板操作成功,模板名称7.23 正式版17:14
2018-07-23 17:53:51,178-mp_log-INFO-美德福模板操作成功,模板名称7.23 正式版17:14
2018-07-23 17:53:51,205-mp_log-INFO-云立方模板操作成功,模板名称7.23 正式版17:14
2018-07-23 17:53:51,221-mp_log-INFO-IVY艾菲芭模板操作成功,模板名称7.23 正式版17:14
2018-07-23 17:53:51,226-mp_log-INFO-雪依氏模板操作成功,模板名称7.23 正式版17:14
2018-07-23 17:53:51,237-mp_log-INFO-兴美源模板操作成功,模板名称7.23 正式版17:14
2018-07-23 17:53:51,298-mp_log-INFO-欧妮薇模板操作成功,模板名称7.23 正式版17:14
2018-07-23 17:53:51,345-mp_log-INFO-纤指百媚模板操作成功,模板名称7.23 正式版17:14
2018-07-23 17:53:51,419-mp_log-INFO-月瘦月美模板操作成功,模板名称7.23 正式版17:14
2018-07-23 17:53:51,429-mp_log-INFO-琉璃水城模板操作成功,模板名称7.23 正式版17:14
2018-07-23 17:53:51,443-mp_log-INFO-来了美模板操作成功,模板名称7.23 正式版17:14
2018-07-23 17:53:51,945-mp_log-INFO-菲梵经典模板操作成功,模板名称7.23 正式版17:14
2018-07-23 17:53:52,017-mp_log-INFO-芊思雅莎莎模板操作成功,模板名称7.23 正式版17:14
2018-07-23 17:53:52,190-mp_log-INFO-佐登妮丝模板操作成功,模板名称7.23 正式版17:14
2018-07-23 17:53:52,200-mp_log-INFO-Oni速美花园模板操作成功,模板名称7.23 正式版17:14
2018-07-23 17:53:52,269-mp_log-INFO-都市点点模板操作成功,模板名称7.23 正式版17:14
2018-07-23 17:53:52,285-mp_log-INFO-诗美逸模板操作成功,模板名称7.23 正式版17:14
2018-07-23 17:53:52,372-mp_log-INFO-颐和美容模板操作成功,模板名称7.23 正式版17:14
2018-07-23 17:53:52,606-mp_log-INFO-艾妍整形模板操作成功,模板名称7.23 正式版17:14
2018-07-23 17:53:52,909-mp_log-INFO-美美昭妍模板操作成功,模板名称7.23 正式版17:14
2018-07-23 17:53:53,170-mp_log-INFO-来了美佳澜店模板操作成功,模板名称7.23 正式版17:14
2018-07-23 17:53:53,245-mp_log-INFO-曼奇莎模板操作成功,模板名称7.23 正式版17:14
2018-07-23 17:53:53,350-mp_log-INFO-润妃国际模板操作成功,模板名称7.23 正式版17:14
2018-07-23 17:53:53,424-mp_log-INFO-当今悦美模板操作成功,模板名称7.23 正式版17:14
2018-07-23 17:53:53,555-mp_log-INFO-爱女士模板操作成功,模板名称7.23 正式版17:14
2018-07-23 17:53:53,742-mp_log-INFO-娇阑美颜模板操作成功,模板名称7.23 正式版17:14
2018-07-23 17:53:53,858-mp_log-INFO-巴黎情缘模板操作成功,模板名称7.23 正式版17:14
2018-07-23 17:53:53,925-mp_log-INFO-诗露丽涵模板操作成功,模板名称7.23 正式版17:14
2018-07-23 17:53:53,971-mp_log-INFO-东方仕典模板操作成功,模板名称7.23 正式版17:14
2018-07-23 17:53:54,238-mp_log-INFO-梅兰丽人模板操作成功,模板名称7.23 正式版17:14
