2018-07-23 17:19:26,165-mp_log-INFO-token获取成功......
2018-07-23 17:19:29,793-mp_log-INFO-获取所有小程序信息成功......
2018-07-23 17:19:31,475-mp_log-INFO-获取最新模板信息成功.......
2018-07-23 17:19:33,231-mp_log-INFO-审核失败
2018-07-23 17:19:57,191-mp_log-INFO-token获取成功......
2018-07-23 17:20:03,304-mp_log-INFO-获取所有小程序信息成功......
2018-07-23 17:20:06,750-mp_log-INFO-获取最新模板信息成功.......
2018-07-23 17:20:09,811-mp_log-INFO-已审核
2018-07-23 17:20:09,830-mp_log-INFO-已审核
2018-07-23 17:20:09,830-mp_log-INFO-审核失败
2018-07-23 17:20:09,840-mp_log-INFO-审核失败
2018-07-23 17:20:09,851-mp_log-INFO-已审核
2018-07-23 17:20:09,863-mp_log-INFO-已审核
2018-07-23 17:20:09,873-mp_log-INFO-已审核
2018-07-23 17:20:09,877-mp_log-INFO-已审核
2018-07-23 17:20:09,877-mp_log-INFO-审核失败
2018-07-23 17:20:09,879-mp_log-INFO-已审核
2018-07-23 17:20:09,880-mp_log-INFO-已审核
2018-07-23 17:20:09,887-mp_log-INFO-审核失败
2018-07-23 17:20:09,905-mp_log-INFO-审核失败
2018-07-23 17:20:09,910-mp_log-INFO-审核失败
2018-07-23 17:20:09,921-mp_log-INFO-已审核
2018-07-23 17:20:09,928-mp_log-INFO-审核失败
2018-07-23 17:20:09,933-mp_log-INFO-已审核
2018-07-23 17:20:09,934-mp_log-INFO-已审核
2018-07-23 17:20:09,937-mp_log-INFO-审核失败
2018-07-23 17:20:09,943-mp_log-INFO-审核中
2018-07-23 17:20:09,949-mp_log-INFO-已审核
2018-07-23 17:20:09,952-mp_log-INFO-已审核
2018-07-23 17:20:09,954-mp_log-INFO-已审核
2018-07-23 17:20:09,959-mp_log-INFO-审核失败
2018-07-23 17:20:09,963-mp_log-INFO-审核失败
2018-07-23 17:20:09,963-mp_log-INFO-审核失败
2018-07-23 17:20:09,964-mp_log-INFO-已审核
2018-07-23 17:20:09,969-mp_log-INFO-审核失败
2018-07-23 17:20:09,972-mp_log-INFO-已审核
2018-07-23 17:20:09,972-mp_log-INFO-已审核
2018-07-23 17:20:09,983-mp_log-INFO-已审核
2018-07-23 17:20:09,986-mp_log-INFO-已审核
2018-07-23 17:20:10,000-mp_log-INFO-已审核
2018-07-23 17:20:10,006-mp_log-INFO-审核失败
2018-07-23 17:20:10,011-mp_log-INFO-已审核
2018-07-23 17:20:10,014-mp_log-INFO-审核失败
2018-07-23 17:20:10,016-mp_log-INFO-审核失败
2018-07-23 17:20:10,016-mp_log-INFO-已审核
2018-07-23 17:20:10,017-mp_log-INFO-已审核
2018-07-23 17:20:10,018-mp_log-INFO-已审核
2018-07-23 17:20:10,018-mp_log-INFO-已审核
2018-07-23 17:20:10,019-mp_log-INFO-审核失败
2018-07-23 17:20:10,039-mp_log-INFO-已审核
2018-07-23 17:20:10,041-mp_log-INFO-审核失败
2018-07-23 17:20:10,053-mp_log-INFO-已审核
2018-07-23 17:20:10,056-mp_log-INFO-审核失败
2018-07-23 17:20:10,067-mp_log-INFO-已审核
2018-07-23 17:20:10,070-mp_log-INFO-审核失败
2018-07-23 17:20:10,073-mp_log-INFO-已审核
2018-07-23 17:20:10,098-mp_log-INFO-审核失败
2018-07-23 17:20:10,103-mp_log-INFO-审核失败
2018-07-23 17:20:10,109-mp_log-INFO-已审核
2018-07-23 17:20:10,126-mp_log-INFO-已审核
2018-07-23 17:20:10,138-mp_log-INFO-审核失败
2018-07-23 17:20:10,214-mp_log-INFO-已审核
2018-07-23 17:20:10,241-mp_log-INFO-审核失败
2018-07-23 17:20:10,245-mp_log-INFO-审核失败
2018-07-23 17:20:10,262-mp_log-INFO-已审核
2018-07-23 17:20:10,273-mp_log-INFO-已审核
2018-07-23 17:20:10,274-mp_log-INFO-已审核
2018-07-23 17:20:10,280-mp_log-INFO-审核失败
2018-07-23 17:20:10,282-mp_log-INFO-审核失败
2018-07-23 17:20:10,297-mp_log-INFO-已审核
2018-07-23 17:20:10,300-mp_log-INFO-已审核
2018-07-23 17:20:10,315-mp_log-INFO-审核失败
2018-07-23 17:20:10,318-mp_log-INFO-已审核
2018-07-23 17:20:10,322-mp_log-INFO-已审核
2018-07-23 17:20:10,345-mp_log-INFO-审核失败
2018-07-23 17:20:10,348-mp_log-INFO-已审核
2018-07-23 17:20:10,367-mp_log-INFO-审核失败
2018-07-23 17:20:10,378-mp_log-INFO-已审核
2018-07-23 17:20:10,381-mp_log-INFO-审核失败
2018-07-23 17:20:10,396-mp_log-INFO-已审核
2018-07-23 17:20:10,396-mp_log-INFO-审核失败
2018-07-23 17:20:10,410-mp_log-INFO-审核失败
2018-07-23 17:20:10,411-mp_log-INFO-已审核
2018-07-23 17:20:10,413-mp_log-INFO-已审核
2018-07-23 17:20:10,414-mp_log-INFO-审核中
2018-07-23 17:20:10,428-mp_log-INFO-已审核
2018-07-23 17:20:10,435-mp_log-INFO-审核失败
2018-07-23 17:20:10,463-mp_log-INFO-审核失败
2018-07-23 17:20:10,480-mp_log-INFO-已审核
2018-07-23 17:20:10,534-mp_log-INFO-审核失败
2018-07-23 17:20:11,024-mp_log-INFO-审核失败
2018-07-23 17:20:11,064-mp_log-INFO-审核失败
2018-07-23 17:20:11,135-mp_log-INFO-已审核
2018-07-23 17:20:11,162-mp_log-INFO-已审核
2018-07-23 17:20:11,191-mp_log-INFO-审核失败
2018-07-23 17:20:11,193-mp_log-INFO-审核失败
2018-07-23 17:20:11,416-mp_log-INFO-已审核
2018-07-23 17:20:11,440-mp_log-INFO-已审核
2018-07-23 17:20:11,573-mp_log-INFO-审核失败
2018-07-23 17:20:11,595-mp_log-INFO-已审核
2018-07-23 17:20:11,614-mp_log-INFO-审核失败
2018-07-23 17:20:11,742-mp_log-INFO-已审核
2018-07-23 17:20:11,785-mp_log-INFO-审核失败
2018-07-23 17:20:12,117-mp_log-INFO-已审核
2018-07-23 17:20:12,150-mp_log-INFO-已审核
2018-07-23 17:20:12,609-mp_log-INFO-已审核
2018-07-23 17:20:12,633-mp_log-INFO-审核失败
2018-07-23 17:20:12,636-mp_log-INFO-已审核
2018-07-23 17:20:12,644-mp_log-INFO-审核中
2018-07-23 17:20:12,661-mp_log-INFO-已审核
2018-07-23 17:20:12,671-mp_log-INFO-已审核
2018-07-23 17:20:16,527-mp_log-INFO-审核失败
