2018-07-23 18:16:31,144-mp_log-INFO-token获取成功......
2018-07-23 18:16:35,908-mp_log-INFO-获取所有小程序信息成功......
2018-07-23 18:16:38,153-mp_log-INFO-获取最新模板信息成功.......
2018-07-23 18:16:40,624-mp_log-ERROR-GOGOBeauty操作失败,失败原因{'status': 500, 'msg': '此管理中心未授权开放平台'}
2018-07-23 18:16:40,638-mp_log-ERROR-sdfdsfdsf操作失败,失败原因{'status': 500, 'msg': '此管理中心未授权开放平台'}
2018-07-23 18:16:41,007-mp_log-ERROR-光速美操作失败,失败原因{'status': 500, 'msg': '此管理中心未授权开放平台'}
2018-07-23 18:16:41,669-mp_log-ERROR-娇阑美颜操作失败,失败原因{'status': 'error', 'msg': 'system error hint: [ibWVAA00018978]'}
2018-07-23 18:16:41,671-mp_log-ERROR-阿芙洛蒂操作失败,失败原因{'status': 'error', 'msg': 'system error hint: [RlO.xa00019030]'}
2018-07-23 18:16:41,680-mp_log-ERROR-美美昭妍操作失败,失败原因{'status': 'error', 'msg': 'system error hint: [Eu0SLA00019041]'}
2018-07-23 18:16:41,686-mp_log-ERROR-栢草源操作失败,失败原因{'status': 'error', 'msg': 'system error hint: [ftJ4Ya00011513]'}
2018-07-23 18:16:41,686-mp_log-ERROR-梅兰丽人操作失败,失败原因{'status': 'error', 'msg': 'system error hint: [o7bb00014799]'}
2018-07-23 18:16:41,690-mp_log-ERROR-美德福操作失败,失败原因{'status': 'error', 'msg': 'system error hint: [.xQReA00014529]'}
2018-07-23 18:16:41,705-mp_log-ERROR-魅力华健操作失败,失败原因{'status': 'error', 'msg': 'system error hint: [V00011518]'}
2018-07-23 18:16:41,715-mp_log-ERROR-如生堂操作失败,失败原因{'status': 'error', 'msg': 'system error hint: [UWJaxa00014526]'}
2018-07-23 18:16:41,723-mp_log-ERROR-琉璃水城操作失败,失败原因{'status': 'error', 'msg': 'system error hint: [mPl1Ca0001b451]'}
2018-07-23 18:16:41,732-mp_log-ERROR-妃香伊丹操作失败,失败原因{'status': 'error', 'msg': 'system error hint: [UMdlYa00011518]'}
2018-07-23 18:16:41,745-mp_log-ERROR-二院美丽之约操作失败,失败原因{'status': 'error', 'msg': 'system error hint: [3BMQmA00018978]'}
2018-07-23 18:16:41,748-mp_log-ERROR-巴黎情缘操作失败,失败原因{'status': 'error', 'msg': 'system error hint: [YaUQXa00019041]'}
2018-07-23 18:16:41,755-mp_log-ERROR-来了美标榜店操作失败,失败原因{'status': 'error', 'msg': 'system error hint: [AFN580001hb97]'}
2018-07-23 18:16:41,760-mp_log-ERROR-杭州桐雅操作失败,失败原因{'status': 'error', 'msg': 'system error hint: [Be.CMA00014529]'}
2018-07-23 18:16:41,762-mp_log-ERROR-窈窕淑女操作失败,失败原因{'status': 'error', 'msg': 'system error hint: [00014799]'}
2018-07-23 18:16:41,774-mp_log-ERROR-南洋beauty操作失败,失败原因{'status': 'error', 'msg': 'system error hint: [e_bmbA0001hb97]'}
2018-07-23 18:16:41,788-mp_log-ERROR-纤指百媚操作失败,失败原因{'status': 'error', 'msg': 'system error hint: [DLojNa0001hb97]'}
2018-07-23 18:16:41,803-mp_log-ERROR-ME智慧美店操作失败,失败原因{'status': 'error', 'msg': 'system error hint: [quaC300014529]'}
2018-07-23 18:16:41,804-mp_log-ERROR-弘迪美容美发操作失败,失败原因{'status': 'error', 'msg': 'system error hint: [fyWh0a00010720]'}
2018-07-23 18:16:41,808-mp_log-ERROR-来了美操作失败,失败原因{'status': 'error', 'msg': 'system error hint: [lFDJHa00018962]'}
2018-07-23 18:16:41,812-mp_log-ERROR-爱女士操作失败,失败原因{'status': 'error', 'msg': 'system error hint: [7XLL2a00018978]'}
2018-07-23 18:16:41,819-mp_log-ERROR-黄氏百佳操作失败,失败原因{'status': 'error', 'msg': 'system error hint: [2go.fA00014526]'}
2018-07-23 18:16:41,831-mp_log-ERROR-云立方操作失败,失败原因{'status': 'error', 'msg': 'system error hint: [O1vpUA00012361]'}
2018-07-23 18:16:41,844-mp_log-ERROR-GOGOBeauty操作失败,失败原因{'status': 'error', 'msg': 'system error hint: [QV7qna00011513]'}
2018-07-23 18:16:41,847-mp_log-ERROR-芯语芳心操作失败,失败原因{'status': 'error', 'msg': 'system error hint: [vAe_oa00019030]'}
2018-07-23 18:16:41,849-mp_log-ERROR-妍雅媛操作失败,失败原因{'status': 'error', 'msg': 'system error hint: [CXUp3a00011518]'}
2018-07-23 18:16:41,877-mp_log-ERROR-IVY艾菲芭操作失败,失败原因{'status': 'error', 'msg': 'system error hint: [XXRC90001hb97]'}
2018-07-23 18:16:41,883-mp_log-ERROR-香密雅CIMIA操作失败,失败原因{'status': 'error', 'msg': 'system error hint: [9ZTl2a00014529]'}
2018-07-23 18:16:41,884-mp_log-ERROR-来了美韩尚恩操作失败,失败原因{'status': 'error', 'msg': 'system error hint: [e5MDcA00019041]'}
2018-07-23 18:16:41,887-mp_log-ERROR-香住SPA操作失败,失败原因{'status': 'error', 'msg': 'system error hint: [SN.cIA00011518]'}
2018-07-23 18:16:41,888-mp_log-ERROR-年轻我可以操作失败,失败原因{'status': 'error', 'msg': 'system error hint: [Vyb3EA00011513]'}
2018-07-23 18:16:41,898-mp_log-ERROR-缘临医疗美容操作失败,失败原因{'status': 'error', 'msg': 'system error hint: [BQiVCa00014799]'}
2018-07-23 18:16:41,900-mp_log-ERROR-你好漂亮操作失败,失败原因{'status': 'error', 'msg': 'system error hint: [8TgPYa00019030]'}
2018-07-23 18:16:41,901-mp_log-ERROR-美之颜操作失败,失败原因{'status': 'error', 'msg': 'system error hint: [ADck5a00018978]'}
2018-07-23 18:16:41,909-mp_log-ERROR-金柏丽操作失败,失败原因{'status': 'error', 'msg': 'system error hint: [4BEMea00014529]'}
2018-07-23 18:16:41,913-mp_log-ERROR-美姿来就美操作失败,失败原因{'status': 'error', 'msg': 'system error hint: [dRhniA0001hb97]'}
2018-07-23 18:16:41,916-mp_log-ERROR-美丽九九操作失败,失败原因{'status': 'error', 'msg': 'system error hint: [RDJBoA00014526]'}
2018-07-23 18:16:41,920-mp_log-ERROR-艾面一族 操作失败,失败原因{'status': 'error', 'msg': 'system error hint: [BxvtsA0001hb97]'}
2018-07-23 18:16:41,924-mp_log-ERROR-英原健康操作失败,失败原因{'status': 'error', 'msg': 'system error hint: [9tIe0a00010720]'}
2018-07-23 18:16:41,927-mp_log-ERROR-恩雅操作失败,失败原因{'status': 'error', 'msg': 'system error hint: [jmNy700014522]'}
2018-07-23 18:16:41,928-mp_log-ERROR-来了美雲会所操作失败,失败原因{'status': 'error', 'msg': 'system error hint: [jhJH8a00019041]'}
2018-07-23 18:16:41,930-mp_log-ERROR-植美SPA操作失败,失败原因{'status': 'error', 'msg': 'system error hint: [cigKAA00019030]'}
2018-07-23 18:16:41,937-mp_log-ERROR-欧妮薇操作失败,失败原因{'status': 'error', 'msg': 'system error hint: [HKisBa00014526]'}
2018-07-23 18:16:41,941-mp_log-ERROR-女秀才操作失败,失败原因{'status': 'error', 'msg': 'system error hint: [RSe00010720]'}
2018-07-23 18:16:41,945-mp_log-ERROR-梦圆皇宫操作失败,失败原因{'status': 'error', 'msg': 'system error hint: [tLmAia0001hb97]'}
2018-07-23 18:16:41,955-mp_log-ERROR-金贵人Beauty操作失败,失败原因{'status': 'error', 'msg': 'system error hint: [YFifWA00019041]'}
2018-07-23 18:16:41,957-mp_log-ERROR-红妆倾城操作失败,失败原因{'status': 'error', 'msg': 'system error hint: [00019041]'}
2018-07-23 18:16:41,970-mp_log-ERROR-智能科技美店操作失败,失败原因{'status': 'error', 'msg': 'system error hint: [VNSNRA0001b451]'}
2018-07-23 18:16:41,974-mp_log-ERROR-长江九号操作失败,失败原因{'status': 'error', 'msg': 'system error hint: [EUvb00014526]'}
2018-07-23 18:16:42,020-mp_log-ERROR-欧丽薇操作失败,失败原因{'status': 'error', 'msg': 'system error hint: [JfATbA00011518]'}
2018-07-23 18:16:42,025-mp_log-INFO-美美昭彦模板操作成功,模板名称7.23 正式版17:14
2018-07-23 18:16:42,039-mp_log-ERROR-東美人儿操作失败,失败原因{'status': 'error', 'msg': 'system error hint: [ZA04ga00014522]'}
2018-07-23 18:16:42,046-mp_log-ERROR-DR美研博士操作失败,失败原因{'status': 'error', 'msg': 'system error hint: [QH_G700012159]'}
2018-07-23 18:16:42,051-mp_log-ERROR-斓悦庭操作失败,失败原因{'status': 'error', 'msg': 'system error hint: [JYiZRA00014526]'}
2018-07-23 18:16:42,057-mp_log-ERROR-承昱医疗操作失败,失败原因{'status': 'error', 'msg': 'system error hint: [CMHtOa0001b451]'}
2018-07-23 18:16:42,063-mp_log-ERROR-妮娜形象管理操作失败,失败原因{'status': 'error', 'msg': 'system error hint: [pqodmA00012159]'}
2018-07-23 18:16:42,066-mp_log-INFO-贝娅塔模板操作成功,模板名称7.23 正式版17:14
2018-07-23 18:16:42,074-mp_log-ERROR-世纪之春操作失败,失败原因{'status': 'error', 'msg': 'system error hint: [hbSOXa00019041]'}
2018-07-23 18:16:42,076-mp_log-ERROR-来了美千丝美操作失败,失败原因{'status': 'error', 'msg': 'system error hint: [WVJ36a00014529]'}
2018-07-23 18:16:42,078-mp_log-ERROR-贝兰思操作失败,失败原因{'status': 'error', 'msg': 'system error hint: [Ga2dka00018978]'}
2018-07-23 18:16:42,088-mp_log-INFO-曼奇莎模板操作成功,模板名称7.23 正式版17:14
2018-07-23 18:16:42,092-mp_log-ERROR-沧州美美达操作失败,失败原因{'status': 'error', 'msg': 'system error hint: [KkqVUa00014799]'}
2018-07-23 18:16:42,092-mp_log-ERROR-馨境堂操作失败,失败原因{'status': 'error', 'msg': 'system error hint: [UF90900014521]'}
2018-07-23 18:16:42,118-mp_log-ERROR-博妍集美操作失败,失败原因{'status': 'error', 'msg': 'system error hint: [ugi5pA00014529]'}
2018-07-23 18:16:42,122-mp_log-ERROR-果蔬美容操作失败,失败原因{'status': 'error', 'msg': 'system error hint: [vp1yca0001hb97]'}
2018-07-23 18:16:42,134-mp_log-INFO-环亚美容模板操作成功,模板名称7.23 正式版17:14
2018-07-23 18:16:42,140-mp_log-INFO-广州七号驻颜模板操作成功,模板名称7.23 正式版17:14
2018-07-23 18:16:42,162-mp_log-INFO-来了美佳澜店模板操作成功,模板名称7.23 正式版17:14
2018-07-23 18:16:42,204-mp_log-ERROR-还原美操作失败,失败原因{'status': 'error', 'msg': 'system error hint: [fcx1na00012159]'}
2018-07-23 18:16:42,240-mp_log-INFO-悠兰lyj模板操作成功,模板名称7.23 正式版17:14
2018-07-23 18:16:42,246-mp_log-INFO-绿苑女子模板操作成功,模板名称7.23 正式版17:14
2018-07-23 18:16:42,252-mp_log-INFO-颐和美容模板操作成功,模板名称7.23 正式版17:14
2018-07-23 18:16:42,256-mp_log-INFO-霭伦恩美模板操作成功,模板名称7.23 正式版17:14
2018-07-23 18:16:42,258-mp_log-INFO-诗露丽涵模板操作成功,模板名称7.23 正式版17:14
2018-07-23 18:16:42,273-mp_log-INFO-艾妍整形模板操作成功,模板名称7.23 正式版17:14
2018-07-23 18:16:42,274-mp_log-INFO-Oni速美花园模板操作成功,模板名称7.23 正式版17:14
2018-07-23 18:16:42,276-mp_log-INFO-美人记Beauty模板操作成功,模板名称7.23 正式版17:14
2018-07-23 18:16:42,303-mp_log-INFO-杭州东方整形模板操作成功,模板名称7.23 正式版17:14
2018-07-23 18:16:42,310-mp_log-INFO-灵动模板操作成功,模板名称7.23 正式版17:14
2018-07-23 18:16:42,311-mp_log-INFO-芊思雅莎莎模板操作成功,模板名称7.23 正式版17:14
2018-07-23 18:16:42,326-mp_log-INFO-诗美逸模板操作成功,模板名称7.23 正式版17:14
2018-07-23 18:16:42,329-mp_log-INFO-菲梵经典模板操作成功,模板名称7.23 正式版17:14
2018-07-23 18:16:42,364-mp_log-INFO-来就健康模板操作成功,模板名称7.23 正式版17:14
2018-07-23 18:16:42,423-mp_log-INFO-当代经典模板操作成功,模板名称7.23 正式版17:14
2018-07-23 18:16:42,433-mp_log-INFO-恒美世纪模板操作成功,模板名称7.23 正式版17:14
2018-07-23 18:16:42,449-mp_log-INFO-虞诗蔓模板操作成功,模板名称7.23 正式版17:14
2018-07-23 18:16:42,557-mp_log-INFO-美共享模板操作成功,模板名称7.23 正式版17:14
2018-07-23 18:16:42,567-mp_log-INFO-雪依氏模板操作成功,模板名称7.23 正式版17:14
2018-07-23 18:16:42,616-mp_log-INFO-兴美源模板操作成功,模板名称7.23 正式版17:14
2018-07-23 18:16:42,636-mp_log-INFO-东方仕典模板操作成功,模板名称7.23 正式版17:14
2018-07-23 18:16:42,638-mp_log-INFO-润妃国际模板操作成功,模板名称7.23 正式版17:14
2018-07-23 18:16:42,644-mp_log-INFO-都市点点模板操作成功,模板名称7.23 正式版17:14
2018-07-23 18:16:42,690-mp_log-INFO-月瘦月美模板操作成功,模板名称7.23 正式版17:14
2018-07-23 18:16:43,408-mp_log-INFO-来美吧模板操作成功,模板名称7.23 正式版17:14
2018-07-23 18:16:43,454-mp_log-INFO-佐登妮丝模板操作成功,模板名称7.23 正式版17:14
2018-07-23 18:16:43,564-mp_log-INFO-当今悦美模板操作成功,模板名称7.23 正式版17:14
2018-07-23 18:16:43,740-mp_log-INFO-创美雅香莱模板操作成功,模板名称7.23 正式版17:14
2018-07-23 18:16:43,747-mp_log-INFO-体验店模板操作成功,模板名称7.23 正式版17:14
2018-07-23 18:16:43,951-mp_log-INFO-曼姿模板操作成功,模板名称7.23 正式版17:14
2018-07-23 18:16:44,059-mp_log-INFO-菲常美模板操作成功,模板名称7.23 正式版17:14
2018-07-23 18:16:44,143-mp_log-INFO-雅涛世家模板操作成功,模板名称7.23 正式版17:14
2018-07-23 18:16:44,246-mp_log-INFO-呈悦医疗模板操作成功,模板名称7.23 正式版17:14
2018-07-23 18:16:44,285-mp_log-INFO-唯美童妍模板操作成功,模板名称7.23 正式版17:14
2018-07-23 18:16:44,406-mp_log-INFO-乐聚模板操作成功,模板名称7.23 正式版17:14
2018-07-23 18:16:44,491-mp_log-INFO-掌上美管家A模板操作成功,模板名称7.23 正式版17:14
