2018-07-24 10:14:34,890-mp_log-INFO-token获取成功......
2018-07-24 10:14:37,518-mp_log-INFO-获取所有小程序信息成功......
2018-07-24 10:14:37,971-mp_log-INFO-获取最新模板信息成功.......
2018-07-24 10:14:39,707-mp_log-INFO-审核失败
2018-07-24 10:14:41,642-mp_log-INFO-审核失败
2018-07-24 10:14:43,737-mp_log-INFO-审核失败
2018-07-24 10:14:44,613-mp_log-INFO-审核失败
2018-07-24 10:14:45,719-mp_log-INFO-审核失败
2018-07-24 10:14:46,661-mp_log-INFO-审核失败
2018-07-24 10:14:47,810-mp_log-INFO-审核失败
2018-07-24 10:14:48,740-mp_log-INFO-已审核
2018-07-24 10:14:49,722-mp_log-INFO-审核失败
2018-07-24 10:14:50,774-mp_log-INFO-审核中
2018-07-24 10:14:51,688-mp_log-INFO-审核失败
2018-07-24 10:14:52,696-mp_log-INFO-审核失败
2018-07-24 10:14:53,665-mp_log-INFO-已审核
2018-07-24 10:14:54,671-mp_log-INFO-已审核
2018-07-24 10:14:55,849-mp_log-INFO-已审核
2018-07-24 10:14:56,701-mp_log-INFO-已审核
2018-07-24 10:14:57,712-mp_log-INFO-已审核
2018-07-24 10:14:58,709-mp_log-INFO-已审核
2018-07-24 10:14:59,746-mp_log-INFO-已审核
2018-07-24 10:15:01,069-mp_log-INFO-已审核
2018-07-24 10:15:01,806-mp_log-INFO-已审核
2018-07-24 10:15:02,869-mp_log-INFO-审核失败
2018-07-24 10:15:03,706-mp_log-INFO-审核失败
2018-07-24 10:15:04,763-mp_log-INFO-已审核
2018-07-24 10:15:05,637-mp_log-INFO-已审核
2018-07-24 10:15:06,779-mp_log-INFO-已审核
2018-07-24 10:15:07,745-mp_log-INFO-审核失败
2018-07-24 10:15:08,801-mp_log-INFO-审核失败
2018-07-24 10:15:09,787-mp_log-INFO-审核失败
2018-07-24 10:15:10,745-mp_log-INFO-审核失败
2018-07-24 10:15:11,727-mp_log-INFO-已审核
2018-07-24 10:15:12,986-mp_log-INFO-审核失败
2018-07-24 10:15:13,734-mp_log-INFO-审核失败
2018-07-24 10:15:14,738-mp_log-INFO-审核失败
2018-07-24 10:15:15,685-mp_log-INFO-审核失败
2018-07-24 10:15:16,695-mp_log-INFO-已审核
2018-07-24 10:15:17,719-mp_log-INFO-已审核
2018-07-24 10:15:19,216-mp_log-INFO-审核中
2018-07-24 10:15:19,804-mp_log-INFO-审核失败
2018-07-24 10:15:20,798-mp_log-INFO-已审核
2018-07-24 10:15:21,689-mp_log-INFO-审核失败
2018-07-24 10:15:22,730-mp_log-INFO-审核失败
2018-07-24 10:15:23,721-mp_log-INFO-已审核
2018-07-24 10:15:24,753-mp_log-INFO-已审核
2018-07-24 10:15:25,728-mp_log-INFO-已审核
2018-07-24 10:15:26,743-mp_log-INFO-已审核
2018-07-24 10:15:27,766-mp_log-INFO-已审核
2018-07-24 10:15:28,758-mp_log-INFO-审核失败
2018-07-24 10:15:30,013-mp_log-INFO-审核失败
2018-07-24 10:15:30,741-mp_log-INFO-已审核
2018-07-24 10:15:31,755-mp_log-INFO-审核失败
2018-07-24 10:15:33,754-mp_log-INFO-已审核
2018-07-24 10:15:34,809-mp_log-INFO-已审核
2018-07-24 10:15:35,801-mp_log-INFO-审核失败
2018-07-24 10:15:36,727-mp_log-INFO-审核失败
2018-07-24 10:15:37,729-mp_log-INFO-已审核
2018-07-24 10:15:38,726-mp_log-INFO-审核失败
2018-07-24 10:15:39,812-mp_log-INFO-已审核
2018-07-24 10:15:40,910-mp_log-INFO-已审核
2018-07-24 10:15:41,765-mp_log-INFO-审核失败
2018-07-24 10:15:42,703-mp_log-INFO-审核失败
2018-07-24 10:15:43,648-mp_log-INFO-已审核
2018-07-24 10:15:44,753-mp_log-INFO-审核失败
2018-07-24 10:15:45,734-mp_log-INFO-已审核
2018-07-24 10:15:46,742-mp_log-INFO-已审核
2018-07-24 10:15:47,698-mp_log-INFO-已审核
2018-07-24 10:15:48,795-mp_log-INFO-审核中
2018-07-24 10:15:49,702-mp_log-INFO-审核中
2018-07-24 10:15:50,771-mp_log-INFO-审核中
2018-07-24 10:15:51,721-mp_log-INFO-审核失败
2018-07-24 10:15:52,696-mp_log-INFO-已审核
2018-07-24 10:15:53,694-mp_log-INFO-已审核
2018-07-24 10:15:54,656-mp_log-INFO-已审核
2018-07-24 10:15:55,678-mp_log-INFO-审核失败
2018-07-24 10:15:56,704-mp_log-INFO-已审核
2018-07-24 10:15:57,699-mp_log-INFO-已审核
2018-07-24 10:15:58,745-mp_log-INFO-审核中
2018-07-24 10:15:59,799-mp_log-INFO-审核失败
2018-07-24 10:16:00,734-mp_log-INFO-审核中
2018-07-24 10:16:01,647-mp_log-INFO-审核失败
2018-07-24 10:16:02,765-mp_log-INFO-审核中
2018-07-24 10:16:03,744-mp_log-INFO-审核中
2018-07-24 10:16:04,755-mp_log-INFO-已审核
2018-07-24 10:16:05,741-mp_log-INFO-审核失败
2018-07-24 10:16:06,745-mp_log-INFO-已审核
2018-07-24 10:16:08,305-mp_log-INFO-审核失败
2018-07-24 10:16:08,910-mp_log-INFO-审核失败
2018-07-24 10:16:09,763-mp_log-INFO-审核中
2018-07-24 10:16:10,876-mp_log-INFO-已审核
2018-07-24 10:16:11,822-mp_log-INFO-审核失败
2018-07-24 10:16:12,924-mp_log-INFO-审核失败
2018-07-24 10:16:14,109-mp_log-INFO-审核中
2018-07-24 10:16:14,791-mp_log-INFO-已审核
2018-07-24 10:16:15,783-mp_log-INFO-已审核
2018-07-24 10:16:16,751-mp_log-INFO-审核失败
2018-07-24 10:16:17,830-mp_log-INFO-已审核
2018-07-24 10:16:18,773-mp_log-INFO-已审核
2018-07-24 10:16:19,765-mp_log-INFO-已审核
2018-07-24 10:16:20,934-mp_log-INFO-审核失败
2018-07-24 10:16:21,726-mp_log-INFO-已审核
2018-07-24 10:16:22,869-mp_log-INFO-已审核
2018-07-24 10:16:23,795-mp_log-INFO-审核失败
2018-07-24 10:16:24,900-mp_log-INFO-审核失败
2018-07-24 10:16:25,786-mp_log-INFO-已审核
2018-07-24 10:16:27,076-mp_log-INFO-已审核
