2018-07-24 10:31:14,068-mp_log-INFO-token获取成功......
2018-07-24 10:31:16,941-mp_log-INFO-获取所有小程序信息成功......
2018-07-24 10:31:17,471-mp_log-INFO-获取最新模板信息成功.......
2018-07-24 10:31:19,477-mp_log-INFO-审核失败
2018-07-24 10:31:21,288-mp_log-INFO-审核失败
2018-07-24 10:31:23,275-mp_log-INFO-审核失败
2018-07-24 10:31:24,974-mp_log-INFO-审核失败
2018-07-24 10:31:25,485-mp_log-INFO-审核失败
2018-07-24 10:31:26,604-mp_log-INFO-审核失败
2018-07-24 10:31:27,406-mp_log-INFO-审核失败
2018-07-24 10:31:28,748-mp_log-INFO-已审核
2018-07-24 10:31:29,291-mp_log-INFO-审核失败
2018-07-24 10:31:30,348-mp_log-INFO-审核中
2018-07-24 10:31:31,424-mp_log-INFO-审核失败
2018-07-24 10:31:32,264-mp_log-INFO-审核失败
2018-07-24 10:31:33,883-mp_log-INFO-已审核
2018-07-24 10:31:34,418-mp_log-INFO-已审核
2018-07-24 10:31:35,415-mp_log-INFO-已审核
2018-07-24 10:31:36,328-mp_log-INFO-已审核
2018-07-24 10:31:37,665-mp_log-INFO-已审核
2018-07-24 10:31:38,391-mp_log-INFO-已审核
2018-07-24 10:31:39,321-mp_log-INFO-已审核
2018-07-24 10:31:40,290-mp_log-INFO-已审核
2018-07-24 10:31:41,413-mp_log-INFO-已审核
2018-07-24 10:31:42,499-mp_log-INFO-审核失败
2018-07-24 10:31:43,457-mp_log-INFO-审核失败
2018-07-24 10:31:44,653-mp_log-INFO-已审核
2018-07-24 10:31:45,442-mp_log-INFO-已审核
2018-07-24 10:31:46,308-mp_log-INFO-已审核
2018-07-24 10:31:47,690-mp_log-INFO-审核失败
2018-07-24 10:31:48,445-mp_log-INFO-审核失败
2018-07-24 10:31:49,301-mp_log-INFO-审核失败
2018-07-24 10:31:50,459-mp_log-INFO-审核失败
2018-07-24 10:31:51,511-mp_log-INFO-已审核
2018-07-24 10:31:52,851-mp_log-INFO-审核失败
2018-07-24 10:31:53,551-mp_log-INFO-审核失败
2018-07-24 10:31:54,397-mp_log-INFO-审核失败
2018-07-24 10:31:55,263-mp_log-INFO-审核失败
2018-07-24 10:31:56,530-mp_log-INFO-已审核
2018-07-24 10:31:57,388-mp_log-INFO-已审核
2018-07-24 10:31:58,320-mp_log-INFO-审核中
2018-07-24 10:31:59,278-mp_log-INFO-审核失败
2018-07-24 10:32:00,557-mp_log-INFO-已审核
2018-07-24 10:32:01,563-mp_log-INFO-审核失败
2018-07-24 10:32:02,375-mp_log-INFO-审核失败
2018-07-24 10:32:03,686-mp_log-INFO-已审核
2018-07-24 10:32:04,652-mp_log-INFO-已审核
2018-07-24 10:32:05,491-mp_log-INFO-已审核
2018-07-24 10:32:06,312-mp_log-INFO-已审核
2018-07-24 10:32:07,322-mp_log-INFO-已审核
2018-07-24 10:32:08,346-mp_log-INFO-审核失败
2018-07-24 10:32:09,334-mp_log-INFO-审核失败
2018-07-24 10:32:10,768-mp_log-INFO-已审核
2018-07-24 10:32:11,369-mp_log-INFO-审核失败
2018-07-24 10:32:13,394-mp_log-INFO-已审核
2018-07-24 10:32:14,328-mp_log-INFO-已审核
2018-07-24 10:32:15,282-mp_log-INFO-审核失败
2018-07-24 10:32:16,381-mp_log-INFO-审核失败
2018-07-24 10:32:17,672-mp_log-INFO-已审核
2018-07-24 10:32:18,599-mp_log-INFO-审核失败
2018-07-24 10:32:19,416-mp_log-INFO-已审核
2018-07-24 10:32:20,276-mp_log-INFO-已审核
2018-07-24 10:32:21,276-mp_log-INFO-审核失败
2018-07-24 10:32:22,909-mp_log-INFO-审核失败
2018-07-24 10:32:23,412-mp_log-INFO-已审核
2018-07-24 10:32:24,543-mp_log-INFO-审核失败
2018-07-24 10:32:25,448-mp_log-INFO-已审核
2018-07-24 10:32:26,414-mp_log-INFO-已审核
2018-07-24 10:32:27,304-mp_log-INFO-已审核
2018-07-24 10:32:28,623-mp_log-INFO-审核中
2018-07-24 10:32:29,377-mp_log-INFO-审核中
2018-07-24 10:32:30,570-mp_log-INFO-审核中
2018-07-24 10:32:31,620-mp_log-INFO-审核失败
2018-07-24 10:32:32,882-mp_log-INFO-已审核
2018-07-24 10:32:33,390-mp_log-INFO-已审核
2018-07-24 10:32:34,328-mp_log-INFO-已审核
2018-07-24 10:32:35,287-mp_log-INFO-审核失败
2018-07-24 10:32:36,881-mp_log-INFO-已审核
2018-07-24 10:32:37,458-mp_log-INFO-已审核
2018-07-24 10:32:38,524-mp_log-INFO-审核中
2018-07-24 10:32:39,442-mp_log-INFO-审核失败
2018-07-24 10:32:40,467-mp_log-INFO-审核中
2018-07-24 10:32:41,403-mp_log-INFO-审核失败
2018-07-24 10:32:42,398-mp_log-INFO-审核中
2018-07-24 10:32:43,908-mp_log-INFO-审核中
2018-07-24 10:32:44,503-mp_log-INFO-已审核
2018-07-24 10:32:45,410-mp_log-INFO-审核失败
2018-07-24 10:32:46,422-mp_log-INFO-已审核
2018-07-24 10:32:47,390-mp_log-INFO-审核失败
2018-07-24 10:32:48,379-mp_log-INFO-审核失败
2018-07-24 10:32:49,402-mp_log-INFO-审核中
2018-07-24 10:32:50,415-mp_log-INFO-已审核
2018-07-24 10:32:51,400-mp_log-INFO-审核失败
2018-07-24 10:32:52,662-mp_log-INFO-审核失败
2018-07-24 10:32:53,575-mp_log-INFO-审核中
2018-07-24 10:32:54,390-mp_log-INFO-已审核
2018-07-24 10:32:55,590-mp_log-INFO-已审核
2018-07-24 10:32:56,534-mp_log-INFO-审核失败
2018-07-24 10:32:57,678-mp_log-INFO-已审核
2018-07-24 10:32:58,782-mp_log-INFO-已审核
2018-07-24 10:32:59,528-mp_log-INFO-已审核
2018-07-24 10:33:00,760-mp_log-INFO-审核失败
2018-07-24 10:33:01,852-mp_log-INFO-已审核
2018-07-24 10:33:02,861-mp_log-INFO-已审核
2018-07-24 10:33:03,669-mp_log-INFO-审核失败
2018-07-24 10:33:04,743-mp_log-INFO-审核失败
2018-07-24 10:33:05,750-mp_log-INFO-已审核
2018-07-24 10:33:06,834-mp_log-INFO-已审核
