2018-07-12 21:57:19,244-mp_log-INFO-token获取成功......
2018-07-12 21:57:19,389-mp_log-INFO-获取所有小程序信息成功......
2018-07-12 21:57:19,843-mp_log-INFO-获取最新模板信息成功.......
2018-07-12 21:57:21,320-mp_log-INFO------环亚美容模板操作成功，模板名称:7.12 正式版21:53
2018-07-12 21:57:22,869-mp_log-INFO------绿苑女子模板操作成功，模板名称:7.12 正式版21:53
2018-07-12 21:57:24,238-mp_log-INFO------广州七号驻颜模板操作成功，模板名称:7.12 正式版21:53
2018-07-12 21:57:25,687-mp_log-INFO------曼奇莎模板操作成功，模板名称:7.12 正式版21:53
2018-07-12 21:57:27,138-mp_log-INFO------诗美逸模板操作成功，模板名称:7.12 正式版21:53
2018-07-12 21:57:28,788-mp_log-INFO------颐和美容模板操作成功，模板名称:7.12 正式版21:53
2018-07-12 21:57:30,341-mp_log-INFO------Oni智能美肤模板操作成功，模板名称:7.12 正式版21:53
2018-07-12 21:57:31,688-mp_log-INFO------来了美佳澜店模板操作成功，模板名称:7.12 正式版21:53
2018-07-12 21:57:33,038-mp_log-INFO------润妃国际模板操作成功，模板名称:7.12 正式版21:53
2018-07-12 21:57:34,376-mp_log-INFO------灵动模板操作成功，模板名称:7.12 正式版21:53
2018-07-12 21:57:35,782-mp_log-INFO------美美答伊丽莎模板操作成功，模板名称:7.12 正式版21:53
2018-07-12 21:57:37,520-mp_log-INFO------当今悦美模板操作成功，模板名称:7.12 正式版21:53
2018-07-12 21:57:38,829-mp_log-INFO------芊思雅莎莎模板操作成功，模板名称:7.12 正式版21:53
2018-07-12 21:57:40,379-mp_log-INFO------恒美世纪模板操作成功，模板名称:7.12 正式版21:53
2018-07-12 21:57:41,794-mp_log-INFO------虞诗蔓模板操作成功，模板名称:7.12 正式版21:53
2018-07-12 21:57:43,357-mp_log-INFO------雪依氏模板操作成功，模板名称:7.12 正式版21:53
2018-07-12 21:57:44,708-mp_log-INFO------霭伦恩美模板操作成功，模板名称:7.12 正式版21:53
2018-07-12 21:57:46,187-mp_log-INFO------来美吧模板操作成功，模板名称:7.12 正式版21:53
2018-07-12 21:57:47,652-mp_log-INFO------美美昭妍模板操作成功，模板名称:7.12 正式版21:53
2018-07-12 21:57:49,140-mp_log-INFO------佐登妮丝模板操作成功，模板名称:7.12 正式版21:53
2018-07-12 21:57:50,840-mp_log-INFO------娇阑美颜模板操作成功，模板名称:7.12 正式版21:53
2018-07-12 21:57:52,214-mp_log-INFO------爱女士模板操作成功，模板名称:7.12 正式版21:53
2018-07-12 21:57:53,581-mp_log-INFO------艾妍整形模板操作成功，模板名称:7.12 正式版21:53
2018-07-12 21:57:55,002-mp_log-INFO------巴黎情缘模板操作成功，模板名称:7.12 正式版21:53
2018-07-12 21:57:56,637-mp_log-INFO------梅兰丽人模板操作成功，模板名称:7.12 正式版21:53
2018-07-12 21:57:58,090-mp_log-INFO------诗露丽涵模板操作成功，模板名称:7.12 正式版21:53
2018-07-12 21:57:59,881-mp_log-INFO------东方仕典模板操作成功，模板名称:7.12 正式版21:53
2018-07-12 21:58:01,187-mp_log-INFO------年轻我可以模板操作成功，模板名称:7.12 正式版21:53
2018-07-12 21:58:03,071-mp_log-INFO------兴美源模板操作成功，模板名称:7.12 正式版21:53
2018-07-12 21:58:04,635-mp_log-INFO------琉璃水城模板操作成功，模板名称:7.12 正式版21:53
2018-07-12 21:58:06,162-mp_log-INFO------栢草源模板操作成功，模板名称:7.12 正式版21:53
2018-07-12 21:58:07,665-mp_log-INFO------杭州东方整形模板操作成功，模板名称:7.12 正式版21:53
2018-07-12 21:58:08,997-mp_log-INFO------美共享模板操作成功，模板名称:7.12 正式版21:53
2018-07-12 21:58:10,548-mp_log-INFO------ME智慧美店模板操作成功，模板名称:7.12 正式版21:53
2018-07-12 21:58:11,960-mp_log-INFO------二院美丽之约模板操作成功，模板名称:7.12 正式版21:53
2018-07-12 21:58:13,747-mp_log-INFO------弘迪美容美发模板操作成功，模板名称:7.12 正式版21:53
2018-07-12 21:58:15,148-mp_log-INFO------南洋beauty模板操作成功，模板名称:7.12 正式版21:53
2018-07-12 21:58:16,591-mp_log-INFO------阿芙洛蒂模板操作成功，模板名称:7.12 正式版21:53
2018-07-12 21:58:18,029-mp_log-INFO------来了美标榜店模板操作成功，模板名称:7.12 正式版21:53
2018-07-12 21:58:19,486-mp_log-INFO------美德福模板操作成功，模板名称:7.12 正式版21:53
2018-07-12 21:58:21,037-mp_log-INFO------杭州桐雅模板操作成功，模板名称:7.12 正式版21:53
2018-07-12 21:58:22,577-mp_log-INFO------妃香伊丹模板操作成功，模板名称:7.12 正式版21:53
2018-07-12 21:58:24,142-mp_log-INFO------窈窕淑女模板操作成功，模板名称:7.12 正式版21:53
2018-07-12 21:58:25,580-mp_log-INFO------香密雅CIMIA模板操作成功，模板名称:7.12 正式版21:53
2018-07-12 21:58:26,956-mp_log-INFO------妍雅媛模板操作成功，模板名称:7.12 正式版21:53
2018-07-12 21:58:28,600-mp_log-INFO------来了美模板操作成功，模板名称:7.12 正式版21:53
2018-07-12 21:58:29,909-mp_log-INFO------云立方模板操作成功，模板名称:7.12 正式版21:53
2018-07-12 21:58:31,323-mp_log-INFO------来了美韩尚恩模板操作成功，模板名称:7.12 正式版21:53
2018-07-12 21:58:32,767-mp_log-INFO------美之颜模板操作成功，模板名称:7.12 正式版21:53
2018-07-12 21:58:34,156-mp_log-INFO------GOGOBeauty模板操作成功，模板名称:7.12 正式版21:53
2018-07-12 21:58:35,496-mp_log-INFO------香住SPA模板操作成功，模板名称:7.12 正式版21:53
2018-07-12 21:58:36,819-mp_log-INFO------黄氏百佳模板操作成功，模板名称:7.12 正式版21:53
2018-07-12 21:58:38,290-mp_log-INFO------艾面一族 模板操作成功，模板名称:7.12 正式版21:53
2018-07-12 21:58:39,671-mp_log-INFO------曼姿模板操作成功，模板名称:7.12 正式版21:53
2018-07-12 21:58:41,143-mp_log-INFO------美丽九九模板操作成功，模板名称:7.12 正式版21:53
2018-07-12 21:58:42,525-mp_log-INFO------智能科技美店模板操作成功，模板名称:7.12 正式版21:53
2018-07-12 21:58:44,136-mp_log-INFO------欧妮薇模板操作成功，模板名称:7.12 正式版21:53
2018-07-12 21:58:45,502-mp_log-INFO------美姿来就美模板操作成功，模板名称:7.12 正式版21:53
2018-07-12 21:58:46,880-mp_log-INFO------IVY艾菲芭模板操作成功，模板名称:7.12 正式版21:53
2018-07-12 21:58:48,433-mp_log-INFO------来了美雲会所模板操作成功，模板名称:7.12 正式版21:53
2018-07-12 21:58:49,817-mp_log-INFO------你好漂亮模板操作成功，模板名称:7.12 正式版21:53
2018-07-12 21:58:51,191-mp_log-INFO------金柏丽模板操作成功，模板名称:7.12 正式版21:53
2018-07-12 21:58:52,524-mp_log-INFO------长江九号模板操作成功，模板名称:7.12 正式版21:53
2018-07-12 21:58:53,933-mp_log-INFO------如生堂模板操作成功，模板名称:7.12 正式版21:53
2018-07-12 21:58:55,991-mp_log-INFO------红妆倾城模板操作成功，模板名称:7.12 正式版21:53
2018-07-12 21:58:57,387-mp_log-INFO------英原健康模板操作成功，模板名称:7.12 正式版21:53
2018-07-12 21:58:59,151-mp_log-INFO------金贵人Beauty模板操作成功，模板名称:7.12 正式版21:53
2018-07-12 21:59:00,908-mp_log-INFO------芯语芳心模板操作成功，模板名称:7.12 正式版21:53
2018-07-12 21:59:02,361-mp_log-INFO------还原美模板操作成功，模板名称:7.12 正式版21:53
2018-07-12 21:59:03,968-mp_log-INFO------梦圆皇宫模板操作成功，模板名称:7.12 正式版21:53
2018-07-12 21:59:05,379-mp_log-INFO------DR美研博士模板操作成功，模板名称:7.12 正式版21:53
2018-07-12 21:59:06,800-mp_log-INFO------女秀才模板操作成功，模板名称:7.12 正式版21:53
2018-07-12 21:59:08,134-mp_log-INFO------東美人儿模板操作成功，模板名称:7.12 正式版21:53
2018-07-12 21:59:10,054-mp_log-INFO------承昱医疗模板操作成功，模板名称:7.12 正式版21:53
2018-07-12 21:59:11,439-mp_log-INFO------斓悦庭模板操作成功，模板名称:7.12 正式版21:53
2018-07-12 21:59:12,776-mp_log-INFO------唯美童妍模板操作成功，模板名称:7.12 正式版21:53
2018-07-12 21:59:14,148-mp_log-INFO------掌上美管家A模板操作成功，模板名称:7.12 正式版21:53
2018-07-12 21:59:15,550-mp_log-INFO------博妍集美模板操作成功，模板名称:7.12 正式版21:53
2018-07-12 21:59:16,890-mp_log-INFO------雅涛世家模板操作成功，模板名称:7.12 正式版21:53
2018-07-12 21:59:18,285-mp_log-INFO------呈悦医疗模板操作成功，模板名称:7.12 正式版21:53
2018-07-12 21:59:19,714-mp_log-INFO------来了美千丝美模板操作成功，模板名称:7.12 正式版21:53
2018-07-12 21:59:20,502-mp_log-ERROR-!!!!!!体验店操作失败!!!!!!
2018-07-12 21:59:22,166-mp_log-INFO------乐聚模板操作成功，模板名称:7.12 正式版21:53
2018-07-12 21:59:23,470-mp_log-INFO------沧州美美达模板操作成功，模板名称:7.12 正式版21:53
2018-07-12 21:59:24,821-mp_log-INFO------妮娜形象管理模板操作成功，模板名称:7.12 正式版21:53
2018-07-12 21:59:26,176-mp_log-INFO------馨境堂模板操作成功，模板名称:7.12 正式版21:53
2018-07-12 21:59:27,821-mp_log-INFO------果蔬美容模板操作成功，模板名称:7.12 正式版21:53
2018-07-12 21:59:29,276-mp_log-INFO------贝兰思模板操作成功，模板名称:7.12 正式版21:53
2018-07-12 21:59:30,802-mp_log-INFO------欧丽薇模板操作成功，模板名称:7.12 正式版21:53
2018-07-12 21:59:32,889-mp_log-INFO-环亚美容提交成功
2018-07-12 21:59:34,543-mp_log-INFO-绿苑女子提交成功
2018-07-12 21:59:35,957-mp_log-INFO-广州七号驻颜提交成功
2018-07-12 21:59:37,516-mp_log-INFO-曼奇莎提交成功
2018-07-12 21:59:38,952-mp_log-INFO-诗美逸提交成功
2018-07-12 21:59:40,682-mp_log-INFO-颐和美容提交成功
2018-07-12 21:59:42,213-mp_log-INFO-Oni智能美肤提交成功
2018-07-12 21:59:43,653-mp_log-INFO-来了美佳澜店提交成功
2018-07-12 21:59:45,092-mp_log-INFO-润妃国际提交成功
2018-07-12 21:59:46,534-mp_log-INFO-灵动提交成功
2018-07-12 21:59:48,257-mp_log-INFO-美美答伊丽莎提交成功
2018-07-12 21:59:49,999-mp_log-INFO-当今悦美提交成功
2018-07-12 21:59:51,619-mp_log-INFO-芊思雅莎莎提交成功
2018-07-12 21:59:53,187-mp_log-INFO-恒美世纪提交成功
2018-07-12 21:59:57,656-mp_log-INFO-虞诗蔓提交成功
2018-07-12 22:00:00,888-mp_log-INFO-雪依氏提交成功
2018-07-12 22:00:03,107-mp_log-INFO-霭伦恩美提交成功
2018-07-12 22:00:05,535-mp_log-INFO-来美吧提交成功
2018-07-12 22:00:08,126-mp_log-INFO-美美昭妍提交成功
2018-07-12 22:00:10,422-mp_log-INFO-佐登妮丝提交成功
2018-07-12 22:00:12,140-mp_log-INFO-娇阑美颜提交成功
2018-07-12 22:00:13,736-mp_log-INFO-爱女士提交成功
2018-07-12 22:00:15,204-mp_log-INFO-艾妍整形提交成功
2018-07-12 22:00:16,892-mp_log-INFO-巴黎情缘提交成功
2018-07-12 22:00:18,415-mp_log-INFO-梅兰丽人提交成功
2018-07-12 22:00:19,906-mp_log-INFO-诗露丽涵提交成功
2018-07-12 22:00:21,500-mp_log-INFO-东方仕典提交成功
2018-07-12 22:00:23,090-mp_log-INFO-年轻我可以提交成功
2018-07-12 22:00:25,073-mp_log-INFO-兴美源提交成功
2018-07-12 22:00:26,742-mp_log-INFO-琉璃水城提交成功
2018-07-12 22:00:28,223-mp_log-INFO-栢草源提交成功
2018-07-12 22:00:29,670-mp_log-INFO-杭州东方整形提交成功
2018-07-12 22:00:31,091-mp_log-INFO-美共享提交成功
2018-07-12 22:00:32,517-mp_log-INFO-ME智慧美店提交成功
2018-07-12 22:00:33,964-mp_log-INFO-二院美丽之约提交成功
2018-07-12 22:00:35,356-mp_log-INFO-弘迪美容美发提交成功
2018-07-12 22:00:36,775-mp_log-INFO-南洋beauty提交成功
2018-07-12 22:00:38,404-mp_log-INFO-阿芙洛蒂提交成功
2018-07-12 22:00:40,066-mp_log-INFO-来了美标榜店提交成功
2018-07-12 22:00:41,565-mp_log-INFO-美德福提交成功
2018-07-12 22:00:43,271-mp_log-INFO-杭州桐雅提交成功
2018-07-12 22:00:45,290-mp_log-INFO-妃香伊丹提交成功
2018-07-12 22:00:46,682-mp_log-INFO-窈窕淑女提交成功
2018-07-12 22:00:48,152-mp_log-INFO-香密雅CIMIA提交成功
2018-07-12 22:00:49,762-mp_log-INFO-妍雅媛提交成功
2018-07-12 22:00:51,468-mp_log-INFO-来了美提交成功
2018-07-12 22:00:52,989-mp_log-INFO-云立方提交成功
2018-07-12 22:00:54,448-mp_log-INFO-来了美韩尚恩提交成功
2018-07-12 22:00:57,177-mp_log-INFO-美之颜提交成功
2018-07-12 22:00:57,925-mp_log-ERROR-GOGOBeauty提交失败
2018-07-12 22:01:01,283-mp_log-INFO-香住SPA提交成功
2018-07-12 22:01:03,213-mp_log-INFO-黄氏百佳提交成功
2018-07-12 22:01:04,744-mp_log-INFO-艾面一族 提交成功
2018-07-12 22:01:06,385-mp_log-INFO-曼姿提交成功
2018-07-12 22:01:07,835-mp_log-INFO-美丽九九提交成功
2018-07-12 22:01:09,195-mp_log-INFO-智能科技美店提交成功
2018-07-12 22:01:10,857-mp_log-INFO-欧妮薇提交成功
2018-07-12 22:01:12,412-mp_log-INFO-美姿来就美提交成功
2018-07-12 22:01:13,803-mp_log-INFO-IVY艾菲芭提交成功
2018-07-12 22:01:15,479-mp_log-INFO-来了美雲会所提交成功
2018-07-12 22:01:16,895-mp_log-INFO-你好漂亮提交成功
2018-07-12 22:01:18,387-mp_log-INFO-金柏丽提交成功
2018-07-12 22:01:19,827-mp_log-INFO-长江九号提交成功
2018-07-12 22:01:21,406-mp_log-INFO-如生堂提交成功
2018-07-12 22:01:23,049-mp_log-INFO-红妆倾城提交成功
2018-07-12 22:01:24,506-mp_log-INFO-英原健康提交成功
2018-07-12 22:01:25,846-mp_log-INFO-金贵人Beauty提交成功
2018-07-12 22:01:26,599-mp_log-ERROR-芯语芳心提交失败
2018-07-12 22:01:30,210-mp_log-INFO-还原美提交成功
2018-07-12 22:01:31,555-mp_log-INFO-梦圆皇宫提交成功
2018-07-12 22:01:32,968-mp_log-INFO-DR美研博士提交成功
2018-07-12 22:01:34,547-mp_log-INFO-女秀才提交成功
2018-07-12 22:01:35,961-mp_log-INFO-東美人儿提交成功
2018-07-12 22:01:37,353-mp_log-INFO-承昱医疗提交成功
2018-07-12 22:01:39,247-mp_log-INFO-斓悦庭提交成功
2018-07-12 22:01:40,495-mp_log-INFO-唯美童妍提交成功
2018-07-12 22:01:41,871-mp_log-INFO-掌上美管家A提交成功
2018-07-12 22:01:43,349-mp_log-INFO-博妍集美提交成功
2018-07-12 22:01:44,757-mp_log-INFO-雅涛世家提交成功
2018-07-12 22:01:46,733-mp_log-INFO-呈悦医疗提交成功
2018-07-12 22:01:48,260-mp_log-INFO-来了美千丝美提交成功
2018-07-12 22:01:48,996-mp_log-ERROR-体验店提交失败
2018-07-12 22:01:52,660-mp_log-INFO-乐聚提交成功
2018-07-12 22:01:54,046-mp_log-INFO-沧州美美达提交成功
2018-07-12 22:01:56,267-mp_log-INFO-妮娜形象管理提交成功
2018-07-12 22:01:57,761-mp_log-INFO-馨境堂提交成功
2018-07-12 22:01:59,679-mp_log-INFO-果蔬美容提交成功
2018-07-12 22:02:01,390-mp_log-INFO-贝兰思提交成功
2018-07-12 22:02:02,805-mp_log-ERROR-欧丽薇提交失败
