2018-07-26 15:24:48,226-mp_log-INFO-token获取成功......
2018-07-26 15:24:51,881-mp_log-INFO-获取所有小程序信息成功......
2018-07-26 15:24:52,355-mp_log-INFO-获取最新模板信息成功.......
2018-07-26 15:24:54,051-mp_log-INFO-审核中
2018-07-26 15:24:55,820-mp_log-INFO-审核中
2018-07-26 15:24:57,252-mp_log-INFO-审核中
2018-07-26 15:24:58,016-mp_log-INFO-审核中
2018-07-26 15:24:58,738-mp_log-INFO-审核中
2018-07-26 15:24:59,529-mp_log-INFO-审核中
2018-07-26 15:25:00,297-mp_log-INFO-审核中
2018-07-26 15:25:01,399-mp_log-INFO-已审核
2018-07-26 15:25:01,948-mp_log-INFO-审核中
2018-07-26 15:25:02,710-mp_log-INFO-审核中
2018-07-26 15:25:03,559-mp_log-INFO-审核中
2018-07-26 15:25:04,365-mp_log-INFO-审核中
2018-07-26 15:25:05,664-mp_log-INFO-已审核
2018-07-26 15:25:05,929-mp_log-INFO-已审核
2018-07-26 15:25:06,688-mp_log-INFO-已审核
2018-07-26 15:25:07,608-mp_log-INFO-已审核
2018-07-26 15:25:08,515-mp_log-INFO-已审核
2018-07-26 15:25:09,156-mp_log-INFO-已审核
2018-07-26 15:25:09,904-mp_log-INFO-已审核
2018-07-26 15:25:10,776-mp_log-INFO-审核中
2018-07-26 15:25:12,024-mp_log-INFO-已审核
2018-07-26 15:25:12,521-mp_log-INFO-审核中
2018-07-26 15:25:13,177-mp_log-INFO-审核中
2018-07-26 15:25:13,861-mp_log-INFO-已审核
2018-07-26 15:25:14,709-mp_log-INFO-已审核
2018-07-26 15:25:15,517-mp_log-INFO-已审核
2018-07-26 15:25:16,415-mp_log-INFO-审核中
2018-07-26 15:25:17,101-mp_log-INFO-审核中
2018-07-26 15:25:17,933-mp_log-INFO-审核中
2018-07-26 15:25:18,733-mp_log-INFO-审核中
2018-07-26 15:25:19,528-mp_log-INFO-已审核
2018-07-26 15:25:20,307-mp_log-INFO-审核中
2018-07-26 15:25:21,357-mp_log-INFO-审核中
2018-07-26 15:25:21,995-mp_log-INFO-审核中
2018-07-26 15:25:22,690-mp_log-INFO-审核中
2018-07-26 15:25:23,483-mp_log-INFO-已审核
2018-07-26 15:25:24,345-mp_log-INFO-已审核
2018-07-26 15:25:25,474-mp_log-INFO-审核中
2018-07-26 15:25:25,969-mp_log-INFO-审核中
2018-07-26 15:25:26,807-mp_log-INFO-已审核
2018-07-26 15:25:27,490-mp_log-INFO-审核中
2018-07-26 15:25:28,249-mp_log-INFO-审核中
2018-07-26 15:25:29,192-mp_log-INFO-已审核
2018-07-26 15:25:29,945-mp_log-INFO-已审核
2018-07-26 15:25:30,703-mp_log-INFO-已审核
2018-07-26 15:25:31,651-mp_log-INFO-已审核
2018-07-26 15:25:32,360-mp_log-INFO-已审核
2018-07-26 15:25:33,062-mp_log-INFO-审核中
2018-07-26 15:25:33,913-mp_log-INFO-审核中
2018-07-26 15:25:34,750-mp_log-INFO-已审核
2018-07-26 15:25:35,536-mp_log-INFO-审核中
2018-07-26 15:25:37,159-mp_log-INFO-已审核
2018-07-26 15:25:38,323-mp_log-INFO-已审核
2018-07-26 15:25:38,863-mp_log-INFO-审核中
2018-07-26 15:25:39,626-mp_log-INFO-审核中
2018-07-26 15:25:40,378-mp_log-INFO-已审核
2018-07-26 15:25:41,134-mp_log-INFO-审核中
2018-07-26 15:25:41,987-mp_log-INFO-已审核
2018-07-26 15:25:42,775-mp_log-INFO-已审核
2018-07-26 15:25:43,636-mp_log-INFO-审核中
2018-07-26 15:25:44,572-mp_log-INFO-审核失败
2018-07-26 15:25:45,352-mp_log-INFO-已审核
2018-07-26 15:25:45,876-mp_log-INFO-审核中
2018-07-26 15:25:46,679-mp_log-INFO-已审核
2018-07-26 15:25:47,533-mp_log-INFO-已审核
2018-07-26 15:25:48,356-mp_log-INFO-已审核
2018-07-26 15:25:49,191-mp_log-INFO-审核中
2018-07-26 15:25:49,954-mp_log-INFO-审核中
2018-07-26 15:25:50,691-mp_log-INFO-审核中
2018-07-26 15:25:51,510-mp_log-INFO-审核中
2018-07-26 15:25:52,570-mp_log-INFO-已审核
2018-07-26 15:25:53,170-mp_log-INFO-已审核
2018-07-26 15:25:53,931-mp_log-INFO-已审核
2018-07-26 15:25:54,776-mp_log-INFO-审核中
2018-07-26 15:25:55,585-mp_log-INFO-已审核
2018-07-26 15:25:56,464-mp_log-INFO-已审核
2018-07-26 15:25:57,205-mp_log-INFO-审核中
2018-07-26 15:25:58,164-mp_log-INFO-审核中
2018-07-26 15:25:58,784-mp_log-INFO-审核中
2018-07-26 15:25:59,804-mp_log-INFO-审核中
2018-07-26 15:26:00,369-mp_log-INFO-审核中
2018-07-26 15:26:01,172-mp_log-INFO-审核中
2018-07-26 15:26:01,919-mp_log-INFO-已审核
2018-07-26 15:26:02,792-mp_log-INFO-审核中
2018-07-26 15:26:03,638-mp_log-INFO-已审核
2018-07-26 15:26:04,400-mp_log-INFO-审核中
2018-07-26 15:26:05,197-mp_log-INFO-审核中
2018-07-26 15:26:06,161-mp_log-INFO-审核中
2018-07-26 15:26:07,179-mp_log-INFO-已审核
2018-07-26 15:26:07,762-mp_log-INFO-审核中
2018-07-26 15:26:08,347-mp_log-INFO-审核中
2018-07-26 15:26:09,201-mp_log-INFO-审核中
2018-07-26 15:26:09,970-mp_log-INFO-已审核
2018-07-26 15:26:10,730-mp_log-INFO-已审核
2018-07-26 15:26:11,603-mp_log-INFO-审核中
2018-07-26 15:26:12,374-mp_log-INFO-审核中
2018-07-26 15:26:13,168-mp_log-INFO-已审核
2018-07-26 15:26:13,885-mp_log-INFO-审核中
2018-07-26 15:26:14,840-mp_log-INFO-审核中
2018-07-26 15:26:15,626-mp_log-INFO-已审核
2018-07-26 15:26:16,608-mp_log-INFO-已审核
2018-07-26 15:26:17,154-mp_log-INFO-审核中
2018-07-26 15:26:17,959-mp_log-INFO-审核中
2018-07-26 15:26:18,879-mp_log-INFO-已审核
2018-07-26 15:26:19,699-mp_log-INFO-已审核
