2018-07-24 17:26:15,695-mp_log-INFO-token获取成功......
2018-07-24 17:26:18,817-mp_log-INFO-获取所有小程序信息成功......
2018-07-24 17:26:19,598-mp_log-INFO-获取最新模板信息成功.......
2018-07-24 17:26:21,632-mp_log-INFO-审核失败
2018-07-24 17:26:23,885-mp_log-INFO-审核失败
2018-07-24 17:26:25,912-mp_log-INFO-审核失败
2018-07-24 17:26:26,908-mp_log-INFO-审核失败
2018-07-24 17:26:27,850-mp_log-INFO-审核失败
2018-07-24 17:26:28,538-mp_log-INFO-审核失败
2018-07-24 17:26:29,414-mp_log-INFO-审核失败
2018-07-24 17:26:30,382-mp_log-INFO-已审核
2018-07-24 17:26:31,522-mp_log-INFO-审核失败
2018-07-24 17:26:32,689-mp_log-INFO-审核中
2018-07-24 17:26:33,532-mp_log-INFO-审核失败
2018-07-24 17:26:34,594-mp_log-INFO-审核失败
2018-07-24 17:26:35,448-mp_log-INFO-已审核
2018-07-24 17:26:36,455-mp_log-INFO-已审核
2018-07-24 17:26:37,394-mp_log-INFO-已审核
2018-07-24 17:26:38,570-mp_log-INFO-已审核
2018-07-24 17:26:39,481-mp_log-INFO-已审核
2018-07-24 17:26:40,446-mp_log-INFO-已审核
2018-07-24 17:26:41,282-mp_log-INFO-已审核
2018-07-24 17:26:42,362-mp_log-INFO-已审核
2018-07-24 17:26:43,424-mp_log-INFO-已审核
2018-07-24 17:26:44,350-mp_log-INFO-审核失败
2018-07-24 17:26:45,421-mp_log-INFO-审核失败
2018-07-24 17:26:46,801-mp_log-INFO-已审核
2018-07-24 17:26:47,460-mp_log-INFO-已审核
2018-07-24 17:26:48,432-mp_log-INFO-已审核
2018-07-24 17:26:49,795-mp_log-INFO-审核失败
2018-07-24 17:26:50,366-mp_log-INFO-审核失败
2018-07-24 17:26:51,423-mp_log-INFO-审核失败
2018-07-24 17:26:52,486-mp_log-INFO-审核失败
2018-07-24 17:26:53,481-mp_log-INFO-已审核
2018-07-24 17:26:54,513-mp_log-INFO-审核失败
2018-07-24 17:26:55,598-mp_log-INFO-审核失败
2018-07-24 17:26:56,421-mp_log-INFO-审核失败
2018-07-24 17:26:57,547-mp_log-INFO-审核失败
2018-07-24 17:26:58,592-mp_log-INFO-已审核
2018-07-24 17:26:59,501-mp_log-INFO-已审核
2018-07-24 17:27:00,563-mp_log-INFO-审核中
2018-07-24 17:27:01,659-mp_log-INFO-审核失败
2018-07-24 17:27:02,497-mp_log-INFO-已审核
2018-07-24 17:27:03,364-mp_log-INFO-审核失败
2018-07-24 17:27:04,447-mp_log-INFO-审核失败
2018-07-24 17:27:05,615-mp_log-INFO-已审核
2018-07-24 17:27:06,534-mp_log-INFO-已审核
2018-07-24 17:27:07,401-mp_log-INFO-已审核
2018-07-24 17:27:08,757-mp_log-INFO-已审核
2018-07-24 17:27:09,502-mp_log-INFO-已审核
2018-07-24 17:27:10,801-mp_log-INFO-审核失败
2018-07-24 17:27:11,569-mp_log-INFO-审核失败
2018-07-24 17:27:12,546-mp_log-INFO-已审核
2018-07-24 17:27:13,604-mp_log-INFO-审核失败
2018-07-24 17:27:15,851-mp_log-INFO-已审核
2018-07-24 17:27:16,504-mp_log-INFO-已审核
2018-07-24 17:27:17,503-mp_log-INFO-审核失败
2018-07-24 17:27:19,368-mp_log-INFO-审核失败
2018-07-24 17:27:19,538-mp_log-INFO-已审核
2018-07-24 17:27:20,677-mp_log-INFO-审核失败
2018-07-24 17:27:21,650-mp_log-INFO-已审核
2018-07-24 17:27:22,512-mp_log-INFO-已审核
2018-07-24 17:27:23,701-mp_log-INFO-审核失败
2018-07-24 17:27:24,685-mp_log-INFO-审核失败
2018-07-24 17:27:25,406-mp_log-INFO-已审核
2018-07-24 17:27:26,446-mp_log-INFO-审核失败
2018-07-24 17:27:27,498-mp_log-INFO-已审核
2018-07-24 17:27:28,402-mp_log-INFO-已审核
2018-07-24 17:27:29,435-mp_log-INFO-已审核
2018-07-24 17:27:30,427-mp_log-INFO-审核中
2018-07-24 17:27:31,444-mp_log-INFO-审核失败
2018-07-24 17:27:32,652-mp_log-INFO-审核中
2018-07-24 17:27:33,473-mp_log-INFO-审核失败
2018-07-24 17:27:34,644-mp_log-INFO-已审核
2018-07-24 17:27:35,369-mp_log-INFO-已审核
2018-07-24 17:27:36,667-mp_log-INFO-已审核
2018-07-24 17:27:37,453-mp_log-INFO-审核失败
2018-07-24 17:27:38,395-mp_log-INFO-已审核
2018-07-24 17:27:39,517-mp_log-INFO-已审核
2018-07-24 17:27:40,359-mp_log-INFO-审核中
2018-07-24 17:27:41,426-mp_log-INFO-审核失败
2018-07-24 17:27:42,717-mp_log-INFO-审核中
2018-07-24 17:27:43,579-mp_log-INFO-审核失败
2018-07-24 17:27:44,847-mp_log-INFO-审核中
2018-07-24 17:27:45,564-mp_log-INFO-已审核
2018-07-24 17:27:46,787-mp_log-INFO-已审核
2018-07-24 17:27:47,499-mp_log-INFO-审核失败
2018-07-24 17:27:48,459-mp_log-INFO-已审核
2018-07-24 17:27:49,576-mp_log-INFO-审核失败
2018-07-24 17:27:50,492-mp_log-INFO-审核失败
2018-07-24 17:27:51,413-mp_log-INFO-审核中
2018-07-24 17:27:52,543-mp_log-INFO-已审核
2018-07-24 17:27:53,733-mp_log-INFO-审核失败
2018-07-24 17:27:54,462-mp_log-INFO-审核失败
2018-07-24 17:27:55,454-mp_log-INFO-审核中
2018-07-24 17:27:56,623-mp_log-INFO-已审核
2018-07-24 17:27:57,532-mp_log-INFO-已审核
2018-07-24 17:27:58,624-mp_log-INFO-审核失败
2018-07-24 17:27:59,498-mp_log-INFO-已审核
2018-07-24 17:28:00,644-mp_log-INFO-已审核
2018-07-24 17:28:01,530-mp_log-INFO-已审核
2018-07-24 17:28:02,527-mp_log-INFO-审核失败
2018-07-24 17:28:03,461-mp_log-INFO-已审核
2018-07-24 17:28:04,527-mp_log-INFO-已审核
2018-07-24 17:28:05,728-mp_log-INFO-审核失败
2018-07-24 17:28:06,507-mp_log-INFO-审核失败
2018-07-24 17:28:07,560-mp_log-INFO-已审核
2018-07-24 17:28:08,575-mp_log-INFO-已审核
