2018-07-25 21:48:19,052-mp_log-INFO-token获取成功......
2018-07-25 21:48:24,771-mp_log-INFO-获取所有小程序信息成功......
2018-07-25 21:48:25,304-mp_log-INFO-获取最新模板信息成功.......
2018-07-25 21:48:29,398-mp_log-INFO-环亚美容提交成功
2018-07-25 21:48:30,163-mp_log-ERROR-GOGOBeauty提交失败
2018-07-25 21:48:33,808-mp_log-INFO-绿苑女子提交成功
2018-07-25 21:48:34,176-mp_log-ERROR-sdfdsfdsf提交失败
2018-07-25 21:48:37,653-mp_log-INFO-广州七号驻颜提交成功
2018-07-25 21:48:39,592-mp_log-INFO-曼奇莎提交成功
2018-07-25 21:48:41,482-mp_log-INFO-诗美逸提交成功
2018-07-25 21:48:44,157-mp_log-INFO-颐和美容提交成功
2018-07-25 21:48:45,811-mp_log-INFO-Oni速美花园提交成功
2018-07-25 21:48:47,747-mp_log-INFO-都市点点提交成功
2018-07-25 21:48:49,723-mp_log-INFO-来了美佳澜店提交成功
2018-07-25 21:48:51,859-mp_log-INFO-润妃国际提交成功
2018-07-25 21:48:53,632-mp_log-INFO-灵动提交成功
2018-07-25 21:48:55,939-mp_log-INFO-美美昭彦提交成功
2018-07-25 21:48:57,973-mp_log-INFO-当今悦美提交成功
2018-07-25 21:48:59,604-mp_log-INFO-贝娅塔提交成功
2018-07-25 21:49:01,824-mp_log-INFO-菲常美提交成功
2018-07-25 21:49:03,850-mp_log-INFO-当代经典提交成功
2018-07-25 21:49:06,060-mp_log-INFO-悠兰lyj提交成功
2018-07-25 21:49:07,653-mp_log-INFO-芊思雅莎莎提交成功
2018-07-25 21:49:09,772-mp_log-INFO-来就健康提交成功
2018-07-25 21:49:11,787-mp_log-INFO-恒美世纪提交成功
2018-07-25 21:49:13,916-mp_log-INFO-菲梵经典提交成功
2018-07-25 21:49:15,759-mp_log-INFO-虞诗蔓提交成功
2018-07-25 21:49:17,882-mp_log-INFO-雪依氏提交成功
2018-07-25 21:49:19,730-mp_log-INFO-霭伦恩美提交成功
2018-07-25 21:49:21,922-mp_log-INFO-来美吧提交成功
2018-07-25 21:49:24,013-mp_log-INFO-美美昭妍提交成功
2018-07-25 21:49:25,802-mp_log-INFO-佐登妮丝提交成功
2018-07-25 21:49:27,846-mp_log-INFO-娇阑美颜提交成功
2018-07-25 21:49:29,690-mp_log-INFO-爱女士提交成功
2018-07-25 21:49:31,724-mp_log-INFO-艾妍整形提交成功
2018-07-25 21:49:34,052-mp_log-INFO-美人记Beauty提交成功
2018-07-25 21:49:35,972-mp_log-INFO-巴黎情缘提交成功
2018-07-25 21:49:37,845-mp_log-INFO-梅兰丽人提交成功
2018-07-25 21:49:39,753-mp_log-INFO-诗露丽涵提交成功
2018-07-25 21:49:41,663-mp_log-INFO-东方仕典提交成功
2018-07-25 21:49:44,096-mp_log-INFO-月瘦月美提交成功
2018-07-25 21:49:45,764-mp_log-INFO-年轻我可以提交成功
2018-07-25 21:49:48,000-mp_log-INFO-兴美源提交成功
2018-07-25 21:49:50,014-mp_log-INFO-琉璃水城提交成功
2018-07-25 21:49:51,946-mp_log-INFO-栢草源提交成功
2018-07-25 21:49:53,954-mp_log-INFO-杭州东方整形提交成功
2018-07-25 21:49:55,658-mp_log-INFO-美共享提交成功
2018-07-25 21:49:57,762-mp_log-INFO-ME智慧美店提交成功
2018-07-25 21:49:59,935-mp_log-INFO-二院美丽之约提交成功
2018-07-25 21:50:02,235-mp_log-INFO-弘迪美容美发提交成功
2018-07-25 21:50:04,281-mp_log-INFO-南洋beauty提交成功
2018-07-25 21:50:06,017-mp_log-INFO-阿芙洛蒂提交成功
2018-07-25 21:50:07,782-mp_log-INFO-来了美标榜店提交成功
2018-07-25 21:50:09,723-mp_log-INFO-美德福提交成功
2018-07-25 21:50:12,128-mp_log-INFO-杭州桐雅提交成功
2018-07-25 21:50:13,895-mp_log-INFO-妃香伊丹提交成功
2018-07-25 21:50:14,371-mp_log-ERROR-光速美提交失败
2018-07-25 21:50:17,981-mp_log-INFO-魅力华健提交成功
2018-07-25 21:50:19,866-mp_log-INFO-窈窕淑女提交成功
2018-07-25 21:50:21,856-mp_log-INFO-香密雅CIMIA提交成功
2018-07-25 21:50:23,881-mp_log-INFO-妍雅媛提交成功
2018-07-25 21:50:26,054-mp_log-INFO-来了美提交成功
2018-07-25 21:50:27,909-mp_log-INFO-云立方提交成功
2018-07-25 21:50:29,718-mp_log-INFO-来了美韩尚恩提交成功
2018-07-25 21:50:32,181-mp_log-INFO-纤指百媚提交成功
2018-07-25 21:50:34,171-mp_log-INFO-美之颜提交成功
2018-07-25 21:50:36,058-mp_log-INFO-GOGOBeauty提交成功
2018-07-25 21:50:37,777-mp_log-INFO-香住SPA提交成功
2018-07-25 21:50:40,203-mp_log-INFO-黄氏百佳提交成功
2018-07-25 21:50:42,133-mp_log-INFO-创美雅香莱提交成功
2018-07-25 21:50:43,779-mp_log-INFO-艾面一族 提交成功
2018-07-25 21:50:45,993-mp_log-INFO-植美SPA提交成功
2018-07-25 21:50:48,292-mp_log-INFO-曼姿提交成功
2018-07-25 21:50:50,013-mp_log-INFO-美丽九九提交成功
2018-07-25 21:50:52,026-mp_log-INFO-智能科技美店提交成功
2018-07-25 21:50:54,539-mp_log-INFO-欧妮薇提交成功
2018-07-25 21:50:55,984-mp_log-INFO-美姿来就美提交成功
2018-07-25 21:50:58,079-mp_log-INFO-IVY艾菲芭提交成功
2018-07-25 21:51:00,034-mp_log-INFO-来了美雲会所提交成功
2018-07-25 21:51:02,045-mp_log-INFO-你好漂亮提交成功
2018-07-25 21:51:03,915-mp_log-INFO-金柏丽提交成功
2018-07-25 21:51:06,105-mp_log-INFO-长江九号提交成功
2018-07-25 21:51:08,297-mp_log-INFO-如生堂提交成功
2018-07-25 21:51:10,110-mp_log-INFO-红妆倾城提交成功
2018-07-25 21:51:12,193-mp_log-INFO-英原健康提交成功
2018-07-25 21:51:14,014-mp_log-INFO-金贵人Beauty提交成功
2018-07-25 21:51:16,311-mp_log-INFO-芯语芳心提交成功
2018-07-25 21:51:18,095-mp_log-INFO-还原美提交成功
2018-07-25 21:51:20,106-mp_log-INFO-缘临医疗美容提交成功
2018-07-25 21:51:22,246-mp_log-INFO-梦圆皇宫提交成功
2018-07-25 21:51:24,318-mp_log-INFO-恩雅提交成功
2018-07-25 21:51:26,095-mp_log-INFO-DR美研博士提交成功
2018-07-25 21:51:28,334-mp_log-INFO-女秀才提交成功
2018-07-25 21:51:30,047-mp_log-INFO-東美人儿提交成功
2018-07-25 21:51:32,060-mp_log-INFO-承昱医疗提交成功
2018-07-25 21:51:34,319-mp_log-INFO-斓悦庭提交成功
2018-07-25 21:51:36,117-mp_log-INFO-唯美童妍提交成功
2018-07-25 21:51:37,990-mp_log-INFO-掌上美管家A提交成功
2018-07-25 21:51:40,225-mp_log-INFO-博妍集美提交成功
2018-07-25 21:51:42,041-mp_log-INFO-雅涛世家提交成功
2018-07-25 21:51:44,303-mp_log-INFO-呈悦医疗提交成功
2018-07-25 21:51:46,059-mp_log-INFO-来了美千丝美提交成功
2018-07-25 21:51:48,001-mp_log-INFO-世纪之春提交成功
2018-07-25 21:51:50,325-mp_log-INFO-体验店提交成功
2018-07-25 21:51:52,245-mp_log-INFO-乐聚提交成功
2018-07-25 21:51:54,022-mp_log-INFO-沧州美美达提交成功
2018-07-25 21:51:56,183-mp_log-INFO-妮娜形象管理提交成功
2018-07-25 21:51:58,528-mp_log-INFO-馨境堂提交成功
2018-07-25 21:52:00,645-mp_log-INFO-果蔬美容提交成功
2018-07-25 21:52:02,210-mp_log-INFO-贝兰思提交成功
2018-07-25 21:52:04,230-mp_log-INFO-欧丽薇提交成功
