2018-07-24 10:08:13,119-mp_log-INFO-token获取成功......
2018-07-24 10:08:15,783-mp_log-INFO-获取所有小程序信息成功......
2018-07-24 10:08:16,269-mp_log-INFO-获取最新模板信息成功.......
2018-07-24 10:08:18,061-mp_log-INFO-审核失败
2018-07-24 10:08:20,041-mp_log-INFO-审核失败
2018-07-24 10:08:22,115-mp_log-INFO-审核失败
2018-07-24 10:08:24,109-mp_log-INFO-审核失败
2018-07-24 10:08:24,114-mp_log-INFO-审核失败
2018-07-24 10:08:25,305-mp_log-INFO-审核失败
2018-07-24 10:08:26,077-mp_log-INFO-审核失败
2018-07-24 10:08:27,205-mp_log-INFO-已审核
2018-07-24 10:08:28,085-mp_log-INFO-审核失败
2018-07-24 10:08:29,097-mp_log-INFO-审核中
2018-07-24 10:08:30,103-mp_log-INFO-审核失败
2018-07-24 10:08:31,078-mp_log-INFO-审核失败
2018-07-24 10:08:32,083-mp_log-INFO-已审核
2018-07-24 10:08:33,094-mp_log-INFO-已审核
2018-07-24 10:08:34,027-mp_log-INFO-已审核
2018-07-24 10:08:35,134-mp_log-INFO-已审核
2018-07-24 10:08:36,160-mp_log-INFO-已审核
2018-07-24 10:08:37,086-mp_log-INFO-已审核
2018-07-24 10:08:37,976-mp_log-INFO-已审核
2018-07-24 10:08:39,042-mp_log-INFO-已审核
2018-07-24 10:08:40,052-mp_log-INFO-已审核
2018-07-24 10:08:41,071-mp_log-INFO-审核失败
2018-07-24 10:08:42,018-mp_log-INFO-审核失败
2018-07-24 10:08:43,011-mp_log-INFO-已审核
2018-07-24 10:08:44,044-mp_log-INFO-已审核
2018-07-24 10:08:45,115-mp_log-INFO-已审核
2018-07-24 10:08:46,049-mp_log-INFO-审核失败
2018-07-24 10:08:47,084-mp_log-INFO-审核失败
2018-07-24 10:08:48,090-mp_log-INFO-审核失败
2018-07-24 10:08:49,016-mp_log-INFO-审核失败
2018-07-24 10:08:50,060-mp_log-INFO-已审核
2018-07-24 10:08:51,066-mp_log-INFO-审核失败
2018-07-24 10:08:52,316-mp_log-INFO-审核失败
2018-07-24 10:08:53,065-mp_log-INFO-审核失败
2018-07-24 10:08:54,049-mp_log-INFO-审核失败
2018-07-24 10:08:55,130-mp_log-INFO-已审核
2018-07-24 10:08:56,089-mp_log-INFO-已审核
2018-07-24 10:08:57,119-mp_log-INFO-审核中
2018-07-24 10:08:58,064-mp_log-INFO-审核失败
2018-07-24 10:08:59,024-mp_log-INFO-已审核
2018-07-24 10:09:00,193-mp_log-INFO-审核失败
2018-07-24 10:09:01,151-mp_log-INFO-审核失败
2018-07-24 10:09:02,042-mp_log-INFO-已审核
2018-07-24 10:09:03,103-mp_log-INFO-已审核
2018-07-24 10:09:04,070-mp_log-INFO-已审核
2018-07-24 10:09:05,030-mp_log-INFO-已审核
2018-07-24 10:09:06,155-mp_log-INFO-已审核
2018-07-24 10:09:07,060-mp_log-INFO-审核失败
2018-07-24 10:09:08,098-mp_log-INFO-审核失败
2018-07-24 10:09:09,068-mp_log-INFO-已审核
2018-07-24 10:09:10,060-mp_log-INFO-审核失败
2018-07-24 10:09:12,524-mp_log-INFO-已审核
2018-07-24 10:09:13,410-mp_log-INFO-已审核
2018-07-24 10:09:14,427-mp_log-INFO-审核失败
2018-07-24 10:09:15,398-mp_log-INFO-审核失败
2018-07-24 10:09:16,486-mp_log-INFO-已审核
2018-07-24 10:09:17,446-mp_log-INFO-审核失败
2018-07-24 10:09:18,910-mp_log-INFO-已审核
2018-07-24 10:09:19,647-mp_log-INFO-已审核
2018-07-24 10:09:20,663-mp_log-INFO-审核失败
2018-07-24 10:09:21,735-mp_log-INFO-审核失败
2018-07-24 10:09:22,646-mp_log-INFO-已审核
2018-07-24 10:09:23,759-mp_log-INFO-审核失败
2018-07-24 10:09:24,645-mp_log-INFO-已审核
2018-07-24 10:09:25,732-mp_log-INFO-已审核
2018-07-24 10:09:26,783-mp_log-INFO-已审核
2018-07-24 10:09:27,765-mp_log-INFO-审核中
2018-07-24 10:09:28,747-mp_log-INFO-审核中
2018-07-24 10:09:29,757-mp_log-INFO-审核中
2018-07-24 10:09:30,731-mp_log-INFO-审核失败
2018-07-24 10:09:31,767-mp_log-INFO-已审核
2018-07-24 10:09:32,686-mp_log-INFO-已审核
2018-07-24 10:09:33,759-mp_log-INFO-已审核
2018-07-24 10:09:34,678-mp_log-INFO-审核失败
2018-07-24 10:09:35,704-mp_log-INFO-已审核
2018-07-24 10:09:36,703-mp_log-INFO-已审核
2018-07-24 10:09:37,711-mp_log-INFO-审核中
2018-07-24 10:09:38,719-mp_log-INFO-审核失败
2018-07-24 10:09:39,895-mp_log-INFO-审核中
2018-07-24 10:09:40,769-mp_log-INFO-审核失败
2018-07-24 10:09:41,748-mp_log-INFO-审核中
2018-07-24 10:09:42,802-mp_log-INFO-审核中
2018-07-24 10:09:43,696-mp_log-INFO-已审核
2018-07-24 10:09:44,718-mp_log-INFO-审核失败
2018-07-24 10:09:45,732-mp_log-INFO-已审核
2018-07-24 10:09:46,768-mp_log-INFO-审核失败
2018-07-24 10:09:47,726-mp_log-INFO-审核失败
2018-07-24 10:09:48,869-mp_log-INFO-审核中
2018-07-24 10:09:49,759-mp_log-INFO-已审核
2018-07-24 10:09:50,811-mp_log-INFO-审核失败
2018-07-24 10:09:51,774-mp_log-INFO-审核失败
2018-07-24 10:09:52,792-mp_log-INFO-审核中
2018-07-24 10:09:53,822-mp_log-INFO-已审核
2018-07-24 10:09:54,704-mp_log-INFO-已审核
2018-07-24 10:09:55,820-mp_log-INFO-审核失败
2018-07-24 10:09:56,699-mp_log-INFO-已审核
2018-07-24 10:09:57,735-mp_log-INFO-已审核
2018-07-24 10:09:58,782-mp_log-INFO-已审核
2018-07-24 10:09:59,757-mp_log-INFO-审核失败
2018-07-24 10:10:00,752-mp_log-INFO-已审核
2018-07-24 10:10:01,907-mp_log-INFO-已审核
2018-07-24 10:10:02,735-mp_log-INFO-审核失败
2018-07-24 10:10:03,823-mp_log-INFO-审核失败
2018-07-24 10:10:04,765-mp_log-INFO-已审核
2018-07-24 10:10:05,736-mp_log-INFO-已审核
