2018-07-26 14:07:29,090-mp_log-INFO-token获取成功......
2018-07-26 14:07:32,911-mp_log-INFO-获取所有小程序信息成功......
2018-07-26 14:07:33,366-mp_log-INFO-获取最新模板信息成功.......
2018-07-26 14:07:34,991-mp_log-INFO-审核中
2018-07-26 14:07:36,558-mp_log-INFO-审核中
2018-07-26 14:07:38,224-mp_log-INFO-审核中
2018-07-26 14:07:38,980-mp_log-INFO-审核中
2018-07-26 14:07:39,823-mp_log-INFO-审核中
2018-07-26 14:07:40,625-mp_log-INFO-审核中
2018-07-26 14:07:41,332-mp_log-INFO-审核中
2018-07-26 14:07:42,159-mp_log-INFO-已审核
2018-07-26 14:07:42,923-mp_log-INFO-审核中
2018-07-26 14:07:43,735-mp_log-INFO-审核中
2018-07-26 14:07:44,618-mp_log-INFO-审核中
2018-07-26 14:07:45,411-mp_log-INFO-审核中
2018-07-26 14:07:46,193-mp_log-INFO-已审核
2018-07-26 14:07:46,955-mp_log-INFO-已审核
2018-07-26 14:07:47,723-mp_log-INFO-已审核
2018-07-26 14:07:48,963-mp_log-INFO-已审核
2018-07-26 14:07:49,371-mp_log-INFO-已审核
2018-07-26 14:07:50,144-mp_log-INFO-已审核
2018-07-26 14:07:50,842-mp_log-INFO-已审核
2018-07-26 14:07:51,667-mp_log-INFO-审核中
2018-07-26 14:07:52,600-mp_log-INFO-已审核
2018-07-26 14:07:53,374-mp_log-INFO-审核中
2018-07-26 14:07:54,149-mp_log-INFO-审核中
2018-07-26 14:07:54,891-mp_log-INFO-已审核
2018-07-26 14:07:55,748-mp_log-INFO-已审核
2018-07-26 14:07:56,558-mp_log-INFO-已审核
2018-07-26 14:07:57,309-mp_log-INFO-审核中
2018-07-26 14:07:58,074-mp_log-INFO-审核中
2018-07-26 14:07:58,913-mp_log-INFO-审核中
2018-07-26 14:07:59,754-mp_log-INFO-审核中
2018-07-26 14:08:00,550-mp_log-INFO-已审核
2018-07-26 14:08:01,317-mp_log-INFO-审核中
2018-07-26 14:08:02,117-mp_log-INFO-审核中
2018-07-26 14:08:03,016-mp_log-INFO-审核中
2018-07-26 14:08:03,765-mp_log-INFO-审核中
2018-07-26 14:08:04,542-mp_log-INFO-已审核
2018-07-26 14:08:05,248-mp_log-INFO-已审核
2018-07-26 14:08:06,130-mp_log-INFO-审核中
2018-07-26 14:08:06,896-mp_log-INFO-审核中
2018-07-26 14:08:07,708-mp_log-INFO-已审核
2018-07-26 14:08:08,518-mp_log-INFO-审核中
2018-07-26 14:08:09,297-mp_log-INFO-审核中
2018-07-26 14:08:10,201-mp_log-INFO-已审核
2018-07-26 14:08:10,886-mp_log-INFO-已审核
2018-07-26 14:08:11,782-mp_log-INFO-已审核
2018-07-26 14:08:12,467-mp_log-INFO-已审核
2018-07-26 14:08:13,322-mp_log-INFO-已审核
2018-07-26 14:08:14,086-mp_log-INFO-审核中
2018-07-26 14:08:14,918-mp_log-INFO-审核中
2018-07-26 14:08:15,683-mp_log-INFO-已审核
2018-07-26 14:08:16,487-mp_log-INFO-审核中
2018-07-26 14:08:18,167-mp_log-INFO-已审核
2018-07-26 14:08:18,954-mp_log-INFO-已审核
2018-07-26 14:08:19,698-mp_log-INFO-审核中
2018-07-26 14:08:20,589-mp_log-INFO-审核中
2018-07-26 14:08:21,329-mp_log-INFO-已审核
2018-07-26 14:08:22,131-mp_log-INFO-审核中
2018-07-26 14:08:22,912-mp_log-INFO-已审核
2018-07-26 14:08:23,720-mp_log-INFO-已审核
2018-07-26 14:08:24,542-mp_log-INFO-审核中
2018-07-26 14:08:25,327-mp_log-INFO-审核中
2018-07-26 14:08:26,084-mp_log-INFO-已审核
2018-07-26 14:08:26,938-mp_log-INFO-审核中
2018-07-26 14:08:27,708-mp_log-INFO-已审核
2018-07-26 14:08:28,507-mp_log-INFO-已审核
2018-07-26 14:08:29,302-mp_log-INFO-已审核
2018-07-26 14:08:30,135-mp_log-INFO-审核中
2018-07-26 14:08:30,873-mp_log-INFO-审核中
2018-07-26 14:08:31,707-mp_log-INFO-审核中
2018-07-26 14:08:32,521-mp_log-INFO-审核中
2018-07-26 14:08:33,366-mp_log-INFO-已审核
2018-07-26 14:08:34,129-mp_log-INFO-已审核
2018-07-26 14:08:34,888-mp_log-INFO-已审核
2018-07-26 14:08:35,702-mp_log-INFO-审核中
2018-07-26 14:08:36,530-mp_log-INFO-已审核
2018-07-26 14:08:37,528-mp_log-INFO-已审核
2018-07-26 14:08:38,382-mp_log-INFO-审核中
2018-07-26 14:08:39,132-mp_log-INFO-审核中
2018-07-26 14:08:39,968-mp_log-INFO-审核中
2018-07-26 14:08:40,769-mp_log-INFO-审核中
2018-07-26 14:08:41,490-mp_log-INFO-审核中
2018-07-26 14:08:42,308-mp_log-INFO-审核中
2018-07-26 14:08:43,126-mp_log-INFO-已审核
2018-07-26 14:08:43,912-mp_log-INFO-审核中
2018-07-26 14:08:44,741-mp_log-INFO-已审核
2018-07-26 14:08:45,518-mp_log-INFO-审核中
2018-07-26 14:08:46,349-mp_log-INFO-审核中
2018-07-26 14:08:47,128-mp_log-INFO-审核中
2018-07-26 14:08:47,953-mp_log-INFO-已审核
2018-07-26 14:08:48,696-mp_log-INFO-审核中
2018-07-26 14:08:49,521-mp_log-INFO-审核中
2018-07-26 14:08:50,423-mp_log-INFO-审核中
2018-07-26 14:08:51,123-mp_log-INFO-已审核
2018-07-26 14:08:51,939-mp_log-INFO-已审核
2018-07-26 14:08:52,770-mp_log-INFO-审核中
2018-07-26 14:08:53,584-mp_log-INFO-审核中
2018-07-26 14:08:54,463-mp_log-INFO-已审核
2018-07-26 14:08:55,141-mp_log-INFO-审核中
2018-07-26 14:08:56,018-mp_log-INFO-审核中
2018-07-26 14:08:56,816-mp_log-INFO-已审核
2018-07-26 14:08:57,530-mp_log-INFO-已审核
2018-07-26 14:08:58,333-mp_log-INFO-审核中
2018-07-26 14:08:59,135-mp_log-INFO-审核中
2018-07-26 14:08:59,943-mp_log-INFO-已审核
2018-07-26 14:09:00,727-mp_log-INFO-已审核
