2018-07-23 18:17:42,221-mp_log-INFO-token获取成功......
2018-07-23 18:17:52,301-mp_log-INFO-获取所有小程序信息成功......
2018-07-23 18:17:55,268-mp_log-INFO-获取最新模板信息成功.......
2018-07-23 18:18:00,942-mp_log-INFO-环亚美容模板操作成功,模板名称7.23 正式版17:14
2018-07-23 18:18:01,100-mp_log-ERROR-GOGOBeauty操作失败,失败原因{'status': 500, 'msg': '此管理中心未授权开放平台'}
2018-07-23 18:18:05,405-mp_log-INFO-绿苑女子模板操作成功,模板名称7.23 正式版17:14
2018-07-23 18:18:05,705-mp_log-ERROR-sdfdsfdsf操作失败,失败原因{'status': 500, 'msg': '此管理中心未授权开放平台'}
2018-07-23 18:18:09,029-mp_log-INFO-广州七号驻颜模板操作成功,模板名称7.23 正式版17:14
2018-07-23 18:18:10,837-mp_log-INFO-曼奇莎模板操作成功,模板名称7.23 正式版17:14
2018-07-23 18:18:12,987-mp_log-INFO-诗美逸模板操作成功,模板名称7.23 正式版17:14
2018-07-23 18:18:15,315-mp_log-INFO-颐和美容模板操作成功,模板名称7.23 正式版17:14
2018-07-23 18:18:16,982-mp_log-INFO-Oni速美花园模板操作成功,模板名称7.23 正式版17:14
2018-07-23 18:18:19,299-mp_log-INFO-都市点点模板操作成功,模板名称7.23 正式版17:14
2018-07-23 18:18:21,394-mp_log-INFO-来了美佳澜店模板操作成功,模板名称7.23 正式版17:14
2018-07-23 18:18:23,282-mp_log-INFO-润妃国际模板操作成功,模板名称7.23 正式版17:14
2018-07-23 18:18:25,196-mp_log-INFO-灵动模板操作成功,模板名称7.23 正式版17:14
2018-07-23 18:18:27,844-mp_log-INFO-美美昭彦模板操作成功,模板名称7.23 正式版17:14
2018-07-23 18:18:29,920-mp_log-INFO-当今悦美模板操作成功,模板名称7.23 正式版17:14
2018-07-23 18:18:31,390-mp_log-INFO-贝娅塔模板操作成功,模板名称7.23 正式版17:14
2018-07-23 18:18:33,194-mp_log-INFO-菲常美模板操作成功,模板名称7.23 正式版17:14
2018-07-23 18:18:35,412-mp_log-INFO-当代经典模板操作成功,模板名称7.23 正式版17:14
2018-07-23 18:18:37,851-mp_log-INFO-悠兰lyj模板操作成功,模板名称7.23 正式版17:14
2018-07-23 18:18:39,685-mp_log-INFO-芊思雅莎莎模板操作成功,模板名称7.23 正式版17:14
2018-07-23 18:18:41,473-mp_log-INFO-来就健康模板操作成功,模板名称7.23 正式版17:14
2018-07-23 18:18:44,126-mp_log-INFO-恒美世纪模板操作成功,模板名称7.23 正式版17:14
2018-07-23 18:18:45,254-mp_log-INFO-菲梵经典模板操作成功,模板名称7.23 正式版17:14
2018-07-23 18:18:47,266-mp_log-INFO-虞诗蔓模板操作成功,模板名称7.23 正式版17:14
2018-07-23 18:18:49,632-mp_log-INFO-雪依氏模板操作成功,模板名称7.23 正式版17:14
2018-07-23 18:18:51,674-mp_log-INFO-霭伦恩美模板操作成功,模板名称7.23 正式版17:14
2018-07-23 18:18:53,705-mp_log-INFO-来美吧模板操作成功,模板名称7.23 正式版17:14
2018-07-23 18:18:55,622-mp_log-INFO-美美昭妍模板操作成功,模板名称7.23 正式版17:14
2018-07-23 18:18:57,498-mp_log-INFO-佐登妮丝模板操作成功,模板名称7.23 正式版17:14
2018-07-23 18:18:59,423-mp_log-INFO-娇阑美颜模板操作成功,模板名称7.23 正式版17:14
2018-07-23 18:19:03,908-mp_log-INFO-艾妍整形模板操作成功,模板名称7.23 正式版17:14
2018-07-23 18:19:04,775-mp_log-INFO-爱女士模板操作成功,模板名称7.23 正式版17:14
2018-07-23 18:19:05,505-mp_log-INFO-美人记Beauty模板操作成功,模板名称7.23 正式版17:14
2018-07-23 18:19:07,351-mp_log-INFO-巴黎情缘模板操作成功,模板名称7.23 正式版17:14
2018-07-23 18:19:10,029-mp_log-INFO-梅兰丽人模板操作成功,模板名称7.23 正式版17:14
2018-07-23 18:19:11,608-mp_log-INFO-诗露丽涵模板操作成功,模板名称7.23 正式版17:14
2018-07-23 18:19:13,219-mp_log-INFO-东方仕典模板操作成功,模板名称7.23 正式版17:14
2018-07-23 18:19:15,606-mp_log-INFO-月瘦月美模板操作成功,模板名称7.23 正式版17:14
2018-07-23 18:19:17,390-mp_log-INFO-年轻我可以模板操作成功,模板名称7.23 正式版17:14
2018-07-23 18:19:19,159-mp_log-INFO-兴美源模板操作成功,模板名称7.23 正式版17:14
2018-07-23 18:19:21,227-mp_log-INFO-琉璃水城模板操作成功,模板名称7.23 正式版17:14
2018-07-23 18:19:22,494-mp_log-INFO-栢草源模板操作成功,模板名称7.23 正式版17:14
2018-07-23 18:19:25,028-mp_log-INFO-杭州东方整形模板操作成功,模板名称7.23 正式版17:14
2018-07-23 18:19:26,693-mp_log-INFO-美共享模板操作成功,模板名称7.23 正式版17:14
2018-07-23 18:19:28,780-mp_log-INFO-ME智慧美店模板操作成功,模板名称7.23 正式版17:14
2018-07-23 18:19:30,939-mp_log-INFO-二院美丽之约模板操作成功,模板名称7.23 正式版17:14
2018-07-23 18:19:33,435-mp_log-INFO-弘迪美容美发模板操作成功,模板名称7.23 正式版17:14
2018-07-23 18:19:35,096-mp_log-INFO-南洋beauty模板操作成功,模板名称7.23 正式版17:14
2018-07-23 18:19:37,594-mp_log-INFO-阿芙洛蒂模板操作成功,模板名称7.23 正式版17:14
2018-07-23 18:19:39,632-mp_log-INFO-来了美标榜店模板操作成功,模板名称7.23 正式版17:14
2018-07-23 18:19:41,621-mp_log-INFO-美德福模板操作成功,模板名称7.23 正式版17:14
2018-07-23 18:19:43,871-mp_log-INFO-杭州桐雅模板操作成功,模板名称7.23 正式版17:14
2018-07-23 18:19:45,021-mp_log-INFO-妃香伊丹模板操作成功,模板名称7.23 正式版17:14
2018-07-23 18:19:45,800-mp_log-ERROR-光速美操作失败,失败原因{'status': 500, 'msg': '此管理中心未授权开放平台'}
2018-07-23 18:19:48,807-mp_log-INFO-魅力华健模板操作成功,模板名称7.23 正式版17:14
2018-07-23 18:19:51,226-mp_log-INFO-窈窕淑女模板操作成功,模板名称7.23 正式版17:14
2018-07-23 18:19:53,826-mp_log-INFO-香密雅CIMIA模板操作成功,模板名称7.23 正式版17:14
2018-07-23 18:19:55,778-mp_log-INFO-妍雅媛模板操作成功,模板名称7.23 正式版17:14
2018-07-23 18:19:59,789-mp_log-INFO-云立方模板操作成功,模板名称7.23 正式版17:14
2018-07-23 18:20:00,897-mp_log-INFO-来了美模板操作成功,模板名称7.23 正式版17:14
2018-07-23 18:20:01,805-mp_log-INFO-来了美韩尚恩模板操作成功,模板名称7.23 正式版17:14
2018-07-23 18:20:03,696-mp_log-INFO-纤指百媚模板操作成功,模板名称7.23 正式版17:14
2018-07-23 18:20:04,848-mp_log-INFO-美之颜模板操作成功,模板名称7.23 正式版17:14
2018-07-23 18:20:07,432-mp_log-INFO-GOGOBeauty模板操作成功,模板名称7.23 正式版17:14
2018-07-23 18:20:09,587-mp_log-INFO-香住SPA模板操作成功,模板名称7.23 正式版17:14
2018-07-23 18:20:12,668-mp_log-INFO-黄氏百佳模板操作成功,模板名称7.23 正式版17:14
2018-07-23 18:20:15,117-mp_log-INFO-创美雅香莱模板操作成功,模板名称7.23 正式版17:14
2018-07-23 18:20:17,458-mp_log-INFO-植美SPA模板操作成功,模板名称7.23 正式版17:14
2018-07-23 18:20:18,607-mp_log-INFO-艾面一族 模板操作成功,模板名称7.23 正式版17:14
2018-07-23 18:20:19,867-mp_log-INFO-曼姿模板操作成功,模板名称7.23 正式版17:14
2018-07-23 18:20:21,970-mp_log-INFO-美丽九九模板操作成功,模板名称7.23 正式版17:14
2018-07-23 18:20:23,608-mp_log-INFO-智能科技美店模板操作成功,模板名称7.23 正式版17:14
2018-07-23 18:20:25,895-mp_log-INFO-欧妮薇模板操作成功,模板名称7.23 正式版17:14
2018-07-23 18:20:27,861-mp_log-INFO-美姿来就美模板操作成功,模板名称7.23 正式版17:14
2018-07-23 18:20:29,364-mp_log-INFO-IVY艾菲芭模板操作成功,模板名称7.23 正式版17:14
2018-07-23 18:20:31,456-mp_log-INFO-来了美雲会所模板操作成功,模板名称7.23 正式版17:14
2018-07-23 18:20:33,220-mp_log-INFO-你好漂亮模板操作成功,模板名称7.23 正式版17:14
2018-07-23 18:20:35,564-mp_log-INFO-金柏丽模板操作成功,模板名称7.23 正式版17:14
2018-07-23 18:20:37,492-mp_log-INFO-长江九号模板操作成功,模板名称7.23 正式版17:14
2018-07-23 18:20:39,838-mp_log-INFO-如生堂模板操作成功,模板名称7.23 正式版17:14
2018-07-23 18:20:41,746-mp_log-INFO-红妆倾城模板操作成功,模板名称7.23 正式版17:14
2018-07-23 18:20:43,767-mp_log-INFO-英原健康模板操作成功,模板名称7.23 正式版17:14
2018-07-23 18:20:45,791-mp_log-INFO-金贵人Beauty模板操作成功,模板名称7.23 正式版17:14
2018-07-23 18:20:47,790-mp_log-INFO-芯语芳心模板操作成功,模板名称7.23 正式版17:14
2018-07-23 18:20:50,163-mp_log-INFO-还原美模板操作成功,模板名称7.23 正式版17:14
2018-07-23 18:20:52,180-mp_log-INFO-缘临医疗美容模板操作成功,模板名称7.23 正式版17:14
2018-07-23 18:20:54,324-mp_log-INFO-梦圆皇宫模板操作成功,模板名称7.23 正式版17:14
2018-07-23 18:20:56,473-mp_log-INFO-恩雅模板操作成功,模板名称7.23 正式版17:14
2018-07-23 18:20:58,017-mp_log-INFO-DR美研博士模板操作成功,模板名称7.23 正式版17:14
2018-07-23 18:20:59,948-mp_log-INFO-女秀才模板操作成功,模板名称7.23 正式版17:14
2018-07-23 18:21:02,166-mp_log-INFO-東美人儿模板操作成功,模板名称7.23 正式版17:14
2018-07-23 18:21:04,581-mp_log-INFO-承昱医疗模板操作成功,模板名称7.23 正式版17:14
2018-07-23 18:21:05,988-mp_log-INFO-斓悦庭模板操作成功,模板名称7.23 正式版17:14
2018-07-23 18:21:07,430-mp_log-INFO-唯美童妍模板操作成功,模板名称7.23 正式版17:14
2018-07-23 18:21:10,333-mp_log-INFO-掌上美管家A模板操作成功,模板名称7.23 正式版17:14
2018-07-23 18:21:11,914-mp_log-INFO-博妍集美模板操作成功,模板名称7.23 正式版17:14
2018-07-23 18:21:13,645-mp_log-INFO-雅涛世家模板操作成功,模板名称7.23 正式版17:14
2018-07-23 18:21:16,842-mp_log-INFO-呈悦医疗模板操作成功,模板名称7.23 正式版17:14
2018-07-23 18:21:17,654-mp_log-INFO-来了美千丝美模板操作成功,模板名称7.23 正式版17:14
2018-07-23 18:21:19,655-mp_log-INFO-世纪之春模板操作成功,模板名称7.23 正式版17:14
2018-07-23 18:21:21,862-mp_log-INFO-体验店模板操作成功,模板名称7.23 正式版17:14
2018-07-23 18:21:24,457-mp_log-INFO-乐聚模板操作成功,模板名称7.23 正式版17:14
2018-07-23 18:21:26,130-mp_log-INFO-沧州美美达模板操作成功,模板名称7.23 正式版17:14
2018-07-23 18:21:27,385-mp_log-INFO-妮娜形象管理模板操作成功,模板名称7.23 正式版17:14
2018-07-23 18:21:28,969-mp_log-INFO-馨境堂模板操作成功,模板名称7.23 正式版17:14
2018-07-23 18:21:32,120-mp_log-INFO-果蔬美容模板操作成功,模板名称7.23 正式版17:14
2018-07-23 18:21:33,911-mp_log-INFO-贝兰思模板操作成功,模板名称7.23 正式版17:14
2018-07-23 18:21:35,794-mp_log-INFO-欧丽薇模板操作成功,模板名称7.23 正式版17:14
