2018-07-02 19:54:52,788-webLog-INFO-权限读取成功
2018-07-02 19:54:54,030-Getlogin-INFO-获取token成功.....
2018-07-02 19:54:54,944-C_log-INFO-生成充值卡订单OK！，订单id:15168
2018-07-02 19:54:54,944-C_log-INFO-生成充值卡订单OK！，订单id:15168
2018-07-02 19:54:54,944-C_log-INFO-生成充值卡订单OK！，订单id:15168
2018-07-02 19:54:56,491-C_log-INFO-充值卡订单使用美丽金支付OK！
2018-07-02 19:54:56,491-C_log-INFO-充值卡订单使用美丽金支付OK！
2018-07-02 19:54:56,491-C_log-INFO-充值卡订单使用美丽金支付OK！
2018-07-02 19:54:57,676-C_log-INFO-首页获取成功
2018-07-02 19:54:57,676-C_log-INFO-首页获取成功
2018-07-02 19:54:57,676-C_log-INFO-首页获取成功
2018-07-02 19:54:59,477-C_log-INFO-首页获取成功
2018-07-02 19:54:59,477-C_log-INFO-首页获取成功
2018-07-02 19:54:59,477-C_log-INFO-首页获取成功
2018-07-02 19:54:59,772-C_log-INFO-C端登录成功
2018-07-02 19:54:59,772-C_log-INFO-C端登录成功
2018-07-02 19:54:59,772-C_log-INFO-C端登录成功
2018-07-02 19:55:00,069-c_log-INFO-项目详情接口状态返回值:200
2018-07-02 19:55:00,069-c_log-INFO-获取项目详情页成功
2018-07-02 19:55:00,260-c_log-INFO-热门项目列表状态码：200
