2018-07-02 19:55:29,390-webLog-INFO-权限读取成功
2018-07-02 19:55:29,647-Getlogin-INFO-获取token成功.....
2018-07-02 19:55:29,907-C_log-INFO-生成充值卡订单OK！，订单id:15169
2018-07-02 19:55:29,907-C_log-INFO-生成充值卡订单OK！，订单id:15169
2018-07-02 19:55:29,907-C_log-INFO-生成充值卡订单OK！，订单id:15169
2018-07-02 19:55:31,321-C_log-INFO-充值卡订单使用美丽金支付OK！
2018-07-02 19:55:31,321-C_log-INFO-充值卡订单使用美丽金支付OK！
2018-07-02 19:55:31,321-C_log-INFO-充值卡订单使用美丽金支付OK！
2018-07-02 19:55:32,574-C_log-INFO-首页获取成功
2018-07-02 19:55:32,574-C_log-INFO-首页获取成功
2018-07-02 19:55:32,574-C_log-INFO-首页获取成功
2018-07-02 19:55:33,256-C_log-INFO-首页获取成功
2018-07-02 19:55:33,256-C_log-INFO-首页获取成功
2018-07-02 19:55:33,256-C_log-INFO-首页获取成功
2018-07-02 19:55:33,341-C_log-INFO-C端登录成功
2018-07-02 19:55:33,341-C_log-INFO-C端登录成功
2018-07-02 19:55:33,341-C_log-INFO-C端登录成功
2018-07-02 19:55:33,454-c_log-INFO-项目详情接口状态返回值:200
2018-07-02 19:55:33,454-c_log-INFO-获取项目详情页成功
2018-07-02 19:55:33,559-c_log-INFO-热门项目列表状态码：200
2018-07-02 19:55:33,560-c_log-INFO-获取热门项目列表成功
