2018-07-23 17:27:32,958-mp_log-INFO-token获取成功......
2018-07-23 17:27:37,278-mp_log-INFO-获取所有小程序信息成功......
2018-07-23 17:27:39,692-mp_log-INFO-获取最新模板信息成功.......
2018-07-23 17:27:42,869-mp_log-ERROR-ME智慧美店操作失败,失败原因{'status': 'error', 'msg': 'system error hint: [iEkkLA00624521]'}
2018-07-23 17:27:42,905-mp_log-ERROR-长江九号操作失败,失败原因{'status': 'error', 'msg': 'system error hint: [S3900628978]'}
2018-07-23 17:27:42,914-mp_log-ERROR-当代经典操作失败,失败原因{'status': 'error', 'msg': 'system error hint: [btPunA0062b100]'}
2018-07-23 17:27:42,929-mp_log-ERROR-来了美韩尚恩操作失败,失败原因{'status': 'error', 'msg': 'system error hint: [Ikc3oa00621513]'}
2018-07-23 17:27:42,931-mp_log-ERROR-来了美操作失败,失败原因{'status': 'error', 'msg': 'system error hint: [YXUDFa00628978]'}
2018-07-23 17:27:42,940-mp_log-ERROR-艾面一族 操作失败,失败原因{'status': 'error', 'msg': 'system error hint: [89t1Xa00624529]'}
2018-07-23 17:27:42,943-mp_log-ERROR-年轻我可以操作失败,失败原因{'status': 'error', 'msg': 'system error hint: [ARkIEa00622159]'}
2018-07-23 17:27:42,945-mp_log-ERROR-弘迪美容美发操作失败,失败原因{'status': 'error', 'msg': 'system error hint: [JFAwvA00620720]'}
2018-07-23 17:27:42,968-mp_log-ERROR-恒美世纪操作失败,失败原因{'status': 'error', 'msg': 'system error hint: [2Luu40062hb97]'}
2018-07-23 17:27:42,968-mp_log-ERROR-二院美丽之约操作失败,失败原因{'status': 'error', 'msg': 'system error hint: [e9GkBA00621518]'}
2018-07-23 17:27:42,974-mp_log-ERROR-魅力华健操作失败,失败原因{'status': 'error', 'msg': 'system error hint: [3pDhMA00622159]'}
2018-07-23 17:27:42,974-mp_log-ERROR-来美吧操作失败,失败原因{'status': 'error', 'msg': 'system error hint: [cyZV.A00628962]'}
2018-07-23 17:27:42,978-mp_log-ERROR-承昱医疗操作失败,失败原因{'status': 'error', 'msg': 'system error hint: [IYgYUa00621513]'}
2018-07-23 17:27:42,979-mp_log-ERROR-芯语芳心操作失败,失败原因{'status': 'error', 'msg': 'system error hint: [HqE1kA00622361]'}
2018-07-23 17:27:42,982-mp_log-ERROR-IVY艾菲芭操作失败,失败原因{'status': 'error', 'msg': 'system error hint: [r_Q0Va00628978]'}
2018-07-23 17:27:42,984-mp_log-ERROR-创美雅香莱操作失败,失败原因{'status': 'error', 'msg': 'system error hint: [2HfbNA00622159]'}
2018-07-23 17:27:42,991-mp_log-ERROR-美姿来就美操作失败,失败原因{'status': 'error', 'msg': 'system error hint: [CYlg00629030]'}
2018-07-23 17:27:43,077-mp_log-ERROR-恩雅操作失败,失败原因{'status': 'error', 'msg': 'system error hint: [ylhnwa00629030]'}
2018-07-23 17:27:43,082-mp_log-ERROR-欧丽薇操作失败,失败原因{'status': 'error', 'msg': 'system error hint: [gMY4Ta0062b451]'}
2018-07-23 17:27:43,106-mp_log-ERROR-曼姿操作失败,失败原因{'status': 'error', 'msg': 'system error hint: [V2dlRA00622358]'}
2018-07-23 17:27:43,125-mp_log-ERROR-博妍集美操作失败,失败原因{'status': 'error', 'msg': 'system error hint: [cRujHa00620720]'}
2018-07-23 17:27:43,125-mp_log-ERROR-贝兰思操作失败,失败原因{'status': 'error', 'msg': 'system error hint: [vyW2ta00624521]'}
2018-07-23 17:27:43,434-mp_log-INFO-芊思雅莎莎模板操作成功,模板名称7.23 正式版17:14
2018-07-23 17:27:43,444-mp_log-INFO-霭伦恩美模板操作成功,模板名称7.23 正式版17:14
2018-07-23 17:27:43,487-mp_log-INFO-美美昭妍模板操作成功,模板名称7.23 正式版17:14
2018-07-23 17:27:43,494-mp_log-INFO-香住SPA模板操作成功,模板名称7.23 正式版17:14
2018-07-23 17:27:43,498-mp_log-INFO-润妃国际模板操作成功,模板名称7.23 正式版17:14
2018-07-23 17:27:43,521-mp_log-INFO-悠兰lyj模板操作成功,模板名称7.23 正式版17:14
2018-07-23 17:27:43,523-mp_log-INFO-窈窕淑女模板操作成功,模板名称7.23 正式版17:14
2018-07-23 17:27:43,545-mp_log-INFO-菲梵经典模板操作成功,模板名称7.23 正式版17:14
2018-07-23 17:27:43,562-mp_log-INFO-美人记Beauty模板操作成功,模板名称7.23 正式版17:14
2018-07-23 17:27:43,576-mp_log-INFO-贝娅塔模板操作成功,模板名称7.23 正式版17:14
2018-07-23 17:27:43,653-mp_log-INFO-雅涛世家模板操作成功,模板名称7.23 正式版17:14
2018-07-23 17:27:43,663-mp_log-INFO-英原健康模板操作成功,模板名称7.23 正式版17:14
2018-07-23 17:27:43,687-mp_log-INFO-菲常美模板操作成功,模板名称7.23 正式版17:14
2018-07-23 17:27:43,688-mp_log-INFO-当今悦美模板操作成功,模板名称7.23 正式版17:14
2018-07-23 17:27:43,695-mp_log-INFO-南洋beauty模板操作成功,模板名称7.23 正式版17:14
2018-07-23 17:27:43,710-mp_log-INFO-来了美雲会所模板操作成功,模板名称7.23 正式版17:14
2018-07-23 17:27:43,740-mp_log-INFO-阿芙洛蒂模板操作成功,模板名称7.23 正式版17:14
2018-07-23 17:27:43,744-mp_log-INFO-栢草源模板操作成功,模板名称7.23 正式版17:14
2018-07-23 17:27:43,745-mp_log-INFO-兴美源模板操作成功,模板名称7.23 正式版17:14
2018-07-23 17:27:43,751-mp_log-INFO-妮娜形象管理模板操作成功,模板名称7.23 正式版17:14
2018-07-23 17:27:43,765-mp_log-INFO-月瘦月美模板操作成功,模板名称7.23 正式版17:14
2018-07-23 17:27:43,787-mp_log-INFO-如生堂模板操作成功,模板名称7.23 正式版17:14
2018-07-23 17:27:43,790-mp_log-INFO-体验店模板操作成功,模板名称7.23 正式版17:14
2018-07-23 17:27:43,808-mp_log-INFO-植美SPA模板操作成功,模板名称7.23 正式版17:14
2018-07-23 17:27:43,811-mp_log-INFO-掌上美管家A模板操作成功,模板名称7.23 正式版17:14
2018-07-23 17:27:43,834-mp_log-INFO-来就健康模板操作成功,模板名称7.23 正式版17:14
2018-07-23 17:27:43,840-mp_log-INFO-来了美千丝美模板操作成功,模板名称7.23 正式版17:14
2018-07-23 17:27:43,930-mp_log-INFO-纤指百媚模板操作成功,模板名称7.23 正式版17:14
2018-07-23 17:27:43,935-mp_log-INFO-杭州桐雅模板操作成功,模板名称7.23 正式版17:14
2018-07-23 17:27:44,761-mp_log-INFO-都市点点模板操作成功,模板名称7.23 正式版17:14
2018-07-23 17:27:45,280-mp_log-INFO-沧州美美达模板操作成功,模板名称7.23 正式版17:14
2018-07-23 17:27:45,291-mp_log-INFO-智能科技美店模板操作成功,模板名称7.23 正式版17:14
2018-07-23 17:27:45,309-mp_log-INFO-世纪之春模板操作成功,模板名称7.23 正式版17:14
2018-07-23 17:27:45,339-mp_log-INFO-金柏丽模板操作成功,模板名称7.23 正式版17:14
2018-07-23 17:27:45,395-mp_log-INFO-東美人儿模板操作成功,模板名称7.23 正式版17:14
2018-07-23 17:27:45,514-mp_log-INFO-缘临医疗美容模板操作成功,模板名称7.23 正式版17:14
2018-07-23 17:27:52,396-mp_log-INFO-魅力华健提交成功
2018-07-23 17:27:52,468-mp_log-INFO-阿芙洛蒂提交成功
2018-07-23 17:27:52,516-mp_log-INFO-贝娅塔提交成功
2018-07-23 17:27:52,527-mp_log-INFO-润妃国际提交成功
2018-07-23 17:27:52,537-mp_log-INFO-来美吧提交成功
2018-07-23 17:27:52,564-mp_log-INFO-南洋beauty提交成功
2018-07-23 17:27:52,579-mp_log-INFO-栢草源提交成功
2018-07-23 17:27:52,612-mp_log-INFO-芊思雅莎莎提交成功
2018-07-23 17:27:52,631-mp_log-INFO-当代经典提交成功
2018-07-23 17:27:52,637-mp_log-INFO-ME智慧美店提交成功
2018-07-23 17:27:52,644-mp_log-INFO-菲常美提交成功
2018-07-23 17:27:52,673-mp_log-INFO-悠兰lyj提交成功
2018-07-23 17:27:52,680-mp_log-INFO-恒美世纪提交成功
2018-07-23 17:27:52,682-mp_log-INFO-创美雅香莱提交成功
2018-07-23 17:27:52,684-mp_log-INFO-美美昭妍提交成功
2018-07-23 17:27:52,711-mp_log-INFO-霭伦恩美提交成功
2018-07-23 17:27:52,716-mp_log-INFO-来了美韩尚恩提交成功
2018-07-23 17:27:52,750-mp_log-INFO-当今悦美提交成功
2018-07-23 17:27:52,771-mp_log-INFO-年轻我可以提交成功
2018-07-23 17:27:52,771-mp_log-INFO-兴美源提交成功
2018-07-23 17:27:52,776-mp_log-INFO-弘迪美容美发提交成功
2018-07-23 17:27:52,797-mp_log-INFO-芯语芳心提交成功
2018-07-23 17:27:52,830-mp_log-INFO-杭州桐雅提交成功
2018-07-23 17:27:52,837-mp_log-INFO-曼姿提交成功
2018-07-23 17:27:52,840-mp_log-INFO-来就健康提交成功
2018-07-23 17:27:52,852-mp_log-INFO-都市点点提交成功
2018-07-23 17:27:52,855-mp_log-INFO-缘临医疗美容提交成功
2018-07-23 17:27:52,862-mp_log-INFO-月瘦月美提交成功
2018-07-23 17:27:52,867-mp_log-INFO-世纪之春提交成功
2018-07-23 17:27:52,878-mp_log-INFO-東美人儿提交成功
2018-07-23 17:27:52,881-mp_log-INFO-体验店提交成功
2018-07-23 17:27:52,918-mp_log-INFO-菲梵经典提交成功
2018-07-23 17:27:52,922-mp_log-INFO-沧州美美达提交成功
2018-07-23 17:27:52,928-mp_log-INFO-纤指百媚提交成功
2018-07-23 17:27:52,942-mp_log-INFO-长江九号提交成功
2018-07-23 17:27:52,976-mp_log-INFO-雅涛世家提交成功
2018-07-23 17:27:52,986-mp_log-INFO-美人记Beauty提交成功
2018-07-23 17:27:52,993-mp_log-INFO-博妍集美提交成功
2018-07-23 17:27:53,001-mp_log-INFO-美姿来就美提交成功
2018-07-23 17:27:53,015-mp_log-INFO-英原健康提交成功
2018-07-23 17:27:53,021-mp_log-INFO-来了美雲会所提交成功
2018-07-23 17:27:53,023-mp_log-INFO-来了美提交成功
2018-07-23 17:27:53,023-mp_log-INFO-植美SPA提交成功
2018-07-23 17:27:53,032-mp_log-INFO-恩雅提交成功
2018-07-23 17:27:53,035-mp_log-INFO-香住SPA提交成功
2018-07-23 17:27:53,054-mp_log-INFO-掌上美管家A提交成功
2018-07-23 17:27:53,056-mp_log-INFO-来了美千丝美提交成功
2018-07-23 17:27:53,073-mp_log-INFO-窈窕淑女提交成功
2018-07-23 17:27:53,079-mp_log-INFO-承昱医疗提交成功
2018-07-23 17:27:53,083-mp_log-INFO-妮娜形象管理提交成功
2018-07-23 17:27:53,089-mp_log-INFO-金柏丽提交成功
2018-07-23 17:27:53,128-mp_log-INFO-智能科技美店提交成功
2018-07-23 17:27:53,151-mp_log-INFO-IVY艾菲芭提交成功
2018-07-23 17:27:53,182-mp_log-INFO-艾面一族 提交成功
2018-07-23 17:27:53,231-mp_log-INFO-二院美丽之约提交成功
2018-07-23 17:27:53,243-mp_log-INFO-贝兰思提交成功
2018-07-23 17:27:53,441-mp_log-INFO-如生堂提交成功
2018-07-23 17:27:53,450-mp_log-INFO-欧丽薇提交成功
