2018-07-26 11:02:15,582-mp_log-INFO-token获取成功......
2018-07-26 11:02:19,081-mp_log-INFO-获取所有小程序信息成功......
2018-07-26 11:02:19,549-mp_log-INFO-获取最新模板信息成功.......
2018-07-26 11:02:21,056-mp_log-INFO-审核中
2018-07-26 11:02:22,623-mp_log-INFO-审核中
2018-07-26 11:02:24,352-mp_log-INFO-审核中
2018-07-26 11:02:25,101-mp_log-INFO-审核中
2018-07-26 11:02:25,864-mp_log-INFO-审核中
2018-07-26 11:02:26,767-mp_log-INFO-审核中
2018-07-26 11:02:27,581-mp_log-INFO-审核中
2018-07-26 11:02:28,551-mp_log-INFO-已审核
2018-07-26 11:02:29,036-mp_log-INFO-审核中
2018-07-26 11:02:30,235-mp_log-INFO-审核中
2018-07-26 11:02:30,702-mp_log-INFO-审核中
2018-07-26 11:02:31,481-mp_log-INFO-审核中
2018-07-26 11:02:32,296-mp_log-INFO-已审核
2018-07-26 11:02:33,344-mp_log-INFO-已审核
2018-07-26 11:02:33,896-mp_log-INFO-已审核
2018-07-26 11:02:34,678-mp_log-INFO-已审核
2018-07-26 11:02:35,440-mp_log-INFO-已审核
2018-07-26 11:02:36,324-mp_log-INFO-已审核
2018-07-26 11:02:37,079-mp_log-INFO-已审核
2018-07-26 11:02:37,873-mp_log-INFO-审核中
2018-07-26 11:02:38,694-mp_log-INFO-已审核
2018-07-26 11:02:39,619-mp_log-INFO-审核中
2018-07-26 11:02:40,324-mp_log-INFO-审核中
2018-07-26 11:02:41,058-mp_log-INFO-已审核
2018-07-26 11:02:41,861-mp_log-INFO-已审核
2018-07-26 11:02:42,701-mp_log-INFO-已审核
2018-07-26 11:02:43,481-mp_log-INFO-审核中
2018-07-26 11:02:44,362-mp_log-INFO-审核中
2018-07-26 11:02:45,104-mp_log-INFO-审核中
2018-07-26 11:02:45,870-mp_log-INFO-审核中
2018-07-26 11:02:46,688-mp_log-INFO-已审核
2018-07-26 11:02:47,492-mp_log-INFO-审核中
2018-07-26 11:02:48,298-mp_log-INFO-审核中
2018-07-26 11:02:49,125-mp_log-INFO-审核中
2018-07-26 11:02:49,882-mp_log-INFO-审核中
2018-07-26 11:02:50,767-mp_log-INFO-已审核
2018-07-26 11:02:51,580-mp_log-INFO-已审核
2018-07-26 11:02:52,362-mp_log-INFO-审核中
2018-07-26 11:02:53,099-mp_log-INFO-审核中
2018-07-26 11:02:53,918-mp_log-INFO-已审核
2018-07-26 11:02:54,669-mp_log-INFO-审核中
2018-07-26 11:02:55,632-mp_log-INFO-审核中
2018-07-26 11:02:57,020-mp_log-INFO-已审核
2018-07-26 11:02:57,234-mp_log-INFO-已审核
2018-07-26 11:02:57,905-mp_log-INFO-已审核
2018-07-26 11:02:58,857-mp_log-INFO-已审核
2018-07-26 11:02:59,751-mp_log-INFO-已审核
2018-07-26 11:03:00,283-mp_log-INFO-审核中
2018-07-26 11:03:01,392-mp_log-INFO-审核中
2018-07-26 11:03:01,898-mp_log-INFO-已审核
2018-07-26 11:03:02,763-mp_log-INFO-审核中
2018-07-26 11:03:04,327-mp_log-INFO-已审核
2018-07-26 11:03:05,332-mp_log-INFO-已审核
2018-07-26 11:03:05,958-mp_log-INFO-审核中
2018-07-26 11:03:06,743-mp_log-INFO-审核中
2018-07-26 11:03:07,549-mp_log-INFO-已审核
2018-07-26 11:03:08,318-mp_log-INFO-审核中
2018-07-26 11:03:09,418-mp_log-INFO-已审核
2018-07-26 11:03:09,924-mp_log-INFO-已审核
2018-07-26 11:03:10,723-mp_log-INFO-审核中
2018-07-26 11:03:11,507-mp_log-INFO-审核中
2018-07-26 11:03:12,276-mp_log-INFO-已审核
2018-07-26 11:03:13,194-mp_log-INFO-审核中
2018-07-26 11:03:13,855-mp_log-INFO-已审核
2018-07-26 11:03:14,707-mp_log-INFO-已审核
2018-07-26 11:03:15,602-mp_log-INFO-已审核
2018-07-26 11:03:16,403-mp_log-INFO-审核中
2018-07-26 11:03:17,163-mp_log-INFO-审核中
2018-07-26 11:03:18,226-mp_log-INFO-审核中
2018-07-26 11:03:18,735-mp_log-INFO-审核中
2018-07-26 11:03:19,571-mp_log-INFO-已审核
2018-07-26 11:03:20,524-mp_log-INFO-已审核
2018-07-26 11:03:21,285-mp_log-INFO-已审核
2018-07-26 11:03:22,204-mp_log-INFO-审核中
2018-07-26 11:03:22,732-mp_log-INFO-已审核
2018-07-26 11:03:23,505-mp_log-INFO-已审核
2018-07-26 11:03:24,373-mp_log-INFO-审核中
2018-07-26 11:03:25,262-mp_log-INFO-审核中
2018-07-26 11:03:26,261-mp_log-INFO-审核中
2018-07-26 11:03:26,781-mp_log-INFO-审核中
2018-07-26 11:03:27,478-mp_log-INFO-审核中
2018-07-26 11:03:28,309-mp_log-INFO-审核中
2018-07-26 11:03:29,212-mp_log-INFO-已审核
2018-07-26 11:03:30,047-mp_log-INFO-审核中
2018-07-26 11:03:30,728-mp_log-INFO-已审核
2018-07-26 11:03:31,779-mp_log-INFO-审核中
2018-07-26 11:03:32,515-mp_log-INFO-审核中
2018-07-26 11:03:33,133-mp_log-INFO-审核中
2018-07-26 11:03:33,973-mp_log-INFO-已审核
2018-07-26 11:03:34,754-mp_log-INFO-审核中
2018-07-26 11:03:35,565-mp_log-INFO-审核中
2018-07-26 11:03:36,356-mp_log-INFO-审核中
2018-07-26 11:03:37,184-mp_log-INFO-已审核
2018-07-26 11:03:37,987-mp_log-INFO-已审核
2018-07-26 11:03:39,624-mp_log-INFO-审核中
2018-07-26 11:03:39,776-mp_log-INFO-审核中
2018-07-26 11:03:40,451-mp_log-INFO-已审核
2018-07-26 11:03:41,136-mp_log-INFO-审核中
2018-07-26 11:03:41,917-mp_log-INFO-审核中
2018-07-26 11:03:42,716-mp_log-INFO-已审核
2018-07-26 11:03:43,498-mp_log-INFO-已审核
2018-07-26 11:03:44,367-mp_log-INFO-审核中
2018-07-26 11:03:45,202-mp_log-INFO-审核中
2018-07-26 11:03:45,983-mp_log-INFO-已审核
2018-07-26 11:03:46,744-mp_log-INFO-已审核
