2018-07-26 11:00:06,574-mp_log-INFO-token获取成功......
2018-07-26 11:00:10,146-mp_log-INFO-获取所有小程序信息成功......
2018-07-26 11:00:10,890-mp_log-INFO-获取最新模板信息成功.......
2018-07-26 11:00:13,187-mp_log-INFO-审核中
2018-07-26 11:00:13,345-mp_log-INFO-审核中
2018-07-26 11:00:14,355-mp_log-INFO-审核中
2018-07-26 11:00:14,701-mp_log-INFO-审核中
2018-07-26 11:00:15,333-mp_log-INFO-审核中
2018-07-26 11:00:15,947-mp_log-INFO-审核中
2018-07-26 11:00:17,201-mp_log-INFO-已审核
2018-07-26 11:00:17,265-mp_log-INFO-审核中
2018-07-26 11:00:17,683-mp_log-INFO-审核中
2018-07-26 11:00:17,997-mp_log-INFO-审核中
2018-07-26 11:00:18,210-mp_log-INFO-审核中
2018-07-26 11:00:18,751-mp_log-INFO-审核中
2018-07-26 11:00:19,241-mp_log-INFO-已审核
2018-07-26 11:00:19,700-mp_log-INFO-已审核
2018-07-26 11:00:20,302-mp_log-INFO-已审核
2018-07-26 11:00:20,880-mp_log-INFO-已审核
2018-07-26 11:00:21,450-mp_log-INFO-已审核
2018-07-26 11:00:22,123-mp_log-INFO-已审核
2018-07-26 11:00:22,235-mp_log-INFO-已审核
2018-07-26 11:00:22,859-mp_log-INFO-审核中
2018-07-26 11:00:23,334-mp_log-INFO-已审核
2018-07-26 11:00:23,626-mp_log-INFO-审核中
2018-07-26 11:00:24,231-mp_log-INFO-审核中
2018-07-26 11:00:24,671-mp_log-INFO-已审核
2018-07-26 11:00:25,424-mp_log-INFO-已审核
2018-07-26 11:00:26,298-mp_log-INFO-审核中
2018-07-26 11:00:26,937-mp_log-INFO-已审核
2018-07-26 11:00:27,200-mp_log-INFO-审核中
2018-07-26 11:00:27,219-mp_log-INFO-审核中
2018-07-26 11:00:27,809-mp_log-INFO-审核中
2018-07-26 11:00:28,229-mp_log-INFO-已审核
2018-07-26 11:00:28,726-mp_log-INFO-审核中
2018-07-26 11:00:29,162-mp_log-INFO-审核中
2018-07-26 11:00:29,664-mp_log-INFO-审核中
2018-07-26 11:00:30,494-mp_log-INFO-审核中
2018-07-26 11:00:30,760-mp_log-INFO-已审核
2018-07-26 11:00:31,254-mp_log-INFO-已审核
2018-07-26 11:00:31,806-mp_log-INFO-审核中
2018-07-26 11:00:32,123-mp_log-INFO-审核中
2018-07-26 11:00:32,586-mp_log-INFO-已审核
2018-07-26 11:00:33,083-mp_log-INFO-审核中
2018-07-26 11:00:33,669-mp_log-INFO-审核中
2018-07-26 11:00:34,103-mp_log-INFO-已审核
2018-07-26 11:00:34,611-mp_log-INFO-已审核
2018-07-26 11:00:35,476-mp_log-INFO-已审核
2018-07-26 11:00:35,618-mp_log-INFO-已审核
2018-07-26 11:00:36,155-mp_log-INFO-已审核
2018-07-26 11:00:36,679-mp_log-INFO-审核中
2018-07-26 11:00:37,167-mp_log-INFO-审核中
2018-07-26 11:00:37,637-mp_log-INFO-已审核
2018-07-26 11:00:38,197-mp_log-INFO-审核中
2018-07-26 11:00:39,493-mp_log-INFO-已审核
2018-07-26 11:00:39,699-mp_log-INFO-已审核
2018-07-26 11:00:40,238-mp_log-INFO-审核中
2018-07-26 11:00:40,711-mp_log-INFO-审核中
2018-07-26 11:00:41,107-mp_log-INFO-已审核
2018-07-26 11:00:41,656-mp_log-INFO-审核中
2018-07-26 11:00:42,182-mp_log-INFO-已审核
2018-07-26 11:00:42,673-mp_log-INFO-已审核
2018-07-26 11:00:43,154-mp_log-INFO-审核中
2018-07-26 11:00:43,712-mp_log-INFO-审核中
2018-07-26 11:00:44,108-mp_log-INFO-已审核
2018-07-26 11:00:44,798-mp_log-INFO-审核中
2018-07-26 11:00:45,087-mp_log-INFO-已审核
2018-07-26 11:00:45,671-mp_log-INFO-已审核
2018-07-26 11:00:46,174-mp_log-INFO-已审核
2018-07-26 11:00:46,695-mp_log-INFO-审核中
2018-07-26 11:00:47,197-mp_log-INFO-审核中
2018-07-26 11:00:47,714-mp_log-INFO-审核中
2018-07-26 11:00:48,124-mp_log-INFO-审核中
2018-07-26 11:00:48,703-mp_log-INFO-已审核
2018-07-26 11:00:49,127-mp_log-INFO-已审核
2018-07-26 11:00:49,555-mp_log-INFO-已审核
2018-07-26 11:00:50,153-mp_log-INFO-审核中
2018-07-26 11:00:50,686-mp_log-INFO-已审核
2018-07-26 11:00:51,159-mp_log-INFO-已审核
2018-07-26 11:00:51,719-mp_log-INFO-审核中
2018-07-26 11:00:52,202-mp_log-INFO-审核中
2018-07-26 11:00:52,716-mp_log-INFO-审核中
2018-07-26 11:00:53,170-mp_log-INFO-审核中
2018-07-26 11:00:53,657-mp_log-INFO-审核中
2018-07-26 11:00:54,331-mp_log-INFO-审核中
2018-07-26 11:00:54,695-mp_log-INFO-已审核
2018-07-26 11:00:55,159-mp_log-INFO-审核中
2018-07-26 11:00:56,047-mp_log-INFO-已审核
2018-07-26 11:00:56,521-mp_log-INFO-审核中
2018-07-26 11:00:57,815-mp_log-INFO-审核中
2018-07-26 11:00:57,899-mp_log-INFO-已审核
2018-07-26 11:00:58,253-mp_log-INFO-审核中
2018-07-26 11:00:58,872-mp_log-INFO-审核中
2018-07-26 11:00:59,480-mp_log-INFO-审核中
2018-07-26 11:01:00,122-mp_log-INFO-已审核
2018-07-26 11:01:00,857-mp_log-INFO-审核中
2018-07-26 11:01:01,857-mp_log-INFO-已审核
2018-07-26 11:01:01,948-mp_log-INFO-已审核
2018-07-26 11:01:01,980-mp_log-INFO-审核中
2018-07-26 11:01:02,257-mp_log-INFO-审核中
2018-07-26 11:01:02,779-mp_log-INFO-审核中
2018-07-26 11:01:03,147-mp_log-INFO-已审核
2018-07-26 11:01:03,721-mp_log-INFO-已审核
2018-07-26 11:01:04,227-mp_log-INFO-审核中
2018-07-26 11:01:04,717-mp_log-INFO-审核中
2018-07-26 11:01:05,191-mp_log-INFO-已审核
2018-07-26 11:01:05,717-mp_log-INFO-已审核
