2018-07-16 14:16:05,715-mp_log-INFO-token获取成功......
2018-07-16 14:16:06,279-mp_log-INFO-获取所有小程序信息成功......
2018-07-16 14:16:06,753-mp_log-INFO-获取最新模板信息成功.......
2018-07-16 14:16:42,849-mp_log-INFO-token获取成功......
2018-07-16 14:16:43,024-mp_log-INFO-获取所有小程序信息成功......
2018-07-16 14:16:43,553-mp_log-INFO-获取最新模板信息成功.......
2018-07-16 14:16:45,141-mp_log-INFO------------------环亚美容模板操作成功------------------
2018-07-16 14:16:46,855-mp_log-INFO------------------绿苑女子模板操作成功------------------
2018-07-16 14:16:48,524-mp_log-INFO------------------广州七号驻颜模板操作成功------------------
2018-07-16 14:16:50,762-mp_log-INFO------------------曼奇莎模板操作成功------------------
2018-07-16 14:16:52,224-mp_log-INFO------------------诗美逸模板操作成功------------------
2018-07-16 14:16:53,745-mp_log-INFO------------------颐和美容模板操作成功------------------
2018-07-16 14:16:55,366-mp_log-INFO------------------Oni智能美肤模板操作成功------------------
2018-07-16 14:16:56,792-mp_log-INFO------------------来了美佳澜店模板操作成功------------------
2018-07-16 14:16:58,335-mp_log-INFO------------------润妃国际模板操作成功------------------
2018-07-16 14:16:59,918-mp_log-INFO------------------灵动模板操作成功------------------
2018-07-16 14:17:01,439-mp_log-INFO------------------美美答伊丽莎模板操作成功------------------
2018-07-16 14:17:03,088-mp_log-INFO------------------当今悦美模板操作成功------------------
2018-07-16 14:17:04,652-mp_log-INFO------------------贝娅塔模板操作成功------------------
2018-07-16 14:17:06,436-mp_log-INFO------------------菲常美模板操作成功------------------
2018-07-16 14:17:08,074-mp_log-INFO------------------当代经典模板操作成功------------------
2018-07-16 14:17:09,596-mp_log-INFO------------------芊思雅莎莎模板操作成功------------------
2018-07-16 14:17:11,589-mp_log-INFO------------------恒美世纪模板操作成功------------------
2018-07-16 14:17:16,128-mp_log-INFO------------------虞诗蔓模板操作成功------------------
2018-07-16 14:17:17,775-mp_log-INFO------------------雪依氏模板操作成功------------------
2018-07-16 14:17:19,100-mp_log-INFO------------------霭伦恩美模板操作成功------------------
2018-07-16 14:17:20,386-mp_log-INFO------------------来美吧模板操作成功------------------
2018-07-16 14:17:21,980-mp_log-INFO------------------美美昭妍模板操作成功------------------
2018-07-16 14:17:23,314-mp_log-INFO------------------佐登妮丝模板操作成功------------------
2018-07-16 14:17:25,138-mp_log-INFO------------------娇阑美颜模板操作成功------------------
2018-07-16 14:17:26,542-mp_log-INFO------------------爱女士模板操作成功------------------
2018-07-16 14:17:28,175-mp_log-INFO------------------艾妍整形模板操作成功------------------
2018-07-16 14:17:29,687-mp_log-INFO------------------巴黎情缘模板操作成功------------------
2018-07-16 14:17:31,176-mp_log-INFO------------------梅兰丽人模板操作成功------------------
2018-07-16 14:17:32,792-mp_log-INFO------------------诗露丽涵模板操作成功------------------
2018-07-16 14:17:34,564-mp_log-INFO------------------东方仕典模板操作成功------------------
2018-07-16 14:17:36,315-mp_log-INFO------------------月瘦月美模板操作成功------------------
2018-07-16 14:17:37,969-mp_log-INFO------------------年轻我可以模板操作成功------------------
2018-07-16 14:17:39,815-mp_log-INFO------------------兴美源模板操作成功------------------
2018-07-16 14:17:41,637-mp_log-INFO------------------琉璃水城模板操作成功------------------
2018-07-16 14:17:43,703-mp_log-INFO------------------栢草源模板操作成功------------------
2018-07-16 14:17:45,108-mp_log-INFO------------------杭州东方整形模板操作成功------------------
2018-07-16 14:17:46,521-mp_log-INFO------------------美共享模板操作成功------------------
2018-07-16 14:17:47,994-mp_log-INFO------------------ME智慧美店模板操作成功------------------
2018-07-16 14:17:49,357-mp_log-INFO------------------二院美丽之约模板操作成功------------------
2018-07-16 14:17:50,834-mp_log-INFO------------------弘迪美容美发模板操作成功------------------
2018-07-16 14:17:52,345-mp_log-INFO------------------南洋beauty模板操作成功------------------
2018-07-16 14:17:53,843-mp_log-INFO------------------阿芙洛蒂模板操作成功------------------
2018-07-16 14:17:55,370-mp_log-INFO------------------来了美标榜店模板操作成功------------------
2018-07-16 14:17:56,766-mp_log-INFO------------------美德福模板操作成功------------------
2018-07-16 14:17:58,409-mp_log-INFO------------------杭州桐雅模板操作成功------------------
2018-07-16 14:17:59,940-mp_log-INFO------------------妃香伊丹模板操作成功------------------
2018-07-16 14:18:02,233-mp_log-INFO------------------窈窕淑女模板操作成功------------------
2018-07-16 14:18:03,894-mp_log-INFO------------------香密雅CIMIA模板操作成功------------------
2018-07-16 14:18:05,515-mp_log-INFO------------------妍雅媛模板操作成功------------------
2018-07-16 14:18:07,229-mp_log-INFO------------------来了美模板操作成功------------------
2018-07-16 14:18:08,852-mp_log-INFO------------------云立方模板操作成功------------------
2018-07-16 14:18:10,288-mp_log-INFO------------------来了美韩尚恩模板操作成功------------------
2018-07-16 14:18:11,993-mp_log-INFO------------------纤指百媚模板操作成功------------------
2018-07-16 14:18:13,311-mp_log-INFO------------------美之颜模板操作成功------------------
2018-07-16 14:18:15,678-mp_log-INFO------------------GOGOBeauty模板操作成功------------------
2018-07-16 14:18:16,998-mp_log-INFO------------------香住SPA模板操作成功------------------
2018-07-16 14:18:18,735-mp_log-INFO------------------黄氏百佳模板操作成功------------------
2018-07-16 14:18:20,151-mp_log-INFO------------------创美雅香莱模板操作成功------------------
2018-07-16 14:18:21,657-mp_log-INFO------------------艾面一族 模板操作成功------------------
2018-07-16 14:18:23,747-mp_log-INFO------------------植美SPA模板操作成功------------------
2018-07-16 14:18:25,433-mp_log-INFO------------------曼姿模板操作成功------------------
2018-07-16 14:18:26,892-mp_log-INFO------------------美丽九九模板操作成功------------------
2018-07-16 14:18:28,594-mp_log-INFO------------------智能科技美店模板操作成功------------------
2018-07-16 14:18:30,318-mp_log-INFO------------------欧妮薇模板操作成功------------------
2018-07-16 14:18:31,724-mp_log-INFO------------------美姿来就美模板操作成功------------------
2018-07-16 14:18:33,234-mp_log-INFO------------------IVY艾菲芭模板操作成功------------------
2018-07-16 14:18:34,607-mp_log-INFO------------------来了美雲会所模板操作成功------------------
2018-07-16 14:18:36,097-mp_log-INFO------------------你好漂亮模板操作成功------------------
2018-07-16 14:18:37,520-mp_log-INFO------------------金柏丽模板操作成功------------------
2018-07-16 14:18:39,326-mp_log-INFO------------------长江九号模板操作成功------------------
2018-07-16 14:18:41,017-mp_log-INFO------------------如生堂模板操作成功------------------
2018-07-16 14:18:42,362-mp_log-INFO------------------红妆倾城模板操作成功------------------
2018-07-16 14:18:43,793-mp_log-INFO------------------英原健康模板操作成功------------------
2018-07-16 14:18:45,665-mp_log-INFO------------------金贵人Beauty模板操作成功------------------
2018-07-16 14:18:47,200-mp_log-INFO------------------芯语芳心模板操作成功------------------
2018-07-16 14:18:48,686-mp_log-INFO------------------还原美模板操作成功------------------
2018-07-16 14:18:50,143-mp_log-INFO------------------梦圆皇宫模板操作成功------------------
2018-07-16 14:18:51,540-mp_log-INFO------------------恩雅模板操作成功------------------
2018-07-16 14:18:53,060-mp_log-INFO------------------DR美研博士模板操作成功------------------
2018-07-16 14:18:54,522-mp_log-INFO------------------女秀才模板操作成功------------------
2018-07-16 14:18:56,255-mp_log-INFO------------------東美人儿模板操作成功------------------
2018-07-16 14:18:57,864-mp_log-INFO------------------承昱医疗模板操作成功------------------
2018-07-16 14:18:59,382-mp_log-INFO------------------斓悦庭模板操作成功------------------
2018-07-16 14:19:01,758-mp_log-INFO------------------唯美童妍模板操作成功------------------
2018-07-16 14:19:03,352-mp_log-INFO------------------掌上美管家A模板操作成功------------------
2018-07-16 14:19:04,890-mp_log-INFO------------------博妍集美模板操作成功------------------
2018-07-16 14:19:06,477-mp_log-INFO------------------雅涛世家模板操作成功------------------
2018-07-16 14:19:07,922-mp_log-INFO------------------呈悦医疗模板操作成功------------------
2018-07-16 14:19:09,510-mp_log-INFO------------------来了美千丝美模板操作成功------------------
2018-07-16 14:19:10,830-mp_log-INFO------------------世纪之春模板操作成功------------------
2018-07-16 14:19:12,213-mp_log-INFO------------------体验店模板操作成功------------------
2018-07-16 14:19:14,597-mp_log-INFO------------------乐聚模板操作成功------------------
2018-07-16 14:19:16,240-mp_log-INFO------------------沧州美美达模板操作成功------------------
2018-07-16 14:19:17,565-mp_log-INFO------------------妮娜形象管理模板操作成功------------------
2018-07-16 14:19:19,151-mp_log-INFO------------------馨境堂模板操作成功------------------
2018-07-16 14:19:20,891-mp_log-INFO------------------果蔬美容模板操作成功------------------
2018-07-16 14:19:22,404-mp_log-INFO------------------贝兰思模板操作成功------------------
2018-07-16 14:19:23,814-mp_log-INFO------------------欧丽薇模板操作成功------------------
2018-07-16 14:19:25,356-mp_log-ERROR-环亚美容提交失败
2018-07-16 14:19:29,195-mp_log-INFO-绿苑女子提交成功
2018-07-16 14:19:29,980-mp_log-ERROR-广州七号驻颜提交失败
2018-07-16 14:19:33,569-mp_log-INFO-曼奇莎提交成功
2018-07-16 14:19:34,419-mp_log-ERROR-诗美逸提交失败
2018-07-16 14:19:37,372-mp_log-ERROR-颐和美容提交失败
2018-07-16 14:19:41,164-mp_log-INFO-Oni智能美肤提交成功
2018-07-16 14:19:42,771-mp_log-INFO-来了美佳澜店提交成功
2018-07-16 14:19:44,444-mp_log-INFO-润妃国际提交成功
2018-07-16 14:19:45,941-mp_log-INFO-灵动提交成功
2018-07-16 14:19:46,814-mp_log-ERROR-美美答伊丽莎提交失败
2018-07-16 14:19:50,488-mp_log-INFO-当今悦美提交成功
2018-07-16 14:19:52,246-mp_log-INFO-贝娅塔提交成功
2018-07-16 14:19:53,867-mp_log-INFO-菲常美提交成功
2018-07-16 14:19:55,465-mp_log-INFO-当代经典提交成功
2018-07-16 14:19:57,291-mp_log-INFO-芊思雅莎莎提交成功
2018-07-16 14:19:59,234-mp_log-INFO-恒美世纪提交成功
2018-07-16 14:20:00,733-mp_log-INFO-虞诗蔓提交成功
2018-07-16 14:20:02,647-mp_log-INFO-雪依氏提交成功
2018-07-16 14:20:04,811-mp_log-INFO-霭伦恩美提交成功
2018-07-16 14:20:06,303-mp_log-INFO-来美吧提交成功
2018-07-16 14:20:07,998-mp_log-INFO-美美昭妍提交成功
2018-07-16 14:20:09,356-mp_log-ERROR-佐登妮丝提交失败
2018-07-16 14:20:13,347-mp_log-INFO-娇阑美颜提交成功
2018-07-16 14:20:14,210-mp_log-ERROR-爱女士提交失败
2018-07-16 14:20:17,871-mp_log-INFO-艾妍整形提交成功
2018-07-16 14:20:19,057-mp_log-ERROR-巴黎情缘提交失败
2018-07-16 14:20:22,627-mp_log-INFO-梅兰丽人提交成功
2018-07-16 14:20:24,220-mp_log-INFO-诗露丽涵提交成功
2018-07-16 14:20:25,629-mp_log-INFO-东方仕典提交成功
2018-07-16 14:20:27,381-mp_log-INFO-月瘦月美提交成功
2018-07-16 14:20:28,891-mp_log-INFO-年轻我可以提交成功
2018-07-16 14:20:30,030-mp_log-ERROR-兴美源提交失败
2018-07-16 14:20:33,027-mp_log-ERROR-琉璃水城提交失败
2018-07-16 14:20:36,504-mp_log-INFO-栢草源提交成功
2018-07-16 14:20:37,568-mp_log-ERROR-杭州东方整形提交失败
2018-07-16 14:20:41,007-mp_log-INFO-美共享提交成功
2018-07-16 14:20:42,728-mp_log-INFO-ME智慧美店提交成功
2018-07-16 14:20:44,310-mp_log-INFO-二院美丽之约提交成功
2018-07-16 14:20:45,866-mp_log-INFO-弘迪美容美发提交成功
2018-07-16 14:20:47,398-mp_log-INFO-南洋beauty提交成功
2018-07-16 14:20:48,915-mp_log-INFO-阿芙洛蒂提交成功
2018-07-16 14:20:50,484-mp_log-INFO-来了美标榜店提交成功
2018-07-16 14:20:51,467-mp_log-ERROR-美德福提交失败
2018-07-16 14:20:55,258-mp_log-INFO-杭州桐雅提交成功
2018-07-16 14:20:56,341-mp_log-ERROR-妃香伊丹提交失败
2018-07-16 14:21:00,107-mp_log-INFO-窈窕淑女提交成功
2018-07-16 14:21:02,020-mp_log-INFO-香密雅CIMIA提交成功
2018-07-16 14:21:03,986-mp_log-INFO-妍雅媛提交成功
2018-07-16 14:21:05,754-mp_log-INFO-来了美提交成功
2018-07-16 14:21:06,764-mp_log-ERROR-云立方提交失败
2018-07-16 14:21:10,992-mp_log-INFO-来了美韩尚恩提交成功
2018-07-16 14:21:12,854-mp_log-INFO-纤指百媚提交成功
2018-07-16 14:21:14,489-mp_log-INFO-美之颜提交成功
2018-07-16 14:21:15,953-mp_log-INFO-GOGOBeauty提交成功
2018-07-16 14:21:17,839-mp_log-INFO-香住SPA提交成功
2018-07-16 14:21:20,434-mp_log-INFO-黄氏百佳提交成功
2018-07-16 14:21:22,268-mp_log-INFO-创美雅香莱提交成功
2018-07-16 14:21:24,612-mp_log-INFO-艾面一族 提交成功
2018-07-16 14:21:26,271-mp_log-INFO-植美SPA提交成功
2018-07-16 14:21:27,927-mp_log-INFO-曼姿提交成功
2018-07-16 14:21:29,253-mp_log-ERROR-美丽九九提交失败
2018-07-16 14:21:33,176-mp_log-INFO-智能科技美店提交成功
2018-07-16 14:21:34,407-mp_log-ERROR-欧妮薇提交失败
2018-07-16 14:21:37,833-mp_log-INFO-美姿来就美提交成功
2018-07-16 14:21:39,577-mp_log-INFO-IVY艾菲芭提交成功
2018-07-16 14:21:41,355-mp_log-INFO-来了美雲会所提交成功
2018-07-16 14:21:42,994-mp_log-INFO-你好漂亮提交成功
2018-07-16 14:21:44,750-mp_log-INFO-金柏丽提交成功
2018-07-16 14:21:46,425-mp_log-INFO-长江九号提交成功
2018-07-16 14:21:47,863-mp_log-INFO-如生堂提交成功
2018-07-16 14:21:48,601-mp_log-ERROR-红妆倾城提交失败
2018-07-16 14:21:52,062-mp_log-INFO-英原健康提交成功
2018-07-16 14:21:53,590-mp_log-INFO-金贵人Beauty提交成功
2018-07-16 14:21:54,628-mp_log-ERROR-芯语芳心提交失败
2018-07-16 14:21:57,473-mp_log-ERROR-还原美提交失败
2018-07-16 14:22:01,177-mp_log-INFO-梦圆皇宫提交成功
2018-07-16 14:22:03,415-mp_log-INFO-恩雅提交成功
2018-07-16 14:22:05,358-mp_log-INFO-DR美研博士提交成功
2018-07-16 14:22:07,553-mp_log-INFO-女秀才提交成功
2018-07-16 14:22:09,300-mp_log-INFO-東美人儿提交成功
2018-07-16 14:22:11,465-mp_log-INFO-承昱医疗提交成功
2018-07-16 14:22:12,471-mp_log-ERROR-斓悦庭提交失败
2018-07-16 14:22:15,641-mp_log-ERROR-唯美童妍提交失败
2018-07-16 14:22:19,239-mp_log-INFO-掌上美管家A提交成功
2018-07-16 14:22:20,977-mp_log-INFO-博妍集美提交成功
2018-07-16 14:22:22,768-mp_log-INFO-雅涛世家提交成功
2018-07-16 14:22:24,630-mp_log-ERROR-呈悦医疗提交失败
2018-07-16 14:22:27,726-mp_log-ERROR-来了美千丝美提交失败
2018-07-16 14:22:30,529-mp_log-ERROR-世纪之春提交失败
2018-07-16 14:22:33,588-mp_log-ERROR-体验店提交失败
2018-07-16 14:22:37,289-mp_log-ERROR-乐聚提交失败
2018-07-16 14:22:41,036-mp_log-ERROR-沧州美美达提交失败
2018-07-16 14:22:43,846-mp_log-ERROR-妮娜形象管理提交失败
2018-07-16 14:22:46,712-mp_log-ERROR-馨境堂提交失败
2018-07-16 14:22:49,602-mp_log-ERROR-果蔬美容提交失败
2018-07-16 14:22:52,787-mp_log-ERROR-贝兰思提交失败
2018-07-16 14:22:55,953-mp_log-ERROR-欧丽薇提交失败
