2018-07-20 18:34:11,251-mp_log-INFO-token获取成功......
2018-07-20 18:34:13,293-mp_log-INFO-获取所有小程序信息成功......
2018-07-20 18:34:13,782-mp_log-INFO-获取最新模板信息成功.......
2018-07-20 18:34:14,978-mp_log-ERROR-梅兰丽人操作失败,失败原因{'status': 'error', 'msg': 'system error hint: [0esALa08631513]'}
2018-07-20 18:34:14,981-mp_log-ERROR-爱女士操作失败,失败原因{'status': 'error', 'msg': 'system error hint: [0ITXuA08634522]'}
2018-07-20 18:34:14,991-mp_log-ERROR-菲梵经典操作失败,失败原因{'status': 'error', 'msg': 'system error hint: [408634529]'}
2018-07-20 18:34:14,993-mp_log-ERROR-当今悦美操作失败,失败原因{'status': 'error', 'msg': 'system error hint: [l6V9_08632361]'}
2018-07-20 18:34:15,010-mp_log-ERROR-来就健康操作失败,失败原因{'status': 'error', 'msg': 'system error hint: [JxXuTA08634522]'}
2018-07-20 18:34:15,014-mp_log-ERROR-霭伦恩美操作失败,失败原因{'status': 'error', 'msg': 'system error hint: [5W9kDa08634526]'}
2018-07-20 18:34:15,017-mp_log-ERROR-虞诗蔓操作失败,失败原因{'status': 'error', 'msg': 'system error hint: [L5rHUA08639041]'}
2018-07-20 18:34:15,020-mp_log-ERROR-月瘦月美操作失败,失败原因{'status': 'error', 'msg': 'system error hint: [w2GHoa08639041]'}
2018-07-20 18:34:15,022-mp_log-ERROR-巴黎情缘操作失败,失败原因{'status': 'error', 'msg': 'system error hint: [Y08634522]'}
2018-07-20 18:34:15,026-mp_log-ERROR-恒美世纪操作失败,失败原因{'status': 'error', 'msg': 'system error hint: [u10sTA0863b100]'}
2018-07-20 18:34:15,043-mp_log-ERROR-当代经典操作失败,失败原因{'status': 'error', 'msg': 'system error hint: [hrDFta08634799]'}
2018-07-20 18:34:15,054-mp_log-ERROR-兴美源操作失败,失败原因{'status': 'error', 'msg': 'system error hint: [bdHKaa08630720]'}
2018-07-20 18:34:15,059-mp_log-ERROR-艾妍整形操作失败,失败原因{'status': 'error', 'msg': 'system error hint: [4WKgwA0863b451]'}
2018-07-20 18:34:15,087-mp_log-ERROR-悠兰lyj操作失败,失败原因{'status': 'error', 'msg': 'system error hint: [fw.CSA0863b100]'}
2018-07-20 18:34:15,095-mp_log-ERROR-美人记Beauty操作失败,失败原因{'status': 'error', 'msg': 'system error hint: [hKM6ea0863hb97]'}
2018-07-20 18:34:15,101-mp_log-ERROR-娇阑美颜操作失败,失败原因{'status': 'error', 'msg': 'system error hint: [cf3lEA08634799]'}
2018-07-20 18:34:15,178-mp_log-INFO-诗美逸模板操作成功,模板名称7.20 正式版18:26
2018-07-20 18:34:15,182-mp_log-ERROR-ME智慧美店操作失败,失败原因{'status': 'error', 'msg': 'system error hint: [EkkS908638978]'}
2018-07-20 18:34:15,232-mp_log-ERROR-窈窕淑女操作失败,失败原因{'status': 'error', 'msg': 'system error hint: [i8Vtna08639041]'}
2018-07-20 18:34:15,244-mp_log-ERROR-栢草源操作失败,失败原因{'status': 'error', 'msg': 'system error hint: [EUy.na08631513]'}
2018-07-20 18:34:15,270-mp_log-ERROR-南洋beauty操作失败,失败原因{'status': 'error', 'msg': 'system error hint: [YOImbA08638978]'}
2018-07-20 18:34:15,277-mp_log-ERROR-杭州东方整形操作失败,失败原因{'status': 'error', 'msg': 'system error hint: [yCrmqa08634799]'}
2018-07-20 18:34:15,286-mp_log-ERROR-美美昭妍操作失败,失败原因{'status': 'error', 'msg': 'system error hint: [t9DyiA08632358]'}
2018-07-20 18:34:15,299-mp_log-ERROR-来了美标榜店操作失败,失败原因{'status': 'error', 'msg': 'system error hint: [bz3ahA08638978]'}
2018-07-20 18:34:15,341-mp_log-ERROR-杭州桐雅操作失败,失败原因{'status': 'error', 'msg': 'system error hint: [r4ECrA08639030]'}
2018-07-20 18:34:15,423-mp_log-INFO-曼奇莎模板操作成功,模板名称7.20 正式版18:26
2018-07-20 18:34:15,476-mp_log-INFO-贝娅塔模板操作成功,模板名称7.20 正式版18:26
2018-07-20 18:34:15,492-mp_log-INFO-来了美佳澜店模板操作成功,模板名称7.20 正式版18:26
2018-07-20 18:34:15,495-mp_log-INFO-广州七号驻颜模板操作成功,模板名称7.20 正式版18:26
2018-07-20 18:34:15,525-mp_log-INFO-来美吧模板操作成功,模板名称7.20 正式版18:26
2018-07-20 18:34:15,534-mp_log-INFO-佐登妮丝模板操作成功,模板名称7.20 正式版18:26
2018-07-20 18:34:15,542-mp_log-INFO-美美昭彦模板操作成功,模板名称7.20 正式版18:26
2018-07-20 18:34:15,569-mp_log-INFO-绿苑女子模板操作成功,模板名称7.20 正式版18:26
2018-07-20 18:34:15,575-mp_log-INFO-润妃国际模板操作成功,模板名称7.20 正式版18:26
2018-07-20 18:34:15,579-mp_log-INFO-环亚美容模板操作成功,模板名称7.20 正式版18:26
2018-07-20 18:34:15,591-mp_log-ERROR-红妆倾城操作失败,失败原因{'status': 'error', 'msg': 'system error hint: [4bpRGa08644799]'}
2018-07-20 18:34:15,606-mp_log-INFO-芊思雅莎莎模板操作成功,模板名称7.20 正式版18:26
2018-07-20 18:34:15,614-mp_log-INFO-颐和美容模板操作成功,模板名称7.20 正式版18:26
2018-07-20 18:34:15,617-mp_log-ERROR-恩雅操作失败,失败原因{'status': 'error', 'msg': 'system error hint: [82D3wA08644521]'}
2018-07-20 18:34:15,676-mp_log-ERROR-芯语芳心操作失败,失败原因{'status': 'error', 'msg': 'system error hint: [X08644522]'}
2018-07-20 18:34:15,683-mp_log-INFO-诗露丽涵模板操作成功,模板名称7.20 正式版18:26
2018-07-20 18:34:15,695-mp_log-INFO-东方仕典模板操作成功,模板名称7.20 正式版18:26
2018-07-20 18:34:15,706-mp_log-ERROR-艾面一族 操作失败,失败原因{'status': 'error', 'msg': 'system error hint: [MztCEa0864b100]'}
2018-07-20 18:34:15,733-mp_log-ERROR-金贵人Beauty操作失败,失败原因{'status': 'error', 'msg': 'system error hint: [np9aQA0864hb97]'}
2018-07-20 18:34:15,745-mp_log-ERROR-还原美操作失败,失败原因{'status': 'error', 'msg': 'system error hint: [TUqmVa08641518]'}
2018-07-20 18:34:15,749-mp_log-ERROR-植美SPA操作失败,失败原因{'status': 'error', 'msg': 'system error hint: [u08640720]'}
2018-07-20 18:34:15,755-mp_log-INFO-年轻我可以模板操作成功,模板名称7.20 正式版18:26
2018-07-20 18:34:15,761-mp_log-ERROR-曼姿操作失败,失败原因{'status': 'error', 'msg': 'system error hint: [nZARAA0864hb97]'}
2018-07-20 18:34:15,767-mp_log-ERROR-斓悦庭操作失败,失败原因{'status': 'error', 'msg': 'system error hint: [vlzPlA08644529]'}
2018-07-20 18:34:15,771-mp_log-ERROR-长江九号操作失败,失败原因{'status': 'error', 'msg': 'system error hint: [.lKt08649041]'}
2018-07-20 18:34:15,773-mp_log-ERROR-DR美研博士操作失败,失败原因{'status': 'error', 'msg': 'system error hint: [17JUSA08641518]'}
2018-07-20 18:34:15,775-mp_log-INFO-Oni速美花园模板操作成功,模板名称7.20 正式版18:26
2018-07-20 18:34:15,780-mp_log-ERROR-梦圆皇宫操作失败,失败原因{'status': 'error', 'msg': 'system error hint: [QxvBWa08642358]'}
2018-07-20 18:34:15,780-mp_log-INFO-琉璃水城模板操作成功,模板名称7.20 正式版18:26
2018-07-20 18:34:15,782-mp_log-ERROR-女秀才操作失败,失败原因{'status': 'error', 'msg': 'system error hint: [w8vHca08649041]'}
2018-07-20 18:34:15,784-mp_log-ERROR-世纪之春操作失败,失败原因{'status': 'error', 'msg': 'system error hint: [WqJ2hA08644529]'}
2018-07-20 18:34:15,787-mp_log-ERROR-创美雅香莱操作失败,失败原因{'status': 'error', 'msg': 'system error hint: [n4YJpa08642361]'}
2018-07-20 18:34:15,789-mp_log-INFO-都市点点模板操作成功,模板名称7.20 正式版18:26
2018-07-20 18:34:15,791-mp_log-INFO-灵动模板操作成功,模板名称7.20 正式版18:26
2018-07-20 18:34:15,799-mp_log-ERROR-東美人儿操作失败,失败原因{'status': 'error', 'msg': 'system error hint: [KtbNka0864hb97]'}
2018-07-20 18:34:15,806-mp_log-ERROR-博妍集美操作失败,失败原因{'status': 'error', 'msg': 'system error hint: [27U9Ea08648978]'}
2018-07-20 18:34:15,806-mp_log-ERROR-掌上美管家A操作失败,失败原因{'status': 'error', 'msg': 'system error hint: [uW.d5a08644522]'}
2018-07-20 18:34:15,815-mp_log-INFO-雪依氏模板操作成功,模板名称7.20 正式版18:26
2018-07-20 18:34:15,817-mp_log-ERROR-欧妮薇操作失败,失败原因{'status': 'error', 'msg': 'system error hint: [pN9nsA08644521]'}
2018-07-20 18:34:15,824-mp_log-ERROR-来了美千丝美操作失败,失败原因{'status': 'error', 'msg': 'system error hint: [bITz.A0864b451]'}
2018-07-20 18:34:15,829-mp_log-ERROR-乐聚操作失败,失败原因{'status': 'error', 'msg': 'system error hint: [KDObcA08649030]'}
2018-07-20 18:34:15,835-mp_log-ERROR-英原健康操作失败,失败原因{'status': 'error', 'msg': 'system error hint: [wyo4NA08642159]'}
2018-07-20 18:34:15,842-mp_log-ERROR-雅涛世家操作失败,失败原因{'status': 'error', 'msg': 'system error hint: [XB.kKA08642159]'}
2018-07-20 18:34:15,853-mp_log-ERROR-沧州美美达操作失败,失败原因{'status': 'error', 'msg': 'system error hint: [D.kcha08642361]'}
2018-07-20 18:34:15,873-mp_log-ERROR-承昱医疗操作失败,失败原因{'status': 'error', 'msg': 'system error hint: [SYvUhA08641518]'}
2018-07-20 18:34:15,913-mp_log-ERROR-呈悦医疗操作失败,失败原因{'status': 'error', 'msg': 'system error hint: [c0qidA0864hb97]'}
2018-07-20 18:34:15,946-mp_log-ERROR-美姿来就美操作失败,失败原因{'status': 'error', 'msg': 'system error hint: [Yznb_a08644799]'}
2018-07-20 18:34:15,958-mp_log-INFO-菲常美模板操作成功,模板名称7.20 正式版18:26
2018-07-20 18:34:16,067-mp_log-ERROR-体验店操作失败,失败原因{'status': 'error', 'msg': 'api is unauthorized to component hint: [pIlGgA0864b451]'}
2018-07-20 18:34:16,089-mp_log-INFO-美共享模板操作成功,模板名称7.20 正式版18:26
2018-07-20 18:34:16,120-mp_log-INFO-来了美模板操作成功,模板名称7.20 正式版18:26
2018-07-20 18:34:16,145-mp_log-INFO-黄氏百佳模板操作成功,模板名称7.20 正式版18:26
2018-07-20 18:34:16,149-mp_log-INFO-阿芙洛蒂模板操作成功,模板名称7.20 正式版18:26
2018-07-20 18:34:16,163-mp_log-INFO-GOGOBeauty模板操作成功,模板名称7.20 正式版18:26
2018-07-20 18:34:16,167-mp_log-INFO-弘迪美容美发模板操作成功,模板名称7.20 正式版18:26
2018-07-20 18:34:16,187-mp_log-INFO-智能科技美店模板操作成功,模板名称7.20 正式版18:26
2018-07-20 18:34:16,192-mp_log-INFO-云立方模板操作成功,模板名称7.20 正式版18:26
2018-07-20 18:34:16,198-mp_log-INFO-妃香伊丹模板操作成功,模板名称7.20 正式版18:26
2018-07-20 18:34:16,207-mp_log-INFO-魅力华健模板操作成功,模板名称7.20 正式版18:26
2018-07-20 18:34:16,224-mp_log-INFO-来了美雲会所模板操作成功,模板名称7.20 正式版18:26
2018-07-20 18:34:16,257-mp_log-INFO-香密雅CIMIA模板操作成功,模板名称7.20 正式版18:26
2018-07-20 18:34:16,277-mp_log-INFO-美德福模板操作成功,模板名称7.20 正式版18:26
2018-07-20 18:34:16,283-mp_log-INFO-妍雅媛模板操作成功,模板名称7.20 正式版18:26
2018-07-20 18:34:16,285-mp_log-INFO-美丽九九模板操作成功,模板名称7.20 正式版18:26
2018-07-20 18:34:16,288-mp_log-INFO-来了美韩尚恩模板操作成功,模板名称7.20 正式版18:26
2018-07-20 18:34:16,288-mp_log-INFO-金柏丽模板操作成功,模板名称7.20 正式版18:26
2018-07-20 18:34:16,317-mp_log-INFO-IVY艾菲芭模板操作成功,模板名称7.20 正式版18:26
2018-07-20 18:34:16,327-mp_log-INFO-美之颜模板操作成功,模板名称7.20 正式版18:26
2018-07-20 18:34:16,331-mp_log-INFO-缘临医疗美容模板操作成功,模板名称7.20 正式版18:26
2018-07-20 18:34:16,337-mp_log-INFO-二院美丽之约模板操作成功,模板名称7.20 正式版18:26
2018-07-20 18:34:16,342-mp_log-INFO-你好漂亮模板操作成功,模板名称7.20 正式版18:26
2018-07-20 18:34:16,357-mp_log-INFO-纤指百媚模板操作成功,模板名称7.20 正式版18:26
2018-07-20 18:34:16,370-mp_log-INFO-香住SPA模板操作成功,模板名称7.20 正式版18:26
2018-07-20 18:34:16,384-mp_log-INFO-唯美童妍模板操作成功,模板名称7.20 正式版18:26
2018-07-20 18:34:16,454-mp_log-INFO-如生堂模板操作成功,模板名称7.20 正式版18:26
