2018-07-25 21:43:00,280-mp_log-INFO-token获取成功......
2018-07-25 21:43:05,805-mp_log-INFO-获取所有小程序信息成功......
2018-07-25 21:43:06,336-mp_log-INFO-获取最新模板信息成功.......
2018-07-25 21:43:08,436-mp_log-ERROR-GOGOBeauty操作失败,失败原因{'status': 500, 'msg': '此管理中心未授权开放平台'}
2018-07-25 21:43:08,983-mp_log-INFO-环亚美容模板操作成功,模板名称7.25 正式版21:20
2018-07-25 21:43:10,428-mp_log-ERROR-sdfdsfdsf操作失败,失败原因{'status': 500, 'msg': '此管理中心未授权开放平台'}
2018-07-25 21:43:11,070-mp_log-INFO-绿苑女子模板操作成功,模板名称7.25 正式版21:20
2018-07-25 21:43:12,992-mp_log-INFO-广州七号驻颜模板操作成功,模板名称7.25 正式版21:20
2018-07-25 21:43:14,172-mp_log-INFO-曼奇莎模板操作成功,模板名称7.25 正式版21:20
2018-07-25 21:43:15,125-mp_log-INFO-诗美逸模板操作成功,模板名称7.25 正式版21:20
2018-07-25 21:43:16,240-mp_log-INFO-颐和美容模板操作成功,模板名称7.25 正式版21:20
2018-07-25 21:43:17,122-mp_log-INFO-Oni速美花园模板操作成功,模板名称7.25 正式版21:20
2018-07-25 21:43:18,281-mp_log-INFO-都市点点模板操作成功,模板名称7.25 正式版21:20
2018-07-25 21:43:19,191-mp_log-INFO-来了美佳澜店模板操作成功,模板名称7.25 正式版21:20
2018-07-25 21:43:20,228-mp_log-INFO-润妃国际模板操作成功,模板名称7.25 正式版21:20
2018-07-25 21:43:21,359-mp_log-INFO-灵动模板操作成功,模板名称7.25 正式版21:20
2018-07-25 21:43:22,358-mp_log-INFO-美美昭彦模板操作成功,模板名称7.25 正式版21:20
2018-07-25 21:43:23,399-mp_log-INFO-当今悦美模板操作成功,模板名称7.25 正式版21:20
2018-07-25 21:43:24,320-mp_log-INFO-贝娅塔模板操作成功,模板名称7.25 正式版21:20
2018-07-25 21:43:25,299-mp_log-INFO-菲常美模板操作成功,模板名称7.25 正式版21:20
2018-07-25 21:43:26,212-mp_log-INFO-当代经典模板操作成功,模板名称7.25 正式版21:20
2018-07-25 21:43:27,254-mp_log-INFO-悠兰lyj模板操作成功,模板名称7.25 正式版21:20
2018-07-25 21:43:28,367-mp_log-INFO-芊思雅莎莎模板操作成功,模板名称7.25 正式版21:20
2018-07-25 21:43:29,223-mp_log-INFO-来就健康模板操作成功,模板名称7.25 正式版21:20
2018-07-25 21:43:30,706-mp_log-INFO-恒美世纪模板操作成功,模板名称7.25 正式版21:20
2018-07-25 21:43:31,041-mp_log-INFO-菲梵经典模板操作成功,模板名称7.25 正式版21:20
2018-07-25 21:43:32,235-mp_log-INFO-虞诗蔓模板操作成功,模板名称7.25 正式版21:20
2018-07-25 21:43:33,334-mp_log-INFO-雪依氏模板操作成功,模板名称7.25 正式版21:20
2018-07-25 21:43:34,113-mp_log-INFO-霭伦恩美模板操作成功,模板名称7.25 正式版21:20
2018-07-25 21:43:35,414-mp_log-INFO-来美吧模板操作成功,模板名称7.25 正式版21:20
2018-07-25 21:43:36,240-mp_log-INFO-美美昭妍模板操作成功,模板名称7.25 正式版21:20
2018-07-25 21:43:37,176-mp_log-INFO-佐登妮丝模板操作成功,模板名称7.25 正式版21:20
2018-07-25 21:43:38,153-mp_log-INFO-娇阑美颜模板操作成功,模板名称7.25 正式版21:20
2018-07-25 21:43:39,159-mp_log-INFO-爱女士模板操作成功,模板名称7.25 正式版21:20
2018-07-25 21:43:40,244-mp_log-INFO-艾妍整形模板操作成功,模板名称7.25 正式版21:20
2018-07-25 21:43:41,344-mp_log-INFO-美人记Beauty模板操作成功,模板名称7.25 正式版21:20
2018-07-25 21:43:42,247-mp_log-INFO-巴黎情缘模板操作成功,模板名称7.25 正式版21:20
2018-07-25 21:43:43,174-mp_log-INFO-梅兰丽人模板操作成功,模板名称7.25 正式版21:20
2018-07-25 21:43:44,252-mp_log-INFO-诗露丽涵模板操作成功,模板名称7.25 正式版21:20
2018-07-25 21:43:45,224-mp_log-INFO-东方仕典模板操作成功,模板名称7.25 正式版21:20
2018-07-25 21:43:46,326-mp_log-INFO-月瘦月美模板操作成功,模板名称7.25 正式版21:20
2018-07-25 21:43:47,310-mp_log-INFO-年轻我可以模板操作成功,模板名称7.25 正式版21:20
2018-07-25 21:43:48,257-mp_log-INFO-兴美源模板操作成功,模板名称7.25 正式版21:20
2018-07-25 21:43:49,442-mp_log-INFO-琉璃水城模板操作成功,模板名称7.25 正式版21:20
2018-07-25 21:43:50,356-mp_log-INFO-栢草源模板操作成功,模板名称7.25 正式版21:20
2018-07-25 21:43:51,352-mp_log-INFO-杭州东方整形模板操作成功,模板名称7.25 正式版21:20
2018-07-25 21:43:52,140-mp_log-INFO-美共享模板操作成功,模板名称7.25 正式版21:20
2018-07-25 21:43:53,325-mp_log-INFO-ME智慧美店模板操作成功,模板名称7.25 正式版21:20
2018-07-25 21:43:54,216-mp_log-INFO-二院美丽之约模板操作成功,模板名称7.25 正式版21:20
2018-07-25 21:43:55,158-mp_log-INFO-弘迪美容美发模板操作成功,模板名称7.25 正式版21:20
2018-07-25 21:43:56,150-mp_log-INFO-南洋beauty模板操作成功,模板名称7.25 正式版21:20
2018-07-25 21:43:57,263-mp_log-INFO-阿芙洛蒂模板操作成功,模板名称7.25 正式版21:20
2018-07-25 21:43:58,556-mp_log-INFO-来了美标榜店模板操作成功,模板名称7.25 正式版21:20
2018-07-25 21:43:59,540-mp_log-INFO-美德福模板操作成功,模板名称7.25 正式版21:20
2018-07-25 21:44:00,343-mp_log-INFO-杭州桐雅模板操作成功,模板名称7.25 正式版21:20
2018-07-25 21:44:00,788-mp_log-ERROR-光速美操作失败,失败原因{'status': 500, 'msg': '此管理中心未授权开放平台'}
2018-07-25 21:44:01,662-mp_log-INFO-妃香伊丹模板操作成功,模板名称7.25 正式版21:20
2018-07-25 21:44:03,500-mp_log-INFO-魅力华健模板操作成功,模板名称7.25 正式版21:20
2018-07-25 21:44:04,194-mp_log-INFO-窈窕淑女模板操作成功,模板名称7.25 正式版21:20
2018-07-25 21:44:05,221-mp_log-INFO-香密雅CIMIA模板操作成功,模板名称7.25 正式版21:20
2018-07-25 21:44:06,398-mp_log-INFO-妍雅媛模板操作成功,模板名称7.25 正式版21:20
2018-07-25 21:44:07,406-mp_log-INFO-来了美模板操作成功,模板名称7.25 正式版21:20
2018-07-25 21:44:08,607-mp_log-INFO-云立方模板操作成功,模板名称7.25 正式版21:20
2018-07-25 21:44:09,292-mp_log-INFO-来了美韩尚恩模板操作成功,模板名称7.25 正式版21:20
2018-07-25 21:44:10,431-mp_log-INFO-纤指百媚模板操作成功,模板名称7.25 正式版21:20
2018-07-25 21:44:11,256-mp_log-INFO-美之颜模板操作成功,模板名称7.25 正式版21:20
2018-07-25 21:44:12,363-mp_log-INFO-GOGOBeauty模板操作成功,模板名称7.25 正式版21:20
2018-07-25 21:44:13,488-mp_log-INFO-香住SPA模板操作成功,模板名称7.25 正式版21:20
2018-07-25 21:44:14,499-mp_log-INFO-黄氏百佳模板操作成功,模板名称7.25 正式版21:20
2018-07-25 21:44:15,443-mp_log-INFO-创美雅香莱模板操作成功,模板名称7.25 正式版21:20
2018-07-25 21:44:16,287-mp_log-INFO-艾面一族 模板操作成功,模板名称7.25 正式版21:20
2018-07-25 21:44:17,382-mp_log-INFO-植美SPA模板操作成功,模板名称7.25 正式版21:20
2018-07-25 21:44:18,997-mp_log-INFO-曼姿模板操作成功,模板名称7.25 正式版21:20
2018-07-25 21:44:19,266-mp_log-INFO-美丽九九模板操作成功,模板名称7.25 正式版21:20
2018-07-25 21:44:20,357-mp_log-INFO-智能科技美店模板操作成功,模板名称7.25 正式版21:20
2018-07-25 21:44:21,660-mp_log-INFO-欧妮薇模板操作成功,模板名称7.25 正式版21:20
2018-07-25 21:44:22,243-mp_log-INFO-美姿来就美模板操作成功,模板名称7.25 正式版21:20
2018-07-25 21:44:23,359-mp_log-INFO-IVY艾菲芭模板操作成功,模板名称7.25 正式版21:20
2018-07-25 21:44:24,320-mp_log-INFO-来了美雲会所模板操作成功,模板名称7.25 正式版21:20
2018-07-25 21:44:25,622-mp_log-INFO-你好漂亮模板操作成功,模板名称7.25 正式版21:20
2018-07-25 21:44:26,480-mp_log-INFO-金柏丽模板操作成功,模板名称7.25 正式版21:20
2018-07-25 21:44:27,419-mp_log-INFO-长江九号模板操作成功,模板名称7.25 正式版21:20
2018-07-25 21:44:28,592-mp_log-INFO-如生堂模板操作成功,模板名称7.25 正式版21:20
2018-07-25 21:44:29,309-mp_log-INFO-红妆倾城模板操作成功,模板名称7.25 正式版21:20
2018-07-25 21:44:30,527-mp_log-INFO-英原健康模板操作成功,模板名称7.25 正式版21:20
2018-07-25 21:44:31,323-mp_log-INFO-金贵人Beauty模板操作成功,模板名称7.25 正式版21:20
2018-07-25 21:44:32,302-mp_log-INFO-芯语芳心模板操作成功,模板名称7.25 正式版21:20
2018-07-25 21:44:33,220-mp_log-INFO-还原美模板操作成功,模板名称7.25 正式版21:20
2018-07-25 21:44:34,462-mp_log-INFO-缘临医疗美容模板操作成功,模板名称7.25 正式版21:20
2018-07-25 21:44:35,464-mp_log-INFO-梦圆皇宫模板操作成功,模板名称7.25 正式版21:20
2018-07-25 21:44:36,669-mp_log-INFO-恩雅模板操作成功,模板名称7.25 正式版21:20
2018-07-25 21:44:37,417-mp_log-INFO-DR美研博士模板操作成功,模板名称7.25 正式版21:20
2018-07-25 21:44:38,436-mp_log-INFO-女秀才模板操作成功,模板名称7.25 正式版21:20
2018-07-25 21:44:39,336-mp_log-INFO-東美人儿模板操作成功,模板名称7.25 正式版21:20
2018-07-25 21:44:40,541-mp_log-INFO-承昱医疗模板操作成功,模板名称7.25 正式版21:20
2018-07-25 21:44:41,657-mp_log-INFO-斓悦庭模板操作成功,模板名称7.25 正式版21:20
2018-07-25 21:44:42,675-mp_log-INFO-唯美童妍模板操作成功,模板名称7.25 正式版21:20
2018-07-25 21:44:43,383-mp_log-INFO-掌上美管家A模板操作成功,模板名称7.25 正式版21:20
2018-07-25 21:44:44,382-mp_log-INFO-博妍集美模板操作成功,模板名称7.25 正式版21:20
2018-07-25 21:44:45,484-mp_log-INFO-雅涛世家模板操作成功,模板名称7.25 正式版21:20
2018-07-25 21:44:46,643-mp_log-INFO-呈悦医疗模板操作成功,模板名称7.25 正式版21:20
2018-07-25 21:44:47,543-mp_log-INFO-来了美千丝美模板操作成功,模板名称7.25 正式版21:20
2018-07-25 21:44:48,494-mp_log-INFO-世纪之春模板操作成功,模板名称7.25 正式版21:20
2018-07-25 21:44:49,526-mp_log-INFO-体验店模板操作成功,模板名称7.25 正式版21:20
2018-07-25 21:44:50,848-mp_log-INFO-乐聚模板操作成功,模板名称7.25 正式版21:20
2018-07-25 21:44:51,447-mp_log-INFO-沧州美美达模板操作成功,模板名称7.25 正式版21:20
2018-07-25 21:44:52,685-mp_log-INFO-妮娜形象管理模板操作成功,模板名称7.25 正式版21:20
2018-07-25 21:44:53,483-mp_log-INFO-馨境堂模板操作成功,模板名称7.25 正式版21:20
2018-07-25 21:44:54,724-mp_log-INFO-果蔬美容模板操作成功,模板名称7.25 正式版21:20
2018-07-25 21:44:55,663-mp_log-INFO-贝兰思模板操作成功,模板名称7.25 正式版21:20
2018-07-25 21:44:56,684-mp_log-INFO-欧丽薇模板操作成功,模板名称7.25 正式版21:20
2018-07-25 21:44:59,027-mp_log-INFO-审核失败
2018-07-25 21:45:00,524-mp_log-INFO-审核失败
2018-07-25 21:45:02,839-mp_log-INFO-审核失败
2018-07-25 21:45:03,509-mp_log-INFO-审核失败
2018-07-25 21:45:04,448-mp_log-INFO-审核失败
