2018-07-24 10:40:43,496-mp_log-INFO-token获取成功......
2018-07-24 10:40:46,838-mp_log-INFO-获取所有小程序信息成功......
2018-07-24 10:40:47,820-mp_log-INFO-获取最新模板信息成功.......
2018-07-24 10:40:50,325-mp_log-INFO-审核失败
2018-07-24 10:40:51,880-mp_log-INFO-审核失败
2018-07-24 10:40:54,248-mp_log-INFO-审核失败
2018-07-24 10:40:54,962-mp_log-INFO-审核失败
2018-07-24 10:40:56,086-mp_log-INFO-审核失败
2018-07-24 10:40:57,271-mp_log-INFO-审核失败
2018-07-24 10:40:57,731-mp_log-INFO-审核失败
2018-07-24 10:40:58,938-mp_log-INFO-已审核
2018-07-24 10:40:59,929-mp_log-INFO-审核失败
2018-07-24 10:41:00,913-mp_log-INFO-审核中
2018-07-24 10:41:02,031-mp_log-INFO-审核失败
2018-07-24 10:41:03,127-mp_log-INFO-审核失败
2018-07-24 10:41:03,971-mp_log-INFO-已审核
2018-07-24 10:41:05,167-mp_log-INFO-已审核
2018-07-24 10:41:06,122-mp_log-INFO-已审核
2018-07-24 10:41:07,376-mp_log-INFO-已审核
2018-07-24 10:41:08,205-mp_log-INFO-已审核
2018-07-24 10:41:09,182-mp_log-INFO-已审核
2018-07-24 10:41:10,095-mp_log-INFO-已审核
2018-07-24 10:41:11,165-mp_log-INFO-已审核
2018-07-24 10:41:12,098-mp_log-INFO-已审核
2018-07-24 10:41:13,234-mp_log-INFO-审核失败
2018-07-24 10:41:14,289-mp_log-INFO-审核失败
2018-07-24 10:41:15,282-mp_log-INFO-已审核
2018-07-24 10:41:16,358-mp_log-INFO-已审核
2018-07-24 10:41:17,621-mp_log-INFO-已审核
2018-07-24 10:41:18,541-mp_log-INFO-审核失败
2018-07-24 10:41:19,633-mp_log-INFO-审核失败
2018-07-24 10:41:20,609-mp_log-INFO-审核失败
2018-07-24 10:41:21,590-mp_log-INFO-审核失败
2018-07-24 10:41:22,733-mp_log-INFO-已审核
2018-07-24 10:41:23,519-mp_log-INFO-审核失败
2018-07-24 10:41:24,536-mp_log-INFO-审核失败
2018-07-24 10:41:25,285-mp_log-INFO-审核失败
2018-07-24 10:41:26,271-mp_log-INFO-审核失败
2018-07-24 10:41:27,315-mp_log-INFO-已审核
2018-07-24 10:41:28,248-mp_log-INFO-已审核
2018-07-24 10:41:29,248-mp_log-INFO-审核中
2018-07-24 10:41:30,416-mp_log-INFO-审核失败
2018-07-24 10:41:30,980-mp_log-INFO-已审核
2018-07-24 10:41:31,902-mp_log-INFO-审核失败
2018-07-24 10:41:32,931-mp_log-INFO-审核失败
2018-07-24 10:41:34,097-mp_log-INFO-已审核
2018-07-24 10:41:35,194-mp_log-INFO-已审核
2018-07-24 10:41:35,896-mp_log-INFO-已审核
2018-07-24 10:41:37,093-mp_log-INFO-已审核
2018-07-24 10:41:38,077-mp_log-INFO-已审核
2018-07-24 10:41:39,119-mp_log-INFO-审核失败
2018-07-24 10:41:40,028-mp_log-INFO-审核失败
2018-07-24 10:41:40,951-mp_log-INFO-已审核
2018-07-24 10:41:41,854-mp_log-INFO-审核失败
2018-07-24 10:41:44,057-mp_log-INFO-已审核
2018-07-24 10:41:45,010-mp_log-INFO-已审核
2018-07-24 10:41:46,085-mp_log-INFO-审核失败
2018-07-24 10:41:46,977-mp_log-INFO-审核失败
2018-07-24 10:41:47,923-mp_log-INFO-已审核
2018-07-24 10:41:49,043-mp_log-INFO-审核失败
2018-07-24 10:41:49,952-mp_log-INFO-已审核
2018-07-24 10:41:50,978-mp_log-INFO-已审核
2018-07-24 10:41:52,107-mp_log-INFO-审核失败
2018-07-24 10:41:53,151-mp_log-INFO-审核失败
2018-07-24 10:41:53,957-mp_log-INFO-已审核
2018-07-24 10:41:55,020-mp_log-INFO-审核失败
2018-07-24 10:41:55,880-mp_log-INFO-已审核
2018-07-24 10:41:57,041-mp_log-INFO-已审核
2018-07-24 10:41:58,031-mp_log-INFO-已审核
2018-07-24 10:41:59,217-mp_log-INFO-审核中
2018-07-24 10:41:59,948-mp_log-INFO-审核中
2018-07-24 10:42:01,123-mp_log-INFO-审核中
2018-07-24 10:42:02,088-mp_log-INFO-审核失败
2018-07-24 10:42:03,180-mp_log-INFO-已审核
2018-07-24 10:42:04,099-mp_log-INFO-已审核
2018-07-24 10:42:04,981-mp_log-INFO-已审核
2018-07-24 10:42:07,052-mp_log-INFO-已审核
2018-07-24 10:42:08,040-mp_log-INFO-已审核
2018-07-24 10:42:09,132-mp_log-INFO-审核中
2018-07-24 10:42:09,932-mp_log-INFO-审核失败
2018-07-24 10:42:10,080-mp_log-INFO-审核失败
2018-07-24 10:42:11,062-mp_log-INFO-审核中
2018-07-24 10:42:12,055-mp_log-INFO-审核失败
2018-07-24 10:42:13,185-mp_log-INFO-审核中
2018-07-24 10:42:14,079-mp_log-INFO-审核中
2018-07-24 10:42:15,336-mp_log-INFO-已审核
2018-07-24 10:42:16,237-mp_log-INFO-审核失败
2018-07-24 10:42:17,116-mp_log-INFO-已审核
2018-07-24 10:42:17,954-mp_log-INFO-审核失败
2018-07-24 10:42:18,992-mp_log-INFO-审核失败
2018-07-24 10:42:19,922-mp_log-INFO-审核中
2018-07-24 10:42:21,041-mp_log-INFO-已审核
2018-07-24 10:42:22,311-mp_log-INFO-审核失败
2018-07-24 10:42:23,121-mp_log-INFO-审核失败
2018-07-24 10:42:24,064-mp_log-INFO-审核中
2018-07-24 10:42:25,007-mp_log-INFO-已审核
2018-07-24 10:42:26,135-mp_log-INFO-已审核
2018-07-24 10:42:27,229-mp_log-INFO-审核失败
2018-07-24 10:42:28,350-mp_log-INFO-已审核
2018-07-24 10:42:29,154-mp_log-INFO-已审核
2018-07-24 10:42:29,889-mp_log-INFO-已审核
2018-07-24 10:42:31,951-mp_log-INFO-已审核
2018-07-24 10:42:32,146-mp_log-INFO-审核失败
2018-07-24 10:42:33,946-mp_log-INFO-审核失败
2018-07-24 10:42:34,217-mp_log-INFO-已审核
2018-07-24 10:42:34,938-mp_log-INFO-审核失败
2018-07-24 10:42:36,047-mp_log-INFO-已审核
2018-07-24 10:42:37,076-mp_log-INFO-已审核
