2018-07-23 17:35:37,224-mp_log-INFO-token获取成功......
2018-07-23 17:35:42,548-mp_log-INFO-获取所有小程序信息成功......
2018-07-23 17:35:45,112-mp_log-INFO-获取最新模板信息成功.......
2018-07-23 17:35:48,261-mp_log-INFO-审核失败
2018-07-23 17:35:48,283-mp_log-INFO-审核失败
2018-07-23 17:35:48,288-mp_log-INFO-审核失败
2018-07-23 17:35:48,291-mp_log-INFO-审核失败
2018-07-23 17:35:48,295-mp_log-INFO-审核失败
2018-07-23 17:35:48,295-mp_log-INFO-审核失败
2018-07-23 17:35:48,300-mp_log-INFO-审核中
2018-07-23 17:35:48,319-mp_log-INFO-已审核
2018-07-23 17:35:48,321-mp_log-INFO-审核中
2018-07-23 17:35:48,337-mp_log-INFO-审核中
2018-07-23 17:35:48,337-mp_log-INFO-审核中
2018-07-23 17:35:48,340-mp_log-INFO-审核中
2018-07-23 17:35:48,344-mp_log-INFO-审核失败
2018-07-23 17:35:48,344-mp_log-INFO-审核失败
2018-07-23 17:35:48,346-mp_log-INFO-审核中
2018-07-23 17:35:48,349-mp_log-INFO-审核中
2018-07-23 17:35:48,350-mp_log-INFO-审核失败
2018-07-23 17:35:48,350-mp_log-INFO-审核中
2018-07-23 17:35:48,355-mp_log-INFO-审核中
2018-07-23 17:35:48,367-mp_log-INFO-审核中
2018-07-23 17:35:48,370-mp_log-INFO-审核中
2018-07-23 17:35:48,373-mp_log-INFO-审核失败
2018-07-23 17:35:48,385-mp_log-INFO-审核失败
2018-07-23 17:35:48,393-mp_log-INFO-审核中
2018-07-23 17:35:48,398-mp_log-INFO-审核中
2018-07-23 17:35:48,405-mp_log-INFO-审核失败
2018-07-23 17:35:48,411-mp_log-INFO-审核失败
2018-07-23 17:35:48,431-mp_log-INFO-审核失败
2018-07-23 17:35:48,442-mp_log-INFO-审核失败
2018-07-23 17:35:48,442-mp_log-INFO-审核中
2018-07-23 17:35:48,446-mp_log-INFO-审核中
2018-07-23 17:35:48,450-mp_log-INFO-审核失败
2018-07-23 17:35:48,459-mp_log-INFO-审核中
2018-07-23 17:35:48,467-mp_log-INFO-审核中
2018-07-23 17:35:48,467-mp_log-INFO-审核中
2018-07-23 17:35:48,476-mp_log-INFO-审核中
2018-07-23 17:35:48,477-mp_log-INFO-审核中
2018-07-23 17:35:48,480-mp_log-INFO-审核失败
2018-07-23 17:35:48,487-mp_log-INFO-审核失败
2018-07-23 17:35:48,491-mp_log-INFO-审核中
2018-07-23 17:35:48,497-mp_log-INFO-审核中
2018-07-23 17:35:48,501-mp_log-INFO-审核失败
2018-07-23 17:35:48,502-mp_log-INFO-审核中
2018-07-23 17:35:48,503-mp_log-INFO-审核中
2018-07-23 17:35:48,505-mp_log-INFO-审核失败
2018-07-23 17:35:48,514-mp_log-INFO-审核中
2018-07-23 17:35:48,524-mp_log-INFO-审核中
2018-07-23 17:35:48,526-mp_log-INFO-审核中
2018-07-23 17:35:48,527-mp_log-INFO-审核失败
2018-07-23 17:35:48,534-mp_log-INFO-审核中
2018-07-23 17:35:48,541-mp_log-INFO-审核失败
2018-07-23 17:35:48,542-mp_log-INFO-审核失败
2018-07-23 17:35:48,546-mp_log-INFO-审核中
2018-07-23 17:35:48,549-mp_log-INFO-审核失败
2018-07-23 17:35:48,551-mp_log-INFO-审核中
2018-07-23 17:35:48,554-mp_log-INFO-审核中
2018-07-23 17:35:48,558-mp_log-INFO-审核中
2018-07-23 17:35:48,559-mp_log-INFO-审核中
2018-07-23 17:35:48,585-mp_log-INFO-审核失败
2018-07-23 17:35:48,599-mp_log-INFO-审核中
2018-07-23 17:35:48,601-mp_log-INFO-审核中
2018-07-23 17:35:48,605-mp_log-INFO-审核失败
2018-07-23 17:35:48,622-mp_log-INFO-审核失败
2018-07-23 17:35:48,628-mp_log-INFO-审核中
2018-07-23 17:35:48,630-mp_log-INFO-审核中
2018-07-23 17:35:48,634-mp_log-INFO-审核失败
2018-07-23 17:35:48,656-mp_log-INFO-审核中
2018-07-23 17:35:48,661-mp_log-INFO-审核失败
2018-07-23 17:35:48,668-mp_log-INFO-审核失败
2018-07-23 17:35:48,671-mp_log-INFO-审核中
2018-07-23 17:35:48,684-mp_log-INFO-审核中
2018-07-23 17:35:48,685-mp_log-INFO-审核中
2018-07-23 17:35:48,691-mp_log-INFO-审核中
2018-07-23 17:35:48,696-mp_log-INFO-审核失败
2018-07-23 17:35:48,719-mp_log-INFO-审核失败
2018-07-23 17:35:48,722-mp_log-INFO-审核失败
2018-07-23 17:35:48,726-mp_log-INFO-审核失败
2018-07-23 17:35:48,729-mp_log-INFO-审核中
2018-07-23 17:35:48,751-mp_log-INFO-审核失败
2018-07-23 17:35:48,758-mp_log-INFO-审核失败
2018-07-23 17:35:49,082-mp_log-INFO-审核中
2018-07-23 17:35:49,094-mp_log-INFO-审核中
2018-07-23 17:35:49,126-mp_log-INFO-已审核
2018-07-23 17:35:49,337-mp_log-INFO-审核中
2018-07-23 17:35:49,519-mp_log-INFO-审核中
2018-07-23 17:35:49,807-mp_log-INFO-审核失败
2018-07-23 17:35:49,884-mp_log-INFO-审核中
2018-07-23 17:35:49,960-mp_log-INFO-审核失败
2018-07-23 17:35:49,973-mp_log-INFO-审核失败
2018-07-23 17:35:49,991-mp_log-INFO-审核中
2018-07-23 17:35:49,994-mp_log-INFO-审核中
2018-07-23 17:35:50,016-mp_log-INFO-审核失败
2018-07-23 17:35:50,021-mp_log-INFO-审核失败
2018-07-23 17:35:50,029-mp_log-INFO-审核中
2018-07-23 17:35:50,037-mp_log-INFO-审核中
2018-07-23 17:35:50,051-mp_log-INFO-审核中
2018-07-23 17:35:50,087-mp_log-INFO-审核失败
2018-07-23 17:35:50,124-mp_log-INFO-审核中
2018-07-23 17:35:50,157-mp_log-INFO-审核中
2018-07-23 17:35:50,216-mp_log-INFO-审核中
2018-07-23 17:35:50,220-mp_log-INFO-审核中
2018-07-23 17:35:50,230-mp_log-INFO-审核失败
2018-07-23 17:35:50,233-mp_log-INFO-审核中
2018-07-23 17:35:50,245-mp_log-INFO-审核中
2018-07-23 17:35:50,318-mp_log-INFO-审核失败
