2018-07-02 19:40:04,309-webLog-INFO-权限读取成功
2018-07-02 19:40:04,602-Getlogin-INFO-获取token成功.....
2018-07-02 19:40:04,933-C_log-INFO-生成充值卡订单OK！，订单id:15167
2018-07-02 19:40:04,933-C_log-INFO-生成充值卡订单OK！，订单id:15167
2018-07-02 19:40:04,933-C_log-INFO-生成充值卡订单OK！，订单id:15167
2018-07-02 19:40:06,557-C_log-INFO-充值卡订单使用美丽金支付OK！
2018-07-02 19:40:06,557-C_log-INFO-充值卡订单使用美丽金支付OK！
2018-07-02 19:40:06,557-C_log-INFO-充值卡订单使用美丽金支付OK！
2018-07-02 19:40:08,094-C_log-INFO-首页获取成功
2018-07-02 19:40:08,094-C_log-INFO-首页获取成功
2018-07-02 19:40:08,094-C_log-INFO-首页获取成功
2018-07-02 19:40:08,790-C_log-INFO-首页获取成功
2018-07-02 19:40:08,790-C_log-INFO-首页获取成功
2018-07-02 19:40:08,790-C_log-INFO-首页获取成功
2018-07-02 19:40:08,898-C_log-INFO-C端登录成功
2018-07-02 19:40:08,898-C_log-INFO-C端登录成功
2018-07-02 19:40:08,898-C_log-INFO-C端登录成功
2018-07-02 19:40:09,051-c_log-INFO-项目详情接口状态返回值:200
2018-07-02 19:40:09,051-c_log-INFO-获取项目详情页成功
2018-07-02 19:40:09,087-c_log-INFO-热门项目列表状态码：200
