2018-07-31 09:14:54,710-mp_log-INFO-token获取成功......
2018-07-31 09:14:58,471-mp_log-INFO-获取所有小程序信息成功......
2018-07-31 09:14:58,989-mp_log-INFO-获取最新模板信息成功.......
2018-07-31 09:15:00,428-mp_log-INFO-审核失败
2018-07-31 09:15:00,800-mp_log-INFO-已审核
2018-07-31 09:15:01,704-mp_log-INFO-审核失败
2018-07-31 09:15:02,752-mp_log-INFO-审核失败
2018-07-31 09:15:03,344-mp_log-INFO-审核失败
2018-07-31 09:15:03,742-mp_log-INFO-审核失败
2018-07-31 09:15:04,312-mp_log-INFO-审核失败
2018-07-31 09:15:04,776-mp_log-INFO-审核失败
2018-07-31 09:15:05,788-mp_log-INFO-审核失败
2018-07-31 09:15:05,873-mp_log-INFO-已审核
2018-07-31 09:15:06,273-mp_log-INFO-审核失败
2018-07-31 09:15:06,808-mp_log-INFO-审核失败
2018-07-31 09:15:07,424-mp_log-INFO-审核失败
2018-07-31 09:15:07,761-mp_log-INFO-已审核
2018-07-31 09:15:08,437-mp_log-INFO-已审核
2018-07-31 09:15:08,779-mp_log-INFO-已审核
2018-07-31 09:15:09,236-mp_log-INFO-已审核
2018-07-31 09:15:09,773-mp_log-INFO-已审核
2018-07-31 09:15:10,282-mp_log-INFO-已审核
2018-07-31 09:15:10,725-mp_log-INFO-已审核
2018-07-31 09:15:11,200-mp_log-INFO-审核失败
2018-07-31 09:15:11,716-mp_log-INFO-已审核
2018-07-31 09:15:12,245-mp_log-INFO-审核失败
2018-07-31 09:15:12,801-mp_log-INFO-审核失败
2018-07-31 09:15:13,191-mp_log-INFO-已审核
2018-07-31 09:15:13,716-mp_log-INFO-已审核
2018-07-31 09:15:14,305-mp_log-INFO-已审核
2018-07-31 09:15:14,839-mp_log-INFO-审核失败
2018-07-31 09:15:15,737-mp_log-INFO-已审核
2018-07-31 09:15:16,778-mp_log-INFO-审核失败
2018-07-31 09:15:16,782-mp_log-INFO-审核失败
2018-07-31 09:15:16,946-mp_log-INFO-审核失败
2018-07-31 09:15:17,477-mp_log-INFO-已审核
2018-07-31 09:15:17,991-mp_log-INFO-审核失败
2018-07-31 09:15:18,578-mp_log-INFO-审核失败
2018-07-31 09:15:18,994-mp_log-INFO-已审核
2018-07-31 09:15:19,459-mp_log-INFO-审核失败
2018-07-31 09:15:19,903-mp_log-INFO-审核失败
2018-07-31 09:15:20,498-mp_log-INFO-已审核
2018-07-31 09:15:20,958-mp_log-INFO-已审核
2018-07-31 09:15:21,503-mp_log-INFO-审核失败
2018-07-31 09:15:22,047-mp_log-INFO-审核失败
2018-07-31 09:15:22,467-mp_log-INFO-已审核
2018-07-31 09:15:22,945-mp_log-INFO-审核失败
2018-07-31 09:15:23,443-mp_log-INFO-审核失败
2018-07-31 09:15:23,942-mp_log-INFO-已审核
2018-07-31 09:15:24,442-mp_log-INFO-已审核
2018-07-31 09:15:24,948-mp_log-INFO-已审核
2018-07-31 09:15:25,501-mp_log-INFO-已审核
2018-07-31 09:15:26,020-mp_log-INFO-已审核
2018-07-31 09:15:26,556-mp_log-INFO-审核失败
2018-07-31 09:15:26,950-mp_log-INFO-审核失败
2018-07-31 09:15:27,511-mp_log-INFO-已审核
2018-07-31 09:15:27,995-mp_log-INFO-审核失败
2018-07-31 09:15:29,188-mp_log-INFO-已审核
2018-07-31 09:15:29,526-mp_log-INFO-已审核
2018-07-31 09:15:29,994-mp_log-INFO-审核失败
2018-07-31 09:15:30,463-mp_log-INFO-审核失败
2018-07-31 09:15:30,998-mp_log-INFO-已审核
2018-07-31 09:15:31,511-mp_log-INFO-审核失败
2018-07-31 09:15:32,011-mp_log-INFO-已审核
2018-07-31 09:15:32,488-mp_log-INFO-已审核
2018-07-31 09:15:32,972-mp_log-INFO-审核失败
2018-07-31 09:15:33,529-mp_log-INFO-已审核
2018-07-31 09:15:33,980-mp_log-INFO-已审核
2018-07-31 09:15:34,419-mp_log-INFO-已审核
2018-07-31 09:15:34,992-mp_log-INFO-审核失败
2018-07-31 09:15:35,521-mp_log-INFO-已审核
2018-07-31 09:15:36,005-mp_log-INFO-已审核
2018-07-31 09:15:36,432-mp_log-INFO-已审核
2018-07-31 09:15:36,958-mp_log-INFO-审核失败
2018-07-31 09:15:37,429-mp_log-INFO-审核失败
2018-07-31 09:15:38,079-mp_log-INFO-审核失败
2018-07-31 09:15:38,459-mp_log-INFO-审核失败
2018-07-31 09:15:39,096-mp_log-INFO-已审核
2018-07-31 09:15:39,488-mp_log-INFO-已审核
2018-07-31 09:15:40,025-mp_log-INFO-已审核
2018-07-31 09:15:40,431-mp_log-INFO-审核失败
2018-07-31 09:15:41,121-mp_log-INFO-已审核
2018-07-31 09:15:41,447-mp_log-INFO-已审核
2018-07-31 09:15:42,009-mp_log-INFO-审核失败
2018-07-31 09:15:42,449-mp_log-INFO-审核失败
2018-07-31 09:15:43,028-mp_log-INFO-审核失败
2018-07-31 09:15:43,426-mp_log-INFO-审核失败
2018-07-31 09:15:44,038-mp_log-INFO-审核失败
2018-07-31 09:15:44,452-mp_log-INFO-审核失败
2018-07-31 09:15:44,999-mp_log-INFO-已审核
2018-07-31 09:15:45,582-mp_log-INFO-审核失败
2018-07-31 09:15:45,970-mp_log-INFO-已审核
2018-07-31 09:15:46,537-mp_log-INFO-审核失败
2018-07-31 09:15:47,001-mp_log-INFO-审核失败
2018-07-31 09:15:47,444-mp_log-INFO-审核失败
2018-07-31 09:15:48,014-mp_log-INFO-已审核
2018-07-31 09:15:48,632-mp_log-INFO-审核失败
2018-07-31 09:15:49,026-mp_log-INFO-审核失败
2018-07-31 09:15:49,668-mp_log-INFO-审核失败
2018-07-31 09:15:50,159-mp_log-INFO-已审核
2018-07-31 09:15:50,592-mp_log-INFO-已审核
2018-07-31 09:15:51,072-mp_log-INFO-审核失败
2018-07-31 09:15:51,587-mp_log-INFO-审核失败
2018-07-31 09:15:52,066-mp_log-INFO-已审核
2018-07-31 09:15:52,609-mp_log-INFO-已审核
2018-07-31 09:15:53,097-mp_log-INFO-审核失败
2018-07-31 09:15:53,533-mp_log-INFO-已审核
2018-07-31 09:15:54,120-mp_log-INFO-已审核
2018-07-31 09:15:54,647-mp_log-INFO-审核失败
2018-07-31 09:15:55,132-mp_log-INFO-审核失败
2018-07-31 09:15:55,663-mp_log-INFO-已审核
2018-07-31 09:15:56,144-mp_log-INFO-已审核
