2018-07-24 10:12:08,380-mp_log-INFO-token获取成功......
2018-07-24 10:12:11,708-mp_log-INFO-获取所有小程序信息成功......
2018-07-24 10:12:12,206-mp_log-INFO-获取最新模板信息成功.......
2018-07-24 10:12:14,025-mp_log-INFO-审核失败
2018-07-24 10:12:15,972-mp_log-INFO-审核失败
2018-07-24 10:12:18,362-mp_log-INFO-审核失败
2018-07-24 10:12:19,017-mp_log-INFO-审核失败
2018-07-24 10:12:19,965-mp_log-INFO-审核失败
2018-07-24 10:12:21,025-mp_log-INFO-审核失败
2018-07-24 10:12:21,915-mp_log-INFO-审核失败
2018-07-24 10:12:22,947-mp_log-INFO-已审核
2018-07-24 10:12:24,184-mp_log-INFO-审核失败
2018-07-24 10:12:24,982-mp_log-INFO-审核中
2018-07-24 10:12:26,074-mp_log-INFO-审核失败
2018-07-24 10:12:26,958-mp_log-INFO-审核失败
2018-07-24 10:12:27,973-mp_log-INFO-已审核
2018-07-24 10:12:28,884-mp_log-INFO-已审核
2018-07-24 10:12:29,909-mp_log-INFO-已审核
2018-07-24 10:12:30,972-mp_log-INFO-已审核
2018-07-24 10:12:31,931-mp_log-INFO-已审核
2018-07-24 10:12:32,952-mp_log-INFO-已审核
2018-07-24 10:12:33,956-mp_log-INFO-已审核
2018-07-24 10:12:34,996-mp_log-INFO-已审核
2018-07-24 10:12:36,325-mp_log-INFO-已审核
2018-07-24 10:12:37,000-mp_log-INFO-审核失败
2018-07-24 10:12:37,946-mp_log-INFO-审核失败
2018-07-24 10:12:38,929-mp_log-INFO-已审核
2018-07-24 10:12:39,979-mp_log-INFO-已审核
2018-07-24 10:12:40,986-mp_log-INFO-已审核
2018-07-24 10:12:41,894-mp_log-INFO-审核失败
2018-07-24 10:12:42,991-mp_log-INFO-审核失败
2018-07-24 10:12:44,058-mp_log-INFO-审核失败
2018-07-24 10:12:44,955-mp_log-INFO-审核失败
2018-07-24 10:12:45,958-mp_log-INFO-已审核
2018-07-24 10:12:46,932-mp_log-INFO-审核失败
2018-07-24 10:12:47,948-mp_log-INFO-审核失败
2018-07-24 10:12:48,959-mp_log-INFO-审核失败
2018-07-24 10:12:50,045-mp_log-INFO-审核失败
2018-07-24 10:12:50,913-mp_log-INFO-已审核
2018-07-24 10:12:51,942-mp_log-INFO-已审核
2018-07-24 10:12:52,962-mp_log-INFO-审核中
2018-07-24 10:12:53,913-mp_log-INFO-审核失败
2018-07-24 10:12:55,063-mp_log-INFO-已审核
2018-07-24 10:12:55,901-mp_log-INFO-审核失败
2018-07-24 10:12:56,978-mp_log-INFO-审核失败
2018-07-24 10:12:57,920-mp_log-INFO-已审核
2018-07-24 10:12:59,007-mp_log-INFO-已审核
2018-07-24 10:12:59,964-mp_log-INFO-已审核
2018-07-24 10:13:01,093-mp_log-INFO-已审核
2018-07-24 10:13:02,164-mp_log-INFO-已审核
2018-07-24 10:13:02,903-mp_log-INFO-审核失败
2018-07-24 10:13:03,919-mp_log-INFO-审核失败
2018-07-24 10:13:04,905-mp_log-INFO-已审核
2018-07-24 10:13:05,928-mp_log-INFO-审核失败
2018-07-24 10:13:07,963-mp_log-INFO-已审核
2018-07-24 10:13:08,973-mp_log-INFO-已审核
2018-07-24 10:13:09,925-mp_log-INFO-审核失败
2018-07-24 10:13:10,897-mp_log-INFO-审核失败
2018-07-24 10:13:11,954-mp_log-INFO-已审核
2018-07-24 10:13:13,176-mp_log-INFO-审核失败
2018-07-24 10:13:13,995-mp_log-INFO-已审核
2018-07-24 10:13:14,915-mp_log-INFO-已审核
2018-07-24 10:13:15,983-mp_log-INFO-审核失败
2018-07-24 10:13:17,067-mp_log-INFO-审核失败
2018-07-24 10:13:17,985-mp_log-INFO-已审核
2018-07-24 10:13:19,185-mp_log-INFO-审核失败
2018-07-24 10:13:19,967-mp_log-INFO-已审核
2018-07-24 10:13:20,945-mp_log-INFO-已审核
2018-07-24 10:13:21,918-mp_log-INFO-已审核
2018-07-24 10:13:23,042-mp_log-INFO-审核中
2018-07-24 10:13:23,973-mp_log-INFO-审核中
2018-07-24 10:13:25,085-mp_log-INFO-审核中
2018-07-24 10:13:25,961-mp_log-INFO-审核失败
2018-07-24 10:13:27,018-mp_log-INFO-已审核
2018-07-24 10:13:27,949-mp_log-INFO-已审核
2018-07-24 10:13:28,990-mp_log-INFO-已审核
2018-07-24 10:13:30,246-mp_log-INFO-审核失败
2018-07-24 10:13:31,028-mp_log-INFO-已审核
2018-07-24 10:13:32,546-mp_log-INFO-已审核
2018-07-24 10:13:33,328-mp_log-INFO-审核中
2018-07-24 10:13:34,332-mp_log-INFO-审核失败
2018-07-24 10:13:35,424-mp_log-INFO-审核中
2018-07-24 10:13:36,354-mp_log-INFO-审核失败
2018-07-24 10:13:37,333-mp_log-INFO-审核中
2018-07-24 10:13:38,397-mp_log-INFO-审核中
2018-07-24 10:13:39,303-mp_log-INFO-已审核
2018-07-24 10:13:40,362-mp_log-INFO-审核失败
2018-07-24 10:13:41,359-mp_log-INFO-已审核
2018-07-24 10:13:42,373-mp_log-INFO-审核失败
2018-07-24 10:13:43,336-mp_log-INFO-审核失败
2018-07-24 10:13:44,415-mp_log-INFO-审核中
2018-07-24 10:13:45,554-mp_log-INFO-已审核
2018-07-24 10:13:46,485-mp_log-INFO-审核失败
2018-07-24 10:13:47,715-mp_log-INFO-审核失败
2018-07-24 10:13:48,660-mp_log-INFO-审核中
