2018-07-20 18:29:34,885-mp_log-INFO-token获取成功......
2018-07-20 18:29:36,985-mp_log-INFO-获取所有小程序信息成功......
2018-07-20 18:29:37,730-mp_log-INFO-获取最新模板信息成功.......
2018-07-20 18:29:38,992-mp_log-ERROR-诗美逸操作失败,失败原因{'status': 'error', 'msg': 'system error hint: [6URbWa05872159]'}
2018-07-20 18:29:38,999-mp_log-ERROR-美美昭妍操作失败,失败原因{'status': 'error', 'msg': 'system error hint: [kEv1Oa0587b451]'}
2018-07-20 18:29:39,001-mp_log-ERROR-爱女士操作失败,失败原因{'status': 'error', 'msg': 'system error hint: [uFjDLa05870720]'}
2018-07-20 18:29:39,023-mp_log-ERROR-都市点点操作失败,失败原因{'status': 'error', 'msg': 'system error hint: [YA__cA05870720]'}
2018-07-20 18:29:39,171-mp_log-ERROR-美人记Beauty操作失败,失败原因{'status': 'error', 'msg': 'system error hint: [y05878962]'}
2018-07-20 18:29:39,188-mp_log-ERROR-Oni速美花园操作失败,失败原因{'status': 'error', 'msg': 'system error hint: [LF1D4a05874799]'}
2018-07-20 18:29:39,209-mp_log-ERROR-月瘦月美操作失败,失败原因{'status': 'error', 'msg': 'system error hint: [Bbxn3a05878962]'}
2018-07-20 18:29:39,221-mp_log-ERROR-艾妍整形操作失败,失败原因{'status': 'error', 'msg': 'system error hint: [JwgRfA05879041]'}
2018-07-20 18:29:39,230-mp_log-ERROR-东方仕典操作失败,失败原因{'status': 'error', 'msg': 'system error hint: [yU7X_a05871513]'}
2018-07-20 18:29:39,263-mp_log-ERROR-来了美操作失败,失败原因{'status': 'error', 'msg': 'system error hint: [CW6T4a05871513]'}
2018-07-20 18:29:39,278-mp_log-ERROR-香密雅CIMIA操作失败,失败原因{'status': 'error', 'msg': 'system error hint: [05879041]'}
2018-07-20 18:29:39,284-mp_log-ERROR-南洋beauty操作失败,失败原因{'status': 'error', 'msg': 'system error hint: [yuRZDA05872159]'}
2018-07-20 18:29:39,307-mp_log-ERROR-妃香伊丹操作失败,失败原因{'status': 'error', 'msg': 'system error hint: [G1Ez705878978]'}
2018-07-20 18:29:39,311-mp_log-ERROR-弘迪美容美发操作失败,失败原因{'status': 'error', 'msg': 'system error hint: [xZRAia0587b451]'}
2018-07-20 18:29:39,337-mp_log-ERROR-纤指百媚操作失败,失败原因{'status': 'error', 'msg': 'system error hint: [3ZwCaa0587b100]'}
2018-07-20 18:29:39,345-mp_log-ERROR-窈窕淑女操作失败,失败原因{'status': 'error', 'msg': 'system error hint: [y5q6PA0587b451]'}
2018-07-20 18:29:39,357-mp_log-ERROR-智能科技美店操作失败,失败原因{'status': 'error', 'msg': 'system error hint: [FKLxhA05878978]'}
2018-07-20 18:29:39,483-mp_log-INFO-贝娅塔模板操作成功,模板名称7.20 正式版18:26
2018-07-20 18:29:39,541-mp_log-INFO-美美昭彦模板操作成功,模板名称7.20 正式版18:26
2018-07-20 18:29:39,564-mp_log-INFO-曼奇莎模板操作成功,模板名称7.20 正式版18:26
2018-07-20 18:29:39,610-mp_log-INFO-菲梵经典模板操作成功,模板名称7.20 正式版18:26
2018-07-20 18:29:39,620-mp_log-INFO-润妃国际模板操作成功,模板名称7.20 正式版18:26
2018-07-20 18:29:39,625-mp_log-ERROR-香住SPA操作失败,失败原因{'status': 'error', 'msg': 'system error hint: [LrMMjA05884529]'}
2018-07-20 18:29:39,632-mp_log-INFO-来就健康模板操作成功,模板名称7.20 正式版18:26
2018-07-20 18:29:39,637-mp_log-INFO-芊思雅莎莎模板操作成功,模板名称7.20 正式版18:26
2018-07-20 18:29:39,650-mp_log-INFO-佐登妮丝模板操作成功,模板名称7.20 正式版18:26
2018-07-20 18:29:39,657-mp_log-INFO-悠兰lyj模板操作成功,模板名称7.20 正式版18:26
2018-07-20 18:29:39,661-mp_log-INFO-灵动模板操作成功,模板名称7.20 正式版18:26
2018-07-20 18:29:39,667-mp_log-INFO-来了美佳澜店模板操作成功,模板名称7.20 正式版18:26
2018-07-20 18:29:39,674-mp_log-INFO-广州七号驻颜模板操作成功,模板名称7.20 正式版18:26
2018-07-20 18:29:39,682-mp_log-INFO-来美吧模板操作成功,模板名称7.20 正式版18:26
2018-07-20 18:29:39,698-mp_log-INFO-环亚美容模板操作成功,模板名称7.20 正式版18:26
2018-07-20 18:29:39,699-mp_log-INFO-当代经典模板操作成功,模板名称7.20 正式版18:26
2018-07-20 18:29:39,703-mp_log-INFO-霭伦恩美模板操作成功,模板名称7.20 正式版18:26
2018-07-20 18:29:39,705-mp_log-ERROR-金柏丽操作失败,失败原因{'status': 'error', 'msg': 'system error hint: [96bzrA05882159]'}
2018-07-20 18:29:39,708-mp_log-INFO-绿苑女子模板操作成功,模板名称7.20 正式版18:26
2018-07-20 18:29:39,743-mp_log-INFO-恒美世纪模板操作成功,模板名称7.20 正式版18:26
2018-07-20 18:29:39,744-mp_log-ERROR-植美SPA操作失败,失败原因{'status': 'error', 'msg': 'system error hint: [vY2YSA0588b100]'}
2018-07-20 18:29:39,748-mp_log-ERROR-欧妮薇操作失败,失败原因{'status': 'error', 'msg': 'system error hint: [o1lE0a05882159]'}
2018-07-20 18:29:39,751-mp_log-ERROR-美丽九九操作失败,失败原因{'status': 'error', 'msg': 'system error hint: [0ixqDa05884799]'}
2018-07-20 18:29:39,757-mp_log-ERROR-还原美操作失败,失败原因{'status': 'error', 'msg': 'system error hint: [vN0588hb97]'}
2018-07-20 18:29:39,766-mp_log-ERROR-美之颜操作失败,失败原因{'status': 'error', 'msg': 'system error hint: [r3RvKA0588hb97]'}
2018-07-20 18:29:39,776-mp_log-ERROR-杭州东方整形操作失败,失败原因{'status': 'error', 'msg': 'system error hint: [ltRNHA05884522]'}
2018-07-20 18:29:39,782-mp_log-INFO-虞诗蔓模板操作成功,模板名称7.20 正式版18:26
2018-07-20 18:29:39,787-mp_log-INFO-颐和美容模板操作成功,模板名称7.20 正式版18:26
2018-07-20 18:29:39,793-mp_log-ERROR-你好漂亮操作失败,失败原因{'status': 'error', 'msg': 'system error hint: [bEfsAa05884529]'}
2018-07-20 18:29:39,805-mp_log-ERROR-曼姿操作失败,失败原因{'status': 'error', 'msg': 'system error hint: [ed60588b100]'}
2018-07-20 18:29:39,820-mp_log-INFO-菲常美模板操作成功,模板名称7.20 正式版18:26
2018-07-20 18:29:39,829-mp_log-INFO-当今悦美模板操作成功,模板名称7.20 正式版18:26
2018-07-20 18:29:39,831-mp_log-ERROR-缘临医疗美容操作失败,失败原因{'status': 'error', 'msg': 'system error hint: [_jrkva05881518]'}
2018-07-20 18:29:39,835-mp_log-INFO-雪依氏模板操作成功,模板名称7.20 正式版18:26
2018-07-20 18:29:39,838-mp_log-ERROR-東美人儿操作失败,失败原因{'status': 'error', 'msg': 'system error hint: [SBJ_7a05888962]'}
2018-07-20 18:29:39,849-mp_log-ERROR-雅涛世家操作失败,失败原因{'status': 'error', 'msg': 'system error hint: [CiUGaA05880720]'}
2018-07-20 18:29:39,858-mp_log-ERROR-掌上美管家A操作失败,失败原因{'status': 'error', 'msg': 'system error hint: [nM1jnA05882358]'}
2018-07-20 18:29:39,861-mp_log-ERROR-长江九号操作失败,失败原因{'status': 'error', 'msg': 'system error hint: [aiB_nA05888978]'}
2018-07-20 18:29:39,864-mp_log-ERROR-芯语芳心操作失败,失败原因{'status': 'error', 'msg': 'system error hint: [3RO6Ia05884529]'}
2018-07-20 18:29:39,878-mp_log-ERROR-斓悦庭操作失败,失败原因{'status': 'error', 'msg': 'system error hint: [DZOtca05888962]'}
2018-07-20 18:29:39,880-mp_log-ERROR-创美雅香莱操作失败,失败原因{'status': 'error', 'msg': 'system error hint: [8SE7Ha0588b100]'}
2018-07-20 18:29:39,881-mp_log-ERROR-世纪之春操作失败,失败原因{'status': 'error', 'msg': 'system error hint: [8w2s05888978]'}
2018-07-20 18:29:39,885-mp_log-ERROR-乐聚操作失败,失败原因{'status': 'error', 'msg': 'system error hint: [ZAgWrA05884529]'}
2018-07-20 18:29:39,896-mp_log-ERROR-梦圆皇宫操作失败,失败原因{'status': 'error', 'msg': 'system error hint: [1doL6a05884526]'}
2018-07-20 18:29:39,902-mp_log-ERROR-唯美童妍操作失败,失败原因{'status': 'error', 'msg': 'system error hint: [8RIRZa05888962]'}
2018-07-20 18:29:39,902-mp_log-ERROR-来了美千丝美操作失败,失败原因{'status': 'error', 'msg': 'system error hint: [Up5f1a05884799]'}
2018-07-20 18:29:39,910-mp_log-ERROR-承昱医疗操作失败,失败原因{'status': 'error', 'msg': 'system error hint: [5D0yuA05884526]'}
2018-07-20 18:29:39,913-mp_log-ERROR-体验店操作失败,失败原因{'status': 'error', 'msg': 'api is unauthorized to component hint: [gS0HNa05882159]'}
2018-07-20 18:29:39,916-mp_log-ERROR-英原健康操作失败,失败原因{'status': 'error', 'msg': 'system error hint: [QUqkTa05888978]'}
2018-07-20 18:29:39,926-mp_log-ERROR-恩雅操作失败,失败原因{'status': 'error', 'msg': 'system error hint: [.khgEa05888962]'}
2018-07-20 18:29:39,931-mp_log-ERROR-金贵人Beauty操作失败,失败原因{'status': 'error', 'msg': 'system error hint: [WMZEeA05884529]'}
2018-07-20 18:29:39,940-mp_log-ERROR-沧州美美达操作失败,失败原因{'status': 'error', 'msg': 'system error hint: [Leri405884529]'}
2018-07-20 18:29:39,945-mp_log-ERROR-博妍集美操作失败,失败原因{'status': 'error', 'msg': 'system error hint: [A6xbJa0588hb97]'}
2018-07-20 18:29:39,946-mp_log-ERROR-DR美研博士操作失败,失败原因{'status': 'error', 'msg': 'system error hint: [W37goa05884522]'}
2018-07-20 18:29:39,960-mp_log-ERROR-呈悦医疗操作失败,失败原因{'status': 'error', 'msg': 'system error hint: [oRyleA05888978]'}
2018-07-20 18:29:39,963-mp_log-INFO-娇阑美颜模板操作成功,模板名称7.20 正式版18:26
2018-07-20 18:29:40,014-mp_log-ERROR-如生堂操作失败,失败原因{'status': 'error', 'msg': 'system error hint: [05882358]'}
2018-07-20 18:29:40,019-mp_log-ERROR-女秀才操作失败,失败原因{'status': 'error', 'msg': 'system error hint: [xLs1Sa05889030]'}
2018-07-20 18:29:40,104-mp_log-INFO-阿芙洛蒂模板操作成功,模板名称7.20 正式版18:26
2018-07-20 18:29:40,125-mp_log-INFO-妍雅媛模板操作成功,模板名称7.20 正式版18:26
2018-07-20 18:29:40,137-mp_log-INFO-美德福模板操作成功,模板名称7.20 正式版18:26
2018-07-20 18:29:40,147-mp_log-INFO-云立方模板操作成功,模板名称7.20 正式版18:26
2018-07-20 18:29:40,154-mp_log-INFO-来了美雲会所模板操作成功,模板名称7.20 正式版18:26
2018-07-20 18:29:40,158-mp_log-INFO-美姿来就美模板操作成功,模板名称7.20 正式版18:26
2018-07-20 18:29:40,159-mp_log-INFO-诗露丽涵模板操作成功,模板名称7.20 正式版18:26
2018-07-20 18:29:40,168-mp_log-INFO-栢草源模板操作成功,模板名称7.20 正式版18:26
2018-07-20 18:29:40,172-mp_log-INFO-来了美韩尚恩模板操作成功,模板名称7.20 正式版18:26
2018-07-20 18:29:40,179-mp_log-INFO-来了美标榜店模板操作成功,模板名称7.20 正式版18:26
2018-07-20 18:29:40,196-mp_log-INFO-美共享模板操作成功,模板名称7.20 正式版18:26
2018-07-20 18:29:40,202-mp_log-INFO-黄氏百佳模板操作成功,模板名称7.20 正式版18:26
2018-07-20 18:29:40,203-mp_log-INFO-魅力华健模板操作成功,模板名称7.20 正式版18:26
2018-07-20 18:29:40,229-mp_log-INFO-IVY艾菲芭模板操作成功,模板名称7.20 正式版18:26
2018-07-20 18:29:40,252-mp_log-INFO-GOGOBeauty模板操作成功,模板名称7.20 正式版18:26
2018-07-20 18:29:40,276-mp_log-INFO-艾面一族 模板操作成功,模板名称7.20 正式版18:26
2018-07-20 18:29:40,280-mp_log-INFO-巴黎情缘模板操作成功,模板名称7.20 正式版18:26
2018-07-20 18:29:40,282-mp_log-INFO-年轻我可以模板操作成功,模板名称7.20 正式版18:26
2018-07-20 18:29:40,284-mp_log-INFO-梅兰丽人模板操作成功,模板名称7.20 正式版18:26
2018-07-20 18:29:40,325-mp_log-INFO-红妆倾城模板操作成功,模板名称7.20 正式版18:26
2018-07-20 18:29:40,359-mp_log-INFO-ME智慧美店模板操作成功,模板名称7.20 正式版18:26
2018-07-20 18:29:40,372-mp_log-INFO-二院美丽之约模板操作成功,模板名称7.20 正式版18:26
2018-07-20 18:29:40,403-mp_log-INFO-琉璃水城模板操作成功,模板名称7.20 正式版18:26
2018-07-20 18:29:40,473-mp_log-INFO-杭州桐雅模板操作成功,模板名称7.20 正式版18:26
2018-07-20 18:29:40,523-mp_log-INFO-兴美源模板操作成功,模板名称7.20 正式版18:26
2018-07-20 18:29:43,317-mp_log-ERROR-都市点点提交失败
2018-07-20 18:29:43,424-mp_log-ERROR-美人记Beauty提交失败
2018-07-20 18:29:43,546-mp_log-ERROR-悠兰lyj提交失败
2018-07-20 18:29:43,663-mp_log-ERROR-菲梵经典提交失败
2018-07-20 18:29:43,704-mp_log-ERROR-呈悦医疗提交失败
2018-07-20 18:29:43,713-mp_log-ERROR-体验店提交失败
2018-07-20 18:29:43,803-mp_log-INFO-曼奇莎提交成功
2018-07-20 18:29:43,814-mp_log-ERROR-魅力华健提交失败
2018-07-20 18:29:43,843-mp_log-ERROR-还原美提交失败
2018-07-20 18:29:43,958-mp_log-INFO-润妃国际提交成功
2018-07-20 18:29:44,036-mp_log-ERROR-美丽九九提交失败
2018-07-20 18:29:44,098-mp_log-INFO-芊思雅莎莎提交成功
2018-07-20 18:29:44,124-mp_log-INFO-诗美逸提交成功
2018-07-20 18:29:44,128-mp_log-INFO-巴黎情缘提交成功
2018-07-20 18:29:44,142-mp_log-INFO-颐和美容提交成功
2018-07-20 18:29:44,170-mp_log-INFO-ME智慧美店提交成功
2018-07-20 18:29:44,183-mp_log-INFO-恒美世纪提交成功
2018-07-20 18:29:44,221-mp_log-INFO-来美吧提交成功
2018-07-20 18:29:44,255-mp_log-INFO-来了美佳澜店提交成功
2018-07-20 18:29:44,258-mp_log-INFO-广州七号驻颜提交成功
2018-07-20 18:29:44,261-mp_log-INFO-诗露丽涵提交成功
2018-07-20 18:29:44,271-mp_log-INFO-环亚美容提交成功
2018-07-20 18:29:44,285-mp_log-INFO-来了美标榜店提交成功
2018-07-20 18:29:44,293-mp_log-INFO-佐登妮丝提交成功
2018-07-20 18:29:44,298-mp_log-INFO-杭州东方整形提交成功
2018-07-20 18:29:44,322-mp_log-INFO-美美昭彦提交成功
2018-07-20 18:29:44,335-mp_log-INFO-Oni速美花园提交成功
2018-07-20 18:29:44,342-mp_log-INFO-来就健康提交成功
2018-07-20 18:29:44,347-mp_log-INFO-二院美丽之约提交成功
2018-07-20 18:29:44,388-mp_log-INFO-菲常美提交成功
2018-07-20 18:29:44,408-mp_log-INFO-美美昭妍提交成功
2018-07-20 18:29:44,409-mp_log-INFO-弘迪美容美发提交成功
2018-07-20 18:29:44,412-mp_log-INFO-美之颜提交成功
2018-07-20 18:29:44,435-mp_log-INFO-斓悦庭提交成功
2018-07-20 18:29:44,451-mp_log-INFO-当代经典提交成功
2018-07-20 18:29:44,471-mp_log-INFO-如生堂提交成功
2018-07-20 18:29:44,478-mp_log-INFO-美共享提交成功
2018-07-20 18:29:44,495-mp_log-INFO-艾妍整形提交成功
2018-07-20 18:29:44,502-mp_log-INFO-你好漂亮提交成功
2018-07-20 18:29:44,502-mp_log-INFO-当今悦美提交成功
2018-07-20 18:29:44,506-mp_log-INFO-艾面一族 提交成功
2018-07-20 18:29:44,516-mp_log-INFO-月瘦月美提交成功
2018-07-20 18:29:44,544-mp_log-INFO-GOGOBeauty提交成功
2018-07-20 18:29:44,554-mp_log-INFO-芯语芳心提交成功
2018-07-20 18:29:44,558-mp_log-INFO-虞诗蔓提交成功
2018-07-20 18:29:44,561-mp_log-INFO-承昱医疗提交成功
2018-07-20 18:29:44,576-mp_log-INFO-云立方提交成功
2018-07-20 18:29:44,579-mp_log-INFO-年轻我可以提交成功
2018-07-20 18:29:44,582-mp_log-INFO-琉璃水城提交成功
2018-07-20 18:29:44,597-mp_log-INFO-霭伦恩美提交成功
2018-07-20 18:29:44,605-mp_log-INFO-东方仕典提交成功
2018-07-20 18:29:44,616-mp_log-INFO-雪依氏提交成功
2018-07-20 18:29:44,618-mp_log-INFO-兴美源提交成功
2018-07-20 18:29:44,619-mp_log-INFO-栢草源提交成功
2018-07-20 18:29:44,622-mp_log-INFO-梅兰丽人提交成功
2018-07-20 18:29:44,627-mp_log-INFO-绿苑女子提交成功
2018-07-20 18:29:44,643-mp_log-INFO-博妍集美提交成功
2018-07-20 18:29:44,645-mp_log-INFO-妃香伊丹提交成功
2018-07-20 18:29:44,645-mp_log-INFO-红妆倾城提交成功
2018-07-20 18:29:44,660-mp_log-INFO-南洋beauty提交成功
2018-07-20 18:29:44,667-mp_log-INFO-纤指百媚提交成功
2018-07-20 18:29:44,675-mp_log-INFO-植美SPA提交成功
2018-07-20 18:29:44,675-mp_log-INFO-唯美童妍提交成功
2018-07-20 18:29:44,688-mp_log-INFO-掌上美管家A提交成功
2018-07-20 18:29:44,692-mp_log-INFO-阿芙洛蒂提交成功
2018-07-20 18:29:44,698-mp_log-INFO-梦圆皇宫提交成功
2018-07-20 18:29:44,705-mp_log-INFO-女秀才提交成功
2018-07-20 18:29:44,727-mp_log-INFO-杭州桐雅提交成功
2018-07-20 18:29:44,738-mp_log-INFO-来了美雲会所提交成功
2018-07-20 18:29:44,746-mp_log-INFO-英原健康提交成功
2018-07-20 18:29:44,746-mp_log-INFO-金柏丽提交成功
2018-07-20 18:29:44,748-mp_log-INFO-窈窕淑女提交成功
2018-07-20 18:29:44,749-mp_log-INFO-香住SPA提交成功
2018-07-20 18:29:44,751-mp_log-INFO-美德福提交成功
2018-07-20 18:29:44,761-mp_log-INFO-沧州美美达提交成功
2018-07-20 18:29:44,768-mp_log-INFO-美姿来就美提交成功
2018-07-20 18:29:44,772-mp_log-INFO-缘临医疗美容提交成功
2018-07-20 18:29:44,777-mp_log-INFO-金贵人Beauty提交成功
2018-07-20 18:29:44,811-mp_log-INFO-创美雅香莱提交成功
2018-07-20 18:29:44,815-mp_log-INFO-DR美研博士提交成功
2018-07-20 18:29:44,825-mp_log-INFO-来了美韩尚恩提交成功
2018-07-20 18:29:44,828-mp_log-INFO-乐聚提交成功
2018-07-20 18:29:44,837-mp_log-INFO-妍雅媛提交成功
2018-07-20 18:29:44,840-mp_log-INFO-曼姿提交成功
2018-07-20 18:29:44,857-mp_log-INFO-香密雅CIMIA提交成功
2018-07-20 18:29:44,866-mp_log-INFO-智能科技美店提交成功
2018-07-20 18:29:44,868-mp_log-INFO-IVY艾菲芭提交成功
2018-07-20 18:29:44,882-mp_log-INFO-欧妮薇提交成功
2018-07-20 18:29:44,885-mp_log-INFO-東美人儿提交成功
2018-07-20 18:29:44,885-mp_log-INFO-来了美千丝美提交成功
2018-07-20 18:29:44,888-mp_log-INFO-灵动提交成功
2018-07-20 18:29:44,897-mp_log-INFO-黄氏百佳提交成功
2018-07-20 18:29:44,897-mp_log-INFO-雅涛世家提交成功
2018-07-20 18:29:44,898-mp_log-INFO-娇阑美颜提交成功
2018-07-20 18:29:44,922-mp_log-INFO-爱女士提交成功
2018-07-20 18:29:44,954-mp_log-INFO-世纪之春提交成功
2018-07-20 18:29:44,972-mp_log-INFO-恩雅提交成功
2018-07-20 18:29:44,979-mp_log-INFO-长江九号提交成功
2018-07-20 18:29:45,218-mp_log-INFO-来了美提交成功
2018-07-20 18:30:49,555-mp_log-INFO-贝娅塔提交成功
