2018-07-23 17:54:28,168-mp_log-INFO-token获取成功......
2018-07-23 17:54:34,559-mp_log-INFO-获取所有小程序信息成功......
2018-07-23 17:54:37,583-mp_log-INFO-获取最新模板信息成功.......
2018-07-23 17:54:40,636-mp_log-INFO-审核失败
2018-07-23 17:54:40,646-mp_log-INFO-审核失败
2018-07-23 17:54:40,737-mp_log-INFO-审核失败
2018-07-23 17:54:40,740-mp_log-INFO-审核失败
2018-07-23 17:54:40,747-mp_log-INFO-审核失败
2018-07-23 17:54:40,748-mp_log-INFO-审核中
2018-07-23 17:54:40,774-mp_log-INFO-审核中
2018-07-23 17:54:40,786-mp_log-INFO-审核失败
2018-07-23 17:54:40,786-mp_log-INFO-审核失败
2018-07-23 17:54:40,798-mp_log-INFO-审核中
2018-07-23 17:54:40,803-mp_log-INFO-审核中
2018-07-23 17:54:40,829-mp_log-INFO-审核失败
2018-07-23 17:54:40,829-mp_log-INFO-审核中
2018-07-23 17:54:40,835-mp_log-INFO-审核失败
2018-07-23 17:54:40,845-mp_log-INFO-审核失败
2018-07-23 17:54:40,850-mp_log-INFO-审核失败
2018-07-23 17:54:40,861-mp_log-INFO-审核失败
2018-07-23 17:54:40,873-mp_log-INFO-审核失败
2018-07-23 17:54:40,876-mp_log-INFO-审核中
2018-07-23 17:54:40,878-mp_log-INFO-审核失败
2018-07-23 17:54:40,887-mp_log-INFO-审核中
2018-07-23 17:54:40,890-mp_log-INFO-审核中
2018-07-23 17:54:40,898-mp_log-INFO-已审核
2018-07-23 17:54:40,899-mp_log-INFO-审核失败
2018-07-23 17:54:40,910-mp_log-INFO-审核失败
2018-07-23 17:54:40,915-mp_log-INFO-审核中
2018-07-23 17:54:40,917-mp_log-INFO-审核失败
2018-07-23 17:54:40,926-mp_log-INFO-审核失败
2018-07-23 17:54:40,929-mp_log-INFO-审核中
2018-07-23 17:54:40,934-mp_log-INFO-审核失败
2018-07-23 17:54:40,945-mp_log-INFO-审核中
2018-07-23 17:54:40,947-mp_log-INFO-审核中
2018-07-23 17:54:40,949-mp_log-INFO-审核中
2018-07-23 17:54:40,951-mp_log-INFO-审核中
2018-07-23 17:54:40,957-mp_log-INFO-审核中
2018-07-23 17:54:40,960-mp_log-INFO-审核中
2018-07-23 17:54:40,961-mp_log-INFO-审核中
2018-07-23 17:54:40,987-mp_log-INFO-审核中
2018-07-23 17:54:40,988-mp_log-INFO-审核中
2018-07-23 17:54:40,993-mp_log-INFO-审核中
2018-07-23 17:54:41,008-mp_log-INFO-审核失败
2018-07-23 17:54:41,008-mp_log-INFO-审核中
2018-07-23 17:54:41,011-mp_log-INFO-审核中
2018-07-23 17:54:41,018-mp_log-INFO-已审核
2018-07-23 17:54:41,018-mp_log-INFO-审核失败
2018-07-23 17:54:41,021-mp_log-INFO-审核中
2018-07-23 17:54:41,026-mp_log-INFO-审核中
2018-07-23 17:54:41,030-mp_log-INFO-审核中
2018-07-23 17:54:41,039-mp_log-INFO-审核失败
2018-07-23 17:54:41,043-mp_log-INFO-审核中
2018-07-23 17:54:41,043-mp_log-INFO-审核失败
2018-07-23 17:54:41,046-mp_log-INFO-审核中
2018-07-23 17:54:41,050-mp_log-INFO-审核中
2018-07-23 17:54:41,060-mp_log-INFO-审核失败
2018-07-23 17:54:41,061-mp_log-INFO-审核中
2018-07-23 17:54:41,065-mp_log-INFO-审核失败
2018-07-23 17:54:41,069-mp_log-INFO-审核失败
2018-07-23 17:54:41,077-mp_log-INFO-审核中
2018-07-23 17:54:41,079-mp_log-INFO-审核中
2018-07-23 17:54:41,083-mp_log-INFO-审核中
2018-07-23 17:54:41,085-mp_log-INFO-审核失败
2018-07-23 17:54:41,090-mp_log-INFO-审核失败
2018-07-23 17:54:41,091-mp_log-INFO-审核失败
2018-07-23 17:54:41,106-mp_log-INFO-审核失败
2018-07-23 17:54:41,139-mp_log-INFO-审核失败
2018-07-23 17:54:41,146-mp_log-INFO-审核中
2018-07-23 17:54:41,153-mp_log-INFO-审核中
2018-07-23 17:54:41,158-mp_log-INFO-审核失败
2018-07-23 17:54:41,160-mp_log-INFO-审核中
2018-07-23 17:54:41,162-mp_log-INFO-审核失败
2018-07-23 17:54:41,164-mp_log-INFO-审核中
2018-07-23 17:54:41,168-mp_log-INFO-审核中
2018-07-23 17:54:41,235-mp_log-INFO-审核失败
2018-07-23 17:54:41,272-mp_log-INFO-审核中
2018-07-23 17:54:41,276-mp_log-INFO-审核中
2018-07-23 17:54:41,280-mp_log-INFO-审核中
2018-07-23 17:54:41,282-mp_log-INFO-审核中
2018-07-23 17:54:41,293-mp_log-INFO-审核中
2018-07-23 17:54:41,295-mp_log-INFO-审核中
2018-07-23 17:54:41,301-mp_log-INFO-审核失败
2018-07-23 17:54:41,303-mp_log-INFO-审核中
2018-07-23 17:54:41,317-mp_log-INFO-审核中
2018-07-23 17:54:41,321-mp_log-INFO-审核中
2018-07-23 17:54:41,328-mp_log-INFO-审核中
2018-07-23 17:54:41,336-mp_log-INFO-审核中
2018-07-23 17:54:41,346-mp_log-INFO-审核失败
2018-07-23 17:54:41,350-mp_log-INFO-审核失败
2018-07-23 17:54:41,378-mp_log-INFO-审核中
2018-07-23 17:54:41,383-mp_log-INFO-审核中
2018-07-23 17:54:41,385-mp_log-INFO-审核失败
2018-07-23 17:54:41,383-mp_log-INFO-审核失败
2018-07-23 17:54:41,383-mp_log-INFO-审核失败
2018-07-23 17:54:41,385-mp_log-INFO-审核中
2018-07-23 17:54:41,398-mp_log-INFO-审核失败
2018-07-23 17:54:41,405-mp_log-INFO-审核失败
2018-07-23 17:54:41,445-mp_log-INFO-审核中
2018-07-23 17:54:41,449-mp_log-INFO-审核失败
2018-07-23 17:54:41,459-mp_log-INFO-审核中
2018-07-23 17:54:41,467-mp_log-INFO-审核中
2018-07-23 17:54:41,469-mp_log-INFO-审核中
2018-07-23 17:54:41,474-mp_log-INFO-审核中
2018-07-23 17:54:41,521-mp_log-INFO-审核中
2018-07-23 17:54:43,323-mp_log-INFO-审核失败
2018-07-23 17:54:44,047-mp_log-INFO-审核中
2018-07-23 17:54:44,100-mp_log-INFO-审核中
