2018-07-12 21:05:49,786-mp_log-INFO-token获取成功......
2018-07-12 21:05:49,898-mp_log-INFO-获取所有小程序信息成功......
2018-07-12 21:05:50,381-mp_log-INFO-获取最新模板信息成功.......
2018-07-12 21:05:51,845-mp_log-INFO------环亚美容模板操作成功，模板名称:7.12 正式版 20：48
2018-07-12 21:05:53,537-mp_log-INFO------绿苑女子模板操作成功，模板名称:7.12 正式版 20：48
2018-07-12 21:05:54,967-mp_log-INFO------广州七号驻颜模板操作成功，模板名称:7.12 正式版 20：48
2018-07-12 21:05:57,094-mp_log-INFO------曼奇莎模板操作成功，模板名称:7.12 正式版 20：48
2018-07-12 21:05:58,484-mp_log-INFO------诗美逸模板操作成功，模板名称:7.12 正式版 20：48
2018-07-12 21:06:00,401-mp_log-INFO------颐和美容模板操作成功，模板名称:7.12 正式版 20：48
2018-07-12 21:06:02,472-mp_log-INFO------Oni智能美肤模板操作成功，模板名称:7.12 正式版 20：48
2018-07-12 21:06:03,960-mp_log-INFO------来了美佳澜店模板操作成功，模板名称:7.12 正式版 20：48
2018-07-12 21:06:05,407-mp_log-INFO------润妃国际模板操作成功，模板名称:7.12 正式版 20：48
2018-07-12 21:06:06,871-mp_log-INFO------灵动模板操作成功，模板名称:7.12 正式版 20：48
2018-07-12 21:06:08,325-mp_log-INFO------美美答伊丽莎模板操作成功，模板名称:7.12 正式版 20：48
2018-07-12 21:06:10,048-mp_log-INFO------当今悦美模板操作成功，模板名称:7.12 正式版 20：48
2018-07-12 21:06:11,593-mp_log-INFO------芊思雅莎莎模板操作成功，模板名称:7.12 正式版 20：48
2018-07-12 21:06:13,125-mp_log-INFO------恒美世纪模板操作成功，模板名称:7.12 正式版 20：48
2018-07-12 21:06:14,537-mp_log-INFO------虞诗蔓模板操作成功，模板名称:7.12 正式版 20：48
2018-07-12 21:06:16,076-mp_log-INFO------雪依氏模板操作成功，模板名称:7.12 正式版 20：48
2018-07-12 21:06:17,539-mp_log-INFO------霭伦恩美模板操作成功，模板名称:7.12 正式版 20：48
2018-07-12 21:06:18,970-mp_log-INFO------来美吧模板操作成功，模板名称:7.12 正式版 20：48
2018-07-12 21:06:21,973-mp_log-INFO------美美昭妍模板操作成功，模板名称:7.12 正式版 20：48
2018-07-12 21:06:23,384-mp_log-INFO------佐登妮丝模板操作成功，模板名称:7.12 正式版 20：48
2018-07-12 21:06:25,025-mp_log-INFO------娇阑美颜模板操作成功，模板名称:7.12 正式版 20：48
2018-07-12 21:06:29,099-mp_log-INFO------爱女士模板操作成功，模板名称:7.12 正式版 20：48
2018-07-12 21:06:30,692-mp_log-INFO------艾妍整形模板操作成功，模板名称:7.12 正式版 20：48
2018-07-12 21:06:32,155-mp_log-INFO------巴黎情缘模板操作成功，模板名称:7.12 正式版 20：48
2018-07-12 21:06:33,737-mp_log-INFO------梅兰丽人模板操作成功，模板名称:7.12 正式版 20：48
2018-07-12 21:06:35,661-mp_log-INFO------诗露丽涵模板操作成功，模板名称:7.12 正式版 20：48
2018-07-12 21:06:37,012-mp_log-INFO------东方仕典模板操作成功，模板名称:7.12 正式版 20：48
2018-07-12 21:06:38,727-mp_log-INFO------年轻我可以模板操作成功，模板名称:7.12 正式版 20：48
2018-07-12 21:06:40,317-mp_log-INFO------兴美源模板操作成功，模板名称:7.12 正式版 20：48
2018-07-12 21:06:41,810-mp_log-INFO------琉璃水城模板操作成功，模板名称:7.12 正式版 20：48
2018-07-12 21:06:43,188-mp_log-INFO------栢草源模板操作成功，模板名称:7.12 正式版 20：48
2018-07-12 21:06:44,612-mp_log-INFO------杭州东方整形模板操作成功，模板名称:7.12 正式版 20：48
2018-07-12 21:06:46,047-mp_log-INFO------美共享模板操作成功，模板名称:7.12 正式版 20：48
2018-07-12 21:06:47,539-mp_log-INFO------ME智慧美店模板操作成功，模板名称:7.12 正式版 20：48
2018-07-12 21:06:48,941-mp_log-INFO------二院美丽之约模板操作成功，模板名称:7.12 正式版 20：48
2018-07-12 21:06:50,427-mp_log-INFO------弘迪美容美发模板操作成功，模板名称:7.12 正式版 20：48
2018-07-12 21:06:52,263-mp_log-INFO------南洋beauty模板操作成功，模板名称:7.12 正式版 20：48
2018-07-12 21:06:54,314-mp_log-INFO------阿芙洛蒂模板操作成功，模板名称:7.12 正式版 20：48
2018-07-12 21:06:55,727-mp_log-INFO------来了美标榜店模板操作成功，模板名称:7.12 正式版 20：48
2018-07-12 21:06:57,841-mp_log-INFO------美德福模板操作成功，模板名称:7.12 正式版 20：48
2018-07-12 21:06:59,494-mp_log-INFO------杭州桐雅模板操作成功，模板名称:7.12 正式版 20：48
2018-07-12 21:07:01,148-mp_log-INFO------妃香伊丹模板操作成功，模板名称:7.12 正式版 20：48
2018-07-12 21:07:02,573-mp_log-INFO------窈窕淑女模板操作成功，模板名称:7.12 正式版 20：48
2018-07-12 21:07:03,975-mp_log-INFO------香密雅CIMIA模板操作成功，模板名称:7.12 正式版 20：48
2018-07-12 21:07:05,360-mp_log-INFO------妍雅媛模板操作成功，模板名称:7.12 正式版 20：48
2018-07-12 21:07:07,607-mp_log-INFO------来了美模板操作成功，模板名称:7.12 正式版 20：48
2018-07-12 21:07:09,020-mp_log-INFO------云立方模板操作成功，模板名称:7.12 正式版 20：48
2018-07-12 21:07:10,453-mp_log-INFO------来了美韩尚恩模板操作成功，模板名称:7.12 正式版 20：48
2018-07-12 21:07:11,809-mp_log-INFO------美之颜模板操作成功，模板名称:7.12 正式版 20：48
2018-07-12 21:07:13,257-mp_log-INFO------GOGOBeauty模板操作成功，模板名称:7.12 正式版 20：48
2018-07-12 21:07:14,619-mp_log-INFO------香住SPA模板操作成功，模板名称:7.12 正式版 20：48
2018-07-12 21:07:16,410-mp_log-INFO------黄氏百佳模板操作成功，模板名称:7.12 正式版 20：48
2018-07-12 21:07:17,870-mp_log-INFO------艾面一族 模板操作成功，模板名称:7.12 正式版 20：48
2018-07-12 21:07:19,428-mp_log-INFO------曼姿模板操作成功，模板名称:7.12 正式版 20：48
2018-07-12 21:07:20,823-mp_log-INFO------美丽九九模板操作成功，模板名称:7.12 正式版 20：48
2018-07-12 21:07:22,227-mp_log-INFO------智能科技美店模板操作成功，模板名称:7.12 正式版 20：48
2018-07-12 21:07:23,872-mp_log-INFO------欧妮薇模板操作成功，模板名称:7.12 正式版 20：48
2018-07-12 21:07:25,323-mp_log-INFO------美姿来就美模板操作成功，模板名称:7.12 正式版 20：48
2018-07-12 21:07:27,031-mp_log-INFO------IVY艾菲芭模板操作成功，模板名称:7.12 正式版 20：48
2018-07-12 21:07:28,403-mp_log-INFO------来了美雲会所模板操作成功，模板名称:7.12 正式版 20：48
2018-07-12 21:07:29,934-mp_log-INFO------你好漂亮模板操作成功，模板名称:7.12 正式版 20：48
2018-07-12 21:07:31,286-mp_log-INFO------金柏丽模板操作成功，模板名称:7.12 正式版 20：48
2018-07-12 21:07:32,656-mp_log-INFO------长江九号模板操作成功，模板名称:7.12 正式版 20：48
2018-07-12 21:07:35,216-mp_log-INFO------如生堂模板操作成功，模板名称:7.12 正式版 20：48
2018-07-12 21:07:36,645-mp_log-INFO------红妆倾城模板操作成功，模板名称:7.12 正式版 20：48
2018-07-12 21:07:38,485-mp_log-INFO------英原健康模板操作成功，模板名称:7.12 正式版 20：48
2018-07-12 21:07:40,446-mp_log-INFO------金贵人Beauty模板操作成功，模板名称:7.12 正式版 20：48
2018-07-12 21:07:43,547-mp_log-INFO------芯语芳心模板操作成功，模板名称:7.12 正式版 20：48
2018-07-12 21:07:45,019-mp_log-INFO------还原美模板操作成功，模板名称:7.12 正式版 20：48
2018-07-12 21:07:46,522-mp_log-INFO------梦圆皇宫模板操作成功，模板名称:7.12 正式版 20：48
2018-07-12 21:07:47,927-mp_log-INFO------DR美研博士模板操作成功，模板名称:7.12 正式版 20：48
2018-07-12 21:07:49,542-mp_log-INFO------女秀才模板操作成功，模板名称:7.12 正式版 20：48
2018-07-12 21:07:51,157-mp_log-INFO------東美人儿模板操作成功，模板名称:7.12 正式版 20：48
2018-07-12 21:07:52,659-mp_log-INFO------承昱医疗模板操作成功，模板名称:7.12 正式版 20：48
2018-07-12 21:07:54,013-mp_log-INFO------斓悦庭模板操作成功，模板名称:7.12 正式版 20：48
2018-07-12 21:07:55,417-mp_log-INFO------唯美童妍模板操作成功，模板名称:7.12 正式版 20：48
2018-07-12 21:07:56,965-mp_log-INFO------掌上美管家A模板操作成功，模板名称:7.12 正式版 20：48
2018-07-12 21:07:58,386-mp_log-INFO------博妍集美模板操作成功，模板名称:7.12 正式版 20：48
2018-07-12 21:07:59,832-mp_log-INFO------雅涛世家模板操作成功，模板名称:7.12 正式版 20：48
2018-07-12 21:08:01,243-mp_log-INFO------呈悦医疗模板操作成功，模板名称:7.12 正式版 20：48
2018-07-12 21:08:02,599-mp_log-INFO------来了美千丝美模板操作成功，模板名称:7.12 正式版 20：48
2018-07-12 21:08:03,360-mp_log-ERROR-!!!!!!体验店操作失败!!!!!!
2018-07-12 21:08:05,013-mp_log-INFO------乐聚模板操作成功，模板名称:7.12 正式版 20：48
2018-07-12 21:08:06,401-mp_log-INFO------沧州美美达模板操作成功，模板名称:7.12 正式版 20：48
2018-07-12 21:08:07,790-mp_log-INFO------妮娜形象管理模板操作成功，模板名称:7.12 正式版 20：48
2018-07-12 21:08:09,145-mp_log-INFO------馨境堂模板操作成功，模板名称:7.12 正式版 20：48
2018-07-12 21:08:10,712-mp_log-INFO------果蔬美容模板操作成功，模板名称:7.12 正式版 20：48
2018-07-12 21:08:12,140-mp_log-INFO------贝兰思模板操作成功，模板名称:7.12 正式版 20：48
2018-07-12 21:08:13,907-mp_log-INFO------欧丽薇模板操作成功，模板名称:7.12 正式版 20：48
