2018-08-14 21:14:15,691-mp_log-INFO-token获取成功......
2018-08-14 21:14:20,300-mp_log-INFO-获取所有小程序信息成功......
2018-08-14 21:14:20,733-mp_log-INFO-获取最新模板信息成功.......
2018-08-14 21:14:21,870-mp_log-INFO-已审核
2018-08-14 21:14:22,181-mp_log-INFO-已审核
2018-08-14 21:14:22,465-mp_log-INFO-已审核
2018-08-14 21:14:23,001-mp_log-INFO-审核中
2018-08-14 21:14:23,592-mp_log-INFO-审核中
2018-08-14 21:14:24,024-mp_log-INFO-审核失败
2018-08-14 21:14:24,139-mp_log-INFO-已审核
2018-08-14 21:14:24,511-mp_log-INFO-已审核
2018-08-14 21:14:24,765-mp_log-INFO-已审核
2018-08-14 21:14:25,137-mp_log-INFO-已审核
2018-08-14 21:14:25,518-mp_log-INFO-已审核
2018-08-14 21:14:25,771-mp_log-INFO-已审核
2018-08-14 21:14:26,103-mp_log-INFO-审核中
2018-08-14 21:14:26,351-mp_log-INFO-已审核
2018-08-14 21:14:26,706-mp_log-INFO-已审核
2018-08-14 21:14:27,078-mp_log-INFO-审核失败
2018-08-14 21:14:27,243-mp_log-INFO-已审核
2018-08-14 21:14:27,529-mp_log-INFO-已审核
2018-08-14 21:14:27,800-mp_log-INFO-已审核
2018-08-14 21:14:28,159-mp_log-INFO-已审核
2018-08-14 21:14:28,471-mp_log-INFO-已审核
2018-08-14 21:14:28,745-mp_log-INFO-已审核
2018-08-14 21:14:29,005-mp_log-INFO-已审核
2018-08-14 21:14:29,367-mp_log-INFO-审核失败
2018-08-14 21:14:29,680-mp_log-INFO-已审核
2018-08-14 21:14:29,972-mp_log-INFO-已审核
2018-08-14 21:14:30,257-mp_log-INFO-已审核
2018-08-14 21:14:30,533-mp_log-INFO-已审核
2018-08-14 21:14:30,863-mp_log-INFO-已审核
2018-08-14 21:14:31,124-mp_log-INFO-已审核
2018-08-14 21:14:31,408-mp_log-INFO-已审核
2018-08-14 21:14:31,807-mp_log-INFO-已审核
2018-08-14 21:14:32,106-mp_log-INFO-已审核
2018-08-14 21:14:32,373-mp_log-INFO-已审核
2018-08-14 21:14:32,688-mp_log-INFO-已审核
2018-08-14 21:14:32,972-mp_log-INFO-已审核
2018-08-14 21:14:33,429-mp_log-INFO-审核失败
2018-08-14 21:14:33,587-mp_log-INFO-审核中
2018-08-14 21:14:33,824-mp_log-INFO-已审核
2018-08-14 21:14:34,187-mp_log-INFO-已审核
2018-08-14 21:14:34,455-mp_log-INFO-已审核
2018-08-14 21:14:34,847-mp_log-INFO-已审核
2018-08-14 21:14:35,087-mp_log-INFO-审核失败
2018-08-14 21:14:35,421-mp_log-INFO-已审核
2018-08-14 21:14:35,736-mp_log-INFO-已审核
2018-08-14 21:14:36,043-mp_log-INFO-已审核
2018-08-14 21:14:36,247-mp_log-INFO-已审核
2018-08-14 21:14:36,692-mp_log-INFO-已审核
2018-08-14 21:14:36,866-mp_log-INFO-已审核
2018-08-14 21:14:37,253-mp_log-INFO-已审核
2018-08-14 21:14:37,508-mp_log-INFO-审核失败
2018-08-14 21:14:37,720-mp_log-INFO-已审核
2018-08-14 21:14:38,092-mp_log-INFO-审核中
2018-08-14 21:14:38,338-mp_log-INFO-已审核
2018-08-14 21:14:38,723-mp_log-INFO-已审核
2018-08-14 21:14:38,978-mp_log-INFO-已审核
2018-08-14 21:14:39,225-mp_log-INFO-已审核
2018-08-14 21:14:39,546-mp_log-INFO-已审核
2018-08-14 21:14:39,892-mp_log-INFO-已审核
2018-08-14 21:14:40,151-mp_log-INFO-审核中
2018-08-14 21:14:40,482-mp_log-INFO-审核中
2018-08-14 21:14:40,757-mp_log-INFO-审核中
2018-08-14 21:14:41,416-mp_log-INFO-已审核
2018-08-14 21:14:41,828-mp_log-INFO-审核中
2018-08-14 21:14:42,054-mp_log-INFO-审核中
2018-08-14 21:14:42,280-mp_log-INFO-审核中
2018-08-14 21:14:42,686-mp_log-INFO-已审核
2018-08-14 21:14:42,980-mp_log-INFO-已审核
2018-08-14 21:14:43,239-mp_log-INFO-已审核
2018-08-14 21:14:43,511-mp_log-INFO-已审核
2018-08-14 21:14:43,861-mp_log-INFO-审核失败
2018-08-14 21:14:44,042-mp_log-INFO-已审核
2018-08-14 21:14:44,383-mp_log-INFO-已审核
2018-08-14 21:14:44,596-mp_log-INFO-已审核
2018-08-14 21:14:45,234-mp_log-INFO-已审核
2018-08-14 21:14:45,320-mp_log-INFO-审核失败
2018-08-14 21:14:45,843-mp_log-INFO-已审核
2018-08-14 21:14:45,973-mp_log-INFO-已审核
2018-08-14 21:14:46,260-mp_log-INFO-审核中
2018-08-14 21:14:46,509-mp_log-INFO-已审核
2018-08-14 21:14:46,854-mp_log-INFO-已审核
2018-08-14 21:14:47,162-mp_log-INFO-已审核
2018-08-14 21:14:47,475-mp_log-INFO-已审核
2018-08-14 21:14:47,689-mp_log-INFO-审核中
2018-08-14 21:14:48,037-mp_log-INFO-审核中
2018-08-14 21:14:48,418-mp_log-INFO-已审核
2018-08-14 21:14:48,613-mp_log-INFO-已审核
2018-08-14 21:14:48,929-mp_log-INFO-审核中
2018-08-14 21:14:49,207-mp_log-INFO-已审核
2018-08-14 21:14:49,490-mp_log-INFO-已审核
2018-08-14 21:14:49,835-mp_log-INFO-已审核
2018-08-14 21:14:50,130-mp_log-INFO-已审核
2018-08-14 21:14:50,361-mp_log-INFO-审核失败
2018-08-14 21:14:50,756-mp_log-INFO-已审核
2018-08-14 21:14:51,084-mp_log-INFO-审核失败
2018-08-14 21:14:51,334-mp_log-INFO-审核中
2018-08-14 21:14:51,558-mp_log-INFO-已审核
2018-08-14 21:14:51,896-mp_log-INFO-审核失败
2018-08-14 21:14:52,188-mp_log-INFO-审核失败
2018-08-14 21:14:52,537-mp_log-INFO-已审核
2018-08-14 21:14:52,799-mp_log-INFO-审核中
2018-08-14 21:14:53,105-mp_log-INFO-已审核
2018-08-14 21:14:53,420-mp_log-INFO-已审核
2018-08-14 21:14:53,724-mp_log-INFO-审核中
2018-08-14 21:14:53,967-mp_log-INFO-审核中
2018-08-14 21:14:54,377-mp_log-INFO-已审核
2018-08-14 21:14:54,678-mp_log-INFO-审核中
2018-08-14 21:14:54,986-mp_log-INFO-审核中
2018-08-14 21:14:55,229-mp_log-INFO-已审核
2018-08-14 21:14:55,542-mp_log-INFO-已审核
2018-08-14 21:14:55,796-mp_log-INFO-已审核
2018-08-14 21:14:56,177-mp_log-INFO-已审核
2018-08-14 21:14:56,453-mp_log-INFO-已审核
2018-08-14 21:14:56,763-mp_log-INFO-审核中
2018-08-14 21:14:57,037-mp_log-INFO-已审核
2018-08-14 21:14:57,255-mp_log-INFO-已审核
2018-08-14 21:14:57,651-mp_log-INFO-已审核
2018-08-14 21:14:57,907-mp_log-INFO-已审核
2018-08-14 21:14:58,370-mp_log-INFO-已审核
2018-08-14 21:14:58,511-mp_log-INFO-审核中
2018-08-14 21:14:58,877-mp_log-INFO-审核中
2018-08-14 21:14:59,183-mp_log-INFO-已审核
2018-08-14 21:14:59,481-mp_log-INFO-已审核
