2018-08-01 19:06:33,011-mp_log-INFO-token获取成功......
2018-08-01 19:06:37,000-mp_log-INFO-获取所有小程序信息成功......
2018-08-01 19:06:37,643-mp_log-INFO-获取最新模板信息成功.......
2018-08-01 19:06:40,210-mp_log-ERROR-GOGOBeauty提交失败
2018-08-01 19:06:41,040-mp_log-INFO-环亚美容提交成功
2018-08-01 19:06:41,308-mp_log-ERROR-sdfdsfdsf提交失败
2018-08-01 19:06:41,630-mp_log-INFO-女主角美容提交成功
2018-08-01 19:06:42,573-mp_log-INFO-绿苑女子提交成功
2018-08-01 19:06:43,590-mp_log-INFO-广州七号驻颜提交成功
2018-08-01 19:06:43,678-mp_log-INFO-曼奇莎提交成功
2018-08-01 19:06:44,502-mp_log-INFO-诗美逸提交成功
2018-08-01 19:06:44,852-mp_log-INFO-颐和美容提交成功
2018-08-01 19:06:45,348-mp_log-INFO-Oni速美花园提交成功
2018-08-01 19:06:45,893-mp_log-INFO-都市点点提交成功
2018-08-01 19:06:46,071-mp_log-INFO-来了美佳澜店提交成功
2018-08-01 19:06:46,961-mp_log-INFO-润妃国际提交成功
2018-08-01 19:06:47,263-mp_log-INFO-灵动提交成功
2018-08-01 19:06:47,880-mp_log-INFO-美美昭彦提交成功
2018-08-01 19:06:48,709-mp_log-INFO-当今悦美提交成功
2018-08-01 19:06:49,467-mp_log-INFO-贝娅塔提交成功
2018-08-01 19:06:49,507-mp_log-INFO-菲常美提交成功
2018-08-01 19:06:49,939-mp_log-INFO-当代经典提交成功
2018-08-01 19:06:50,678-mp_log-INFO-悠兰lyj提交成功
2018-08-01 19:06:50,749-mp_log-INFO-芊思雅莎莎提交成功
2018-08-01 19:06:51,649-mp_log-INFO-来就健康提交成功
2018-08-01 19:06:51,905-mp_log-INFO-恒美世纪提交成功
2018-08-01 19:06:52,669-mp_log-INFO-菲梵经典提交成功
2018-08-01 19:06:53,237-mp_log-INFO-虞诗蔓提交成功
2018-08-01 19:06:53,369-mp_log-INFO-雪依氏提交成功
2018-08-01 19:06:53,794-mp_log-INFO-霭伦恩美提交成功
2018-08-01 19:06:54,545-mp_log-INFO-来美吧提交成功
2018-08-01 19:06:54,798-mp_log-INFO-美美昭妍提交成功
2018-08-01 19:06:55,802-mp_log-INFO-佐登妮丝提交成功
2018-08-01 19:06:56,357-mp_log-INFO-娇阑美颜提交成功
2018-08-01 19:06:56,374-mp_log-INFO-阿星国际提交成功
2018-08-01 19:06:56,674-mp_log-INFO-爱女士提交成功
2018-08-01 19:06:57,362-mp_log-INFO-艾妍整形提交成功
2018-08-01 19:06:58,283-mp_log-INFO-美人记Beauty提交成功
2018-08-01 19:06:58,804-mp_log-INFO-梅兰丽人提交成功
2018-08-01 19:06:58,949-mp_log-INFO-巴黎情缘提交成功
2018-08-01 19:06:59,886-mp_log-INFO-雅致璇肌提交成功
2018-08-01 19:07:00,196-mp_log-INFO-诗露丽涵提交成功
2018-08-01 19:07:00,395-mp_log-INFO-东方仕典提交成功
2018-08-01 19:07:00,830-mp_log-INFO-月瘦月美提交成功
2018-08-01 19:07:01,380-mp_log-INFO-年轻我可以提交成功
2018-08-01 19:07:01,965-mp_log-INFO-兴美源提交成功
2018-08-01 19:07:02,720-mp_log-INFO-琉璃水城提交成功
2018-08-01 19:07:02,791-mp_log-INFO-栢草源提交成功
2018-08-01 19:07:03,411-mp_log-INFO-杭州东方整形提交成功
2018-08-01 19:07:03,875-mp_log-INFO-美共享提交成功
2018-08-01 19:07:04,461-mp_log-INFO-ME智慧美店提交成功
2018-08-01 19:07:04,781-mp_log-INFO-二院美丽之约提交成功
2018-08-01 19:07:05,471-mp_log-INFO-弘迪美容美发提交成功
2018-08-01 19:07:05,900-mp_log-INFO-南洋beauty提交成功
2018-08-01 19:07:06,985-mp_log-INFO-阿芙洛蒂提交成功
2018-08-01 19:07:06,997-mp_log-INFO-来了美标榜店提交成功
2018-08-01 19:07:07,203-mp_log-INFO-美德福提交成功
2018-08-01 19:07:07,229-mp_log-ERROR-光速美提交失败
2018-08-01 19:07:08,047-mp_log-INFO-杭州桐雅提交成功
2018-08-01 19:07:08,710-mp_log-INFO-妃香伊丹提交成功
2018-08-01 19:07:09,277-mp_log-INFO-魅力华健提交成功
2018-08-01 19:07:09,674-mp_log-INFO-窈窕淑女提交成功
2018-08-01 19:07:10,234-mp_log-INFO-香密雅CIMIA提交成功
2018-08-01 19:07:10,822-mp_log-INFO-妍雅媛提交成功
2018-08-01 19:07:11,392-mp_log-INFO-来了美提交成功
2018-08-01 19:07:12,196-mp_log-INFO-云立方提交成功
2018-08-01 19:07:12,591-mp_log-INFO-来了美韩尚恩提交成功
2018-08-01 19:07:13,093-mp_log-INFO-美之颜提交成功
2018-08-01 19:07:13,319-mp_log-INFO-纤指百媚提交成功
2018-08-01 19:07:13,978-mp_log-INFO-GOGOBeauty提交成功
2018-08-01 19:07:14,684-mp_log-INFO-氢颜轻奢美肤提交成功
2018-08-01 19:07:14,881-mp_log-INFO-香住SPA提交成功
2018-08-01 19:07:15,262-mp_log-INFO-黄氏百佳提交成功
2018-08-01 19:07:15,847-mp_log-INFO-创美雅香莱提交成功
2018-08-01 19:07:16,451-mp_log-INFO-艾面一族 提交成功
2018-08-01 19:07:17,667-mp_log-INFO-植美SPA提交成功
2018-08-01 19:07:17,701-mp_log-INFO-曼姿提交成功
2018-08-01 19:07:17,977-mp_log-INFO-美丽九九提交成功
2018-08-01 19:07:18,410-mp_log-INFO-智能科技美店提交成功
2018-08-01 19:07:19,103-mp_log-INFO-欧妮薇提交成功
2018-08-01 19:07:19,506-mp_log-INFO-美姿来就美提交成功
2018-08-01 19:07:20,034-mp_log-INFO-IVY艾菲芭提交成功
2018-08-01 19:07:20,389-mp_log-INFO-来了美雲会所提交成功
2018-08-01 19:07:20,753-mp_log-INFO-你好漂亮提交成功
2018-08-01 19:07:21,321-mp_log-INFO-金柏丽提交成功
2018-08-01 19:07:21,881-mp_log-INFO-长江九号提交成功
2018-08-01 19:07:22,274-mp_log-INFO-如生堂提交成功
2018-08-01 19:07:22,888-mp_log-INFO-红妆倾城提交成功
2018-08-01 19:07:23,425-mp_log-INFO-英原健康提交成功
2018-08-01 19:07:23,780-mp_log-INFO-金贵人Beauty提交成功
2018-08-01 19:07:24,784-mp_log-INFO-芯语芳心提交成功
2018-08-01 19:07:25,238-mp_log-INFO-还原美提交成功
2018-08-01 19:07:26,169-mp_log-INFO-缘临医疗美容提交成功
2018-08-01 19:07:26,328-mp_log-INFO-梦圆皇宫提交成功
2018-08-01 19:07:26,612-mp_log-INFO-DR美研博士提交成功
2018-08-01 19:07:26,869-mp_log-INFO-恩雅提交成功
2018-08-01 19:07:27,499-mp_log-INFO-女秀才提交成功
2018-08-01 19:07:27,921-mp_log-INFO-東美人儿提交成功
2018-08-01 19:07:28,521-mp_log-INFO-承昱医疗提交成功
2018-08-01 19:07:29,185-mp_log-INFO-斓悦庭提交成功
2018-08-01 19:07:29,393-mp_log-INFO-唯美童妍提交成功
2018-08-01 19:07:30,021-mp_log-INFO-掌上美管家A提交成功
2018-08-01 19:07:30,203-mp_log-INFO-博妍集美提交成功
2018-08-01 19:07:30,817-mp_log-INFO-雅涛世家提交成功
2018-08-01 19:07:31,482-mp_log-INFO-呈悦医疗提交成功
2018-08-01 19:07:31,765-mp_log-INFO-来了美千丝美提交成功
2018-08-01 19:07:32,487-mp_log-INFO-世纪之春提交成功
2018-08-01 19:07:32,819-mp_log-INFO-体验店提交成功
2018-08-01 19:07:33,911-mp_log-INFO-沧州美美达提交成功
2018-08-01 19:07:33,923-mp_log-INFO-乐聚提交成功
2018-08-01 19:07:34,536-mp_log-INFO-妮娜形象管理提交成功
2018-08-01 19:07:35,003-mp_log-INFO-馨境堂提交成功
2018-08-01 19:07:35,545-mp_log-INFO-果蔬美容提交成功
2018-08-01 19:07:35,686-mp_log-INFO-贝兰思提交成功
2018-08-01 19:07:36,331-mp_log-INFO-欧丽薇提交成功
