2018-08-01 19:03:30,266-mp_log-INFO-token获取成功......
2018-08-01 19:03:34,545-mp_log-INFO-获取所有小程序信息成功......
2018-08-01 19:03:35,220-mp_log-INFO-获取最新模板信息成功.......
2018-08-01 19:03:37,995-mp_log-INFO-环亚美容模板操作成功,模板名称0801 1.2.23 18:56
2018-08-01 19:03:38,321-mp_log-ERROR-GOGOBeauty操作失败,失败原因{'status': 500, 'msg': '此管理中心未授权开放平台'}
2018-08-01 19:03:39,466-mp_log-INFO-女主角美容模板操作成功,模板名称0801 1.2.23 18:56
2018-08-01 19:03:40,464-mp_log-ERROR-sdfdsfdsf操作失败,失败原因{'status': 500, 'msg': '此管理中心未授权开放平台'}
2018-08-01 19:03:41,397-mp_log-INFO-绿苑女子模板操作成功,模板名称0801 1.2.23 18:56
2018-08-01 19:03:43,088-mp_log-INFO-广州七号驻颜模板操作成功,模板名称0801 1.2.23 18:56
2018-08-01 19:03:43,880-mp_log-INFO-曼奇莎模板操作成功,模板名称0801 1.2.23 18:56
2018-08-01 19:03:44,864-mp_log-INFO-诗美逸模板操作成功,模板名称0801 1.2.23 18:56
2018-08-01 19:03:46,524-mp_log-INFO-颐和美容模板操作成功,模板名称0801 1.2.23 18:56
2018-08-01 19:03:47,027-mp_log-INFO-Oni速美花园模板操作成功,模板名称0801 1.2.23 18:56
2018-08-01 19:03:48,467-mp_log-INFO-都市点点模板操作成功,模板名称0801 1.2.23 18:56
2018-08-01 19:03:48,806-mp_log-INFO-来了美佳澜店模板操作成功,模板名称0801 1.2.23 18:56
2018-08-01 19:03:50,021-mp_log-INFO-润妃国际模板操作成功,模板名称0801 1.2.23 18:56
2018-08-01 19:03:51,283-mp_log-INFO-灵动模板操作成功,模板名称0801 1.2.23 18:56
2018-08-01 19:03:52,156-mp_log-INFO-美美昭彦模板操作成功,模板名称0801 1.2.23 18:56
2018-08-01 19:03:53,218-mp_log-INFO-当今悦美模板操作成功,模板名称0801 1.2.23 18:56
2018-08-01 19:03:54,032-mp_log-INFO-贝娅塔模板操作成功,模板名称0801 1.2.23 18:56
2018-08-01 19:03:54,954-mp_log-INFO-菲常美模板操作成功,模板名称0801 1.2.23 18:56
2018-08-01 19:03:56,161-mp_log-INFO-当代经典模板操作成功,模板名称0801 1.2.23 18:56
2018-08-01 19:03:57,006-mp_log-INFO-悠兰lyj模板操作成功,模板名称0801 1.2.23 18:56
2018-08-01 19:03:57,961-mp_log-INFO-芊思雅莎莎模板操作成功,模板名称0801 1.2.23 18:56
2018-08-01 19:03:59,365-mp_log-INFO-来就健康模板操作成功,模板名称0801 1.2.23 18:56
2018-08-01 19:04:01,227-mp_log-INFO-恒美世纪模板操作成功,模板名称0801 1.2.23 18:56
2018-08-01 19:04:01,342-mp_log-INFO-菲梵经典模板操作成功,模板名称0801 1.2.23 18:56
2018-08-01 19:04:03,073-mp_log-INFO-虞诗蔓模板操作成功,模板名称0801 1.2.23 18:56
2018-08-01 19:04:03,116-mp_log-INFO-雪依氏模板操作成功,模板名称0801 1.2.23 18:56
2018-08-01 19:04:04,111-mp_log-INFO-霭伦恩美模板操作成功,模板名称0801 1.2.23 18:56
2018-08-01 19:04:04,922-mp_log-INFO-来美吧模板操作成功,模板名称0801 1.2.23 18:56
2018-08-01 19:04:06,132-mp_log-INFO-美美昭妍模板操作成功,模板名称0801 1.2.23 18:56
2018-08-01 19:04:07,065-mp_log-INFO-佐登妮丝模板操作成功,模板名称0801 1.2.23 18:56
2018-08-01 19:04:08,731-mp_log-INFO-娇阑美颜模板操作成功,模板名称0801 1.2.23 18:56
2018-08-01 19:04:08,851-mp_log-INFO-阿星国际模板操作成功,模板名称0801 1.2.23 18:56
2018-08-01 19:04:09,908-mp_log-INFO-爱女士模板操作成功,模板名称0801 1.2.23 18:56
2018-08-01 19:04:11,380-mp_log-INFO-艾妍整形模板操作成功,模板名称0801 1.2.23 18:56
2018-08-01 19:04:12,165-mp_log-INFO-美人记Beauty模板操作成功,模板名称0801 1.2.23 18:56
2018-08-01 19:04:13,730-mp_log-INFO-巴黎情缘模板操作成功,模板名称0801 1.2.23 18:56
2018-08-01 19:04:13,939-mp_log-INFO-梅兰丽人模板操作成功,模板名称0801 1.2.23 18:56
2018-08-01 19:04:14,995-mp_log-INFO-雅致璇肌模板操作成功,模板名称0801 1.2.23 18:56
2018-08-01 19:04:16,029-mp_log-INFO-诗露丽涵模板操作成功,模板名称0801 1.2.23 18:56
2018-08-01 19:04:17,401-mp_log-INFO-东方仕典模板操作成功,模板名称0801 1.2.23 18:56
2018-08-01 19:04:18,541-mp_log-INFO-月瘦月美模板操作成功,模板名称0801 1.2.23 18:56
2018-08-01 19:04:19,054-mp_log-INFO-年轻我可以模板操作成功,模板名称0801 1.2.23 18:56
2018-08-01 19:04:20,185-mp_log-INFO-兴美源模板操作成功,模板名称0801 1.2.23 18:56
2018-08-01 19:04:21,331-mp_log-INFO-琉璃水城模板操作成功,模板名称0801 1.2.23 18:56
2018-08-01 19:04:22,488-mp_log-INFO-栢草源模板操作成功,模板名称0801 1.2.23 18:56
2018-08-01 19:04:23,545-mp_log-INFO-杭州东方整形模板操作成功,模板名称0801 1.2.23 18:56
2018-08-01 19:04:24,952-mp_log-INFO-ME智慧美店模板操作成功,模板名称0801 1.2.23 18:56
2018-08-01 19:04:25,110-mp_log-INFO-美共享模板操作成功,模板名称0801 1.2.23 18:56
2018-08-01 19:04:26,224-mp_log-INFO-二院美丽之约模板操作成功,模板名称0801 1.2.23 18:56
2018-08-01 19:04:26,837-mp_log-INFO-弘迪美容美发模板操作成功,模板名称0801 1.2.23 18:56
2018-08-01 19:04:27,920-mp_log-INFO-南洋beauty模板操作成功,模板名称0801 1.2.23 18:56
2018-08-01 19:04:28,899-mp_log-INFO-阿芙洛蒂模板操作成功,模板名称0801 1.2.23 18:56
2018-08-01 19:04:30,241-mp_log-INFO-来了美标榜店模板操作成功,模板名称0801 1.2.23 18:56
2018-08-01 19:04:31,211-mp_log-INFO-美德福模板操作成功,模板名称0801 1.2.23 18:56
2018-08-01 19:04:32,238-mp_log-INFO-杭州桐雅模板操作成功,模板名称0801 1.2.23 18:56
2018-08-01 19:04:32,515-mp_log-ERROR-光速美操作失败,失败原因{'status': 500, 'msg': '此管理中心未授权开放平台'}
2018-08-01 19:04:33,019-mp_log-INFO-妃香伊丹模板操作成功,模板名称0801 1.2.23 18:56
2018-08-01 19:04:34,840-mp_log-INFO-魅力华健模板操作成功,模板名称0801 1.2.23 18:56
2018-08-01 19:04:36,116-mp_log-INFO-窈窕淑女模板操作成功,模板名称0801 1.2.23 18:56
2018-08-01 19:04:37,250-mp_log-INFO-香密雅CIMIA模板操作成功,模板名称0801 1.2.23 18:56
2018-08-01 19:04:38,073-mp_log-INFO-妍雅媛模板操作成功,模板名称0801 1.2.23 18:56
2018-08-01 19:04:39,288-mp_log-INFO-来了美模板操作成功,模板名称0801 1.2.23 18:56
2018-08-01 19:04:40,210-mp_log-INFO-云立方模板操作成功,模板名称0801 1.2.23 18:56
2018-08-01 19:04:41,263-mp_log-INFO-来了美韩尚恩模板操作成功,模板名称0801 1.2.23 18:56
2018-08-01 19:04:42,500-mp_log-INFO-纤指百媚模板操作成功,模板名称0801 1.2.23 18:56
2018-08-01 19:04:42,872-mp_log-INFO-美之颜模板操作成功,模板名称0801 1.2.23 18:56
2018-08-01 19:04:44,114-mp_log-INFO-GOGOBeauty模板操作成功,模板名称0801 1.2.23 18:56
2018-08-01 19:04:45,083-mp_log-INFO-氢颜轻奢美肤模板操作成功,模板名称0801 1.2.23 18:56
2018-08-01 19:04:45,895-mp_log-INFO-香住SPA模板操作成功,模板名称0801 1.2.23 18:56
2018-08-01 19:04:47,324-mp_log-INFO-黄氏百佳模板操作成功,模板名称0801 1.2.23 18:56
2018-08-01 19:04:48,167-mp_log-INFO-创美雅香莱模板操作成功,模板名称0801 1.2.23 18:56
2018-08-01 19:04:49,146-mp_log-INFO-艾面一族 模板操作成功,模板名称0801 1.2.23 18:56
2018-08-01 19:04:50,432-mp_log-INFO-植美SPA模板操作成功,模板名称0801 1.2.23 18:56
2018-08-01 19:04:51,256-mp_log-INFO-曼姿模板操作成功,模板名称0801 1.2.23 18:56
2018-08-01 19:04:52,354-mp_log-INFO-美丽九九模板操作成功,模板名称0801 1.2.23 18:56
2018-08-01 19:04:53,358-mp_log-INFO-智能科技美店模板操作成功,模板名称0801 1.2.23 18:56
2018-08-01 19:04:54,571-mp_log-INFO-欧妮薇模板操作成功,模板名称0801 1.2.23 18:56
2018-08-01 19:04:55,211-mp_log-INFO-美姿来就美模板操作成功,模板名称0801 1.2.23 18:56
2018-08-01 19:04:56,603-mp_log-INFO-IVY艾菲芭模板操作成功,模板名称0801 1.2.23 18:56
2018-08-01 19:04:57,452-mp_log-INFO-来了美雲会所模板操作成功,模板名称0801 1.2.23 18:56
2018-08-01 19:04:58,609-mp_log-INFO-你好漂亮模板操作成功,模板名称0801 1.2.23 18:56
2018-08-01 19:05:00,415-mp_log-INFO-金柏丽模板操作成功,模板名称0801 1.2.23 18:56
2018-08-01 19:05:01,225-mp_log-INFO-长江九号模板操作成功,模板名称0801 1.2.23 18:56
2018-08-01 19:05:01,739-mp_log-INFO-如生堂模板操作成功,模板名称0801 1.2.23 18:56
2018-08-01 19:05:02,314-mp_log-INFO-红妆倾城模板操作成功,模板名称0801 1.2.23 18:56
2018-08-01 19:05:03,272-mp_log-INFO-英原健康模板操作成功,模板名称0801 1.2.23 18:56
2018-08-01 19:05:04,512-mp_log-INFO-金贵人Beauty模板操作成功,模板名称0801 1.2.23 18:56
2018-08-01 19:05:06,273-mp_log-INFO-芯语芳心模板操作成功,模板名称0801 1.2.23 18:56
2018-08-01 19:05:07,447-mp_log-INFO-还原美模板操作成功,模板名称0801 1.2.23 18:56
2018-08-01 19:05:08,170-mp_log-INFO-缘临医疗美容模板操作成功,模板名称0801 1.2.23 18:56
2018-08-01 19:05:08,823-mp_log-INFO-梦圆皇宫模板操作成功,模板名称0801 1.2.23 18:56
2018-08-01 19:05:08,995-mp_log-INFO-恩雅模板操作成功,模板名称0801 1.2.23 18:56
2018-08-01 19:05:10,141-mp_log-INFO-DR美研博士模板操作成功,模板名称0801 1.2.23 18:56
2018-08-01 19:05:11,095-mp_log-INFO-女秀才模板操作成功,模板名称0801 1.2.23 18:56
2018-08-01 19:05:12,681-mp_log-INFO-東美人儿模板操作成功,模板名称0801 1.2.23 18:56
2018-08-01 19:05:13,282-mp_log-INFO-承昱医疗模板操作成功,模板名称0801 1.2.23 18:56
2018-08-01 19:05:14,291-mp_log-INFO-斓悦庭模板操作成功,模板名称0801 1.2.23 18:56
2018-08-01 19:05:14,878-mp_log-INFO-唯美童妍模板操作成功,模板名称0801 1.2.23 18:56
2018-08-01 19:05:16,007-mp_log-INFO-掌上美管家A模板操作成功,模板名称0801 1.2.23 18:56
2018-08-01 19:05:17,126-mp_log-INFO-博妍集美模板操作成功,模板名称0801 1.2.23 18:56
2018-08-01 19:05:18,268-mp_log-INFO-雅涛世家模板操作成功,模板名称0801 1.2.23 18:56
2018-08-01 19:05:19,192-mp_log-INFO-呈悦医疗模板操作成功,模板名称0801 1.2.23 18:56
2018-08-01 19:05:20,138-mp_log-INFO-来了美千丝美模板操作成功,模板名称0801 1.2.23 18:56
2018-08-01 19:05:21,393-mp_log-INFO-世纪之春模板操作成功,模板名称0801 1.2.23 18:56
2018-08-01 19:05:22,353-mp_log-INFO-体验店模板操作成功,模板名称0801 1.2.23 18:56
2018-08-01 19:05:23,621-mp_log-INFO-乐聚模板操作成功,模板名称0801 1.2.23 18:56
2018-08-01 19:05:24,536-mp_log-INFO-沧州美美达模板操作成功,模板名称0801 1.2.23 18:56
2018-08-01 19:05:25,514-mp_log-INFO-妮娜形象管理模板操作成功,模板名称0801 1.2.23 18:56
2018-08-01 19:05:26,147-mp_log-INFO-馨境堂模板操作成功,模板名称0801 1.2.23 18:56
2018-08-01 19:05:27,442-mp_log-INFO-果蔬美容模板操作成功,模板名称0801 1.2.23 18:56
2018-08-01 19:05:28,090-mp_log-INFO-贝兰思模板操作成功,模板名称0801 1.2.23 18:56
2018-08-01 19:05:29,306-mp_log-INFO-欧丽薇模板操作成功,模板名称0801 1.2.23 18:56
