2018-08-13 19:51:53,243-mp_log-INFO-token获取成功......
2018-08-13 19:51:57,702-mp_log-INFO-获取所有小程序信息成功......
2018-08-13 19:51:58,298-mp_log-INFO-获取最新模板信息成功.......
2018-08-13 19:51:59,650-mp_log-INFO-已审核
2018-08-13 19:52:00,148-mp_log-INFO-已审核
2018-08-13 19:52:00,595-mp_log-INFO-已审核
2018-08-13 19:52:01,664-mp_log-INFO-审核中
2018-08-13 19:52:02,710-mp_log-INFO-审核中
2018-08-13 19:52:03,705-mp_log-INFO-审核失败
2018-08-13 19:52:04,054-mp_log-INFO-已审核
2018-08-13 19:52:04,221-mp_log-INFO-已审核
2018-08-13 19:52:04,873-mp_log-INFO-已审核
2018-08-13 19:52:05,129-mp_log-INFO-已审核
2018-08-13 19:52:05,875-mp_log-INFO-已审核
2018-08-13 19:52:06,164-mp_log-INFO-已审核
2018-08-13 19:52:06,711-mp_log-INFO-审核失败
2018-08-13 19:52:07,078-mp_log-INFO-已审核
2018-08-13 19:52:07,656-mp_log-INFO-已审核
2018-08-13 19:52:08,103-mp_log-INFO-审核失败
2018-08-13 19:52:08,863-mp_log-INFO-已审核
2018-08-13 19:52:09,111-mp_log-INFO-已审核
2018-08-13 19:52:09,625-mp_log-INFO-已审核
2018-08-13 19:52:10,056-mp_log-INFO-已审核
2018-08-13 19:52:10,677-mp_log-INFO-已审核
2018-08-13 19:52:11,153-mp_log-INFO-已审核
2018-08-13 19:52:11,640-mp_log-INFO-已审核
2018-08-13 19:52:12,139-mp_log-INFO-审核失败
2018-08-13 19:52:12,602-mp_log-INFO-已审核
2018-08-13 19:52:13,083-mp_log-INFO-已审核
2018-08-13 19:52:13,715-mp_log-INFO-已审核
2018-08-13 19:52:14,206-mp_log-INFO-已审核
2018-08-13 19:52:14,549-mp_log-INFO-已审核
2018-08-13 19:52:15,204-mp_log-INFO-已审核
2018-08-13 19:52:15,574-mp_log-INFO-已审核
2018-08-13 19:52:16,106-mp_log-INFO-已审核
2018-08-13 19:52:16,642-mp_log-INFO-已审核
2018-08-13 19:52:17,154-mp_log-INFO-已审核
2018-08-13 19:52:17,617-mp_log-INFO-已审核
2018-08-13 19:52:18,263-mp_log-INFO-已审核
2018-08-13 19:52:18,931-mp_log-INFO-审核失败
2018-08-13 19:52:19,014-mp_log-INFO-审核中
2018-08-13 19:52:19,557-mp_log-INFO-已审核
2018-08-13 19:52:20,124-mp_log-INFO-已审核
2018-08-13 19:52:20,661-mp_log-INFO-已审核
2018-08-13 19:52:21,071-mp_log-INFO-已审核
2018-08-13 19:52:21,533-mp_log-INFO-审核失败
2018-08-13 19:52:22,146-mp_log-INFO-已审核
2018-08-13 19:52:22,551-mp_log-INFO-已审核
2018-08-13 19:52:23,090-mp_log-INFO-已审核
2018-08-13 19:52:23,708-mp_log-INFO-已审核
2018-08-13 19:52:24,144-mp_log-INFO-审核中
2018-08-13 19:52:24,632-mp_log-INFO-已审核
2018-08-13 19:52:25,319-mp_log-INFO-已审核
2018-08-13 19:52:25,642-mp_log-INFO-审核失败
2018-08-13 19:52:26,076-mp_log-INFO-已审核
2018-08-13 19:52:26,613-mp_log-INFO-审核中
2018-08-13 19:52:27,119-mp_log-INFO-已审核
2018-08-13 19:52:27,589-mp_log-INFO-已审核
2018-08-13 19:52:28,084-mp_log-INFO-已审核
2018-08-13 19:52:28,650-mp_log-INFO-已审核
2018-08-13 19:52:29,277-mp_log-INFO-已审核
2018-08-13 19:52:29,836-mp_log-INFO-已审核
2018-08-13 19:52:30,391-mp_log-INFO-审核失败
2018-08-13 19:52:30,605-mp_log-INFO-审核失败
2018-08-13 19:52:31,180-mp_log-INFO-审核失败
2018-08-13 19:52:32,120-mp_log-INFO-已审核
2018-08-13 19:52:32,647-mp_log-INFO-审核中
2018-08-13 19:52:33,088-mp_log-INFO-审核中
2018-08-13 19:52:33,809-mp_log-INFO-审核失败
2018-08-13 19:52:34,203-mp_log-INFO-已审核
2018-08-13 19:52:34,669-mp_log-INFO-已审核
2018-08-13 19:52:35,200-mp_log-INFO-已审核
2018-08-13 19:52:35,782-mp_log-INFO-已审核
2018-08-13 19:52:36,328-mp_log-INFO-审核失败
2018-08-13 19:52:36,651-mp_log-INFO-已审核
2018-08-13 19:52:37,120-mp_log-INFO-已审核
2018-08-13 19:52:37,577-mp_log-INFO-已审核
2018-08-13 19:52:38,202-mp_log-INFO-审核失败
2018-08-13 19:52:38,609-mp_log-INFO-已审核
2018-08-13 19:52:39,275-mp_log-INFO-已审核
2018-08-13 19:52:39,620-mp_log-INFO-已审核
2018-08-13 19:52:40,115-mp_log-INFO-审核失败
2018-08-13 19:52:40,536-mp_log-INFO-已审核
2018-08-13 19:52:41,166-mp_log-INFO-审核中
2018-08-13 19:52:41,628-mp_log-INFO-审核中
2018-08-13 19:52:42,268-mp_log-INFO-已审核
2018-08-13 19:52:42,638-mp_log-INFO-审核中
2018-08-13 19:52:43,123-mp_log-INFO-审核失败
2018-08-13 19:52:43,740-mp_log-INFO-已审核
2018-08-13 19:52:44,166-mp_log-INFO-已审核
2018-08-13 19:52:44,653-mp_log-INFO-审核失败
2018-08-13 19:52:45,216-mp_log-INFO-已审核
2018-08-13 19:52:45,583-mp_log-INFO-已审核
2018-08-13 19:52:46,174-mp_log-INFO-已审核
2018-08-13 19:52:46,738-mp_log-INFO-审核中
2018-08-13 19:52:47,116-mp_log-INFO-审核失败
2018-08-13 19:52:47,684-mp_log-INFO-审核中
2018-08-13 19:52:48,172-mp_log-INFO-审核失败
2018-08-13 19:52:49,020-mp_log-INFO-审核失败
2018-08-13 19:52:49,103-mp_log-INFO-已审核
2018-08-13 19:52:49,589-mp_log-INFO-审核失败
2018-08-13 19:52:50,127-mp_log-INFO-审核失败
2018-08-13 19:52:50,691-mp_log-INFO-已审核
2018-08-13 19:52:51,117-mp_log-INFO-审核中
2018-08-13 19:52:51,704-mp_log-INFO-已审核
2018-08-13 19:52:52,150-mp_log-INFO-已审核
2018-08-13 19:52:52,694-mp_log-INFO-审核中
2018-08-13 19:52:53,092-mp_log-INFO-审核失败
2018-08-13 19:52:54,128-mp_log-INFO-审核中
2018-08-13 19:52:54,607-mp_log-INFO-审核失败
2018-08-13 19:52:55,129-mp_log-INFO-已审核
2018-08-13 19:52:55,636-mp_log-INFO-已审核
2018-08-13 19:52:56,182-mp_log-INFO-已审核
2018-08-13 19:52:56,654-mp_log-INFO-已审核
2018-08-13 19:52:57,218-mp_log-INFO-已审核
2018-08-13 19:52:57,682-mp_log-INFO-审核中
2018-08-13 19:52:58,218-mp_log-INFO-已审核
2018-08-13 19:52:58,664-mp_log-INFO-已审核
2018-08-13 19:52:59,181-mp_log-INFO-已审核
2018-08-13 19:52:59,599-mp_log-INFO-已审核
2018-08-13 19:53:00,144-mp_log-INFO-已审核
2018-08-13 19:53:00,732-mp_log-INFO-审核失败
2018-08-13 19:53:01,156-mp_log-INFO-审核失败
2018-08-13 19:53:01,688-mp_log-INFO-已审核
2018-08-13 19:53:02,297-mp_log-INFO-已审核
