2018-09-04 18:22:53,236-Getlogin-INFO-登录成功，获取mp端token.....
2018-09-04 18:22:53,240-mp_log-INFO-token获取成功......
2018-09-04 18:22:59,290-mp_log-INFO-获取所有小程序信息成功......
2018-09-04 18:22:59,884-mp_log-INFO-获取最新模板信息成功.......
2018-09-04 18:23:01,013-mp_log-INFO-已审核
2018-09-04 18:23:01,441-mp_log-INFO-已审核
2018-09-04 18:23:02,014-mp_log-INFO-已审核
2018-09-04 18:23:03,415-mp_log-INFO-已审核
2018-09-04 18:23:03,599-mp_log-INFO-已审核
2018-09-04 18:23:03,676-mp_log-INFO-已审核
2018-09-04 18:23:03,913-mp_log-INFO-已审核
2018-09-04 18:23:04,075-mp_log-INFO-已审核
2018-09-04 18:23:04,147-mp_log-INFO-已审核
2018-09-04 18:23:04,295-mp_log-INFO-已审核
2018-09-04 18:23:04,890-mp_log-INFO-已审核
2018-09-04 18:23:04,908-mp_log-INFO-已审核
2018-09-04 18:23:05,170-mp_log-INFO-已审核
2018-09-04 18:23:05,476-mp_log-INFO-已审核
2018-09-04 18:23:05,797-mp_log-INFO-已审核
2018-09-04 18:23:06,203-mp_log-INFO-已审核
2018-09-04 18:23:06,487-mp_log-INFO-已审核
2018-09-04 18:23:06,675-mp_log-INFO-已审核
2018-09-04 18:23:07,066-mp_log-INFO-已审核
2018-09-04 18:23:07,293-mp_log-INFO-已审核
2018-09-04 18:23:07,583-mp_log-INFO-已审核
2018-09-04 18:23:07,946-mp_log-INFO-已审核
2018-09-04 18:23:08,394-mp_log-INFO-已审核
2018-09-04 18:23:09,085-mp_log-INFO-已审核
2018-09-04 18:23:09,235-mp_log-INFO-已审核
2018-09-04 18:23:09,302-mp_log-INFO-已审核
2018-09-04 18:23:09,543-mp_log-INFO-已审核
2018-09-04 18:23:09,745-mp_log-INFO-已审核
2018-09-04 18:23:10,168-mp_log-INFO-已审核
2018-09-04 18:23:10,729-mp_log-INFO-已审核
2018-09-04 18:23:11,031-mp_log-INFO-已审核
2018-09-04 18:23:11,481-mp_log-INFO-已审核
2018-09-04 18:23:11,506-mp_log-INFO-已审核
2018-09-04 18:23:11,842-mp_log-INFO-已审核
2018-09-04 18:23:12,088-mp_log-INFO-已审核
2018-09-04 18:23:12,679-mp_log-INFO-已审核
2018-09-04 18:23:12,764-mp_log-INFO-已审核
2018-09-04 18:23:13,228-mp_log-INFO-已审核
2018-09-04 18:23:13,582-mp_log-INFO-已审核
2018-09-04 18:23:13,748-mp_log-INFO-已审核
2018-09-04 18:23:13,980-mp_log-INFO-审核失败
2018-09-04 18:23:14,212-mp_log-INFO-已审核
2018-09-04 18:23:14,538-mp_log-INFO-已审核
2018-09-04 18:23:14,938-mp_log-INFO-已审核
2018-09-04 18:23:15,153-mp_log-INFO-已审核
2018-09-04 18:23:15,853-mp_log-INFO-已审核
2018-09-04 18:23:15,872-mp_log-INFO-已审核
2018-09-04 18:23:16,129-mp_log-INFO-已审核
2018-09-04 18:23:16,418-mp_log-INFO-已审核
2018-09-04 18:23:16,655-mp_log-INFO-已审核
2018-09-04 18:23:17,018-mp_log-INFO-已审核
2018-09-04 18:23:17,572-mp_log-INFO-已审核
2018-09-04 18:23:17,716-mp_log-INFO-已审核
2018-09-04 18:23:17,885-mp_log-INFO-已审核
2018-09-04 18:23:18,262-mp_log-INFO-已审核
2018-09-04 18:23:18,441-mp_log-INFO-审核中
2018-09-04 18:23:18,768-mp_log-INFO-审核失败
2018-09-04 18:23:19,554-mp_log-INFO-已审核
2018-09-04 18:23:19,594-mp_log-INFO-已审核
2018-09-04 18:23:19,696-mp_log-INFO-已审核
2018-09-04 18:23:19,995-mp_log-INFO-已审核
2018-09-04 18:23:20,314-mp_log-INFO-已审核
2018-09-04 18:23:20,653-mp_log-INFO-已审核
2018-09-04 18:23:21,197-mp_log-INFO-已审核
2018-09-04 18:23:21,312-mp_log-INFO-已审核
2018-09-04 18:23:21,688-mp_log-INFO-已审核
2018-09-04 18:23:21,753-mp_log-INFO-已审核
2018-09-04 18:23:22,102-mp_log-INFO-已审核
2018-09-04 18:23:22,545-mp_log-INFO-已审核
2018-09-04 18:23:22,673-mp_log-INFO-已审核
2018-09-04 18:23:23,098-mp_log-INFO-已审核
2018-09-04 18:23:23,283-mp_log-INFO-已审核
2018-09-04 18:23:24,102-mp_log-INFO-已审核
2018-09-04 18:23:24,462-mp_log-INFO-已审核
2018-09-04 18:23:24,533-mp_log-INFO-已审核
2018-09-04 18:23:24,866-mp_log-INFO-已审核
2018-09-04 18:23:25,223-mp_log-INFO-已审核
2018-09-04 18:23:25,373-mp_log-INFO-已审核
2018-09-04 18:23:25,705-mp_log-INFO-已审核
2018-09-04 18:23:26,312-mp_log-INFO-已审核
2018-09-04 18:23:26,395-mp_log-INFO-已审核
2018-09-04 18:23:26,613-mp_log-INFO-已审核
2018-09-04 18:23:27,027-mp_log-INFO-已审核
2018-09-04 18:23:27,216-mp_log-INFO-已审核
2018-09-04 18:23:27,640-mp_log-INFO-已审核
2018-09-04 18:23:27,845-mp_log-INFO-审核失败
2018-09-04 18:23:28,307-mp_log-INFO-已审核
2018-09-04 18:23:28,514-mp_log-INFO-已审核
2018-09-04 18:23:28,715-mp_log-INFO-已审核
2018-09-04 18:23:29,124-mp_log-INFO-已审核
2018-09-04 18:23:29,327-mp_log-INFO-已审核
2018-09-04 18:23:29,641-mp_log-INFO-已审核
2018-09-04 18:23:29,999-mp_log-INFO-已审核
2018-09-04 18:23:30,288-mp_log-INFO-已审核
2018-09-04 18:23:30,684-mp_log-INFO-已审核
2018-09-04 18:23:30,857-mp_log-INFO-已审核
2018-09-04 18:23:31,465-mp_log-INFO-已审核
2018-09-04 18:23:31,680-mp_log-INFO-已审核
2018-09-04 18:23:32,191-mp_log-INFO-已审核
2018-09-04 18:23:32,333-mp_log-INFO-已审核
2018-09-04 18:23:32,448-mp_log-INFO-已审核
2018-09-04 18:23:32,661-mp_log-INFO-已审核
2018-09-04 18:23:33,153-mp_log-INFO-已审核
2018-09-04 18:23:33,245-mp_log-INFO-已审核
2018-09-04 18:23:33,632-mp_log-INFO-已审核
2018-09-04 18:23:33,822-mp_log-INFO-已审核
2018-09-04 18:23:34,460-mp_log-INFO-已审核
2018-09-04 18:23:34,833-mp_log-INFO-已审核
2018-09-04 18:23:34,871-mp_log-INFO-已审核
2018-09-04 18:23:35,123-mp_log-INFO-已审核
2018-09-04 18:23:35,334-mp_log-INFO-已审核
2018-09-04 18:23:35,788-mp_log-INFO-审核失败
2018-09-04 18:23:36,141-mp_log-INFO-审核失败
2018-09-04 18:23:36,360-mp_log-INFO-已审核
2018-09-04 18:23:36,647-mp_log-INFO-已审核
2018-09-04 18:23:36,898-mp_log-INFO-已审核
2018-09-04 18:23:37,470-mp_log-INFO-已审核
2018-09-04 18:23:37,853-mp_log-INFO-已审核
2018-09-04 18:23:38,127-mp_log-INFO-已审核
2018-09-04 18:23:38,502-mp_log-INFO-已审核
2018-09-04 18:23:38,695-mp_log-INFO-已审核
2018-09-04 18:23:39,082-mp_log-INFO-已审核
2018-09-04 18:23:39,114-mp_log-INFO-已审核
2018-09-04 18:23:39,385-mp_log-INFO-已审核
2018-09-04 18:23:39,957-mp_log-INFO-已审核
2018-09-04 18:23:40,183-mp_log-INFO-已审核
2018-09-04 18:23:40,261-mp_log-INFO-已审核
2018-09-04 18:23:40,490-mp_log-INFO-已审核
2018-09-04 18:23:40,777-mp_log-INFO-已审核
2018-09-04 18:23:41,122-mp_log-INFO-已审核
2018-09-04 18:23:41,470-mp_log-INFO-已审核
2018-09-04 18:23:41,795-mp_log-INFO-已审核
2018-09-04 18:23:42,093-mp_log-INFO-已审核
2018-09-04 18:23:42,273-mp_log-INFO-已审核
2018-09-04 18:23:42,628-mp_log-INFO-已审核
2018-09-04 18:23:42,948-mp_log-INFO-已审核
2018-09-04 18:23:43,283-mp_log-INFO-已审核
2018-09-04 18:23:43,568-mp_log-INFO-已审核
2018-09-04 18:23:43,880-mp_log-INFO-已审核
