2018-09-19 15:49:31,703-Getlogin-INFO-登录成功，获取mp端token.....
2018-09-19 15:49:31,706-mp_log-INFO-token获取成功......
2018-09-19 15:49:35,700-mp_log-INFO-获取所有小程序信息成功......
2018-09-19 15:49:36,176-mp_log-INFO-获取最新模板信息成功.......
2018-09-19 15:49:37,362-mp_log-INFO-审核失败
2018-09-19 15:49:37,743-mp_log-INFO-审核失败
2018-09-19 15:49:37,909-mp_log-INFO-审核失败
2018-09-19 15:49:38,287-mp_log-INFO-审核失败
2018-09-19 15:49:38,518-mp_log-INFO-审核失败
2018-09-19 15:49:38,774-mp_log-INFO-审核失败
2018-09-19 15:49:39,374-mp_log-INFO-审核失败
2018-09-19 15:49:39,432-mp_log-INFO-审核失败
2018-09-19 15:49:39,792-mp_log-INFO-审核失败
2018-09-19 15:49:40,007-mp_log-INFO-审核失败
2018-09-19 15:49:40,334-mp_log-INFO-审核失败
2018-09-19 15:49:40,602-mp_log-INFO-审核失败
2018-09-19 15:49:40,848-mp_log-INFO-审核失败
2018-09-19 15:49:41,262-mp_log-INFO-审核失败
2018-09-19 15:49:41,447-mp_log-INFO-审核失败
2018-09-19 15:49:41,868-mp_log-INFO-审核失败
2018-09-19 15:49:42,157-mp_log-INFO-审核失败
2018-09-19 15:49:42,373-mp_log-INFO-审核失败
2018-09-19 15:49:42,658-mp_log-INFO-审核失败
2018-09-19 15:49:42,988-mp_log-INFO-审核失败
2018-09-19 15:49:43,259-mp_log-INFO-审核失败
2018-09-19 15:49:43,605-mp_log-INFO-审核失败
2018-09-19 15:49:43,822-mp_log-INFO-审核失败
2018-09-19 15:49:44,272-mp_log-INFO-审核失败
2018-09-19 15:49:44,489-mp_log-INFO-审核失败
2018-09-19 15:49:44,901-mp_log-INFO-审核失败
2018-09-19 15:49:45,153-mp_log-INFO-审核失败
2018-09-19 15:49:45,383-mp_log-INFO-审核失败
2018-09-19 15:49:45,722-mp_log-INFO-审核失败
2018-09-19 15:49:46,011-mp_log-INFO-审核失败
2018-09-19 15:49:46,342-mp_log-INFO-审核失败
2018-09-19 15:49:46,517-mp_log-INFO-审核失败
2018-09-19 15:49:46,895-mp_log-INFO-审核失败
2018-09-19 15:49:47,161-mp_log-INFO-审核失败
2018-09-19 15:49:47,509-mp_log-INFO-审核失败
2018-09-19 15:49:47,763-mp_log-INFO-审核失败
2018-09-19 15:49:48,103-mp_log-INFO-审核失败
2018-09-19 15:49:48,371-mp_log-INFO-审核失败
2018-09-19 15:49:48,748-mp_log-INFO-审核失败
2018-09-19 15:49:48,953-mp_log-INFO-审核失败
2018-09-19 15:49:49,301-mp_log-INFO-审核失败
2018-09-19 15:49:49,592-mp_log-INFO-审核失败
2018-09-19 15:49:49,797-mp_log-INFO-审核失败
2018-09-19 15:49:50,219-mp_log-INFO-审核失败
2018-09-19 15:49:50,478-mp_log-INFO-审核失败
2018-09-19 15:49:50,778-mp_log-INFO-审核失败
2018-09-19 15:49:51,117-mp_log-INFO-审核失败
2018-09-19 15:49:51,394-mp_log-INFO-审核失败
2018-09-19 15:49:51,662-mp_log-INFO-审核失败
2018-09-19 15:49:52,068-mp_log-INFO-审核失败
2018-09-19 15:49:52,240-mp_log-INFO-审核失败
2018-09-19 15:49:52,576-mp_log-INFO-审核失败
2018-09-19 15:49:52,896-mp_log-INFO-审核失败
2018-09-19 15:49:53,142-mp_log-INFO-审核失败
2018-09-19 15:49:53,432-mp_log-INFO-审核失败
2018-09-19 15:49:53,764-mp_log-INFO-审核失败
