2018-09-14 19:59:59,016-Getlogin-INFO-登录成功，获取mp端token.....
2018-09-14 19:59:59,017-mp_log-INFO-token获取成功......
2018-09-14 20:00:06,279-mp_log-INFO-获取所有小程序信息成功......
2018-09-14 20:00:06,909-mp_log-INFO-获取最新模板信息成功.......
2018-09-14 20:00:10,375-mp_log-INFO-环亚美容提交成功
2018-09-14 20:00:11,081-mp_log-INFO-诺研皮肤管理提交成功
2018-09-14 20:00:11,909-mp_log-INFO-绿苑女子提交成功
2018-09-14 20:00:12,274-mp_log-INFO-广州七号驻颜提交成功
2018-09-14 20:00:12,745-mp_log-INFO-曼奇莎提交成功
2018-09-14 20:00:13,536-mp_log-INFO-诗美逸提交成功
2018-09-14 20:00:14,301-mp_log-INFO-草木缘提交成功
2018-09-14 20:00:14,424-mp_log-INFO-颐和美容提交成功
2018-09-14 20:00:14,593-mp_log-INFO-都市点点提交成功
2018-09-14 20:00:15,331-mp_log-INFO-来了美佳澜店提交成功
2018-09-14 20:00:16,178-mp_log-INFO-灵动提交成功
2018-09-14 20:00:16,896-mp_log-INFO-康丽皇家提交成功
2018-09-14 20:00:16,988-mp_log-INFO-润妃国际提交成功
2018-09-14 20:00:17,492-mp_log-INFO-美丽驿站提交成功
2018-09-14 20:00:18,105-mp_log-INFO-美美昭彦提交成功
2018-09-14 20:00:18,403-mp_log-INFO-HB美尚荟提交成功
2018-09-14 20:00:18,947-mp_log-INFO-当今悦美提交成功
2018-09-14 20:00:19,866-mp_log-INFO-iBEATA贝娅塔提交成功
2018-09-14 20:00:20,138-mp_log-INFO-当代经典提交成功
2018-09-14 20:00:20,816-mp_log-INFO-菲常美提交成功
2018-09-14 20:00:20,820-mp_log-INFO-东方丽人提交成功
2018-09-14 20:00:20,982-mp_log-INFO-盛士兰提交成功
2018-09-14 20:00:21,649-mp_log-INFO-悠兰lyj提交成功
2018-09-14 20:00:22,039-mp_log-INFO-芊思雅莎莎提交成功
2018-09-14 20:00:22,802-mp_log-INFO-来就健康提交成功
2018-09-14 20:00:23,032-mp_log-ERROR-美人记Diary提交失败
2018-09-14 20:00:23,288-mp_log-INFO-恒美世纪提交成功
2018-09-14 20:00:24,231-mp_log-INFO-菲梵经典提交成功
2018-09-14 20:00:24,536-mp_log-INFO-虞诗蔓提交成功
2018-09-14 20:00:25,204-mp_log-INFO-丝享家提交成功
2018-09-14 20:00:25,607-mp_log-INFO-吉美妍丽提交成功
2018-09-14 20:00:26,116-mp_log-INFO-雪依氏提交成功
2018-09-14 20:00:26,767-mp_log-INFO-星美国际提交成功
2018-09-14 20:00:27,340-mp_log-INFO-霭伦恩美提交成功
2018-09-14 20:00:27,616-mp_log-INFO-来美吧提交成功
2018-09-14 20:00:28,311-mp_log-INFO-伊美朗提交成功
2018-09-14 20:00:28,717-mp_log-INFO-佳婳天美提交成功
2018-09-14 20:00:29,325-mp_log-INFO-美美昭妍提交成功
2018-09-14 20:00:29,733-mp_log-INFO-佐登妮丝提交成功
2018-09-14 20:00:30,215-mp_log-INFO-阿星国际提交成功
2018-09-14 20:00:30,793-mp_log-INFO-娇阑美颜提交成功
2018-09-14 20:00:30,899-mp_log-INFO-爱女士提交成功
2018-09-14 20:00:31,583-mp_log-INFO-艾妍整形提交成功
2018-09-14 20:00:32,555-mp_log-INFO-巴黎情缘提交成功
2018-09-14 20:00:32,633-mp_log-INFO-百合春天提交成功
2018-09-14 20:00:33,120-mp_log-INFO-梅兰丽人提交成功
2018-09-14 20:00:33,550-mp_log-INFO-燕燕尊尚美容提交成功
2018-09-14 20:00:34,190-mp_log-INFO-雅致璇肌提交成功
2018-09-14 20:00:34,606-mp_log-INFO-诗露丽涵提交成功
2018-09-14 20:00:35,624-mp_log-INFO-月瘦月美提交成功
2018-09-14 20:00:35,822-mp_log-INFO-年轻我可以提交成功
2018-09-14 20:00:36,448-mp_log-INFO-精工皇族提交成功
2018-09-14 20:00:36,929-mp_log-INFO-兴美源提交成功
2018-09-14 20:00:37,173-mp_log-INFO-明剪一秀提交成功
2018-09-14 20:00:37,784-mp_log-INFO-丝客富提交成功
2018-09-14 20:00:38,527-mp_log-INFO-琉璃水城提交成功
2018-09-14 20:00:39,145-mp_log-INFO-栢草源提交成功
2018-09-14 20:00:39,350-mp_log-INFO-杭州东方整形提交成功
2018-09-14 20:00:39,853-mp_log-INFO-ONI速美提交成功
2018-09-14 20:00:40,359-mp_log-INFO-美共享提交成功
2018-09-14 20:00:40,978-mp_log-INFO-靓佳人提交成功
2018-09-14 20:00:41,399-mp_log-INFO-ME智慧美店提交成功
2018-09-14 20:00:41,964-mp_log-INFO-二院美丽之约提交成功
2018-09-14 20:00:42,437-mp_log-INFO-弘迪美容美发提交成功
2018-09-14 20:00:42,832-mp_log-INFO-南洋beauty提交成功
2018-09-14 20:00:43,382-mp_log-INFO-阿芙洛蒂提交成功
2018-09-14 20:00:44,116-mp_log-INFO-来了美标榜店提交成功
2018-09-14 20:00:44,254-mp_log-INFO-美德福提交成功
2018-09-14 20:00:44,852-mp_log-INFO-岳灵生发提交成功
2018-09-14 20:00:45,278-mp_log-INFO-维多丽雅提交成功
2018-09-14 20:00:45,869-mp_log-INFO-雅典娜提交成功
2018-09-14 20:00:46,529-mp_log-INFO-杭州桐雅提交成功
2018-09-14 20:00:46,801-mp_log-INFO-妃香伊丹提交成功
2018-09-14 20:00:47,141-mp_log-INFO-魅力华健提交成功
2018-09-14 20:00:48,052-mp_log-INFO-窈窕淑女提交成功
2018-09-14 20:00:48,274-mp_log-INFO-香密雅CIMIA提交成功
2018-09-14 20:00:49,014-mp_log-INFO-妍雅媛提交成功
2018-09-14 20:00:49,492-mp_log-INFO-来了美提交成功
2018-09-14 20:00:49,774-mp_log-INFO-云立方提交成功
2018-09-14 20:00:50,100-mp_log-INFO-来了美韩尚恩提交成功
2018-09-14 20:00:50,919-mp_log-INFO-纤指百媚提交成功
2018-09-14 20:00:51,284-mp_log-INFO-美之颜提交成功
2018-09-14 20:00:52,079-mp_log-INFO-氢颜轻奢美肤提交成功
2018-09-14 20:00:52,451-mp_log-INFO-香住SPA提交成功
2018-09-14 20:00:53,153-mp_log-INFO-佰味女人提交成功
2018-09-14 20:00:53,897-mp_log-INFO-黄氏百佳提交成功
2018-09-14 20:00:54,290-mp_log-INFO-创美雅香莱提交成功
2018-09-14 20:00:54,734-mp_log-INFO-艾面一族 提交成功
2018-09-14 20:00:55,156-mp_log-INFO-植美SPA提交成功
2018-09-14 20:00:55,567-mp_log-INFO-曼姿提交成功
2018-09-14 20:00:55,768-mp_log-INFO-美丽九九提交成功
2018-09-14 20:00:56,429-mp_log-INFO-艾尚美美哒提交成功
2018-09-14 20:00:56,999-mp_log-INFO-玉颜堂提交成功
2018-09-14 20:00:57,147-mp_log-INFO-智能科技美店提交成功
2018-09-14 20:00:58,086-mp_log-INFO-欧妮薇提交成功
2018-09-14 20:00:58,342-mp_log-INFO-美姿来就美提交成功
2018-09-14 20:00:59,372-mp_log-INFO-IVY艾菲芭提交成功
2018-09-14 20:00:59,736-mp_log-INFO-来了美雲会所提交成功
2018-09-14 20:01:00,072-mp_log-INFO-SoBeauty提交成功
2018-09-14 20:01:00,649-mp_log-INFO-筋生美提交成功
2018-09-14 20:01:00,821-mp_log-INFO-来了美美吧提交成功
2018-09-14 20:01:01,347-mp_log-INFO-金柏丽提交成功
2018-09-14 20:01:01,829-mp_log-INFO-长江九号提交成功
2018-09-14 20:01:02,576-mp_log-INFO-天使国际提交成功
2018-09-14 20:01:02,793-mp_log-INFO-如生堂提交成功
2018-09-14 20:01:03,461-mp_log-INFO-梦田芳香Spa提交成功
2018-09-14 20:01:04,532-mp_log-INFO-红妆倾城提交成功
2018-09-14 20:01:04,962-mp_log-INFO-色彩纯姬提交成功
2018-09-14 20:01:05,064-mp_log-INFO-英原健康提交成功
2018-09-14 20:01:05,235-mp_log-INFO-金贵人Beauty提交成功
2018-09-14 20:01:05,933-mp_log-INFO-芯语芳心提交成功
2018-09-14 20:01:06,653-mp_log-INFO-还原美提交成功
2018-09-14 20:01:06,881-mp_log-INFO-缘临医疗美容提交成功
2018-09-14 20:01:07,398-mp_log-INFO-梦圆皇宫提交成功
2018-09-14 20:01:07,985-mp_log-INFO-恩雅提交成功
2018-09-14 20:01:08,273-mp_log-INFO-DR美研博士提交成功
2018-09-14 20:01:08,890-mp_log-INFO-女秀才提交成功
2018-09-14 20:01:09,033-mp_log-INFO-東美人儿提交成功
2018-09-14 20:01:09,849-mp_log-INFO-承昱医疗提交成功
2018-09-14 20:01:10,595-mp_log-INFO-斓悦庭提交成功
2018-09-14 20:01:10,823-mp_log-INFO-唯美童妍提交成功
2018-09-14 20:01:11,538-mp_log-INFO-BV美聚提交成功
2018-09-14 20:01:11,966-mp_log-INFO-健丽宝美容提交成功
2018-09-14 20:01:12,355-mp_log-INFO-掌上美管家A提交成功
2018-09-14 20:01:12,996-mp_log-INFO-博妍集美提交成功
2018-09-14 20:01:13,368-mp_log-INFO-雅涛世家提交成功
2018-09-14 20:01:13,524-mp_log-ERROR-呈悦医疗提交失败
2018-09-14 20:01:13,847-mp_log-INFO-双妹美容提交成功
2018-09-14 20:01:14,807-mp_log-INFO-来了美千丝美提交成功
2018-09-14 20:01:15,499-mp_log-INFO-世纪之春提交成功
2018-09-14 20:01:15,940-mp_log-INFO-女主角美容提交成功
2018-09-14 20:01:16,635-mp_log-INFO-乐聚提交成功
2018-09-14 20:01:16,838-mp_log-INFO-沧州美美达提交成功
2018-09-14 20:01:17,453-mp_log-INFO-妮娜形象管理提交成功
2018-09-14 20:01:17,876-mp_log-INFO-馨境堂提交成功
2018-09-14 20:01:18,612-mp_log-INFO-果蔬美容提交成功
2018-09-14 20:01:18,953-mp_log-INFO-贝兰思提交成功
2018-09-14 20:01:19,640-mp_log-INFO-东方秀丽提交成功
2018-09-14 20:01:19,783-mp_log-INFO-欧丽薇提交成功
