2018-09-19 16:10:57,664-Getlogin-INFO-登录成功，获取mp端token.....
2018-09-19 16:10:57,667-mp_log-INFO-token获取成功......
2018-09-19 16:11:00,743-mp_log-INFO-获取所有小程序信息成功......
2018-09-19 16:11:01,204-mp_log-INFO-获取最新模板信息成功.......
2018-09-19 16:11:02,282-mp_log-INFO-审核失败
2018-09-19 16:11:02,592-mp_log-INFO-审核失败
2018-09-19 16:11:02,870-mp_log-INFO-审核失败
2018-09-19 16:11:03,611-mp_log-INFO-审核失败
2018-09-19 16:11:03,692-mp_log-INFO-审核失败
2018-09-19 16:11:03,781-mp_log-INFO-审核失败
2018-09-19 16:11:04,085-mp_log-INFO-审核失败
2018-09-19 16:11:04,425-mp_log-INFO-审核失败
2018-09-19 16:11:04,633-mp_log-INFO-审核失败
2018-09-19 16:11:05,004-mp_log-INFO-审核失败
2018-09-19 16:11:05,234-mp_log-INFO-审核失败
2018-09-19 16:11:05,582-mp_log-INFO-审核失败
2018-09-19 16:11:05,913-mp_log-INFO-审核失败
2018-09-19 16:11:06,155-mp_log-INFO-审核失败
2018-09-19 16:11:06,433-mp_log-INFO-审核失败
2018-09-19 16:11:06,768-mp_log-INFO-审核失败
2018-09-19 16:11:07,121-mp_log-INFO-审核失败
2018-09-19 16:11:07,362-mp_log-INFO-审核失败
2018-09-19 16:11:07,766-mp_log-INFO-审核失败
2018-09-19 16:11:08,179-mp_log-INFO-审核失败
2018-09-19 16:11:08,403-mp_log-INFO-审核失败
2018-09-19 16:11:08,583-mp_log-INFO-审核失败
2018-09-19 16:11:08,962-mp_log-INFO-审核失败
2018-09-19 16:11:09,516-mp_log-INFO-审核失败
2018-09-19 16:11:09,689-mp_log-INFO-审核失败
2018-09-19 16:11:10,142-mp_log-INFO-审核失败
2018-09-19 16:11:10,282-mp_log-INFO-审核失败
2018-09-19 16:11:10,446-mp_log-INFO-审核失败
2018-09-19 16:11:10,772-mp_log-INFO-审核失败
2018-09-19 16:11:11,264-mp_log-INFO-审核失败
2018-09-19 16:11:11,430-mp_log-INFO-审核失败
2018-09-19 16:11:11,585-mp_log-INFO-审核失败
2018-09-19 16:11:11,966-mp_log-INFO-审核失败
2018-09-19 16:11:12,165-mp_log-INFO-审核失败
2018-09-19 16:11:12,612-mp_log-INFO-审核失败
2018-09-19 16:11:12,750-mp_log-INFO-审核失败
2018-09-19 16:11:13,019-mp_log-INFO-审核失败
2018-09-19 16:11:13,611-mp_log-INFO-审核失败
2018-09-19 16:11:13,734-mp_log-INFO-审核失败
2018-09-19 16:11:13,944-mp_log-INFO-审核失败
2018-09-19 16:11:14,730-mp_log-INFO-审核失败
2018-09-19 16:11:14,787-mp_log-INFO-审核失败
2018-09-19 16:11:14,863-mp_log-INFO-审核失败
2018-09-19 16:11:15,345-mp_log-INFO-审核失败
2018-09-19 16:11:15,717-mp_log-INFO-审核失败
2018-09-19 16:11:15,837-mp_log-INFO-审核失败
2018-09-19 16:11:16,109-mp_log-INFO-审核失败
2018-09-19 16:11:16,362-mp_log-INFO-审核失败
2018-09-19 16:11:16,583-mp_log-INFO-审核失败
2018-09-19 16:11:17,041-mp_log-INFO-审核失败
2018-09-19 16:11:17,300-mp_log-INFO-审核失败
2018-09-19 16:11:17,568-mp_log-INFO-审核失败
2018-09-19 16:11:17,847-mp_log-INFO-审核失败
2018-09-19 16:11:18,121-mp_log-INFO-审核失败
2018-09-19 16:11:18,485-mp_log-INFO-审核失败
2018-09-19 16:11:18,907-mp_log-INFO-审核失败
