2018-09-07 14:58:51,625-Getlogin-INFO-登录成功，获取mp端token.....
2018-09-07 14:58:51,627-mp_log-INFO-token获取成功......
2018-09-07 14:58:56,360-mp_log-INFO-获取所有小程序信息成功......
2018-09-07 14:58:56,939-mp_log-INFO-获取最新模板信息成功.......
2018-09-07 14:58:58,096-mp_log-INFO-已审核
2018-09-07 14:58:58,329-mp_log-INFO-已审核
2018-09-07 14:58:58,895-mp_log-INFO-已审核
2018-09-07 14:58:59,540-mp_log-INFO-审核失败
2018-09-07 14:58:59,853-mp_log-INFO-审核失败
2018-09-07 14:59:00,052-mp_log-INFO-审核失败
2018-09-07 14:59:00,426-mp_log-INFO-已审核
2018-09-07 14:59:00,668-mp_log-INFO-审核失败
2018-09-07 14:59:01,026-mp_log-INFO-审核失败
2018-09-07 14:59:01,277-mp_log-INFO-已审核
2018-09-07 14:59:01,853-mp_log-INFO-审核失败
2018-09-07 14:59:02,029-mp_log-INFO-审核失败
2018-09-07 14:59:02,761-mp_log-INFO-已审核
2018-09-07 14:59:03,015-mp_log-INFO-已审核
2018-09-07 14:59:03,075-mp_log-INFO-已审核
2018-09-07 14:59:03,270-mp_log-INFO-已审核
2018-09-07 14:59:03,394-mp_log-INFO-审核失败
2018-09-07 14:59:03,755-mp_log-INFO-已审核
2018-09-07 14:59:04,059-mp_log-INFO-已审核
2018-09-07 14:59:04,251-mp_log-INFO-审核失败
2018-09-07 14:59:04,568-mp_log-INFO-已审核
2018-09-07 14:59:04,976-mp_log-INFO-已审核
2018-09-07 14:59:05,170-mp_log-INFO-已审核
2018-09-07 14:59:05,510-mp_log-INFO-已审核
2018-09-07 14:59:06,038-mp_log-INFO-审核失败
2018-09-07 14:59:06,234-mp_log-INFO-已审核
2018-09-07 14:59:06,520-mp_log-INFO-已审核
2018-09-07 14:59:06,746-mp_log-INFO-审核失败
2018-09-07 14:59:07,330-mp_log-INFO-已审核
2018-09-07 14:59:07,461-mp_log-INFO-已审核
2018-09-07 14:59:07,744-mp_log-INFO-审核失败
2018-09-07 14:59:08,056-mp_log-INFO-已审核
2018-09-07 14:59:08,286-mp_log-INFO-已审核
2018-09-07 14:59:08,504-mp_log-INFO-已审核
2018-09-07 14:59:08,800-mp_log-INFO-已审核
2018-09-07 14:59:09,104-mp_log-INFO-已审核
2018-09-07 14:59:09,397-mp_log-INFO-已审核
2018-09-07 14:59:10,245-mp_log-INFO-审核失败
2018-09-07 14:59:10,388-mp_log-INFO-审核失败
2018-09-07 14:59:10,409-mp_log-INFO-已审核
2018-09-07 14:59:10,728-mp_log-INFO-审核失败
2018-09-07 14:59:11,044-mp_log-INFO-审核失败
2018-09-07 14:59:11,312-mp_log-INFO-审核失败
2018-09-07 14:59:11,633-mp_log-INFO-已审核
2018-09-07 14:59:12,291-mp_log-INFO-已审核
2018-09-07 14:59:12,640-mp_log-INFO-已审核
2018-09-07 14:59:12,694-mp_log-INFO-已审核
2018-09-07 14:59:12,968-mp_log-INFO-审核失败
2018-09-07 14:59:13,626-mp_log-INFO-已审核
2018-09-07 14:59:13,761-mp_log-INFO-已审核
2018-09-07 14:59:13,992-mp_log-INFO-已审核
2018-09-07 14:59:14,182-mp_log-INFO-已审核
2018-09-07 14:59:14,436-mp_log-INFO-审核失败
2018-09-07 14:59:14,732-mp_log-INFO-已审核
2018-09-07 14:59:14,759-mp_log-INFO-已审核
2018-09-07 14:59:15,232-mp_log-INFO-已审核
2018-09-07 14:59:15,354-mp_log-INFO-已审核
2018-09-07 14:59:15,703-mp_log-INFO-审核失败
2018-09-07 14:59:16,100-mp_log-INFO-已审核
2018-09-07 14:59:16,416-mp_log-INFO-审核失败
2018-09-07 14:59:16,620-mp_log-INFO-审核失败
2018-09-07 14:59:17,174-mp_log-INFO-审核失败
2018-09-07 14:59:17,361-mp_log-INFO-审核失败
2018-09-07 14:59:17,542-mp_log-INFO-已审核
2018-09-07 14:59:18,014-mp_log-INFO-已审核
2018-09-07 14:59:18,131-mp_log-INFO-已审核
2018-09-07 14:59:18,430-mp_log-INFO-已审核
2018-09-07 14:59:18,708-mp_log-INFO-审核失败
2018-09-07 14:59:19,057-mp_log-INFO-已审核
2018-09-07 14:59:19,332-mp_log-INFO-审核失败
2018-09-07 14:59:19,571-mp_log-INFO-已审核
2018-09-07 14:59:19,934-mp_log-INFO-审核失败
2018-09-07 14:59:20,249-mp_log-INFO-已审核
2018-09-07 14:59:20,797-mp_log-INFO-审核失败
2018-09-07 14:59:21,326-mp_log-INFO-审核失败
2018-09-07 14:59:21,584-mp_log-INFO-审核失败
2018-09-07 14:59:21,890-mp_log-INFO-审核失败
2018-09-07 14:59:22,093-mp_log-INFO-已审核
2018-09-07 14:59:22,372-mp_log-INFO-已审核
2018-09-07 14:59:22,649-mp_log-INFO-已审核
2018-09-07 14:59:22,934-mp_log-INFO-已审核
2018-09-07 14:59:23,307-mp_log-INFO-审核失败
2018-09-07 14:59:23,857-mp_log-INFO-已审核
2018-09-07 14:59:23,872-mp_log-INFO-已审核
2018-09-07 14:59:24,126-mp_log-INFO-审核失败
2018-09-07 14:59:24,528-mp_log-INFO-已审核
2018-09-07 14:59:24,867-mp_log-INFO-审核失败
2018-09-07 14:59:25,055-mp_log-INFO-已审核
2018-09-07 14:59:25,297-mp_log-INFO-已审核
2018-09-07 14:59:25,646-mp_log-INFO-审核失败
2018-09-07 14:59:26,238-mp_log-INFO-审核失败
2018-09-07 14:59:26,268-mp_log-INFO-已审核
2018-09-07 14:59:26,612-mp_log-INFO-已审核
2018-09-07 14:59:27,386-mp_log-INFO-已审核
2018-09-07 14:59:27,457-mp_log-INFO-已审核
2018-09-07 14:59:27,625-mp_log-INFO-审核失败
2018-09-07 14:59:27,752-mp_log-INFO-审核失败
2018-09-07 14:59:28,120-mp_log-INFO-已审核
2018-09-07 14:59:28,383-mp_log-INFO-已审核
2018-09-07 14:59:28,653-mp_log-INFO-已审核
2018-09-07 14:59:28,935-mp_log-INFO-审核失败
2018-09-07 14:59:29,424-mp_log-INFO-已审核
2018-09-07 14:59:29,901-mp_log-INFO-已审核
2018-09-07 14:59:30,006-mp_log-INFO-已审核
2018-09-07 14:59:30,175-mp_log-INFO-审核失败
2018-09-07 14:59:30,425-mp_log-INFO-已审核
2018-09-07 14:59:30,788-mp_log-INFO-审核失败
2018-09-07 14:59:31,091-mp_log-INFO-已审核
2018-09-07 14:59:31,365-mp_log-INFO-已审核
2018-09-07 14:59:31,765-mp_log-INFO-审核失败
2018-09-07 14:59:32,256-mp_log-INFO-审核失败
2018-09-07 14:59:32,295-mp_log-INFO-审核失败
2018-09-07 14:59:32,626-mp_log-INFO-已审核
2018-09-07 14:59:32,903-mp_log-INFO-审核失败
2018-09-07 14:59:33,190-mp_log-INFO-已审核
2018-09-07 14:59:33,421-mp_log-INFO-审核失败
2018-09-07 14:59:33,851-mp_log-INFO-已审核
2018-09-07 14:59:34,299-mp_log-INFO-审核失败
2018-09-07 14:59:34,340-mp_log-INFO-审核失败
2018-09-07 14:59:34,829-mp_log-INFO-审核失败
2018-09-07 14:59:35,036-mp_log-INFO-已审核
2018-09-07 14:59:35,368-mp_log-INFO-审核失败
2018-09-07 14:59:35,606-mp_log-INFO-审核失败
2018-09-07 14:59:35,934-mp_log-INFO-已审核
2018-09-07 14:59:36,459-mp_log-INFO-审核失败
2018-09-07 14:59:36,648-mp_log-INFO-审核失败
2018-09-07 14:59:36,878-mp_log-INFO-审核失败
2018-09-07 14:59:37,092-mp_log-INFO-已审核
2018-09-07 14:59:37,396-mp_log-INFO-已审核
2018-09-07 14:59:37,701-mp_log-INFO-审核失败
2018-09-07 14:59:38,004-mp_log-INFO-审核失败
2018-09-07 14:59:38,284-mp_log-INFO-已审核
2018-09-07 14:59:38,498-mp_log-INFO-审核中
2018-09-07 14:59:39,131-mp_log-INFO-审核失败
2018-09-07 14:59:39,321-mp_log-INFO-已审核
2018-09-07 14:59:40,923-mp_log-INFO-已审核
2018-09-07 14:59:41,735-mp_log-INFO-审核失败
2018-09-07 14:59:42,207-mp_log-INFO-审核失败
2018-09-07 14:59:42,535-mp_log-INFO-审核失败
2018-09-07 14:59:42,840-mp_log-INFO-已审核
