2018-09-14 19:53:18,387-Getlogin-INFO-登录成功，获取mp端token.....
2018-09-14 19:53:18,389-mp_log-INFO-token获取成功......
2018-09-14 19:53:25,771-mp_log-INFO-获取所有小程序信息成功......
2018-09-14 19:53:26,465-mp_log-INFO-获取最新模板信息成功.......
2018-09-14 19:53:29,086-mp_log-INFO-环亚美容模板操作成功,模板名称0914 商家最新版1.1.31
2018-09-14 19:53:30,088-mp_log-INFO-广州七号驻颜模板操作成功,模板名称0914 商家最新版1.1.31
2018-09-14 19:53:31,360-mp_log-INFO-草木缘模板操作成功,模板名称0914 商家最新版1.1.31
2018-09-14 19:53:32,234-mp_log-INFO-都市点点模板操作成功,模板名称0914 商家最新版1.1.31
2018-09-14 19:53:33,129-mp_log-INFO-润妃国际模板操作成功,模板名称0914 商家最新版1.1.31
2018-09-14 19:53:34,505-mp_log-INFO-当今悦美模板操作成功,模板名称0914 商家最新版1.1.31
2018-09-14 19:53:35,292-mp_log-INFO-当代经典模板操作成功,模板名称0914 商家最新版1.1.31
2018-09-14 19:53:37,094-mp_log-INFO-虞诗蔓模板操作成功,模板名称0914 商家最新版1.1.31
2018-09-14 19:53:37,431-mp_log-INFO-恒美世纪模板操作成功,模板名称0914 商家最新版1.1.31
2018-09-14 19:53:38,243-mp_log-INFO-雪依氏模板操作成功,模板名称0914 商家最新版1.1.31
2018-09-14 19:53:39,248-mp_log-INFO-娇阑美颜模板操作成功,模板名称0914 商家最新版1.1.31
2018-09-14 19:53:40,093-mp_log-INFO-艾妍整形模板操作成功,模板名称0914 商家最新版1.1.31
2018-09-14 19:53:41,139-mp_log-INFO-巴黎情缘模板操作成功,模板名称0914 商家最新版1.1.31
2018-09-14 19:53:42,346-mp_log-INFO-兴美源模板操作成功,模板名称0914 商家最新版1.1.31
2018-09-14 19:53:43,027-mp_log-INFO-杭州东方整形模板操作成功,模板名称0914 商家最新版1.1.31
2018-09-14 19:53:44,264-mp_log-INFO-美共享模板操作成功,模板名称0914 商家最新版1.1.31
2018-09-14 19:53:45,237-mp_log-INFO-靓佳人模板操作成功,模板名称0914 商家最新版1.1.31
2018-09-14 19:53:46,123-mp_log-INFO-ME智慧美店模板操作成功,模板名称0914 商家最新版1.1.31
2018-09-14 19:53:47,202-mp_log-INFO-二院美丽之约模板操作成功,模板名称0914 商家最新版1.1.31
2018-09-14 19:53:48,222-mp_log-INFO-美德福模板操作成功,模板名称0914 商家最新版1.1.31
2018-09-14 19:53:49,117-mp_log-INFO-维多丽雅模板操作成功,模板名称0914 商家最新版1.1.31
2018-09-14 19:53:50,488-mp_log-INFO-杭州桐雅模板操作成功,模板名称0914 商家最新版1.1.31
2018-09-14 19:53:51,298-mp_log-INFO-魅力华健模板操作成功,模板名称0914 商家最新版1.1.31
2018-09-14 19:53:52,440-mp_log-INFO-窈窕淑女模板操作成功,模板名称0914 商家最新版1.1.31
2018-09-14 19:53:53,459-mp_log-INFO-香密雅CIMIA模板操作成功,模板名称0914 商家最新版1.1.31
2018-09-14 19:53:54,703-mp_log-INFO-妍雅媛模板操作成功,模板名称0914 商家最新版1.1.31
2018-09-14 19:53:55,327-mp_log-INFO-香住SPA模板操作成功,模板名称0914 商家最新版1.1.31
2018-09-14 19:53:56,394-mp_log-INFO-黄氏百佳模板操作成功,模板名称0914 商家最新版1.1.31
2018-09-14 19:53:57,405-mp_log-INFO-植美SPA模板操作成功,模板名称0914 商家最新版1.1.31
2018-09-14 19:53:58,273-mp_log-INFO-曼姿模板操作成功,模板名称0914 商家最新版1.1.31
2018-09-14 19:53:59,440-mp_log-INFO-欧妮薇模板操作成功,模板名称0914 商家最新版1.1.31
2018-09-14 19:54:00,124-mp_log-INFO-美姿来就美模板操作成功,模板名称0914 商家最新版1.1.31
2018-09-14 19:54:01,377-mp_log-INFO-SoBeauty模板操作成功,模板名称0914 商家最新版1.1.31
2018-09-14 19:54:02,523-mp_log-INFO-长江九号模板操作成功,模板名称0914 商家最新版1.1.31
2018-09-14 19:54:03,377-mp_log-INFO-如生堂模板操作成功,模板名称0914 商家最新版1.1.31
2018-09-14 19:54:04,448-mp_log-INFO-红妆倾城模板操作成功,模板名称0914 商家最新版1.1.31
2018-09-14 19:54:05,170-mp_log-INFO-金贵人Beauty模板操作成功,模板名称0914 商家最新版1.1.31
2018-09-14 19:54:06,146-mp_log-INFO-还原美模板操作成功,模板名称0914 商家最新版1.1.31
2018-09-14 19:54:07,448-mp_log-INFO-DR美研博士模板操作成功,模板名称0914 商家最新版1.1.31
2018-09-14 19:54:08,374-mp_log-INFO-女秀才模板操作成功,模板名称0914 商家最新版1.1.31
2018-09-14 19:54:09,171-mp_log-INFO-東美人儿模板操作成功,模板名称0914 商家最新版1.1.31
2018-09-14 19:54:10,510-mp_log-INFO-斓悦庭模板操作成功,模板名称0914 商家最新版1.1.31
2018-09-14 19:54:11,127-mp_log-INFO-唯美童妍模板操作成功,模板名称0914 商家最新版1.1.31
2018-09-14 19:54:12,236-mp_log-INFO-掌上美管家A模板操作成功,模板名称0914 商家最新版1.1.31
2018-09-14 19:54:13,392-mp_log-INFO-博妍集美模板操作成功,模板名称0914 商家最新版1.1.31
2018-09-14 19:54:14,125-mp_log-INFO-雅涛世家模板操作成功,模板名称0914 商家最新版1.1.31
2018-09-14 19:54:15,143-mp_log-INFO-世纪之春模板操作成功,模板名称0914 商家最新版1.1.31
2018-09-14 19:54:16,493-mp_log-INFO-乐聚模板操作成功,模板名称0914 商家最新版1.1.31
2018-09-14 19:54:17,104-mp_log-INFO-馨境堂模板操作成功,模板名称0914 商家最新版1.1.31
2018-09-14 19:54:18,370-mp_log-INFO-果蔬美容模板操作成功,模板名称0914 商家最新版1.1.31
2018-09-14 19:54:19,359-mp_log-INFO-贝兰思模板操作成功,模板名称0914 商家最新版1.1.31
