2018-09-14 19:48:55,804-Getlogin-INFO-登录成功，获取mp端token.....
2018-09-14 19:48:55,805-mp_log-INFO-token获取成功......
2018-09-14 19:49:04,667-mp_log-INFO-获取所有小程序信息成功......
2018-09-14 19:49:05,157-mp_log-INFO-获取最新模板信息成功.......
2018-09-14 19:49:06,322-mp_log-INFO-审核失败
2018-09-14 19:49:06,659-mp_log-INFO-已审核
2018-09-14 19:49:07,255-mp_log-INFO-已审核
2018-09-14 19:49:07,942-mp_log-INFO-审核失败
2018-09-14 19:49:08,211-mp_log-INFO-已审核
2018-09-14 19:49:08,576-mp_log-INFO-已审核
2018-09-14 19:49:08,791-mp_log-INFO-已审核
2018-09-14 19:49:09,029-mp_log-INFO-审核失败
2018-09-14 19:49:09,363-mp_log-INFO-审核失败
2018-09-14 19:49:09,601-mp_log-INFO-已审核
2018-09-14 19:49:10,098-mp_log-INFO-审核失败
2018-09-14 19:49:10,664-mp_log-INFO-已审核
2018-09-14 19:49:10,967-mp_log-INFO-已审核
2018-09-14 19:49:11,418-mp_log-INFO-已审核
2018-09-14 19:49:11,898-mp_log-INFO-已审核
2018-09-14 19:49:12,164-mp_log-INFO-已审核
2018-09-14 19:49:12,659-mp_log-INFO-审核失败
2018-09-14 19:49:12,823-mp_log-INFO-已审核
2018-09-14 19:49:13,156-mp_log-INFO-已审核
2018-09-14 19:49:13,383-mp_log-INFO-审核失败
2018-09-14 19:49:14,165-mp_log-INFO-已审核
2018-09-14 19:49:14,357-mp_log-INFO-已审核
2018-09-14 19:49:14,599-mp_log-INFO-已审核
2018-09-14 19:49:14,888-mp_log-INFO-已审核
2018-09-14 19:49:15,298-mp_log-INFO-审核失败
2018-09-14 19:49:15,554-mp_log-INFO-已审核
2018-09-14 19:49:15,810-mp_log-INFO-已审核
2018-09-14 19:49:16,199-mp_log-INFO-审核失败
2018-09-14 19:49:16,418-mp_log-INFO-已审核
2018-09-14 19:49:16,848-mp_log-INFO-已审核
2018-09-14 19:49:17,195-mp_log-INFO-审核失败
2018-09-14 19:49:17,364-mp_log-INFO-已审核
2018-09-14 19:49:17,660-mp_log-INFO-已审核
2018-09-14 19:49:17,979-mp_log-INFO-已审核
2018-09-14 19:49:18,359-mp_log-INFO-已审核
2018-09-14 19:49:18,751-mp_log-INFO-已审核
2018-09-14 19:49:19,091-mp_log-INFO-已审核
2018-09-14 19:49:19,399-mp_log-INFO-已审核
2018-09-14 19:49:19,734-mp_log-INFO-审核失败
2018-09-14 19:49:19,901-mp_log-INFO-已审核
2018-09-14 19:49:19,949-mp_log-INFO-已审核
2018-09-14 19:49:20,333-mp_log-INFO-审核失败
2018-09-14 19:49:20,917-mp_log-INFO-审核失败
2018-09-14 19:49:21,057-mp_log-INFO-已审核
2018-09-14 19:49:21,270-mp_log-INFO-已审核
2018-09-14 19:49:21,636-mp_log-INFO-已审核
2018-09-14 19:49:22,100-mp_log-INFO-已审核
2018-09-14 19:49:22,564-mp_log-INFO-审核中
2018-09-14 19:49:22,777-mp_log-INFO-已审核
2018-09-14 19:49:22,938-mp_log-INFO-已审核
2018-09-14 19:49:23,059-mp_log-INFO-已审核
2018-09-14 19:49:23,460-mp_log-INFO-已审核
2018-09-14 19:49:23,695-mp_log-INFO-审核失败
2018-09-14 19:49:23,926-mp_log-INFO-已审核
2018-09-14 19:49:24,219-mp_log-INFO-已审核
2018-09-14 19:49:24,655-mp_log-INFO-已审核
2018-09-14 19:49:24,969-mp_log-INFO-已审核
2018-09-14 19:49:25,327-mp_log-INFO-审核失败
2018-09-14 19:49:25,530-mp_log-INFO-已审核
2018-09-14 19:49:25,802-mp_log-INFO-审核失败
2018-09-14 19:49:26,090-mp_log-INFO-审核失败
2018-09-14 19:49:26,280-mp_log-INFO-审核失败
2018-09-14 19:49:26,773-mp_log-INFO-审核失败
2018-09-14 19:49:27,112-mp_log-INFO-已审核
2018-09-14 19:49:27,428-mp_log-INFO-已审核
2018-09-14 19:49:27,578-mp_log-INFO-已审核
2018-09-14 19:49:27,873-mp_log-INFO-已审核
2018-09-14 19:49:28,143-mp_log-INFO-审核失败
2018-09-14 19:49:28,561-mp_log-INFO-已审核
2018-09-14 19:49:28,780-mp_log-INFO-审核失败
2018-09-14 19:49:29,220-mp_log-INFO-已审核
2018-09-14 19:49:29,754-mp_log-INFO-已审核
2018-09-14 19:49:29,796-mp_log-INFO-审核失败
2018-09-14 19:49:30,361-mp_log-INFO-审核失败
2018-09-14 19:49:30,708-mp_log-INFO-审核失败
2018-09-14 19:49:31,106-mp_log-INFO-审核失败
2018-09-14 19:49:31,239-mp_log-INFO-审核失败
2018-09-14 19:49:32,081-mp_log-INFO-已审核
2018-09-14 19:49:32,129-mp_log-INFO-已审核
2018-09-14 19:49:32,411-mp_log-INFO-已审核
2018-09-14 19:49:32,642-mp_log-INFO-已审核
2018-09-14 19:49:32,992-mp_log-INFO-已审核
2018-09-14 19:49:33,416-mp_log-INFO-审核中
2018-09-14 19:49:34,145-mp_log-INFO-已审核
2018-09-14 19:49:34,389-mp_log-INFO-审核失败
2018-09-14 19:49:35,242-mp_log-INFO-已审核
2018-09-14 19:49:35,284-mp_log-INFO-审核失败
2018-09-14 19:49:35,756-mp_log-INFO-已审核
2018-09-14 19:49:35,875-mp_log-INFO-已审核
2018-09-14 19:49:36,032-mp_log-INFO-审核失败
2018-09-14 19:49:36,566-mp_log-INFO-审核失败
2018-09-14 19:49:36,815-mp_log-INFO-已审核
2018-09-14 19:49:37,152-mp_log-INFO-已审核
2018-09-14 19:49:37,438-mp_log-INFO-已审核
2018-09-14 19:49:37,840-mp_log-INFO-已审核
2018-09-14 19:49:37,874-mp_log-INFO-审核失败
2018-09-14 19:49:38,385-mp_log-INFO-审核失败
2018-09-14 19:49:38,603-mp_log-INFO-已审核
2018-09-14 19:49:39,046-mp_log-INFO-审核中
2018-09-14 19:49:39,302-mp_log-INFO-已审核
2018-09-14 19:49:39,629-mp_log-INFO-审核失败
2018-09-14 19:49:40,064-mp_log-INFO-已审核
2018-09-14 19:49:40,278-mp_log-INFO-已审核
2018-09-14 19:49:40,630-mp_log-INFO-已审核
2018-09-14 19:49:40,862-mp_log-INFO-审核失败
2018-09-14 19:49:41,140-mp_log-INFO-已审核
2018-09-14 19:49:41,507-mp_log-INFO-审核失败
2018-09-14 19:49:41,760-mp_log-INFO-已审核
2018-09-14 19:49:41,984-mp_log-INFO-已审核
2018-09-14 19:49:42,461-mp_log-INFO-审核失败
2018-09-14 19:49:42,828-mp_log-INFO-已审核
2018-09-14 19:49:42,944-mp_log-INFO-审核失败
2018-09-14 19:49:43,203-mp_log-INFO-已审核
2018-09-14 19:49:43,531-mp_log-INFO-审核失败
2018-09-14 19:49:43,863-mp_log-INFO-已审核
2018-09-14 19:49:44,302-mp_log-INFO-已审核
2018-09-14 19:49:44,522-mp_log-INFO-已审核
2018-09-14 19:49:44,801-mp_log-INFO-审核失败
2018-09-14 19:49:45,007-mp_log-INFO-审核失败
2018-09-14 19:49:45,324-mp_log-INFO-审核失败
2018-09-14 19:49:45,603-mp_log-INFO-已审核
2018-09-14 19:49:46,015-mp_log-INFO-审核失败
2018-09-14 19:49:46,513-mp_log-INFO-审核失败
2018-09-14 19:49:46,523-mp_log-INFO-已审核
2018-09-14 19:49:46,788-mp_log-INFO-已审核
2018-09-14 19:49:47,304-mp_log-INFO-审核失败
2018-09-14 19:49:47,574-mp_log-INFO-审核失败
2018-09-14 19:49:47,747-mp_log-INFO-审核失败
2018-09-14 19:49:48,108-mp_log-INFO-已审核
2018-09-14 19:49:48,501-mp_log-INFO-已审核
2018-09-14 19:49:48,752-mp_log-INFO-已审核
2018-09-14 19:49:49,316-mp_log-INFO-已审核
2018-09-14 19:49:49,406-mp_log-INFO-审核失败
2018-09-14 19:49:49,673-mp_log-INFO-审核中
2018-09-14 19:49:50,277-mp_log-INFO-审核失败
2018-09-14 19:49:50,653-mp_log-INFO-已审核
2018-09-14 19:49:50,980-mp_log-INFO-已审核
2018-09-14 19:49:51,231-mp_log-INFO-审核失败
2018-09-14 19:49:51,715-mp_log-INFO-审核失败
2018-09-14 19:49:52,163-mp_log-INFO-审核失败
2018-09-14 19:49:52,982-mp_log-INFO-已审核
