2018-09-14 19:51:25,160-Getlogin-INFO-登录成功，获取mp端token.....
2018-09-14 19:51:25,162-mp_log-INFO-token获取成功......
2018-09-14 19:51:32,555-mp_log-INFO-获取所有小程序信息成功......
2018-09-14 19:51:33,216-mp_log-INFO-获取最新模板信息成功.......
2018-09-14 19:51:35,966-mp_log-INFO-诺研皮肤管理模板操作成功,模板名称0914 商家最新版1.1.31
2018-09-14 19:51:37,376-mp_log-INFO-绿苑女子模板操作成功,模板名称0914 商家最新版1.1.31
2018-09-14 19:51:38,015-mp_log-INFO-曼奇莎模板操作成功,模板名称0914 商家最新版1.1.31
2018-09-14 19:51:39,070-mp_log-INFO-诗美逸模板操作成功,模板名称0914 商家最新版1.1.31
2018-09-14 19:51:40,214-mp_log-INFO-颐和美容模板操作成功,模板名称0914 商家最新版1.1.31
2018-09-14 19:51:40,997-mp_log-INFO-来了美佳澜店模板操作成功,模板名称0914 商家最新版1.1.31
2018-09-14 19:51:42,012-mp_log-INFO-灵动模板操作成功,模板名称0914 商家最新版1.1.31
2018-09-14 19:51:43,034-mp_log-INFO-康丽皇家模板操作成功,模板名称0914 商家最新版1.1.31
2018-09-14 19:51:44,259-mp_log-INFO-美丽驿站模板操作成功,模板名称0914 商家最新版1.1.31
2018-09-14 19:51:44,909-mp_log-INFO-美美昭彦模板操作成功,模板名称0914 商家最新版1.1.31
2018-09-14 19:51:46,223-mp_log-INFO-HB美尚荟模板操作成功,模板名称0914 商家最新版1.1.31
2018-09-14 19:51:46,962-mp_log-INFO-iBEATA贝娅塔模板操作成功,模板名称0914 商家最新版1.1.31
2018-09-14 19:51:48,010-mp_log-INFO-菲常美模板操作成功,模板名称0914 商家最新版1.1.31
2018-09-14 19:51:49,017-mp_log-INFO-盛士兰模板操作成功,模板名称0914 商家最新版1.1.31
2018-09-14 19:51:49,973-mp_log-INFO-悠兰lyj模板操作成功,模板名称0914 商家最新版1.1.31
2018-09-14 19:51:50,878-mp_log-INFO-芊思雅莎莎模板操作成功,模板名称0914 商家最新版1.1.31
2018-09-14 19:51:51,855-mp_log-INFO-来就健康模板操作成功,模板名称0914 商家最新版1.1.31
2018-09-14 19:51:53,178-mp_log-INFO-美人记Diary模板操作成功,模板名称0914 商家最新版1.1.31
2018-09-14 19:51:54,040-mp_log-INFO-菲梵经典模板操作成功,模板名称0914 商家最新版1.1.31
2018-09-14 19:51:54,985-mp_log-INFO-丝享家模板操作成功,模板名称0914 商家最新版1.1.31
2018-09-14 19:51:55,989-mp_log-INFO-吉美妍丽模板操作成功,模板名称0914 商家最新版1.1.31
2018-09-14 19:51:56,933-mp_log-INFO-星美国际模板操作成功,模板名称0914 商家最新版1.1.31
2018-09-14 19:51:58,059-mp_log-INFO-霭伦恩美模板操作成功,模板名称0914 商家最新版1.1.31
2018-09-14 19:51:58,973-mp_log-INFO-来美吧模板操作成功,模板名称0914 商家最新版1.1.31
2018-09-14 19:51:59,926-mp_log-INFO-伊美朗模板操作成功,模板名称0914 商家最新版1.1.31
2018-09-14 19:52:01,154-mp_log-INFO-佳婳天美模板操作成功,模板名称0914 商家最新版1.1.31
2018-09-14 19:52:01,921-mp_log-INFO-美美昭妍模板操作成功,模板名称0914 商家最新版1.1.31
2018-09-14 19:52:02,807-mp_log-INFO-佐登妮丝模板操作成功,模板名称0914 商家最新版1.1.31
2018-09-14 19:52:04,208-mp_log-INFO-阿星国际模板操作成功,模板名称0914 商家最新版1.1.31
2018-09-14 19:52:04,876-mp_log-INFO-爱女士模板操作成功,模板名称0914 商家最新版1.1.31
2018-09-14 19:52:05,863-mp_log-INFO-百合春天模板操作成功,模板名称0914 商家最新版1.1.31
2018-09-14 19:52:06,975-mp_log-INFO-梅兰丽人模板操作成功,模板名称0914 商家最新版1.1.31
2018-09-14 19:52:07,902-mp_log-INFO-燕燕尊尚美容模板操作成功,模板名称0914 商家最新版1.1.31
2018-09-14 19:52:09,008-mp_log-INFO-雅致璇肌模板操作成功,模板名称0914 商家最新版1.1.31
2018-09-14 19:52:09,944-mp_log-INFO-诗露丽涵模板操作成功,模板名称0914 商家最新版1.1.31
2018-09-14 19:52:11,138-mp_log-INFO-月瘦月美模板操作成功,模板名称0914 商家最新版1.1.31
2018-09-14 19:52:11,929-mp_log-INFO-年轻我可以模板操作成功,模板名称0914 商家最新版1.1.31
2018-09-14 19:52:12,986-mp_log-INFO-精工皇族模板操作成功,模板名称0914 商家最新版1.1.31
2018-09-14 19:52:14,105-mp_log-INFO-明剪一秀模板操作成功,模板名称0914 商家最新版1.1.31
2018-09-14 19:52:14,955-mp_log-INFO-丝客富模板操作成功,模板名称0914 商家最新版1.1.31
2018-09-14 19:52:16,088-mp_log-INFO-琉璃水城模板操作成功,模板名称0914 商家最新版1.1.31
2018-09-14 19:52:17,021-mp_log-INFO-栢草源模板操作成功,模板名称0914 商家最新版1.1.31
2018-09-14 19:52:18,100-mp_log-INFO-ONI速美模板操作成功,模板名称0914 商家最新版1.1.31
2018-09-14 19:52:19,124-mp_log-INFO-弘迪美容美发模板操作成功,模板名称0914 商家最新版1.1.31
2018-09-14 19:52:20,076-mp_log-INFO-南洋beauty模板操作成功,模板名称0914 商家最新版1.1.31
2018-09-14 19:52:20,851-mp_log-INFO-阿芙洛蒂模板操作成功,模板名称0914 商家最新版1.1.31
2018-09-14 19:52:22,071-mp_log-INFO-来了美标榜店模板操作成功,模板名称0914 商家最新版1.1.31
2018-09-14 19:52:23,046-mp_log-INFO-岳灵生发模板操作成功,模板名称0914 商家最新版1.1.31
2018-09-14 19:52:24,104-mp_log-INFO-雅典娜模板操作成功,模板名称0914 商家最新版1.1.31
2018-09-14 19:52:25,055-mp_log-INFO-妃香伊丹模板操作成功,模板名称0914 商家最新版1.1.31
2018-09-14 19:52:26,219-mp_log-INFO-来了美模板操作成功,模板名称0914 商家最新版1.1.31
2018-09-14 19:52:27,027-mp_log-INFO-云立方模板操作成功,模板名称0914 商家最新版1.1.31
2018-09-14 19:52:28,020-mp_log-INFO-来了美韩尚恩模板操作成功,模板名称0914 商家最新版1.1.31
2018-09-14 19:52:29,215-mp_log-INFO-纤指百媚模板操作成功,模板名称0914 商家最新版1.1.31
2018-09-14 19:52:30,145-mp_log-INFO-美之颜模板操作成功,模板名称0914 商家最新版1.1.31
2018-09-14 19:52:30,878-mp_log-INFO-氢颜轻奢美肤模板操作成功,模板名称0914 商家最新版1.1.31
2018-09-14 19:52:32,216-mp_log-INFO-佰味女人模板操作成功,模板名称0914 商家最新版1.1.31
2018-09-14 19:52:33,139-mp_log-INFO-创美雅香莱模板操作成功,模板名称0914 商家最新版1.1.31
2018-09-14 19:52:34,123-mp_log-INFO-艾面一族 模板操作成功,模板名称0914 商家最新版1.1.31
2018-09-14 19:52:35,049-mp_log-INFO-美丽九九模板操作成功,模板名称0914 商家最新版1.1.31
2018-09-14 19:52:35,998-mp_log-INFO-艾尚美美哒模板操作成功,模板名称0914 商家最新版1.1.31
2018-09-14 19:52:36,839-mp_log-INFO-玉颜堂模板操作成功,模板名称0914 商家最新版1.1.31
2018-09-14 19:52:37,980-mp_log-INFO-智能科技美店模板操作成功,模板名称0914 商家最新版1.1.31
2018-09-14 19:52:38,966-mp_log-INFO-IVY艾菲芭模板操作成功,模板名称0914 商家最新版1.1.31
2018-09-14 19:52:40,055-mp_log-INFO-来了美雲会所模板操作成功,模板名称0914 商家最新版1.1.31
2018-09-14 19:52:41,157-mp_log-INFO-筋生美模板操作成功,模板名称0914 商家最新版1.1.31
2018-09-14 19:52:41,897-mp_log-INFO-来了美美吧模板操作成功,模板名称0914 商家最新版1.1.31
2018-09-14 19:52:42,979-mp_log-INFO-金柏丽模板操作成功,模板名称0914 商家最新版1.1.31
2018-09-14 19:52:44,317-mp_log-INFO-天使国际模板操作成功,模板名称0914 商家最新版1.1.31
2018-09-14 19:52:45,331-mp_log-INFO-梦田芳香Spa模板操作成功,模板名称0914 商家最新版1.1.31
2018-09-14 19:52:46,042-mp_log-INFO-色彩纯姬模板操作成功,模板名称0914 商家最新版1.1.31
2018-09-14 19:52:47,041-mp_log-INFO-英原健康模板操作成功,模板名称0914 商家最新版1.1.31
2018-09-14 19:52:47,772-mp_log-INFO-芯语芳心模板操作成功,模板名称0914 商家最新版1.1.31
2018-09-14 19:52:49,027-mp_log-INFO-缘临医疗美容模板操作成功,模板名称0914 商家最新版1.1.31
2018-09-14 19:52:49,943-mp_log-INFO-梦圆皇宫模板操作成功,模板名称0914 商家最新版1.1.31
2018-09-14 19:52:50,906-mp_log-INFO-恩雅模板操作成功,模板名称0914 商家最新版1.1.31
2018-09-14 19:52:52,015-mp_log-INFO-承昱医疗模板操作成功,模板名称0914 商家最新版1.1.31
2018-09-14 19:52:53,306-mp_log-INFO-BV美聚模板操作成功,模板名称0914 商家最新版1.1.31
2018-09-14 19:52:53,959-mp_log-INFO-健丽宝美容模板操作成功,模板名称0914 商家最新版1.1.31
2018-09-14 19:52:55,047-mp_log-INFO-双妹美容模板操作成功,模板名称0914 商家最新版1.1.31
2018-09-14 19:52:56,119-mp_log-INFO-呈悦医疗模板操作成功,模板名称0914 商家最新版1.1.31
2018-09-14 19:52:56,909-mp_log-INFO-来了美千丝美模板操作成功,模板名称0914 商家最新版1.1.31
2018-09-14 19:52:57,956-mp_log-INFO-女主角美容模板操作成功,模板名称0914 商家最新版1.1.31
2018-09-14 19:52:59,108-mp_log-INFO-沧州美美达模板操作成功,模板名称0914 商家最新版1.1.31
2018-09-14 19:52:59,985-mp_log-INFO-妮娜形象管理模板操作成功,模板名称0914 商家最新版1.1.31
2018-09-14 19:53:01,038-mp_log-INFO-欧丽薇模板操作成功,模板名称0914 商家最新版1.1.31
