2018-09-19 15:52:10,764-Getlogin-INFO-登录成功，获取mp端token.....
2018-09-19 15:52:10,767-mp_log-INFO-token获取成功......
2018-09-19 15:52:14,738-mp_log-INFO-获取所有小程序信息成功......
2018-09-19 15:52:15,236-mp_log-INFO-获取最新模板信息成功.......
2018-09-19 15:52:16,265-mp_log-INFO-审核失败
2018-09-19 15:52:16,784-mp_log-INFO-审核失败
2018-09-19 15:52:16,945-mp_log-INFO-审核失败
2018-09-19 15:52:17,284-mp_log-INFO-审核失败
2018-09-19 15:52:17,477-mp_log-INFO-审核失败
2018-09-19 15:52:18,627-mp_log-INFO-审核失败
2018-09-19 15:52:18,672-mp_log-INFO-审核失败
2018-09-19 15:52:18,673-mp_log-INFO-审核失败
2018-09-19 15:52:18,843-mp_log-INFO-审核失败
2018-09-19 15:52:18,975-mp_log-INFO-审核失败
2018-09-19 15:52:19,314-mp_log-INFO-审核失败
2018-09-19 15:52:19,631-mp_log-INFO-审核失败
2018-09-19 15:52:19,918-mp_log-INFO-审核失败
2018-09-19 15:52:20,178-mp_log-INFO-审核失败
2018-09-19 15:52:20,482-mp_log-INFO-审核失败
2018-09-19 15:52:20,804-mp_log-INFO-审核失败
2018-09-19 15:52:21,111-mp_log-INFO-审核失败
2018-09-19 15:52:21,509-mp_log-INFO-审核失败
2018-09-19 15:52:21,684-mp_log-INFO-审核失败
2018-09-19 15:52:22,337-mp_log-INFO-审核失败
2018-09-19 15:52:22,503-mp_log-INFO-审核失败
2018-09-19 15:52:22,907-mp_log-INFO-审核失败
2018-09-19 15:52:23,032-mp_log-INFO-审核失败
2018-09-19 15:52:23,276-mp_log-INFO-审核失败
2018-09-19 15:52:23,870-mp_log-INFO-审核失败
2018-09-19 15:52:23,879-mp_log-INFO-审核失败
2018-09-19 15:52:24,070-mp_log-INFO-审核失败
2018-09-19 15:52:24,546-mp_log-INFO-审核失败
2018-09-19 15:52:24,757-mp_log-INFO-审核失败
2018-09-19 15:52:25,049-mp_log-INFO-审核失败
2018-09-19 15:52:25,264-mp_log-INFO-审核失败
2018-09-19 15:52:25,648-mp_log-INFO-审核失败
2018-09-19 15:52:25,966-mp_log-INFO-审核失败
2018-09-19 15:52:26,161-mp_log-INFO-审核失败
2018-09-19 15:52:26,442-mp_log-INFO-审核失败
2018-09-19 15:52:26,949-mp_log-INFO-审核失败
2018-09-19 15:52:27,151-mp_log-INFO-审核失败
2018-09-19 15:52:27,435-mp_log-INFO-审核失败
2018-09-19 15:52:27,724-mp_log-INFO-审核失败
2018-09-19 15:52:27,938-mp_log-INFO-审核失败
2018-09-19 15:52:28,231-mp_log-INFO-审核失败
2018-09-19 15:52:28,669-mp_log-INFO-审核失败
2018-09-19 15:52:29,158-mp_log-INFO-审核失败
2018-09-19 15:52:29,241-mp_log-INFO-审核失败
2018-09-19 15:52:29,547-mp_log-INFO-审核失败
2018-09-19 15:52:29,918-mp_log-INFO-审核失败
2018-09-19 15:52:30,127-mp_log-INFO-审核失败
2018-09-19 15:52:30,494-mp_log-INFO-审核失败
2018-09-19 15:52:30,789-mp_log-INFO-审核失败
2018-09-19 15:52:31,052-mp_log-INFO-审核失败
2018-09-19 15:52:31,529-mp_log-INFO-审核失败
2018-09-19 15:52:31,764-mp_log-INFO-审核失败
2018-09-19 15:52:31,895-mp_log-INFO-审核失败
2018-09-19 15:52:32,147-mp_log-INFO-审核失败
2018-09-19 15:52:32,458-mp_log-INFO-审核失败
2018-09-19 15:52:32,807-mp_log-INFO-审核失败
