2018-09-07 14:53:09,466-Getlogin-INFO-登录成功，获取mp端token.....
2018-09-07 14:53:09,469-mp_log-INFO-token获取成功......
2018-09-07 14:53:14,290-mp_log-INFO-获取所有小程序信息成功......
2018-09-07 14:53:14,766-mp_log-INFO-获取最新模板信息成功.......
2018-09-07 14:53:16,012-mp_log-INFO-已审核
2018-09-07 14:53:16,438-mp_log-INFO-已审核
2018-09-07 14:53:17,056-mp_log-INFO-已审核
2018-09-07 14:53:17,911-mp_log-INFO-审核失败
2018-09-07 14:53:17,983-mp_log-INFO-审核失败
2018-09-07 14:53:17,996-mp_log-INFO-审核失败
2018-09-07 14:53:18,551-mp_log-INFO-已审核
2018-09-07 14:53:18,570-mp_log-INFO-审核失败
2018-09-07 14:53:18,915-mp_log-INFO-审核失败
2018-09-07 14:53:19,189-mp_log-INFO-已审核
2018-09-07 14:53:19,664-mp_log-INFO-审核失败
2018-09-07 14:53:20,091-mp_log-INFO-已审核
2018-09-07 14:53:20,100-mp_log-INFO-审核失败
2018-09-07 14:53:20,376-mp_log-INFO-已审核
2018-09-07 14:53:20,667-mp_log-INFO-已审核
2018-09-07 14:53:21,177-mp_log-INFO-已审核
2018-09-07 14:53:21,748-mp_log-INFO-审核失败
2018-09-07 14:53:22,022-mp_log-INFO-已审核
2018-09-07 14:53:22,221-mp_log-INFO-已审核
2018-09-07 14:53:22,307-mp_log-INFO-审核失败
2018-09-07 14:53:22,825-mp_log-INFO-已审核
2018-09-07 14:53:23,184-mp_log-INFO-已审核
2018-09-07 14:53:23,312-mp_log-INFO-已审核
2018-09-07 14:53:23,425-mp_log-INFO-已审核
2018-09-07 14:53:23,691-mp_log-INFO-审核失败
2018-09-07 14:53:24,175-mp_log-INFO-已审核
2018-09-07 14:53:24,547-mp_log-INFO-已审核
2018-09-07 14:53:24,656-mp_log-INFO-审核失败
2018-09-07 14:53:25,061-mp_log-INFO-已审核
2018-09-07 14:53:25,280-mp_log-INFO-已审核
2018-09-07 14:53:25,444-mp_log-INFO-审核失败
2018-09-07 14:53:26,218-mp_log-INFO-已审核
2018-09-07 14:53:26,334-mp_log-INFO-已审核
2018-09-07 14:53:26,487-mp_log-INFO-已审核
2018-09-07 14:53:26,994-mp_log-INFO-已审核
2018-09-07 14:53:27,277-mp_log-INFO-已审核
2018-09-07 14:53:27,509-mp_log-INFO-已审核
2018-09-07 14:53:27,582-mp_log-INFO-审核失败
2018-09-07 14:53:28,095-mp_log-INFO-已审核
2018-09-07 14:53:28,199-mp_log-INFO-审核失败
2018-09-07 14:53:28,672-mp_log-INFO-审核失败
2018-09-07 14:53:28,760-mp_log-INFO-审核失败
2018-09-07 14:53:29,162-mp_log-INFO-审核失败
2018-09-07 14:53:29,397-mp_log-INFO-已审核
2018-09-07 14:53:29,912-mp_log-INFO-已审核
2018-09-07 14:53:30,094-mp_log-INFO-已审核
2018-09-07 14:53:30,474-mp_log-INFO-已审核
2018-09-07 14:53:30,717-mp_log-INFO-审核失败
2018-09-07 14:53:31,109-mp_log-INFO-已审核
2018-09-07 14:53:31,328-mp_log-INFO-已审核
2018-09-07 14:53:31,741-mp_log-INFO-已审核
2018-09-07 14:53:32,164-mp_log-INFO-审核失败
2018-09-07 14:53:32,227-mp_log-INFO-已审核
2018-09-07 14:53:32,444-mp_log-INFO-已审核
2018-09-07 14:53:32,725-mp_log-INFO-已审核
2018-09-07 14:53:33,119-mp_log-INFO-已审核
2018-09-07 14:53:33,289-mp_log-INFO-已审核
2018-09-07 14:53:33,692-mp_log-INFO-审核失败
2018-09-07 14:53:33,944-mp_log-INFO-已审核
2018-09-07 14:53:34,179-mp_log-INFO-审核失败
2018-09-07 14:53:34,513-mp_log-INFO-审核失败
2018-09-07 14:53:34,895-mp_log-INFO-审核失败
2018-09-07 14:53:35,189-mp_log-INFO-审核失败
2018-09-07 14:53:35,589-mp_log-INFO-已审核
2018-09-07 14:53:36,002-mp_log-INFO-已审核
2018-09-07 14:53:36,180-mp_log-INFO-已审核
2018-09-07 14:53:36,521-mp_log-INFO-已审核
2018-09-07 14:53:36,762-mp_log-INFO-审核失败
2018-09-07 14:53:37,069-mp_log-INFO-已审核
2018-09-07 14:53:37,143-mp_log-INFO-审核失败
2018-09-07 14:53:37,547-mp_log-INFO-已审核
2018-09-07 14:53:37,806-mp_log-INFO-审核失败
2018-09-07 14:53:38,235-mp_log-INFO-已审核
2018-09-07 14:53:38,850-mp_log-INFO-审核失败
2018-09-07 14:53:39,064-mp_log-INFO-审核失败
2018-09-07 14:53:39,336-mp_log-INFO-审核失败
2018-09-07 14:53:39,806-mp_log-INFO-审核失败
2018-09-07 14:53:39,877-mp_log-INFO-已审核
2018-09-07 14:53:40,283-mp_log-INFO-已审核
2018-09-07 14:53:40,625-mp_log-INFO-已审核
2018-09-07 14:53:41,020-mp_log-INFO-已审核
2018-09-07 14:53:41,265-mp_log-INFO-审核失败
2018-09-07 14:53:41,392-mp_log-INFO-已审核
2018-09-07 14:53:42,098-mp_log-INFO-审核失败
2018-09-07 14:53:42,140-mp_log-INFO-已审核
2018-09-07 14:53:42,292-mp_log-INFO-已审核
2018-09-07 14:53:42,671-mp_log-INFO-审核失败
2018-09-07 14:53:42,929-mp_log-INFO-已审核
2018-09-07 14:53:43,318-mp_log-INFO-已审核
2018-09-07 14:53:43,601-mp_log-INFO-审核失败
2018-09-07 14:53:43,841-mp_log-INFO-审核失败
2018-09-07 14:53:44,247-mp_log-INFO-已审核
2018-09-07 14:53:44,686-mp_log-INFO-已审核
2018-09-07 14:53:44,785-mp_log-INFO-已审核
2018-09-07 14:53:45,132-mp_log-INFO-已审核
2018-09-07 14:53:45,300-mp_log-INFO-审核失败
2018-09-07 14:53:45,723-mp_log-INFO-审核失败
2018-09-07 14:53:46,131-mp_log-INFO-已审核
2018-09-07 14:53:46,330-mp_log-INFO-已审核
2018-09-07 14:53:46,741-mp_log-INFO-已审核
2018-09-07 14:53:46,869-mp_log-INFO-审核失败
2018-09-07 14:53:47,339-mp_log-INFO-已审核
2018-09-07 14:53:47,456-mp_log-INFO-已审核
2018-09-07 14:53:48,057-mp_log-INFO-审核失败
2018-09-07 14:53:48,314-mp_log-INFO-已审核
2018-09-07 14:53:48,412-mp_log-INFO-已审核
2018-09-07 14:53:48,616-mp_log-INFO-审核失败
2018-09-07 14:53:49,019-mp_log-INFO-已审核
2018-09-07 14:53:49,509-mp_log-INFO-已审核
2018-09-07 14:53:49,924-mp_log-INFO-审核失败
2018-09-07 14:53:50,023-mp_log-INFO-审核失败
2018-09-07 14:53:50,202-mp_log-INFO-审核失败
2018-09-07 14:53:50,548-mp_log-INFO-已审核
2018-09-07 14:53:50,759-mp_log-INFO-审核失败
2018-09-07 14:53:51,291-mp_log-INFO-已审核
2018-09-07 14:53:51,409-mp_log-INFO-审核失败
2018-09-07 14:53:51,827-mp_log-INFO-已审核
2018-09-07 14:53:51,948-mp_log-INFO-审核失败
2018-09-07 14:53:52,492-mp_log-INFO-审核失败
2018-09-07 14:53:52,577-mp_log-INFO-审核失败
2018-09-07 14:53:52,977-mp_log-INFO-已审核
2018-09-07 14:53:53,203-mp_log-INFO-审核失败
2018-09-07 14:53:53,491-mp_log-INFO-审核失败
2018-09-07 14:53:53,916-mp_log-INFO-已审核
2018-09-07 14:53:54,564-mp_log-INFO-审核失败
2018-09-07 14:53:54,610-mp_log-INFO-审核失败
2018-09-07 14:53:54,691-mp_log-INFO-审核失败
2018-09-07 14:53:55,133-mp_log-INFO-已审核
2018-09-07 14:53:55,423-mp_log-INFO-已审核
2018-09-07 14:53:56,145-mp_log-INFO-审核失败
2018-09-07 14:53:56,261-mp_log-INFO-审核失败
2018-09-07 14:53:57,113-mp_log-INFO-已审核
2018-09-07 14:53:57,192-mp_log-INFO-审核中
2018-09-07 14:53:57,582-mp_log-INFO-审核失败
2018-09-07 14:53:57,617-mp_log-INFO-已审核
2018-09-07 14:53:58,063-mp_log-INFO-已审核
2018-09-07 14:53:58,150-mp_log-INFO-审核失败
2018-09-07 14:53:58,236-mp_log-INFO-审核失败
2018-09-07 14:53:58,513-mp_log-INFO-审核失败
2018-09-07 14:53:58,702-mp_log-INFO-已审核
