2018-09-04 18:36:41,714-Getlogin-INFO-登录成功，获取mp端token.....
2018-09-04 18:36:41,720-mp_log-INFO-token获取成功......
2018-09-04 18:36:47,866-mp_log-INFO-获取所有小程序信息成功......
2018-09-04 18:36:48,586-mp_log-INFO-获取最新模板信息成功.......
2018-09-04 18:36:51,636-mp_log-INFO-环亚美容提交成功
2018-09-04 18:36:52,539-mp_log-INFO-诺研皮肤管理提交成功
2018-09-04 18:36:53,527-mp_log-INFO-广州七号驻颜提交成功
2018-09-04 18:36:53,790-mp_log-INFO-绿苑女子提交成功
2018-09-04 18:36:53,999-mp_log-INFO-曼奇莎提交成功
2018-09-04 18:36:55,152-mp_log-INFO-诗美逸提交成功
2018-09-04 18:36:55,540-mp_log-INFO-草木缘提交成功
2018-09-04 18:36:55,806-mp_log-INFO-颐和美容提交成功
2018-09-04 18:36:56,283-mp_log-INFO-都市点点提交成功
2018-09-04 18:36:56,773-mp_log-INFO-来了美佳澜店提交成功
2018-09-04 18:36:57,192-mp_log-INFO-润妃国际提交成功
2018-09-04 18:36:57,475-mp_log-INFO-灵动提交成功
2018-09-04 18:36:58,383-mp_log-INFO-康丽皇家提交成功
2018-09-04 18:36:58,918-mp_log-INFO-美丽驿站提交成功
2018-09-04 18:36:59,325-mp_log-INFO-美美昭彦提交成功
2018-09-04 18:37:00,269-mp_log-INFO-当今悦美提交成功
2018-09-04 18:37:00,697-mp_log-INFO-菲常美提交成功
2018-09-04 18:37:01,024-mp_log-ERROR-HB美尚荟提交失败
2018-09-04 18:37:01,978-mp_log-ERROR-iBEATA贝娅塔提交失败
2018-09-04 18:37:02,398-mp_log-INFO-盛士兰提交成功
2018-09-04 18:37:03,006-mp_log-ERROR-当代经典提交失败
2018-09-04 18:37:03,050-mp_log-INFO-悠兰lyj提交成功
2018-09-04 18:37:03,549-mp_log-INFO-芊思雅莎莎提交成功
2018-09-04 18:37:04,355-mp_log-ERROR-美人记Diary提交失败
2018-09-04 18:37:04,427-mp_log-INFO-来就健康提交成功
2018-09-04 18:37:04,722-mp_log-INFO-恒美世纪提交成功
2018-09-04 18:37:05,022-mp_log-INFO-菲梵经典提交成功
2018-09-04 18:37:05,690-mp_log-INFO-虞诗蔓提交成功
2018-09-04 18:37:06,050-mp_log-INFO-丝享家提交成功
2018-09-04 18:37:06,674-mp_log-INFO-雪依氏提交成功
2018-09-04 18:37:07,095-mp_log-INFO-星美国际提交成功
2018-09-04 18:37:08,007-mp_log-INFO-来美吧提交成功
2018-09-04 18:37:08,221-mp_log-INFO-霭伦恩美提交成功
2018-09-04 18:37:08,684-mp_log-INFO-伊美朗提交成功
2018-09-04 18:37:09,698-mp_log-INFO-美美昭妍提交成功
2018-09-04 18:37:10,452-mp_log-INFO-佐登妮丝提交成功
2018-09-04 18:37:10,554-mp_log-INFO-佳婳天美提交成功
2018-09-04 18:37:10,663-mp_log-INFO-阿星国际提交成功
2018-09-04 18:37:10,951-mp_log-INFO-娇阑美颜提交成功
2018-09-04 18:37:11,402-mp_log-INFO-爱女士提交成功
2018-09-04 18:37:12,075-mp_log-INFO-巴黎情缘提交成功
2018-09-04 18:37:12,773-mp_log-INFO-百合春天提交成功
2018-09-04 18:37:13,346-mp_log-INFO-燕燕尊尚美容提交成功
2018-09-04 18:37:14,094-mp_log-INFO-雅致璇肌提交成功
2018-09-04 18:37:14,356-mp_log-INFO-梅兰丽人提交成功
2018-09-04 18:37:14,534-mp_log-INFO-诗露丽涵提交成功
2018-09-04 18:37:15,928-mp_log-INFO-东方仕典提交成功
2018-09-04 18:37:16,373-mp_log-INFO-精工皇族提交成功
2018-09-04 18:37:16,784-mp_log-INFO-年轻我可以提交成功
2018-09-04 18:37:16,859-mp_log-INFO-月瘦月美提交成功
2018-09-04 18:37:17,343-mp_log-INFO-兴美源提交成功
2018-09-04 18:37:17,958-mp_log-INFO-明剪一秀提交成功
2018-09-04 18:37:18,831-mp_log-INFO-ONI速美提交成功
2018-09-04 18:37:18,842-mp_log-INFO-丝客富提交成功
2018-09-04 18:37:19,232-mp_log-INFO-琉璃水城提交成功
2018-09-04 18:37:19,547-mp_log-INFO-美共享提交成功
2018-09-04 18:37:20,687-mp_log-INFO-二院美丽之约提交成功
2018-09-04 18:37:20,715-mp_log-INFO-ME智慧美店提交成功
2018-09-04 18:37:21,070-mp_log-INFO-靓佳人提交成功
2018-09-04 18:37:21,779-mp_log-INFO-南洋beauty提交成功
2018-09-04 18:37:23,012-mp_log-INFO-弘迪美容美发提交成功
2018-09-04 18:37:23,044-mp_log-INFO-阿芙洛蒂提交成功
2018-09-04 18:37:23,952-mp_log-INFO-美德福提交成功
2018-09-04 18:37:24,508-mp_log-INFO-来了美标榜店提交成功
2018-09-04 18:37:24,815-mp_log-INFO-岳灵生发提交成功
2018-09-04 18:37:25,821-mp_log-INFO-杭州桐雅提交成功
2018-09-04 18:37:26,071-mp_log-INFO-维多丽雅提交成功
2018-09-04 18:37:26,237-mp_log-INFO-雅典娜提交成功
2018-09-04 18:37:26,736-mp_log-INFO-魅力华健提交成功
2018-09-04 18:37:26,922-mp_log-INFO-妃香伊丹提交成功
2018-09-04 18:37:27,093-mp_log-INFO-窈窕淑女提交成功
2018-09-04 18:37:27,552-mp_log-INFO-香密雅CIMIA提交成功
2018-09-04 18:37:28,011-mp_log-INFO-妍雅媛提交成功
2018-09-04 18:37:28,813-mp_log-INFO-来了美提交成功
2018-09-04 18:37:29,290-mp_log-INFO-来了美韩尚恩提交成功
2018-09-04 18:37:29,895-mp_log-INFO-云立方提交成功
2018-09-04 18:37:30,440-mp_log-INFO-美之颜提交成功
2018-09-04 18:37:30,694-mp_log-INFO-纤指百媚提交成功
2018-09-04 18:37:31,540-mp_log-INFO-氢颜轻奢美肤提交成功
2018-09-04 18:37:32,073-mp_log-INFO-香住SPA提交成功
2018-09-04 18:37:32,233-mp_log-INFO-佰味女人提交成功
2018-09-04 18:37:32,898-mp_log-INFO-艾面一族 提交成功
2018-09-04 18:37:33,097-mp_log-INFO-创美雅香莱提交成功
2018-09-04 18:37:33,341-mp_log-INFO-植美SPA提交成功
2018-09-04 18:37:34,045-mp_log-INFO-曼姿提交成功
2018-09-04 18:37:34,773-mp_log-INFO-美丽九九提交成功
2018-09-04 18:37:35,104-mp_log-INFO-艾尚美美哒提交成功
2018-09-04 18:37:35,658-mp_log-INFO-玉颜堂提交成功
2018-09-04 18:37:36,192-mp_log-INFO-智能科技美店提交成功
2018-09-04 18:37:37,081-mp_log-INFO-欧妮薇提交成功
2018-09-04 18:37:37,258-mp_log-INFO-美姿来就美提交成功
2018-09-04 18:37:37,979-mp_log-INFO-IVY艾菲芭提交成功
2018-09-04 18:37:38,261-mp_log-INFO-引导美体验店提交成功
2018-09-04 18:37:38,973-mp_log-INFO-SoBeauty提交成功
2018-09-04 18:37:38,995-mp_log-INFO-来了美雲会所提交成功
2018-09-04 18:37:39,355-mp_log-INFO-筋生美提交成功
2018-09-04 18:37:40,336-mp_log-INFO-金柏丽提交成功
2018-09-04 18:37:40,349-mp_log-INFO-来了美美吧提交成功
2018-09-04 18:37:41,316-mp_log-INFO-长江九号提交成功
2018-09-04 18:37:42,010-mp_log-INFO-如生堂提交成功
2018-09-04 18:37:42,126-mp_log-INFO-天使国际提交成功
2018-09-04 18:37:42,829-mp_log-INFO-梦田芳香Spa提交成功
2018-09-04 18:37:43,577-mp_log-INFO-色彩纯姬提交成功
2018-09-04 18:37:44,321-mp_log-INFO-红妆倾城提交成功
2018-09-04 18:37:44,513-mp_log-INFO-金贵人Beauty提交成功
2018-09-04 18:37:44,807-mp_log-INFO-英原健康提交成功
2018-09-04 18:37:45,863-mp_log-INFO-缘临医疗美容提交成功
2018-09-04 18:37:46,252-mp_log-INFO-梦圆皇宫提交成功
2018-09-04 18:37:46,556-mp_log-INFO-DR美研博士提交成功
2018-09-04 18:37:46,668-mp_log-INFO-恩雅提交成功
2018-09-04 18:37:46,912-mp_log-INFO-女秀才提交成功
2018-09-04 18:37:48,199-mp_log-INFO-東美人儿提交成功
2018-09-04 18:37:48,387-mp_log-INFO-承昱医疗提交成功
2018-09-04 18:37:48,630-mp_log-INFO-斓悦庭提交成功
2018-09-04 18:37:50,416-mp_log-INFO-掌上美管家A提交成功
2018-09-04 18:37:50,619-mp_log-INFO-健丽宝美容提交成功
2018-09-04 18:37:50,715-mp_log-ERROR-唯美童妍提交失败
2018-09-04 18:37:50,876-mp_log-INFO-雅涛世家提交成功
2018-09-04 18:37:51,145-mp_log-ERROR-呈悦医疗提交失败
2018-09-04 18:37:51,648-mp_log-INFO-双妹美容提交成功
2018-09-04 18:37:51,891-mp_log-INFO-博妍集美提交成功
2018-09-04 18:37:52,261-mp_log-INFO-来了美千丝美提交成功
2018-09-04 18:37:53,196-mp_log-INFO-世纪之春提交成功
2018-09-04 18:37:54,048-mp_log-INFO-女主角美容提交成功
2018-09-04 18:37:54,119-mp_log-INFO-体验店提交成功
2018-09-04 18:37:55,258-mp_log-INFO-乐聚提交成功
2018-09-04 18:37:55,451-mp_log-INFO-妮娜形象管理提交成功
2018-09-04 18:37:55,554-mp_log-INFO-沧州美美达提交成功
2018-09-04 18:37:55,777-mp_log-INFO-馨境堂提交成功
2018-09-04 18:37:56,682-mp_log-INFO-果蔬美容提交成功
2018-09-04 18:37:57,108-mp_log-INFO-贝兰思提交成功
2018-09-04 18:37:57,731-mp_log-INFO-欧丽薇提交成功
