2018-09-19 16:07:07,870-Getlogin-INFO-登录成功，获取mp端token.....
2018-09-19 16:07:07,873-mp_log-INFO-token获取成功......
2018-09-19 16:07:11,852-mp_log-INFO-获取所有小程序信息成功......
2018-09-19 16:07:12,346-mp_log-INFO-获取最新模板信息成功.......
2018-09-19 16:07:13,456-mp_log-INFO-审核失败
2018-09-19 16:07:13,746-mp_log-INFO-审核失败
2018-09-19 16:07:14,051-mp_log-INFO-审核失败
2018-09-19 16:07:14,374-mp_log-INFO-审核失败
2018-09-19 16:07:14,689-mp_log-INFO-审核失败
2018-09-19 16:07:14,940-mp_log-INFO-审核失败
2018-09-19 16:07:15,262-mp_log-INFO-审核失败
2018-09-19 16:07:15,603-mp_log-INFO-审核失败
2018-09-19 16:07:15,868-mp_log-INFO-审核失败
2018-09-19 16:07:16,445-mp_log-INFO-审核失败
2018-09-19 16:07:16,865-mp_log-INFO-审核失败
2018-09-19 16:07:17,110-mp_log-INFO-审核失败
2018-09-19 16:07:17,118-mp_log-INFO-审核失败
2018-09-19 16:07:17,338-mp_log-INFO-审核失败
2018-09-19 16:07:18,058-mp_log-INFO-审核失败
2018-09-19 16:07:18,089-mp_log-INFO-审核失败
2018-09-19 16:07:18,348-mp_log-INFO-审核失败
2018-09-19 16:07:18,562-mp_log-INFO-审核失败
2018-09-19 16:07:18,817-mp_log-INFO-审核失败
2018-09-19 16:07:19,150-mp_log-INFO-审核失败
2018-09-19 16:07:19,465-mp_log-INFO-审核失败
2018-09-19 16:07:20,297-mp_log-INFO-审核失败
2018-09-19 16:07:20,354-mp_log-INFO-审核失败
2018-09-19 16:07:20,361-mp_log-INFO-审核失败
2018-09-19 16:07:20,615-mp_log-INFO-审核失败
2018-09-19 16:07:20,991-mp_log-INFO-审核失败
2018-09-19 16:07:21,602-mp_log-INFO-审核失败
2018-09-19 16:07:21,826-mp_log-INFO-审核失败
2018-09-19 16:07:22,131-mp_log-INFO-审核失败
2018-09-19 16:07:22,263-mp_log-INFO-审核失败
2018-09-19 16:07:22,962-mp_log-INFO-审核失败
2018-09-19 16:07:23,035-mp_log-INFO-审核失败
2018-09-19 16:07:23,691-mp_log-INFO-审核失败
2018-09-19 16:07:24,082-mp_log-INFO-审核失败
2018-09-19 16:07:24,114-mp_log-INFO-审核失败
2018-09-19 16:07:24,481-mp_log-INFO-审核失败
2018-09-19 16:07:24,502-mp_log-INFO-审核失败
2018-09-19 16:07:24,551-mp_log-INFO-审核失败
2018-09-19 16:07:25,087-mp_log-INFO-审核失败
2018-09-19 16:07:25,364-mp_log-INFO-审核失败
2018-09-19 16:07:25,423-mp_log-INFO-审核失败
2018-09-19 16:07:25,814-mp_log-INFO-审核失败
2018-09-19 16:07:25,998-mp_log-INFO-审核失败
2018-09-19 16:07:26,291-mp_log-INFO-审核失败
2018-09-19 16:07:26,706-mp_log-INFO-审核失败
2018-09-19 16:07:26,958-mp_log-INFO-审核失败
2018-09-19 16:07:27,284-mp_log-INFO-审核失败
2018-09-19 16:07:27,465-mp_log-INFO-审核失败
2018-09-19 16:07:27,845-mp_log-INFO-审核失败
2018-09-19 16:07:28,369-mp_log-INFO-审核失败
2018-09-19 16:07:28,462-mp_log-INFO-审核失败
2018-09-19 16:07:28,997-mp_log-INFO-审核失败
2018-09-19 16:07:29,402-mp_log-INFO-审核失败
2018-09-19 16:07:29,472-mp_log-INFO-审核失败
2018-09-19 16:07:29,834-mp_log-INFO-审核失败
2018-09-19 16:07:29,915-mp_log-INFO-审核失败
