2018-09-07 14:50:11,633-Getlogin-INFO-登录成功，获取mp端token.....
2018-09-07 14:50:11,634-mp_log-INFO-token获取成功......
2018-09-07 14:50:17,478-mp_log-INFO-获取所有小程序信息成功......
2018-09-07 14:50:18,040-mp_log-INFO-获取最新模板信息成功.......
2018-09-07 14:50:19,237-mp_log-INFO-已审核
2018-09-07 14:50:19,942-mp_log-INFO-已审核
2018-09-07 14:50:20,338-mp_log-INFO-已审核
2018-09-07 14:50:20,751-mp_log-INFO-审核失败
2018-09-07 14:50:21,214-mp_log-INFO-审核失败
2018-09-07 14:50:21,350-mp_log-INFO-审核失败
2018-09-07 14:50:21,540-mp_log-INFO-已审核
2018-09-07 14:50:22,149-mp_log-INFO-审核失败
2018-09-07 14:50:22,356-mp_log-INFO-审核失败
2018-09-07 14:50:22,488-mp_log-INFO-已审核
2018-09-07 14:50:22,751-mp_log-INFO-审核失败
2018-09-07 14:50:23,069-mp_log-INFO-审核失败
2018-09-07 14:50:23,324-mp_log-INFO-已审核
2018-09-07 14:50:23,793-mp_log-INFO-已审核
2018-09-07 14:50:24,042-mp_log-INFO-已审核
2018-09-07 14:50:24,295-mp_log-INFO-已审核
2018-09-07 14:50:24,582-mp_log-INFO-审核失败
2018-09-07 14:50:25,145-mp_log-INFO-已审核
2018-09-07 14:50:25,730-mp_log-INFO-审核失败
2018-09-07 14:50:26,047-mp_log-INFO-已审核
2018-09-07 14:50:26,086-mp_log-INFO-已审核
2018-09-07 14:50:26,516-mp_log-INFO-已审核
2018-09-07 14:50:26,557-mp_log-INFO-已审核
2018-09-07 14:50:26,597-mp_log-INFO-已审核
2018-09-07 14:50:26,938-mp_log-INFO-审核失败
2018-09-07 14:50:27,198-mp_log-INFO-已审核
2018-09-07 14:50:27,553-mp_log-INFO-已审核
2018-09-07 14:50:27,907-mp_log-INFO-审核失败
2018-09-07 14:50:28,178-mp_log-INFO-已审核
2018-09-07 14:50:28,689-mp_log-INFO-已审核
2018-09-07 14:50:28,941-mp_log-INFO-审核失败
2018-09-07 14:50:29,205-mp_log-INFO-已审核
2018-09-07 14:50:29,432-mp_log-INFO-已审核
2018-09-07 14:50:29,689-mp_log-INFO-已审核
2018-09-07 14:50:30,168-mp_log-INFO-已审核
2018-09-07 14:50:30,744-mp_log-INFO-已审核
2018-09-07 14:50:30,913-mp_log-INFO-审核失败
2018-09-07 14:50:31,197-mp_log-INFO-已审核
2018-09-07 14:50:31,521-mp_log-INFO-已审核
2018-09-07 14:50:31,600-mp_log-INFO-审核失败
2018-09-07 14:50:31,709-mp_log-INFO-审核失败
2018-09-07 14:50:32,136-mp_log-INFO-审核失败
2018-09-07 14:50:32,362-mp_log-INFO-审核失败
2018-09-07 14:50:32,694-mp_log-INFO-已审核
2018-09-07 14:50:33,078-mp_log-INFO-已审核
2018-09-07 14:50:51,379-Getlogin-INFO-登录成功，获取mp端token.....
2018-09-07 14:50:51,380-mp_log-INFO-token获取成功......
2018-09-07 14:50:56,586-mp_log-INFO-获取所有小程序信息成功......
2018-09-07 14:50:57,266-mp_log-INFO-获取最新模板信息成功.......
2018-09-07 14:50:58,395-mp_log-INFO-已审核
2018-09-07 14:50:58,904-mp_log-INFO-已审核
2018-09-07 14:50:59,260-mp_log-INFO-已审核
2018-09-07 14:50:59,907-mp_log-INFO-审核失败
2018-09-07 14:51:00,143-mp_log-INFO-审核失败
2018-09-07 14:51:00,607-mp_log-INFO-审核失败
2018-09-07 14:51:01,436-mp_log-INFO-已审核
2018-09-07 14:51:01,887-mp_log-INFO-审核失败
2018-09-07 14:51:01,892-mp_log-INFO-审核失败
2018-09-07 14:51:02,042-mp_log-INFO-已审核
2018-09-07 14:51:02,345-mp_log-INFO-审核失败
2018-09-07 14:51:02,345-mp_log-INFO-审核失败
2018-09-07 14:51:02,669-mp_log-INFO-已审核
2018-09-07 14:51:02,881-mp_log-INFO-已审核
2018-09-07 14:51:03,299-mp_log-INFO-已审核
2018-09-07 14:51:03,545-mp_log-INFO-已审核
2018-09-07 14:51:04,066-mp_log-INFO-审核失败
2018-09-07 14:51:04,093-mp_log-INFO-已审核
2018-09-07 14:51:04,451-mp_log-INFO-已审核
2018-09-07 14:51:04,685-mp_log-INFO-审核失败
2018-09-07 14:51:05,296-mp_log-INFO-已审核
2018-09-07 14:51:05,431-mp_log-INFO-已审核
2018-09-07 14:51:05,598-mp_log-INFO-已审核
2018-09-07 14:51:06,224-mp_log-INFO-已审核
2018-09-07 14:51:06,302-mp_log-INFO-审核失败
2018-09-07 14:51:06,900-mp_log-INFO-已审核
2018-09-07 14:51:07,262-mp_log-INFO-审核失败
2018-09-07 14:51:07,436-mp_log-INFO-已审核
2018-09-07 14:51:07,705-mp_log-INFO-已审核
2018-09-07 14:51:07,824-mp_log-INFO-已审核
2018-09-07 14:51:08,061-mp_log-INFO-审核失败
2018-09-07 14:51:08,335-mp_log-INFO-已审核
2018-09-07 14:51:08,682-mp_log-INFO-已审核
2018-09-07 14:51:08,937-mp_log-INFO-已审核
2018-09-07 14:51:09,253-mp_log-INFO-已审核
2018-09-07 14:51:09,665-mp_log-INFO-已审核
2018-09-07 14:51:09,791-mp_log-INFO-已审核
2018-09-07 14:51:10,560-mp_log-INFO-审核失败
2018-09-07 14:51:10,963-mp_log-INFO-已审核
2018-09-07 14:51:11,127-mp_log-INFO-审核失败
2018-09-07 14:51:11,133-mp_log-INFO-审核失败
2018-09-07 14:51:11,454-mp_log-INFO-审核失败
2018-09-07 14:51:11,758-mp_log-INFO-审核失败
2018-09-07 14:51:12,099-mp_log-INFO-已审核
2018-09-07 14:51:12,340-mp_log-INFO-已审核
2018-09-07 14:51:12,659-mp_log-INFO-已审核
2018-09-07 14:51:13,007-mp_log-INFO-已审核
2018-09-07 14:51:13,223-mp_log-INFO-审核失败
2018-09-07 14:51:13,656-mp_log-INFO-已审核
2018-09-07 14:51:13,904-mp_log-INFO-已审核
2018-09-07 14:51:14,264-mp_log-INFO-已审核
2018-09-07 14:51:14,500-mp_log-INFO-已审核
2018-09-07 14:51:15,048-mp_log-INFO-审核失败
2018-09-07 14:51:15,094-mp_log-INFO-已审核
2018-09-07 14:51:15,459-mp_log-INFO-已审核
2018-09-07 14:51:15,731-mp_log-INFO-已审核
2018-09-07 14:51:16,160-mp_log-INFO-已审核
2018-09-07 14:51:16,187-mp_log-INFO-审核失败
2018-09-07 14:51:16,649-mp_log-INFO-已审核
2018-09-07 14:51:16,912-mp_log-INFO-审核失败
2018-09-07 14:51:17,166-mp_log-INFO-审核失败
2018-09-07 14:51:17,568-mp_log-INFO-审核失败
2018-09-07 14:51:17,886-mp_log-INFO-审核失败
2018-09-07 14:51:18,033-mp_log-INFO-已审核
2018-09-07 14:51:18,328-mp_log-INFO-已审核
2018-09-07 14:51:18,782-mp_log-INFO-已审核
2018-09-07 14:51:19,073-mp_log-INFO-已审核
2018-09-07 14:51:19,264-mp_log-INFO-审核失败
2018-09-07 14:51:19,701-mp_log-INFO-已审核
2018-09-07 14:51:19,804-mp_log-INFO-审核失败
2018-09-07 14:51:20,227-mp_log-INFO-已审核
2018-09-07 14:51:20,371-mp_log-INFO-审核失败
2018-09-07 14:51:20,770-mp_log-INFO-已审核
2018-09-07 14:51:21,524-mp_log-INFO-审核失败
2018-09-07 14:51:21,681-mp_log-INFO-审核失败
2018-09-07 14:51:21,927-mp_log-INFO-审核失败
2018-09-07 14:51:22,312-mp_log-INFO-审核失败
2018-09-07 14:51:22,552-mp_log-INFO-已审核
2018-09-07 14:51:22,821-mp_log-INFO-已审核
2018-09-07 14:51:23,142-mp_log-INFO-已审核
2018-09-07 14:51:23,467-mp_log-INFO-已审核
2018-09-07 14:51:23,854-mp_log-INFO-审核失败
2018-09-07 14:51:24,028-mp_log-INFO-已审核
2018-09-07 14:51:24,304-mp_log-INFO-已审核
2018-09-07 14:51:24,615-mp_log-INFO-审核失败
2018-09-07 14:51:25,176-mp_log-INFO-已审核
2018-09-07 14:51:25,699-mp_log-INFO-审核失败
2018-09-07 14:51:25,972-mp_log-INFO-已审核
2018-09-07 14:51:26,006-mp_log-INFO-已审核
2018-09-07 14:51:26,553-mp_log-INFO-审核失败
2018-09-07 14:51:26,708-mp_log-INFO-已审核
2018-09-07 14:51:26,725-mp_log-INFO-审核失败
2018-09-07 14:51:27,158-mp_log-INFO-已审核
2018-09-07 14:51:27,360-mp_log-INFO-已审核
2018-09-07 14:51:27,799-mp_log-INFO-已审核
2018-09-07 14:51:27,892-mp_log-INFO-审核失败
2018-09-07 14:51:28,373-mp_log-INFO-审核失败
2018-09-07 14:51:28,587-mp_log-INFO-已审核
2018-09-07 14:51:28,922-mp_log-INFO-已审核
2018-09-07 14:51:29,316-mp_log-INFO-已审核
2018-09-07 14:51:29,786-mp_log-INFO-审核失败
2018-09-07 14:51:30,106-mp_log-INFO-已审核
2018-09-07 14:51:30,134-mp_log-INFO-已审核
2018-09-07 14:51:30,489-mp_log-INFO-已审核
2018-09-07 14:51:30,857-mp_log-INFO-审核失败
2018-09-07 14:51:30,953-mp_log-INFO-已审核
2018-09-07 14:51:31,395-mp_log-INFO-审核失败
2018-09-07 14:51:31,752-mp_log-INFO-已审核
2018-09-07 14:51:31,863-mp_log-INFO-已审核
2018-09-07 14:51:32,426-mp_log-INFO-审核失败
2018-09-07 14:51:32,450-mp_log-INFO-审核失败
2018-09-07 14:51:32,714-mp_log-INFO-审核失败
2018-09-07 14:51:33,275-mp_log-INFO-已审核
2018-09-07 14:51:33,773-mp_log-INFO-审核失败
2018-09-07 14:51:33,795-mp_log-INFO-已审核
2018-09-07 14:51:33,970-mp_log-INFO-审核失败
2018-09-07 14:51:34,347-mp_log-INFO-已审核
2018-09-07 14:51:34,615-mp_log-INFO-审核失败
2018-09-07 14:51:35,123-mp_log-INFO-审核失败
2018-09-07 14:51:35,194-mp_log-INFO-审核失败
2018-09-07 14:51:35,664-mp_log-INFO-已审核
2018-09-07 14:51:36,191-mp_log-INFO-审核失败
2018-09-07 14:51:36,251-mp_log-INFO-审核失败
2018-09-07 14:51:36,562-mp_log-INFO-已审核
2018-09-07 14:51:36,724-mp_log-INFO-审核失败
2018-09-07 14:51:37,071-mp_log-INFO-审核失败
2018-09-07 14:51:37,381-mp_log-INFO-审核失败
2018-09-07 14:51:37,879-mp_log-INFO-已审核
2018-09-07 14:51:38,134-mp_log-INFO-已审核
2018-09-07 14:51:38,267-mp_log-INFO-审核失败
2018-09-07 14:51:38,447-mp_log-INFO-审核失败
2018-09-07 14:51:38,816-mp_log-INFO-已审核
2018-09-07 14:51:39,580-mp_log-INFO-审核中
2018-09-07 14:51:39,737-mp_log-INFO-审核失败
2018-09-07 14:51:40,008-mp_log-INFO-已审核
2018-09-07 14:51:40,264-mp_log-INFO-已审核
2018-09-07 14:51:40,470-mp_log-INFO-审核失败
2018-09-07 14:51:40,851-mp_log-INFO-审核失败
2018-09-07 14:51:41,312-mp_log-INFO-审核失败
2018-09-07 14:51:41,458-mp_log-INFO-已审核
