2018-09-07 15:03:16,305-Getlogin-INFO-登录成功，获取mp端token.....
2018-09-07 15:03:16,308-mp_log-INFO-token获取成功......
2018-09-07 15:03:21,208-mp_log-INFO-获取所有小程序信息成功......
2018-09-07 15:03:21,762-mp_log-INFO-获取最新模板信息成功.......
2018-09-07 15:03:22,881-mp_log-INFO-已审核
2018-09-07 15:03:23,258-mp_log-INFO-已审核
2018-09-07 15:03:23,757-mp_log-INFO-已审核
2018-09-07 15:03:24,326-mp_log-INFO-审核失败
2018-09-07 15:03:24,702-mp_log-INFO-审核失败
2018-09-07 15:03:24,932-mp_log-INFO-审核失败
2018-09-07 15:03:25,258-mp_log-INFO-已审核
2018-09-07 15:03:25,514-mp_log-INFO-审核失败
2018-09-07 15:03:25,870-mp_log-INFO-审核失败
2018-09-07 15:03:26,174-mp_log-INFO-已审核
2018-09-07 15:03:26,550-mp_log-INFO-审核失败
2018-09-07 15:03:26,974-mp_log-INFO-审核失败
2018-09-07 15:03:27,168-mp_log-INFO-已审核
2018-09-07 15:03:27,324-mp_log-INFO-已审核
2018-09-07 15:03:27,601-mp_log-INFO-已审核
2018-09-07 15:03:27,984-mp_log-INFO-已审核
2018-09-07 15:03:28,349-mp_log-INFO-审核失败
2018-09-07 15:03:28,847-mp_log-INFO-已审核
2018-09-07 15:03:28,869-mp_log-INFO-已审核
2018-09-07 15:03:29,100-mp_log-INFO-审核失败
2018-09-07 15:03:29,470-mp_log-INFO-已审核
2018-09-07 15:03:29,720-mp_log-INFO-已审核
2018-09-07 15:03:30,026-mp_log-INFO-已审核
2018-09-07 15:03:30,303-mp_log-INFO-已审核
2018-09-07 15:03:30,736-mp_log-INFO-审核失败
2018-09-07 15:03:31,229-mp_log-INFO-已审核
2018-09-07 15:03:31,437-mp_log-INFO-已审核
2018-09-07 15:03:31,673-mp_log-INFO-审核失败
2018-09-07 15:03:31,929-mp_log-INFO-已审核
2018-09-07 15:03:32,191-mp_log-INFO-已审核
2018-09-07 15:03:32,515-mp_log-INFO-审核失败
2018-09-07 15:03:32,849-mp_log-INFO-已审核
2018-09-07 15:03:33,149-mp_log-INFO-已审核
2018-09-07 15:03:33,450-mp_log-INFO-已审核
2018-09-07 15:03:33,758-mp_log-INFO-已审核
2018-09-07 15:03:34,216-mp_log-INFO-已审核
2018-09-07 15:03:34,384-mp_log-INFO-已审核
2018-09-07 15:03:34,631-mp_log-INFO-审核失败
2018-09-07 15:03:35,156-mp_log-INFO-已审核
2018-09-07 15:03:35,265-mp_log-INFO-审核失败
2018-09-07 15:03:35,591-mp_log-INFO-审核失败
2018-09-07 15:03:35,928-mp_log-INFO-审核失败
2018-09-07 15:03:36,104-mp_log-INFO-审核失败
2018-09-07 15:03:36,755-mp_log-INFO-已审核
2018-09-07 15:03:36,978-mp_log-INFO-已审核
2018-09-07 15:03:37,056-mp_log-INFO-已审核
2018-09-07 15:03:37,337-mp_log-INFO-已审核
2018-09-07 15:03:37,665-mp_log-INFO-审核失败
2018-09-07 15:03:38,258-mp_log-INFO-已审核
2018-09-07 15:03:38,520-mp_log-INFO-已审核
2018-09-07 15:03:38,837-mp_log-INFO-已审核
2018-09-07 15:03:38,934-mp_log-INFO-已审核
2018-09-07 15:03:39,230-mp_log-INFO-审核失败
2018-09-07 15:03:39,422-mp_log-INFO-已审核
2018-09-07 15:03:39,720-mp_log-INFO-已审核
2018-09-07 15:03:40,064-mp_log-INFO-已审核
2018-09-07 15:03:40,325-mp_log-INFO-已审核
2018-09-07 15:03:40,650-mp_log-INFO-审核失败
2018-09-07 15:03:41,007-mp_log-INFO-已审核
2018-09-07 15:03:41,226-mp_log-INFO-审核失败
2018-09-07 15:03:41,637-mp_log-INFO-审核失败
2018-09-07 15:03:42,125-mp_log-INFO-审核失败
2018-09-07 15:03:42,161-mp_log-INFO-审核失败
2018-09-07 15:03:42,441-mp_log-INFO-已审核
2018-09-07 15:03:42,802-mp_log-INFO-已审核
2018-09-07 15:03:43,011-mp_log-INFO-已审核
2018-09-07 15:03:43,292-mp_log-INFO-已审核
2018-09-07 15:03:43,580-mp_log-INFO-审核失败
2018-09-07 15:03:43,988-mp_log-INFO-已审核
2018-09-07 15:03:44,374-mp_log-INFO-审核失败
2018-09-07 15:03:44,523-mp_log-INFO-已审核
2018-09-07 15:03:45,083-mp_log-INFO-已审核
2018-09-07 15:03:45,103-mp_log-INFO-审核失败
2018-09-07 15:03:45,776-mp_log-INFO-审核失败
2018-09-07 15:03:46,094-mp_log-INFO-审核失败
2018-09-07 15:03:46,332-mp_log-INFO-审核失败
2018-09-07 15:03:46,950-mp_log-INFO-已审核
2018-09-07 15:03:46,972-mp_log-INFO-审核失败
2018-09-07 15:03:47,283-mp_log-INFO-已审核
2018-09-07 15:03:47,589-mp_log-INFO-已审核
2018-09-07 15:03:48,246-mp_log-INFO-审核失败
2018-09-07 15:03:48,472-mp_log-INFO-已审核
2018-09-07 15:03:48,787-mp_log-INFO-已审核
2018-09-07 15:03:49,376-mp_log-INFO-审核失败
2018-09-07 15:03:49,466-mp_log-INFO-已审核
2018-09-07 15:03:49,689-mp_log-INFO-已审核
2018-09-07 15:03:49,776-mp_log-INFO-审核失败
2018-09-07 15:03:50,136-mp_log-INFO-已审核
2018-09-07 15:03:50,347-mp_log-INFO-已审核
2018-09-07 15:03:50,671-mp_log-INFO-审核失败
2018-09-07 15:03:51,273-mp_log-INFO-已审核
2018-09-07 15:03:51,528-mp_log-INFO-已审核
2018-09-07 15:03:51,836-mp_log-INFO-已审核
2018-09-07 15:03:51,964-mp_log-INFO-审核失败
2018-09-07 15:03:52,201-mp_log-INFO-已审核
2018-09-07 15:03:52,376-mp_log-INFO-审核失败
2018-09-07 15:03:52,795-mp_log-INFO-审核失败
2018-09-07 15:03:53,369-mp_log-INFO-已审核
2018-09-07 15:03:53,670-mp_log-INFO-已审核
2018-09-07 15:03:53,997-mp_log-INFO-审核失败
2018-09-07 15:03:54,070-mp_log-INFO-已审核
2018-09-07 15:03:54,379-mp_log-INFO-已审核
2018-09-07 15:03:54,545-mp_log-INFO-已审核
2018-09-07 15:03:54,879-mp_log-INFO-已审核
2018-09-07 15:03:55,226-mp_log-INFO-审核失败
2018-09-07 15:03:55,491-mp_log-INFO-已审核
2018-09-07 15:03:55,771-mp_log-INFO-审核失败
2018-09-07 15:03:56,364-mp_log-INFO-已审核
2018-09-07 15:03:57,131-mp_log-INFO-已审核
2018-09-07 15:03:57,488-mp_log-INFO-审核失败
2018-09-07 15:03:57,705-mp_log-INFO-审核失败
2018-09-07 15:03:57,720-mp_log-INFO-审核失败
2018-09-07 15:03:57,890-mp_log-INFO-已审核
2018-09-07 15:03:58,155-mp_log-INFO-审核失败
2018-09-07 15:03:58,462-mp_log-INFO-已审核
2018-09-07 15:03:58,536-mp_log-INFO-审核失败
2018-09-07 15:03:58,779-mp_log-INFO-已审核
2018-09-07 15:03:59,117-mp_log-INFO-审核失败
2018-09-07 15:03:59,454-mp_log-INFO-审核失败
2018-09-07 15:03:59,644-mp_log-INFO-审核失败
2018-09-07 15:03:59,982-mp_log-INFO-已审核
2018-09-07 15:04:00,252-mp_log-INFO-审核失败
2018-09-07 15:04:00,620-mp_log-INFO-审核失败
2018-09-07 15:04:01,028-mp_log-INFO-已审核
2018-09-07 15:04:01,712-mp_log-INFO-审核失败
2018-09-07 15:04:01,927-mp_log-INFO-审核失败
2018-09-07 15:04:02,260-mp_log-INFO-审核失败
2018-09-07 15:04:02,479-mp_log-INFO-已审核
2018-09-07 15:04:02,523-mp_log-INFO-已审核
2018-09-07 15:04:02,706-mp_log-INFO-审核失败
2018-09-07 15:04:02,987-mp_log-INFO-审核失败
2018-09-07 15:04:03,252-mp_log-INFO-已审核
2018-09-07 15:04:03,528-mp_log-INFO-审核中
2018-09-07 15:04:04,070-mp_log-INFO-审核失败
2018-09-07 15:04:04,165-mp_log-INFO-已审核
2018-09-07 15:04:04,521-mp_log-INFO-已审核
2018-09-07 15:04:04,768-mp_log-INFO-审核失败
2018-09-07 15:04:05,291-mp_log-INFO-审核失败
2018-09-07 15:04:05,568-mp_log-INFO-审核失败
2018-09-07 15:04:05,778-mp_log-INFO-已审核
