2018-09-04 18:31:06,508-Getlogin-INFO-登录成功，获取mp端token.....
2018-09-04 18:31:06,514-mp_log-INFO-token获取成功......
2018-09-04 18:31:13,502-mp_log-INFO-获取所有小程序信息成功......
2018-09-04 18:31:13,959-mp_log-INFO-获取最新模板信息成功.......
2018-09-04 18:31:16,869-mp_log-INFO-环亚美容模板操作成功,模板名称9.04 美博会 正式版 18.05最新
2018-09-04 18:31:18,072-mp_log-INFO-诺研皮肤管理模板操作成功,模板名称9.04 美博会 正式版 18.05最新
2018-09-04 18:31:18,792-mp_log-INFO-绿苑女子模板操作成功,模板名称9.04 美博会 正式版 18.05最新
2018-09-04 18:31:20,074-mp_log-INFO-广州七号驻颜模板操作成功,模板名称9.04 美博会 正式版 18.05最新
2018-09-04 18:31:20,731-mp_log-INFO-曼奇莎模板操作成功,模板名称9.04 美博会 正式版 18.05最新
2018-09-04 18:31:22,077-mp_log-INFO-诗美逸模板操作成功,模板名称9.04 美博会 正式版 18.05最新
2018-09-04 18:31:23,063-mp_log-INFO-颐和美容模板操作成功,模板名称9.04 美博会 正式版 18.05最新
2018-09-04 18:31:23,911-mp_log-INFO-草木缘模板操作成功,模板名称9.04 美博会 正式版 18.05最新
2018-09-04 18:31:25,352-mp_log-INFO-都市点点模板操作成功,模板名称9.04 美博会 正式版 18.05最新
2018-09-04 18:31:25,817-mp_log-INFO-来了美佳澜店模板操作成功,模板名称9.04 美博会 正式版 18.05最新
2018-09-04 18:31:26,824-mp_log-INFO-润妃国际模板操作成功,模板名称9.04 美博会 正式版 18.05最新
2018-09-04 18:31:27,853-mp_log-INFO-灵动模板操作成功,模板名称9.04 美博会 正式版 18.05最新
2018-09-04 18:31:28,764-mp_log-INFO-康丽皇家模板操作成功,模板名称9.04 美博会 正式版 18.05最新
2018-09-04 18:31:30,074-mp_log-INFO-美丽驿站模板操作成功,模板名称9.04 美博会 正式版 18.05最新
2018-09-04 18:31:31,182-mp_log-INFO-美美昭彦模板操作成功,模板名称9.04 美博会 正式版 18.05最新
2018-09-04 18:31:32,160-mp_log-INFO-HB美尚荟模板操作成功,模板名称9.04 美博会 正式版 18.05最新
2018-09-04 18:31:33,113-mp_log-INFO-当今悦美模板操作成功,模板名称9.04 美博会 正式版 18.05最新
2018-09-04 18:31:33,537-mp_log-INFO-iBEATA贝娅塔模板操作成功,模板名称9.04 美博会 正式版 18.05最新
2018-09-04 18:31:35,117-mp_log-INFO-菲常美模板操作成功,模板名称9.04 美博会 正式版 18.05最新
2018-09-04 18:31:36,021-mp_log-INFO-当代经典模板操作成功,模板名称9.04 美博会 正式版 18.05最新
2018-09-04 18:31:36,914-mp_log-INFO-盛士兰模板操作成功,模板名称9.04 美博会 正式版 18.05最新
2018-09-04 18:31:37,867-mp_log-INFO-悠兰lyj模板操作成功,模板名称9.04 美博会 正式版 18.05最新
2018-09-04 18:31:39,199-mp_log-INFO-芊思雅莎莎模板操作成功,模板名称9.04 美博会 正式版 18.05最新
2018-09-04 18:31:40,306-mp_log-INFO-来就健康模板操作成功,模板名称9.04 美博会 正式版 18.05最新
2018-09-04 18:31:41,189-mp_log-INFO-恒美世纪模板操作成功,模板名称9.04 美博会 正式版 18.05最新
2018-09-04 18:31:41,684-mp_log-INFO-美人记Diary模板操作成功,模板名称9.04 美博会 正式版 18.05最新
2018-09-04 18:31:42,663-mp_log-INFO-菲梵经典模板操作成功,模板名称9.04 美博会 正式版 18.05最新
2018-09-04 18:31:43,924-mp_log-INFO-虞诗蔓模板操作成功,模板名称9.04 美博会 正式版 18.05最新
2018-09-04 18:31:44,833-mp_log-INFO-丝享家模板操作成功,模板名称9.04 美博会 正式版 18.05最新
2018-09-04 18:31:46,040-mp_log-INFO-雪依氏模板操作成功,模板名称9.04 美博会 正式版 18.05最新
2018-09-04 18:31:46,946-mp_log-INFO-星美国际模板操作成功,模板名称9.04 美博会 正式版 18.05最新
2018-09-04 18:31:48,132-mp_log-INFO-霭伦恩美模板操作成功,模板名称9.04 美博会 正式版 18.05最新
2018-09-04 18:31:48,708-mp_log-INFO-来美吧模板操作成功,模板名称9.04 美博会 正式版 18.05最新
2018-09-04 18:31:49,900-mp_log-INFO-伊美朗模板操作成功,模板名称9.04 美博会 正式版 18.05最新
2018-09-04 18:31:51,194-mp_log-INFO-佳婳天美模板操作成功,模板名称9.04 美博会 正式版 18.05最新
2018-09-04 18:31:51,799-mp_log-INFO-美美昭妍模板操作成功,模板名称9.04 美博会 正式版 18.05最新
2018-09-04 18:31:53,167-mp_log-INFO-佐登妮丝模板操作成功,模板名称9.04 美博会 正式版 18.05最新
2018-09-04 18:31:54,144-mp_log-INFO-阿星国际模板操作成功,模板名称9.04 美博会 正式版 18.05最新
2018-09-04 18:31:54,674-mp_log-INFO-娇阑美颜模板操作成功,模板名称9.04 美博会 正式版 18.05最新
2018-09-04 18:31:55,960-mp_log-INFO-爱女士模板操作成功,模板名称9.04 美博会 正式版 18.05最新
2018-09-04 18:31:56,830-mp_log-INFO-巴黎情缘模板操作成功,模板名称9.04 美博会 正式版 18.05最新
2018-09-04 18:31:57,869-mp_log-INFO-百合春天模板操作成功,模板名称9.04 美博会 正式版 18.05最新
2018-09-04 18:31:58,589-mp_log-INFO-梅兰丽人模板操作成功,模板名称9.04 美博会 正式版 18.05最新
2018-09-04 18:31:59,651-mp_log-INFO-燕燕尊尚美容模板操作成功,模板名称9.04 美博会 正式版 18.05最新
2018-09-04 18:32:00,684-mp_log-INFO-雅致璇肌模板操作成功,模板名称9.04 美博会 正式版 18.05最新
2018-09-04 18:32:01,671-mp_log-INFO-诗露丽涵模板操作成功,模板名称9.04 美博会 正式版 18.05最新
2018-09-04 18:32:03,040-mp_log-INFO-东方仕典模板操作成功,模板名称9.04 美博会 正式版 18.05最新
2018-09-04 18:32:04,275-mp_log-INFO-月瘦月美模板操作成功,模板名称9.04 美博会 正式版 18.05最新
2018-09-04 18:32:04,836-mp_log-INFO-年轻我可以模板操作成功,模板名称9.04 美博会 正式版 18.05最新
2018-09-04 18:32:05,992-mp_log-INFO-精工皇族模板操作成功,模板名称9.04 美博会 正式版 18.05最新
2018-09-04 18:32:07,240-mp_log-INFO-兴美源模板操作成功,模板名称9.04 美博会 正式版 18.05最新
2018-09-04 18:32:08,244-mp_log-INFO-明剪一秀模板操作成功,模板名称9.04 美博会 正式版 18.05最新
2018-09-04 18:32:09,227-mp_log-INFO-丝客富模板操作成功,模板名称9.04 美博会 正式版 18.05最新
2018-09-04 18:32:10,387-mp_log-INFO-琉璃水城模板操作成功,模板名称9.04 美博会 正式版 18.05最新
2018-09-04 18:32:10,800-mp_log-INFO-ONI速美模板操作成功,模板名称9.04 美博会 正式版 18.05最新
2018-09-04 18:32:12,306-mp_log-INFO-美共享模板操作成功,模板名称9.04 美博会 正式版 18.05最新
2018-09-04 18:32:13,002-mp_log-INFO-靓佳人模板操作成功,模板名称9.04 美博会 正式版 18.05最新
2018-09-04 18:32:14,124-mp_log-INFO-ME智慧美店模板操作成功,模板名称9.04 美博会 正式版 18.05最新
2018-09-04 18:32:14,732-mp_log-INFO-二院美丽之约模板操作成功,模板名称9.04 美博会 正式版 18.05最新
2018-09-04 18:32:15,828-mp_log-INFO-弘迪美容美发模板操作成功,模板名称9.04 美博会 正式版 18.05最新
2018-09-04 18:32:16,676-mp_log-INFO-南洋beauty模板操作成功,模板名称9.04 美博会 正式版 18.05最新
2018-09-04 18:32:17,856-mp_log-INFO-阿芙洛蒂模板操作成功,模板名称9.04 美博会 正式版 18.05最新
2018-09-04 18:32:18,879-mp_log-INFO-来了美标榜店模板操作成功,模板名称9.04 美博会 正式版 18.05最新
2018-09-04 18:32:20,332-mp_log-INFO-美德福模板操作成功,模板名称9.04 美博会 正式版 18.05最新
2018-09-04 18:32:20,861-mp_log-INFO-岳灵生发模板操作成功,模板名称9.04 美博会 正式版 18.05最新
2018-09-04 18:32:21,864-mp_log-INFO-维多丽雅模板操作成功,模板名称9.04 美博会 正式版 18.05最新
2018-09-04 18:32:23,119-mp_log-INFO-雅典娜模板操作成功,模板名称9.04 美博会 正式版 18.05最新
2018-09-04 18:32:23,960-mp_log-INFO-杭州桐雅模板操作成功,模板名称9.04 美博会 正式版 18.05最新
2018-09-04 18:32:25,149-mp_log-INFO-妃香伊丹模板操作成功,模板名称9.04 美博会 正式版 18.05最新
2018-09-04 18:32:25,696-mp_log-INFO-魅力华健模板操作成功,模板名称9.04 美博会 正式版 18.05最新
2018-09-04 18:32:26,770-mp_log-INFO-窈窕淑女模板操作成功,模板名称9.04 美博会 正式版 18.05最新
2018-09-04 18:32:27,843-mp_log-INFO-香密雅CIMIA模板操作成功,模板名称9.04 美博会 正式版 18.05最新
2018-09-04 18:32:29,102-mp_log-INFO-妍雅媛模板操作成功,模板名称9.04 美博会 正式版 18.05最新
2018-09-04 18:32:29,916-mp_log-INFO-来了美模板操作成功,模板名称9.04 美博会 正式版 18.05最新
2018-09-04 18:32:30,839-mp_log-INFO-云立方模板操作成功,模板名称9.04 美博会 正式版 18.05最新
2018-09-04 18:32:31,790-mp_log-INFO-来了美韩尚恩模板操作成功,模板名称9.04 美博会 正式版 18.05最新
2018-09-04 18:32:33,120-mp_log-INFO-纤指百媚模板操作成功,模板名称9.04 美博会 正式版 18.05最新
2018-09-04 18:32:33,963-mp_log-INFO-美之颜模板操作成功,模板名称9.04 美博会 正式版 18.05最新
2018-09-04 18:32:34,803-mp_log-INFO-氢颜轻奢美肤模板操作成功,模板名称9.04 美博会 正式版 18.05最新
2018-09-04 18:32:36,231-mp_log-INFO-香住SPA模板操作成功,模板名称9.04 美博会 正式版 18.05最新
2018-09-04 18:32:36,837-mp_log-INFO-佰味女人模板操作成功,模板名称9.04 美博会 正式版 18.05最新
2018-09-04 18:32:38,189-mp_log-INFO-创美雅香莱模板操作成功,模板名称9.04 美博会 正式版 18.05最新
2018-09-04 18:32:39,188-mp_log-INFO-艾面一族 模板操作成功,模板名称9.04 美博会 正式版 18.05最新
2018-09-04 18:32:40,056-mp_log-INFO-植美SPA模板操作成功,模板名称9.04 美博会 正式版 18.05最新
2018-09-04 18:32:41,411-mp_log-INFO-曼姿模板操作成功,模板名称9.04 美博会 正式版 18.05最新
2018-09-04 18:32:42,328-mp_log-INFO-美丽九九模板操作成功,模板名称9.04 美博会 正式版 18.05最新
2018-09-04 18:32:42,836-mp_log-INFO-艾尚美美哒模板操作成功,模板名称9.04 美博会 正式版 18.05最新
2018-09-04 18:32:43,830-mp_log-INFO-玉颜堂模板操作成功,模板名称9.04 美博会 正式版 18.05最新
2018-09-04 18:32:44,717-mp_log-INFO-智能科技美店模板操作成功,模板名称9.04 美博会 正式版 18.05最新
2018-09-04 18:32:46,342-mp_log-INFO-欧妮薇模板操作成功,模板名称9.04 美博会 正式版 18.05最新
2018-09-04 18:32:47,154-mp_log-INFO-美姿来就美模板操作成功,模板名称9.04 美博会 正式版 18.05最新
2018-09-04 18:32:48,309-mp_log-INFO-IVY艾菲芭模板操作成功,模板名称9.04 美博会 正式版 18.05最新
2018-09-04 18:32:49,197-mp_log-INFO-引导美体验店模板操作成功,模板名称9.04 美博会 正式版 18.05最新
2018-09-04 18:32:50,352-mp_log-INFO-来了美雲会所模板操作成功,模板名称9.04 美博会 正式版 18.05最新
2018-09-04 18:32:51,451-mp_log-INFO-SoBeauty模板操作成功,模板名称9.04 美博会 正式版 18.05最新
2018-09-04 18:32:52,396-mp_log-INFO-筋生美模板操作成功,模板名称9.04 美博会 正式版 18.05最新
2018-09-04 18:32:53,347-mp_log-INFO-来了美美吧模板操作成功,模板名称9.04 美博会 正式版 18.05最新
2018-09-04 18:32:54,362-mp_log-INFO-金柏丽模板操作成功,模板名称9.04 美博会 正式版 18.05最新
2018-09-04 18:32:55,483-mp_log-INFO-长江九号模板操作成功,模板名称9.04 美博会 正式版 18.05最新
2018-09-04 18:32:56,559-mp_log-INFO-天使国际模板操作成功,模板名称9.04 美博会 正式版 18.05最新
2018-09-04 18:32:57,150-mp_log-INFO-如生堂模板操作成功,模板名称9.04 美博会 正式版 18.05最新
2018-09-04 18:32:58,460-mp_log-INFO-梦田芳香Spa模板操作成功,模板名称9.04 美博会 正式版 18.05最新
2018-09-04 18:32:59,316-mp_log-INFO-色彩纯姬模板操作成功,模板名称9.04 美博会 正式版 18.05最新
2018-09-04 18:33:00,623-mp_log-INFO-红妆倾城模板操作成功,模板名称9.04 美博会 正式版 18.05最新
2018-09-04 18:33:01,121-mp_log-INFO-英原健康模板操作成功,模板名称9.04 美博会 正式版 18.05最新
2018-09-04 18:33:02,521-mp_log-INFO-金贵人Beauty模板操作成功,模板名称9.04 美博会 正式版 18.05最新
2018-09-04 18:33:03,903-mp_log-INFO-缘临医疗美容模板操作成功,模板名称9.04 美博会 正式版 18.05最新
2018-09-04 18:33:04,537-mp_log-INFO-梦圆皇宫模板操作成功,模板名称9.04 美博会 正式版 18.05最新
2018-09-04 18:33:05,196-mp_log-INFO-恩雅模板操作成功,模板名称9.04 美博会 正式版 18.05最新
2018-09-04 18:33:06,590-mp_log-INFO-DR美研博士模板操作成功,模板名称9.04 美博会 正式版 18.05最新
2018-09-04 18:33:08,338-mp_log-INFO-女秀才模板操作成功,模板名称9.04 美博会 正式版 18.05最新
2018-09-04 18:33:08,797-mp_log-INFO-東美人儿模板操作成功,模板名称9.04 美博会 正式版 18.05最新
2018-09-04 18:33:09,599-mp_log-INFO-承昱医疗模板操作成功,模板名称9.04 美博会 正式版 18.05最新
2018-09-04 18:33:10,570-mp_log-INFO-斓悦庭模板操作成功,模板名称9.04 美博会 正式版 18.05最新
2018-09-04 18:33:11,073-mp_log-INFO-唯美童妍模板操作成功,模板名称9.04 美博会 正式版 18.05最新
2018-09-04 18:33:12,329-mp_log-INFO-健丽宝美容模板操作成功,模板名称9.04 美博会 正式版 18.05最新
2018-09-04 18:33:13,421-mp_log-INFO-掌上美管家A模板操作成功,模板名称9.04 美博会 正式版 18.05最新
2018-09-04 18:33:14,678-mp_log-INFO-博妍集美模板操作成功,模板名称9.04 美博会 正式版 18.05最新
2018-09-04 18:33:15,249-mp_log-INFO-雅涛世家模板操作成功,模板名称9.04 美博会 正式版 18.05最新
2018-09-04 18:33:16,325-mp_log-INFO-双妹美容模板操作成功,模板名称9.04 美博会 正式版 18.05最新
2018-09-04 18:33:17,328-mp_log-INFO-呈悦医疗模板操作成功,模板名称9.04 美博会 正式版 18.05最新
2018-09-04 18:33:18,536-mp_log-INFO-来了美千丝美模板操作成功,模板名称9.04 美博会 正式版 18.05最新
2018-09-04 18:33:19,260-mp_log-INFO-世纪之春模板操作成功,模板名称9.04 美博会 正式版 18.05最新
2018-09-04 18:33:20,250-mp_log-INFO-女主角美容模板操作成功,模板名称9.04 美博会 正式版 18.05最新
2018-09-04 18:33:21,496-mp_log-INFO-体验店模板操作成功,模板名称9.04 美博会 正式版 18.05最新
2018-09-04 18:33:22,624-mp_log-INFO-乐聚模板操作成功,模板名称9.04 美博会 正式版 18.05最新
2018-09-04 18:33:23,327-mp_log-INFO-沧州美美达模板操作成功,模板名称9.04 美博会 正式版 18.05最新
2018-09-04 18:33:24,174-mp_log-INFO-妮娜形象管理模板操作成功,模板名称9.04 美博会 正式版 18.05最新
2018-09-04 18:33:25,318-mp_log-INFO-馨境堂模板操作成功,模板名称9.04 美博会 正式版 18.05最新
2018-09-04 18:33:26,482-mp_log-INFO-果蔬美容模板操作成功,模板名称9.04 美博会 正式版 18.05最新
2018-09-04 18:33:27,390-mp_log-INFO-贝兰思模板操作成功,模板名称9.04 美博会 正式版 18.05最新
2018-09-04 18:33:28,525-mp_log-INFO-欧丽薇模板操作成功,模板名称9.04 美博会 正式版 18.05最新
