2018-09-14 19:55:50,351-Getlogin-INFO-登录成功，获取mp端token.....
2018-09-14 19:55:50,353-mp_log-INFO-token获取成功......
2018-09-14 19:55:58,597-mp_log-INFO-获取所有小程序信息成功......
2018-09-14 19:55:59,077-mp_log-INFO-获取最新模板信息成功.......
2018-09-14 19:56:01,625-mp_log-INFO-环亚美容模板操作成功,模板名称0914 商家最新版1.1.31
2018-09-14 19:56:03,116-mp_log-INFO-诺研皮肤管理模板操作成功,模板名称0914 商家最新版1.1.31
2018-09-14 19:56:04,263-mp_log-INFO-绿苑女子模板操作成功,模板名称0914 商家最新版1.1.31
2018-09-14 19:56:05,178-mp_log-INFO-广州七号驻颜模板操作成功,模板名称0914 商家最新版1.1.31
2018-09-14 19:56:06,150-mp_log-INFO-曼奇莎模板操作成功,模板名称0914 商家最新版1.1.31
2018-09-14 19:56:07,251-mp_log-INFO-诗美逸模板操作成功,模板名称0914 商家最新版1.1.31
2018-09-14 19:56:08,496-mp_log-INFO-颐和美容模板操作成功,模板名称0914 商家最新版1.1.31
2018-09-14 19:56:09,276-mp_log-INFO-草木缘模板操作成功,模板名称0914 商家最新版1.1.31
2018-09-14 19:56:10,244-mp_log-INFO-都市点点模板操作成功,模板名称0914 商家最新版1.1.31
2018-09-14 19:56:11,088-mp_log-INFO-来了美佳澜店模板操作成功,模板名称0914 商家最新版1.1.31
2018-09-14 19:56:12,116-mp_log-INFO-润妃国际模板操作成功,模板名称0914 商家最新版1.1.31
2018-09-14 19:56:13,051-mp_log-INFO-灵动模板操作成功,模板名称0914 商家最新版1.1.31
2018-09-14 19:56:14,183-mp_log-INFO-康丽皇家模板操作成功,模板名称0914 商家最新版1.1.31
2018-09-14 19:56:15,230-mp_log-INFO-美丽驿站模板操作成功,模板名称0914 商家最新版1.1.31
2018-09-14 19:56:16,187-mp_log-INFO-美美昭彦模板操作成功,模板名称0914 商家最新版1.1.31
2018-09-14 19:56:17,607-mp_log-INFO-HB美尚荟模板操作成功,模板名称0914 商家最新版1.1.31
2018-09-14 19:56:18,821-mp_log-INFO-当今悦美模板操作成功,模板名称0914 商家最新版1.1.31
2018-09-14 19:56:19,106-mp_log-INFO-iBEATA贝娅塔模板操作成功,模板名称0914 商家最新版1.1.31
2018-09-14 19:56:20,187-mp_log-INFO-菲常美模板操作成功,模板名称0914 商家最新版1.1.31
2018-09-14 19:56:21,364-mp_log-INFO-当代经典模板操作成功,模板名称0914 商家最新版1.1.31
2018-09-14 19:56:22,190-mp_log-INFO-东方丽人模板操作成功,模板名称0914 商家最新版1.1.31
2018-09-14 19:56:23,087-mp_log-INFO-盛士兰模板操作成功,模板名称0914 商家最新版1.1.31
2018-09-14 19:56:24,210-mp_log-INFO-悠兰lyj模板操作成功,模板名称0914 商家最新版1.1.31
2018-09-14 19:56:25,205-mp_log-INFO-芊思雅莎莎模板操作成功,模板名称0914 商家最新版1.1.31
2018-09-14 19:56:26,119-mp_log-INFO-来就健康模板操作成功,模板名称0914 商家最新版1.1.31
2018-09-14 19:56:27,369-mp_log-INFO-恒美世纪模板操作成功,模板名称0914 商家最新版1.1.31
2018-09-14 19:56:28,168-mp_log-INFO-美人记Diary模板操作成功,模板名称0914 商家最新版1.1.31
2018-09-14 19:56:29,021-mp_log-INFO-菲梵经典模板操作成功,模板名称0914 商家最新版1.1.31
2018-09-14 19:56:30,119-mp_log-INFO-虞诗蔓模板操作成功,模板名称0914 商家最新版1.1.31
2018-09-14 19:56:31,208-mp_log-INFO-丝享家模板操作成功,模板名称0914 商家最新版1.1.31
2018-09-14 19:56:32,043-mp_log-INFO-吉美妍丽模板操作成功,模板名称0914 商家最新版1.1.31
2018-09-14 19:56:33,237-mp_log-INFO-雪依氏模板操作成功,模板名称0914 商家最新版1.1.31
2018-09-14 19:56:34,098-mp_log-INFO-星美国际模板操作成功,模板名称0914 商家最新版1.1.31
2018-09-14 19:56:35,181-mp_log-INFO-霭伦恩美模板操作成功,模板名称0914 商家最新版1.1.31
2018-09-14 19:56:36,134-mp_log-INFO-来美吧模板操作成功,模板名称0914 商家最新版1.1.31
2018-09-14 19:56:37,182-mp_log-INFO-伊美朗模板操作成功,模板名称0914 商家最新版1.1.31
2018-09-14 19:56:38,467-mp_log-INFO-佳婳天美模板操作成功,模板名称0914 商家最新版1.1.31
2018-09-14 19:56:39,184-mp_log-INFO-美美昭妍模板操作成功,模板名称0914 商家最新版1.1.31
2018-09-14 19:56:41,177-mp_log-INFO-佐登妮丝模板操作成功,模板名称0914 商家最新版1.1.31
2018-09-14 19:56:41,375-mp_log-INFO-阿星国际模板操作成功,模板名称0914 商家最新版1.1.31
2018-09-14 19:56:42,047-mp_log-INFO-娇阑美颜模板操作成功,模板名称0914 商家最新版1.1.31
2018-09-14 19:56:43,160-mp_log-INFO-爱女士模板操作成功,模板名称0914 商家最新版1.1.31
2018-09-14 19:56:44,159-mp_log-INFO-艾妍整形模板操作成功,模板名称0914 商家最新版1.1.31
2018-09-14 19:56:45,226-mp_log-INFO-巴黎情缘模板操作成功,模板名称0914 商家最新版1.1.31
2018-09-14 19:56:45,997-mp_log-INFO-百合春天模板操作成功,模板名称0914 商家最新版1.1.31
2018-09-14 19:56:47,046-mp_log-INFO-梅兰丽人模板操作成功,模板名称0914 商家最新版1.1.31
2018-09-14 19:56:48,157-mp_log-INFO-燕燕尊尚美容模板操作成功,模板名称0914 商家最新版1.1.31
2018-09-14 19:56:49,337-mp_log-INFO-雅致璇肌模板操作成功,模板名称0914 商家最新版1.1.31
2018-09-14 19:56:50,201-mp_log-INFO-诗露丽涵模板操作成功,模板名称0914 商家最新版1.1.31
2018-09-14 19:56:51,376-mp_log-INFO-月瘦月美模板操作成功,模板名称0914 商家最新版1.1.31
2018-09-14 19:56:52,347-mp_log-INFO-年轻我可以模板操作成功,模板名称0914 商家最新版1.1.31
2018-09-14 19:56:53,549-mp_log-INFO-精工皇族模板操作成功,模板名称0914 商家最新版1.1.31
2018-09-14 19:56:54,375-mp_log-INFO-兴美源模板操作成功,模板名称0914 商家最新版1.1.31
2018-09-14 19:56:55,244-mp_log-INFO-明剪一秀模板操作成功,模板名称0914 商家最新版1.1.31
2018-09-14 19:56:56,196-mp_log-INFO-丝客富模板操作成功,模板名称0914 商家最新版1.1.31
2018-09-14 19:56:57,312-mp_log-INFO-琉璃水城模板操作成功,模板名称0914 商家最新版1.1.31
2018-09-14 19:56:58,186-mp_log-INFO-栢草源模板操作成功,模板名称0914 商家最新版1.1.31
2018-09-14 19:56:59,173-mp_log-INFO-杭州东方整形模板操作成功,模板名称0914 商家最新版1.1.31
2018-09-14 19:57:00,184-mp_log-INFO-ONI速美模板操作成功,模板名称0914 商家最新版1.1.31
2018-09-14 19:57:01,208-mp_log-INFO-美共享模板操作成功,模板名称0914 商家最新版1.1.31
2018-09-14 19:57:02,455-mp_log-INFO-靓佳人模板操作成功,模板名称0914 商家最新版1.1.31
2018-09-14 19:57:04,170-mp_log-INFO-二院美丽之约模板操作成功,模板名称0914 商家最新版1.1.31
2018-09-14 19:57:04,216-mp_log-INFO-ME智慧美店模板操作成功,模板名称0914 商家最新版1.1.31
2018-09-14 19:57:05,257-mp_log-INFO-弘迪美容美发模板操作成功,模板名称0914 商家最新版1.1.31
2018-09-14 19:57:06,123-mp_log-INFO-南洋beauty模板操作成功,模板名称0914 商家最新版1.1.31
2018-09-14 19:57:07,022-mp_log-INFO-阿芙洛蒂模板操作成功,模板名称0914 商家最新版1.1.31
2018-09-14 19:57:08,383-mp_log-INFO-来了美标榜店模板操作成功,模板名称0914 商家最新版1.1.31
2018-09-14 19:57:09,122-mp_log-INFO-美德福模板操作成功,模板名称0914 商家最新版1.1.31
2018-09-14 19:57:10,252-mp_log-INFO-岳灵生发模板操作成功,模板名称0914 商家最新版1.1.31
2018-09-14 19:57:11,261-mp_log-INFO-维多丽雅模板操作成功,模板名称0914 商家最新版1.1.31
2018-09-14 19:57:12,214-mp_log-INFO-雅典娜模板操作成功,模板名称0914 商家最新版1.1.31
2018-09-14 19:57:13,401-mp_log-INFO-杭州桐雅模板操作成功,模板名称0914 商家最新版1.1.31
2018-09-14 19:57:14,112-mp_log-INFO-妃香伊丹模板操作成功,模板名称0914 商家最新版1.1.31
2018-09-14 19:57:15,042-mp_log-INFO-魅力华健模板操作成功,模板名称0914 商家最新版1.1.31
2018-09-14 19:57:16,140-mp_log-INFO-窈窕淑女模板操作成功,模板名称0914 商家最新版1.1.31
2018-09-14 19:57:17,097-mp_log-INFO-香密雅CIMIA模板操作成功,模板名称0914 商家最新版1.1.31
2018-09-14 19:57:18,292-mp_log-INFO-妍雅媛模板操作成功,模板名称0914 商家最新版1.1.31
2018-09-14 19:57:19,369-mp_log-INFO-来了美模板操作成功,模板名称0914 商家最新版1.1.31
2018-09-14 19:57:20,364-mp_log-INFO-云立方模板操作成功,模板名称0914 商家最新版1.1.31
2018-09-14 19:57:21,156-mp_log-INFO-来了美韩尚恩模板操作成功,模板名称0914 商家最新版1.1.31
2018-09-14 19:57:22,465-mp_log-INFO-纤指百媚模板操作成功,模板名称0914 商家最新版1.1.31
2018-09-14 19:57:23,592-mp_log-INFO-美之颜模板操作成功,模板名称0914 商家最新版1.1.31
2018-09-14 19:57:24,137-mp_log-INFO-氢颜轻奢美肤模板操作成功,模板名称0914 商家最新版1.1.31
2018-09-14 19:57:25,295-mp_log-INFO-香住SPA模板操作成功,模板名称0914 商家最新版1.1.31
2018-09-14 19:57:26,251-mp_log-INFO-佰味女人模板操作成功,模板名称0914 商家最新版1.1.31
2018-09-14 19:57:27,278-mp_log-INFO-黄氏百佳模板操作成功,模板名称0914 商家最新版1.1.31
2018-09-14 19:57:28,242-mp_log-INFO-创美雅香莱模板操作成功,模板名称0914 商家最新版1.1.31
2018-09-14 19:57:29,265-mp_log-INFO-艾面一族 模板操作成功,模板名称0914 商家最新版1.1.31
2018-09-14 19:57:30,169-mp_log-INFO-植美SPA模板操作成功,模板名称0914 商家最新版1.1.31
2018-09-14 19:57:31,168-mp_log-INFO-曼姿模板操作成功,模板名称0914 商家最新版1.1.31
2018-09-14 19:57:32,141-mp_log-INFO-美丽九九模板操作成功,模板名称0914 商家最新版1.1.31
2018-09-14 19:57:33,250-mp_log-INFO-艾尚美美哒模板操作成功,模板名称0914 商家最新版1.1.31
2018-09-14 19:57:34,126-mp_log-INFO-玉颜堂模板操作成功,模板名称0914 商家最新版1.1.31
2018-09-14 19:57:35,049-mp_log-INFO-智能科技美店模板操作成功,模板名称0914 商家最新版1.1.31
2018-09-14 19:57:36,432-mp_log-INFO-欧妮薇模板操作成功,模板名称0914 商家最新版1.1.31
2018-09-14 19:57:37,172-mp_log-INFO-美姿来就美模板操作成功,模板名称0914 商家最新版1.1.31
2018-09-14 19:57:38,168-mp_log-INFO-IVY艾菲芭模板操作成功,模板名称0914 商家最新版1.1.31
2018-09-14 19:57:39,155-mp_log-INFO-来了美雲会所模板操作成功,模板名称0914 商家最新版1.1.31
2018-09-14 19:57:40,376-mp_log-INFO-SoBeauty模板操作成功,模板名称0914 商家最新版1.1.31
2018-09-14 19:57:41,737-mp_log-INFO-筋生美模板操作成功,模板名称0914 商家最新版1.1.31
2018-09-14 19:57:42,309-mp_log-INFO-来了美美吧模板操作成功,模板名称0914 商家最新版1.1.31
2018-09-14 19:57:43,200-mp_log-INFO-金柏丽模板操作成功,模板名称0914 商家最新版1.1.31
2018-09-14 19:57:44,288-mp_log-INFO-长江九号模板操作成功,模板名称0914 商家最新版1.1.31
2018-09-14 19:57:45,458-mp_log-INFO-天使国际模板操作成功,模板名称0914 商家最新版1.1.31
2018-09-14 19:57:46,297-mp_log-INFO-如生堂模板操作成功,模板名称0914 商家最新版1.1.31
2018-09-14 19:57:47,415-mp_log-INFO-梦田芳香Spa模板操作成功,模板名称0914 商家最新版1.1.31
2018-09-14 19:57:48,264-mp_log-INFO-色彩纯姬模板操作成功,模板名称0914 商家最新版1.1.31
2018-09-14 19:57:49,301-mp_log-INFO-红妆倾城模板操作成功,模板名称0914 商家最新版1.1.31
2018-09-14 19:57:50,206-mp_log-INFO-英原健康模板操作成功,模板名称0914 商家最新版1.1.31
2018-09-14 19:57:51,138-mp_log-INFO-金贵人Beauty模板操作成功,模板名称0914 商家最新版1.1.31
2018-09-14 19:57:52,174-mp_log-INFO-芯语芳心模板操作成功,模板名称0914 商家最新版1.1.31
2018-09-14 19:57:53,760-mp_log-INFO-还原美模板操作成功,模板名称0914 商家最新版1.1.31
2018-09-14 19:57:54,519-mp_log-INFO-缘临医疗美容模板操作成功,模板名称0914 商家最新版1.1.31
2018-09-14 19:57:55,335-mp_log-INFO-梦圆皇宫模板操作成功,模板名称0914 商家最新版1.1.31
2018-09-14 19:57:56,111-mp_log-INFO-恩雅模板操作成功,模板名称0914 商家最新版1.1.31
2018-09-14 19:57:57,126-mp_log-INFO-DR美研博士模板操作成功,模板名称0914 商家最新版1.1.31
2018-09-14 19:57:58,222-mp_log-INFO-女秀才模板操作成功,模板名称0914 商家最新版1.1.31
2018-09-14 19:57:59,138-mp_log-INFO-東美人儿模板操作成功,模板名称0914 商家最新版1.1.31
2018-09-14 19:58:00,242-mp_log-INFO-承昱医疗模板操作成功,模板名称0914 商家最新版1.1.31
2018-09-14 19:58:01,347-mp_log-INFO-斓悦庭模板操作成功,模板名称0914 商家最新版1.1.31
2018-09-14 19:58:02,196-mp_log-INFO-唯美童妍模板操作成功,模板名称0914 商家最新版1.1.31
2018-09-14 19:58:03,560-mp_log-INFO-BV美聚模板操作成功,模板名称0914 商家最新版1.1.31
2018-09-14 19:58:04,227-mp_log-INFO-健丽宝美容模板操作成功,模板名称0914 商家最新版1.1.31
2018-09-14 19:58:05,119-mp_log-INFO-掌上美管家A模板操作成功,模板名称0914 商家最新版1.1.31
2018-09-14 19:58:06,299-mp_log-INFO-博妍集美模板操作成功,模板名称0914 商家最新版1.1.31
2018-09-14 19:58:07,514-mp_log-INFO-雅涛世家模板操作成功,模板名称0914 商家最新版1.1.31
2018-09-14 19:58:08,143-mp_log-INFO-双妹美容模板操作成功,模板名称0914 商家最新版1.1.31
2018-09-14 19:58:09,275-mp_log-INFO-呈悦医疗模板操作成功,模板名称0914 商家最新版1.1.31
2018-09-14 19:58:10,228-mp_log-INFO-来了美千丝美模板操作成功,模板名称0914 商家最新版1.1.31
2018-09-14 19:58:11,084-mp_log-INFO-世纪之春模板操作成功,模板名称0914 商家最新版1.1.31
2018-09-14 19:58:12,167-mp_log-INFO-女主角美容模板操作成功,模板名称0914 商家最新版1.1.31
2018-09-14 19:58:13,422-mp_log-INFO-乐聚模板操作成功,模板名称0914 商家最新版1.1.31
2018-09-14 19:58:14,106-mp_log-INFO-沧州美美达模板操作成功,模板名称0914 商家最新版1.1.31
2018-09-14 19:58:15,077-mp_log-INFO-妮娜形象管理模板操作成功,模板名称0914 商家最新版1.1.31
2018-09-14 19:58:16,050-mp_log-INFO-馨境堂模板操作成功,模板名称0914 商家最新版1.1.31
2018-09-14 19:58:17,357-mp_log-INFO-果蔬美容模板操作成功,模板名称0914 商家最新版1.1.31
2018-09-14 19:58:18,333-mp_log-INFO-贝兰思模板操作成功,模板名称0914 商家最新版1.1.31
2018-09-14 19:58:19,531-mp_log-INFO-东方秀丽模板操作成功,模板名称0914 商家最新版1.1.31
2018-09-14 19:58:20,274-mp_log-INFO-欧丽薇模板操作成功,模板名称0914 商家最新版1.1.31
