2018-09-19 16:16:49,450-Getlogin-INFO-登录成功，获取mp端token.....
2018-09-19 16:16:49,453-mp_log-INFO-token获取成功......
2018-09-19 16:16:53,466-mp_log-INFO-获取所有小程序信息成功......
2018-09-19 16:16:53,975-mp_log-INFO-获取最新模板信息成功.......
2018-09-19 16:16:54,967-mp_log-INFO-审核失败
2018-09-19 16:16:55,299-mp_log-INFO-审核失败
2018-09-19 16:16:55,635-mp_log-INFO-审核失败
2018-09-19 16:16:55,952-mp_log-INFO-审核失败
2018-09-19 16:16:56,233-mp_log-INFO-审核失败
2018-09-19 16:16:56,772-mp_log-INFO-审核失败
2018-09-19 16:16:56,909-mp_log-INFO-审核失败
2018-09-19 16:16:57,294-mp_log-INFO-审核失败
2018-09-19 16:16:57,660-mp_log-INFO-审核失败
2018-09-19 16:16:57,685-mp_log-INFO-审核失败
2018-09-19 16:16:58,283-mp_log-INFO-审核失败
2018-09-19 16:16:58,866-mp_log-INFO-审核失败
2018-09-19 16:16:59,143-mp_log-INFO-审核失败
2018-09-19 16:16:59,145-mp_log-INFO-审核失败
2018-09-19 16:16:59,354-mp_log-INFO-审核失败
2018-09-19 16:16:59,569-mp_log-INFO-审核失败
2018-09-19 16:16:59,840-mp_log-INFO-审核失败
2018-09-19 16:17:00,508-mp_log-INFO-审核失败
2018-09-19 16:17:00,532-mp_log-INFO-审核失败
2018-09-19 16:17:00,800-mp_log-INFO-审核失败
2018-09-19 16:17:01,293-mp_log-INFO-审核失败
2018-09-19 16:17:01,312-mp_log-INFO-审核失败
2018-09-19 16:17:01,679-mp_log-INFO-审核失败
2018-09-19 16:17:02,278-mp_log-INFO-审核失败
2018-09-19 16:17:02,534-mp_log-INFO-审核失败
2018-09-19 16:17:02,608-mp_log-INFO-审核失败
2018-09-19 16:17:03,108-mp_log-INFO-审核失败
2018-09-19 16:17:03,197-mp_log-INFO-审核失败
2018-09-19 16:17:03,464-mp_log-INFO-审核失败
2018-09-19 16:17:03,958-mp_log-INFO-审核失败
2018-09-19 16:17:04,048-mp_log-INFO-审核失败
2018-09-19 16:17:04,334-mp_log-INFO-审核失败
2018-09-19 16:17:04,696-mp_log-INFO-审核失败
2018-09-19 16:17:04,932-mp_log-INFO-审核失败
2018-09-19 16:17:05,253-mp_log-INFO-审核失败
2018-09-19 16:17:05,554-mp_log-INFO-审核失败
2018-09-19 16:17:05,854-mp_log-INFO-审核失败
2018-09-19 16:17:06,126-mp_log-INFO-审核失败
2018-09-19 16:17:06,357-mp_log-INFO-审核失败
2018-09-19 16:17:06,814-mp_log-INFO-审核失败
2018-09-19 16:17:07,177-mp_log-INFO-审核失败
2018-09-19 16:17:07,613-mp_log-INFO-审核失败
2018-09-19 16:17:07,772-mp_log-INFO-审核失败
2018-09-19 16:17:08,113-mp_log-INFO-审核失败
2018-09-19 16:17:08,897-mp_log-INFO-审核失败
2018-09-19 16:17:09,062-mp_log-INFO-审核失败
2018-09-19 16:17:09,132-mp_log-INFO-审核失败
2018-09-19 16:17:09,182-mp_log-INFO-审核失败
2018-09-19 16:17:09,524-mp_log-INFO-审核失败
2018-09-19 16:17:09,759-mp_log-INFO-审核失败
2018-09-19 16:17:10,079-mp_log-INFO-审核失败
2018-09-19 16:17:10,325-mp_log-INFO-审核失败
2018-09-19 16:17:10,637-mp_log-INFO-审核失败
2018-09-19 16:17:10,916-mp_log-INFO-审核失败
2018-09-19 16:17:11,249-mp_log-INFO-审核失败
2018-09-19 16:17:11,633-mp_log-INFO-审核失败
