2018-09-07 11:52:43,094-Getlogin-INFO-登录成功，获取mp端token.....
2018-09-07 11:52:43,095-mp_log-INFO-token获取成功......
2018-09-07 11:52:47,674-mp_log-INFO-获取所有小程序信息成功......
2018-09-07 11:52:48,170-mp_log-INFO-获取最新模板信息成功.......
2018-09-07 11:52:49,392-mp_log-INFO-已审核
2018-09-07 11:52:49,628-mp_log-INFO-已审核
2018-09-07 11:52:50,293-mp_log-INFO-已审核
2018-09-07 11:52:50,873-mp_log-INFO-审核失败
2018-09-07 11:52:51,140-mp_log-INFO-审核失败
2018-09-07 11:52:51,493-mp_log-INFO-审核失败
2018-09-07 11:52:51,751-mp_log-INFO-已审核
2018-09-07 11:52:52,091-mp_log-INFO-审核失败
2018-09-07 11:52:52,328-mp_log-INFO-审核失败
2018-09-07 11:52:52,626-mp_log-INFO-已审核
2018-09-07 11:52:52,986-mp_log-INFO-审核失败
2018-09-07 11:52:53,260-mp_log-INFO-审核失败
2018-09-07 11:52:53,482-mp_log-INFO-已审核
2018-09-07 11:52:54,080-mp_log-INFO-已审核
2018-09-07 11:52:54,163-mp_log-INFO-已审核
2018-09-07 11:52:54,438-mp_log-INFO-已审核
2018-09-07 11:52:54,881-mp_log-INFO-审核失败
2018-09-07 11:52:55,013-mp_log-INFO-已审核
2018-09-07 11:52:55,515-mp_log-INFO-已审核
2018-09-07 11:52:55,828-mp_log-INFO-审核失败
2018-09-07 11:52:56,014-mp_log-INFO-已审核
2018-09-07 11:52:56,517-mp_log-INFO-已审核
2018-09-07 11:52:56,793-mp_log-INFO-已审核
2018-09-07 11:52:56,959-mp_log-INFO-已审核
2018-09-07 11:52:57,316-mp_log-INFO-审核失败
2018-09-07 11:52:57,377-mp_log-INFO-已审核
2018-09-07 11:52:57,818-mp_log-INFO-已审核
2018-09-07 11:52:58,676-mp_log-INFO-审核失败
2018-09-07 11:52:58,728-mp_log-INFO-已审核
2018-09-07 11:52:58,978-mp_log-INFO-审核失败
2018-09-07 11:52:59,323-mp_log-INFO-已审核
2018-09-07 11:52:59,390-mp_log-INFO-已审核
2018-09-07 11:52:59,528-mp_log-INFO-已审核
2018-09-07 11:53:00,109-mp_log-INFO-已审核
2018-09-07 11:53:00,163-mp_log-INFO-已审核
2018-09-07 11:53:00,486-mp_log-INFO-已审核
2018-09-07 11:53:00,837-mp_log-INFO-已审核
2018-09-07 11:53:01,102-mp_log-INFO-审核失败
2018-09-07 11:53:01,535-mp_log-INFO-已审核
2018-09-07 11:53:01,867-mp_log-INFO-审核失败
2018-09-07 11:53:02,000-mp_log-INFO-审核失败
2018-09-07 11:53:02,247-mp_log-INFO-审核失败
2018-09-07 11:53:02,924-mp_log-INFO-审核失败
2018-09-07 11:53:03,011-mp_log-INFO-已审核
2018-09-07 11:53:03,367-mp_log-INFO-已审核
2018-09-07 11:53:03,576-mp_log-INFO-已审核
2018-09-07 11:53:03,802-mp_log-INFO-已审核
2018-09-07 11:53:04,091-mp_log-INFO-审核失败
2018-09-07 11:53:04,719-mp_log-INFO-已审核
2018-09-07 11:53:04,834-mp_log-INFO-已审核
2018-09-07 11:53:05,003-mp_log-INFO-已审核
2018-09-07 11:53:05,389-mp_log-INFO-已审核
2018-09-07 11:53:05,617-mp_log-INFO-审核失败
2018-09-07 11:53:05,970-mp_log-INFO-已审核
2018-09-07 11:53:06,209-mp_log-INFO-已审核
2018-09-07 11:53:06,551-mp_log-INFO-已审核
2018-09-07 11:53:06,829-mp_log-INFO-已审核
2018-09-07 11:53:07,102-mp_log-INFO-审核失败
2018-09-07 11:53:07,603-mp_log-INFO-已审核
2018-09-07 11:53:07,812-mp_log-INFO-审核失败
2018-09-07 11:53:08,120-mp_log-INFO-审核失败
2018-09-07 11:53:08,460-mp_log-INFO-审核失败
2018-09-07 11:53:08,725-mp_log-INFO-审核失败
2018-09-07 11:53:09,082-mp_log-INFO-已审核
2018-09-07 11:53:09,283-mp_log-INFO-已审核
2018-09-07 11:53:09,692-mp_log-INFO-已审核
2018-09-07 11:53:10,009-mp_log-INFO-已审核
2018-09-07 11:53:10,231-mp_log-INFO-审核失败
2018-09-07 11:53:10,443-mp_log-INFO-已审核
2018-09-07 11:53:10,780-mp_log-INFO-审核失败
2018-09-07 11:53:11,022-mp_log-INFO-已审核
2018-09-07 11:53:11,366-mp_log-INFO-审核失败
2018-09-07 11:53:11,631-mp_log-INFO-已审核
2018-09-07 11:53:12,310-mp_log-INFO-审核失败
2018-09-07 11:53:12,563-mp_log-INFO-审核失败
2018-09-07 11:53:12,949-mp_log-INFO-审核失败
2018-09-07 11:53:13,193-mp_log-INFO-审核失败
2018-09-07 11:53:13,437-mp_log-INFO-已审核
2018-09-07 11:53:13,861-mp_log-INFO-已审核
2018-09-07 11:53:14,217-mp_log-INFO-已审核
2018-09-07 11:53:14,505-mp_log-INFO-已审核
2018-09-07 11:53:14,973-mp_log-INFO-审核失败
2018-09-07 11:53:15,001-mp_log-INFO-已审核
2018-09-07 11:53:15,254-mp_log-INFO-已审核
2018-09-07 11:53:15,561-mp_log-INFO-审核失败
2018-09-07 11:53:15,899-mp_log-INFO-已审核
2018-09-07 11:53:16,169-mp_log-INFO-审核失败
2018-09-07 11:53:16,477-mp_log-INFO-已审核
2018-09-07 11:53:16,740-mp_log-INFO-已审核
2018-09-07 11:53:17,158-mp_log-INFO-审核失败
2018-09-07 11:53:17,386-mp_log-INFO-审核失败
2018-09-07 11:53:17,954-mp_log-INFO-已审核
2018-09-07 11:53:18,098-mp_log-INFO-已审核
2018-09-07 11:53:18,268-mp_log-INFO-已审核
2018-09-07 11:53:18,996-mp_log-INFO-已审核
2018-09-07 11:53:19,248-mp_log-INFO-审核失败
2018-09-07 11:53:19,351-mp_log-INFO-审核失败
2018-09-07 11:53:19,531-mp_log-INFO-已审核
2018-09-07 11:53:19,799-mp_log-INFO-已审核
2018-09-07 11:53:20,029-mp_log-INFO-已审核
2018-09-07 11:53:20,376-mp_log-INFO-审核失败
2018-09-07 11:53:20,777-mp_log-INFO-已审核
2018-09-07 11:53:21,210-mp_log-INFO-已审核
2018-09-07 11:53:21,376-mp_log-INFO-已审核
2018-09-07 11:53:21,565-mp_log-INFO-审核失败
2018-09-07 11:53:21,984-mp_log-INFO-已审核
2018-09-07 11:53:22,262-mp_log-INFO-审核失败
2018-09-07 11:53:22,679-mp_log-INFO-已审核
2018-09-07 11:53:22,806-mp_log-INFO-已审核
2018-09-07 11:53:23,246-mp_log-INFO-审核失败
2018-09-07 11:53:23,708-mp_log-INFO-审核失败
2018-09-07 11:53:23,774-mp_log-INFO-审核失败
2018-09-07 11:53:24,024-mp_log-INFO-已审核
2018-09-07 11:53:24,368-mp_log-INFO-审核失败
2018-09-07 11:53:24,667-mp_log-INFO-已审核
2018-09-07 11:53:25,065-mp_log-INFO-审核失败
2018-09-07 11:53:25,320-mp_log-INFO-已审核
2018-09-07 11:53:25,692-mp_log-INFO-审核失败
2018-09-07 11:53:25,921-mp_log-INFO-审核失败
2018-09-07 11:53:26,119-mp_log-INFO-审核失败
2018-09-07 11:53:26,479-mp_log-INFO-已审核
2018-09-07 11:53:26,975-mp_log-INFO-审核失败
2018-09-07 11:53:27,102-mp_log-INFO-审核失败
2018-09-07 11:53:27,386-mp_log-INFO-已审核
2018-09-07 11:53:27,625-mp_log-INFO-审核失败
2018-09-07 11:53:27,915-mp_log-INFO-审核失败
2018-09-07 11:53:28,253-mp_log-INFO-审核失败
2018-09-07 11:53:28,571-mp_log-INFO-已审核
2018-09-07 11:53:28,923-mp_log-INFO-已审核
2018-09-07 11:53:29,303-mp_log-INFO-审核失败
2018-09-07 11:53:29,592-mp_log-INFO-审核失败
2018-09-07 11:53:29,851-mp_log-INFO-已审核
2018-09-07 11:53:30,204-mp_log-INFO-审核中
2018-09-07 11:53:30,459-mp_log-INFO-审核失败
2018-09-07 11:53:30,679-mp_log-INFO-已审核
2018-09-07 11:53:31,246-mp_log-INFO-已审核
2018-09-07 11:53:31,597-mp_log-INFO-审核失败
2018-09-07 11:53:31,979-mp_log-INFO-审核失败
2018-09-07 11:53:32,004-mp_log-INFO-审核失败
2018-09-07 11:53:32,265-mp_log-INFO-已审核
