2018-09-19 15:53:20,015-Getlogin-INFO-登录成功，获取mp端token.....
2018-09-19 15:53:20,017-mp_log-INFO-token获取成功......
2018-09-19 15:53:23,066-mp_log-INFO-获取所有小程序信息成功......
2018-09-19 15:53:23,864-mp_log-INFO-获取最新模板信息成功.......
2018-09-19 15:53:24,960-mp_log-INFO-审核失败
2018-09-19 15:53:25,620-mp_log-INFO-审核失败
2018-09-19 15:53:25,802-mp_log-INFO-审核失败
2018-09-19 15:53:25,987-mp_log-INFO-审核失败
2018-09-19 15:53:26,242-mp_log-INFO-审核失败
2018-09-19 15:53:26,379-mp_log-INFO-审核失败
2018-09-19 15:53:26,843-mp_log-INFO-审核失败
2018-09-19 15:53:26,985-mp_log-INFO-审核失败
2018-09-19 15:53:27,336-mp_log-INFO-审核失败
2018-09-19 15:53:27,785-mp_log-INFO-审核失败
2018-09-19 15:53:28,039-mp_log-INFO-审核失败
2018-09-19 15:53:28,275-mp_log-INFO-审核失败
2018-09-19 15:53:28,477-mp_log-INFO-审核失败
2018-09-19 15:53:28,858-mp_log-INFO-审核失败
2018-09-19 15:53:29,188-mp_log-INFO-审核失败
2018-09-19 15:53:29,537-mp_log-INFO-审核失败
2018-09-19 15:53:29,968-mp_log-INFO-审核失败
2018-09-19 15:53:30,354-mp_log-INFO-审核失败
2018-09-19 15:53:30,439-mp_log-INFO-审核失败
2018-09-19 15:53:30,999-mp_log-INFO-审核失败
2018-09-19 15:53:31,267-mp_log-INFO-审核失败
2018-09-19 15:53:31,344-mp_log-INFO-审核失败
2018-09-19 15:53:31,687-mp_log-INFO-审核失败
2018-09-19 15:53:31,988-mp_log-INFO-审核失败
2018-09-19 15:53:32,531-mp_log-INFO-审核失败
2018-09-19 15:53:32,821-mp_log-INFO-审核失败
2018-09-19 15:53:32,842-mp_log-INFO-审核失败
2018-09-19 15:53:33,120-mp_log-INFO-审核失败
2018-09-19 15:53:33,581-mp_log-INFO-审核失败
2018-09-19 15:53:33,725-mp_log-INFO-审核失败
2018-09-19 15:53:34,119-mp_log-INFO-审核失败
2018-09-19 15:53:34,419-mp_log-INFO-审核失败
2018-09-19 15:53:34,748-mp_log-INFO-审核失败
2018-09-19 15:53:35,205-mp_log-INFO-审核失败
2018-09-19 15:53:35,442-mp_log-INFO-审核失败
2018-09-19 15:53:35,677-mp_log-INFO-审核失败
2018-09-19 15:53:36,053-mp_log-INFO-审核失败
2018-09-19 15:53:36,296-mp_log-INFO-审核失败
2018-09-19 15:53:36,938-mp_log-INFO-审核失败
2018-09-19 15:53:36,981-mp_log-INFO-审核失败
2018-09-19 15:53:37,169-mp_log-INFO-审核失败
2018-09-19 15:53:37,529-mp_log-INFO-审核失败
2018-09-19 15:53:37,809-mp_log-INFO-审核失败
2018-09-19 15:53:38,148-mp_log-INFO-审核失败
2018-09-19 15:53:38,407-mp_log-INFO-审核失败
2018-09-19 15:53:38,709-mp_log-INFO-审核失败
2018-09-19 15:53:39,022-mp_log-INFO-审核失败
2018-09-19 15:53:39,564-mp_log-INFO-审核失败
2018-09-19 15:53:39,718-mp_log-INFO-审核失败
2018-09-19 15:53:40,157-mp_log-INFO-审核失败
2018-09-19 15:53:40,629-mp_log-INFO-审核失败
2018-09-19 15:53:40,757-mp_log-INFO-审核失败
2018-09-19 15:53:41,096-mp_log-INFO-审核失败
2018-09-19 15:53:41,543-mp_log-INFO-审核失败
2018-09-19 15:53:41,630-mp_log-INFO-审核失败
2018-09-19 15:53:41,822-mp_log-INFO-审核失败
