2018-09-07 14:54:24,465-Getlogin-INFO-登录成功，获取mp端token.....
2018-09-07 14:54:24,468-mp_log-INFO-token获取成功......
2018-09-07 14:54:29,302-mp_log-INFO-获取所有小程序信息成功......
2018-09-07 14:54:29,727-mp_log-INFO-获取最新模板信息成功.......
2018-09-07 14:54:30,869-mp_log-INFO-已审核
2018-09-07 14:54:31,210-mp_log-INFO-已审核
2018-09-07 14:54:31,686-mp_log-INFO-已审核
2018-09-07 14:54:32,433-mp_log-INFO-审核失败
2018-09-07 14:54:32,785-mp_log-INFO-审核失败
2018-09-07 14:54:32,914-mp_log-INFO-审核失败
2018-09-07 14:54:33,262-mp_log-INFO-已审核
2018-09-07 14:54:33,915-mp_log-INFO-审核失败
2018-09-07 14:54:33,948-mp_log-INFO-审核失败
2018-09-07 14:54:34,302-mp_log-INFO-已审核
2018-09-07 14:54:34,751-mp_log-INFO-审核失败
2018-09-07 14:54:34,810-mp_log-INFO-审核失败
2018-09-07 14:54:35,213-mp_log-INFO-已审核
2018-09-07 14:54:35,335-mp_log-INFO-已审核
2018-09-07 14:54:35,679-mp_log-INFO-已审核
2018-09-07 14:54:36,190-mp_log-INFO-已审核
2018-09-07 14:54:36,373-mp_log-INFO-审核失败
2018-09-07 14:54:36,538-mp_log-INFO-已审核
2018-09-07 14:54:36,969-mp_log-INFO-已审核
2018-09-07 14:54:37,206-mp_log-INFO-审核失败
2018-09-07 14:54:37,435-mp_log-INFO-已审核
2018-09-07 14:54:38,024-mp_log-INFO-已审核
2018-09-07 14:54:38,100-mp_log-INFO-已审核
2018-09-07 14:54:38,383-mp_log-INFO-已审核
2018-09-07 14:54:38,846-mp_log-INFO-审核失败
2018-09-07 14:54:38,996-mp_log-INFO-已审核
2018-09-07 14:54:39,264-mp_log-INFO-已审核
2018-09-07 14:54:39,566-mp_log-INFO-审核失败
2018-09-07 14:54:39,829-mp_log-INFO-已审核
2018-09-07 14:54:40,188-mp_log-INFO-已审核
2018-09-07 14:54:40,652-mp_log-INFO-审核失败
2018-09-07 14:54:40,758-mp_log-INFO-已审核
2018-09-07 14:54:41,231-mp_log-INFO-已审核
2018-09-07 14:54:41,419-mp_log-INFO-已审核
2018-09-07 14:54:41,763-mp_log-INFO-已审核
2018-09-07 14:54:42,110-mp_log-INFO-已审核
2018-09-07 14:54:42,437-mp_log-INFO-已审核
2018-09-07 14:54:42,659-mp_log-INFO-审核失败
2018-09-07 14:54:42,975-mp_log-INFO-已审核
2018-09-07 14:54:43,325-mp_log-INFO-审核失败
2018-09-07 14:54:43,445-mp_log-INFO-审核失败
2018-09-07 14:54:43,756-mp_log-INFO-审核失败
2018-09-07 14:54:44,104-mp_log-INFO-审核失败
2018-09-07 14:54:44,362-mp_log-INFO-已审核
2018-09-07 14:54:44,675-mp_log-INFO-已审核
2018-09-07 14:54:45,052-mp_log-INFO-已审核
2018-09-07 14:54:45,211-mp_log-INFO-已审核
2018-09-07 14:54:45,569-mp_log-INFO-审核失败
2018-09-07 14:54:45,875-mp_log-INFO-已审核
2018-09-07 14:54:46,173-mp_log-INFO-已审核
2018-09-07 14:54:46,452-mp_log-INFO-已审核
2018-09-07 14:54:46,801-mp_log-INFO-已审核
2018-09-07 14:54:47,136-mp_log-INFO-审核失败
2018-09-07 14:54:47,416-mp_log-INFO-已审核
2018-09-07 14:54:47,734-mp_log-INFO-已审核
2018-09-07 14:54:48,020-mp_log-INFO-已审核
2018-09-07 14:54:48,553-mp_log-INFO-已审核
2018-09-07 14:54:48,830-mp_log-INFO-审核失败
2018-09-07 14:54:48,890-mp_log-INFO-已审核
2018-09-07 14:54:49,308-mp_log-INFO-审核失败
2018-09-07 14:54:49,452-mp_log-INFO-审核失败
2018-09-07 14:54:49,768-mp_log-INFO-审核失败
2018-09-07 14:54:50,065-mp_log-INFO-审核失败
2018-09-07 14:54:50,383-mp_log-INFO-已审核
2018-09-07 14:54:50,685-mp_log-INFO-已审核
2018-09-07 14:54:50,966-mp_log-INFO-已审核
2018-09-07 14:54:51,261-mp_log-INFO-已审核
2018-09-07 14:54:51,583-mp_log-INFO-审核失败
2018-09-07 14:54:51,884-mp_log-INFO-已审核
2018-09-07 14:54:52,188-mp_log-INFO-审核失败
2018-09-07 14:54:52,425-mp_log-INFO-已审核
2018-09-07 14:54:52,755-mp_log-INFO-审核失败
2018-09-07 14:54:53,105-mp_log-INFO-已审核
2018-09-07 14:54:53,593-mp_log-INFO-审核失败
2018-09-07 14:54:54,026-mp_log-INFO-审核失败
2018-09-07 14:54:54,443-mp_log-INFO-审核失败
2018-09-07 14:54:54,619-mp_log-INFO-审核失败
2018-09-07 14:54:54,908-mp_log-INFO-已审核
2018-09-07 14:54:55,204-mp_log-INFO-已审核
2018-09-07 14:54:55,705-mp_log-INFO-已审核
2018-09-07 14:54:55,937-mp_log-INFO-已审核
2018-09-07 14:54:56,206-mp_log-INFO-审核失败
2018-09-07 14:54:56,609-mp_log-INFO-已审核
2018-09-07 14:54:56,775-mp_log-INFO-已审核
2018-09-07 14:54:57,036-mp_log-INFO-审核失败
2018-09-07 14:54:57,307-mp_log-INFO-已审核
2018-09-07 14:54:57,607-mp_log-INFO-审核失败
2018-09-07 14:54:58,068-mp_log-INFO-已审核
2018-09-07 14:54:58,278-mp_log-INFO-已审核
2018-09-07 14:54:58,966-mp_log-INFO-审核失败
2018-09-07 14:54:58,992-mp_log-INFO-审核失败
2018-09-07 14:54:59,231-mp_log-INFO-已审核
2018-09-07 14:54:59,445-mp_log-INFO-已审核
2018-09-07 14:54:59,775-mp_log-INFO-已审核
2018-09-07 14:55:00,045-mp_log-INFO-已审核
2018-09-07 14:55:00,297-mp_log-INFO-审核失败
2018-09-07 14:55:00,592-mp_log-INFO-审核失败
2018-09-07 14:55:01,511-mp_log-INFO-已审核
2018-09-07 14:55:01,551-mp_log-INFO-已审核
2018-09-07 14:55:01,824-mp_log-INFO-审核失败
2018-09-07 14:55:01,942-mp_log-INFO-已审核
2018-09-07 14:55:02,162-mp_log-INFO-已审核
2018-09-07 14:55:02,393-mp_log-INFO-已审核
2018-09-07 14:55:02,683-mp_log-INFO-已审核
2018-09-07 14:55:03,334-mp_log-INFO-审核失败
2018-09-07 14:55:03,531-mp_log-INFO-已审核
2018-09-07 14:55:03,619-mp_log-INFO-审核失败
2018-09-07 14:55:03,932-mp_log-INFO-已审核
2018-09-07 14:55:04,208-mp_log-INFO-已审核
2018-09-07 14:55:04,509-mp_log-INFO-审核失败
2018-09-07 14:55:04,948-mp_log-INFO-审核失败
2018-09-07 14:55:05,179-mp_log-INFO-审核失败
2018-09-07 14:55:05,512-mp_log-INFO-已审核
2018-09-07 14:55:05,666-mp_log-INFO-审核失败
2018-09-07 14:55:06,089-mp_log-INFO-已审核
2018-09-07 14:55:06,599-mp_log-INFO-审核失败
2018-09-07 14:55:06,732-mp_log-INFO-已审核
2018-09-07 14:55:07,096-mp_log-INFO-审核失败
2018-09-07 14:55:07,352-mp_log-INFO-审核失败
2018-09-07 14:55:07,720-mp_log-INFO-审核失败
2018-09-07 14:55:07,905-mp_log-INFO-已审核
2018-09-07 14:55:08,117-mp_log-INFO-审核失败
2018-09-07 14:55:08,454-mp_log-INFO-审核失败
2018-09-07 14:55:08,747-mp_log-INFO-已审核
2018-09-07 14:55:09,015-mp_log-INFO-审核失败
2018-09-07 14:55:09,327-mp_log-INFO-审核失败
2018-09-07 14:55:09,648-mp_log-INFO-审核失败
2018-09-07 14:55:10,331-mp_log-INFO-已审核
2018-09-07 14:55:10,420-mp_log-INFO-已审核
2018-09-07 14:55:10,603-mp_log-INFO-审核失败
2018-09-07 14:55:10,858-mp_log-INFO-审核失败
2018-09-07 14:55:11,096-mp_log-INFO-已审核
2018-09-07 14:55:11,427-mp_log-INFO-审核中
2018-09-07 14:55:11,891-mp_log-INFO-审核失败
2018-09-07 14:55:12,029-mp_log-INFO-已审核
2018-09-07 14:55:12,438-mp_log-INFO-已审核
2018-09-07 14:55:12,646-mp_log-INFO-审核失败
2018-09-07 14:55:12,939-mp_log-INFO-审核失败
2018-09-07 14:55:13,285-mp_log-INFO-审核失败
2018-09-07 14:55:13,585-mp_log-INFO-已审核
