2018-09-19 16:12:23,276-Getlogin-INFO-登录成功，获取mp端token.....
2018-09-19 16:12:23,281-mp_log-INFO-token获取成功......
2018-09-19 16:12:26,339-mp_log-INFO-获取所有小程序信息成功......
2018-09-19 16:12:26,908-mp_log-INFO-获取最新模板信息成功.......
2018-09-19 16:12:28,145-mp_log-INFO-审核失败
2018-09-19 16:12:28,216-mp_log-INFO-审核失败
2018-09-19 16:12:28,733-mp_log-INFO-审核失败
2018-09-19 16:12:28,875-mp_log-INFO-审核失败
2018-09-19 16:12:29,201-mp_log-INFO-审核失败
2018-09-19 16:12:29,558-mp_log-INFO-审核失败
2018-09-19 16:12:29,733-mp_log-INFO-审核失败
2018-09-19 16:12:30,064-mp_log-INFO-审核失败
2018-09-19 16:12:30,336-mp_log-INFO-审核失败
2018-09-19 16:12:30,659-mp_log-INFO-审核失败
2018-09-19 16:12:30,987-mp_log-INFO-审核失败
2018-09-19 16:12:31,254-mp_log-INFO-审核失败
2018-09-19 16:12:31,696-mp_log-INFO-审核失败
2018-09-19 16:12:31,997-mp_log-INFO-审核失败
2018-09-19 16:12:32,315-mp_log-INFO-审核失败
2018-09-19 16:12:32,474-mp_log-INFO-审核失败
2018-09-19 16:12:32,761-mp_log-INFO-审核失败
2018-09-19 16:12:33,143-mp_log-INFO-审核失败
2018-09-19 16:12:33,353-mp_log-INFO-审核失败
2018-09-19 16:12:33,990-mp_log-INFO-审核失败
2018-09-19 16:12:34,313-mp_log-INFO-审核失败
2018-09-19 16:12:34,577-mp_log-INFO-审核失败
2018-09-19 16:12:34,687-mp_log-INFO-审核失败
2018-09-19 16:12:34,873-mp_log-INFO-审核失败
2018-09-19 16:12:35,190-mp_log-INFO-审核失败
2018-09-19 16:12:35,531-mp_log-INFO-审核失败
2018-09-19 16:12:35,812-mp_log-INFO-审核失败
2018-09-19 16:12:36,051-mp_log-INFO-审核失败
2018-09-19 16:12:36,359-mp_log-INFO-审核失败
2018-09-19 16:12:36,693-mp_log-INFO-审核失败
2018-09-19 16:12:37,106-mp_log-INFO-审核失败
2018-09-19 16:12:37,349-mp_log-INFO-审核失败
2018-09-19 16:12:37,652-mp_log-INFO-审核失败
2018-09-19 16:12:37,908-mp_log-INFO-审核失败
2018-09-19 16:12:38,172-mp_log-INFO-审核失败
2018-09-19 16:12:38,493-mp_log-INFO-审核失败
2018-09-19 16:12:38,814-mp_log-INFO-审核失败
2018-09-19 16:12:39,042-mp_log-INFO-审核失败
2018-09-19 16:12:39,448-mp_log-INFO-审核失败
2018-09-19 16:12:39,907-mp_log-INFO-审核失败
2018-09-19 16:12:39,990-mp_log-INFO-审核失败
2018-09-19 16:12:40,378-mp_log-INFO-审核失败
2018-09-19 16:12:40,602-mp_log-INFO-审核失败
2018-09-19 16:12:40,846-mp_log-INFO-审核失败
2018-09-19 16:12:41,171-mp_log-INFO-审核失败
2018-09-19 16:12:41,497-mp_log-INFO-审核失败
2018-09-19 16:12:41,779-mp_log-INFO-审核失败
2018-09-19 16:12:42,015-mp_log-INFO-审核失败
2018-09-19 16:12:42,401-mp_log-INFO-审核失败
2018-09-19 16:12:42,731-mp_log-INFO-审核失败
2018-09-19 16:12:43,085-mp_log-INFO-审核失败
2018-09-19 16:12:43,437-mp_log-INFO-审核失败
2018-09-19 16:12:43,753-mp_log-INFO-审核失败
2018-09-19 16:12:43,851-mp_log-INFO-审核失败
2018-09-19 16:12:44,298-mp_log-INFO-审核失败
2018-09-19 16:12:44,581-mp_log-INFO-审核失败
