2018-10-23 18:28:34,473-Getlogin-INFO-登录成功，获取mp端token.....
2018-10-23 18:28:34,475-mp_log-INFO-token获取成功......
2018-10-23 18:28:39,435-mp_log-INFO-获取所有小程序信息成功......
2018-10-23 18:28:39,936-mp_log-INFO-获取最新模板信息成功.......
2018-10-23 18:28:42,190-mp_log-INFO-'webwebviewdomain'
2018-10-23 18:28:42,202-mp_log-INFO-'webwebviewdomain'
2018-10-23 18:28:42,736-mp_log-INFO-'webwebviewdomain'
2018-10-23 18:28:43,718-mp_log-INFO-'webwebviewdomain'
2018-10-23 18:28:44,200-mp_log-INFO-'webwebviewdomain'
2018-10-23 18:28:44,689-mp_log-INFO-'webwebviewdomain'
2018-10-23 18:28:45,209-mp_log-INFO-'webwebviewdomain'
2018-10-23 18:28:45,817-mp_log-INFO-'webwebviewdomain'
2018-10-23 18:28:46,223-mp_log-INFO-'webwebviewdomain'
2018-10-23 18:28:46,836-mp_log-INFO-'webwebviewdomain'
2018-10-23 18:28:47,291-mp_log-INFO-'webwebviewdomain'
2018-10-23 18:28:47,822-mp_log-INFO-'webwebviewdomain'
2018-10-23 18:28:48,323-mp_log-INFO-'webwebviewdomain'
2018-10-23 18:28:48,873-mp_log-INFO-'webwebviewdomain'
2018-10-23 18:28:49,296-mp_log-INFO-'webwebviewdomain'
2018-10-23 18:28:49,858-mp_log-INFO-'webwebviewdomain'
2018-10-23 18:28:50,330-mp_log-INFO-'webwebviewdomain'
2018-10-23 18:28:50,749-mp_log-INFO-'webwebviewdomain'
2018-10-23 18:28:51,193-mp_log-INFO-'webwebviewdomain'
2018-10-23 18:28:52,264-mp_log-INFO-'webwebviewdomain'
2018-10-23 18:28:53,690-mp_log-INFO-'webwebviewdomain'
2018-10-23 18:28:53,773-mp_log-INFO-'webwebviewdomain'
2018-10-23 18:28:53,812-mp_log-INFO-'webwebviewdomain'
2018-10-23 18:28:54,324-mp_log-INFO-'webwebviewdomain'
2018-10-23 18:28:55,070-mp_log-INFO-'webwebviewdomain'
2018-10-23 18:28:55,244-mp_log-INFO-'webwebviewdomain'
2018-10-23 18:28:55,807-mp_log-INFO-'webwebviewdomain'
2018-10-23 18:28:56,244-mp_log-INFO-'webwebviewdomain'
2018-10-23 18:28:56,703-mp_log-INFO-'webwebviewdomain'
2018-10-23 18:28:57,213-mp_log-INFO-'webwebviewdomain'
2018-10-23 18:28:57,860-mp_log-INFO-'webwebviewdomain'
2018-10-23 18:28:58,447-mp_log-INFO-'webwebviewdomain'
2018-10-23 18:28:58,877-mp_log-INFO-'webwebviewdomain'
2018-10-23 18:28:59,284-mp_log-INFO-'webwebviewdomain'
2018-10-23 18:29:00,020-mp_log-INFO-'webwebviewdomain'
2018-10-23 18:29:00,835-mp_log-INFO-'webwebviewdomain'
2018-10-23 18:29:01,035-mp_log-INFO-'webwebviewdomain'
2018-10-23 18:29:01,450-mp_log-INFO-'webwebviewdomain'
2018-10-23 18:29:01,810-mp_log-INFO-'webwebviewdomain'
2018-10-23 18:29:02,828-mp_log-INFO-'webwebviewdomain'
2018-10-23 18:29:03,502-mp_log-INFO-'webwebviewdomain'
2018-10-23 18:29:04,125-mp_log-INFO-'webwebviewdomain'
2018-10-23 18:29:04,364-mp_log-INFO-'webwebviewdomain'
2018-10-23 18:29:05,181-mp_log-INFO-'webwebviewdomain'
2018-10-23 18:29:05,592-mp_log-INFO-'webwebviewdomain'
2018-10-23 18:29:05,948-mp_log-INFO-'webwebviewdomain'
2018-10-23 18:29:06,511-mp_log-INFO-'webwebviewdomain'
2018-10-23 18:29:07,308-mp_log-INFO-'webwebviewdomain'
2018-10-23 18:29:07,667-mp_log-INFO-'webwebviewdomain'
2018-10-23 18:29:08,100-mp_log-INFO-'webwebviewdomain'
2018-10-23 18:29:08,593-mp_log-INFO-'webwebviewdomain'
2018-10-23 18:29:09,174-mp_log-INFO-'webwebviewdomain'
2018-10-23 18:29:09,842-mp_log-INFO-'webwebviewdomain'
2018-10-23 18:29:10,082-mp_log-INFO-'webwebviewdomain'
2018-10-23 18:29:10,727-mp_log-INFO-'webwebviewdomain'
2018-10-23 18:29:11,224-mp_log-INFO-'webwebviewdomain'
2018-10-23 18:29:11,873-mp_log-INFO-'webwebviewdomain'
2018-10-23 18:29:12,212-mp_log-INFO-'webwebviewdomain'
2018-10-23 18:29:12,629-mp_log-INFO-'webwebviewdomain'
2018-10-23 18:29:13,200-mp_log-INFO-'webwebviewdomain'
2018-10-23 18:29:13,932-mp_log-INFO-'webwebviewdomain'
2018-10-23 18:29:14,259-mp_log-INFO-'webwebviewdomain'
2018-10-23 18:29:14,721-mp_log-INFO-'webwebviewdomain'
2018-10-23 18:29:15,192-mp_log-INFO-'webwebviewdomain'
2018-10-23 18:29:15,775-mp_log-INFO-'webwebviewdomain'
2018-10-23 18:29:16,350-mp_log-INFO-'webwebviewdomain'
2018-10-23 18:29:16,710-mp_log-INFO-'webwebviewdomain'
2018-10-23 18:29:17,188-mp_log-INFO-'webwebviewdomain'
2018-10-23 18:29:17,693-mp_log-INFO-'webwebviewdomain'
2018-10-23 18:29:18,402-mp_log-INFO-'webwebviewdomain'
2018-10-23 18:29:18,757-mp_log-INFO-'webwebviewdomain'
2018-10-23 18:29:19,259-mp_log-INFO-'webwebviewdomain'
2018-10-23 18:29:19,727-mp_log-INFO-'webwebviewdomain'
2018-10-23 18:29:20,233-mp_log-INFO-'webwebviewdomain'
2018-10-23 18:29:20,725-mp_log-INFO-'webwebviewdomain'
2018-10-23 18:29:21,169-mp_log-INFO-'webwebviewdomain'
2018-10-23 18:29:21,730-mp_log-INFO-'webwebviewdomain'
2018-10-23 18:29:23,023-mp_log-INFO-'webwebviewdomain'
2018-10-23 18:29:24,007-mp_log-INFO-'webwebviewdomain'
2018-10-23 18:29:24,194-mp_log-INFO-'webwebviewdomain'
2018-10-23 18:29:24,259-mp_log-INFO-'webwebviewdomain'
2018-10-23 18:29:24,277-mp_log-INFO-'webwebviewdomain'
2018-10-23 18:29:24,670-mp_log-INFO-'webwebviewdomain'
2018-10-23 18:29:25,260-mp_log-INFO-'webwebviewdomain'
2018-10-23 18:29:25,746-mp_log-INFO-'webwebviewdomain'
2018-10-23 18:29:26,227-mp_log-INFO-'webwebviewdomain'
2018-10-23 18:29:27,161-mp_log-INFO-'webwebviewdomain'
2018-10-23 18:29:27,517-mp_log-INFO-'webwebviewdomain'
2018-10-23 18:29:27,814-mp_log-INFO-'webwebviewdomain'
2018-10-23 18:29:28,349-mp_log-INFO-'webwebviewdomain'
2018-10-23 18:29:28,754-mp_log-INFO-'webwebviewdomain'
2018-10-23 18:29:29,326-mp_log-INFO-'webwebviewdomain'
2018-10-23 18:29:29,915-mp_log-INFO-'webwebviewdomain'
2018-10-23 18:29:31,112-mp_log-INFO-'webwebviewdomain'
2018-10-23 18:29:31,491-mp_log-INFO-'webwebviewdomain'
2018-10-23 18:29:32,021-mp_log-INFO-'webwebviewdomain'
2018-10-23 18:29:32,353-mp_log-INFO-'webwebviewdomain'
2018-10-23 18:29:32,993-mp_log-INFO-'webwebviewdomain'
2018-10-23 18:29:33,654-mp_log-INFO-'webwebviewdomain'
2018-10-23 18:29:34,044-mp_log-INFO-'webwebviewdomain'
2018-10-23 18:29:34,681-mp_log-INFO-'webwebviewdomain'
2018-10-23 18:29:34,989-mp_log-INFO-'webwebviewdomain'
2018-10-23 18:29:36,361-mp_log-INFO-'webwebviewdomain'
2018-10-23 18:29:36,386-mp_log-INFO-'webwebviewdomain'
2018-10-23 18:29:36,739-mp_log-INFO-'webwebviewdomain'
2018-10-23 18:29:37,129-mp_log-INFO-'webwebviewdomain'
2018-10-23 18:29:37,500-mp_log-INFO-'webwebviewdomain'
2018-10-23 18:29:38,021-mp_log-INFO-'webwebviewdomain'
2018-10-23 18:29:38,542-mp_log-INFO-'webwebviewdomain'
2018-10-23 18:29:39,127-mp_log-INFO-'webwebviewdomain'
2018-10-23 18:29:39,693-mp_log-INFO-'webwebviewdomain'
2018-10-23 18:29:41,303-mp_log-INFO-'webwebviewdomain'
2018-10-23 18:29:41,389-mp_log-INFO-'webwebviewdomain'
2018-10-23 18:29:41,564-mp_log-INFO-'webwebviewdomain'
2018-10-23 18:29:41,634-mp_log-INFO-'webwebviewdomain'
2018-10-23 18:29:42,158-mp_log-INFO-'webwebviewdomain'
2018-10-23 18:29:42,599-mp_log-INFO-'webwebviewdomain'
2018-10-23 18:29:43,156-mp_log-INFO-'webwebviewdomain'
2018-10-23 18:29:43,559-mp_log-INFO-'webwebviewdomain'
2018-10-23 18:29:44,157-mp_log-INFO-'webwebviewdomain'
2018-10-23 18:29:44,651-mp_log-INFO-'webwebviewdomain'
2018-10-23 18:29:45,159-mp_log-INFO-'webwebviewdomain'
2018-10-23 18:29:45,773-mp_log-INFO-'webwebviewdomain'
2018-10-23 18:29:46,216-mp_log-INFO-'webwebviewdomain'
2018-10-23 18:29:46,752-mp_log-INFO-'webwebviewdomain'
2018-10-23 18:29:47,211-mp_log-INFO-'webwebviewdomain'
2018-10-23 18:29:47,700-mp_log-INFO-'webwebviewdomain'
2018-10-23 18:29:48,136-mp_log-INFO-'webwebviewdomain'
2018-10-23 18:29:48,683-mp_log-INFO-'webwebviewdomain'
2018-10-23 18:29:49,282-mp_log-INFO-'webwebviewdomain'
2018-10-23 18:29:49,936-mp_log-INFO-'webwebviewdomain'
2018-10-23 18:29:50,177-mp_log-INFO-'webwebviewdomain'
2018-10-23 18:29:50,788-mp_log-INFO-'webwebviewdomain'
2018-10-23 18:29:51,177-mp_log-INFO-'webwebviewdomain'
2018-10-23 18:29:51,821-mp_log-INFO-'webwebviewdomain'
2018-10-23 18:29:52,266-mp_log-INFO-'webwebviewdomain'
2018-10-23 18:29:52,827-mp_log-INFO-'webwebviewdomain'
2018-10-23 18:29:53,126-mp_log-INFO-'webwebviewdomain'
2018-10-23 18:29:53,835-mp_log-INFO-'webwebviewdomain'
2018-10-23 18:29:54,235-mp_log-INFO-'webwebviewdomain'
2018-10-23 18:29:55,652-mp_log-INFO-'webwebviewdomain'
2018-10-23 18:29:55,777-mp_log-INFO-'webwebviewdomain'
2018-10-23 18:29:55,897-mp_log-INFO-'webwebviewdomain'
2018-10-23 18:29:56,333-mp_log-INFO-'webwebviewdomain'
2018-10-23 18:29:56,760-mp_log-INFO-'webwebviewdomain'
2018-10-23 18:29:57,140-mp_log-INFO-'webwebviewdomain'
2018-10-23 18:29:57,975-mp_log-INFO-'webwebviewdomain'
2018-10-23 18:29:59,160-mp_log-INFO-'webwebviewdomain'
2018-10-23 18:29:59,624-mp_log-INFO-'webwebviewdomain'
2018-10-23 18:29:59,843-mp_log-INFO-'webwebviewdomain'
2018-10-23 18:30:01,231-mp_log-INFO-'webwebviewdomain'
2018-10-23 18:30:01,754-mp_log-INFO-'webwebviewdomain'
2018-10-23 18:30:01,792-mp_log-INFO-'webwebviewdomain'
2018-10-23 18:30:01,834-mp_log-INFO-'webwebviewdomain'
2018-10-23 18:30:01,863-mp_log-INFO-'webwebviewdomain'
2018-10-23 18:30:02,342-mp_log-INFO-'webwebviewdomain'
2018-10-23 18:30:02,851-mp_log-INFO-'webwebviewdomain'
2018-10-23 18:30:03,405-mp_log-INFO-'webwebviewdomain'
2018-10-23 18:30:03,865-mp_log-INFO-'webwebviewdomain'
2018-10-23 18:30:04,298-mp_log-INFO-'webwebviewdomain'
2018-10-23 18:30:04,896-mp_log-INFO-'webwebviewdomain'
2018-10-23 18:30:05,728-mp_log-INFO-'webwebviewdomain'
2018-10-23 18:30:06,158-mp_log-INFO-'webwebviewdomain'
2018-10-23 18:30:06,329-mp_log-INFO-'webwebviewdomain'
2018-10-23 18:30:06,713-mp_log-INFO-'webwebviewdomain'
2018-10-23 18:30:07,218-mp_log-INFO-'webwebviewdomain'
2018-10-23 18:30:07,771-mp_log-INFO-'webwebviewdomain'
2018-10-23 18:30:08,256-mp_log-INFO-'webwebviewdomain'
2018-10-23 18:30:08,601-mp_log-INFO-'data'
2018-10-23 18:30:10,378-mp_log-INFO-'webwebviewdomain'
2018-10-23 18:30:11,809-mp_log-INFO-'webwebviewdomain'
2018-10-23 18:30:13,244-mp_log-INFO-'webwebviewdomain'
2018-10-23 18:30:14,062-mp_log-INFO-'data'
2018-10-23 18:30:14,534-mp_log-INFO-'webwebviewdomain'
2018-10-23 18:30:15,008-mp_log-INFO-'webwebviewdomain'
2018-10-23 18:30:15,324-mp_log-INFO-'webwebviewdomain'
2018-10-23 18:30:15,635-mp_log-INFO-'webwebviewdomain'
2018-10-23 18:30:15,675-mp_log-INFO-'webwebviewdomain'
2018-10-23 18:30:15,828-mp_log-INFO-'webwebviewdomain'
2018-10-23 18:30:15,868-mp_log-INFO-'webwebviewdomain'
