2018-10-23 18:23:32,216-Getlogin-INFO-登录成功，获取mp端token.....
2018-10-23 18:23:32,219-mp_log-INFO-token获取成功......
2018-10-23 18:23:37,109-mp_log-INFO-获取所有小程序信息成功......
2018-10-23 18:23:37,822-mp_log-INFO-获取最新模板信息成功.......
2018-10-23 18:23:39,082-mp_log-INFO-'webwebviewdomain'
2018-10-23 18:23:39,686-mp_log-INFO-'webwebviewdomain'
2018-10-23 18:23:39,925-mp_log-INFO-'webwebviewdomain'
2018-10-23 18:23:40,678-mp_log-INFO-'webwebviewdomain'
2018-10-23 18:23:40,929-mp_log-INFO-'webwebviewdomain'
2018-10-23 18:23:42,143-mp_log-INFO-'webwebviewdomain'
2018-10-23 18:23:42,514-mp_log-INFO-'webwebviewdomain'
2018-10-23 18:23:43,035-mp_log-INFO-'webwebviewdomain'
2018-10-23 18:23:43,542-mp_log-INFO-'webwebviewdomain'
2018-10-23 18:23:44,024-mp_log-INFO-'webwebviewdomain'
2018-10-23 18:23:44,791-mp_log-INFO-'webwebviewdomain'
2018-10-23 18:23:45,087-mp_log-INFO-'webwebviewdomain'
2018-10-23 18:23:45,605-mp_log-INFO-'webwebviewdomain'
2018-10-23 18:23:46,159-mp_log-INFO-'webwebviewdomain'
2018-10-23 18:23:46,724-mp_log-INFO-'webwebviewdomain'
2018-10-23 18:23:47,088-mp_log-INFO-'webwebviewdomain'
2018-10-23 18:23:47,675-mp_log-INFO-'webwebviewdomain'
2018-10-23 18:23:48,188-mp_log-INFO-'webwebviewdomain'
2018-10-23 18:23:48,712-mp_log-INFO-'webwebviewdomain'
2018-10-23 18:23:49,079-mp_log-INFO-'webwebviewdomain'
2018-10-23 18:23:49,476-mp_log-INFO-'webwebviewdomain'
2018-10-23 18:23:49,711-mp_log-INFO-'webwebviewdomain'
2018-10-23 18:23:50,670-mp_log-INFO-'webwebviewdomain'
2018-10-23 18:23:51,261-mp_log-INFO-'webwebviewdomain'
2018-10-23 18:23:51,776-mp_log-INFO-'webwebviewdomain'
2018-10-23 18:23:52,235-mp_log-INFO-'webwebviewdomain'
2018-10-23 18:23:52,626-mp_log-INFO-'webwebviewdomain'
2018-10-23 18:23:53,184-mp_log-INFO-'webwebviewdomain'
2018-10-23 18:23:53,658-mp_log-INFO-'webwebviewdomain'
2018-10-23 18:23:54,162-mp_log-INFO-'webwebviewdomain'
2018-10-23 18:23:54,713-mp_log-INFO-'webwebviewdomain'
2018-10-23 18:23:55,167-mp_log-INFO-'webwebviewdomain'
2018-10-23 18:23:55,664-mp_log-INFO-'webwebviewdomain'
2018-10-23 18:23:56,309-mp_log-INFO-'webwebviewdomain'
2018-10-23 18:23:56,671-mp_log-INFO-'webwebviewdomain'
2018-10-23 18:23:57,188-mp_log-INFO-'webwebviewdomain'
2018-10-23 18:23:57,781-mp_log-INFO-'webwebviewdomain'
2018-10-23 18:23:58,355-mp_log-INFO-'webwebviewdomain'
2018-10-23 18:23:58,900-mp_log-INFO-'webwebviewdomain'
2018-10-23 18:23:59,272-mp_log-INFO-'webwebviewdomain'
2018-10-23 18:23:59,902-mp_log-INFO-'webwebviewdomain'
2018-10-23 18:24:00,695-mp_log-INFO-'webwebviewdomain'
2018-10-23 18:24:01,278-mp_log-INFO-'webwebviewdomain'
2018-10-23 18:24:01,541-mp_log-INFO-'webwebviewdomain'
2018-10-23 18:24:01,723-mp_log-INFO-'webwebviewdomain'
2018-10-23 18:24:02,233-mp_log-INFO-'webwebviewdomain'
2018-10-23 18:24:02,788-mp_log-INFO-'webwebviewdomain'
2018-10-23 18:24:03,347-mp_log-INFO-'webwebviewdomain'
2018-10-23 18:24:03,974-mp_log-INFO-'webwebviewdomain'
2018-10-23 18:24:04,309-mp_log-INFO-'webwebviewdomain'
2018-10-23 18:24:05,059-mp_log-INFO-'webwebviewdomain'
2018-10-23 18:24:05,673-mp_log-INFO-'webwebviewdomain'
2018-10-23 18:24:05,983-mp_log-INFO-'webwebviewdomain'
2018-10-23 18:24:06,811-mp_log-INFO-'webwebviewdomain'
2018-10-23 18:24:07,291-mp_log-INFO-'webwebviewdomain'
2018-10-23 18:24:08,084-mp_log-INFO-'webwebviewdomain'
2018-10-23 18:24:08,371-mp_log-INFO-'webwebviewdomain'
2018-10-23 18:24:09,044-mp_log-INFO-'webwebviewdomain'
2018-10-23 18:24:10,322-mp_log-INFO-'webwebviewdomain'
2018-10-23 18:24:10,545-mp_log-INFO-'webwebviewdomain'
2018-10-23 18:24:10,628-mp_log-INFO-'webwebviewdomain'
2018-10-23 18:24:11,341-mp_log-INFO-'webwebviewdomain'
2018-10-23 18:24:11,591-mp_log-INFO-'webwebviewdomain'
2018-10-23 18:24:12,104-mp_log-INFO-'webwebviewdomain'
2018-10-23 18:24:12,755-mp_log-INFO-'webwebviewdomain'
2018-10-23 18:24:13,036-mp_log-INFO-'webwebviewdomain'
2018-10-23 18:24:13,663-mp_log-INFO-'webwebviewdomain'
2018-10-23 18:24:14,261-mp_log-INFO-'webwebviewdomain'
2018-10-23 18:24:14,747-mp_log-INFO-'webwebviewdomain'
2018-10-23 18:24:15,099-mp_log-INFO-'webwebviewdomain'
2018-10-23 18:24:15,706-mp_log-INFO-'webwebviewdomain'
2018-10-23 18:24:16,389-mp_log-INFO-'webwebviewdomain'
2018-10-23 18:24:16,632-mp_log-INFO-'webwebviewdomain'
2018-10-23 18:24:17,163-mp_log-INFO-'webwebviewdomain'
2018-10-23 18:24:17,617-mp_log-INFO-'webwebviewdomain'
2018-10-23 18:24:18,086-mp_log-INFO-'webwebviewdomain'
2018-10-23 18:24:18,783-mp_log-INFO-'webwebviewdomain'
2018-10-23 18:24:19,247-mp_log-INFO-'webwebviewdomain'
2018-10-23 18:24:19,749-mp_log-INFO-'webwebviewdomain'
2018-10-23 18:24:20,274-mp_log-INFO-'webwebviewdomain'
2018-10-23 18:24:20,806-mp_log-INFO-'webwebviewdomain'
2018-10-23 18:24:21,541-mp_log-INFO-'webwebviewdomain'
2018-10-23 18:24:22,011-mp_log-INFO-'webwebviewdomain'
2018-10-23 18:24:22,645-mp_log-INFO-'webwebviewdomain'
2018-10-23 18:24:23,376-mp_log-INFO-'webwebviewdomain'
2018-10-23 18:24:23,684-mp_log-INFO-'webwebviewdomain'
2018-10-23 18:24:24,090-mp_log-INFO-'webwebviewdomain'
2018-10-23 18:24:24,544-mp_log-INFO-'webwebviewdomain'
2018-10-23 18:24:25,005-mp_log-INFO-'webwebviewdomain'
2018-10-23 18:24:25,573-mp_log-INFO-'webwebviewdomain'
2018-10-23 18:24:26,000-mp_log-INFO-'webwebviewdomain'
2018-10-23 18:24:26,751-mp_log-INFO-'webwebviewdomain'
2018-10-23 18:24:27,086-mp_log-INFO-'webwebviewdomain'
2018-10-23 18:24:27,530-mp_log-INFO-'webwebviewdomain'
2018-10-23 18:24:28,089-mp_log-INFO-'webwebviewdomain'
2018-10-23 18:24:28,364-mp_log-INFO-'webwebviewdomain'
2018-10-23 18:24:28,949-mp_log-INFO-'webwebviewdomain'
2018-10-23 18:24:29,591-mp_log-INFO-'webwebviewdomain'
2018-10-23 18:24:30,068-mp_log-INFO-'webwebviewdomain'
2018-10-23 18:24:30,559-mp_log-INFO-'webwebviewdomain'
2018-10-23 18:24:31,076-mp_log-INFO-'webwebviewdomain'
2018-10-23 18:24:31,499-mp_log-INFO-'webwebviewdomain'
2018-10-23 18:24:32,003-mp_log-INFO-'webwebviewdomain'
2018-10-23 18:24:32,849-mp_log-INFO-'webwebviewdomain'
2018-10-23 18:24:33,410-mp_log-INFO-'webwebviewdomain'
2018-10-23 18:24:33,652-mp_log-INFO-'webwebviewdomain'
2018-10-23 18:24:34,095-mp_log-INFO-'webwebviewdomain'
2018-10-23 18:24:34,551-mp_log-INFO-'webwebviewdomain'
2018-10-23 18:24:35,530-mp_log-INFO-'webwebviewdomain'
2018-10-23 18:24:35,660-mp_log-INFO-'webwebviewdomain'
2018-10-23 18:24:36,031-mp_log-INFO-'webwebviewdomain'
2018-10-23 18:24:36,787-mp_log-INFO-'webwebviewdomain'
2018-10-23 18:24:37,341-mp_log-INFO-'webwebviewdomain'
2018-10-23 18:24:38,034-mp_log-INFO-'webwebviewdomain'
2018-10-23 18:24:38,308-mp_log-INFO-'webwebviewdomain'
2018-10-23 18:24:38,613-mp_log-INFO-'webwebviewdomain'
2018-10-23 18:24:39,230-mp_log-INFO-'webwebviewdomain'
2018-10-23 18:24:39,756-mp_log-INFO-'webwebviewdomain'
2018-10-23 18:24:40,115-mp_log-INFO-'webwebviewdomain'
2018-10-23 18:24:40,573-mp_log-INFO-'webwebviewdomain'
2018-10-23 18:24:41,026-mp_log-INFO-'webwebviewdomain'
2018-10-23 18:24:41,831-mp_log-INFO-'webwebviewdomain'
2018-10-23 18:24:42,105-mp_log-INFO-'webwebviewdomain'
2018-10-23 18:24:42,729-mp_log-INFO-'webwebviewdomain'
2018-10-23 18:24:43,192-mp_log-INFO-'webwebviewdomain'
2018-10-23 18:24:43,936-mp_log-INFO-'webwebviewdomain'
2018-10-23 18:24:44,242-mp_log-INFO-'webwebviewdomain'
2018-10-23 18:24:44,567-mp_log-INFO-'webwebviewdomain'
2018-10-23 18:24:45,348-mp_log-INFO-'webwebviewdomain'
2018-10-23 18:24:45,631-mp_log-INFO-'webwebviewdomain'
2018-10-23 18:24:46,154-mp_log-INFO-'webwebviewdomain'
2018-10-23 18:24:46,782-mp_log-INFO-'webwebviewdomain'
2018-10-23 18:24:47,134-mp_log-INFO-'webwebviewdomain'
2018-10-23 18:24:47,786-mp_log-INFO-'webwebviewdomain'
2018-10-23 18:24:48,333-mp_log-INFO-'webwebviewdomain'
2018-10-23 18:24:48,665-mp_log-INFO-'webwebviewdomain'
2018-10-23 18:24:49,349-mp_log-INFO-'webwebviewdomain'
2018-10-23 18:24:49,579-mp_log-INFO-'webwebviewdomain'
2018-10-23 18:24:50,057-mp_log-INFO-'webwebviewdomain'
2018-10-23 18:24:50,795-mp_log-INFO-'webwebviewdomain'
2018-10-23 18:24:51,312-mp_log-INFO-'webwebviewdomain'
2018-10-23 18:24:51,864-mp_log-INFO-'webwebviewdomain'
2018-10-23 18:24:52,066-mp_log-INFO-'webwebviewdomain'
2018-10-23 18:24:52,782-mp_log-INFO-'webwebviewdomain'
2018-10-23 18:24:53,419-mp_log-INFO-'webwebviewdomain'
2018-10-23 18:24:53,591-mp_log-INFO-'webwebviewdomain'
2018-10-23 18:24:54,200-mp_log-INFO-'webwebviewdomain'
2018-10-23 18:24:54,652-mp_log-INFO-'webwebviewdomain'
2018-10-23 18:24:55,091-mp_log-INFO-'webwebviewdomain'
2018-10-23 18:24:55,654-mp_log-INFO-'webwebviewdomain'
2018-10-23 18:24:56,253-mp_log-INFO-'webwebviewdomain'
2018-10-23 18:24:56,681-mp_log-INFO-'webwebviewdomain'
2018-10-23 18:24:57,103-mp_log-INFO-'webwebviewdomain'
2018-10-23 18:24:57,523-mp_log-INFO-'webwebviewdomain'
2018-10-23 18:24:58,267-mp_log-INFO-'webwebviewdomain'
2018-10-23 18:24:58,942-mp_log-INFO-'webwebviewdomain'
2018-10-23 18:24:59,501-mp_log-INFO-'webwebviewdomain'
2018-10-23 18:25:00,208-mp_log-INFO-'webwebviewdomain'
2018-10-23 18:25:01,275-mp_log-INFO-'webwebviewdomain'
2018-10-23 18:25:01,319-mp_log-INFO-'webwebviewdomain'
2018-10-23 18:25:01,330-mp_log-INFO-'webwebviewdomain'
2018-10-23 18:25:01,786-mp_log-INFO-'webwebviewdomain'
2018-10-23 18:25:02,542-mp_log-INFO-'webwebviewdomain'
2018-10-23 18:25:02,676-mp_log-INFO-'webwebviewdomain'
2018-10-23 18:25:03,148-mp_log-INFO-'webwebviewdomain'
2018-10-23 18:25:03,824-mp_log-INFO-'webwebviewdomain'
2018-10-23 18:25:04,118-mp_log-INFO-'webwebviewdomain'
2018-10-23 18:25:04,785-mp_log-INFO-'webwebviewdomain'
2018-10-23 18:25:05,888-mp_log-INFO-'webwebviewdomain'
2018-10-23 18:25:06,410-mp_log-INFO-'webwebviewdomain'
2018-10-23 18:25:06,467-mp_log-INFO-'webwebviewdomain'
2018-10-23 18:25:06,733-mp_log-INFO-'webwebviewdomain'
2018-10-23 18:25:06,916-mp_log-INFO-'webwebviewdomain'
2018-10-23 18:25:08,057-mp_log-INFO-'webwebviewdomain'
2018-10-23 18:25:08,328-mp_log-INFO-'webwebviewdomain'
2018-10-23 18:25:08,679-mp_log-INFO-'webwebviewdomain'
2018-10-23 18:25:09,194-mp_log-INFO-'webwebviewdomain'
2018-10-23 18:25:09,830-mp_log-INFO-'webwebviewdomain'
2018-10-23 18:25:10,600-mp_log-INFO-'webwebviewdomain'
2018-10-23 18:25:10,983-mp_log-INFO-'webwebviewdomain'
2018-10-23 18:25:11,210-mp_log-INFO-'webwebviewdomain'
2018-10-23 18:25:11,724-mp_log-INFO-'webwebviewdomain'
2018-10-23 18:25:12,421-mp_log-INFO-'webwebviewdomain'
2018-10-23 18:25:12,810-mp_log-INFO-'webwebviewdomain'
