2018-10-08 15:06:01,864-Getlogin-INFO-登录成功，获取mp端token.....
2018-10-08 15:06:01,868-mp_log-INFO-token获取成功......
2018-10-08 15:06:05,196-mp_log-INFO-获取所有小程序信息成功......
2018-10-08 15:06:05,751-mp_log-INFO-获取最新模板信息成功.......
2018-10-08 15:06:07,130-mp_log-INFO-审核失败
2018-10-08 15:06:07,984-mp_log-INFO-已审核
2018-10-08 15:06:08,250-mp_log-INFO-已审核
2018-10-08 15:06:08,703-mp_log-INFO-已审核
2018-10-08 15:06:09,125-mp_log-INFO-审核失败
2018-10-08 15:06:09,328-mp_log-INFO-审核失败
2018-10-08 15:06:09,878-mp_log-INFO-已审核
2018-10-08 15:06:09,929-mp_log-INFO-已审核
2018-10-08 15:06:10,361-mp_log-INFO-已审核
2018-10-08 15:06:10,462-mp_log-INFO-审核失败
2018-10-08 15:06:10,692-mp_log-INFO-审核失败
2018-10-08 15:06:10,874-mp_log-INFO-审核失败
2018-10-08 15:06:11,356-mp_log-INFO-审核失败
2018-10-08 15:06:11,357-mp_log-INFO-已审核
2018-10-08 15:06:11,792-mp_log-INFO-已审核
2018-10-08 15:06:12,537-mp_log-INFO-已审核
2018-10-08 15:06:12,540-mp_log-INFO-已审核
2018-10-08 15:06:13,019-mp_log-INFO-审核失败
2018-10-08 15:06:13,718-mp_log-INFO-已审核
2018-10-08 15:06:13,850-mp_log-INFO-已审核
2018-10-08 15:06:14,118-mp_log-INFO-审核失败
2018-10-08 15:06:14,293-mp_log-INFO-已审核
2018-10-08 15:06:14,511-mp_log-INFO-已审核
2018-10-08 15:06:14,908-mp_log-INFO-已审核
2018-10-08 15:06:15,309-mp_log-INFO-审核失败
2018-10-08 15:06:15,508-mp_log-INFO-已审核
2018-10-08 15:06:16,030-mp_log-INFO-审核失败
2018-10-08 15:06:16,127-mp_log-INFO-已审核
2018-10-08 15:06:16,693-mp_log-INFO-已审核
2018-10-08 15:06:16,830-mp_log-INFO-已审核
2018-10-08 15:06:17,041-mp_log-INFO-审核失败
2018-10-08 15:06:17,087-mp_log-INFO-已审核
2018-10-08 15:06:17,587-mp_log-INFO-已审核
2018-10-08 15:06:18,003-mp_log-INFO-已审核
2018-10-08 15:06:18,074-mp_log-INFO-审核失败
2018-10-08 15:06:18,640-mp_log-INFO-已审核
2018-10-08 15:06:18,905-mp_log-INFO-已审核
2018-10-08 15:06:18,981-mp_log-INFO-已审核
2018-10-08 15:06:19,578-mp_log-INFO-已审核
2018-10-08 15:06:19,688-mp_log-INFO-已审核
2018-10-08 15:06:20,333-mp_log-INFO-已审核
2018-10-08 15:06:20,487-mp_log-INFO-审核失败
2018-10-08 15:06:20,724-mp_log-INFO-审核失败
2018-10-08 15:06:20,870-mp_log-INFO-已审核
2018-10-08 15:06:21,246-mp_log-INFO-已审核
2018-10-08 15:06:21,461-mp_log-INFO-审核失败
2018-10-08 15:06:21,841-mp_log-INFO-已审核
2018-10-08 15:06:22,041-mp_log-INFO-已审核
2018-10-08 15:06:22,430-mp_log-INFO-审核失败
2018-10-08 15:06:22,736-mp_log-INFO-已审核
2018-10-08 15:06:22,930-mp_log-INFO-审核失败
2018-10-08 15:06:23,176-mp_log-INFO-已审核
2018-10-08 15:06:23,503-mp_log-INFO-已审核
2018-10-08 15:06:23,920-mp_log-INFO-已审核
2018-10-08 15:06:24,120-mp_log-INFO-已审核
2018-10-08 15:06:24,373-mp_log-INFO-已审核
2018-10-08 15:06:24,661-mp_log-INFO-已审核
2018-10-08 15:06:24,975-mp_log-INFO-已审核
2018-10-08 15:06:25,627-mp_log-INFO-审核失败
2018-10-08 15:06:25,718-mp_log-INFO-已审核
2018-10-08 15:06:25,845-mp_log-INFO-已审核
2018-10-08 15:06:26,455-mp_log-INFO-已审核
2018-10-08 15:06:26,836-mp_log-INFO-审核失败
2018-10-08 15:06:26,994-mp_log-INFO-已审核
2018-10-08 15:06:27,015-mp_log-INFO-审核失败
2018-10-08 15:06:27,470-mp_log-INFO-已审核
2018-10-08 15:06:28,082-mp_log-INFO-已审核
2018-10-08 15:06:28,374-mp_log-INFO-审核失败
2018-10-08 15:06:28,662-mp_log-INFO-审核失败
2018-10-08 15:06:29,164-mp_log-INFO-审核失败
2018-10-08 15:06:29,443-mp_log-INFO-已审核
2018-10-08 15:06:29,669-mp_log-INFO-审核失败
2018-10-08 15:06:29,870-mp_log-INFO-已审核
2018-10-08 15:06:30,189-mp_log-INFO-已审核
2018-10-08 15:06:30,550-mp_log-INFO-审核失败
2018-10-08 15:06:30,881-mp_log-INFO-已审核
2018-10-08 15:06:31,018-mp_log-INFO-审核失败
2018-10-08 15:06:31,480-mp_log-INFO-已审核
2018-10-08 15:06:31,680-mp_log-INFO-审核失败
2018-10-08 15:06:32,171-mp_log-INFO-已审核
2018-10-08 15:06:32,755-mp_log-INFO-审核失败
2018-10-08 15:06:32,763-mp_log-INFO-已审核
2018-10-08 15:06:33,321-mp_log-INFO-审核失败
2018-10-08 15:06:33,381-mp_log-INFO-已审核
2018-10-08 15:06:33,943-mp_log-INFO-已审核
2018-10-08 15:06:34,023-mp_log-INFO-审核失败
2018-10-08 15:06:34,400-mp_log-INFO-审核失败
2018-10-08 15:06:34,692-mp_log-INFO-已审核
2018-10-08 15:06:34,961-mp_log-INFO-已审核
2018-10-08 15:06:35,283-mp_log-INFO-审核失败
2018-10-08 15:06:35,606-mp_log-INFO-已审核
2018-10-08 15:06:35,724-mp_log-INFO-已审核
2018-10-08 15:06:36,128-mp_log-INFO-审核失败
2018-10-08 15:06:36,429-mp_log-INFO-已审核
2018-10-08 15:06:36,757-mp_log-INFO-已审核
2018-10-08 15:06:37,110-mp_log-INFO-审核失败
2018-10-08 15:06:37,373-mp_log-INFO-已审核
2018-10-08 15:06:37,643-mp_log-INFO-审核失败
2018-10-08 15:06:37,985-mp_log-INFO-审核失败
2018-10-08 15:06:38,200-mp_log-INFO-审核失败
2018-10-08 15:06:38,527-mp_log-INFO-已审核
2018-10-08 15:06:38,851-mp_log-INFO-审核失败
2018-10-08 15:06:39,337-mp_log-INFO-已审核
2018-10-08 15:06:39,467-mp_log-INFO-已审核
2018-10-08 15:06:40,348-mp_log-INFO-已审核
2018-10-08 15:06:40,667-mp_log-INFO-已审核
2018-10-08 15:06:40,907-mp_log-INFO-审核失败
2018-10-08 15:06:41,196-mp_log-INFO-已审核
2018-10-08 15:06:41,371-mp_log-INFO-审核失败
2018-10-08 15:06:41,618-mp_log-INFO-审核失败
2018-10-08 15:06:41,939-mp_log-INFO-审核失败
2018-10-08 15:06:41,982-mp_log-INFO-已审核
2018-10-08 15:06:42,253-mp_log-INFO-已审核
2018-10-08 15:06:42,507-mp_log-INFO-已审核
2018-10-08 15:06:42,832-mp_log-INFO-已审核
2018-10-08 15:06:43,092-mp_log-INFO-审核失败
2018-10-08 15:06:43,411-mp_log-INFO-已审核
2018-10-08 15:06:43,839-mp_log-INFO-审核失败
2018-10-08 15:06:43,924-mp_log-INFO-已审核
2018-10-08 15:06:44,425-mp_log-INFO-已审核
2018-10-08 15:06:44,527-mp_log-INFO-已审核
2018-10-08 15:06:45,083-mp_log-INFO-审核失败
2018-10-08 15:06:45,127-mp_log-INFO-审核失败
2018-10-08 15:06:45,425-mp_log-INFO-已审核
2018-10-08 15:06:45,803-mp_log-INFO-审核失败
2018-10-08 15:06:45,992-mp_log-INFO-已审核
2018-10-08 15:06:46,350-mp_log-INFO-已审核
2018-10-08 15:06:46,707-mp_log-INFO-已审核
2018-10-08 15:06:47,020-mp_log-INFO-审核失败
2018-10-08 15:06:47,341-mp_log-INFO-已审核
2018-10-08 15:06:47,658-mp_log-INFO-已审核
2018-10-08 15:06:47,872-mp_log-INFO-已审核
2018-10-08 15:06:48,157-mp_log-INFO-审核失败
2018-10-08 15:06:48,581-mp_log-INFO-审核失败
2018-10-08 15:06:48,730-mp_log-INFO-已审核
2018-10-08 15:06:48,995-mp_log-INFO-已审核
2018-10-08 15:06:49,608-mp_log-INFO-已审核
2018-10-08 15:06:49,722-mp_log-INFO-已审核
2018-10-08 15:06:50,134-mp_log-INFO-已审核
2018-10-08 15:06:50,714-mp_log-INFO-审核失败
2018-10-08 15:06:50,942-mp_log-INFO-已审核
2018-10-08 15:06:51,139-mp_log-INFO-已审核
2018-10-08 15:06:51,507-mp_log-INFO-已审核
2018-10-08 15:06:51,538-mp_log-INFO-审核失败
2018-10-08 15:06:52,163-mp_log-INFO-已审核
2018-10-08 15:06:52,181-mp_log-INFO-已审核
2018-10-08 15:06:52,458-mp_log-INFO-审核失败
2018-10-08 15:06:52,774-mp_log-INFO-已审核
2018-10-08 15:06:53,139-mp_log-INFO-审核失败
2018-10-08 15:06:53,412-mp_log-INFO-审核失败
2018-10-08 15:06:53,822-mp_log-INFO-已审核
2018-10-08 15:06:53,840-mp_log-INFO-已审核
2018-10-08 15:06:54,201-mp_log-INFO-审核失败
2018-10-08 15:06:54,427-mp_log-INFO-已审核
2018-10-08 15:06:54,688-mp_log-INFO-已审核
2018-10-08 15:06:55,153-mp_log-INFO-已审核
