2018-10-23 18:22:23,345-Getlogin-INFO-登录成功，获取mp端token.....
2018-10-23 18:22:23,348-mp_log-INFO-token获取成功......
2018-10-23 18:22:28,283-mp_log-INFO-获取所有小程序信息成功......
2018-10-23 18:22:28,814-mp_log-INFO-获取最新模板信息成功.......
2018-10-23 18:22:30,156-mp_log-INFO-'webwebviewdomain'
2018-10-23 18:22:30,630-mp_log-INFO-'webwebviewdomain'
2018-10-23 18:22:30,713-mp_log-INFO-'webwebviewdomain'
2018-10-23 18:22:31,425-mp_log-INFO-'webwebviewdomain'
2018-10-23 18:22:31,737-mp_log-INFO-'webwebviewdomain'
2018-10-23 18:22:32,749-mp_log-INFO-'webwebviewdomain'
2018-10-23 18:22:33,201-mp_log-INFO-'webwebviewdomain'
2018-10-23 18:22:33,745-mp_log-INFO-'webwebviewdomain'
2018-10-23 18:22:34,084-mp_log-INFO-'webwebviewdomain'
2018-10-23 18:22:34,703-mp_log-INFO-'webwebviewdomain'
2018-10-23 18:22:35,261-mp_log-INFO-'webwebviewdomain'
2018-10-23 18:22:35,612-mp_log-INFO-'webwebviewdomain'
2018-10-23 18:22:36,155-mp_log-INFO-'webwebviewdomain'
2018-10-23 18:22:37,101-mp_log-INFO-'webwebviewdomain'
2018-10-23 18:22:37,251-mp_log-INFO-'webwebviewdomain'
2018-10-23 18:22:37,602-mp_log-INFO-'webwebviewdomain'
2018-10-23 18:22:38,254-mp_log-INFO-'webwebviewdomain'
2018-10-23 18:22:38,600-mp_log-INFO-'webwebviewdomain'
2018-10-23 18:22:39,168-mp_log-INFO-'webwebviewdomain'
2018-10-23 18:22:39,647-mp_log-INFO-'webwebviewdomain'
2018-10-23 18:22:39,946-mp_log-INFO-'webwebviewdomain'
2018-10-23 18:22:40,354-mp_log-INFO-'webwebviewdomain'
2018-10-23 18:22:41,117-mp_log-INFO-'webwebviewdomain'
2018-10-23 18:22:41,689-mp_log-INFO-'webwebviewdomain'
2018-10-23 18:22:42,121-mp_log-INFO-'webwebviewdomain'
2018-10-23 18:22:42,573-mp_log-INFO-'webwebviewdomain'
2018-10-23 18:22:43,084-mp_log-INFO-'webwebviewdomain'
2018-10-23 18:22:43,604-mp_log-INFO-'webwebviewdomain'
2018-10-23 18:22:44,123-mp_log-INFO-'webwebviewdomain'
2018-10-23 18:22:44,789-mp_log-INFO-'webwebviewdomain'
2018-10-23 18:22:45,088-mp_log-INFO-'webwebviewdomain'
2018-10-23 18:22:45,529-mp_log-INFO-'webwebviewdomain'
2018-10-23 18:22:46,101-mp_log-INFO-'webwebviewdomain'
2018-10-23 18:22:46,726-mp_log-INFO-'webwebviewdomain'
2018-10-23 18:22:47,139-mp_log-INFO-'webwebviewdomain'
2018-10-23 18:22:47,589-mp_log-INFO-'webwebviewdomain'
2018-10-23 18:22:48,121-mp_log-INFO-'webwebviewdomain'
2018-10-23 18:22:48,613-mp_log-INFO-'webwebviewdomain'
2018-10-23 18:22:49,133-mp_log-INFO-'webwebviewdomain'
2018-10-23 18:22:49,613-mp_log-INFO-'webwebviewdomain'
2018-10-23 18:22:50,087-mp_log-INFO-'webwebviewdomain'
2018-10-23 18:22:50,595-mp_log-INFO-'webwebviewdomain'
2018-10-23 18:22:51,088-mp_log-INFO-'webwebviewdomain'
2018-10-23 18:22:51,738-mp_log-INFO-'webwebviewdomain'
2018-10-23 18:22:52,224-mp_log-INFO-'webwebviewdomain'
2018-10-23 18:22:53,005-mp_log-INFO-'webwebviewdomain'
2018-10-23 18:22:53,188-mp_log-INFO-'webwebviewdomain'
2018-10-23 18:22:53,632-mp_log-INFO-'webwebviewdomain'
2018-10-23 18:22:54,120-mp_log-INFO-'webwebviewdomain'
2018-10-23 18:22:54,696-mp_log-INFO-'webwebviewdomain'
2018-10-23 18:22:55,219-mp_log-INFO-'webwebviewdomain'
2018-10-23 18:22:55,734-mp_log-INFO-'webwebviewdomain'
2018-10-23 18:22:56,132-mp_log-INFO-'webwebviewdomain'
2018-10-23 18:22:56,595-mp_log-INFO-'webwebviewdomain'
2018-10-23 18:22:57,147-mp_log-INFO-'webwebviewdomain'
2018-10-23 18:22:57,684-mp_log-INFO-'webwebviewdomain'
2018-10-23 18:22:58,268-mp_log-INFO-'webwebviewdomain'
2018-10-23 18:22:58,845-mp_log-INFO-'webwebviewdomain'
2018-10-23 18:22:59,198-mp_log-INFO-'webwebviewdomain'
2018-10-23 18:23:00,519-mp_log-INFO-'webwebviewdomain'
2018-10-23 18:23:01,031-mp_log-INFO-'webwebviewdomain'
2018-10-23 18:23:01,094-mp_log-INFO-'webwebviewdomain'
2018-10-23 18:23:01,529-mp_log-INFO-'webwebviewdomain'
2018-10-23 18:23:01,690-mp_log-INFO-'webwebviewdomain'
2018-10-23 18:23:02,151-mp_log-INFO-'webwebviewdomain'
2018-10-23 18:23:02,684-mp_log-INFO-'webwebviewdomain'
2018-10-23 18:23:03,167-mp_log-INFO-'webwebviewdomain'
2018-10-23 18:23:03,640-mp_log-INFO-'webwebviewdomain'
2018-10-23 18:23:04,300-mp_log-INFO-'webwebviewdomain'
2018-10-23 18:23:04,647-mp_log-INFO-'webwebviewdomain'
2018-10-23 18:23:05,538-mp_log-INFO-'webwebviewdomain'
2018-10-23 18:23:05,784-mp_log-INFO-'webwebviewdomain'
2018-10-23 18:23:06,194-mp_log-INFO-'webwebviewdomain'
2018-10-23 18:23:06,666-mp_log-INFO-'webwebviewdomain'
2018-10-23 18:23:07,202-mp_log-INFO-'webwebviewdomain'
2018-10-23 18:23:07,687-mp_log-INFO-'webwebviewdomain'
2018-10-23 18:23:08,268-mp_log-INFO-'webwebviewdomain'
2018-10-23 18:23:08,771-mp_log-INFO-'webwebviewdomain'
2018-10-23 18:23:09,221-mp_log-INFO-'webwebviewdomain'
2018-10-23 18:23:09,806-mp_log-INFO-'webwebviewdomain'
2018-10-23 18:23:10,228-mp_log-INFO-'webwebviewdomain'
2018-10-23 18:23:10,905-mp_log-INFO-'webwebviewdomain'
2018-10-23 18:23:11,175-mp_log-INFO-'webwebviewdomain'
2018-10-23 18:23:11,712-mp_log-INFO-'webwebviewdomain'
2018-10-23 18:23:12,237-mp_log-INFO-'webwebviewdomain'
2018-10-23 18:23:12,666-mp_log-INFO-'webwebviewdomain'
2018-10-23 18:23:13,121-mp_log-INFO-'webwebviewdomain'
2018-10-23 18:23:13,870-mp_log-INFO-'webwebviewdomain'
2018-10-23 18:23:14,198-mp_log-INFO-'webwebviewdomain'
2018-10-23 18:23:14,743-mp_log-INFO-'webwebviewdomain'
2018-10-23 18:23:15,831-mp_log-INFO-'webwebviewdomain'
2018-10-23 18:23:15,962-mp_log-INFO-'webwebviewdomain'
2018-10-23 18:23:16,249-mp_log-INFO-'webwebviewdomain'
2018-10-23 18:23:16,747-mp_log-INFO-'webwebviewdomain'
2018-10-23 18:23:17,360-mp_log-INFO-'webwebviewdomain'
2018-10-23 18:23:17,525-mp_log-INFO-'webwebviewdomain'
2018-10-23 18:23:17,643-mp_log-INFO-'webwebviewdomain'
2018-10-23 18:23:19,032-mp_log-INFO-'webwebviewdomain'
2018-10-23 18:23:19,212-mp_log-INFO-'webwebviewdomain'
2018-10-23 18:23:19,797-mp_log-INFO-'webwebviewdomain'
2018-10-23 18:23:20,247-mp_log-INFO-'webwebviewdomain'
2018-10-23 18:23:20,686-mp_log-INFO-'webwebviewdomain'
2018-10-23 18:23:21,243-mp_log-INFO-'webwebviewdomain'
2018-10-23 18:23:21,690-mp_log-INFO-'webwebviewdomain'
2018-10-23 18:23:22,250-mp_log-INFO-'webwebviewdomain'
2018-10-23 18:23:22,700-mp_log-INFO-'webwebviewdomain'
2018-10-23 18:23:23,225-mp_log-INFO-'webwebviewdomain'
2018-10-23 18:23:23,887-mp_log-INFO-'webwebviewdomain'
2018-10-23 18:23:24,302-mp_log-INFO-'webwebviewdomain'
2018-10-23 18:23:24,751-mp_log-INFO-'webwebviewdomain'
2018-10-23 18:23:25,248-mp_log-INFO-'webwebviewdomain'
2018-10-23 18:23:25,743-mp_log-INFO-'webwebviewdomain'
2018-10-23 18:23:26,286-mp_log-INFO-'webwebviewdomain'
2018-10-23 18:23:26,979-mp_log-INFO-'webwebviewdomain'
2018-10-23 18:23:27,268-mp_log-INFO-'webwebviewdomain'
2018-10-23 18:23:27,752-mp_log-INFO-'webwebviewdomain'
2018-10-23 18:23:28,351-mp_log-INFO-'webwebviewdomain'
2018-10-23 18:23:28,917-mp_log-INFO-'webwebviewdomain'
2018-10-23 18:23:29,255-mp_log-INFO-'webwebviewdomain'
2018-10-23 18:23:29,670-mp_log-INFO-'webwebviewdomain'
2018-10-23 18:23:30,252-mp_log-INFO-'webwebviewdomain'
2018-10-23 18:23:30,636-mp_log-INFO-'webwebviewdomain'
2018-10-23 18:23:31,261-mp_log-INFO-'webwebviewdomain'
2018-10-23 18:23:31,811-mp_log-INFO-'webwebviewdomain'
2018-10-23 18:23:32,306-mp_log-INFO-'webwebviewdomain'
2018-10-23 18:23:32,744-mp_log-INFO-'webwebviewdomain'
2018-10-23 18:23:33,428-mp_log-INFO-'webwebviewdomain'
2018-10-23 18:23:33,889-mp_log-INFO-'webwebviewdomain'
2018-10-23 18:23:34,244-mp_log-INFO-'webwebviewdomain'
2018-10-23 18:23:34,780-mp_log-INFO-'webwebviewdomain'
2018-10-23 18:23:35,262-mp_log-INFO-'webwebviewdomain'
2018-10-23 18:23:35,749-mp_log-INFO-'webwebviewdomain'
2018-10-23 18:23:36,261-mp_log-INFO-'webwebviewdomain'
2018-10-23 18:23:36,840-mp_log-INFO-'webwebviewdomain'
2018-10-23 18:23:37,736-mp_log-INFO-'webwebviewdomain'
2018-10-23 18:23:37,913-mp_log-INFO-'webwebviewdomain'
2018-10-23 18:23:38,561-mp_log-INFO-'webwebviewdomain'
2018-10-23 18:23:38,774-mp_log-INFO-'webwebviewdomain'
2018-10-23 18:23:39,249-mp_log-INFO-'webwebviewdomain'
2018-10-23 18:23:40,011-mp_log-INFO-'webwebviewdomain'
2018-10-23 18:23:40,508-mp_log-INFO-'webwebviewdomain'
2018-10-23 18:23:40,918-mp_log-INFO-'webwebviewdomain'
2018-10-23 18:23:41,718-mp_log-INFO-'webwebviewdomain'
2018-10-23 18:23:42,066-mp_log-INFO-'webwebviewdomain'
2018-10-23 18:23:42,482-mp_log-INFO-'webwebviewdomain'
2018-10-23 18:23:43,570-mp_log-INFO-'webwebviewdomain'
2018-10-23 18:23:43,960-mp_log-INFO-'webwebviewdomain'
2018-10-23 18:23:44,829-mp_log-INFO-'webwebviewdomain'
2018-10-23 18:23:45,895-mp_log-INFO-'webwebviewdomain'
2018-10-23 18:23:46,427-mp_log-INFO-'webwebviewdomain'
2018-10-23 18:23:46,490-mp_log-INFO-'webwebviewdomain'
2018-10-23 18:23:46,925-mp_log-INFO-'webwebviewdomain'
2018-10-23 18:23:47,375-mp_log-INFO-'webwebviewdomain'
2018-10-23 18:23:47,923-mp_log-INFO-'webwebviewdomain'
2018-10-23 18:23:48,423-mp_log-INFO-'webwebviewdomain'
2018-10-23 18:23:48,963-mp_log-INFO-'webwebviewdomain'
2018-10-23 18:23:49,455-mp_log-INFO-'webwebviewdomain'
2018-10-23 18:23:49,906-mp_log-INFO-'webwebviewdomain'
2018-10-23 18:23:50,429-mp_log-INFO-'webwebviewdomain'
2018-10-23 18:23:50,956-mp_log-INFO-'webwebviewdomain'
2018-10-23 18:23:51,892-mp_log-INFO-'webwebviewdomain'
2018-10-23 18:23:52,025-mp_log-INFO-'webwebviewdomain'
2018-10-23 18:23:52,520-mp_log-INFO-'webwebviewdomain'
2018-10-23 18:23:53,002-mp_log-INFO-'webwebviewdomain'
2018-10-23 18:23:53,514-mp_log-INFO-'webwebviewdomain'
2018-10-23 18:23:54,086-mp_log-INFO-'webwebviewdomain'
2018-10-23 18:23:54,490-mp_log-INFO-'webwebviewdomain'
2018-10-23 18:23:54,989-mp_log-INFO-'webwebviewdomain'
2018-10-23 18:23:55,520-mp_log-INFO-'webwebviewdomain'
2018-10-23 18:23:56,202-mp_log-INFO-'webwebviewdomain'
2018-10-23 18:23:56,539-mp_log-INFO-'webwebviewdomain'
2018-10-23 18:23:57,044-mp_log-INFO-'webwebviewdomain'
2018-10-23 18:23:57,191-mp_log-INFO-'webwebviewdomain'
2018-10-23 18:23:58,097-mp_log-INFO-'webwebviewdomain'
2018-10-23 18:23:58,707-mp_log-INFO-'webwebviewdomain'
2018-10-23 18:23:59,118-mp_log-INFO-'webwebviewdomain'
2018-10-23 18:23:59,941-mp_log-INFO-'webwebviewdomain'
2018-10-23 18:24:00,868-mp_log-INFO-'webwebviewdomain'
2018-10-23 18:24:01,280-mp_log-INFO-'webwebviewdomain'
2018-10-23 18:24:01,517-mp_log-INFO-'webwebviewdomain'
2018-10-23 18:24:01,683-mp_log-INFO-'webwebviewdomain'
2018-10-23 18:24:02,167-mp_log-INFO-'webwebviewdomain'
2018-10-23 18:24:02,735-mp_log-INFO-'webwebviewdomain'
2018-10-23 18:24:03,168-mp_log-INFO-'webwebviewdomain'
