2018-10-23 18:24:26,208-Getlogin-INFO-登录成功，获取mp端token.....
2018-10-23 18:24:26,213-mp_log-INFO-token获取成功......
2018-10-23 18:24:31,029-mp_log-INFO-获取所有小程序信息成功......
2018-10-23 18:24:31,438-mp_log-INFO-获取最新模板信息成功.......
2018-10-23 18:24:32,874-mp_log-INFO-'webwebviewdomain'
2018-10-23 18:24:33,039-mp_log-INFO-'webwebviewdomain'
2018-10-23 18:24:33,261-mp_log-INFO-'webwebviewdomain'
2018-10-23 18:24:34,131-mp_log-INFO-'webwebviewdomain'
2018-10-23 18:24:34,173-mp_log-INFO-'webwebviewdomain'
2018-10-23 18:24:35,217-mp_log-INFO-'webwebviewdomain'
2018-10-23 18:24:35,724-mp_log-INFO-'webwebviewdomain'
2018-10-23 18:24:36,213-mp_log-INFO-'webwebviewdomain'
2018-10-23 18:24:37,041-mp_log-INFO-'webwebviewdomain'
2018-10-23 18:24:37,762-mp_log-INFO-'webwebviewdomain'
2018-10-23 18:24:37,907-mp_log-INFO-'webwebviewdomain'
2018-10-23 18:24:38,376-mp_log-INFO-'webwebviewdomain'
2018-10-23 18:24:38,847-mp_log-INFO-'webwebviewdomain'
2018-10-23 18:24:39,331-mp_log-INFO-'webwebviewdomain'
2018-10-23 18:24:39,658-mp_log-INFO-'webwebviewdomain'
2018-10-23 18:24:40,167-mp_log-INFO-'webwebviewdomain'
2018-10-23 18:24:40,794-mp_log-INFO-'webwebviewdomain'
2018-10-23 18:24:41,523-mp_log-INFO-'webwebviewdomain'
2018-10-23 18:24:41,750-mp_log-INFO-'webwebviewdomain'
2018-10-23 18:24:42,198-mp_log-INFO-'webwebviewdomain'
2018-10-23 18:24:42,709-mp_log-INFO-'webwebviewdomain'
2018-10-23 18:24:42,958-mp_log-INFO-'webwebviewdomain'
2018-10-23 18:24:44,024-mp_log-INFO-'webwebviewdomain'
2018-10-23 18:24:44,303-mp_log-INFO-'webwebviewdomain'
2018-10-23 18:24:44,926-mp_log-INFO-'webwebviewdomain'
2018-10-23 18:24:45,320-mp_log-INFO-'webwebviewdomain'
2018-10-23 18:24:45,639-mp_log-INFO-'webwebviewdomain'
2018-10-23 18:24:46,278-mp_log-INFO-'webwebviewdomain'
2018-10-23 18:24:46,757-mp_log-INFO-'webwebviewdomain'
2018-10-23 18:24:47,410-mp_log-INFO-'webwebviewdomain'
2018-10-23 18:24:47,728-mp_log-INFO-'webwebviewdomain'
2018-10-23 18:24:48,255-mp_log-INFO-'webwebviewdomain'
2018-10-23 18:24:48,818-mp_log-INFO-'webwebviewdomain'
2018-10-23 18:24:49,355-mp_log-INFO-'webwebviewdomain'
2018-10-23 18:24:49,752-mp_log-INFO-'webwebviewdomain'
2018-10-23 18:24:50,275-mp_log-INFO-'webwebviewdomain'
2018-10-23 18:24:50,959-mp_log-INFO-'webwebviewdomain'
2018-10-23 18:24:51,400-mp_log-INFO-'webwebviewdomain'
2018-10-23 18:24:52,034-mp_log-INFO-'webwebviewdomain'
2018-10-23 18:24:52,169-mp_log-INFO-'webwebviewdomain'
2018-10-23 18:24:52,718-mp_log-INFO-'webwebviewdomain'
2018-10-23 18:24:53,306-mp_log-INFO-'webwebviewdomain'
2018-10-23 18:24:53,912-mp_log-INFO-'webwebviewdomain'
2018-10-23 18:24:54,289-mp_log-INFO-'webwebviewdomain'
2018-10-23 18:24:54,710-mp_log-INFO-'webwebviewdomain'
2018-10-23 18:24:55,188-mp_log-INFO-'webwebviewdomain'
2018-10-23 18:24:55,774-mp_log-INFO-'webwebviewdomain'
2018-10-23 18:24:56,260-mp_log-INFO-'webwebviewdomain'
2018-10-23 18:24:56,678-mp_log-INFO-'webwebviewdomain'
2018-10-23 18:24:57,187-mp_log-INFO-'webwebviewdomain'
2018-10-23 18:24:58,128-mp_log-INFO-'webwebviewdomain'
2018-10-23 18:24:58,512-mp_log-INFO-'webwebviewdomain'
2018-10-23 18:24:59,473-mp_log-INFO-'webwebviewdomain'
2018-10-23 18:24:59,823-mp_log-INFO-'webwebviewdomain'
2018-10-23 18:25:00,533-mp_log-INFO-'webwebviewdomain'
2018-10-23 18:25:01,142-mp_log-INFO-'webwebviewdomain'
2018-10-23 18:25:01,553-mp_log-INFO-'webwebviewdomain'
2018-10-23 18:25:01,694-mp_log-INFO-'webwebviewdomain'
2018-10-23 18:25:01,945-mp_log-INFO-'webwebviewdomain'
2018-10-23 18:25:02,500-mp_log-INFO-'webwebviewdomain'
2018-10-23 18:25:02,895-mp_log-INFO-'webwebviewdomain'
2018-10-23 18:25:03,239-mp_log-INFO-'webwebviewdomain'
2018-10-23 18:25:03,779-mp_log-INFO-'webwebviewdomain'
2018-10-23 18:25:04,226-mp_log-INFO-'webwebviewdomain'
2018-10-23 18:25:05,836-mp_log-INFO-'webwebviewdomain'
2018-10-23 18:25:05,920-mp_log-INFO-'webwebviewdomain'
2018-10-23 18:25:06,148-mp_log-INFO-'webwebviewdomain'
2018-10-23 18:25:06,463-mp_log-INFO-'webwebviewdomain'
2018-10-23 18:25:07,007-mp_log-INFO-'webwebviewdomain'
2018-10-23 18:25:07,529-mp_log-INFO-'webwebviewdomain'
2018-10-23 18:25:08,430-mp_log-INFO-'webwebviewdomain'
2018-10-23 18:25:08,462-mp_log-INFO-'webwebviewdomain'
2018-10-23 18:25:08,999-mp_log-INFO-'webwebviewdomain'
2018-10-23 18:25:09,579-mp_log-INFO-'webwebviewdomain'
2018-10-23 18:25:10,430-mp_log-INFO-'webwebviewdomain'
2018-10-23 18:25:10,840-mp_log-INFO-'webwebviewdomain'
2018-10-23 18:25:11,014-mp_log-INFO-'webwebviewdomain'
2018-10-23 18:25:11,537-mp_log-INFO-'webwebviewdomain'
2018-10-23 18:25:12,147-mp_log-INFO-'webwebviewdomain'
2018-10-23 18:25:12,634-mp_log-INFO-'webwebviewdomain'
2018-10-23 18:25:13,201-mp_log-INFO-'webwebviewdomain'
2018-10-23 18:25:13,604-mp_log-INFO-'webwebviewdomain'
2018-10-23 18:25:14,307-mp_log-INFO-'webwebviewdomain'
2018-10-23 18:25:14,899-mp_log-INFO-'webwebviewdomain'
2018-10-23 18:25:15,240-mp_log-INFO-'webwebviewdomain'
2018-10-23 18:25:15,782-mp_log-INFO-'webwebviewdomain'
2018-10-23 18:25:16,176-mp_log-INFO-'webwebviewdomain'
2018-10-23 18:25:16,873-mp_log-INFO-'webwebviewdomain'
2018-10-23 18:25:17,267-mp_log-INFO-'webwebviewdomain'
2018-10-23 18:25:17,759-mp_log-INFO-'webwebviewdomain'
2018-10-23 18:25:18,762-mp_log-INFO-'webwebviewdomain'
2018-10-23 18:25:18,950-mp_log-INFO-'webwebviewdomain'
2018-10-23 18:25:19,464-mp_log-INFO-'webwebviewdomain'
2018-10-23 18:25:20,015-mp_log-INFO-'webwebviewdomain'
2018-10-23 18:25:20,566-mp_log-INFO-'webwebviewdomain'
2018-10-23 18:25:20,832-mp_log-INFO-'webwebviewdomain'
2018-10-23 18:25:21,095-mp_log-INFO-'webwebviewdomain'
2018-10-23 18:25:21,961-mp_log-INFO-'webwebviewdomain'
2018-10-23 18:25:22,716-mp_log-INFO-'webwebviewdomain'
2018-10-23 18:25:23,425-mp_log-INFO-'webwebviewdomain'
2018-10-23 18:25:23,575-mp_log-INFO-'webwebviewdomain'
2018-10-23 18:25:24,071-mp_log-INFO-'webwebviewdomain'
2018-10-23 18:25:24,464-mp_log-INFO-'webwebviewdomain'
2018-10-23 18:25:24,981-mp_log-INFO-'webwebviewdomain'
2018-10-23 18:25:25,610-mp_log-INFO-'webwebviewdomain'
2018-10-23 18:25:26,291-mp_log-INFO-'webwebviewdomain'
2018-10-23 18:25:27,115-mp_log-INFO-'webwebviewdomain'
2018-10-23 18:25:27,422-mp_log-INFO-'webwebviewdomain'
2018-10-23 18:25:28,897-mp_log-INFO-'webwebviewdomain'
2018-10-23 18:25:28,934-mp_log-INFO-'webwebviewdomain'
2018-10-23 18:25:29,013-mp_log-INFO-'webwebviewdomain'
2018-10-23 18:25:29,839-mp_log-INFO-'webwebviewdomain'
2018-10-23 18:25:30,649-mp_log-INFO-'webwebviewdomain'
2018-10-23 18:25:30,819-mp_log-INFO-'webwebviewdomain'
2018-10-23 18:25:31,494-mp_log-INFO-'webwebviewdomain'
2018-10-23 18:25:31,793-mp_log-INFO-'webwebviewdomain'
2018-10-23 18:25:32,167-mp_log-INFO-'webwebviewdomain'
2018-10-23 18:25:32,693-mp_log-INFO-'webwebviewdomain'
2018-10-23 18:25:33,361-mp_log-INFO-'webwebviewdomain'
2018-10-23 18:25:33,725-mp_log-INFO-'webwebviewdomain'
2018-10-23 18:25:34,208-mp_log-INFO-'webwebviewdomain'
2018-10-23 18:25:34,737-mp_log-INFO-'webwebviewdomain'
2018-10-23 18:25:35,280-mp_log-INFO-'webwebviewdomain'
2018-10-23 18:25:35,966-mp_log-INFO-'webwebviewdomain'
2018-10-23 18:25:36,344-mp_log-INFO-'webwebviewdomain'
2018-10-23 18:25:36,666-mp_log-INFO-'webwebviewdomain'
2018-10-23 18:25:37,330-mp_log-INFO-'webwebviewdomain'
2018-10-23 18:25:37,730-mp_log-INFO-'webwebviewdomain'
2018-10-23 18:25:38,295-mp_log-INFO-'webwebviewdomain'
2018-10-23 18:25:38,643-mp_log-INFO-'webwebviewdomain'
2018-10-23 18:25:39,265-mp_log-INFO-'webwebviewdomain'
2018-10-23 18:25:39,757-mp_log-INFO-'webwebviewdomain'
2018-10-23 18:25:40,300-mp_log-INFO-'webwebviewdomain'
2018-10-23 18:25:41,287-mp_log-INFO-'webwebviewdomain'
2018-10-23 18:25:41,656-mp_log-INFO-'webwebviewdomain'
2018-10-23 18:25:42,157-mp_log-INFO-'webwebviewdomain'
2018-10-23 18:25:42,750-mp_log-INFO-'webwebviewdomain'
2018-10-23 18:25:43,231-mp_log-INFO-'webwebviewdomain'
2018-10-23 18:25:43,757-mp_log-INFO-'webwebviewdomain'
2018-10-23 18:25:44,317-mp_log-INFO-'webwebviewdomain'
2018-10-23 18:25:44,853-mp_log-INFO-'webwebviewdomain'
2018-10-23 18:25:45,300-mp_log-INFO-'webwebviewdomain'
2018-10-23 18:25:45,844-mp_log-INFO-'webwebviewdomain'
2018-10-23 18:25:46,287-mp_log-INFO-'webwebviewdomain'
2018-10-23 18:25:46,799-mp_log-INFO-'webwebviewdomain'
2018-10-23 18:25:47,236-mp_log-INFO-'webwebviewdomain'
2018-10-23 18:25:47,692-mp_log-INFO-'webwebviewdomain'
2018-10-23 18:25:48,236-mp_log-INFO-'webwebviewdomain'
2018-10-23 18:25:48,719-mp_log-INFO-'webwebviewdomain'
2018-10-23 18:25:49,203-mp_log-INFO-'webwebviewdomain'
2018-10-23 18:25:49,774-mp_log-INFO-'webwebviewdomain'
2018-10-23 18:25:50,269-mp_log-INFO-'webwebviewdomain'
2018-10-23 18:25:50,687-mp_log-INFO-'webwebviewdomain'
2018-10-23 18:25:51,078-mp_log-INFO-'webwebviewdomain'
2018-10-23 18:25:51,621-mp_log-INFO-'webwebviewdomain'
2018-10-23 18:25:52,121-mp_log-INFO-'webwebviewdomain'
2018-10-23 18:25:52,678-mp_log-INFO-'webwebviewdomain'
2018-10-23 18:25:53,082-mp_log-INFO-'webwebviewdomain'
2018-10-23 18:25:53,627-mp_log-INFO-'webwebviewdomain'
2018-10-23 18:25:54,123-mp_log-INFO-'webwebviewdomain'
2018-10-23 18:25:54,628-mp_log-INFO-'webwebviewdomain'
2018-10-23 18:25:55,355-mp_log-INFO-'webwebviewdomain'
2018-10-23 18:25:55,664-mp_log-INFO-'webwebviewdomain'
2018-10-23 18:25:56,141-mp_log-INFO-'webwebviewdomain'
2018-10-23 18:25:56,651-mp_log-INFO-'webwebviewdomain'
2018-10-23 18:25:57,167-mp_log-INFO-'webwebviewdomain'
2018-10-23 18:25:57,774-mp_log-INFO-'webwebviewdomain'
2018-10-23 18:25:58,505-mp_log-INFO-'webwebviewdomain'
2018-10-23 18:25:58,726-mp_log-INFO-'webwebviewdomain'
2018-10-23 18:25:59,240-mp_log-INFO-'webwebviewdomain'
2018-10-23 18:25:59,851-mp_log-INFO-'webwebviewdomain'
2018-10-23 18:26:00,852-mp_log-INFO-'webwebviewdomain'
2018-10-23 18:26:00,858-mp_log-INFO-'webwebviewdomain'
2018-10-23 18:26:01,566-mp_log-INFO-'webwebviewdomain'
2018-10-23 18:26:01,687-mp_log-INFO-'webwebviewdomain'
2018-10-23 18:26:02,135-mp_log-INFO-'webwebviewdomain'
2018-10-23 18:26:02,942-mp_log-INFO-'webwebviewdomain'
2018-10-23 18:26:03,244-mp_log-INFO-'webwebviewdomain'
2018-10-23 18:26:03,706-mp_log-INFO-'webwebviewdomain'
2018-10-23 18:26:04,324-mp_log-INFO-'webwebviewdomain'
2018-10-23 18:26:04,762-mp_log-INFO-'webwebviewdomain'
2018-10-23 18:26:05,491-mp_log-INFO-'webwebviewdomain'
2018-10-23 18:26:05,917-mp_log-INFO-'webwebviewdomain'
2018-10-23 18:26:06,333-mp_log-INFO-'webwebviewdomain'
