2018-10-23 18:25:26,133-Getlogin-INFO-登录成功，获取mp端token.....
2018-10-23 18:25:26,135-mp_log-INFO-token获取成功......
2018-10-23 18:25:32,125-mp_log-INFO-获取所有小程序信息成功......
2018-10-23 18:25:32,568-mp_log-INFO-获取最新模板信息成功.......
2018-10-23 18:25:33,842-mp_log-INFO-'webwebviewdomain'
2018-10-23 18:25:34,190-mp_log-INFO-'data'
2018-10-23 18:25:34,386-mp_log-INFO-'webwebviewdomain'
2018-10-23 18:25:35,178-mp_log-INFO-'data'
2018-10-23 18:25:35,446-mp_log-INFO-'webwebviewdomain'
2018-10-23 18:25:36,478-mp_log-INFO-'webwebviewdomain'
2018-10-23 18:25:36,968-mp_log-INFO-'webwebviewdomain'
2018-10-23 18:25:37,332-mp_log-INFO-'webwebviewdomain'
2018-10-23 18:25:37,946-mp_log-INFO-'webwebviewdomain'
2018-10-23 18:25:38,369-mp_log-INFO-'webwebviewdomain'
2018-10-23 18:25:38,858-mp_log-INFO-'webwebviewdomain'
2018-10-23 18:25:39,283-mp_log-INFO-'webwebviewdomain'
2018-10-23 18:25:39,947-mp_log-INFO-'webwebviewdomain'
2018-10-23 18:25:41,539-mp_log-INFO-'webwebviewdomain'
2018-10-23 18:25:41,570-mp_log-INFO-'webwebviewdomain'
2018-10-23 18:25:41,781-mp_log-INFO-'webwebviewdomain'
2018-10-23 18:25:42,169-mp_log-INFO-'webwebviewdomain'
2018-10-23 18:25:42,783-mp_log-INFO-'webwebviewdomain'
2018-10-23 18:25:43,384-mp_log-INFO-'webwebviewdomain'
2018-10-23 18:25:43,854-mp_log-INFO-'webwebviewdomain'
2018-10-23 18:25:44,197-mp_log-INFO-'data'
2018-10-23 18:25:44,438-mp_log-INFO-'webwebviewdomain'
2018-10-23 18:25:45,383-mp_log-INFO-'webwebviewdomain'
2018-10-23 18:25:45,920-mp_log-INFO-'webwebviewdomain'
2018-10-23 18:25:46,410-mp_log-INFO-'webwebviewdomain'
2018-10-23 18:25:46,934-mp_log-INFO-'webwebviewdomain'
2018-10-23 18:25:47,368-mp_log-INFO-'webwebviewdomain'
2018-10-23 18:25:47,849-mp_log-INFO-'webwebviewdomain'
2018-10-23 18:25:48,314-mp_log-INFO-'webwebviewdomain'
2018-10-23 18:25:48,877-mp_log-INFO-'webwebviewdomain'
2018-10-23 18:25:49,250-mp_log-INFO-'webwebviewdomain'
2018-10-23 18:25:49,879-mp_log-INFO-'webwebviewdomain'
2018-10-23 18:25:50,275-mp_log-INFO-'webwebviewdomain'
2018-10-23 18:25:50,927-mp_log-INFO-'webwebviewdomain'
2018-10-23 18:25:51,381-mp_log-INFO-'webwebviewdomain'
2018-10-23 18:25:52,194-mp_log-INFO-'webwebviewdomain'
2018-10-23 18:25:52,757-mp_log-INFO-'webwebviewdomain'
2018-10-23 18:25:53,179-mp_log-INFO-'webwebviewdomain'
2018-10-23 18:25:53,518-mp_log-INFO-'webwebviewdomain'
2018-10-23 18:25:54,074-mp_log-INFO-'webwebviewdomain'
2018-10-23 18:25:54,243-mp_log-INFO-'webwebviewdomain'
2018-10-23 18:25:54,771-mp_log-INFO-'webwebviewdomain'
2018-10-23 18:25:55,207-mp_log-INFO-'webwebviewdomain'
2018-10-23 18:25:55,802-mp_log-INFO-'webwebviewdomain'
2018-10-23 18:25:56,273-mp_log-INFO-'webwebviewdomain'
2018-10-23 18:25:56,749-mp_log-INFO-'webwebviewdomain'
2018-10-23 18:25:57,636-mp_log-INFO-'webwebviewdomain'
2018-10-23 18:25:57,840-mp_log-INFO-'webwebviewdomain'
2018-10-23 18:25:58,364-mp_log-INFO-'webwebviewdomain'
2018-10-23 18:25:58,815-mp_log-INFO-'webwebviewdomain'
2018-10-23 18:25:59,218-mp_log-INFO-'webwebviewdomain'
2018-10-23 18:25:59,828-mp_log-INFO-'webwebviewdomain'
2018-10-23 18:26:00,838-mp_log-INFO-'webwebviewdomain'
2018-10-23 18:26:01,119-mp_log-INFO-'webwebviewdomain'
2018-10-23 18:26:01,383-mp_log-INFO-'webwebviewdomain'
2018-10-23 18:26:01,786-mp_log-INFO-'webwebviewdomain'
2018-10-23 18:26:02,339-mp_log-INFO-'webwebviewdomain'
2018-10-23 18:26:02,960-mp_log-INFO-'webwebviewdomain'
2018-10-23 18:26:03,212-mp_log-INFO-'webwebviewdomain'
2018-10-23 18:26:03,766-mp_log-INFO-'webwebviewdomain'
2018-10-23 18:26:04,291-mp_log-INFO-'webwebviewdomain'
2018-10-23 18:26:04,829-mp_log-INFO-'webwebviewdomain'
2018-10-23 18:26:05,659-mp_log-INFO-'webwebviewdomain'
2018-10-23 18:26:05,912-mp_log-INFO-'webwebviewdomain'
2018-10-23 18:26:06,321-mp_log-INFO-'webwebviewdomain'
2018-10-23 18:26:07,049-mp_log-INFO-'webwebviewdomain'
2018-10-23 18:26:07,258-mp_log-INFO-'webwebviewdomain'
2018-10-23 18:26:07,780-mp_log-INFO-'webwebviewdomain'
2018-10-23 18:26:08,736-mp_log-INFO-'webwebviewdomain'
2018-10-23 18:26:09,307-mp_log-INFO-'webwebviewdomain'
2018-10-23 18:26:10,212-mp_log-INFO-'webwebviewdomain'
2018-10-23 18:26:10,301-mp_log-INFO-'webwebviewdomain'
2018-10-23 18:26:11,366-mp_log-INFO-'webwebviewdomain'
2018-10-23 18:26:11,380-mp_log-INFO-'webwebviewdomain'
2018-10-23 18:26:11,893-mp_log-INFO-'webwebviewdomain'
2018-10-23 18:26:12,362-mp_log-INFO-'webwebviewdomain'
2018-10-23 18:26:12,921-mp_log-INFO-'webwebviewdomain'
2018-10-23 18:26:13,395-mp_log-INFO-'webwebviewdomain'
2018-10-23 18:26:13,807-mp_log-INFO-'webwebviewdomain'
2018-10-23 18:26:14,343-mp_log-INFO-'webwebviewdomain'
2018-10-23 18:26:14,855-mp_log-INFO-'webwebviewdomain'
2018-10-23 18:26:15,413-mp_log-INFO-'webwebviewdomain'
2018-10-23 18:26:16,572-mp_log-INFO-'webwebviewdomain'
2018-10-23 18:26:16,829-mp_log-INFO-'webwebviewdomain'
2018-10-23 18:26:17,252-mp_log-INFO-'webwebviewdomain'
2018-10-23 18:26:17,420-mp_log-INFO-'webwebviewdomain'
2018-10-23 18:26:17,886-mp_log-INFO-'webwebviewdomain'
2018-10-23 18:26:18,468-mp_log-INFO-'webwebviewdomain'
2018-10-23 18:26:18,943-mp_log-INFO-'webwebviewdomain'
2018-10-23 18:26:19,691-mp_log-INFO-'webwebviewdomain'
2018-10-23 18:26:19,919-mp_log-INFO-'webwebviewdomain'
2018-10-23 18:26:20,516-mp_log-INFO-'webwebviewdomain'
2018-10-23 18:26:20,996-mp_log-INFO-'webwebviewdomain'
2018-10-23 18:26:21,498-mp_log-INFO-'webwebviewdomain'
2018-10-23 18:26:22,086-mp_log-INFO-'webwebviewdomain'
2018-10-23 18:26:22,331-mp_log-INFO-'data'
2018-10-23 18:26:22,564-mp_log-INFO-'webwebviewdomain'
2018-10-23 18:26:23,509-mp_log-INFO-'webwebviewdomain'
2018-10-23 18:26:24,041-mp_log-INFO-'webwebviewdomain'
2018-10-23 18:26:24,723-mp_log-INFO-'webwebviewdomain'
2018-10-23 18:26:25,020-mp_log-INFO-'webwebviewdomain'
2018-10-23 18:26:25,394-mp_log-INFO-'webwebviewdomain'
2018-10-23 18:26:26,011-mp_log-INFO-'webwebviewdomain'
2018-10-23 18:26:26,470-mp_log-INFO-'webwebviewdomain'
2018-10-23 18:26:26,978-mp_log-INFO-'webwebviewdomain'
2018-10-23 18:26:27,499-mp_log-INFO-'webwebviewdomain'
2018-10-23 18:26:27,951-mp_log-INFO-'webwebviewdomain'
2018-10-23 18:26:28,611-mp_log-INFO-'webwebviewdomain'
2018-10-23 18:26:29,107-mp_log-INFO-'webwebviewdomain'
2018-10-23 18:26:29,459-mp_log-INFO-'webwebviewdomain'
2018-10-23 18:26:30,009-mp_log-INFO-'webwebviewdomain'
2018-10-23 18:26:30,479-mp_log-INFO-'webwebviewdomain'
2018-10-23 18:26:30,891-mp_log-INFO-'webwebviewdomain'
2018-10-23 18:26:31,677-mp_log-INFO-'webwebviewdomain'
2018-10-23 18:26:31,817-mp_log-INFO-'webwebviewdomain'
2018-10-23 18:26:32,357-mp_log-INFO-'webwebviewdomain'
2018-10-23 18:26:32,917-mp_log-INFO-'webwebviewdomain'
2018-10-23 18:26:33,493-mp_log-INFO-'webwebviewdomain'
2018-10-23 18:26:33,903-mp_log-INFO-'webwebviewdomain'
2018-10-23 18:26:34,692-mp_log-INFO-'webwebviewdomain'
2018-10-23 18:26:34,983-mp_log-INFO-'webwebviewdomain'
2018-10-23 18:26:35,529-mp_log-INFO-'webwebviewdomain'
2018-10-23 18:26:36,071-mp_log-INFO-'webwebviewdomain'
2018-10-23 18:26:36,470-mp_log-INFO-'webwebviewdomain'
2018-10-23 18:26:37,005-mp_log-INFO-'webwebviewdomain'
2018-10-23 18:26:37,413-mp_log-INFO-'webwebviewdomain'
2018-10-23 18:26:38,078-mp_log-INFO-'webwebviewdomain'
2018-10-23 18:26:38,457-mp_log-INFO-'webwebviewdomain'
2018-10-23 18:26:38,823-mp_log-INFO-'webwebviewdomain'
2018-10-23 18:26:39,579-mp_log-INFO-'webwebviewdomain'
2018-10-23 18:26:39,821-mp_log-INFO-'webwebviewdomain'
2018-10-23 18:26:40,302-mp_log-INFO-'webwebviewdomain'
2018-10-23 18:26:40,808-mp_log-INFO-'webwebviewdomain'
2018-10-23 18:26:41,321-mp_log-INFO-'webwebviewdomain'
2018-10-23 18:26:41,936-mp_log-INFO-'webwebviewdomain'
2018-10-23 18:26:42,304-mp_log-INFO-'webwebviewdomain'
2018-10-23 18:26:43,077-mp_log-INFO-'webwebviewdomain'
2018-10-23 18:26:43,342-mp_log-INFO-'webwebviewdomain'
2018-10-23 18:26:43,892-mp_log-INFO-'webwebviewdomain'
2018-10-23 18:26:44,276-mp_log-INFO-'webwebviewdomain'
2018-10-23 18:26:44,765-mp_log-INFO-'webwebviewdomain'
2018-10-23 18:26:45,399-mp_log-INFO-'webwebviewdomain'
2018-10-23 18:26:45,841-mp_log-INFO-'webwebviewdomain'
2018-10-23 18:26:46,350-mp_log-INFO-'webwebviewdomain'
2018-10-23 18:26:46,793-mp_log-INFO-'webwebviewdomain'
2018-10-23 18:26:47,301-mp_log-INFO-'webwebviewdomain'
2018-10-23 18:26:47,821-mp_log-INFO-'webwebviewdomain'
2018-10-23 18:26:48,528-mp_log-INFO-'webwebviewdomain'
2018-10-23 18:26:49,015-mp_log-INFO-'webwebviewdomain'
2018-10-23 18:26:49,291-mp_log-INFO-'webwebviewdomain'
2018-10-23 18:26:49,800-mp_log-INFO-'webwebviewdomain'
2018-10-23 18:26:50,384-mp_log-INFO-'webwebviewdomain'
2018-10-23 18:26:50,908-mp_log-INFO-'webwebviewdomain'
2018-10-23 18:26:51,272-mp_log-INFO-'webwebviewdomain'
2018-10-23 18:26:51,762-mp_log-INFO-'webwebviewdomain'
2018-10-23 18:26:52,257-mp_log-INFO-'webwebviewdomain'
2018-10-23 18:26:52,803-mp_log-INFO-'webwebviewdomain'
2018-10-23 18:26:53,288-mp_log-INFO-'webwebviewdomain'
2018-10-23 18:26:53,800-mp_log-INFO-'webwebviewdomain'
2018-10-23 18:26:54,359-mp_log-INFO-'webwebviewdomain'
2018-10-23 18:26:54,992-mp_log-INFO-'webwebviewdomain'
2018-10-23 18:26:55,331-mp_log-INFO-'webwebviewdomain'
2018-10-23 18:26:55,827-mp_log-INFO-'webwebviewdomain'
2018-10-23 18:26:56,415-mp_log-INFO-'webwebviewdomain'
2018-10-23 18:26:56,912-mp_log-INFO-'webwebviewdomain'
2018-10-23 18:26:57,305-mp_log-INFO-'webwebviewdomain'
2018-10-23 18:26:57,901-mp_log-INFO-'webwebviewdomain'
2018-10-23 18:26:58,538-mp_log-INFO-'webwebviewdomain'
2018-10-23 18:26:58,894-mp_log-INFO-'webwebviewdomain'
2018-10-23 18:26:59,510-mp_log-INFO-'webwebviewdomain'
2018-10-23 18:26:59,808-mp_log-INFO-'webwebviewdomain'
2018-10-23 18:27:00,667-mp_log-INFO-'webwebviewdomain'
2018-10-23 18:27:00,807-mp_log-INFO-'data'
2018-10-23 18:27:01,323-mp_log-INFO-'webwebviewdomain'
2018-10-23 18:27:01,845-mp_log-INFO-'webwebviewdomain'
2018-10-23 18:27:02,389-mp_log-INFO-'webwebviewdomain'
2018-10-23 18:27:02,818-mp_log-INFO-'webwebviewdomain'
2018-10-23 18:27:03,351-mp_log-INFO-'webwebviewdomain'
2018-10-23 18:27:03,778-mp_log-INFO-'webwebviewdomain'
2018-10-23 18:27:04,365-mp_log-INFO-'webwebviewdomain'
2018-10-23 18:27:04,867-mp_log-INFO-'webwebviewdomain'
2018-10-23 18:27:05,424-mp_log-INFO-'webwebviewdomain'
2018-10-23 18:27:06,051-mp_log-INFO-'webwebviewdomain'
2018-10-23 18:27:06,452-mp_log-INFO-'webwebviewdomain'
