2018-10-23 18:29:08,179-Getlogin-INFO-登录成功，获取mp端token.....
2018-10-23 18:29:08,182-mp_log-INFO-token获取成功......
2018-10-23 18:29:13,100-mp_log-INFO-获取所有小程序信息成功......
2018-10-23 18:29:13,677-mp_log-INFO-获取最新模板信息成功.......
2018-10-23 18:29:49,658-Getlogin-INFO-登录成功，获取mp端token.....
2018-10-23 18:29:49,659-mp_log-INFO-token获取成功......
2018-10-23 18:29:55,057-mp_log-INFO-获取所有小程序信息成功......
2018-10-23 18:29:55,795-mp_log-INFO-获取最新模板信息成功.......
2018-10-23 18:30:02,965-mp_log-INFO-1设置成功
2018-10-23 18:30:03,326-mp_log-INFO-1设置成功
2018-10-23 18:30:04,099-mp_log-INFO-1设置成功
2018-10-23 18:30:07,456-mp_log-INFO-1设置成功
2018-10-23 18:30:09,844-mp_log-INFO-1设置成功
2018-10-23 18:30:13,750-mp_log-INFO-1设置成功
2018-10-23 18:30:14,074-mp_log-INFO-'data'
2018-10-23 18:30:17,202-mp_log-INFO-1设置成功
2018-10-23 18:30:18,393-mp_log-INFO-1设置成功
2018-10-23 18:30:20,199-mp_log-INFO-1设置成功
2018-10-23 18:30:21,233-mp_log-INFO-1设置成功
2018-10-23 18:30:23,720-mp_log-INFO-1设置成功
2018-10-23 18:30:24,378-mp_log-INFO-1设置成功
2018-10-23 18:30:24,941-mp_log-INFO-1设置成功
2018-10-23 18:30:27,943-mp_log-INFO-0设置成功
2018-10-23 18:30:32,983-mp_log-INFO-1设置成功
2018-10-23 18:30:38,869-mp_log-INFO-1设置成功
2018-10-23 18:30:43,747-mp_log-INFO-1设置成功
2018-10-23 18:30:44,800-mp_log-INFO-1设置成功
2018-10-23 18:30:47,661-mp_log-INFO-1设置成功
2018-10-23 18:30:48,537-mp_log-INFO-1设置成功
2018-10-23 18:30:51,754-mp_log-INFO-1设置成功
2018-10-23 18:30:52,014-mp_log-INFO-1设置成功
2018-10-23 18:30:53,105-mp_log-INFO-1设置成功
2018-10-23 18:30:55,401-mp_log-INFO-1设置成功
2018-10-23 18:30:56,154-mp_log-INFO-1设置成功
2018-10-23 18:30:59,492-mp_log-INFO-1设置成功
2018-10-23 18:31:00,725-mp_log-INFO-1设置成功
2018-10-23 18:31:01,005-mp_log-INFO-1设置成功
2018-10-23 18:31:02,383-mp_log-INFO-1设置成功
2018-10-23 18:31:06,407-mp_log-INFO-1设置成功
2018-10-23 18:31:09,475-mp_log-INFO-1设置成功
2018-10-23 18:31:09,942-mp_log-INFO-1设置成功
2018-10-23 18:31:13,755-mp_log-INFO-1设置成功
2018-10-23 18:31:18,067-mp_log-INFO-1设置成功
2018-10-23 18:31:23,130-mp_log-INFO-'data'
2018-10-23 18:31:27,833-mp_log-INFO-1设置成功
2018-10-23 18:31:28,273-mp_log-INFO-1设置成功
