2018-11-01 20:06:30,718-Getlogin-INFO-登录成功，获取mp端token.....
2018-11-01 20:06:30,721-mp_log-INFO-token获取成功......
2018-11-01 20:06:43,056-mp_log-INFO-获取所有小程序信息成功......
2018-11-01 20:06:43,981-mp_log-INFO-获取最新模板信息成功.......
2018-11-01 20:06:46,914-mp_log-ERROR-sdfdsfdsf提交失败
2018-11-01 20:06:47,176-mp_log-INFO-环亚美容提交成功
2018-11-01 20:06:47,676-mp_log-INFO-诺研皮肤管理提交成功
2018-11-01 20:06:48,309-mp_log-INFO-绿苑女子提交成功
2018-11-01 20:06:49,219-mp_log-INFO-广州七号驻颜提交成功
2018-11-01 20:06:49,887-mp_log-INFO-曼奇莎提交成功
2018-11-01 20:06:50,562-mp_log-INFO-诗美逸提交成功
2018-11-01 20:06:51,078-mp_log-INFO-颐和美容提交成功
2018-11-01 20:06:51,268-mp_log-INFO-赫阁尔提交成功
2018-11-01 20:06:51,804-mp_log-INFO-草木缘提交成功
2018-11-01 20:06:52,536-mp_log-INFO-梦颜科美提交成功
2018-11-01 20:06:53,077-mp_log-INFO-都市点点提交成功
2018-11-01 20:06:53,739-mp_log-INFO-来了美佳澜店提交成功
2018-11-01 20:06:54,094-mp_log-INFO-润妃国际提交成功
2018-11-01 20:06:55,015-mp_log-INFO-康丽皇家提交成功
2018-11-01 20:06:55,775-mp_log-ERROR-市场演示专用提交失败
2018-11-01 20:06:55,780-mp_log-INFO-美丽驿站提交成功
2018-11-01 20:06:56,461-mp_log-INFO-美美昭彦提交成功
2018-11-01 20:06:56,911-mp_log-INFO-匠美JMBEAUTY提交成功
2018-11-01 20:06:57,154-mp_log-INFO-HB美尚荟提交成功
2018-11-01 20:06:57,932-mp_log-INFO-灵动提交成功
2018-11-01 20:06:58,379-mp_log-INFO-爱睿熙国际提交成功
2018-11-01 20:06:58,787-mp_log-INFO-当今悦美提交成功
2018-11-01 20:06:59,098-mp_log-INFO-谦和国际提交成功
2018-11-01 20:06:59,559-mp_log-INFO-米蝶·快美吧提交成功
2018-11-01 20:07:00,491-mp_log-INFO-iBEATA贝娅塔提交成功
2018-11-01 20:07:01,020-mp_log-INFO-当代经典提交成功
2018-11-01 20:07:01,531-mp_log-INFO-东方丽人提交成功
2018-11-01 20:07:01,753-mp_log-INFO-菲常美提交成功
2018-11-01 20:07:02,221-mp_log-INFO-盛士兰提交成功
2018-11-01 20:07:02,506-mp_log-INFO-玫瑰坊提交成功
2018-11-01 20:07:03,486-mp_log-INFO-悠兰lyj提交成功
2018-11-01 20:07:03,566-mp_log-INFO-芊思雅莎莎提交成功
2018-11-01 20:07:04,078-mp_log-ERROR-美人记Diary提交失败
2018-11-01 20:07:04,303-mp_log-INFO-来就健康提交成功
2018-11-01 20:07:04,807-mp_log-INFO-恒美世纪提交成功
2018-11-01 20:07:05,704-mp_log-INFO-美范·珺之屋提交成功
2018-11-01 20:07:06,284-mp_log-INFO-菲梵经典提交成功
2018-11-01 20:07:06,601-mp_log-INFO-悦芳泉SPA提交成功
2018-11-01 20:07:06,924-mp_log-INFO-爱美丽提交成功
2018-11-01 20:07:07,801-mp_log-INFO-漂亮如你提交成功
2018-11-01 20:07:08,048-mp_log-INFO-广西宝宝爱提交成功
2018-11-01 20:07:08,879-mp_log-INFO-虞诗蔓提交成功
2018-11-01 20:07:09,409-mp_log-INFO-Goonbeauty提交成功
2018-11-01 20:07:09,585-mp_log-INFO-唯艳美提交成功
2018-11-01 20:07:10,113-mp_log-INFO-吉美妍丽提交成功
2018-11-01 20:07:10,753-mp_log-INFO-雪依氏提交成功
2018-11-01 20:07:10,913-mp_log-INFO-白企美业提交成功
2018-11-01 20:07:11,642-mp_log-INFO-星美国际提交成功
2018-11-01 20:07:12,299-mp_log-INFO-霭伦恩美提交成功
2018-11-01 20:07:12,736-mp_log-INFO-来美吧提交成功
2018-11-01 20:07:12,922-mp_log-INFO-伊美朗提交成功
2018-11-01 20:07:13,749-mp_log-INFO-美美一生提交成功
2018-11-01 20:07:14,201-mp_log-INFO-佳婳天美提交成功
2018-11-01 20:07:14,695-mp_log-INFO-优年轻提交成功
2018-11-01 20:07:15,556-mp_log-INFO-美美昭妍提交成功
2018-11-01 20:07:16,256-mp_log-INFO-易康国际提交成功
2018-11-01 20:07:16,775-mp_log-INFO-阿星国际提交成功
2018-11-01 20:07:17,411-mp_log-INFO-娇阑美颜提交成功
2018-11-01 20:07:17,505-mp_log-INFO-爱女士提交成功
2018-11-01 20:07:18,242-mp_log-INFO-PS智能美肤提交成功
2018-11-01 20:07:18,814-mp_log-INFO-艾妍整形提交成功
2018-11-01 20:07:18,868-mp_log-INFO-珍珍美容提交成功
2018-11-01 20:07:19,350-mp_log-INFO-佐登妮丝提交成功
2018-11-01 20:07:19,513-mp_log-INFO-巴黎情缘提交成功
2018-11-01 20:07:20,193-mp_log-INFO-百合春天提交成功
2018-11-01 20:07:20,780-mp_log-INFO-梅兰丽人提交成功
2018-11-01 20:07:21,088-mp_log-INFO-燕燕尊尚美容提交成功
2018-11-01 20:07:21,555-mp_log-INFO-雅致璇肌提交成功
2018-11-01 20:07:22,104-mp_log-INFO-诗露丽涵提交成功
2018-11-01 20:07:22,578-mp_log-INFO-东方仕典提交成功
2018-11-01 20:07:23,088-mp_log-INFO-韩流美美店提交成功
2018-11-01 20:07:23,778-mp_log-INFO-月瘦月美提交成功
2018-11-01 20:07:24,387-mp_log-INFO-年轻我可以提交成功
2018-11-01 20:07:24,686-mp_log-INFO-精工皇族提交成功
2018-11-01 20:07:25,079-mp_log-INFO-兴美源提交成功
2018-11-01 20:07:25,453-mp_log-INFO-明剪一秀提交成功
2018-11-01 20:07:26,194-mp_log-INFO-深圳丝客富提交成功
2018-11-01 20:07:26,858-mp_log-INFO-琉璃水城提交成功
2018-11-01 20:07:26,934-mp_log-INFO-栢草源提交成功
2018-11-01 20:07:27,484-mp_log-INFO-杭州东方整形提交成功
2018-11-01 20:07:27,892-mp_log-INFO-ONI速美提交成功
2018-11-01 20:07:28,380-mp_log-INFO-YAN健康•美+提交成功
2018-11-01 20:07:29,172-mp_log-INFO-MMbeauty提交成功
2018-11-01 20:07:29,459-mp_log-INFO-美共享提交成功
2018-11-01 20:07:30,175-mp_log-INFO-靓佳人提交成功
2018-11-01 20:07:30,480-mp_log-INFO-ME智慧美店提交成功
2018-11-01 20:07:31,221-mp_log-INFO-二院美丽之约提交成功
2018-11-01 20:07:31,636-mp_log-INFO-紫舟美业提交成功
2018-11-01 20:07:31,953-mp_log-INFO-南洋beauty提交成功
2018-11-01 20:07:32,713-mp_log-INFO-阿芙洛蒂提交成功
2018-11-01 20:07:33,101-mp_log-INFO-来了美标榜店提交成功
2018-11-01 20:07:33,998-mp_log-INFO-美德福提交成功
2018-11-01 20:07:34,076-mp_log-INFO-岳灵生发提交成功
2018-11-01 20:07:34,754-mp_log-INFO-美姿源提交成功
2018-11-01 20:07:35,119-mp_log-INFO-维多丽雅提交成功
2018-11-01 20:07:35,304-mp_log-ERROR-光速美提交失败
2018-11-01 20:07:35,669-mp_log-INFO-雅典娜提交成功
2018-11-01 20:07:36,351-mp_log-INFO-杭州桐雅提交成功
2018-11-01 20:07:36,683-mp_log-INFO-妃香伊丹提交成功
2018-11-01 20:07:37,827-mp_log-INFO-张氏纳然姬朵提交成功
2018-11-01 20:07:37,833-mp_log-INFO-魅力华健提交成功
2018-11-01 20:07:38,487-mp_log-INFO-圣水伊人提交成功
2018-11-01 20:07:39,493-mp_log-INFO-绮莉尔智能美提交成功
2018-11-01 20:07:40,070-mp_log-INFO-香密雅CIMIA提交成功
2018-11-01 20:07:40,740-mp_log-INFO-妍雅媛提交成功
2018-11-01 20:07:41,288-mp_log-INFO-来了美提交成功
2018-11-01 20:07:41,558-mp_log-INFO-云立方提交成功
2018-11-01 20:07:42,031-mp_log-INFO-轻医美提交成功
2018-11-01 20:07:42,185-mp_log-INFO-窈窕淑女提交成功
2018-11-01 20:07:42,836-mp_log-INFO-世纪春天提交成功
2018-11-01 20:07:43,043-mp_log-INFO-BabyBeauty提交成功
2018-11-01 20:07:43,850-mp_log-INFO-奇遇青春提交成功
2018-11-01 20:07:44,076-mp_log-INFO-来了美韩尚恩提交成功
2018-11-01 20:07:44,749-mp_log-INFO-纤指百媚提交成功
2018-11-01 20:07:45,106-mp_log-INFO-美之颜提交成功
2018-11-01 20:07:45,710-mp_log-INFO-郦芙蓉beauty提交成功
2018-11-01 20:07:46,175-mp_log-INFO-氢颜轻奢美肤提交成功
2018-11-01 20:07:46,607-mp_log-INFO-香住SPA提交成功
2018-11-01 20:07:47,011-mp_log-INFO-依蔻依美提交成功
2018-11-01 20:07:47,523-mp_log-INFO-佰味女人提交成功
2018-11-01 20:07:48,044-mp_log-INFO-黄氏百佳提交成功
2018-11-01 20:07:48,599-mp_log-ERROR-涣美医疗提交失败
2018-11-01 20:07:48,885-mp_log-INFO-创美雅香莱提交成功
2018-11-01 20:07:48,923-mp_log-INFO-艾面一族 提交成功
2018-11-01 20:07:50,389-mp_log-INFO-植美SPA提交成功
2018-11-01 20:07:50,517-mp_log-INFO-曼姿提交成功
2018-11-01 20:07:51,064-mp_log-INFO-美丽九九提交成功
2018-11-01 20:07:51,637-mp_log-INFO-百分国际美容提交成功
2018-11-01 20:07:52,444-mp_log-INFO-千颂伊美学中心提交成功
2018-11-01 20:07:52,675-mp_log-INFO-艾尚美美哒提交成功
2018-11-01 20:07:53,128-mp_log-INFO-玉颜堂提交成功
2018-11-01 20:07:53,766-mp_log-INFO-金美源提交成功
2018-11-01 20:07:54,077-mp_log-INFO-爱玛仕嘉提交成功
2018-11-01 20:07:54,614-mp_log-INFO-智能科技美店提交成功
2018-11-01 20:07:55,518-mp_log-INFO-欧妮薇提交成功
2018-11-01 20:07:55,675-mp_log-INFO-成都净美天使提交成功
2018-11-01 20:07:56,630-mp_log-INFO-IVY艾菲芭提交成功
2018-11-01 20:07:56,740-mp_log-INFO-美姿来就美提交成功
2018-11-01 20:07:57,063-mp_log-INFO-引导美体验店提交成功
2018-11-01 20:07:57,592-mp_log-INFO-来了美雲会所提交成功
2018-11-01 20:07:58,197-mp_log-INFO-SoBeauty提交成功
2018-11-01 20:07:59,185-mp_log-INFO-蒙妮莎新美容提交成功
2018-11-01 20:07:59,390-mp_log-INFO-筋生美提交成功
2018-11-01 20:07:59,546-mp_log-INFO-来了美美吧提交成功
2018-11-01 20:08:00,171-mp_log-INFO-金柏丽提交成功
2018-11-01 20:08:00,908-mp_log-INFO-长江九号提交成功
2018-11-01 20:08:01,281-mp_log-INFO-优文专业脱毛提交成功
2018-11-01 20:08:01,964-mp_log-INFO-天使国际提交成功
2018-11-01 20:08:02,467-mp_log-INFO-如生堂提交成功
2018-11-01 20:08:02,650-mp_log-INFO-梦田芳香Spa提交成功
2018-11-01 20:08:03,100-mp_log-INFO-贝施纤体提交成功
2018-11-01 20:08:03,702-mp_log-INFO-色彩纯姬提交成功
2018-11-01 20:08:04,043-mp_log-INFO-红妆倾城提交成功
2018-11-01 20:08:04,694-mp_log-INFO-丹阳圣莉斯歌提交成功
2018-11-01 20:08:04,905-mp_log-INFO-金贵人Beauty提交成功
2018-11-01 20:08:05,831-mp_log-INFO-芯语芳心提交成功
2018-11-01 20:08:06,300-mp_log-INFO-还原美提交成功
2018-11-01 20:08:06,409-mp_log-INFO-延颜美容提交成功
2018-11-01 20:08:07,434-mp_log-INFO-缘临医疗美容提交成功
2018-11-01 20:08:07,648-mp_log-INFO-梦圆皇宫提交成功
2018-11-01 20:08:08,102-mp_log-INFO-恩雅提交成功
2018-11-01 20:08:08,962-mp_log-INFO-DR美研博士提交成功
2018-11-01 20:08:09,668-mp_log-INFO-女秀才提交成功
2018-11-01 20:08:09,671-mp_log-INFO-QTWellBeing提交成功
2018-11-01 20:08:10,520-mp_log-INFO-東美人儿提交成功
2018-11-01 20:08:10,843-mp_log-INFO-承昱医疗提交成功
2018-11-01 20:08:11,574-mp_log-INFO-斓悦庭提交成功
2018-11-01 20:08:12,128-mp_log-INFO-美迩美提交成功
2018-11-01 20:08:12,236-mp_log-INFO-唯美童妍提交成功
2018-11-01 20:08:12,795-mp_log-INFO-BV美聚提交成功
2018-11-01 20:08:12,967-mp_log-INFO-健丽宝美容提交成功
2018-11-01 20:08:13,996-mp_log-INFO-掌上美管家A提交成功
2018-11-01 20:08:14,190-mp_log-INFO-博妍集美提交成功
2018-11-01 20:08:14,449-mp_log-INFO-雅涛世家提交成功
2018-11-01 20:08:14,564-mp_log-ERROR-呈悦医疗提交失败
2018-11-01 20:08:15,315-mp_log-INFO-双妹美容提交成功
2018-11-01 20:08:15,932-mp_log-INFO-来了美千丝美提交成功
2018-11-01 20:08:16,736-mp_log-INFO-世纪之春提交成功
2018-11-01 20:08:16,977-mp_log-INFO-雅梵GO美提交成功
2018-11-01 20:08:17,499-mp_log-INFO-女主角美容提交成功
2018-11-01 20:08:17,977-mp_log-ERROR-弘粹堂提交失败
2018-11-01 20:08:18,365-mp_log-INFO-来了就体验账提交成功
2018-11-01 20:08:19,189-mp_log-INFO-乐聚提交成功
2018-11-01 20:08:19,846-mp_log-INFO-诗芙侬提交成功
2018-11-01 20:08:20,102-mp_log-INFO-沧州美美达提交成功
2018-11-01 20:08:20,850-mp_log-INFO-妮娜形象管理提交成功
2018-11-01 20:08:21,103-mp_log-INFO-赢美肌提交成功
2018-11-01 20:08:21,566-mp_log-INFO-馨境堂提交成功
2018-11-01 20:08:22,144-mp_log-INFO-良沐健康管理提交成功
2018-11-01 20:08:22,828-mp_log-INFO-果蔬美容提交成功
2018-11-01 20:08:23,269-mp_log-INFO-贝兰思提交成功
2018-11-01 20:08:23,612-mp_log-INFO-东方秀丽提交成功
2018-11-01 20:08:24,071-mp_log-INFO-欧丽薇提交成功
