2018-11-24 16:53:23,911-Getlogin-ERROR-'token'
2018-11-24 16:53:23,913-mp_log-INFO-token获取成功......
2018-11-24 16:53:35,711-mp_log-INFO-获取所有小程序信息成功......
2018-11-24 16:53:36,220-mp_log-INFO-获取最新模板信息成功.......
2018-11-24 16:53:37,489-mp_log-INFO-审核失败
2018-11-24 16:53:37,729-mp_log-INFO-审核失败
2018-11-24 16:53:37,947-mp_log-INFO-已审核
2018-11-24 16:53:40,197-mp_log-INFO-审核失败
2018-11-24 16:53:40,594-mp_log-INFO-已审核
2018-11-24 16:53:40,790-mp_log-INFO-审核失败
2018-11-24 16:53:41,025-mp_log-INFO-审核失败
2018-11-24 16:53:41,473-mp_log-INFO-已审核
2018-11-24 16:53:41,616-mp_log-INFO-已审核
2018-11-24 16:53:41,988-mp_log-INFO-已审核
2018-11-24 16:53:42,244-mp_log-INFO-审核失败
2018-11-24 16:53:42,648-mp_log-INFO-已审核
2018-11-24 16:53:42,897-mp_log-INFO-审核失败
2018-11-24 16:53:43,281-mp_log-INFO-审核失败
2018-11-24 16:53:43,498-mp_log-INFO-审核失败
2018-11-24 16:53:43,869-mp_log-INFO-已审核
2018-11-24 16:53:44,131-mp_log-INFO-审核失败
2018-11-24 16:53:44,383-mp_log-INFO-审核失败
2018-11-24 16:53:44,708-mp_log-INFO-已审核
2018-11-24 16:53:45,017-mp_log-INFO-已审核
2018-11-24 16:53:45,363-mp_log-INFO-审核失败
2018-11-24 16:53:45,734-mp_log-INFO-已审核
2018-11-24 16:53:45,885-mp_log-INFO-已审核
2018-11-24 16:53:46,571-mp_log-INFO-已审核
2018-11-24 16:53:46,756-mp_log-INFO-已审核
2018-11-24 16:53:47,054-mp_log-INFO-审核失败
2018-11-24 16:53:47,420-mp_log-INFO-已审核
2018-11-24 16:53:47,729-mp_log-INFO-已审核
2018-11-24 16:53:47,995-mp_log-INFO-已审核
2018-11-24 16:53:48,270-mp_log-INFO-审核失败
2018-11-24 16:53:48,557-mp_log-INFO-已审核
2018-11-24 16:53:48,887-mp_log-INFO-已审核
2018-11-24 16:53:49,180-mp_log-INFO-已审核
2018-11-24 16:53:49,432-mp_log-INFO-审核失败
2018-11-24 16:53:49,746-mp_log-INFO-已审核
2018-11-24 16:53:50,067-mp_log-INFO-审核失败
2018-11-24 16:53:50,387-mp_log-INFO-已审核
2018-11-24 16:53:50,609-mp_log-INFO-审核失败
2018-11-24 16:53:51,037-mp_log-INFO-已审核
2018-11-24 16:53:51,216-mp_log-INFO-已审核
2018-11-24 16:53:51,617-mp_log-INFO-已审核
2018-11-24 16:53:51,856-mp_log-INFO-审核失败
2018-11-24 16:53:52,290-mp_log-INFO-已审核
2018-11-24 16:53:52,620-mp_log-INFO-审核失败
2018-11-24 16:53:52,978-mp_log-INFO-已审核
2018-11-24 16:53:53,240-mp_log-INFO-审核失败
2018-11-24 16:53:53,499-mp_log-INFO-已审核
2018-11-24 16:53:53,765-mp_log-INFO-已审核
2018-11-24 16:53:53,988-mp_log-INFO-已审核
2018-11-24 16:53:54,485-mp_log-INFO-审核失败
2018-11-24 16:53:54,926-mp_log-INFO-已审核
2018-11-24 16:53:55,034-mp_log-INFO-已审核
2018-11-24 16:53:55,264-mp_log-INFO-审核失败
2018-11-24 16:53:55,752-mp_log-INFO-已审核
2018-11-24 16:53:55,999-mp_log-INFO-已审核
2018-11-24 16:53:56,362-mp_log-INFO-已审核
2018-11-24 16:53:56,436-mp_log-INFO-已审核
2018-11-24 16:53:56,702-mp_log-INFO-已审核
2018-11-24 16:53:57,061-mp_log-INFO-审核失败
2018-11-24 16:53:57,400-mp_log-INFO-审核失败
2018-11-24 16:53:57,574-mp_log-INFO-审核失败
2018-11-24 16:53:57,934-mp_log-INFO-已审核
2018-11-24 16:53:58,216-mp_log-INFO-审核失败
2018-11-24 16:53:58,620-mp_log-INFO-审核失败
2018-11-24 16:53:58,978-mp_log-INFO-已审核
2018-11-24 16:53:59,142-mp_log-INFO-审核失败
2018-11-24 16:53:59,440-mp_log-INFO-审核失败
2018-11-24 16:53:59,739-mp_log-INFO-审核失败
2018-11-24 16:54:00,079-mp_log-INFO-审核失败
2018-11-24 16:54:00,346-mp_log-INFO-审核失败
2018-11-24 16:54:00,637-mp_log-INFO-审核失败
2018-11-24 16:54:01,306-mp_log-INFO-已审核
2018-11-24 16:54:01,563-mp_log-INFO-已审核
2018-11-24 16:54:01,944-mp_log-INFO-已审核
2018-11-24 16:54:02,205-mp_log-INFO-已审核
2018-11-24 16:54:02,539-mp_log-INFO-已审核
2018-11-24 16:54:02,778-mp_log-INFO-审核中
2018-11-24 16:54:03,067-mp_log-INFO-审核失败
2018-11-24 16:54:03,493-mp_log-INFO-已审核
2018-11-24 16:54:03,689-mp_log-INFO-已审核
2018-11-24 16:54:04,020-mp_log-INFO-已审核
2018-11-24 16:54:04,332-mp_log-INFO-审核失败
2018-11-24 16:54:04,581-mp_log-INFO-已审核
2018-11-24 16:54:04,839-mp_log-INFO-已审核
2018-11-24 16:54:05,216-mp_log-INFO-已审核
2018-11-24 16:54:05,514-mp_log-INFO-已审核
2018-11-24 16:54:05,798-mp_log-INFO-已审核
2018-11-24 16:54:06,124-mp_log-INFO-审核失败
2018-11-24 16:54:06,414-mp_log-INFO-已审核
2018-11-24 16:54:06,705-mp_log-INFO-已审核
2018-11-24 16:54:06,976-mp_log-INFO-已审核
2018-11-24 16:54:07,327-mp_log-INFO-已审核
2018-11-24 16:54:07,609-mp_log-INFO-审核失败
2018-11-24 16:54:07,961-mp_log-INFO-已审核
2018-11-24 16:54:08,219-mp_log-INFO-已审核
2018-11-24 16:54:08,563-mp_log-INFO-已审核
2018-11-24 16:54:08,835-mp_log-INFO-已审核
2018-11-24 16:54:09,094-mp_log-INFO-已审核
2018-11-24 16:54:09,424-mp_log-INFO-审核失败
2018-11-24 16:54:09,762-mp_log-INFO-审核失败
2018-11-24 16:54:10,187-mp_log-INFO-已审核
2018-11-24 16:54:10,396-mp_log-INFO-已审核
2018-11-24 16:54:10,636-mp_log-INFO-审核失败
2018-11-24 16:54:10,933-mp_log-INFO-已审核
2018-11-24 16:54:11,250-mp_log-INFO-已审核
2018-11-24 16:54:11,535-mp_log-INFO-已审核
2018-11-24 16:54:12,108-mp_log-INFO-已审核
2018-11-24 16:54:12,544-mp_log-INFO-审核失败
2018-11-24 16:54:12,781-mp_log-INFO-已审核
2018-11-24 16:54:13,060-mp_log-INFO-审核失败
2018-11-24 16:54:13,379-mp_log-INFO-已审核
2018-11-24 16:54:13,661-mp_log-INFO-已审核
2018-11-24 16:54:13,937-mp_log-INFO-审核失败
2018-11-24 16:54:14,233-mp_log-INFO-已审核
2018-11-24 16:54:14,522-mp_log-INFO-审核失败
2018-11-24 16:54:14,872-mp_log-INFO-已审核
2018-11-24 16:54:15,168-mp_log-INFO-已审核
2018-11-24 16:54:15,473-mp_log-INFO-已审核
2018-11-24 16:54:15,777-mp_log-INFO-已审核
2018-11-24 16:54:16,086-mp_log-INFO-审核失败
2018-11-24 16:54:16,333-mp_log-INFO-已审核
2018-11-24 16:54:16,834-mp_log-INFO-已审核
2018-11-24 16:54:16,972-mp_log-INFO-已审核
2018-11-24 16:54:17,379-mp_log-INFO-已审核
2018-11-24 16:54:17,764-mp_log-INFO-已审核
2018-11-24 16:54:18,136-mp_log-INFO-已审核
2018-11-24 16:54:18,478-mp_log-INFO-已审核
2018-11-24 16:54:19,259-mp_log-INFO-已审核
2018-11-24 16:54:19,325-mp_log-INFO-审核失败
2018-11-24 16:54:19,679-mp_log-INFO-审核失败
2018-11-24 16:54:19,960-mp_log-INFO-审核失败
2018-11-24 16:54:20,278-mp_log-INFO-审核失败
2018-11-24 16:54:20,550-mp_log-INFO-已审核
2018-11-24 16:54:20,862-mp_log-INFO-已审核
2018-11-24 16:54:21,135-mp_log-INFO-审核失败
2018-11-24 16:54:21,736-mp_log-INFO-审核失败
2018-11-24 16:54:21,753-mp_log-INFO-审核失败
2018-11-24 16:54:22,073-mp_log-INFO-已审核
2018-11-24 16:54:22,461-mp_log-INFO-已审核
2018-11-24 16:54:22,669-mp_log-INFO-已审核
2018-11-24 16:54:23,063-mp_log-INFO-已审核
2018-11-24 16:54:23,374-mp_log-INFO-审核失败
2018-11-24 16:54:23,610-mp_log-INFO-已审核
2018-11-24 16:54:23,876-mp_log-INFO-已审核
2018-11-24 16:54:24,221-mp_log-INFO-已审核
2018-11-24 16:54:24,515-mp_log-INFO-已审核
2018-11-24 16:54:24,851-mp_log-INFO-已审核
2018-11-24 16:54:25,116-mp_log-INFO-已审核
2018-11-24 16:54:25,446-mp_log-INFO-已审核
2018-11-24 16:54:25,789-mp_log-INFO-已审核
2018-11-24 16:54:26,008-mp_log-INFO-审核失败
2018-11-24 16:54:26,318-mp_log-INFO-已审核
2018-11-24 16:54:26,688-mp_log-INFO-已审核
2018-11-24 16:54:26,886-mp_log-INFO-已审核
2018-11-24 16:54:27,232-mp_log-INFO-审核失败
2018-11-24 16:54:27,490-mp_log-INFO-已审核
2018-11-24 16:54:27,838-mp_log-INFO-审核失败
2018-11-24 16:54:28,194-mp_log-INFO-已审核
2018-11-24 16:54:28,389-mp_log-INFO-审核失败
2018-11-24 16:54:29,020-mp_log-INFO-已审核
2018-11-24 16:54:29,350-mp_log-INFO-已审核
2018-11-24 16:54:29,546-mp_log-INFO-已审核
2018-11-24 16:54:29,707-mp_log-INFO-审核失败
2018-11-24 16:54:29,962-mp_log-INFO-审核失败
2018-11-24 16:54:30,240-mp_log-INFO-审核失败
2018-11-24 16:54:30,543-mp_log-INFO-审核失败
2018-11-24 16:54:30,791-mp_log-INFO-已审核
2018-11-24 16:54:31,086-mp_log-INFO-已审核
2018-11-24 16:54:31,478-mp_log-INFO-已审核
2018-11-24 16:54:31,770-mp_log-INFO-审核失败
2018-11-24 16:54:32,070-mp_log-INFO-已审核
2018-11-24 16:54:32,360-mp_log-INFO-已审核
2018-11-24 16:54:32,583-mp_log-INFO-已审核
2018-11-24 16:54:32,965-mp_log-INFO-已审核
2018-11-24 16:54:33,241-mp_log-INFO-已审核
2018-11-24 16:54:33,555-mp_log-INFO-审核失败
2018-11-24 16:54:33,851-mp_log-INFO-审核失败
2018-11-24 16:54:34,138-mp_log-INFO-审核失败
2018-11-24 16:54:34,375-mp_log-INFO-已审核
2018-11-24 16:54:34,920-mp_log-INFO-审核失败
2018-11-24 16:54:35,041-mp_log-INFO-审核失败
2018-11-24 16:54:35,425-mp_log-INFO-审核失败
2018-11-24 16:54:35,727-mp_log-INFO-已审核
2018-11-24 16:54:35,978-mp_log-INFO-已审核
2018-11-24 16:54:36,273-mp_log-INFO-已审核
2018-11-24 16:54:36,596-mp_log-INFO-已审核
2018-11-24 16:54:36,825-mp_log-INFO-已审核
2018-11-24 16:54:37,192-mp_log-INFO-已审核
2018-11-24 16:54:37,713-mp_log-INFO-已审核
2018-11-24 16:54:37,761-mp_log-INFO-已审核
2018-11-24 16:54:38,046-mp_log-INFO-已审核
2018-11-24 16:54:38,366-mp_log-INFO-已审核
2018-11-24 16:54:38,671-mp_log-INFO-已审核
2018-11-24 16:54:38,851-mp_log-INFO-审核失败
2018-11-24 16:54:39,248-mp_log-INFO-已审核
2018-11-24 16:54:39,579-mp_log-INFO-已审核
2018-11-24 16:54:39,850-mp_log-INFO-已审核
2018-11-24 16:54:40,124-mp_log-INFO-已审核
2018-11-24 16:54:40,427-mp_log-INFO-已审核
2018-11-24 16:54:40,811-mp_log-INFO-已审核
2018-11-24 16:54:41,084-mp_log-INFO-已审核
2018-11-24 16:54:41,339-mp_log-INFO-审核失败
2018-11-24 16:54:41,771-mp_log-INFO-审核失败
2018-11-24 16:54:41,982-mp_log-INFO-已审核
2018-11-24 16:54:42,325-mp_log-INFO-已审核
2018-11-24 16:54:42,631-mp_log-INFO-已审核
2018-11-24 16:54:43,465-mp_log-INFO-已审核
