2018-11-24 17:50:54,603-Getlogin-ERROR-'token'
2018-11-24 17:50:54,605-mp_log-INFO-token获取成功......
2018-11-24 17:51:06,045-mp_log-INFO-获取所有小程序信息成功......
2018-11-24 17:51:06,563-mp_log-INFO-获取最新模板信息成功.......
2018-11-24 17:51:09,599-mp_log-INFO-环亚美容提交成功
2018-11-24 17:51:10,021-mp_log-ERROR-sdfdsfdsf提交失败
2018-11-24 17:51:10,137-mp_log-INFO-诺研皮肤管理提交成功
2018-11-24 17:51:10,747-mp_log-INFO-芳妍美容提交成功
2018-11-24 17:51:11,439-mp_log-INFO-绿苑女子提交成功
2018-11-24 17:51:12,524-mp_log-INFO-伊之花美容提交成功
2018-11-24 17:51:12,774-mp_log-INFO-广州七号驻颜提交成功
2018-11-24 17:51:13,201-mp_log-INFO-曼奇莎提交成功
2018-11-24 17:51:13,806-mp_log-INFO-诗美逸提交成功
2018-11-24 17:51:14,387-mp_log-INFO-颐和美容提交成功
2018-11-24 17:51:14,711-mp_log-INFO-赫阁尔提交成功
2018-11-24 17:51:14,833-mp_log-ERROR-漂亮宝贝提交失败
2018-11-24 17:51:15,162-mp_log-INFO-草木缘提交成功
2018-11-24 17:51:16,464-mp_log-INFO-梦颜科美提交成功
2018-11-24 17:51:16,654-mp_log-INFO-都市点点提交成功
2018-11-24 17:51:17,318-mp_log-INFO-来了美佳澜店提交成功
2018-11-24 17:51:17,773-mp_log-INFO-木子美甲美睫提交成功
2018-11-24 17:51:18,074-mp_log-INFO-润妃国际提交成功
2018-11-24 17:51:18,777-mp_log-INFO-灵动提交成功
2018-11-24 17:51:19,183-mp_log-INFO-康丽皇家提交成功
2018-11-24 17:51:19,942-mp_log-INFO-美丽驿站提交成功
2018-11-24 17:51:20,015-mp_log-ERROR-市场演示专用提交失败
2018-11-24 17:51:20,333-mp_log-INFO-美美昭彦提交成功
2018-11-24 17:51:20,719-mp_log-INFO-匠美JMBEAUTY提交成功
2018-11-24 17:51:21,337-mp_log-INFO-HB美尚荟提交成功
2018-11-24 17:51:22,382-mp_log-INFO-Youngface提交成功
2018-11-24 17:51:22,824-mp_log-INFO-爱睿熙国际提交成功
2018-11-24 17:51:23,280-mp_log-INFO-当今悦美提交成功
2018-11-24 17:51:23,792-mp_log-INFO-谦和国际提交成功
2018-11-24 17:51:24,265-mp_log-INFO-米蝶·快美吧提交成功
2018-11-24 17:51:24,758-mp_log-INFO-iBEATA贝娅塔提交成功
2018-11-24 17:51:25,361-mp_log-INFO-菲常美提交成功
2018-11-24 17:51:25,780-mp_log-INFO-当代经典提交成功
2018-11-24 17:51:26,148-mp_log-INFO-东方丽人提交成功
2018-11-24 17:51:26,638-mp_log-INFO-盛士兰提交成功
2018-11-24 17:51:27,262-mp_log-INFO-玫瑰坊提交成功
2018-11-24 17:51:27,616-mp_log-INFO-悠兰lyj提交成功
2018-11-24 17:51:28,189-mp_log-INFO-芊思雅莎莎提交成功
2018-11-24 17:51:28,725-mp_log-ERROR-美人记Diary提交失败
2018-11-24 17:51:28,829-mp_log-INFO-来就健康提交成功
2018-11-24 17:51:29,360-mp_log-INFO-恒美世纪提交成功
2018-11-24 17:51:30,201-mp_log-INFO-美范·珺之屋提交成功
2018-11-24 17:51:30,666-mp_log-INFO-菲梵经典提交成功
2018-11-24 17:51:31,324-mp_log-INFO-悦芳泉SPA提交成功
2018-11-24 17:51:31,609-mp_log-INFO-爱美丽提交成功
2018-11-24 17:51:32,248-mp_log-INFO-漂亮如你提交成功
2018-11-24 17:51:32,745-mp_log-INFO-广西宝宝爱提交成功
2018-11-24 17:51:33,268-mp_log-INFO-虞诗蔓提交成功
2018-11-24 17:51:33,648-mp_log-INFO-Goonbeauty提交成功
2018-11-24 17:51:34,060-mp_log-INFO-唯艳美提交成功
2018-11-24 17:51:34,550-mp_log-INFO-吉美妍丽提交成功
2018-11-24 17:51:35,219-mp_log-INFO-雪依氏提交成功
2018-11-24 17:51:35,658-mp_log-INFO-书白美企提交成功
2018-11-24 17:51:36,245-mp_log-INFO-星美国际提交成功
2018-11-24 17:51:36,850-mp_log-INFO-霭伦恩美提交成功
2018-11-24 17:51:37,332-mp_log-INFO-来美吧提交成功
2018-11-24 17:51:37,644-mp_log-INFO-伊美朗提交成功
2018-11-24 17:51:38,304-mp_log-INFO-美美一生提交成功
2018-11-24 17:51:38,783-mp_log-INFO-佳婳天美提交成功
2018-11-24 17:51:39,223-mp_log-INFO-优年轻提交成功
2018-11-24 17:51:39,729-mp_log-INFO-易康国际提交成功
2018-11-24 17:51:40,235-mp_log-INFO-美美昭妍提交成功
2018-11-24 17:51:40,738-mp_log-INFO-佐登妮丝提交成功
2018-11-24 17:51:41,391-mp_log-INFO-阿星国际提交成功
2018-11-24 17:51:41,850-mp_log-INFO-娇阑美颜提交成功
2018-11-24 17:51:42,291-mp_log-INFO-爱女士提交成功
2018-11-24 17:51:42,995-mp_log-INFO-PS智能美肤提交成功
2018-11-24 17:51:43,219-mp_log-INFO-艾妍整形提交成功
2018-11-24 17:51:43,865-mp_log-INFO-珍珍美容提交成功
2018-11-24 17:51:44,345-mp_log-INFO-姿曼美容spa提交成功
2018-11-24 17:51:44,645-mp_log-INFO-巴黎情缘提交成功
2018-11-24 17:51:45,230-mp_log-INFO-百合春天提交成功
2018-11-24 17:51:45,773-mp_log-INFO-梅兰丽人提交成功
2018-11-24 17:51:46,174-mp_log-INFO-美由心生美惠提交成功
2018-11-24 17:51:46,834-mp_log-INFO-燕燕尊尚美容提交成功
2018-11-24 17:51:47,283-mp_log-INFO-雅致璇肌提交成功
2018-11-24 17:51:47,768-mp_log-INFO-诗露丽涵提交成功
2018-11-24 17:51:48,283-mp_log-ERROR-GOGO宝迪提交失败
2018-11-24 17:51:48,318-mp_log-INFO-东方仕典提交成功
2018-11-24 17:51:48,546-mp_log-INFO-韩流美美店提交成功
2018-11-24 17:51:49,879-mp_log-INFO-月瘦月美提交成功
2018-11-24 17:51:50,133-mp_log-INFO-启程金典美业提交成功
2018-11-24 17:51:50,842-mp_log-INFO-年轻我可以提交成功
2018-11-24 17:51:51,255-mp_log-INFO-精工皇族提交成功
2018-11-24 17:51:51,923-mp_log-INFO-兴美源提交成功
2018-11-24 17:51:52,457-mp_log-INFO-明剪一秀提交成功
2018-11-24 17:51:52,943-mp_log-INFO-深圳丝客富提交成功
2018-11-24 17:51:53,553-mp_log-INFO-DuDuBeauty提交成功
2018-11-24 17:51:53,938-mp_log-INFO-琉璃水城提交成功
2018-11-24 17:51:54,267-mp_log-INFO-栢草源提交成功
2018-11-24 17:51:54,696-mp_log-INFO-杭州东方整形提交成功
2018-11-24 17:51:55,578-mp_log-INFO-ONI速美提交成功
2018-11-24 17:51:56,212-mp_log-INFO-YAN健康•美+提交成功
2018-11-24 17:51:56,506-mp_log-INFO-MMbeauty提交成功
2018-11-24 17:51:56,838-mp_log-INFO-美共享提交成功
2018-11-24 17:51:57,334-mp_log-INFO-靓佳人提交成功
2018-11-24 17:51:57,999-mp_log-INFO-ME智慧美店提交成功
2018-11-24 17:51:58,219-mp_log-INFO-二院美丽之约提交成功
2018-11-24 17:51:58,735-mp_log-INFO-紫舟美业提交成功
2018-11-24 17:51:59,205-mp_log-INFO-南洋beauty提交成功
2018-11-24 17:51:59,606-mp_log-INFO-阿芙洛蒂提交成功
2018-11-24 17:52:00,342-mp_log-INFO-来了美标榜店提交成功
2018-11-24 17:52:00,522-mp_log-INFO-美德福提交成功
2018-11-24 17:52:01,569-mp_log-INFO-岳灵生发提交成功
2018-11-24 17:52:01,777-mp_log-INFO-美姿源提交成功
2018-11-24 17:52:02,106-mp_log-INFO-维多丽雅提交成功
2018-11-24 17:52:02,561-mp_log-ERROR-光速美提交失败
2018-11-24 17:52:03,021-mp_log-INFO-雅典娜提交成功
2018-11-24 17:52:03,248-mp_log-INFO-杭州桐雅提交成功
2018-11-24 17:52:03,940-mp_log-INFO-妃香伊丹提交成功
2018-11-24 17:52:04,887-mp_log-INFO-张氏纳然姬朵提交成功
2018-11-24 17:52:05,072-mp_log-INFO-魅力华健提交成功
2018-11-24 17:52:05,747-mp_log-INFO-圣水伊人提交成功
2018-11-24 17:52:06,369-mp_log-INFO-窈窕淑女提交成功
2018-11-24 17:52:07,346-mp_log-INFO-香密雅CIMIA提交成功
2018-11-24 17:52:07,746-mp_log-INFO-妍雅媛提交成功
2018-11-24 17:52:07,826-mp_log-INFO-绮莉尔智能美提交成功
2018-11-24 17:52:08,472-mp_log-INFO-来了美提交成功
2018-11-24 17:52:08,548-mp_log-INFO-云立方提交成功
2018-11-24 17:52:09,225-mp_log-INFO-轻医美提交成功
2018-11-24 17:52:09,572-mp_log-INFO-世纪春天提交成功
2018-11-24 17:52:10,336-mp_log-INFO-贵妇人提交成功
2018-11-24 17:52:10,726-mp_log-INFO-BabyBeauty提交成功
2018-11-24 17:52:11,308-mp_log-INFO-奇遇青春提交成功
2018-11-24 17:52:11,604-mp_log-INFO-来了美韩尚恩提交成功
2018-11-24 17:52:12,340-mp_log-INFO-纤指百媚提交成功
2018-11-24 17:52:12,719-mp_log-INFO-美之颜提交成功
2018-11-24 17:52:13,185-mp_log-INFO-贝琳菲美业提交成功
2018-11-24 17:52:13,649-mp_log-INFO-郦芙蓉beauty提交成功
2018-11-24 17:52:13,964-mp_log-ERROR-服务商账号提交失败
2018-11-24 17:52:14,434-mp_log-INFO-氢颜轻奢美肤提交成功
2018-11-24 17:52:14,949-mp_log-INFO-玫香源提交成功
2018-11-24 17:52:15,821-mp_log-INFO-香住SPA提交成功
2018-11-24 17:52:16,533-mp_log-INFO-依蔻依美提交成功
2018-11-24 17:52:16,818-mp_log-INFO-佰味女人提交成功
2018-11-24 17:52:17,273-mp_log-INFO-黄氏百佳提交成功
2018-11-24 17:52:17,660-mp_log-INFO-创美雅香莱提交成功
2018-11-24 17:52:17,884-mp_log-ERROR-涣美医疗提交失败
2018-11-24 17:52:18,499-mp_log-INFO-艾面一族 提交成功
2018-11-24 17:52:19,568-mp_log-INFO-植美SPA提交成功
2018-11-24 17:52:19,882-mp_log-INFO-曼姿提交成功
2018-11-24 17:52:20,271-mp_log-INFO-美丽九九提交成功
2018-11-24 17:52:20,652-mp_log-INFO-南国西子提交成功
2018-11-24 17:52:21,294-mp_log-INFO-百分国际美容提交成功
2018-11-24 17:52:21,831-mp_log-INFO-千颂伊美学中心提交成功
2018-11-24 17:52:22,355-mp_log-INFO-艾尚美美哒提交成功
2018-11-24 17:52:22,808-mp_log-INFO-玉颜堂提交成功
2018-11-24 17:52:23,268-mp_log-INFO-金美源提交成功
2018-11-24 17:52:23,946-mp_log-INFO-爱玛仕嘉提交成功
2018-11-24 17:52:24,447-mp_log-INFO-智能科技美店提交成功
2018-11-24 17:52:24,821-mp_log-INFO-欧妮薇提交成功
2018-11-24 17:52:25,286-mp_log-INFO-成都净美天使提交成功
2018-11-24 17:52:25,752-mp_log-INFO-美姿来就美提交成功
2018-11-24 17:52:26,306-mp_log-INFO-IVY艾菲芭提交成功
2018-11-24 17:52:26,630-mp_log-INFO-引导美体验店提交成功
2018-11-24 17:52:27,269-mp_log-INFO-来了美雲会所提交成功
2018-11-24 17:52:27,714-mp_log-INFO-SoBeauty提交成功
2018-11-24 17:52:28,557-mp_log-INFO-蒙妮莎新美容提交成功
2018-11-24 17:52:28,920-mp_log-INFO-筋生美提交成功
2018-11-24 17:52:29,208-mp_log-INFO-来了美美吧提交成功
2018-11-24 17:52:29,678-mp_log-INFO-金柏丽提交成功
2018-11-24 17:52:30,270-mp_log-INFO-长江九号提交成功
2018-11-24 17:52:30,953-mp_log-INFO-优文专业脱毛提交成功
2018-11-24 17:52:31,343-mp_log-INFO-天使国际提交成功
2018-11-24 17:52:31,759-mp_log-INFO-如生堂提交成功
2018-11-24 17:52:32,411-mp_log-INFO-梦田芳香Spa提交成功
2018-11-24 17:52:32,862-mp_log-INFO-贝施纤体提交成功
2018-11-24 17:52:33,274-mp_log-INFO-色彩纯姬提交成功
2018-11-24 17:52:33,777-mp_log-INFO-红妆倾城提交成功
2018-11-24 17:52:34,391-mp_log-INFO-丹阳圣莉斯歌提交成功
2018-11-24 17:52:34,706-mp_log-INFO-金贵人Beauty提交成功
2018-11-24 17:52:35,319-mp_log-INFO-芯语芳心提交成功
2018-11-24 17:52:35,836-mp_log-INFO-还原美提交成功
2018-11-24 17:52:36,195-mp_log-INFO-延颜美容提交成功
2018-11-24 17:52:36,711-mp_log-INFO-缘临医疗美容提交成功
2018-11-24 17:52:37,328-mp_log-INFO-梦圆皇宫提交成功
2018-11-24 17:52:37,712-mp_log-INFO-美了就来提交成功
2018-11-24 17:52:38,351-mp_log-INFO-恩雅提交成功
2018-11-24 17:52:38,712-mp_log-INFO-俏丽屋提交成功
2018-11-24 17:52:39,278-mp_log-INFO-YoungDream提交成功
2018-11-24 17:52:39,938-mp_log-INFO-DR美研博士提交成功
2018-11-24 17:52:40,394-mp_log-INFO-女秀才提交成功
2018-11-24 17:52:40,770-mp_log-INFO-東美人儿提交成功
2018-11-24 17:52:41,546-mp_log-INFO-承昱医疗提交成功
2018-11-24 17:52:42,080-mp_log-INFO-斓悦庭提交成功
2018-11-24 17:52:42,356-mp_log-INFO-美迩美整形提交成功
2018-11-24 17:52:42,853-mp_log-INFO-唯美童妍提交成功
2018-11-24 17:52:43,417-mp_log-INFO-BV美聚提交成功
2018-11-24 17:52:43,800-mp_log-INFO-健丽宝美容提交成功
2018-11-24 17:52:44,400-mp_log-INFO-掌上美管家A提交成功
2018-11-24 17:52:45,000-mp_log-INFO-博妍集美提交成功
2018-11-24 17:52:45,362-mp_log-INFO-雅涛世家提交成功
2018-11-24 17:52:45,549-mp_log-ERROR-呈悦医疗提交失败
2018-11-24 17:52:46,023-mp_log-INFO-双妹美容提交成功
2018-11-24 17:52:46,703-mp_log-INFO-来了美千丝美提交成功
2018-11-24 17:52:47,395-mp_log-INFO-世纪之春提交成功
2018-11-24 17:52:47,807-mp_log-INFO-雅梵GO美提交成功
2018-11-24 17:52:48,324-mp_log-INFO-女主角美容提交成功
2018-11-24 17:52:48,400-mp_log-ERROR-弘粹堂提交失败
2018-11-24 17:52:48,827-mp_log-INFO-来了就体验账提交成功
2018-11-24 17:52:49,773-mp_log-INFO-环球美容提交成功
2018-11-24 17:52:50,428-mp_log-INFO-乐聚提交成功
2018-11-24 17:52:50,799-mp_log-INFO-诗芙侬提交成功
2018-11-24 17:52:51,312-mp_log-INFO-沧州美美达提交成功
2018-11-24 17:52:51,940-mp_log-INFO-妮娜形象管理提交成功
2018-11-24 17:52:52,297-mp_log-INFO-赢美肌提交成功
2018-11-24 17:52:52,840-mp_log-INFO-馨境堂提交成功
2018-11-24 17:52:53,633-mp_log-INFO-良沐健康管理提交成功
2018-11-24 17:52:54,146-mp_log-INFO-果蔬美容提交成功
2018-11-24 17:52:54,491-mp_log-INFO-贝兰思提交成功
2018-11-24 17:52:54,957-mp_log-INFO-东方秀丽提交成功
2018-11-24 17:52:55,375-mp_log-INFO-缔罗嘉佳提交成功
2018-11-24 17:52:55,951-mp_log-INFO-文轩专业美容提交成功
2018-11-24 17:52:56,229-mp_log-INFO-欧丽薇提交成功
