2018-11-10 14:38:22,521-Getlogin-ERROR-'token'
2018-11-10 14:38:22,523-mp_log-INFO-token获取成功......
2018-11-10 14:38:34,295-mp_log-INFO-获取所有小程序信息成功......
2018-11-10 14:38:34,886-mp_log-INFO-获取最新模板信息成功.......
2018-11-10 14:38:36,169-mp_log-INFO-已审核
2018-11-10 14:38:36,620-mp_log-INFO-已审核
2018-11-10 14:38:36,841-mp_log-INFO-已审核
2018-11-10 14:38:37,868-mp_log-INFO-已审核
2018-11-10 14:38:38,234-mp_log-INFO-已审核
2018-11-10 14:38:38,335-mp_log-INFO-已审核
2018-11-10 14:38:38,807-mp_log-INFO-审核失败
2018-11-10 14:38:39,185-mp_log-INFO-审核失败
2018-11-10 14:38:39,296-mp_log-INFO-审核失败
2018-11-10 14:38:39,423-mp_log-INFO-已审核
2018-11-10 14:38:39,778-mp_log-INFO-审核失败
2018-11-10 14:38:40,007-mp_log-INFO-已审核
2018-11-10 14:38:40,331-mp_log-INFO-已审核
2018-11-10 14:38:40,634-mp_log-INFO-已审核
2018-11-10 14:38:40,967-mp_log-INFO-审核失败
2018-11-10 14:38:41,184-mp_log-INFO-已审核
2018-11-10 14:38:41,490-mp_log-INFO-已审核
2018-11-10 14:38:41,811-mp_log-INFO-已审核
2018-11-10 14:38:42,133-mp_log-INFO-已审核
2018-11-10 14:38:42,360-mp_log-INFO-已审核
2018-11-10 14:38:42,669-mp_log-INFO-已审核
2018-11-10 14:38:43,381-mp_log-INFO-已审核
2018-11-10 14:38:43,610-mp_log-INFO-已审核
2018-11-10 14:38:44,030-mp_log-INFO-已审核
2018-11-10 14:38:44,231-mp_log-INFO-已审核
2018-11-10 14:38:44,597-mp_log-INFO-已审核
2018-11-10 14:38:44,900-mp_log-INFO-审核失败
2018-11-10 14:38:45,268-mp_log-INFO-审核失败
2018-11-10 14:38:45,563-mp_log-INFO-已审核
2018-11-10 14:38:45,850-mp_log-INFO-已审核
2018-11-10 14:38:46,040-mp_log-INFO-已审核
2018-11-10 14:38:46,334-mp_log-INFO-已审核
2018-11-10 14:38:46,892-mp_log-INFO-审核失败
2018-11-10 14:38:46,994-mp_log-INFO-已审核
2018-11-10 14:38:47,208-mp_log-INFO-已审核
2018-11-10 14:38:47,496-mp_log-INFO-已审核
2018-11-10 14:38:47,757-mp_log-INFO-已审核
2018-11-10 14:38:48,174-mp_log-INFO-已审核
2018-11-10 14:38:48,431-mp_log-INFO-已审核
2018-11-10 14:38:48,770-mp_log-INFO-已审核
2018-11-10 14:38:49,148-mp_log-INFO-已审核
2018-11-10 14:38:49,332-mp_log-INFO-已审核
2018-11-10 14:38:49,734-mp_log-INFO-已审核
2018-11-10 14:38:49,967-mp_log-INFO-已审核
2018-11-10 14:38:50,554-mp_log-INFO-已审核
2018-11-10 14:38:50,676-mp_log-INFO-已审核
2018-11-10 14:38:50,824-mp_log-INFO-已审核
2018-11-10 14:38:51,225-mp_log-INFO-已审核
2018-11-10 14:38:51,656-mp_log-INFO-已审核
2018-11-10 14:38:51,851-mp_log-INFO-已审核
2018-11-10 14:38:52,215-mp_log-INFO-审核失败
2018-11-10 14:38:52,325-mp_log-INFO-已审核
2018-11-10 14:38:52,736-mp_log-INFO-已审核
2018-11-10 14:38:52,870-mp_log-INFO-已审核
2018-11-10 14:38:53,167-mp_log-INFO-审核失败
2018-11-10 14:38:53,487-mp_log-INFO-已审核
2018-11-10 14:38:53,972-mp_log-INFO-审核失败
2018-11-10 14:38:54,150-mp_log-INFO-审核失败
2018-11-10 14:38:54,407-mp_log-INFO-审核失败
2018-11-10 14:38:54,796-mp_log-INFO-已审核
2018-11-10 14:38:54,934-mp_log-INFO-已审核
2018-11-10 14:38:55,328-mp_log-INFO-已审核
2018-11-10 14:38:55,616-mp_log-INFO-已审核
2018-11-10 14:38:57,311-mp_log-INFO-已审核
2018-11-10 14:38:57,378-mp_log-INFO-审核失败
2018-11-10 14:38:57,471-mp_log-INFO-已审核
2018-11-10 14:38:57,678-mp_log-INFO-已审核
2018-11-10 14:38:57,813-mp_log-INFO-已审核
2018-11-10 14:38:57,854-mp_log-INFO-已审核
2018-11-10 14:38:57,950-mp_log-INFO-已审核
2018-11-10 14:38:58,042-mp_log-INFO-已审核
2018-11-10 14:38:58,298-mp_log-INFO-审核失败
2018-11-10 14:38:58,607-mp_log-INFO-已审核
2018-11-10 14:38:58,940-mp_log-INFO-已审核
2018-11-10 14:38:59,252-mp_log-INFO-审核失败
2018-11-10 14:38:59,438-mp_log-INFO-已审核
2018-11-10 14:38:59,782-mp_log-INFO-已审核
2018-11-10 14:39:00,082-mp_log-INFO-已审核
2018-11-10 14:39:00,448-mp_log-INFO-审核失败
2018-11-10 14:39:00,853-mp_log-INFO-审核失败
2018-11-10 14:39:01,016-mp_log-INFO-已审核
2018-11-10 14:39:01,313-mp_log-INFO-已审核
2018-11-10 14:39:01,704-mp_log-INFO-审核失败
2018-11-10 14:39:02,258-mp_log-INFO-已审核
2018-11-10 14:39:02,427-mp_log-INFO-已审核
2018-11-10 14:39:02,580-mp_log-INFO-已审核
2018-11-10 14:39:02,772-mp_log-INFO-已审核
2018-11-10 14:39:03,031-mp_log-INFO-已审核
2018-11-10 14:39:03,466-mp_log-INFO-已审核
2018-11-10 14:39:03,778-mp_log-INFO-已审核
2018-11-10 14:39:04,332-mp_log-INFO-审核失败
2018-11-10 14:39:04,742-mp_log-INFO-审核失败
2018-11-10 14:39:04,862-mp_log-INFO-已审核
2018-11-10 14:39:05,026-mp_log-INFO-已审核
2018-11-10 14:39:05,350-mp_log-INFO-审核失败
2018-11-10 14:39:05,769-mp_log-INFO-已审核
2018-11-10 14:39:05,959-mp_log-INFO-已审核
2018-11-10 14:39:06,387-mp_log-INFO-已审核
2018-11-10 14:39:06,658-mp_log-INFO-已审核
2018-11-10 14:39:06,927-mp_log-INFO-已审核
2018-11-10 14:39:07,117-mp_log-INFO-已审核
2018-11-10 14:39:07,554-mp_log-INFO-审核失败
2018-11-10 14:39:08,506-mp_log-INFO-已审核
2018-11-10 14:39:08,853-mp_log-INFO-已审核
2018-11-10 14:39:09,114-mp_log-INFO-已审核
2018-11-10 14:39:09,327-mp_log-INFO-已审核
2018-11-10 14:39:09,470-mp_log-INFO-已审核
2018-11-10 14:39:09,689-mp_log-INFO-已审核
2018-11-10 14:39:09,920-mp_log-INFO-已审核
2018-11-10 14:39:10,193-mp_log-INFO-已审核
2018-11-10 14:39:10,479-mp_log-INFO-审核失败
2018-11-10 14:39:10,831-mp_log-INFO-已审核
2018-11-10 14:39:11,067-mp_log-INFO-已审核
2018-11-10 14:39:11,443-mp_log-INFO-已审核
2018-11-10 14:39:11,892-mp_log-INFO-已审核
2018-11-10 14:39:12,021-mp_log-INFO-已审核
2018-11-10 14:39:12,382-mp_log-INFO-已审核
2018-11-10 14:39:12,753-mp_log-INFO-已审核
2018-11-10 14:39:13,031-mp_log-INFO-已审核
2018-11-10 14:39:13,325-mp_log-INFO-审核失败
2018-11-10 14:39:13,626-mp_log-INFO-已审核
2018-11-10 14:39:13,822-mp_log-INFO-已审核
2018-11-10 14:39:14,148-mp_log-INFO-已审核
2018-11-10 14:39:14,461-mp_log-INFO-已审核
2018-11-10 14:39:14,738-mp_log-INFO-已审核
2018-11-10 14:39:15,048-mp_log-INFO-已审核
2018-11-10 14:39:15,288-mp_log-INFO-审核失败
2018-11-10 14:39:15,676-mp_log-INFO-审核失败
2018-11-10 14:39:15,934-mp_log-INFO-已审核
2018-11-10 14:39:16,199-mp_log-INFO-已审核
2018-11-10 14:39:16,549-mp_log-INFO-已审核
2018-11-10 14:39:16,906-mp_log-INFO-已审核
2018-11-10 14:39:17,226-mp_log-INFO-已审核
2018-11-10 14:39:17,514-mp_log-INFO-已审核
2018-11-10 14:39:17,705-mp_log-INFO-已审核
2018-11-10 14:39:18,007-mp_log-INFO-已审核
2018-11-10 14:39:18,421-mp_log-INFO-审核失败
2018-11-10 14:39:18,614-mp_log-INFO-已审核
2018-11-10 14:39:18,951-mp_log-INFO-已审核
2018-11-10 14:39:19,245-mp_log-INFO-已审核
2018-11-10 14:39:19,500-mp_log-INFO-已审核
2018-11-10 14:39:19,836-mp_log-INFO-已审核
2018-11-10 14:39:20,927-mp_log-INFO-已审核
2018-11-10 14:39:21,433-mp_log-INFO-已审核
2018-11-10 14:39:21,587-mp_log-INFO-已审核
2018-11-10 14:39:21,616-mp_log-INFO-已审核
2018-11-10 14:39:21,628-mp_log-INFO-已审核
2018-11-10 14:39:21,795-mp_log-INFO-审核失败
2018-11-10 14:39:22,045-mp_log-INFO-已审核
2018-11-10 14:39:22,221-mp_log-INFO-审核失败
2018-11-10 14:39:22,448-mp_log-INFO-已审核
2018-11-10 14:39:22,806-mp_log-INFO-已审核
2018-11-10 14:39:23,081-mp_log-INFO-已审核
2018-11-10 14:39:23,452-mp_log-INFO-审核失败
2018-11-10 14:39:23,690-mp_log-INFO-已审核
2018-11-10 14:39:24,042-mp_log-INFO-已审核
2018-11-10 14:39:24,281-mp_log-INFO-已审核
2018-11-10 14:39:24,593-mp_log-INFO-已审核
2018-11-10 14:39:24,888-mp_log-INFO-审核失败
2018-11-10 14:39:25,150-mp_log-INFO-审核失败
2018-11-10 14:39:25,422-mp_log-INFO-审核失败
2018-11-10 14:39:25,883-mp_log-INFO-已审核
2018-11-10 14:39:26,090-mp_log-INFO-已审核
2018-11-10 14:39:26,437-mp_log-INFO-已审核
2018-11-10 14:39:27,055-mp_log-INFO-已审核
2018-11-10 14:39:27,069-mp_log-INFO-已审核
2018-11-10 14:39:27,416-mp_log-INFO-已审核
2018-11-10 14:39:27,576-mp_log-INFO-审核失败
2018-11-10 14:39:28,012-mp_log-INFO-已审核
2018-11-10 14:39:28,242-mp_log-INFO-已审核
2018-11-10 14:39:28,517-mp_log-INFO-审核失败
2018-11-10 14:39:28,822-mp_log-INFO-已审核
2018-11-10 14:39:29,096-mp_log-INFO-已审核
2018-11-10 14:39:29,427-mp_log-INFO-审核失败
2018-11-10 14:39:29,743-mp_log-INFO-已审核
2018-11-10 14:39:30,034-mp_log-INFO-已审核
2018-11-10 14:39:30,358-mp_log-INFO-已审核
2018-11-10 14:39:30,644-mp_log-INFO-已审核
2018-11-10 14:39:30,977-mp_log-INFO-已审核
2018-11-10 14:39:31,202-mp_log-INFO-已审核
2018-11-10 14:39:31,532-mp_log-INFO-已审核
2018-11-10 14:39:31,855-mp_log-INFO-已审核
2018-11-10 14:39:32,099-mp_log-INFO-已审核
2018-11-10 14:39:32,630-mp_log-INFO-已审核
2018-11-10 14:39:32,696-mp_log-INFO-已审核
2018-11-10 14:39:32,973-mp_log-INFO-已审核
2018-11-10 14:39:33,274-mp_log-INFO-已审核
2018-11-10 14:39:33,591-mp_log-INFO-已审核
2018-11-10 14:39:33,878-mp_log-INFO-已审核
2018-11-10 14:39:34,182-mp_log-INFO-已审核
2018-11-10 14:39:34,508-mp_log-INFO-已审核
2018-11-10 14:39:34,856-mp_log-INFO-已审核
2018-11-10 14:39:35,144-mp_log-INFO-已审核
2018-11-10 14:39:35,711-mp_log-INFO-审核失败
2018-11-10 14:39:35,724-mp_log-INFO-已审核
2018-11-10 14:39:35,976-mp_log-INFO-已审核
2018-11-10 14:39:36,316-mp_log-INFO-已审核
2018-11-10 14:39:36,596-mp_log-INFO-审核失败
2018-11-10 14:39:36,996-mp_log-INFO-已审核
2018-11-10 14:39:37,308-mp_log-INFO-已审核
2018-11-10 14:39:37,548-mp_log-INFO-已审核
