2018-11-16 18:55:20,243-Getlogin-ERROR-'token'
2018-11-16 18:55:20,245-mp_log-INFO-token获取成功......
2018-11-16 18:55:36,778-mp_log-INFO-获取所有小程序信息成功......
2018-11-16 18:55:37,286-mp_log-INFO-获取最新模板信息成功.......
2018-11-16 18:55:40,040-mp_log-INFO-诗美逸模板操作成功,模板名称20181116 18.13 商家正式版
2018-11-16 18:55:40,577-mp_log-INFO-颐和美容模板操作成功,模板名称20181116 18.13 商家正式版
2018-11-16 18:55:40,719-mp_log-INFO-草木缘模板操作成功,模板名称20181116 18.13 商家正式版
2018-11-16 18:55:41,427-mp_log-INFO-润妃国际模板操作成功,模板名称20181116 18.13 商家正式版
2018-11-16 18:55:41,806-mp_log-INFO-iBEATA贝娅塔模板操作成功,模板名称20181116 18.13 商家正式版
2018-11-16 18:55:42,242-mp_log-INFO-菲常美模板操作成功,模板名称20181116 18.13 商家正式版
2018-11-16 18:55:42,657-mp_log-INFO-芊思雅莎莎模板操作成功,模板名称20181116 18.13 商家正式版
2018-11-16 18:55:42,973-mp_log-INFO-霭伦恩美模板操作成功,模板名称20181116 18.13 商家正式版
2018-11-16 18:55:43,530-mp_log-INFO-佳婳天美模板操作成功,模板名称20181116 18.13 商家正式版
2018-11-16 18:55:44,245-mp_log-INFO-易康国际模板操作成功,模板名称20181116 18.13 商家正式版
2018-11-16 18:55:44,690-mp_log-INFO-美美昭妍模板操作成功,模板名称20181116 18.13 商家正式版
2018-11-16 18:55:44,933-mp_log-INFO-佐登妮丝模板操作成功,模板名称20181116 18.13 商家正式版
2018-11-16 18:55:45,696-mp_log-INFO-艾妍整形模板操作成功,模板名称20181116 18.13 商家正式版
2018-11-16 18:55:46,125-mp_log-INFO-诗露丽涵模板操作成功,模板名称20181116 18.13 商家正式版
2018-11-16 18:55:46,646-mp_log-INFO-月瘦月美模板操作成功,模板名称20181116 18.13 商家正式版
2018-11-16 18:55:47,285-mp_log-INFO-兴美源模板操作成功,模板名称20181116 18.13 商家正式版
2018-11-16 18:55:47,690-mp_log-INFO-明剪一秀模板操作成功,模板名称20181116 18.13 商家正式版
2018-11-16 18:55:48,229-mp_log-INFO-栢草源模板操作成功,模板名称20181116 18.13 商家正式版
2018-11-16 18:55:48,478-mp_log-INFO-二院美丽之约模板操作成功,模板名称20181116 18.13 商家正式版
2018-11-16 18:55:49,220-mp_log-INFO-南洋beauty模板操作成功,模板名称20181116 18.13 商家正式版
2018-11-16 18:55:49,618-mp_log-INFO-来了美标榜店模板操作成功,模板名称20181116 18.13 商家正式版
2018-11-16 18:55:49,927-mp_log-INFO-妃香伊丹模板操作成功,模板名称20181116 18.13 商家正式版
2018-11-16 18:55:50,696-mp_log-INFO-云立方模板操作成功,模板名称20181116 18.13 商家正式版
2018-11-16 18:55:51,226-mp_log-INFO-黄氏百佳模板操作成功,模板名称20181116 18.13 商家正式版
2018-11-16 18:55:51,589-mp_log-INFO-创美雅香莱模板操作成功,模板名称20181116 18.13 商家正式版
2018-11-16 18:55:52,716-mp_log-INFO-SoBeauty模板操作成功,模板名称20181116 18.13 商家正式版
2018-11-16 18:55:52,757-mp_log-INFO-玉颜堂模板操作成功,模板名称20181116 18.13 商家正式版
2018-11-16 18:55:53,197-mp_log-INFO-来了美美吧模板操作成功,模板名称20181116 18.13 商家正式版
2018-11-16 18:55:53,504-mp_log-INFO-天使国际模板操作成功,模板名称20181116 18.13 商家正式版
2018-11-16 18:55:54,373-mp_log-INFO-红妆倾城模板操作成功,模板名称20181116 18.13 商家正式版
2018-11-16 18:55:54,663-mp_log-INFO-丹阳圣莉斯歌模板操作成功,模板名称20181116 18.13 商家正式版
2018-11-16 18:55:55,148-mp_log-INFO-金贵人Beauty模板操作成功,模板名称20181116 18.13 商家正式版
2018-11-16 18:55:55,908-mp_log-INFO-恩雅模板操作成功,模板名称20181116 18.13 商家正式版
2018-11-16 18:55:56,087-mp_log-INFO-女秀才模板操作成功,模板名称20181116 18.13 商家正式版
2018-11-16 18:55:56,588-mp_log-INFO-斓悦庭模板操作成功,模板名称20181116 18.13 商家正式版
2018-11-16 18:55:57,098-mp_log-INFO-妮娜形象管理模板操作成功,模板名称20181116 18.13 商家正式版
2018-11-16 18:55:57,473-mp_log-INFO-果蔬美容模板操作成功,模板名称20181116 18.13 商家正式版
