2018-11-07 20:03:08,251-Getlogin-INFO-登录成功，获取mp端token.....
2018-11-07 20:03:08,255-mp_log-INFO-token获取成功......
2018-11-07 20:03:20,718-mp_log-INFO-获取所有小程序信息成功......
2018-11-07 20:03:21,633-mp_log-INFO-获取最新模板信息成功.......
2018-11-07 20:03:24,043-mp_log-INFO-美人记Diary模板操作成功,模板名称11-07商家版1.1.34
2018-11-07 20:03:24,512-mp_log-INFO-霭伦恩美模板操作成功,模板名称11-07商家版1.1.34
2018-11-07 20:03:25,472-mp_log-INFO-伊美朗模板操作成功,模板名称11-07商家版1.1.34
2018-11-07 20:03:26,117-mp_log-INFO-来美吧模板操作成功,模板名称11-07商家版1.1.34
2018-11-07 20:03:26,119-mp_log-INFO-美美一生模板操作成功,模板名称11-07商家版1.1.34
2018-11-07 20:03:26,759-mp_log-INFO-优年轻模板操作成功,模板名称11-07商家版1.1.34
2018-11-07 20:03:27,002-mp_log-INFO-佳婳天美模板操作成功,模板名称11-07商家版1.1.34
2018-11-07 20:03:27,165-mp_log-INFO-美美昭妍模板操作成功,模板名称11-07商家版1.1.34
2018-11-07 20:03:28,046-mp_log-INFO-阿星国际模板操作成功,模板名称11-07商家版1.1.34
2018-11-07 20:03:28,824-mp_log-INFO-PS智能美肤模板操作成功,模板名称11-07商家版1.1.34
2018-11-07 20:03:28,853-mp_log-INFO-艾妍整形模板操作成功,模板名称11-07商家版1.1.34
2018-11-07 20:03:30,067-mp_log-INFO-燕燕尊尚美容模板操作成功,模板名称11-07商家版1.1.34
2018-11-07 20:03:30,257-mp_log-INFO-雅致璇肌模板操作成功,模板名称11-07商家版1.1.34
2018-11-07 20:03:30,419-mp_log-INFO-珍珍美容模板操作成功,模板名称11-07商家版1.1.34
2018-11-07 20:03:30,896-mp_log-INFO-韩流美美店模板操作成功,模板名称11-07商家版1.1.34
2018-11-07 20:03:31,751-mp_log-INFO-月瘦月美模板操作成功,模板名称11-07商家版1.1.34
2018-11-07 20:03:32,319-mp_log-INFO-年轻我可以模板操作成功,模板名称11-07商家版1.1.34
2018-11-07 20:03:32,760-mp_log-INFO-精工皇族模板操作成功,模板名称11-07商家版1.1.34
2018-11-07 20:03:33,164-mp_log-INFO-兴美源模板操作成功,模板名称11-07商家版1.1.34
2018-11-07 20:03:33,515-mp_log-INFO-深圳丝客富模板操作成功,模板名称11-07商家版1.1.34
2018-11-07 20:03:34,321-mp_log-INFO-来了美韩尚恩模板操作成功,模板名称11-07商家版1.1.34
2018-11-07 20:03:34,491-mp_log-INFO-MMbeauty模板操作成功,模板名称11-07商家版1.1.34
2018-11-07 20:03:34,926-mp_log-INFO-涣美医疗模板操作成功,模板名称11-07商家版1.1.34
2018-11-07 20:03:35,524-mp_log-INFO-百分国际美容模板操作成功,模板名称11-07商家版1.1.34
2018-11-07 20:03:36,232-mp_log-INFO-呈悦医疗模板操作成功,模板名称11-07商家版1.1.34
2018-11-07 20:03:38,920-mp_log-INFO-弘粹堂模板操作成功,模板名称11-07商家版1.1.34
