2018-11-16 18:57:13,003-Getlogin-ERROR-'token'
2018-11-16 18:57:13,006-mp_log-INFO-token获取成功......
2018-11-16 18:57:26,986-mp_log-INFO-获取所有小程序信息成功......
2018-11-16 18:57:27,526-mp_log-INFO-获取最新模板信息成功.......
2018-11-16 18:57:30,914-mp_log-INFO-环亚美容提交成功
2018-11-16 18:57:31,332-mp_log-INFO-诺研皮肤管理提交成功
2018-11-16 18:57:31,971-mp_log-INFO-芳妍美容提交成功
2018-11-16 18:57:32,521-mp_log-INFO-绿苑女子提交成功
2018-11-16 18:57:32,949-mp_log-INFO-伊之花美容提交成功
2018-11-16 18:57:33,241-mp_log-INFO-广州七号驻颜提交成功
2018-11-16 18:57:33,752-mp_log-INFO-曼奇莎提交成功
2018-11-16 18:57:34,528-mp_log-INFO-诗美逸提交成功
2018-11-16 18:57:35,306-mp_log-INFO-颐和美容提交成功
2018-11-16 18:57:35,393-mp_log-INFO-赫阁尔提交成功
2018-11-16 18:57:35,854-mp_log-ERROR-漂亮宝贝提交失败
2018-11-16 18:57:36,011-mp_log-INFO-草木缘提交成功
2018-11-16 18:57:37,334-mp_log-INFO-都市点点提交成功
2018-11-16 18:57:37,389-mp_log-INFO-梦颜科美提交成功
2018-11-16 18:57:38,283-mp_log-INFO-润妃国际提交成功
2018-11-16 18:57:38,487-mp_log-INFO-来了美佳澜店提交成功
2018-11-16 18:57:38,951-mp_log-INFO-灵动提交成功
2018-11-16 18:57:40,103-mp_log-INFO-康丽皇家提交成功
2018-11-16 18:57:40,628-mp_log-INFO-美美昭彦提交成功
2018-11-16 18:57:40,827-mp_log-INFO-美丽驿站提交成功
2018-11-16 18:57:41,284-mp_log-INFO-匠美JMBEAUTY提交成功
2018-11-16 18:57:41,638-mp_log-INFO-HB美尚荟提交成功
2018-11-16 18:57:42,445-mp_log-INFO-爱睿熙国际提交成功
2018-11-16 18:57:42,461-mp_log-INFO-Youngface提交成功
2018-11-16 18:57:43,087-mp_log-INFO-当今悦美提交成功
2018-11-16 18:57:43,468-mp_log-INFO-谦和国际提交成功
2018-11-16 18:57:43,982-mp_log-INFO-米蝶·快美吧提交成功
2018-11-16 18:57:44,685-mp_log-INFO-iBEATA贝娅塔提交成功
2018-11-16 18:57:45,087-mp_log-INFO-菲常美提交成功
2018-11-16 18:57:45,516-mp_log-INFO-当代经典提交成功
2018-11-16 18:57:45,699-mp_log-INFO-东方丽人提交成功
2018-11-16 18:57:46,903-mp_log-INFO-盛士兰提交成功
2018-11-16 18:57:47,313-mp_log-INFO-玫瑰坊提交成功
2018-11-16 18:57:47,329-mp_log-INFO-悠兰lyj提交成功
2018-11-16 18:57:47,734-mp_log-INFO-芊思雅莎莎提交成功
2018-11-16 18:57:48,256-mp_log-INFO-来就健康提交成功
2018-11-16 18:57:48,484-mp_log-ERROR-美人记Diary提交失败
2018-11-16 18:57:48,930-mp_log-INFO-恒美世纪提交成功
2018-11-16 18:57:49,732-mp_log-INFO-美范·珺之屋提交成功
2018-11-16 18:57:50,403-mp_log-INFO-菲梵经典提交成功
2018-11-16 18:57:51,466-mp_log-INFO-爱美丽提交成功
2018-11-16 18:57:51,534-mp_log-INFO-悦芳泉SPA提交成功
2018-11-16 18:57:51,994-mp_log-INFO-漂亮如你提交成功
2018-11-16 18:57:52,209-mp_log-INFO-广西宝宝爱提交成功
2018-11-16 18:57:52,809-mp_log-INFO-虞诗蔓提交成功
2018-11-16 18:57:54,109-mp_log-INFO-唯艳美提交成功
2018-11-16 18:57:54,222-mp_log-INFO-Goonbeauty提交成功
2018-11-16 18:57:54,237-mp_log-INFO-吉美妍丽提交成功
2018-11-16 18:57:54,901-mp_log-INFO-雪依氏提交成功
2018-11-16 18:57:55,550-mp_log-INFO-书白美企提交成功
2018-11-16 18:57:56,258-mp_log-INFO-星美国际提交成功
2018-11-16 18:57:56,832-mp_log-INFO-霭伦恩美提交成功
2018-11-16 18:57:57,124-mp_log-INFO-来美吧提交成功
2018-11-16 18:57:57,842-mp_log-INFO-伊美朗提交成功
2018-11-16 18:57:58,182-mp_log-INFO-美美一生提交成功
2018-11-16 18:57:58,535-mp_log-INFO-佳婳天美提交成功
2018-11-16 18:57:58,790-mp_log-INFO-优年轻提交成功
2018-11-16 18:57:59,729-mp_log-INFO-易康国际提交成功
2018-11-16 18:58:00,065-mp_log-INFO-美美昭妍提交成功
2018-11-16 18:58:00,605-mp_log-INFO-佐登妮丝提交成功
2018-11-16 18:58:01,243-mp_log-INFO-阿星国际提交成功
2018-11-16 18:58:01,618-mp_log-INFO-娇阑美颜提交成功
2018-11-16 18:58:02,170-mp_log-INFO-爱女士提交成功
2018-11-16 18:58:02,561-mp_log-INFO-PS智能美肤提交成功
2018-11-16 18:58:02,831-mp_log-INFO-艾妍整形提交成功
2018-11-16 18:58:03,661-mp_log-INFO-珍珍美容提交成功
2018-11-16 18:58:04,001-mp_log-INFO-姿曼美容spa提交成功
2018-11-16 18:58:04,518-mp_log-INFO-巴黎情缘提交成功
2018-11-16 18:58:05,214-mp_log-INFO-百合春天提交成功
2018-11-16 18:58:05,696-mp_log-INFO-梅兰丽人提交成功
2018-11-16 18:58:05,788-mp_log-INFO-美由心生美惠提交成功
2018-11-16 18:58:06,534-mp_log-INFO-燕燕尊尚美容提交成功
2018-11-16 18:58:06,884-mp_log-INFO-雅致璇肌提交成功
2018-11-16 18:58:07,817-mp_log-INFO-诗露丽涵提交成功
2018-11-16 18:58:08,027-mp_log-INFO-东方仕典提交成功
2018-11-16 18:58:08,375-mp_log-INFO-韩流美美店提交成功
2018-11-16 18:58:09,315-mp_log-INFO-启程金典美业提交成功
2018-11-16 18:58:09,394-mp_log-INFO-月瘦月美提交成功
2018-11-16 18:58:09,886-mp_log-INFO-年轻我可以提交成功
2018-11-16 18:58:10,597-mp_log-INFO-精工皇族提交成功
2018-11-16 18:58:10,958-mp_log-INFO-兴美源提交成功
2018-11-16 18:58:11,448-mp_log-INFO-明剪一秀提交成功
2018-11-16 18:58:12,090-mp_log-INFO-深圳丝客富提交成功
2018-11-16 18:58:12,537-mp_log-INFO-琉璃水城提交成功
2018-11-16 18:58:12,908-mp_log-INFO-栢草源提交成功
2018-11-16 18:58:13,394-mp_log-INFO-杭州东方整形提交成功
2018-11-16 18:58:13,811-mp_log-INFO-ONI速美提交成功
2018-11-16 18:58:14,590-mp_log-INFO-YAN健康•美+提交成功
2018-11-16 18:58:14,974-mp_log-INFO-MMbeauty提交成功
2018-11-16 18:58:15,296-mp_log-INFO-美共享提交成功
2018-11-16 18:58:16,241-mp_log-INFO-靓佳人提交成功
2018-11-16 18:58:16,479-mp_log-INFO-ME智慧美店提交成功
2018-11-16 18:58:16,924-mp_log-INFO-二院美丽之约提交成功
2018-11-16 18:58:17,294-mp_log-INFO-紫舟美业提交成功
2018-11-16 18:58:17,772-mp_log-INFO-南洋beauty提交成功
2018-11-16 18:58:18,362-mp_log-INFO-阿芙洛蒂提交成功
2018-11-16 18:58:18,845-mp_log-INFO-来了美标榜店提交成功
2018-11-16 18:58:19,306-mp_log-INFO-美德福提交成功
2018-11-16 18:58:20,137-mp_log-INFO-岳灵生发提交成功
2018-11-16 18:58:20,659-mp_log-INFO-美姿源提交成功
2018-11-16 18:58:21,170-mp_log-INFO-维多丽雅提交成功
2018-11-16 18:58:21,515-mp_log-INFO-雅典娜提交成功
2018-11-16 18:58:22,095-mp_log-INFO-杭州桐雅提交成功
2018-11-16 18:58:22,536-mp_log-INFO-妃香伊丹提交成功
2018-11-16 18:58:23,247-mp_log-INFO-张氏纳然姬朵提交成功
2018-11-16 18:58:23,526-mp_log-INFO-魅力华健提交成功
2018-11-16 18:58:24,465-mp_log-INFO-圣水伊人提交成功
2018-11-16 18:58:24,879-mp_log-INFO-绮莉尔智能美提交成功
2018-11-16 18:58:25,409-mp_log-INFO-窈窕淑女提交成功
2018-11-16 18:58:25,540-mp_log-INFO-香密雅CIMIA提交成功
2018-11-16 18:58:25,934-mp_log-INFO-妍雅媛提交成功
2018-11-16 18:58:26,662-mp_log-INFO-来了美提交成功
2018-11-16 18:58:27,424-mp_log-INFO-云立方提交成功
2018-11-16 18:58:27,510-mp_log-INFO-轻医美提交成功
2018-11-16 18:58:28,187-mp_log-INFO-世纪春天提交成功
2018-11-16 18:58:28,594-mp_log-INFO-贵妇人提交成功
2018-11-16 18:58:28,876-mp_log-INFO-BabyBeauty提交成功
2018-11-16 18:58:29,721-mp_log-INFO-奇遇青春提交成功
2018-11-16 18:58:29,920-mp_log-INFO-来了美韩尚恩提交成功
2018-11-16 18:58:30,554-mp_log-INFO-纤指百媚提交成功
2018-11-16 18:58:30,850-mp_log-INFO-美之颜提交成功
2018-11-16 18:58:31,674-mp_log-INFO-贝琳菲美业提交成功
2018-11-16 18:58:32,284-mp_log-INFO-郦芙蓉beauty提交成功
2018-11-16 18:58:32,289-mp_log-ERROR-服务商账号提交失败
2018-11-16 18:58:32,905-mp_log-INFO-氢颜轻奢美肤提交成功
2018-11-16 18:58:33,378-mp_log-INFO-玫香源提交成功
2018-11-16 18:58:34,036-mp_log-INFO-香住SPA提交成功
2018-11-16 18:58:34,518-mp_log-INFO-依蔻依美提交成功
2018-11-16 18:58:35,106-mp_log-INFO-佰味女人提交成功
2018-11-16 18:58:35,649-mp_log-INFO-黄氏百佳提交成功
2018-11-16 18:58:36,114-mp_log-ERROR-涣美医疗提交失败
2018-11-16 18:58:36,149-mp_log-INFO-创美雅香莱提交成功
2018-11-16 18:58:37,014-mp_log-INFO-艾面一族 提交成功
2018-11-16 18:58:37,827-mp_log-INFO-植美SPA提交成功
2018-11-16 18:58:38,038-mp_log-INFO-曼姿提交成功
2018-11-16 18:58:38,833-mp_log-INFO-美丽九九提交成功
2018-11-16 18:58:39,838-mp_log-INFO-千颂伊美学中心提交成功
2018-11-16 18:58:40,171-mp_log-INFO-百分国际美容提交成功
2018-11-16 18:58:40,229-mp_log-INFO-艾尚美美哒提交成功
2018-11-16 18:58:40,755-mp_log-INFO-玉颜堂提交成功
2018-11-16 18:58:41,090-mp_log-INFO-金美源提交成功
2018-11-16 18:58:41,759-mp_log-INFO-爱玛仕嘉提交成功
2018-11-16 18:58:42,796-mp_log-INFO-智能科技美店提交成功
2018-11-16 18:58:42,904-mp_log-INFO-欧妮薇提交成功
2018-11-16 18:58:43,016-mp_log-INFO-成都净美天使提交成功
2018-11-16 18:58:43,597-mp_log-INFO-美姿来就美提交成功
2018-11-16 18:58:44,023-mp_log-INFO-IVY艾菲芭提交成功
2018-11-16 18:58:44,694-mp_log-INFO-来了美雲会所提交成功
2018-11-16 18:58:45,257-mp_log-INFO-SoBeauty提交成功
2018-11-16 18:58:45,743-mp_log-INFO-蒙妮莎新美容提交成功
2018-11-16 18:58:46,261-mp_log-INFO-筋生美提交成功
2018-11-16 18:58:46,512-mp_log-INFO-来了美美吧提交成功
2018-11-16 18:58:47,763-mp_log-INFO-长江九号提交成功
2018-11-16 18:58:47,980-mp_log-INFO-金柏丽提交成功
2018-11-16 18:58:48,158-mp_log-INFO-优文专业脱毛提交成功
2018-11-16 18:58:48,741-mp_log-INFO-天使国际提交成功
2018-11-16 18:58:48,936-mp_log-INFO-如生堂提交成功
2018-11-16 18:58:49,817-mp_log-INFO-梦田芳香Spa提交成功
2018-11-16 18:58:50,227-mp_log-INFO-贝施纤体提交成功
2018-11-16 18:58:50,827-mp_log-INFO-色彩纯姬提交成功
2018-11-16 18:58:51,309-mp_log-INFO-红妆倾城提交成功
2018-11-16 18:58:52,000-mp_log-INFO-金贵人Beauty提交成功
2018-11-16 18:58:52,757-mp_log-INFO-芯语芳心提交成功
2018-11-16 18:58:52,829-mp_log-INFO-丹阳圣莉斯歌提交成功
2018-11-16 18:58:53,235-mp_log-INFO-还原美提交成功
2018-11-16 18:58:53,642-mp_log-INFO-延颜美容提交成功
2018-11-16 18:58:54,190-mp_log-INFO-缘临医疗美容提交成功
2018-11-16 18:58:54,911-mp_log-INFO-梦圆皇宫提交成功
2018-11-16 18:58:55,412-mp_log-INFO-美了就来提交成功
2018-11-16 18:58:55,806-mp_log-INFO-恩雅提交成功
2018-11-16 18:58:56,307-mp_log-INFO-YoungDream提交成功
2018-11-16 18:58:57,174-mp_log-INFO-DR美研博士提交成功
2018-11-16 18:58:57,179-mp_log-INFO-女秀才提交成功
2018-11-16 18:58:57,800-mp_log-INFO-東美人儿提交成功
2018-11-16 18:58:58,119-mp_log-INFO-承昱医疗提交成功
2018-11-16 18:58:59,035-mp_log-INFO-斓悦庭提交成功
2018-11-16 18:58:59,395-mp_log-INFO-美迩美整形提交成功
2018-11-16 18:58:59,817-mp_log-INFO-唯美童妍提交成功
2018-11-16 18:59:00,573-mp_log-INFO-健丽宝美容提交成功
2018-11-16 18:59:01,291-mp_log-INFO-掌上美管家A提交成功
2018-11-16 18:59:01,470-mp_log-INFO-BV美聚提交成功
2018-11-16 18:59:01,870-mp_log-INFO-博妍集美提交成功
2018-11-16 18:59:02,195-mp_log-ERROR-呈悦医疗提交失败
2018-11-16 18:59:02,747-mp_log-INFO-双妹美容提交成功
2018-11-16 18:59:02,921-mp_log-INFO-雅涛世家提交成功
2018-11-16 18:59:02,981-mp_log-ERROR-来了美千丝美提交失败
2018-11-16 18:59:04,126-mp_log-INFO-世纪之春提交成功
2018-11-16 18:59:04,716-mp_log-INFO-雅梵GO美提交成功
2018-11-16 18:59:04,897-mp_log-ERROR-弘粹堂提交失败
2018-11-16 18:59:05,119-mp_log-INFO-女主角美容提交成功
2018-11-16 18:59:06,378-mp_log-INFO-环球美容提交成功
2018-11-16 18:59:06,877-mp_log-INFO-诗芙侬提交成功
2018-11-16 18:59:07,020-mp_log-INFO-乐聚提交成功
2018-11-16 18:59:07,742-mp_log-INFO-沧州美美达提交成功
2018-11-16 18:59:08,299-mp_log-INFO-妮娜形象管理提交成功
2018-11-16 18:59:08,978-mp_log-INFO-赢美肌提交成功
2018-11-16 18:59:09,068-mp_log-INFO-馨境堂提交成功
2018-11-16 18:59:10,228-mp_log-INFO-果蔬美容提交成功
2018-11-16 18:59:10,228-mp_log-INFO-良沐健康管理提交成功
2018-11-16 18:59:11,378-mp_log-INFO-贝兰思提交成功
2018-11-16 18:59:11,990-mp_log-INFO-东方秀丽提交成功
2018-11-16 18:59:12,190-mp_log-INFO-缔罗嘉佳提交成功
2018-11-16 18:59:12,319-mp_log-INFO-文轩专业美容提交成功
2018-11-16 18:59:12,630-mp_log-INFO-欧丽薇提交成功
