2018-11-07 19:43:35,324-Getlogin-INFO-登录成功，获取mp端token.....
2018-11-07 19:43:35,327-mp_log-INFO-token获取成功......
2018-11-07 19:43:47,533-mp_log-INFO-获取所有小程序信息成功......
2018-11-07 19:43:48,113-mp_log-INFO-获取最新模板信息成功.......
2018-11-07 19:43:51,146-mp_log-INFO-环亚美容模板操作成功,模板名称11-07gogo版1.3.30
2018-11-07 19:43:52,030-mp_log-INFO-诺研皮肤管理模板操作成功,模板名称11-07gogo版1.3.30
2018-11-07 19:43:53,504-mp_log-INFO-绿苑女子模板操作成功,模板名称11-07gogo版1.3.30
2018-11-07 19:43:53,875-mp_log-INFO-广州七号驻颜模板操作成功,模板名称11-07gogo版1.3.30
2018-11-07 19:43:55,004-mp_log-INFO-曼奇莎模板操作成功,模板名称11-07gogo版1.3.30
2018-11-07 19:43:56,007-mp_log-INFO-诗美逸模板操作成功,模板名称11-07gogo版1.3.30
2018-11-07 19:43:57,220-mp_log-INFO-颐和美容模板操作成功,模板名称11-07gogo版1.3.30
2018-11-07 19:43:58,151-mp_log-INFO-赫阁尔模板操作成功,模板名称11-07gogo版1.3.30
2018-11-07 19:43:59,245-mp_log-INFO-草木缘模板操作成功,模板名称11-07gogo版1.3.30
2018-11-07 19:44:00,085-mp_log-INFO-梦颜科美模板操作成功,模板名称11-07gogo版1.3.30
2018-11-07 19:44:00,910-mp_log-INFO-都市点点模板操作成功,模板名称11-07gogo版1.3.30
2018-11-07 19:44:01,713-mp_log-INFO-来了美佳澜店模板操作成功,模板名称11-07gogo版1.3.30
2018-11-07 19:44:02,947-mp_log-INFO-润妃国际模板操作成功,模板名称11-07gogo版1.3.30
2018-11-07 19:44:03,917-mp_log-INFO-灵动模板操作成功,模板名称11-07gogo版1.3.30
2018-11-07 19:44:04,772-mp_log-INFO-康丽皇家模板操作成功,模板名称11-07gogo版1.3.30
2018-11-07 19:44:06,301-mp_log-INFO-美丽驿站模板操作成功,模板名称11-07gogo版1.3.30
2018-11-07 19:44:07,006-mp_log-INFO-美美昭彦模板操作成功,模板名称11-07gogo版1.3.30
2018-11-07 19:44:08,085-mp_log-INFO-匠美JMBEAUTY模板操作成功,模板名称11-07gogo版1.3.30
2018-11-07 19:44:09,260-mp_log-INFO-HB美尚荟模板操作成功,模板名称11-07gogo版1.3.30
2018-11-07 19:44:10,029-mp_log-INFO-爱睿熙国际模板操作成功,模板名称11-07gogo版1.3.30
2018-11-07 19:44:11,191-mp_log-INFO-当今悦美模板操作成功,模板名称11-07gogo版1.3.30
2018-11-07 19:44:11,915-mp_log-INFO-谦和国际模板操作成功,模板名称11-07gogo版1.3.30
2018-11-07 19:44:12,892-mp_log-INFO-米蝶·快美吧模板操作成功,模板名称11-07gogo版1.3.30
2018-11-07 19:44:14,043-mp_log-INFO-iBEATA贝娅塔模板操作成功,模板名称11-07gogo版1.3.30
2018-11-07 19:44:15,328-mp_log-INFO-菲常美模板操作成功,模板名称11-07gogo版1.3.30
2018-11-07 19:44:17,031-mp_log-INFO-当代经典模板操作成功,模板名称11-07gogo版1.3.30
2018-11-07 19:44:17,075-mp_log-INFO-东方丽人模板操作成功,模板名称11-07gogo版1.3.30
2018-11-07 19:44:17,865-mp_log-INFO-盛士兰模板操作成功,模板名称11-07gogo版1.3.30
2018-11-07 19:44:18,981-mp_log-INFO-玫瑰坊模板操作成功,模板名称11-07gogo版1.3.30
2018-11-07 19:44:19,835-mp_log-INFO-悠兰lyj模板操作成功,模板名称11-07gogo版1.3.30
2018-11-07 19:44:20,807-mp_log-INFO-芊思雅莎莎模板操作成功,模板名称11-07gogo版1.3.30
2018-11-07 19:44:23,171-mp_log-INFO-来就健康模板操作成功,模板名称11-07gogo版1.3.30
2018-11-07 19:44:23,702-mp_log-INFO-恒美世纪模板操作成功,模板名称11-07gogo版1.3.30
2018-11-07 19:44:23,809-mp_log-INFO-美人记Diary模板操作成功,模板名称11-07gogo版1.3.30
2018-11-07 19:44:24,996-mp_log-INFO-美范·珺之屋模板操作成功,模板名称11-07gogo版1.3.30
2018-11-07 19:44:25,934-mp_log-INFO-菲梵经典模板操作成功,模板名称11-07gogo版1.3.30
2018-11-07 19:44:26,886-mp_log-INFO-悦芳泉SPA模板操作成功,模板名称11-07gogo版1.3.30
2018-11-07 19:44:28,964-mp_log-INFO-爱美丽模板操作成功,模板名称11-07gogo版1.3.30
2018-11-07 19:44:29,058-mp_log-INFO-漂亮如你模板操作成功,模板名称11-07gogo版1.3.30
2018-11-07 19:44:29,929-mp_log-INFO-广西宝宝爱模板操作成功,模板名称11-07gogo版1.3.30
2018-11-07 19:44:30,810-mp_log-INFO-虞诗蔓模板操作成功,模板名称11-07gogo版1.3.30
2018-11-07 19:44:31,907-mp_log-INFO-Goonbeauty模板操作成功,模板名称11-07gogo版1.3.30
2018-11-07 19:44:32,937-mp_log-INFO-唯艳美模板操作成功,模板名称11-07gogo版1.3.30
2018-11-07 19:44:33,899-mp_log-INFO-吉美妍丽模板操作成功,模板名称11-07gogo版1.3.30
2018-11-07 19:44:35,191-mp_log-INFO-雪依氏模板操作成功,模板名称11-07gogo版1.3.30
2018-11-07 19:44:36,057-mp_log-INFO-书白美企模板操作成功,模板名称11-07gogo版1.3.30
2018-11-07 19:44:36,977-mp_log-INFO-星美国际模板操作成功,模板名称11-07gogo版1.3.30
2018-11-07 19:44:37,949-mp_log-INFO-霭伦恩美模板操作成功,模板名称11-07gogo版1.3.30
2018-11-07 19:44:39,802-mp_log-INFO-来美吧模板操作成功,模板名称11-07gogo版1.3.30
2018-11-07 19:44:39,885-mp_log-INFO-伊美朗模板操作成功,模板名称11-07gogo版1.3.30
2018-11-07 19:44:41,138-mp_log-INFO-美美一生模板操作成功,模板名称11-07gogo版1.3.30
2018-11-07 19:44:42,220-mp_log-INFO-佳婳天美模板操作成功,模板名称11-07gogo版1.3.30
2018-11-07 19:44:42,833-mp_log-INFO-优年轻模板操作成功,模板名称11-07gogo版1.3.30
2018-11-07 19:44:43,910-mp_log-INFO-易康国际模板操作成功,模板名称11-07gogo版1.3.30
2018-11-07 19:44:44,813-mp_log-INFO-美美昭妍模板操作成功,模板名称11-07gogo版1.3.30
2018-11-07 19:44:45,930-mp_log-INFO-佐登妮丝模板操作成功,模板名称11-07gogo版1.3.30
2018-11-07 19:44:47,059-mp_log-INFO-阿星国际模板操作成功,模板名称11-07gogo版1.3.30
2018-11-07 19:44:48,113-mp_log-INFO-娇阑美颜模板操作成功,模板名称11-07gogo版1.3.30
2018-11-07 19:44:49,039-mp_log-INFO-爱女士模板操作成功,模板名称11-07gogo版1.3.30
2018-11-07 19:44:50,082-mp_log-INFO-PS智能美肤模板操作成功,模板名称11-07gogo版1.3.30
2018-11-07 19:44:51,061-mp_log-INFO-艾妍整形模板操作成功,模板名称11-07gogo版1.3.30
2018-11-07 19:44:52,053-mp_log-INFO-珍珍美容模板操作成功,模板名称11-07gogo版1.3.30
2018-11-07 19:44:52,928-mp_log-INFO-巴黎情缘模板操作成功,模板名称11-07gogo版1.3.30
2018-11-07 19:44:53,958-mp_log-INFO-百合春天模板操作成功,模板名称11-07gogo版1.3.30
2018-11-07 19:44:54,925-mp_log-INFO-梅兰丽人模板操作成功,模板名称11-07gogo版1.3.30
2018-11-07 19:44:56,024-mp_log-INFO-燕燕尊尚美容模板操作成功,模板名称11-07gogo版1.3.30
2018-11-07 19:44:56,987-mp_log-INFO-雅致璇肌模板操作成功,模板名称11-07gogo版1.3.30
2018-11-07 19:44:58,581-mp_log-INFO-诗露丽涵模板操作成功,模板名称11-07gogo版1.3.30
2018-11-07 19:44:59,613-mp_log-INFO-东方仕典模板操作成功,模板名称11-07gogo版1.3.30
2018-11-07 19:45:00,719-mp_log-INFO-韩流美美店模板操作成功,模板名称11-07gogo版1.3.30
2018-11-07 19:45:01,180-mp_log-INFO-月瘦月美模板操作成功,模板名称11-07gogo版1.3.30
2018-11-07 19:45:01,918-mp_log-INFO-年轻我可以模板操作成功,模板名称11-07gogo版1.3.30
2018-11-07 19:45:02,985-mp_log-INFO-精工皇族模板操作成功,模板名称11-07gogo版1.3.30
2018-11-07 19:45:04,107-mp_log-INFO-兴美源模板操作成功,模板名称11-07gogo版1.3.30
2018-11-07 19:45:05,149-mp_log-INFO-明剪一秀模板操作成功,模板名称11-07gogo版1.3.30
2018-11-07 19:45:06,157-mp_log-INFO-深圳丝客富模板操作成功,模板名称11-07gogo版1.3.30
