2018-11-07 19:08:00,055-Getlogin-INFO-登录成功，获取mp端token.....
2018-11-07 19:08:00,058-mp_log-INFO-token获取成功......
2018-11-07 19:08:14,311-mp_log-INFO-获取所有小程序信息成功......
2018-11-07 19:08:15,187-mp_log-INFO-获取最新模板信息成功.......
2018-11-07 19:08:16,680-mp_log-INFO-审核失败
2018-11-07 19:08:17,088-mp_log-INFO-已审核
2018-11-07 19:08:17,477-mp_log-INFO-审核失败
2018-11-07 19:08:18,083-mp_log-INFO-审核失败
2018-11-07 19:08:18,211-mp_log-INFO-审核失败
2018-11-07 19:08:18,557-mp_log-INFO-审核失败
2018-11-07 19:08:18,801-mp_log-INFO-审核失败
2018-11-07 19:08:19,225-mp_log-INFO-已审核
2018-11-07 19:08:19,519-mp_log-INFO-审核失败
2018-11-07 19:08:19,801-mp_log-INFO-已审核
2018-11-07 19:08:20,015-mp_log-INFO-审核失败
2018-11-07 19:08:20,228-mp_log-INFO-审核失败
2018-11-07 19:08:20,612-mp_log-INFO-审核失败
2018-11-07 19:08:20,898-mp_log-INFO-审核失败
2018-11-07 19:08:21,210-mp_log-INFO-已审核
2018-11-07 19:08:21,476-mp_log-INFO-已审核
2018-11-07 19:08:21,781-mp_log-INFO-审核失败
2018-11-07 19:08:22,116-mp_log-INFO-已审核
2018-11-07 19:08:22,345-mp_log-INFO-已审核
2018-11-07 19:08:23,255-mp_log-INFO-已审核
2018-11-07 19:08:23,591-mp_log-INFO-审核失败
2018-11-07 19:08:23,905-mp_log-INFO-已审核
2018-11-07 19:08:24,166-mp_log-INFO-已审核
2018-11-07 19:08:24,459-mp_log-INFO-审核失败
2018-11-07 19:08:24,947-mp_log-INFO-已审核
2018-11-07 19:08:25,209-mp_log-INFO-审核失败
2018-11-07 19:08:25,758-mp_log-INFO-已审核
2018-11-07 19:08:25,858-mp_log-INFO-已审核
2018-11-07 19:08:26,243-mp_log-INFO-已审核
2018-11-07 19:08:26,395-mp_log-INFO-已审核
2018-11-07 19:08:26,811-mp_log-INFO-审核失败
2018-11-07 19:08:27,066-mp_log-INFO-已审核
2018-11-07 19:08:27,464-mp_log-INFO-审核失败
2018-11-07 19:08:27,909-mp_log-INFO-已审核
2018-11-07 19:08:28,056-mp_log-INFO-已审核
2018-11-07 19:08:28,234-mp_log-INFO-已审核
2018-11-07 19:08:28,413-mp_log-INFO-审核失败
2018-11-07 19:08:28,671-mp_log-INFO-已审核
2018-11-07 19:08:28,928-mp_log-INFO-已审核
2018-11-07 19:08:29,325-mp_log-INFO-已审核
2018-11-07 19:08:29,793-mp_log-INFO-审核失败
2018-11-07 19:08:29,937-mp_log-INFO-已审核
2018-11-07 19:08:30,284-mp_log-INFO-已审核
2018-11-07 19:08:30,602-mp_log-INFO-已审核
2018-11-07 19:08:30,732-mp_log-INFO-审核失败
2018-11-07 19:08:31,136-mp_log-INFO-已审核
2018-11-07 19:08:31,391-mp_log-INFO-已审核
2018-11-07 19:08:31,650-mp_log-INFO-已审核
2018-11-07 19:08:32,081-mp_log-INFO-已审核
2018-11-07 19:08:32,299-mp_log-INFO-已审核
2018-11-07 19:08:32,820-mp_log-INFO-已审核
2018-11-07 19:08:33,250-mp_log-INFO-已审核
2018-11-07 19:08:33,349-mp_log-INFO-已审核
2018-11-07 19:08:33,637-mp_log-INFO-审核失败
2018-11-07 19:08:33,813-mp_log-INFO-已审核
2018-11-07 19:08:34,116-mp_log-INFO-审核失败
2018-11-07 19:08:34,479-mp_log-INFO-已审核
2018-11-07 19:08:34,862-mp_log-INFO-审核失败
2018-11-07 19:08:35,128-mp_log-INFO-审核失败
2018-11-07 19:08:35,319-mp_log-INFO-已审核
2018-11-07 19:08:35,770-mp_log-INFO-已审核
2018-11-07 19:08:35,985-mp_log-INFO-已审核
2018-11-07 19:08:36,259-mp_log-INFO-审核失败
2018-11-07 19:08:36,627-mp_log-INFO-审核失败
2018-11-07 19:08:36,829-mp_log-INFO-审核失败
2018-11-07 19:08:37,096-mp_log-INFO-已审核
2018-11-07 19:08:37,451-mp_log-INFO-已审核
2018-11-07 19:08:37,834-mp_log-INFO-审核失败
2018-11-07 19:08:38,148-mp_log-INFO-审核失败
2018-11-07 19:08:38,567-mp_log-INFO-已审核
2018-11-07 19:08:38,810-mp_log-INFO-已审核
2018-11-07 19:08:39,030-mp_log-INFO-已审核
2018-11-07 19:08:39,208-mp_log-INFO-已审核
2018-11-07 19:08:39,566-mp_log-INFO-已审核
2018-11-07 19:08:39,801-mp_log-INFO-审核失败
2018-11-07 19:08:40,160-mp_log-INFO-已审核
2018-11-07 19:08:40,518-mp_log-INFO-审核失败
2018-11-07 19:08:40,836-mp_log-INFO-审核失败
2018-11-07 19:08:41,089-mp_log-INFO-审核失败
2018-11-07 19:08:41,361-mp_log-INFO-已审核
2018-11-07 19:08:41,759-mp_log-INFO-已审核
2018-11-07 19:08:42,001-mp_log-INFO-已审核
2018-11-07 19:08:42,276-mp_log-INFO-审核失败
2018-11-07 19:08:42,654-mp_log-INFO-审核失败
2018-11-07 19:08:42,822-mp_log-INFO-审核失败
2018-11-07 19:08:43,076-mp_log-INFO-审核失败
2018-11-07 19:08:43,667-mp_log-INFO-已审核
2018-11-07 19:08:43,842-mp_log-INFO-审核失败
2018-11-07 19:08:44,014-mp_log-INFO-已审核
2018-11-07 19:08:44,374-mp_log-INFO-审核失败
2018-11-07 19:08:44,735-mp_log-INFO-审核失败
2018-11-07 19:08:44,996-mp_log-INFO-已审核
2018-11-07 19:08:45,443-mp_log-INFO-已审核
2018-11-07 19:08:45,559-mp_log-INFO-审核失败
2018-11-07 19:08:45,853-mp_log-INFO-审核失败
2018-11-07 19:08:46,143-mp_log-INFO-审核失败
2018-11-07 19:08:46,357-mp_log-INFO-审核失败
2018-11-07 19:08:47,098-mp_log-INFO-审核失败
2018-11-07 19:08:47,358-mp_log-INFO-审核失败
2018-11-07 19:08:47,604-mp_log-INFO-已审核
2018-11-07 19:08:47,933-mp_log-INFO-审核失败
2018-11-07 19:08:48,368-mp_log-INFO-已审核
2018-11-07 19:08:48,671-mp_log-INFO-审核失败
2018-11-07 19:08:48,769-mp_log-INFO-审核失败
2018-11-07 19:08:49,106-mp_log-INFO-已审核
2018-11-07 19:08:49,508-mp_log-INFO-审核失败
2018-11-07 19:08:49,827-mp_log-INFO-已审核
2018-11-07 19:08:50,017-mp_log-INFO-已审核
2018-11-07 19:08:50,328-mp_log-INFO-已审核
2018-11-07 19:08:50,587-mp_log-INFO-已审核
2018-11-07 19:08:50,883-mp_log-INFO-审核失败
2018-11-07 19:08:51,239-mp_log-INFO-已审核
2018-11-07 19:08:51,485-mp_log-INFO-已审核
2018-11-07 19:08:51,984-mp_log-INFO-审核失败
2018-11-07 19:08:52,184-mp_log-INFO-已审核
2018-11-07 19:08:52,464-mp_log-INFO-已审核
2018-11-07 19:08:52,727-mp_log-INFO-已审核
2018-11-07 19:08:53,059-mp_log-INFO-已审核
2018-11-07 19:08:53,242-mp_log-INFO-审核失败
2018-11-07 19:08:53,929-mp_log-INFO-已审核
2018-11-07 19:08:53,991-mp_log-INFO-审核失败
2018-11-07 19:08:54,307-mp_log-INFO-审核失败
2018-11-07 19:08:54,602-mp_log-INFO-审核失败
2018-11-07 19:08:54,806-mp_log-INFO-审核失败
2018-11-07 19:08:55,099-mp_log-INFO-已审核
2018-11-07 19:08:55,362-mp_log-INFO-审核失败
2018-11-07 19:08:55,756-mp_log-INFO-审核失败
2018-11-07 19:08:56,076-mp_log-INFO-审核失败
2018-11-07 19:08:56,450-mp_log-INFO-已审核
2018-11-07 19:08:57,036-mp_log-INFO-已审核
2018-11-07 19:08:57,212-mp_log-INFO-已审核
2018-11-07 19:08:57,391-mp_log-INFO-已审核
2018-11-07 19:08:57,675-mp_log-INFO-已审核
2018-11-07 19:08:57,897-mp_log-INFO-已审核
2018-11-07 19:08:58,156-mp_log-INFO-已审核
2018-11-07 19:08:58,492-mp_log-INFO-审核失败
2018-11-07 19:08:58,876-mp_log-INFO-已审核
2018-11-07 19:08:59,126-mp_log-INFO-审核失败
2018-11-07 19:08:59,345-mp_log-INFO-已审核
2018-11-07 19:08:59,652-mp_log-INFO-已审核
2018-11-07 19:08:59,894-mp_log-INFO-审核失败
2018-11-07 19:09:00,213-mp_log-INFO-审核失败
2018-11-07 19:09:00,568-mp_log-INFO-已审核
2018-11-07 19:09:00,877-mp_log-INFO-已审核
2018-11-07 19:09:01,095-mp_log-INFO-审核失败
2018-11-07 19:09:01,443-mp_log-INFO-已审核
2018-11-07 19:09:01,724-mp_log-INFO-审核失败
2018-11-07 19:09:02,079-mp_log-INFO-已审核
2018-11-07 19:09:02,398-mp_log-INFO-审核失败
2018-11-07 19:09:02,706-mp_log-INFO-审核失败
2018-11-07 19:09:03,071-mp_log-INFO-已审核
2018-11-07 19:09:03,297-mp_log-INFO-已审核
2018-11-07 19:09:03,511-mp_log-INFO-已审核
2018-11-07 19:09:03,930-mp_log-INFO-已审核
2018-11-07 19:09:04,178-mp_log-INFO-审核失败
2018-11-07 19:09:04,574-mp_log-INFO-审核失败
2018-11-07 19:09:04,904-mp_log-INFO-审核失败
2018-11-07 19:09:05,103-mp_log-INFO-审核失败
2018-11-07 19:09:05,387-mp_log-INFO-已审核
2018-11-07 19:09:05,785-mp_log-INFO-审核失败
2018-11-07 19:09:06,149-mp_log-INFO-审核失败
2018-11-07 19:09:06,645-mp_log-INFO-审核失败
2018-11-07 19:09:06,945-mp_log-INFO-已审核
2018-11-07 19:09:07,302-mp_log-INFO-审核失败
2018-11-07 19:09:07,519-mp_log-INFO-审核失败
2018-11-07 19:09:07,973-mp_log-INFO-审核失败
2018-11-07 19:09:08,223-mp_log-INFO-已审核
2018-11-07 19:09:08,401-mp_log-INFO-审核失败
2018-11-07 19:09:08,758-mp_log-INFO-审核失败
2018-11-07 19:09:09,030-mp_log-INFO-审核失败
2018-11-07 19:09:09,284-mp_log-INFO-已审核
2018-11-07 19:09:09,676-mp_log-INFO-已审核
2018-11-07 19:09:09,949-mp_log-INFO-审核失败
2018-11-07 19:09:10,228-mp_log-INFO-审核失败
2018-11-07 19:09:10,466-mp_log-INFO-审核失败
2018-11-07 19:09:10,830-mp_log-INFO-已审核
2018-11-07 19:09:11,182-mp_log-INFO-已审核
2018-11-07 19:09:11,383-mp_log-INFO-审核失败
2018-11-07 19:09:11,752-mp_log-INFO-审核失败
2018-11-07 19:09:12,195-mp_log-INFO-已审核
2018-11-07 19:09:12,593-mp_log-INFO-已审核
2018-11-07 19:09:12,769-mp_log-INFO-已审核
2018-11-07 19:09:12,880-mp_log-INFO-已审核
2018-11-07 19:09:13,282-mp_log-INFO-已审核
2018-11-07 19:09:13,638-mp_log-INFO-审核失败
2018-11-07 19:09:13,969-mp_log-INFO-已审核
2018-11-07 19:09:14,292-mp_log-INFO-审核失败
2018-11-07 19:09:14,462-mp_log-INFO-已审核
2018-11-07 19:09:14,770-mp_log-INFO-已审核
2018-11-07 19:09:15,125-mp_log-INFO-审核失败
2018-11-07 19:09:15,361-mp_log-INFO-已审核
2018-11-07 19:09:15,644-mp_log-INFO-审核失败
2018-11-07 19:09:15,906-mp_log-INFO-审核失败
2018-11-07 19:09:16,312-mp_log-INFO-已审核
2018-11-07 19:09:16,505-mp_log-INFO-审核失败
