2018-11-07 19:10:02,469-Getlogin-INFO-登录成功，获取mp端token.....
2018-11-07 19:10:02,472-mp_log-INFO-token获取成功......
2018-11-07 19:10:14,850-mp_log-INFO-获取所有小程序信息成功......
2018-11-07 19:10:15,550-mp_log-INFO-获取最新模板信息成功.......
2018-11-07 19:10:18,657-mp_log-ERROR-GOGOBeauty操作失败,失败原因{'status': 500, 'msg': '此管理中心未授权开放平台'}
2018-11-07 19:10:18,959-mp_log-INFO-环亚美容模板操作成功,模板名称11-06商家版1.1.33
2018-11-07 19:10:19,995-mp_log-INFO-诺研皮肤管理模板操作成功,模板名称11-06商家版1.1.33
2018-11-07 19:10:20,658-mp_log-ERROR-sdfdsfdsf操作失败,失败原因{'status': 500, 'msg': '此管理中心未授权开放平台'}
2018-11-07 19:10:21,469-mp_log-INFO-绿苑女子模板操作成功,模板名称11-06商家版1.1.33
2018-11-07 19:10:23,433-mp_log-INFO-广州七号驻颜模板操作成功,模板名称11-06商家版1.1.33
2018-11-07 19:10:24,665-mp_log-INFO-曼奇莎模板操作成功,模板名称11-06商家版1.1.33
2018-11-07 19:10:25,480-mp_log-INFO-诗美逸模板操作成功,模板名称11-06商家版1.1.33
2018-11-07 19:10:26,489-mp_log-INFO-颐和美容模板操作成功,模板名称11-06商家版1.1.33
2018-11-07 19:10:27,257-mp_log-INFO-赫阁尔模板操作成功,模板名称11-06商家版1.1.33
2018-11-07 19:10:28,420-mp_log-INFO-草木缘模板操作成功,模板名称11-06商家版1.1.33
2018-11-07 19:10:29,500-mp_log-INFO-梦颜科美模板操作成功,模板名称11-06商家版1.1.33
2018-11-07 19:10:30,456-mp_log-INFO-都市点点模板操作成功,模板名称11-06商家版1.1.33
2018-11-07 19:10:31,361-mp_log-INFO-来了美佳澜店模板操作成功,模板名称11-06商家版1.1.33
2018-11-07 19:10:32,342-mp_log-INFO-润妃国际模板操作成功,模板名称11-06商家版1.1.33
2018-11-07 19:10:33,228-mp_log-INFO-灵动模板操作成功,模板名称11-06商家版1.1.33
2018-11-07 19:10:34,599-mp_log-INFO-康丽皇家模板操作成功,模板名称11-06商家版1.1.33
2018-11-07 19:10:35,630-mp_log-INFO-美丽驿站模板操作成功,模板名称11-06商家版1.1.33
2018-11-07 19:10:36,546-mp_log-INFO-美美昭彦模板操作成功,模板名称11-06商家版1.1.33
2018-11-07 19:10:37,746-mp_log-ERROR-市场演示专用操作失败,失败原因{'status': 500, 'msg': '此管理中心未授权开放平台'}
2018-11-07 19:10:37,825-mp_log-INFO-匠美JMBEAUTY模板操作成功,模板名称11-06商家版1.1.33
2018-11-07 19:10:38,661-mp_log-ERROR-薇美国际操作失败,失败原因{'status': 500, 'msg': '此管理中心未授权开放平台'}
2018-11-07 19:10:38,823-mp_log-INFO-HB美尚荟模板操作成功,模板名称11-06商家版1.1.33
2018-11-07 19:10:41,470-mp_log-INFO-爱睿熙国际模板操作成功,模板名称11-06商家版1.1.33
2018-11-07 19:10:42,755-mp_log-INFO-当今悦美模板操作成功,模板名称11-06商家版1.1.33
2018-11-07 19:10:43,629-mp_log-INFO-谦和国际模板操作成功,模板名称11-06商家版1.1.33
2018-11-07 19:10:44,673-mp_log-INFO-米蝶·快美吧模板操作成功,模板名称11-06商家版1.1.33
2018-11-07 19:10:45,663-mp_log-INFO-iBEATA贝娅塔模板操作成功,模板名称11-06商家版1.1.33
2018-11-07 19:10:46,455-mp_log-INFO-菲常美模板操作成功,模板名称11-06商家版1.1.33
2018-11-07 19:10:47,452-mp_log-INFO-当代经典模板操作成功,模板名称11-06商家版1.1.33
2018-11-07 19:10:48,362-mp_log-INFO-东方丽人模板操作成功,模板名称11-06商家版1.1.33
2018-11-07 19:10:49,345-mp_log-INFO-盛士兰模板操作成功,模板名称11-06商家版1.1.33
2018-11-07 19:10:50,297-mp_log-INFO-玫瑰坊模板操作成功,模板名称11-06商家版1.1.33
2018-11-07 19:10:51,249-mp_log-INFO-悠兰lyj模板操作成功,模板名称11-06商家版1.1.33
2018-11-07 19:10:52,362-mp_log-INFO-芊思雅莎莎模板操作成功,模板名称11-06商家版1.1.33
2018-11-07 19:10:54,238-mp_log-INFO-来就健康模板操作成功,模板名称11-06商家版1.1.33
2018-11-07 19:10:54,513-mp_log-INFO-恒美世纪模板操作成功,模板名称11-06商家版1.1.33
2018-11-07 19:10:55,332-mp_log-INFO-美人记Diary模板操作成功,模板名称11-06商家版1.1.33
2018-11-07 19:10:56,443-mp_log-INFO-美范·珺之屋模板操作成功,模板名称11-06商家版1.1.33
2018-11-07 19:10:57,548-mp_log-INFO-菲梵经典模板操作成功,模板名称11-06商家版1.1.33
2018-11-07 19:10:58,330-mp_log-INFO-悦芳泉SPA模板操作成功,模板名称11-06商家版1.1.33
2018-11-07 19:10:59,593-mp_log-INFO-爱美丽模板操作成功,模板名称11-06商家版1.1.33
2018-11-07 19:11:01,400-mp_log-INFO-漂亮如你模板操作成功,模板名称11-06商家版1.1.33
2018-11-07 19:11:01,717-mp_log-INFO-广西宝宝爱模板操作成功,模板名称11-06商家版1.1.33
2018-11-07 19:11:02,406-mp_log-INFO-虞诗蔓模板操作成功,模板名称11-06商家版1.1.33
2018-11-07 19:11:03,550-mp_log-INFO-Goonbeauty模板操作成功,模板名称11-06商家版1.1.33
2018-11-07 19:11:04,558-mp_log-INFO-唯艳美模板操作成功,模板名称11-06商家版1.1.33
2018-11-07 19:11:06,114-mp_log-INFO-吉美妍丽模板操作成功,模板名称11-06商家版1.1.33
2018-11-07 19:11:07,019-mp_log-INFO-雪依氏模板操作成功,模板名称11-06商家版1.1.33
2018-11-07 19:11:07,286-mp_log-INFO-书白美企模板操作成功,模板名称11-06商家版1.1.33
2018-11-07 19:11:08,288-mp_log-INFO-星美国际模板操作成功,模板名称11-06商家版1.1.33
2018-11-07 19:11:09,701-mp_log-INFO-霭伦恩美模板操作成功,模板名称11-06商家版1.1.33
2018-11-07 19:11:10,567-mp_log-INFO-来美吧模板操作成功,模板名称11-06商家版1.1.33
2018-11-07 19:11:11,699-mp_log-INFO-伊美朗模板操作成功,模板名称11-06商家版1.1.33
2018-11-07 19:11:12,529-mp_log-INFO-美美一生模板操作成功,模板名称11-06商家版1.1.33
2018-11-07 19:11:13,516-mp_log-INFO-佳婳天美模板操作成功,模板名称11-06商家版1.1.33
2018-11-07 19:11:14,796-mp_log-INFO-优年轻模板操作成功,模板名称11-06商家版1.1.33
2018-11-07 19:11:15,347-mp_log-INFO-易康国际模板操作成功,模板名称11-06商家版1.1.33
2018-11-07 19:11:16,387-mp_log-INFO-美美昭妍模板操作成功,模板名称11-06商家版1.1.33
2018-11-07 19:11:17,438-mp_log-INFO-佐登妮丝模板操作成功,模板名称11-06商家版1.1.33
2018-11-07 19:11:18,772-mp_log-INFO-阿星国际模板操作成功,模板名称11-06商家版1.1.33
2018-11-07 19:11:19,530-mp_log-INFO-娇阑美颜模板操作成功,模板名称11-06商家版1.1.33
2018-11-07 19:11:20,553-mp_log-INFO-爱女士模板操作成功,模板名称11-06商家版1.1.33
2018-11-07 19:11:21,673-mp_log-INFO-PS智能美肤模板操作成功,模板名称11-06商家版1.1.33
2018-11-07 19:11:22,490-mp_log-INFO-艾妍整形模板操作成功,模板名称11-06商家版1.1.33
2018-11-07 19:11:23,322-mp_log-INFO-珍珍美容模板操作成功,模板名称11-06商家版1.1.33
2018-11-07 19:11:24,610-mp_log-INFO-巴黎情缘模板操作成功,模板名称11-06商家版1.1.33
2018-11-07 19:11:25,346-mp_log-INFO-百合春天模板操作成功,模板名称11-06商家版1.1.33
2018-11-07 19:11:26,107-mp_log-INFO-梅兰丽人模板操作成功,模板名称11-06商家版1.1.33
2018-11-07 19:11:27,492-mp_log-INFO-燕燕尊尚美容模板操作成功,模板名称11-06商家版1.1.33
2018-11-07 19:11:28,390-mp_log-INFO-雅致璇肌模板操作成功,模板名称11-06商家版1.1.33
2018-11-07 19:11:29,484-mp_log-INFO-诗露丽涵模板操作成功,模板名称11-06商家版1.1.33
2018-11-07 19:11:30,486-mp_log-INFO-东方仕典模板操作成功,模板名称11-06商家版1.1.33
2018-11-07 19:11:31,778-mp_log-INFO-韩流美美店模板操作成功,模板名称11-06商家版1.1.33
2018-11-07 19:11:32,749-mp_log-INFO-月瘦月美模板操作成功,模板名称11-06商家版1.1.33
2018-11-07 19:11:33,640-mp_log-INFO-年轻我可以模板操作成功,模板名称11-06商家版1.1.33
2018-11-07 19:11:34,483-mp_log-INFO-精工皇族模板操作成功,模板名称11-06商家版1.1.33
2018-11-07 19:11:35,565-mp_log-INFO-兴美源模板操作成功,模板名称11-06商家版1.1.33
2018-11-07 19:11:36,870-mp_log-INFO-明剪一秀模板操作成功,模板名称11-06商家版1.1.33
2018-11-07 19:11:38,022-mp_log-INFO-深圳丝客富模板操作成功,模板名称11-06商家版1.1.33
2018-11-07 19:11:38,719-mp_log-INFO-琉璃水城模板操作成功,模板名称11-06商家版1.1.33
2018-11-07 19:11:39,308-mp_log-INFO-栢草源模板操作成功,模板名称11-06商家版1.1.33
2018-11-07 19:11:40,420-mp_log-INFO-杭州东方整形模板操作成功,模板名称11-06商家版1.1.33
2018-11-07 19:11:41,371-mp_log-INFO-ONI速美模板操作成功,模板名称11-06商家版1.1.33
2018-11-07 19:11:42,648-mp_log-INFO-YAN健康•美+模板操作成功,模板名称11-06商家版1.1.33
2018-11-07 19:11:43,675-mp_log-INFO-MMbeauty模板操作成功,模板名称11-06商家版1.1.33
2018-11-07 19:11:44,380-mp_log-INFO-美共享模板操作成功,模板名称11-06商家版1.1.33
2018-11-07 19:11:45,597-mp_log-INFO-靓佳人模板操作成功,模板名称11-06商家版1.1.33
2018-11-07 19:11:46,795-mp_log-INFO-ME智慧美店模板操作成功,模板名称11-06商家版1.1.33
2018-11-07 19:11:47,339-mp_log-INFO-二院美丽之约模板操作成功,模板名称11-06商家版1.1.33
2018-11-07 19:11:48,445-mp_log-INFO-紫舟美业模板操作成功,模板名称11-06商家版1.1.33
2018-11-07 19:11:49,296-mp_log-INFO-南洋beauty模板操作成功,模板名称11-06商家版1.1.33
2018-11-07 19:11:50,316-mp_log-INFO-阿芙洛蒂模板操作成功,模板名称11-06商家版1.1.33
2018-11-07 19:11:51,397-mp_log-INFO-来了美标榜店模板操作成功,模板名称11-06商家版1.1.33
2018-11-07 19:11:52,391-mp_log-INFO-美德福模板操作成功,模板名称11-06商家版1.1.33
2018-11-07 19:11:53,570-mp_log-INFO-岳灵生发模板操作成功,模板名称11-06商家版1.1.33
2018-11-07 19:11:54,368-mp_log-INFO-美姿源模板操作成功,模板名称11-06商家版1.1.33
2018-11-07 19:11:55,279-mp_log-INFO-维多丽雅模板操作成功,模板名称11-06商家版1.1.33
2018-11-07 19:11:56,667-mp_log-INFO-雅典娜模板操作成功,模板名称11-06商家版1.1.33
2018-11-07 19:11:57,947-mp_log-ERROR-光速美操作失败,失败原因{'status': 500, 'msg': '此管理中心未授权开放平台'}
2018-11-07 19:11:57,970-mp_log-INFO-杭州桐雅模板操作成功,模板名称11-06商家版1.1.33
2018-11-07 19:11:58,496-mp_log-INFO-妃香伊丹模板操作成功,模板名称11-06商家版1.1.33
2018-11-07 19:12:00,717-mp_log-INFO-张氏纳然姬朵模板操作成功,模板名称11-06商家版1.1.33
2018-11-07 19:12:01,224-mp_log-INFO-魅力华健模板操作成功,模板名称11-06商家版1.1.33
2018-11-07 19:12:02,255-mp_log-INFO-圣水伊人模板操作成功,模板名称11-06商家版1.1.33
2018-11-07 19:12:03,449-mp_log-INFO-窈窕淑女模板操作成功,模板名称11-06商家版1.1.33
2018-11-07 19:12:04,513-mp_log-INFO-绮莉尔智能美模板操作成功,模板名称11-06商家版1.1.33
2018-11-07 19:12:05,549-mp_log-INFO-香密雅CIMIA模板操作成功,模板名称11-06商家版1.1.33
2018-11-07 19:12:06,463-mp_log-INFO-妍雅媛模板操作成功,模板名称11-06商家版1.1.33
2018-11-07 19:12:07,487-mp_log-INFO-来了美模板操作成功,模板名称11-06商家版1.1.33
2018-11-07 19:12:08,772-mp_log-INFO-云立方模板操作成功,模板名称11-06商家版1.1.33
2018-11-07 19:12:09,555-mp_log-INFO-轻医美模板操作成功,模板名称11-06商家版1.1.33
2018-11-07 19:12:10,349-mp_log-INFO-世纪春天模板操作成功,模板名称11-06商家版1.1.33
2018-11-07 19:12:11,424-mp_log-INFO-贵妇人模板操作成功,模板名称11-06商家版1.1.33
2018-11-07 19:12:12,705-mp_log-INFO-BabyBeauty模板操作成功,模板名称11-06商家版1.1.33
2018-11-07 19:12:13,659-mp_log-INFO-奇遇青春模板操作成功,模板名称11-06商家版1.1.33
2018-11-07 19:12:14,425-mp_log-INFO-来了美韩尚恩模板操作成功,模板名称11-06商家版1.1.33
2018-11-07 19:12:15,668-mp_log-INFO-纤指百媚模板操作成功,模板名称11-06商家版1.1.33
2018-11-07 19:12:16,516-mp_log-INFO-美之颜模板操作成功,模板名称11-06商家版1.1.33
2018-11-07 19:12:17,422-mp_log-INFO-GOGOBeauty模板操作成功,模板名称11-06商家版1.1.33
2018-11-07 19:12:18,533-mp_log-INFO-郦芙蓉beauty模板操作成功,模板名称11-06商家版1.1.33
2018-11-07 19:12:19,579-mp_log-INFO-氢颜轻奢美肤模板操作成功,模板名称11-06商家版1.1.33
2018-11-07 19:12:20,606-mp_log-INFO-玫香源模板操作成功,模板名称11-06商家版1.1.33
2018-11-07 19:12:21,330-mp_log-INFO-香住SPA模板操作成功,模板名称11-06商家版1.1.33
2018-11-07 19:12:22,519-mp_log-INFO-依蔻依美模板操作成功,模板名称11-06商家版1.1.33
2018-11-07 19:12:23,536-mp_log-INFO-佰味女人模板操作成功,模板名称11-06商家版1.1.33
2018-11-07 19:12:24,475-mp_log-INFO-黄氏百佳模板操作成功,模板名称11-06商家版1.1.33
2018-11-07 19:12:25,524-mp_log-INFO-创美雅香莱模板操作成功,模板名称11-06商家版1.1.33
2018-11-07 19:12:26,508-mp_log-INFO-艾面一族 模板操作成功,模板名称11-06商家版1.1.33
2018-11-07 19:12:27,566-mp_log-INFO-涣美医疗模板操作成功,模板名称11-06商家版1.1.33
2018-11-07 19:12:28,446-mp_log-INFO-植美SPA模板操作成功,模板名称11-06商家版1.1.33
2018-11-07 19:12:29,415-mp_log-INFO-曼姿模板操作成功,模板名称11-06商家版1.1.33
2018-11-07 19:12:30,441-mp_log-INFO-美丽九九模板操作成功,模板名称11-06商家版1.1.33
2018-11-07 19:12:31,426-mp_log-INFO-百分国际美容模板操作成功,模板名称11-06商家版1.1.33
2018-11-07 19:12:32,307-mp_log-INFO-千颂伊美学中心模板操作成功,模板名称11-06商家版1.1.33
2018-11-07 19:12:33,338-mp_log-INFO-艾尚美美哒模板操作成功,模板名称11-06商家版1.1.33
2018-11-07 19:12:34,839-mp_log-INFO-玉颜堂模板操作成功,模板名称11-06商家版1.1.33
2018-11-07 19:12:35,593-mp_log-INFO-金美源模板操作成功,模板名称11-06商家版1.1.33
2018-11-07 19:12:36,637-mp_log-INFO-爱玛仕嘉模板操作成功,模板名称11-06商家版1.1.33
2018-11-07 19:12:37,805-mp_log-INFO-智能科技美店模板操作成功,模板名称11-06商家版1.1.33
2018-11-07 19:12:38,849-mp_log-INFO-欧妮薇模板操作成功,模板名称11-06商家版1.1.33
2018-11-07 19:12:39,518-mp_log-INFO-成都净美天使模板操作成功,模板名称11-06商家版1.1.33
2018-11-07 19:12:40,578-mp_log-INFO-美姿来就美模板操作成功,模板名称11-06商家版1.1.33
2018-11-07 19:12:41,365-mp_log-INFO-IVY艾菲芭模板操作成功,模板名称11-06商家版1.1.33
2018-11-07 19:12:42,385-mp_log-INFO-引导美体验店模板操作成功,模板名称11-06商家版1.1.33
2018-11-07 19:12:43,621-mp_log-INFO-来了美雲会所模板操作成功,模板名称11-06商家版1.1.33
2018-11-07 19:12:44,465-mp_log-INFO-SoBeauty模板操作成功,模板名称11-06商家版1.1.33
2018-11-07 19:12:45,701-mp_log-INFO-蒙妮莎新美容模板操作成功,模板名称11-06商家版1.1.33
2018-11-07 19:12:46,590-mp_log-INFO-筋生美模板操作成功,模板名称11-06商家版1.1.33
2018-11-07 19:12:47,509-mp_log-INFO-来了美美吧模板操作成功,模板名称11-06商家版1.1.33
2018-11-07 19:12:48,351-mp_log-INFO-金柏丽模板操作成功,模板名称11-06商家版1.1.33
2018-11-07 19:12:49,522-mp_log-INFO-长江九号模板操作成功,模板名称11-06商家版1.1.33
2018-11-07 19:12:51,579-mp_log-INFO-优文专业脱毛模板操作成功,模板名称11-06商家版1.1.33
2018-11-07 19:12:51,617-mp_log-INFO-天使国际模板操作成功,模板名称11-06商家版1.1.33
2018-11-07 19:12:52,228-mp_log-INFO-如生堂模板操作成功,模板名称11-06商家版1.1.33
2018-11-07 19:12:53,638-mp_log-INFO-梦田芳香Spa模板操作成功,模板名称11-06商家版1.1.33
2018-11-07 19:12:54,575-mp_log-INFO-贝施纤体模板操作成功,模板名称11-06商家版1.1.33
2018-11-07 19:12:55,445-mp_log-INFO-色彩纯姬模板操作成功,模板名称11-06商家版1.1.33
2018-11-07 19:12:56,576-mp_log-INFO-红妆倾城模板操作成功,模板名称11-06商家版1.1.33
2018-11-07 19:12:57,558-mp_log-INFO-丹阳圣莉斯歌模板操作成功,模板名称11-06商家版1.1.33
2018-11-07 19:12:58,463-mp_log-INFO-金贵人Beauty模板操作成功,模板名称11-06商家版1.1.33
2018-11-07 19:12:59,338-mp_log-INFO-芯语芳心模板操作成功,模板名称11-06商家版1.1.33
2018-11-07 19:13:00,420-mp_log-INFO-还原美模板操作成功,模板名称11-06商家版1.1.33
2018-11-07 19:13:02,109-mp_log-INFO-延颜美容模板操作成功,模板名称11-06商家版1.1.33
2018-11-07 19:13:02,332-mp_log-INFO-缘临医疗美容模板操作成功,模板名称11-06商家版1.1.33
2018-11-07 19:13:03,431-mp_log-INFO-梦圆皇宫模板操作成功,模板名称11-06商家版1.1.33
2018-11-07 19:13:04,379-mp_log-INFO-美了就来模板操作成功,模板名称11-06商家版1.1.33
2018-11-07 19:13:06,184-mp_log-INFO-恩雅模板操作成功,模板名称11-06商家版1.1.33
2018-11-07 19:13:06,842-mp_log-INFO-YoungDream模板操作成功,模板名称11-06商家版1.1.33
2018-11-07 19:13:07,733-mp_log-INFO-DR美研博士模板操作成功,模板名称11-06商家版1.1.33
2018-11-07 19:13:08,536-mp_log-INFO-女秀才模板操作成功,模板名称11-06商家版1.1.33
2018-11-07 19:13:09,591-mp_log-INFO-東美人儿模板操作成功,模板名称11-06商家版1.1.33
2018-11-07 19:13:10,608-mp_log-INFO-承昱医疗模板操作成功,模板名称11-06商家版1.1.33
2018-11-07 19:13:12,105-mp_log-INFO-斓悦庭模板操作成功,模板名称11-06商家版1.1.33
2018-11-07 19:13:12,266-mp_log-INFO-美迩美整形模板操作成功,模板名称11-06商家版1.1.33
2018-11-07 19:13:13,501-mp_log-INFO-唯美童妍模板操作成功,模板名称11-06商家版1.1.33
2018-11-07 19:13:15,075-mp_log-INFO-BV美聚模板操作成功,模板名称11-06商家版1.1.33
2018-11-07 19:13:15,707-mp_log-INFO-健丽宝美容模板操作成功,模板名称11-06商家版1.1.33
2018-11-07 19:13:16,424-mp_log-INFO-掌上美管家A模板操作成功,模板名称11-06商家版1.1.33
2018-11-07 19:13:17,570-mp_log-INFO-博妍集美模板操作成功,模板名称11-06商家版1.1.33
2018-11-07 19:13:18,446-mp_log-INFO-雅涛世家模板操作成功,模板名称11-06商家版1.1.33
2018-11-07 19:13:19,552-mp_log-INFO-双妹美容模板操作成功,模板名称11-06商家版1.1.33
2018-11-07 19:13:20,378-mp_log-INFO-呈悦医疗模板操作成功,模板名称11-06商家版1.1.33
2018-11-07 19:13:21,610-mp_log-INFO-来了美千丝美模板操作成功,模板名称11-06商家版1.1.33
2018-11-07 19:13:22,271-mp_log-INFO-世纪之春模板操作成功,模板名称11-06商家版1.1.33
2018-11-07 19:13:23,356-mp_log-INFO-雅梵GO美模板操作成功,模板名称11-06商家版1.1.33
2018-11-07 19:13:24,354-mp_log-INFO-女主角美容模板操作成功,模板名称11-06商家版1.1.33
2018-11-07 19:13:25,524-mp_log-INFO-来了就体验账模板操作成功,模板名称11-06商家版1.1.33
2018-11-07 19:13:26,334-mp_log-INFO-弘粹堂模板操作成功,模板名称11-06商家版1.1.33
2018-11-07 19:13:27,519-mp_log-INFO-环球美容模板操作成功,模板名称11-06商家版1.1.33
2018-11-07 19:13:28,749-mp_log-INFO-乐聚模板操作成功,模板名称11-06商家版1.1.33
2018-11-07 19:13:29,272-mp_log-INFO-诗芙侬模板操作成功,模板名称11-06商家版1.1.33
2018-11-07 19:13:30,280-mp_log-INFO-沧州美美达模板操作成功,模板名称11-06商家版1.1.33
2018-11-07 19:13:31,631-mp_log-INFO-妮娜形象管理模板操作成功,模板名称11-06商家版1.1.33
2018-11-07 19:13:32,422-mp_log-INFO-赢美肌模板操作成功,模板名称11-06商家版1.1.33
2018-11-07 19:13:33,263-mp_log-INFO-馨境堂模板操作成功,模板名称11-06商家版1.1.33
2018-11-07 19:13:34,584-mp_log-INFO-良沐健康管理模板操作成功,模板名称11-06商家版1.1.33
2018-11-07 19:13:36,000-mp_log-INFO-果蔬美容模板操作成功,模板名称11-06商家版1.1.33
2018-11-07 19:13:36,653-mp_log-INFO-贝兰思模板操作成功,模板名称11-06商家版1.1.33
2018-11-07 19:13:37,756-mp_log-INFO-东方秀丽模板操作成功,模板名称11-06商家版1.1.33
2018-11-07 19:13:38,441-mp_log-INFO-欧丽薇模板操作成功,模板名称11-06商家版1.1.33
