2018-11-07 19:45:34,161-Getlogin-INFO-登录成功，获取mp端token.....
2018-11-07 19:45:34,164-mp_log-INFO-token获取成功......
2018-11-07 19:45:46,190-mp_log-INFO-获取所有小程序信息成功......
2018-11-07 19:45:46,665-mp_log-INFO-获取最新模板信息成功.......
2018-11-07 19:45:48,749-mp_log-INFO-环亚美容模板操作成功,模板名称11-07商家版1.1.34
2018-11-07 19:45:49,502-mp_log-INFO-诺研皮肤管理模板操作成功,模板名称11-07商家版1.1.34
2018-11-07 19:45:49,979-mp_log-INFO-绿苑女子模板操作成功,模板名称11-07商家版1.1.34
2018-11-07 19:45:50,391-mp_log-INFO-广州七号驻颜模板操作成功,模板名称11-07商家版1.1.34
2018-11-07 19:45:50,893-mp_log-INFO-曼奇莎模板操作成功,模板名称11-07商家版1.1.34
2018-11-07 19:45:51,406-mp_log-INFO-诗美逸模板操作成功,模板名称11-07商家版1.1.34
2018-11-07 19:45:51,992-mp_log-INFO-颐和美容模板操作成功,模板名称11-07商家版1.1.34
2018-11-07 19:45:52,416-mp_log-INFO-赫阁尔模板操作成功,模板名称11-07商家版1.1.34
2018-11-07 19:45:52,903-mp_log-INFO-草木缘模板操作成功,模板名称11-07商家版1.1.34
2018-11-07 19:45:53,529-mp_log-INFO-梦颜科美模板操作成功,模板名称11-07商家版1.1.34
2018-11-07 19:45:54,049-mp_log-INFO-都市点点模板操作成功,模板名称11-07商家版1.1.34
2018-11-07 19:45:54,515-mp_log-INFO-来了美佳澜店模板操作成功,模板名称11-07商家版1.1.34
2018-11-07 19:45:54,926-mp_log-INFO-润妃国际模板操作成功,模板名称11-07商家版1.1.34
2018-11-07 19:45:55,435-mp_log-INFO-灵动模板操作成功,模板名称11-07商家版1.1.34
2018-11-07 19:45:55,973-mp_log-INFO-康丽皇家模板操作成功,模板名称11-07商家版1.1.34
2018-11-07 19:45:56,567-mp_log-INFO-美丽驿站模板操作成功,模板名称11-07商家版1.1.34
2018-11-07 19:45:57,142-mp_log-INFO-美美昭彦模板操作成功,模板名称11-07商家版1.1.34
2018-11-07 19:45:57,550-mp_log-INFO-匠美JMBEAUTY模板操作成功,模板名称11-07商家版1.1.34
2018-11-07 19:45:58,179-mp_log-INFO-HB美尚荟模板操作成功,模板名称11-07商家版1.1.34
2018-11-07 19:45:58,783-mp_log-INFO-爱睿熙国际模板操作成功,模板名称11-07商家版1.1.34
2018-11-07 19:45:59,265-mp_log-INFO-当今悦美模板操作成功,模板名称11-07商家版1.1.34
2018-11-07 19:45:59,614-mp_log-INFO-谦和国际模板操作成功,模板名称11-07商家版1.1.34
2018-11-07 19:46:00,099-mp_log-INFO-米蝶·快美吧模板操作成功,模板名称11-07商家版1.1.34
2018-11-07 19:46:00,700-mp_log-INFO-iBEATA贝娅塔模板操作成功,模板名称11-07商家版1.1.34
2018-11-07 19:46:00,989-mp_log-INFO-菲常美模板操作成功,模板名称11-07商家版1.1.34
2018-11-07 19:46:01,445-mp_log-INFO-当代经典模板操作成功,模板名称11-07商家版1.1.34
2018-11-07 19:46:02,031-mp_log-INFO-东方丽人模板操作成功,模板名称11-07商家版1.1.34
2018-11-07 19:46:02,301-mp_log-INFO-盛士兰模板操作成功,模板名称11-07商家版1.1.34
2018-11-07 19:46:02,926-mp_log-INFO-玫瑰坊模板操作成功,模板名称11-07商家版1.1.34
2018-11-07 19:46:03,498-mp_log-INFO-悠兰lyj模板操作成功,模板名称11-07商家版1.1.34
2018-11-07 19:46:03,967-mp_log-INFO-芊思雅莎莎模板操作成功,模板名称11-07商家版1.1.34
2018-11-07 19:46:04,590-mp_log-INFO-来就健康模板操作成功,模板名称11-07商家版1.1.34
2018-11-07 19:46:05,007-mp_log-INFO-恒美世纪模板操作成功,模板名称11-07商家版1.1.34
2018-11-07 19:46:05,530-mp_log-INFO-美人记Diary模板操作成功,模板名称11-07商家版1.1.34
2018-11-07 19:46:06,101-mp_log-INFO-美范·珺之屋模板操作成功,模板名称11-07商家版1.1.34
2018-11-07 19:46:06,457-mp_log-INFO-菲梵经典模板操作成功,模板名称11-07商家版1.1.34
2018-11-07 19:46:07,105-mp_log-INFO-悦芳泉SPA模板操作成功,模板名称11-07商家版1.1.34
2018-11-07 19:46:07,665-mp_log-INFO-爱美丽模板操作成功,模板名称11-07商家版1.1.34
2018-11-07 19:46:08,284-mp_log-INFO-漂亮如你模板操作成功,模板名称11-07商家版1.1.34
2018-11-07 19:46:08,638-mp_log-INFO-广西宝宝爱模板操作成功,模板名称11-07商家版1.1.34
2018-11-07 19:46:09,175-mp_log-INFO-虞诗蔓模板操作成功,模板名称11-07商家版1.1.34
2018-11-07 19:46:09,428-mp_log-INFO-Goonbeauty模板操作成功,模板名称11-07商家版1.1.34
2018-11-07 19:46:09,917-mp_log-INFO-唯艳美模板操作成功,模板名称11-07商家版1.1.34
2018-11-07 19:46:10,602-mp_log-INFO-吉美妍丽模板操作成功,模板名称11-07商家版1.1.34
2018-11-07 19:46:11,224-mp_log-INFO-雪依氏模板操作成功,模板名称11-07商家版1.1.34
2018-11-07 19:46:11,481-mp_log-INFO-书白美企模板操作成功,模板名称11-07商家版1.1.34
2018-11-07 19:46:11,899-mp_log-INFO-星美国际模板操作成功,模板名称11-07商家版1.1.34
2018-11-07 19:46:12,701-mp_log-INFO-霭伦恩美模板操作成功,模板名称11-07商家版1.1.34
2018-11-07 19:46:12,892-mp_log-INFO-来美吧模板操作成功,模板名称11-07商家版1.1.34
2018-11-07 19:46:13,489-mp_log-INFO-伊美朗模板操作成功,模板名称11-07商家版1.1.34
2018-11-07 19:46:14,311-mp_log-INFO-美美一生模板操作成功,模板名称11-07商家版1.1.34
2018-11-07 19:46:14,631-mp_log-INFO-佳婳天美模板操作成功,模板名称11-07商家版1.1.34
2018-11-07 19:46:14,954-mp_log-INFO-优年轻模板操作成功,模板名称11-07商家版1.1.34
2018-11-07 19:46:15,574-mp_log-INFO-易康国际模板操作成功,模板名称11-07商家版1.1.34
2018-11-07 19:46:16,067-mp_log-INFO-美美昭妍模板操作成功,模板名称11-07商家版1.1.34
2018-11-07 19:46:16,540-mp_log-INFO-佐登妮丝模板操作成功,模板名称11-07商家版1.1.34
2018-11-07 19:46:17,010-mp_log-INFO-阿星国际模板操作成功,模板名称11-07商家版1.1.34
2018-11-07 19:46:17,572-mp_log-INFO-娇阑美颜模板操作成功,模板名称11-07商家版1.1.34
2018-11-07 19:46:18,014-mp_log-INFO-爱女士模板操作成功,模板名称11-07商家版1.1.34
2018-11-07 19:46:18,480-mp_log-INFO-PS智能美肤模板操作成功,模板名称11-07商家版1.1.34
2018-11-07 19:46:18,962-mp_log-INFO-艾妍整形模板操作成功,模板名称11-07商家版1.1.34
2018-11-07 19:46:19,579-mp_log-INFO-珍珍美容模板操作成功,模板名称11-07商家版1.1.34
2018-11-07 19:46:19,973-mp_log-INFO-巴黎情缘模板操作成功,模板名称11-07商家版1.1.34
2018-11-07 19:46:20,438-mp_log-INFO-百合春天模板操作成功,模板名称11-07商家版1.1.34
2018-11-07 19:46:20,860-mp_log-INFO-梅兰丽人模板操作成功,模板名称11-07商家版1.1.34
2018-11-07 19:46:21,590-mp_log-INFO-燕燕尊尚美容模板操作成功,模板名称11-07商家版1.1.34
2018-11-07 19:46:21,915-mp_log-INFO-雅致璇肌模板操作成功,模板名称11-07商家版1.1.34
2018-11-07 19:46:22,492-mp_log-INFO-诗露丽涵模板操作成功,模板名称11-07商家版1.1.34
2018-11-07 19:46:23,115-mp_log-INFO-东方仕典模板操作成功,模板名称11-07商家版1.1.34
2018-11-07 19:46:23,588-mp_log-INFO-韩流美美店模板操作成功,模板名称11-07商家版1.1.34
2018-11-07 19:46:24,274-mp_log-INFO-月瘦月美模板操作成功,模板名称11-07商家版1.1.34
2018-11-07 19:46:24,422-mp_log-INFO-年轻我可以模板操作成功,模板名称11-07商家版1.1.34
2018-11-07 19:46:24,968-mp_log-INFO-精工皇族模板操作成功,模板名称11-07商家版1.1.34
2018-11-07 19:46:25,564-mp_log-INFO-兴美源模板操作成功,模板名称11-07商家版1.1.34
2018-11-07 19:46:25,938-mp_log-INFO-明剪一秀模板操作成功,模板名称11-07商家版1.1.34
2018-11-07 19:46:26,472-mp_log-INFO-深圳丝客富模板操作成功,模板名称11-07商家版1.1.34
2018-11-07 19:46:26,952-mp_log-INFO-琉璃水城模板操作成功,模板名称11-07商家版1.1.34
2018-11-07 19:46:27,617-mp_log-INFO-栢草源模板操作成功,模板名称11-07商家版1.1.34
2018-11-07 19:46:27,892-mp_log-INFO-杭州东方整形模板操作成功,模板名称11-07商家版1.1.34
2018-11-07 19:46:28,407-mp_log-INFO-ONI速美模板操作成功,模板名称11-07商家版1.1.34
2018-11-07 19:46:29,020-mp_log-INFO-YAN健康•美+模板操作成功,模板名称11-07商家版1.1.34
2018-11-07 19:46:29,485-mp_log-INFO-MMbeauty模板操作成功,模板名称11-07商家版1.1.34
2018-11-07 19:46:30,043-mp_log-INFO-美共享模板操作成功,模板名称11-07商家版1.1.34
2018-11-07 19:46:30,592-mp_log-INFO-靓佳人模板操作成功,模板名称11-07商家版1.1.34
2018-11-07 19:46:30,918-mp_log-INFO-ME智慧美店模板操作成功,模板名称11-07商家版1.1.34
2018-11-07 19:46:31,304-mp_log-INFO-二院美丽之约模板操作成功,模板名称11-07商家版1.1.34
2018-11-07 19:46:31,990-mp_log-INFO-紫舟美业模板操作成功,模板名称11-07商家版1.1.34
2018-11-07 19:46:32,410-mp_log-INFO-南洋beauty模板操作成功,模板名称11-07商家版1.1.34
2018-11-07 19:46:32,933-mp_log-INFO-阿芙洛蒂模板操作成功,模板名称11-07商家版1.1.34
2018-11-07 19:46:33,497-mp_log-INFO-来了美标榜店模板操作成功,模板名称11-07商家版1.1.34
2018-11-07 19:46:33,920-mp_log-INFO-美德福模板操作成功,模板名称11-07商家版1.1.34
2018-11-07 19:46:34,672-mp_log-INFO-岳灵生发模板操作成功,模板名称11-07商家版1.1.34
2018-11-07 19:46:35,144-mp_log-INFO-美姿源模板操作成功,模板名称11-07商家版1.1.34
2018-11-07 19:46:35,581-mp_log-INFO-维多丽雅模板操作成功,模板名称11-07商家版1.1.34
2018-11-07 19:46:36,300-mp_log-INFO-雅典娜模板操作成功,模板名称11-07商家版1.1.34
2018-11-07 19:46:36,725-mp_log-INFO-杭州桐雅模板操作成功,模板名称11-07商家版1.1.34
2018-11-07 19:46:36,950-mp_log-INFO-妃香伊丹模板操作成功,模板名称11-07商家版1.1.34
2018-11-07 19:46:37,650-mp_log-INFO-张氏纳然姬朵模板操作成功,模板名称11-07商家版1.1.34
2018-11-07 19:46:37,977-mp_log-INFO-魅力华健模板操作成功,模板名称11-07商家版1.1.34
2018-11-07 19:46:38,488-mp_log-INFO-圣水伊人模板操作成功,模板名称11-07商家版1.1.34
2018-11-07 19:46:38,931-mp_log-INFO-窈窕淑女模板操作成功,模板名称11-07商家版1.1.34
2018-11-07 19:46:39,536-mp_log-INFO-绮莉尔智能美模板操作成功,模板名称11-07商家版1.1.34
2018-11-07 19:46:40,133-mp_log-INFO-香密雅CIMIA模板操作成功,模板名称11-07商家版1.1.34
2018-11-07 19:46:40,523-mp_log-INFO-妍雅媛模板操作成功,模板名称11-07商家版1.1.34
2018-11-07 19:46:40,935-mp_log-INFO-来了美模板操作成功,模板名称11-07商家版1.1.34
2018-11-07 19:46:41,922-mp_log-INFO-云立方模板操作成功,模板名称11-07商家版1.1.34
2018-11-07 19:46:42,004-mp_log-INFO-轻医美模板操作成功,模板名称11-07商家版1.1.34
2018-11-07 19:46:42,423-mp_log-INFO-世纪春天模板操作成功,模板名称11-07商家版1.1.34
2018-11-07 19:46:43,034-mp_log-INFO-贵妇人模板操作成功,模板名称11-07商家版1.1.34
2018-11-07 19:46:43,638-mp_log-INFO-BabyBeauty模板操作成功,模板名称11-07商家版1.1.34
2018-11-07 19:46:44,156-mp_log-INFO-奇遇青春模板操作成功,模板名称11-07商家版1.1.34
2018-11-07 19:46:44,498-mp_log-INFO-来了美韩尚恩模板操作成功,模板名称11-07商家版1.1.34
2018-11-07 19:46:45,109-mp_log-INFO-纤指百媚模板操作成功,模板名称11-07商家版1.1.34
2018-11-07 19:46:45,667-mp_log-INFO-美之颜模板操作成功,模板名称11-07商家版1.1.34
2018-11-07 19:46:46,138-mp_log-INFO-郦芙蓉beauty模板操作成功,模板名称11-07商家版1.1.34
2018-11-07 19:46:46,610-mp_log-INFO-氢颜轻奢美肤模板操作成功,模板名称11-07商家版1.1.34
2018-11-07 19:46:47,047-mp_log-INFO-玫香源模板操作成功,模板名称11-07商家版1.1.34
2018-11-07 19:46:47,601-mp_log-INFO-香住SPA模板操作成功,模板名称11-07商家版1.1.34
2018-11-07 19:46:48,062-mp_log-INFO-依蔻依美模板操作成功,模板名称11-07商家版1.1.34
2018-11-07 19:46:48,487-mp_log-INFO-佰味女人模板操作成功,模板名称11-07商家版1.1.34
2018-11-07 19:46:49,188-mp_log-INFO-黄氏百佳模板操作成功,模板名称11-07商家版1.1.34
2018-11-07 19:46:49,555-mp_log-INFO-创美雅香莱模板操作成功,模板名称11-07商家版1.1.34
2018-11-07 19:46:50,078-mp_log-INFO-艾面一族 模板操作成功,模板名称11-07商家版1.1.34
2018-11-07 19:46:50,493-mp_log-INFO-涣美医疗模板操作成功,模板名称11-07商家版1.1.34
2018-11-07 19:46:50,971-mp_log-INFO-植美SPA模板操作成功,模板名称11-07商家版1.1.34
2018-11-07 19:46:51,333-mp_log-INFO-曼姿模板操作成功,模板名称11-07商家版1.1.34
2018-11-07 19:46:52,001-mp_log-INFO-美丽九九模板操作成功,模板名称11-07商家版1.1.34
2018-11-07 19:46:52,644-mp_log-INFO-百分国际美容模板操作成功,模板名称11-07商家版1.1.34
2018-11-07 19:46:53,057-mp_log-INFO-千颂伊美学中心模板操作成功,模板名称11-07商家版1.1.34
2018-11-07 19:46:53,480-mp_log-INFO-艾尚美美哒模板操作成功,模板名称11-07商家版1.1.34
2018-11-07 19:46:54,141-mp_log-INFO-玉颜堂模板操作成功,模板名称11-07商家版1.1.34
2018-11-07 19:46:54,646-mp_log-INFO-金美源模板操作成功,模板名称11-07商家版1.1.34
2018-11-07 19:46:54,960-mp_log-INFO-爱玛仕嘉模板操作成功,模板名称11-07商家版1.1.34
2018-11-07 19:46:55,561-mp_log-INFO-智能科技美店模板操作成功,模板名称11-07商家版1.1.34
2018-11-07 19:46:56,143-mp_log-INFO-欧妮薇模板操作成功,模板名称11-07商家版1.1.34
2018-11-07 19:46:56,744-mp_log-INFO-成都净美天使模板操作成功,模板名称11-07商家版1.1.34
2018-11-07 19:46:57,012-mp_log-INFO-美姿来就美模板操作成功,模板名称11-07商家版1.1.34
2018-11-07 19:46:57,513-mp_log-INFO-IVY艾菲芭模板操作成功,模板名称11-07商家版1.1.34
2018-11-07 19:46:58,105-mp_log-INFO-来了美雲会所模板操作成功,模板名称11-07商家版1.1.34
2018-11-07 19:46:58,680-mp_log-INFO-SoBeauty模板操作成功,模板名称11-07商家版1.1.34
2018-11-07 19:46:59,204-mp_log-INFO-蒙妮莎新美容模板操作成功,模板名称11-07商家版1.1.34
2018-11-07 19:46:59,686-mp_log-INFO-筋生美模板操作成功,模板名称11-07商家版1.1.34
2018-11-07 19:47:00,029-mp_log-INFO-来了美美吧模板操作成功,模板名称11-07商家版1.1.34
2018-11-07 19:47:00,611-mp_log-INFO-金柏丽模板操作成功,模板名称11-07商家版1.1.34
2018-11-07 19:47:01,015-mp_log-INFO-长江九号模板操作成功,模板名称11-07商家版1.1.34
2018-11-07 19:47:01,536-mp_log-INFO-优文专业脱毛模板操作成功,模板名称11-07商家版1.1.34
2018-11-07 19:47:02,159-mp_log-INFO-天使国际模板操作成功,模板名称11-07商家版1.1.34
2018-11-07 19:47:02,691-mp_log-INFO-如生堂模板操作成功,模板名称11-07商家版1.1.34
2018-11-07 19:47:03,119-mp_log-INFO-梦田芳香Spa模板操作成功,模板名称11-07商家版1.1.34
2018-11-07 19:47:03,746-mp_log-INFO-贝施纤体模板操作成功,模板名称11-07商家版1.1.34
2018-11-07 19:47:04,043-mp_log-INFO-色彩纯姬模板操作成功,模板名称11-07商家版1.1.34
2018-11-07 19:47:04,530-mp_log-INFO-红妆倾城模板操作成功,模板名称11-07商家版1.1.34
2018-11-07 19:47:05,010-mp_log-INFO-丹阳圣莉斯歌模板操作成功,模板名称11-07商家版1.1.34
2018-11-07 19:47:05,558-mp_log-INFO-金贵人Beauty模板操作成功,模板名称11-07商家版1.1.34
2018-11-07 19:47:06,015-mp_log-INFO-芯语芳心模板操作成功,模板名称11-07商家版1.1.34
2018-11-07 19:47:06,614-mp_log-INFO-还原美模板操作成功,模板名称11-07商家版1.1.34
2018-11-07 19:47:07,137-mp_log-INFO-延颜美容模板操作成功,模板名称11-07商家版1.1.34
2018-11-07 19:47:07,720-mp_log-INFO-缘临医疗美容模板操作成功,模板名称11-07商家版1.1.34
2018-11-07 19:47:08,162-mp_log-INFO-梦圆皇宫模板操作成功,模板名称11-07商家版1.1.34
2018-11-07 19:47:08,595-mp_log-INFO-美了就来模板操作成功,模板名称11-07商家版1.1.34
2018-11-07 19:47:09,123-mp_log-INFO-恩雅模板操作成功,模板名称11-07商家版1.1.34
2018-11-07 19:47:09,619-mp_log-INFO-YoungDream模板操作成功,模板名称11-07商家版1.1.34
2018-11-07 19:47:10,182-mp_log-INFO-DR美研博士模板操作成功,模板名称11-07商家版1.1.34
2018-11-07 19:47:10,590-mp_log-INFO-女秀才模板操作成功,模板名称11-07商家版1.1.34
2018-11-07 19:47:10,934-mp_log-INFO-東美人儿模板操作成功,模板名称11-07商家版1.1.34
2018-11-07 19:47:11,561-mp_log-INFO-承昱医疗模板操作成功,模板名称11-07商家版1.1.34
2018-11-07 19:47:12,049-mp_log-INFO-斓悦庭模板操作成功,模板名称11-07商家版1.1.34
2018-11-07 19:47:12,569-mp_log-INFO-美迩美整形模板操作成功,模板名称11-07商家版1.1.34
2018-11-07 19:47:12,944-mp_log-INFO-唯美童妍模板操作成功,模板名称11-07商家版1.1.34
2018-11-07 19:47:13,770-mp_log-INFO-BV美聚模板操作成功,模板名称11-07商家版1.1.34
2018-11-07 19:47:14,123-mp_log-INFO-健丽宝美容模板操作成功,模板名称11-07商家版1.1.34
2018-11-07 19:47:14,660-mp_log-INFO-掌上美管家A模板操作成功,模板名称11-07商家版1.1.34
2018-11-07 19:47:15,125-mp_log-INFO-博妍集美模板操作成功,模板名称11-07商家版1.1.34
2018-11-07 19:47:15,819-mp_log-INFO-雅涛世家模板操作成功,模板名称11-07商家版1.1.34
2018-11-07 19:47:16,227-mp_log-INFO-双妹美容模板操作成功,模板名称11-07商家版1.1.34
2018-11-07 19:47:16,669-mp_log-INFO-呈悦医疗模板操作成功,模板名称11-07商家版1.1.34
2018-11-07 19:47:17,031-mp_log-INFO-来了美千丝美模板操作成功,模板名称11-07商家版1.1.34
2018-11-07 19:47:17,453-mp_log-INFO-世纪之春模板操作成功,模板名称11-07商家版1.1.34
2018-11-07 19:47:18,049-mp_log-INFO-雅梵GO美模板操作成功,模板名称11-07商家版1.1.34
2018-11-07 19:47:18,432-mp_log-INFO-女主角美容模板操作成功,模板名称11-07商家版1.1.34
2018-11-07 19:47:19,000-mp_log-INFO-弘粹堂模板操作成功,模板名称11-07商家版1.1.34
2018-11-07 19:47:19,670-mp_log-INFO-环球美容模板操作成功,模板名称11-07商家版1.1.34
2018-11-07 19:47:20,110-mp_log-INFO-乐聚模板操作成功,模板名称11-07商家版1.1.34
2018-11-07 19:47:20,472-mp_log-INFO-诗芙侬模板操作成功,模板名称11-07商家版1.1.34
2018-11-07 19:47:20,971-mp_log-INFO-沧州美美达模板操作成功,模板名称11-07商家版1.1.34
2018-11-07 19:47:21,623-mp_log-INFO-妮娜形象管理模板操作成功,模板名称11-07商家版1.1.34
2018-11-07 19:47:22,064-mp_log-INFO-赢美肌模板操作成功,模板名称11-07商家版1.1.34
2018-11-07 19:47:22,601-mp_log-INFO-馨境堂模板操作成功,模板名称11-07商家版1.1.34
2018-11-07 19:47:23,168-mp_log-INFO-良沐健康管理模板操作成功,模板名称11-07商家版1.1.34
2018-11-07 19:47:23,663-mp_log-INFO-果蔬美容模板操作成功,模板名称11-07商家版1.1.34
2018-11-07 19:47:23,926-mp_log-INFO-贝兰思模板操作成功,模板名称11-07商家版1.1.34
2018-11-07 19:47:24,593-mp_log-INFO-东方秀丽模板操作成功,模板名称11-07商家版1.1.34
2018-11-07 19:47:25,004-mp_log-INFO-欧丽薇模板操作成功,模板名称11-07商家版1.1.34
