2018-11-26 15:45:25,234-Getlogin-ERROR-'token'
2018-11-26 15:45:25,236-mp_log-INFO-token获取成功......
2018-11-26 15:45:45,706-mp_log-INFO-获取所有小程序信息成功......
2018-11-26 15:45:46,234-mp_log-INFO-获取最新模板信息成功.......
2018-11-26 15:45:47,821-mp_log-INFO-审核失败
2018-11-26 15:45:47,976-mp_log-INFO-已审核
2018-11-26 15:45:48,370-mp_log-INFO-审核失败
2018-11-26 15:45:48,645-mp_log-INFO-审核失败
2018-11-26 15:45:49,343-mp_log-INFO-已审核
2018-11-26 15:45:49,543-mp_log-INFO-审核失败
2018-11-26 15:45:49,867-mp_log-INFO-审核失败
2018-11-26 15:45:50,054-mp_log-INFO-已审核
2018-11-26 15:45:50,475-mp_log-INFO-已审核
2018-11-26 15:45:50,609-mp_log-INFO-已审核
2018-11-26 15:45:50,896-mp_log-INFO-审核失败
2018-11-26 15:45:51,271-mp_log-INFO-已审核
2018-11-26 15:45:51,565-mp_log-INFO-审核失败
2018-11-26 15:45:51,824-mp_log-INFO-审核失败
2018-11-26 15:45:52,100-mp_log-INFO-审核失败
2018-11-26 15:45:52,427-mp_log-INFO-已审核
2018-11-26 15:45:52,764-mp_log-INFO-审核失败
2018-11-26 15:45:52,981-mp_log-INFO-审核失败
2018-11-26 15:45:53,286-mp_log-INFO-已审核
2018-11-26 15:45:53,765-mp_log-INFO-已审核
2018-11-26 15:45:53,931-mp_log-INFO-审核失败
2018-11-26 15:45:54,229-mp_log-INFO-已审核
2018-11-26 15:45:54,528-mp_log-INFO-已审核
2018-11-26 15:45:55,075-mp_log-INFO-已审核
2018-11-26 15:45:55,415-mp_log-INFO-已审核
2018-11-26 15:45:55,730-mp_log-INFO-审核失败
2018-11-26 15:45:56,043-mp_log-INFO-已审核
2018-11-26 15:45:56,325-mp_log-INFO-已审核
2018-11-26 15:45:56,804-mp_log-INFO-已审核
2018-11-26 15:45:57,020-mp_log-INFO-审核失败
2018-11-26 15:45:57,234-mp_log-INFO-已审核
2018-11-26 15:45:57,536-mp_log-INFO-已审核
2018-11-26 15:45:57,844-mp_log-INFO-已审核
2018-11-26 15:45:58,096-mp_log-INFO-审核失败
2018-11-26 15:45:58,382-mp_log-INFO-已审核
2018-11-26 15:45:58,737-mp_log-INFO-审核失败
2018-11-26 15:45:59,169-mp_log-INFO-已审核
2018-11-26 15:45:59,493-mp_log-INFO-审核失败
2018-11-26 15:45:59,725-mp_log-INFO-已审核
2018-11-26 15:46:00,032-mp_log-INFO-已审核
2018-11-26 15:46:00,328-mp_log-INFO-已审核
2018-11-26 15:46:00,687-mp_log-INFO-审核失败
2018-11-26 15:46:01,369-mp_log-INFO-已审核
2018-11-26 15:46:01,538-mp_log-INFO-审核失败
2018-11-26 15:46:01,733-mp_log-INFO-已审核
2018-11-26 15:46:01,992-mp_log-INFO-审核失败
2018-11-26 15:46:02,231-mp_log-INFO-已审核
2018-11-26 15:46:02,561-mp_log-INFO-已审核
2018-11-26 15:46:02,771-mp_log-INFO-已审核
2018-11-26 15:46:03,358-mp_log-INFO-审核失败
2018-11-26 15:46:03,406-mp_log-INFO-已审核
2018-11-26 15:46:03,709-mp_log-INFO-已审核
2018-11-26 15:46:04,051-mp_log-INFO-审核失败
2018-11-26 15:46:04,313-mp_log-INFO-已审核
2018-11-26 15:46:04,626-mp_log-INFO-已审核
2018-11-26 15:46:04,904-mp_log-INFO-已审核
2018-11-26 15:46:05,304-mp_log-INFO-已审核
2018-11-26 15:46:05,708-mp_log-INFO-已审核
2018-11-26 15:46:05,793-mp_log-INFO-审核失败
2018-11-26 15:46:06,161-mp_log-INFO-审核失败
2018-11-26 15:46:06,447-mp_log-INFO-审核失败
2018-11-26 15:46:06,767-mp_log-INFO-已审核
2018-11-26 15:46:07,037-mp_log-INFO-审核失败
2018-11-26 15:46:07,359-mp_log-INFO-审核失败
2018-11-26 15:46:07,737-mp_log-INFO-已审核
2018-11-26 15:46:07,934-mp_log-INFO-审核失败
2018-11-26 15:46:08,208-mp_log-INFO-审核失败
2018-11-26 15:46:08,567-mp_log-INFO-审核失败
2018-11-26 15:46:08,773-mp_log-INFO-审核失败
2018-11-26 15:46:09,175-mp_log-INFO-审核失败
2018-11-26 15:46:09,413-mp_log-INFO-审核失败
2018-11-26 15:46:09,740-mp_log-INFO-已审核
2018-11-26 15:46:10,049-mp_log-INFO-已审核
2018-11-26 15:46:10,277-mp_log-INFO-已审核
2018-11-26 15:46:10,969-mp_log-INFO-已审核
2018-11-26 15:46:10,995-mp_log-INFO-已审核
2018-11-26 15:46:11,249-mp_log-INFO-已审核
2018-11-26 15:46:11,915-mp_log-INFO-审核失败
2018-11-26 15:46:12,306-mp_log-INFO-已审核
2018-11-26 15:46:12,493-mp_log-INFO-已审核
2018-11-26 15:46:12,763-mp_log-INFO-已审核
2018-11-26 15:46:13,056-mp_log-INFO-审核失败
2018-11-26 15:46:13,495-mp_log-INFO-已审核
2018-11-26 15:46:13,680-mp_log-INFO-已审核
2018-11-26 15:46:13,932-mp_log-INFO-已审核
2018-11-26 15:46:14,316-mp_log-INFO-已审核
2018-11-26 15:46:14,563-mp_log-INFO-已审核
2018-11-26 15:46:14,912-mp_log-INFO-审核失败
2018-11-26 15:46:15,221-mp_log-INFO-已审核
2018-11-26 15:46:15,503-mp_log-INFO-已审核
2018-11-26 15:46:15,770-mp_log-INFO-已审核
2018-11-26 15:46:16,078-mp_log-INFO-已审核
2018-11-26 15:46:16,499-mp_log-INFO-审核失败
2018-11-26 15:46:16,690-mp_log-INFO-已审核
2018-11-26 15:46:17,026-mp_log-INFO-已审核
2018-11-26 15:46:17,350-mp_log-INFO-已审核
2018-11-26 15:46:17,725-mp_log-INFO-已审核
2018-11-26 15:46:17,983-mp_log-INFO-已审核
2018-11-26 15:46:18,254-mp_log-INFO-审核失败
2018-11-26 15:46:18,616-mp_log-INFO-审核失败
2018-11-26 15:46:18,928-mp_log-INFO-已审核
2018-11-26 15:46:19,148-mp_log-INFO-已审核
2018-11-26 15:46:19,699-mp_log-INFO-审核失败
2018-11-26 15:46:19,755-mp_log-INFO-已审核
2018-11-26 15:46:20,012-mp_log-INFO-已审核
2018-11-26 15:46:20,316-mp_log-INFO-已审核
2018-11-26 15:46:21,051-mp_log-INFO-已审核
2018-11-26 15:46:21,254-mp_log-INFO-审核失败
2018-11-26 15:46:21,552-mp_log-INFO-已审核
2018-11-26 15:46:21,932-mp_log-INFO-审核失败
2018-11-26 15:46:22,238-mp_log-INFO-已审核
2018-11-26 15:46:22,665-mp_log-INFO-已审核
2018-11-26 15:46:22,777-mp_log-INFO-审核失败
2018-11-26 15:46:23,071-mp_log-INFO-已审核
2018-11-26 15:46:23,369-mp_log-INFO-审核失败
2018-11-26 15:46:23,682-mp_log-INFO-已审核
2018-11-26 15:46:24,101-mp_log-INFO-已审核
2018-11-26 15:46:24,299-mp_log-INFO-已审核
2018-11-26 15:46:24,606-mp_log-INFO-已审核
2018-11-26 15:46:24,881-mp_log-INFO-审核失败
2018-11-26 15:46:25,135-mp_log-INFO-已审核
2018-11-26 15:46:25,461-mp_log-INFO-已审核
2018-11-26 15:46:25,853-mp_log-INFO-已审核
2018-11-26 15:46:26,332-mp_log-INFO-已审核
2018-11-26 15:46:26,411-mp_log-INFO-已审核
2018-11-26 15:46:26,997-mp_log-INFO-已审核
2018-11-26 15:46:27,073-mp_log-INFO-已审核
2018-11-26 15:46:27,306-mp_log-INFO-已审核
2018-11-26 15:46:27,901-mp_log-INFO-审核失败
2018-11-26 15:46:28,230-mp_log-INFO-已审核
2018-11-26 15:46:28,509-mp_log-INFO-审核失败
2018-11-26 15:46:29,012-mp_log-INFO-审核失败
2018-11-26 15:46:29,136-mp_log-INFO-审核失败
2018-11-26 15:46:29,809-mp_log-INFO-已审核
2018-11-26 15:46:30,066-mp_log-INFO-审核失败
2018-11-26 15:46:30,166-mp_log-INFO-已审核
2018-11-26 15:46:30,421-mp_log-INFO-审核失败
2018-11-26 15:46:30,727-mp_log-INFO-审核失败
2018-11-26 15:46:31,292-mp_log-INFO-已审核
2018-11-26 15:46:31,767-mp_log-INFO-已审核
2018-11-26 15:46:31,924-mp_log-INFO-已审核
2018-11-26 15:46:31,980-mp_log-INFO-已审核
2018-11-26 15:46:32,285-mp_log-INFO-审核失败
2018-11-26 15:46:32,589-mp_log-INFO-已审核
2018-11-26 15:46:32,826-mp_log-INFO-已审核
2018-11-26 15:46:33,131-mp_log-INFO-已审核
2018-11-26 15:46:33,470-mp_log-INFO-已审核
2018-11-26 15:46:33,736-mp_log-INFO-已审核
2018-11-26 15:46:34,021-mp_log-INFO-已审核
2018-11-26 15:46:34,334-mp_log-INFO-已审核
2018-11-26 15:46:34,668-mp_log-INFO-已审核
2018-11-26 15:46:35,095-mp_log-INFO-审核失败
2018-11-26 15:46:35,251-mp_log-INFO-已审核
2018-11-26 15:46:35,526-mp_log-INFO-已审核
2018-11-26 15:46:35,817-mp_log-INFO-已审核
2018-11-26 15:46:36,110-mp_log-INFO-审核失败
2018-11-26 15:46:36,421-mp_log-INFO-已审核
2018-11-26 15:46:36,726-mp_log-INFO-审核失败
2018-11-26 15:46:37,013-mp_log-INFO-已审核
2018-11-26 15:46:37,310-mp_log-INFO-审核失败
2018-11-26 15:46:37,615-mp_log-INFO-审核失败
2018-11-26 15:46:37,884-mp_log-INFO-已审核
2018-11-26 15:46:38,268-mp_log-INFO-已审核
2018-11-26 15:46:38,546-mp_log-INFO-已审核
2018-11-26 15:46:38,773-mp_log-INFO-审核失败
2018-11-26 15:46:39,101-mp_log-INFO-审核失败
2018-11-26 15:46:39,419-mp_log-INFO-审核失败
2018-11-26 15:46:39,703-mp_log-INFO-已审核
2018-11-26 15:46:40,001-mp_log-INFO-已审核
2018-11-26 15:46:40,513-mp_log-INFO-已审核
2018-11-26 15:46:40,734-mp_log-INFO-审核失败
2018-11-26 15:46:41,009-mp_log-INFO-已审核
2018-11-26 15:46:41,245-mp_log-INFO-已审核
2018-11-26 15:46:41,649-mp_log-INFO-已审核
2018-11-26 15:46:41,855-mp_log-INFO-已审核
2018-11-26 15:46:42,285-mp_log-INFO-已审核
2018-11-26 15:46:42,479-mp_log-INFO-审核失败
2018-11-26 15:46:42,790-mp_log-INFO-审核失败
2018-11-26 15:46:43,020-mp_log-INFO-审核失败
2018-11-26 15:46:43,375-mp_log-INFO-已审核
2018-11-26 15:46:43,652-mp_log-INFO-审核失败
2018-11-26 15:46:43,969-mp_log-INFO-审核失败
2018-11-26 15:46:44,314-mp_log-INFO-审核失败
2018-11-26 15:46:44,602-mp_log-INFO-已审核
2018-11-26 15:46:44,928-mp_log-INFO-已审核
2018-11-26 15:46:45,186-mp_log-INFO-已审核
2018-11-26 15:46:45,452-mp_log-INFO-已审核
2018-11-26 15:46:46,053-mp_log-INFO-已审核
2018-11-26 15:46:46,290-mp_log-INFO-已审核
2018-11-26 15:46:46,498-mp_log-INFO-已审核
2018-11-26 15:46:46,756-mp_log-INFO-已审核
2018-11-26 15:46:46,952-mp_log-INFO-已审核
2018-11-26 15:46:47,217-mp_log-INFO-已审核
2018-11-26 15:46:47,561-mp_log-INFO-已审核
2018-11-26 15:46:47,876-mp_log-INFO-审核失败
2018-11-26 15:46:48,356-mp_log-INFO-已审核
2018-11-26 15:46:48,733-mp_log-INFO-已审核
2018-11-26 15:46:48,939-mp_log-INFO-已审核
2018-11-26 15:46:49,116-mp_log-INFO-已审核
2018-11-26 15:46:49,403-mp_log-INFO-已审核
2018-11-26 15:46:49,878-mp_log-INFO-已审核
2018-11-26 15:46:50,025-mp_log-INFO-已审核
2018-11-26 15:46:50,297-mp_log-INFO-审核失败
2018-11-26 15:46:50,622-mp_log-INFO-审核失败
2018-11-26 15:46:50,995-mp_log-INFO-已审核
2018-11-26 15:46:51,287-mp_log-INFO-已审核
2018-11-26 15:46:51,578-mp_log-INFO-已审核
2018-11-26 15:46:52,112-mp_log-INFO-已审核
2018-11-26 15:46:52,392-mp_log-INFO-已审核
