2018-11-29 13:59:08,415-Getlogin-ERROR-'token'
2018-11-29 13:59:08,417-mp_log-INFO-token获取成功......
2018-11-29 13:59:23,273-mp_log-INFO-获取所有小程序信息成功......
2018-11-29 13:59:23,733-mp_log-INFO-获取最新模板信息成功.......
2018-11-29 13:59:25,756-mp_log-ERROR-环亚美容提交失败
2018-11-29 13:59:26,380-mp_log-ERROR-诺研皮肤管理提交失败
2018-11-29 13:59:26,893-mp_log-ERROR-芳妍美容提交失败
2018-11-29 13:59:27,108-mp_log-ERROR-sdfdsfdsf提交失败
2018-11-29 13:59:27,330-mp_log-ERROR-绿苑女子提交失败
2018-11-29 13:59:28,326-mp_log-ERROR-伊之花美容提交失败
2018-11-29 13:59:28,892-mp_log-ERROR-广州七号驻颜提交失败
2018-11-29 13:59:29,377-mp_log-ERROR-曼奇莎提交失败
2018-11-29 13:59:29,974-mp_log-ERROR-诗美逸提交失败
2018-11-29 13:59:30,331-mp_log-ERROR-颐和美容提交失败
2018-11-29 13:59:30,839-mp_log-ERROR-赫阁尔提交失败
2018-11-29 13:59:31,349-mp_log-ERROR-草木缘提交失败
2018-11-29 13:59:31,821-mp_log-ERROR-漂亮宝贝提交失败
2018-11-29 13:59:32,335-mp_log-ERROR-梦颜科美提交失败
2018-11-29 13:59:32,848-mp_log-ERROR-都市点点提交失败
2018-11-29 13:59:33,318-mp_log-ERROR-来了美佳澜店提交失败
2018-11-29 13:59:34,022-mp_log-ERROR-木子美甲美睫提交失败
2018-11-29 13:59:34,374-mp_log-ERROR-润妃国际提交失败
2018-11-29 13:59:34,834-mp_log-ERROR-灵动提交失败
2018-11-29 13:59:35,292-mp_log-ERROR-康丽皇家提交失败
2018-11-29 13:59:35,929-mp_log-ERROR-美丽驿站提交失败
2018-11-29 13:59:36,469-mp_log-ERROR-美美昭彦提交失败
2018-11-29 13:59:36,853-mp_log-ERROR-匠美JMBEAUTY提交失败
2018-11-29 13:59:37,170-mp_log-ERROR-市场演示专用提交失败
2018-11-29 13:59:37,335-mp_log-ERROR-HB美尚荟提交失败
2018-11-29 13:59:38,470-mp_log-ERROR-Youngface提交失败
2018-11-29 13:59:38,856-mp_log-ERROR-爱睿熙国际提交失败
2018-11-29 13:59:39,317-mp_log-ERROR-当今悦美提交失败
2018-11-29 13:59:39,958-mp_log-ERROR-谦和国际提交失败
2018-11-29 13:59:40,374-mp_log-ERROR-米蝶·快美吧提交失败
2018-11-29 13:59:40,795-mp_log-ERROR-iBEATA贝娅塔提交失败
2018-11-29 13:59:41,429-mp_log-ERROR-菲常美提交失败
2018-11-29 13:59:41,894-mp_log-ERROR-当代经典提交失败
2018-11-29 13:59:42,452-mp_log-ERROR-东方丽人提交失败
2018-11-29 13:59:45,155-mp_log-ERROR-盛士兰提交失败
2018-11-29 13:59:45,511-mp_log-ERROR-玫瑰坊提交失败
2018-11-29 13:59:45,791-mp_log-ERROR-悠兰lyj提交失败
2018-11-29 13:59:45,917-mp_log-ERROR-芊思雅莎莎提交失败
2018-11-29 13:59:46,364-mp_log-ERROR-恒美世纪提交失败
2018-11-29 13:59:46,421-mp_log-ERROR-来就健康提交失败
2018-11-29 13:59:47,205-mp_log-ERROR-美人记Diary提交失败
2018-11-29 13:59:47,321-mp_log-ERROR-美范·珺之屋提交失败
2018-11-29 13:59:47,947-mp_log-ERROR-悦芳泉SPA提交失败
2018-11-29 13:59:48,366-mp_log-ERROR-菲梵经典提交失败
2018-11-29 13:59:48,672-mp_log-ERROR-爱美丽提交失败
2018-11-29 13:59:49,027-mp_log-ERROR-漂亮如你提交失败
2018-11-29 13:59:49,086-mp_log-ERROR-广西宝宝爱提交失败
2018-11-29 13:59:49,347-mp_log-ERROR-虞诗蔓提交失败
2018-11-29 13:59:49,863-mp_log-ERROR-Goonbeauty提交失败
2018-11-29 13:59:50,361-mp_log-ERROR-唯艳美提交失败
2018-11-29 13:59:50,936-mp_log-ERROR-吉美妍丽提交失败
2018-11-29 13:59:51,327-mp_log-ERROR-雪依氏提交失败
2018-11-29 13:59:52,001-mp_log-ERROR-书白美企提交失败
2018-11-29 13:59:52,393-mp_log-ERROR-星美国际提交失败
2018-11-29 13:59:52,951-mp_log-ERROR-霭伦恩美提交失败
2018-11-29 13:59:53,434-mp_log-ERROR-来美吧提交失败
2018-11-29 13:59:53,850-mp_log-ERROR-伊美朗提交失败
2018-11-29 13:59:54,277-mp_log-ERROR-美美一生提交失败
2018-11-29 13:59:54,908-mp_log-ERROR-佳婳天美提交失败
2018-11-29 13:59:55,379-mp_log-ERROR-兴美源提交失败
2018-11-29 13:59:56,401-mp_log-ERROR-优年轻提交失败
2018-11-29 13:59:56,429-mp_log-ERROR-易康国际提交失败
2018-11-29 13:59:56,908-mp_log-ERROR-美美昭妍提交失败
2018-11-29 13:59:57,311-mp_log-ERROR-佐登妮丝提交失败
2018-11-29 13:59:57,904-mp_log-ERROR-阿星国际提交失败
2018-11-29 13:59:58,430-mp_log-ERROR-娇阑美颜提交失败
2018-11-29 13:59:58,916-mp_log-ERROR-爱女士提交失败
2018-11-29 13:59:59,412-mp_log-ERROR-PS智能美肤提交失败
2018-11-29 13:59:59,870-mp_log-ERROR-艾妍整形提交失败
2018-11-29 14:00:00,392-mp_log-ERROR-珍珍美容提交失败
2018-11-29 14:00:00,869-mp_log-ERROR-姿曼美容spa提交失败
2018-11-29 14:00:01,403-mp_log-ERROR-巴黎情缘提交失败
2018-11-29 14:00:01,882-mp_log-ERROR-百合春天提交失败
2018-11-29 14:00:02,472-mp_log-ERROR-梅兰丽人提交失败
2018-11-29 14:00:02,906-mp_log-ERROR-美由心生美惠提交失败
2018-11-29 14:00:03,357-mp_log-ERROR-燕燕尊尚美容提交失败
2018-11-29 14:00:03,977-mp_log-ERROR-雅致璇肌提交失败
2018-11-29 14:00:04,330-mp_log-ERROR-诗露丽涵提交失败
2018-11-29 14:00:04,793-mp_log-ERROR-东方仕典提交失败
2018-11-29 14:00:05,481-mp_log-ERROR-韩流美美店提交失败
2018-11-29 14:00:05,870-mp_log-ERROR-GOGO宝迪提交失败
2018-11-29 14:00:06,357-mp_log-ERROR-月瘦月美提交失败
2018-11-29 14:00:06,799-mp_log-ERROR-启程金典美业提交失败
2018-11-29 14:00:07,302-mp_log-ERROR-年轻我可以提交失败
2018-11-29 14:00:07,808-mp_log-ERROR-精工皇族提交失败
2018-11-29 14:00:08,425-mp_log-ERROR-明剪一秀提交失败
2018-11-29 14:00:09,067-mp_log-ERROR-深圳丝客富提交失败
2018-11-29 14:00:09,295-mp_log-ERROR-DuDuBeauty提交失败
2018-11-29 14:00:09,877-mp_log-ERROR-琉璃水城提交失败
2018-11-29 14:00:10,414-mp_log-ERROR-栢草源提交失败
2018-11-29 14:00:10,840-mp_log-ERROR-杭州东方整形提交失败
2018-11-29 14:00:11,388-mp_log-ERROR-ONI速美提交失败
2018-11-29 14:00:11,860-mp_log-ERROR-YAN健康•美+提交失败
2018-11-29 14:00:12,376-mp_log-ERROR-MMbeauty提交失败
2018-11-29 14:00:12,839-mp_log-ERROR-美共享提交失败
2018-11-29 14:00:13,373-mp_log-ERROR-靓佳人提交失败
2018-11-29 14:00:13,869-mp_log-ERROR-ME智慧美店提交失败
2018-11-29 14:00:14,317-mp_log-ERROR-二院美丽之约提交失败
2018-11-29 14:00:14,900-mp_log-ERROR-紫舟美业提交失败
2018-11-29 14:00:15,524-mp_log-ERROR-南洋beauty提交失败
2018-11-29 14:00:15,870-mp_log-ERROR-阿芙洛蒂提交失败
2018-11-29 14:00:16,338-mp_log-ERROR-来了美标榜店提交失败
2018-11-29 14:00:16,842-mp_log-ERROR-美德福提交失败
2018-11-29 14:00:17,383-mp_log-ERROR-岳灵生发提交失败
2018-11-29 14:00:18,085-mp_log-ERROR-美姿源提交失败
2018-11-29 14:00:18,338-mp_log-ERROR-维多丽雅提交失败
2018-11-29 14:00:18,882-mp_log-ERROR-雅典娜提交失败
2018-11-29 14:00:19,313-mp_log-ERROR-杭州桐雅提交失败
2018-11-29 14:00:19,700-mp_log-ERROR-光速美提交失败
2018-11-29 14:00:19,897-mp_log-ERROR-妃香伊丹提交失败
2018-11-29 14:00:20,907-mp_log-ERROR-张氏纳然姬朵提交失败
2018-11-29 14:00:21,394-mp_log-ERROR-魅力华健提交失败
2018-11-29 14:00:21,840-mp_log-ERROR-圣水伊人提交失败
2018-11-29 14:00:22,457-mp_log-ERROR-窈窕淑女提交失败
2018-11-29 14:00:22,816-mp_log-ERROR-绮莉尔智能美提交失败
2018-11-29 14:00:23,379-mp_log-ERROR-香密雅CIMIA提交失败
2018-11-29 14:00:23,919-mp_log-ERROR-妍雅媛提交失败
2018-11-29 14:00:24,495-mp_log-ERROR-来了美提交失败
2018-11-29 14:00:24,893-mp_log-ERROR-云立方提交失败
2018-11-29 14:00:25,399-mp_log-ERROR-轻医美提交失败
2018-11-29 14:00:25,922-mp_log-ERROR-世纪春天提交失败
2018-11-29 14:00:26,415-mp_log-ERROR-贵妇人提交失败
2018-11-29 14:00:26,935-mp_log-ERROR-BabyBeauty提交失败
2018-11-29 14:00:27,368-mp_log-ERROR-奇遇青春提交失败
2018-11-29 14:00:28,405-mp_log-ERROR-纤指百媚提交失败
2018-11-29 14:00:28,531-mp_log-ERROR-来了美韩尚恩提交失败
2018-11-29 14:00:28,901-mp_log-ERROR-美之颜提交失败
2018-11-29 14:00:29,417-mp_log-ERROR-贝琳菲美业提交失败
2018-11-29 14:00:30,054-mp_log-ERROR-郦芙蓉beauty提交失败
2018-11-29 14:00:30,477-mp_log-ERROR-氢颜轻奢美肤提交失败
2018-11-29 14:00:31,003-mp_log-ERROR-玫香源提交失败
2018-11-29 14:00:31,122-mp_log-ERROR-服务商账号提交失败
2018-11-29 14:00:31,920-mp_log-ERROR-香住SPA提交失败
2018-11-29 14:00:32,422-mp_log-ERROR-依蔻依美提交失败
2018-11-29 14:00:32,935-mp_log-ERROR-佰味女人提交失败
2018-11-29 14:00:33,929-mp_log-ERROR-创美雅香莱提交失败
2018-11-29 14:00:34,122-mp_log-ERROR-黄氏百佳提交失败
2018-11-29 14:00:34,634-mp_log-ERROR-艾面一族 提交失败
2018-11-29 14:00:34,906-mp_log-ERROR-涣美医疗提交失败
2018-11-29 14:00:35,401-mp_log-ERROR-植美SPA提交失败
2018-11-29 14:00:35,995-mp_log-ERROR-曼姿提交失败
2018-11-29 14:00:36,454-mp_log-ERROR-美丽九九提交失败
2018-11-29 14:00:36,923-mp_log-ERROR-南国西子提交失败
2018-11-29 14:00:37,526-mp_log-ERROR-百分国际美容提交失败
2018-11-29 14:00:37,941-mp_log-ERROR-千颂伊美学中心提交失败
2018-11-29 14:00:38,472-mp_log-ERROR-艾尚美美哒提交失败
2018-11-29 14:00:39,013-mp_log-ERROR-玉颜堂提交失败
2018-11-29 14:00:39,400-mp_log-ERROR-金美源提交失败
2018-11-29 14:00:39,934-mp_log-ERROR-爱玛仕嘉提交失败
2018-11-29 14:00:40,408-mp_log-ERROR-智能科技美店提交失败
2018-11-29 14:00:40,963-mp_log-ERROR-欧妮薇提交失败
2018-11-29 14:00:41,493-mp_log-ERROR-成都净美天使提交失败
2018-11-29 14:00:41,934-mp_log-ERROR-美姿来就美提交失败
2018-11-29 14:00:42,486-mp_log-ERROR-IVY艾菲芭提交失败
2018-11-29 14:00:43,333-mp_log-ERROR-引导美体验店提交失败
2018-11-29 14:00:43,591-mp_log-ERROR-来了美雲会所提交失败
2018-11-29 14:00:44,004-mp_log-ERROR-SoBeauty提交失败
2018-11-29 14:00:44,549-mp_log-ERROR-蒙妮莎新美容提交失败
2018-11-29 14:00:45,119-mp_log-ERROR-筋生美提交失败
2018-11-29 14:00:45,524-mp_log-ERROR-来了美美吧提交失败
2018-11-29 14:00:45,894-mp_log-ERROR-金柏丽提交失败
2018-11-29 14:00:46,359-mp_log-ERROR-长江九号提交失败
2018-11-29 14:00:46,918-mp_log-ERROR-优文专业脱毛提交失败
2018-11-29 14:00:47,388-mp_log-ERROR-天使国际提交失败
2018-11-29 14:00:47,868-mp_log-ERROR-如生堂提交失败
2018-11-29 14:00:48,531-mp_log-ERROR-梦田芳香Spa提交失败
2018-11-29 14:00:49,325-mp_log-ERROR-贝施纤体提交失败
2018-11-29 14:00:49,435-mp_log-ERROR-色彩纯姬提交失败
2018-11-29 14:00:49,940-mp_log-ERROR-红妆倾城提交失败
2018-11-29 14:00:50,435-mp_log-ERROR-丹阳圣莉斯歌提交失败
2018-11-29 14:00:50,904-mp_log-ERROR-金贵人Beauty提交失败
2018-11-29 14:00:51,424-mp_log-ERROR-芯语芳心提交失败
2018-11-29 14:00:51,976-mp_log-ERROR-还原美提交失败
2018-11-29 14:00:52,449-mp_log-ERROR-延颜美容提交失败
2018-11-29 14:00:53,095-mp_log-ERROR-缘临医疗美容提交失败
2018-11-29 14:00:53,710-mp_log-ERROR-梦圆皇宫提交失败
2018-11-29 14:00:53,979-mp_log-ERROR-美了就来提交失败
2018-11-29 14:00:54,473-mp_log-ERROR-恩雅提交失败
2018-11-29 14:00:54,936-mp_log-ERROR-俏丽屋提交失败
2018-11-29 14:00:55,443-mp_log-ERROR-YoungDream提交失败
2018-11-29 14:00:56,020-mp_log-ERROR-DR美研博士提交失败
2018-11-29 14:00:56,406-mp_log-ERROR-女秀才提交失败
2018-11-29 14:00:57,035-mp_log-ERROR-東美人儿提交失败
2018-11-29 14:00:57,428-mp_log-ERROR-承昱医疗提交失败
2018-11-29 14:00:58,136-mp_log-ERROR-斓悦庭提交失败
2018-11-29 14:00:58,496-mp_log-ERROR-美迩美整形提交失败
2018-11-29 14:00:58,986-mp_log-ERROR-唯美童妍提交失败
2018-11-29 14:00:59,515-mp_log-ERROR-BV美聚提交失败
2018-11-29 14:00:59,963-mp_log-ERROR-健丽宝美容提交失败
2018-11-29 14:01:00,489-mp_log-ERROR-掌上美管家A提交失败
2018-11-29 14:01:00,917-mp_log-ERROR-博妍集美提交失败
2018-11-29 14:01:01,421-mp_log-ERROR-雅涛世家提交失败
2018-11-29 14:01:02,246-mp_log-ERROR-双妹美容提交失败
2018-11-29 14:01:02,373-mp_log-ERROR-呈悦医疗提交失败
2018-11-29 14:01:02,918-mp_log-ERROR-来了美千丝美提交失败
2018-11-29 14:01:03,564-mp_log-ERROR-世纪之春提交失败
2018-11-29 14:01:04,124-mp_log-ERROR-雅梵GO美提交失败
2018-11-29 14:01:04,479-mp_log-ERROR-女主角美容提交失败
2018-11-29 14:01:04,985-mp_log-ERROR-来了就体验账提交失败
2018-11-29 14:01:05,458-mp_log-ERROR-弘粹堂提交失败
2018-11-29 14:01:05,944-mp_log-ERROR-环球美容提交失败
2018-11-29 14:01:06,511-mp_log-ERROR-乐聚提交失败
2018-11-29 14:01:06,903-mp_log-ERROR-诗芙侬提交失败
2018-11-29 14:01:07,461-mp_log-ERROR-沧州美美达提交失败
2018-11-29 14:01:08,020-mp_log-ERROR-妮娜形象管理提交失败
2018-11-29 14:01:08,937-mp_log-ERROR-馨境堂提交失败
2018-11-29 14:01:09,480-mp_log-ERROR-赢美肌提交失败
2018-11-29 14:01:09,482-mp_log-ERROR-良沐健康管理提交失败
2018-11-29 14:01:09,966-mp_log-ERROR-果蔬美容提交失败
2018-11-29 14:01:10,404-mp_log-ERROR-贝兰思提交失败
2018-11-29 14:01:10,984-mp_log-ERROR-东方秀丽提交失败
2018-11-29 14:01:11,414-mp_log-ERROR-缔罗嘉佳提交失败
2018-11-29 14:01:11,973-mp_log-ERROR-文轩专业美容提交失败
2018-11-29 14:01:12,506-mp_log-ERROR-欧丽薇提交失败
