2018-11-26 19:25:07,459-Getlogin-ERROR-'token'
2018-11-26 19:25:07,462-mp_log-INFO-token获取成功......
2018-11-26 19:25:24,100-mp_log-INFO-获取所有小程序信息成功......
2018-11-26 19:25:24,625-mp_log-INFO-获取最新模板信息成功.......
2018-11-26 19:25:27,654-mp_log-INFO-环亚美容提交成功
2018-11-26 19:25:28,189-mp_log-INFO-诺研皮肤管理提交成功
2018-11-26 19:25:28,543-mp_log-INFO-芳妍美容提交成功
2018-11-26 19:25:29,322-mp_log-INFO-绿苑女子提交成功
2018-11-26 19:25:30,046-mp_log-INFO-伊之花美容提交成功
2018-11-26 19:25:30,309-mp_log-INFO-广州七号驻颜提交成功
2018-11-26 19:25:30,779-mp_log-INFO-曼奇莎提交成功
2018-11-26 19:25:31,248-mp_log-INFO-诗美逸提交成功
2018-11-26 19:25:31,835-mp_log-INFO-颐和美容提交成功
2018-11-26 19:25:32,193-mp_log-INFO-赫阁尔提交成功
2018-11-26 19:25:32,444-mp_log-ERROR-漂亮宝贝提交失败
2018-11-26 19:25:32,798-mp_log-INFO-草木缘提交成功
2018-11-26 19:25:33,838-mp_log-INFO-梦颜科美提交成功
2018-11-26 19:25:34,235-mp_log-INFO-都市点点提交成功
2018-11-26 19:25:34,752-mp_log-INFO-来了美佳澜店提交成功
2018-11-26 19:25:35,407-mp_log-INFO-木子美甲美睫提交成功
2018-11-26 19:25:35,712-mp_log-INFO-润妃国际提交成功
2018-11-26 19:25:36,507-mp_log-INFO-灵动提交成功
2018-11-26 19:25:36,697-mp_log-INFO-康丽皇家提交成功
2018-11-26 19:25:37,414-mp_log-INFO-美丽驿站提交成功
2018-11-26 19:25:37,745-mp_log-INFO-美美昭彦提交成功
2018-11-26 19:25:38,221-mp_log-INFO-匠美JMBEAUTY提交成功
2018-11-26 19:25:38,849-mp_log-INFO-HB美尚荟提交成功
2018-11-26 19:25:39,363-mp_log-INFO-Youngface提交成功
2018-11-26 19:25:40,018-mp_log-INFO-爱睿熙国际提交成功
2018-11-26 19:25:40,359-mp_log-INFO-当今悦美提交成功
2018-11-26 19:25:40,935-mp_log-INFO-谦和国际提交成功
2018-11-26 19:25:41,234-mp_log-INFO-米蝶·快美吧提交成功
2018-11-26 19:25:41,843-mp_log-INFO-iBEATA贝娅塔提交成功
2018-11-26 19:25:42,392-mp_log-INFO-菲常美提交成功
2018-11-26 19:25:42,997-mp_log-INFO-当代经典提交成功
2018-11-26 19:25:43,122-mp_log-INFO-东方丽人提交成功
2018-11-26 19:25:43,893-mp_log-INFO-盛士兰提交成功
2018-11-26 19:25:44,265-mp_log-INFO-玫瑰坊提交成功
2018-11-26 19:25:44,719-mp_log-INFO-悠兰lyj提交成功
2018-11-26 19:25:45,234-mp_log-INFO-芊思雅莎莎提交成功
2018-11-26 19:25:45,649-mp_log-INFO-来就健康提交成功
2018-11-26 19:25:46,065-mp_log-ERROR-美人记Diary提交失败
2018-11-26 19:25:46,312-mp_log-INFO-恒美世纪提交成功
2018-11-26 19:25:47,288-mp_log-INFO-美范·珺之屋提交成功
2018-11-26 19:25:47,679-mp_log-INFO-菲梵经典提交成功
2018-11-26 19:25:48,287-mp_log-INFO-悦芳泉SPA提交成功
2018-11-26 19:25:48,677-mp_log-INFO-爱美丽提交成功
2018-11-26 19:25:49,399-mp_log-INFO-漂亮如你提交成功
2018-11-26 19:25:49,785-mp_log-INFO-广西宝宝爱提交成功
2018-11-26 19:25:50,497-mp_log-INFO-虞诗蔓提交成功
2018-11-26 19:25:50,818-mp_log-INFO-唯艳美提交成功
2018-11-26 19:25:51,237-mp_log-INFO-吉美妍丽提交成功
2018-11-26 19:25:51,991-mp_log-INFO-雪依氏提交成功
2018-11-26 19:25:52,700-mp_log-INFO-书白美企提交成功
2018-11-26 19:25:52,809-mp_log-INFO-星美国际提交成功
2018-11-26 19:25:53,326-mp_log-INFO-霭伦恩美提交成功
2018-11-26 19:25:53,910-mp_log-INFO-来美吧提交成功
2018-11-26 19:25:54,234-mp_log-INFO-伊美朗提交成功
2018-11-26 19:25:54,708-mp_log-INFO-美美一生提交成功
2018-11-26 19:25:55,191-mp_log-INFO-佳婳天美提交成功
2018-11-26 19:25:55,864-mp_log-INFO-优年轻提交成功
2018-11-26 19:25:56,276-mp_log-INFO-易康国际提交成功
2018-11-26 19:25:57,003-mp_log-INFO-美美昭妍提交成功
2018-11-26 19:25:57,618-mp_log-INFO-佐登妮丝提交成功
2018-11-26 19:25:57,768-mp_log-INFO-阿星国际提交成功
2018-11-26 19:25:58,425-mp_log-INFO-娇阑美颜提交成功
2018-11-26 19:25:58,973-mp_log-INFO-爱女士提交成功
2018-11-26 19:25:59,348-mp_log-INFO-PS智能美肤提交成功
2018-11-26 19:25:59,841-mp_log-INFO-艾妍整形提交成功
2018-11-26 19:26:00,117-mp_log-INFO-珍珍美容提交成功
2018-11-26 19:26:00,801-mp_log-INFO-姿曼美容spa提交成功
2018-11-26 19:26:01,342-mp_log-INFO-巴黎情缘提交成功
2018-11-26 19:26:02,002-mp_log-INFO-百合春天提交成功
2018-11-26 19:26:02,270-mp_log-INFO-梅兰丽人提交成功
2018-11-26 19:26:02,667-mp_log-INFO-美由心生美惠提交成功
2018-11-26 19:26:03,205-mp_log-INFO-燕燕尊尚美容提交成功
2018-11-26 19:26:03,829-mp_log-INFO-雅致璇肌提交成功
2018-11-26 19:26:04,352-mp_log-INFO-诗露丽涵提交成功
2018-11-26 19:26:05,099-mp_log-ERROR-GOGO宝迪提交失败
2018-11-26 19:26:05,221-mp_log-INFO-韩流美美店提交成功
2018-11-26 19:26:05,720-mp_log-INFO-东方仕典提交成功
2018-11-26 19:26:06,461-mp_log-INFO-月瘦月美提交成功
2018-11-26 19:26:06,661-mp_log-INFO-启程金典美业提交成功
2018-11-26 19:26:07,329-mp_log-INFO-年轻我可以提交成功
2018-11-26 19:26:08,406-mp_log-INFO-明剪一秀提交成功
2018-11-26 19:26:08,797-mp_log-INFO-深圳丝客富提交成功
2018-11-26 19:26:08,848-mp_log-INFO-精工皇族提交成功
2018-11-26 19:26:09,162-mp_log-INFO-DuDuBeauty提交成功
2018-11-26 19:26:09,984-mp_log-INFO-琉璃水城提交成功
2018-11-26 19:26:10,170-mp_log-INFO-栢草源提交成功
2018-11-26 19:26:10,696-mp_log-INFO-杭州东方整形提交成功
2018-11-26 19:26:11,575-mp_log-INFO-MMbeauty提交成功
2018-11-26 19:26:11,779-mp_log-INFO-美共享提交成功
2018-11-26 19:26:12,399-mp_log-INFO-靓佳人提交成功
2018-11-26 19:26:13,089-mp_log-INFO-ME智慧美店提交成功
2018-11-26 19:26:13,319-mp_log-INFO-二院美丽之约提交成功
2018-11-26 19:26:14,114-mp_log-INFO-紫舟美业提交成功
2018-11-26 19:26:14,665-mp_log-INFO-南洋beauty提交成功
2018-11-26 19:26:14,899-mp_log-INFO-阿芙洛蒂提交成功
2018-11-26 19:26:15,161-mp_log-INFO-来了美标榜店提交成功
2018-11-26 19:26:15,789-mp_log-INFO-美德福提交成功
2018-11-26 19:26:16,352-mp_log-INFO-岳灵生发提交成功
2018-11-26 19:26:16,930-mp_log-INFO-美姿源提交成功
2018-11-26 19:26:17,365-mp_log-INFO-维多丽雅提交成功
2018-11-26 19:26:17,787-mp_log-INFO-雅典娜提交成功
2018-11-26 19:26:18,272-mp_log-INFO-杭州桐雅提交成功
2018-11-26 19:26:18,825-mp_log-INFO-妃香伊丹提交成功
2018-11-26 19:26:19,287-mp_log-INFO-张氏纳然姬朵提交成功
2018-11-26 19:26:19,649-mp_log-INFO-魅力华健提交成功
2018-11-26 19:26:20,283-mp_log-INFO-圣水伊人提交成功
2018-11-26 19:26:20,976-mp_log-INFO-窈窕淑女提交成功
2018-11-26 19:26:21,246-mp_log-INFO-绮莉尔智能美提交成功
2018-11-26 19:26:21,938-mp_log-INFO-香密雅CIMIA提交成功
2018-11-26 19:26:22,313-mp_log-INFO-妍雅媛提交成功
2018-11-26 19:26:23,038-mp_log-INFO-来了美提交成功
2018-11-26 19:26:23,265-mp_log-INFO-云立方提交成功
2018-11-26 19:26:23,810-mp_log-INFO-轻医美提交成功
2018-11-26 19:26:24,353-mp_log-INFO-世纪春天提交成功
2018-11-26 19:26:24,938-mp_log-INFO-贵妇人提交成功
2018-11-26 19:26:25,296-mp_log-INFO-BabyBeauty提交成功
2018-11-26 19:26:25,888-mp_log-INFO-奇遇青春提交成功
2018-11-26 19:26:26,157-mp_log-INFO-来了美韩尚恩提交成功
2018-11-26 19:26:26,716-mp_log-INFO-纤指百媚提交成功
2018-11-26 19:26:27,160-mp_log-INFO-美之颜提交成功
2018-11-26 19:26:28,361-mp_log-INFO-郦芙蓉beauty提交成功
2018-11-26 19:26:28,496-mp_log-INFO-贝琳菲美业提交成功
2018-11-26 19:26:28,552-mp_log-ERROR-服务商账号提交失败
2018-11-26 19:26:29,040-mp_log-INFO-氢颜轻奢美肤提交成功
2018-11-26 19:26:29,472-mp_log-INFO-玫香源提交成功
2018-11-26 19:26:30,504-mp_log-INFO-香住SPA提交成功
2018-11-26 19:26:30,694-mp_log-INFO-依蔻依美提交成功
2018-11-26 19:26:31,342-mp_log-INFO-佰味女人提交成功
2018-11-26 19:26:31,871-mp_log-INFO-黄氏百佳提交成功
2018-11-26 19:26:32,398-mp_log-ERROR-涣美医疗提交失败
2018-11-26 19:26:32,469-mp_log-INFO-创美雅香莱提交成功
2018-11-26 19:26:32,891-mp_log-INFO-艾面一族 提交成功
2018-11-26 19:26:33,723-mp_log-INFO-植美SPA提交成功
2018-11-26 19:26:34,333-mp_log-INFO-曼姿提交成功
2018-11-26 19:26:34,850-mp_log-INFO-美丽九九提交成功
2018-11-26 19:26:35,245-mp_log-INFO-南国西子提交成功
2018-11-26 19:26:35,863-mp_log-INFO-百分国际美容提交成功
2018-11-26 19:26:36,281-mp_log-INFO-千颂伊美学中心提交成功
2018-11-26 19:26:36,807-mp_log-INFO-艾尚美美哒提交成功
2018-11-26 19:26:37,376-mp_log-INFO-玉颜堂提交成功
2018-11-26 19:26:37,803-mp_log-INFO-金美源提交成功
2018-11-26 19:26:38,305-mp_log-INFO-爱玛仕嘉提交成功
2018-11-26 19:26:38,972-mp_log-INFO-智能科技美店提交成功
2018-11-26 19:26:39,626-mp_log-INFO-欧妮薇提交成功
2018-11-26 19:26:39,681-mp_log-INFO-成都净美天使提交成功
2018-11-26 19:26:40,259-mp_log-INFO-美姿来就美提交成功
2018-11-26 19:26:41,364-mp_log-INFO-IVY艾菲芭提交成功
2018-11-26 19:26:41,386-mp_log-INFO-来了美雲会所提交成功
2018-11-26 19:26:41,685-mp_log-INFO-SoBeauty提交成功
2018-11-26 19:26:42,432-mp_log-INFO-蒙妮莎新美容提交成功
2018-11-26 19:26:43,093-mp_log-INFO-筋生美提交成功
2018-11-26 19:26:43,252-mp_log-INFO-来了美美吧提交成功
2018-11-26 19:26:43,847-mp_log-INFO-金柏丽提交成功
2018-11-26 19:26:44,443-mp_log-INFO-长江九号提交成功
2018-11-26 19:26:45,239-mp_log-INFO-优文专业脱毛提交成功
2018-11-26 19:26:45,321-mp_log-INFO-天使国际提交成功
2018-11-26 19:26:45,733-mp_log-INFO-如生堂提交成功
2018-11-26 19:26:46,390-mp_log-INFO-梦田芳香Spa提交成功
2018-11-26 19:26:46,868-mp_log-INFO-贝施纤体提交成功
2018-11-26 19:26:47,537-mp_log-INFO-色彩纯姬提交成功
2018-11-26 19:26:47,956-mp_log-INFO-红妆倾城提交成功
2018-11-26 19:26:48,287-mp_log-INFO-丹阳圣莉斯歌提交成功
2018-11-26 19:26:48,819-mp_log-INFO-金贵人Beauty提交成功
2018-11-26 19:26:49,521-mp_log-INFO-芯语芳心提交成功
2018-11-26 19:26:50,089-mp_log-INFO-还原美提交成功
2018-11-26 19:26:50,638-mp_log-INFO-延颜美容提交成功
2018-11-26 19:26:50,993-mp_log-INFO-缘临医疗美容提交成功
2018-11-26 19:26:51,466-mp_log-INFO-梦圆皇宫提交成功
2018-11-26 19:26:51,892-mp_log-INFO-美了就来提交成功
2018-11-26 19:26:52,954-mp_log-INFO-俏丽屋提交成功
2018-11-26 19:26:52,987-mp_log-INFO-恩雅提交成功
2018-11-26 19:26:53,330-mp_log-INFO-YoungDream提交成功
2018-11-26 19:26:53,942-mp_log-INFO-DR美研博士提交成功
2018-11-26 19:26:54,314-mp_log-INFO-女秀才提交成功
2018-11-26 19:26:55,133-mp_log-INFO-東美人儿提交成功
2018-11-26 19:26:55,228-mp_log-INFO-承昱医疗提交成功
2018-11-26 19:26:55,976-mp_log-ERROR-唯美童妍提交失败
2018-11-26 19:26:56,098-mp_log-INFO-斓悦庭提交成功
2018-11-26 19:26:56,287-mp_log-ERROR-美迩美整形提交失败
2018-11-26 19:26:56,564-mp_log-ERROR-健丽宝美容提交失败
2018-11-26 19:26:56,951-mp_log-ERROR-掌上美管家A提交失败
2018-11-26 19:26:57,400-mp_log-ERROR-博妍集美提交失败
2018-11-26 19:26:57,982-mp_log-ERROR-雅涛世家提交失败
2018-11-26 19:26:58,421-mp_log-ERROR-双妹美容提交失败
2018-11-26 19:26:58,984-mp_log-ERROR-呈悦医疗提交失败
2018-11-26 19:26:59,411-mp_log-ERROR-来了美千丝美提交失败
2018-11-26 19:26:59,943-mp_log-ERROR-世纪之春提交失败
2018-11-26 19:27:00,436-mp_log-ERROR-雅梵GO美提交失败
2018-11-26 19:27:00,937-mp_log-ERROR-女主角美容提交失败
2018-11-26 19:27:01,408-mp_log-ERROR-弘粹堂提交失败
2018-11-26 19:27:01,972-mp_log-ERROR-环球美容提交失败
2018-11-26 19:27:02,455-mp_log-ERROR-乐聚提交失败
2018-11-26 19:27:02,967-mp_log-ERROR-诗芙侬提交失败
2018-11-26 19:27:03,463-mp_log-ERROR-沧州美美达提交失败
2018-11-26 19:27:04,248-mp_log-ERROR-妮娜形象管理提交失败
2018-11-26 19:27:04,433-mp_log-ERROR-赢美肌提交失败
2018-11-26 19:27:05,060-mp_log-ERROR-馨境堂提交失败
2018-11-26 19:27:05,465-mp_log-ERROR-良沐健康管理提交失败
2018-11-26 19:27:05,889-mp_log-ERROR-果蔬美容提交失败
2018-11-26 19:27:06,428-mp_log-ERROR-贝兰思提交失败
2018-11-26 19:27:07,121-mp_log-ERROR-东方秀丽提交失败
2018-11-26 19:27:07,322-mp_log-ERROR-缔罗嘉佳提交失败
2018-11-26 19:27:08,028-mp_log-ERROR-文轩专业美容提交失败
2018-11-26 19:27:08,424-mp_log-ERROR-欧丽薇提交失败
