2018-11-01 19:27:15,183-Getlogin-INFO-登录成功，获取mp端token.....
2018-11-01 19:27:15,188-mp_log-INFO-token获取成功......
2018-11-01 19:27:27,388-mp_log-INFO-获取所有小程序信息成功......
2018-11-01 19:27:27,922-mp_log-INFO-获取最新模板信息成功.......
2018-11-01 19:27:30,640-mp_log-INFO-环亚美容模板操作成功,模板名称11-01 商家版1.1.32
2018-11-01 19:27:31,025-mp_log-ERROR-GOGOBeauty操作失败,失败原因{'status': 500, 'msg': '此管理中心未授权开放平台'}
2018-11-01 19:27:31,747-mp_log-INFO-诺研皮肤管理模板操作成功,模板名称11-01 商家版1.1.32
2018-11-01 19:27:33,017-mp_log-ERROR-sdfdsfdsf操作失败,失败原因{'status': 500, 'msg': '此管理中心未授权开放平台'}
2018-11-01 19:27:33,898-mp_log-INFO-绿苑女子模板操作成功,模板名称11-01 商家版1.1.32
2018-11-01 19:27:35,653-mp_log-INFO-广州七号驻颜模板操作成功,模板名称11-01 商家版1.1.32
2018-11-01 19:27:36,507-mp_log-INFO-曼奇莎模板操作成功,模板名称11-01 商家版1.1.32
2018-11-01 19:27:37,760-mp_log-INFO-诗美逸模板操作成功,模板名称11-01 商家版1.1.32
2018-11-01 19:27:38,831-mp_log-INFO-颐和美容模板操作成功,模板名称11-01 商家版1.1.32
2018-11-01 19:27:39,737-mp_log-INFO-赫阁尔模板操作成功,模板名称11-01 商家版1.1.32
2018-11-01 19:27:40,671-mp_log-INFO-草木缘模板操作成功,模板名称11-01 商家版1.1.32
2018-11-01 19:27:41,734-mp_log-INFO-梦颜科美模板操作成功,模板名称11-01 商家版1.1.32
2018-11-01 19:27:42,659-mp_log-INFO-都市点点模板操作成功,模板名称11-01 商家版1.1.32
2018-11-01 19:27:43,725-mp_log-INFO-来了美佳澜店模板操作成功,模板名称11-01 商家版1.1.32
2018-11-01 19:27:44,594-mp_log-INFO-润妃国际模板操作成功,模板名称11-01 商家版1.1.32
2018-11-01 19:27:45,613-mp_log-INFO-灵动模板操作成功,模板名称11-01 商家版1.1.32
2018-11-01 19:27:46,697-mp_log-INFO-康丽皇家模板操作成功,模板名称11-01 商家版1.1.32
2018-11-01 19:27:47,790-mp_log-INFO-美丽驿站模板操作成功,模板名称11-01 商家版1.1.32
2018-11-01 19:27:48,775-mp_log-INFO-美美昭彦模板操作成功,模板名称11-01 商家版1.1.32
2018-11-01 19:27:49,678-mp_log-INFO-匠美JMBEAUTY模板操作成功,模板名称11-01 商家版1.1.32
2018-11-01 19:27:50,060-mp_log-ERROR-市场演示专用操作失败,失败原因{'status': 500, 'msg': '此管理中心未授权开放平台'}
2018-11-01 19:27:51,161-mp_log-INFO-HB美尚荟模板操作成功,模板名称11-01 商家版1.1.32
2018-11-01 19:27:53,164-mp_log-INFO-爱睿熙国际模板操作成功,模板名称11-01 商家版1.1.32
2018-11-01 19:27:53,908-mp_log-INFO-当今悦美模板操作成功,模板名称11-01 商家版1.1.32
2018-11-01 19:27:54,706-mp_log-INFO-谦和国际模板操作成功,模板名称11-01 商家版1.1.32
2018-11-01 19:27:56,013-mp_log-INFO-米蝶·快美吧模板操作成功,模板名称11-01 商家版1.1.32
2018-11-01 19:27:56,957-mp_log-INFO-iBEATA贝娅塔模板操作成功,模板名称11-01 商家版1.1.32
2018-11-01 19:27:57,582-mp_log-INFO-菲常美模板操作成功,模板名称11-01 商家版1.1.32
2018-11-01 19:27:58,763-mp_log-INFO-当代经典模板操作成功,模板名称11-01 商家版1.1.32
2018-11-01 19:27:59,943-mp_log-INFO-东方丽人模板操作成功,模板名称11-01 商家版1.1.32
2018-11-01 19:28:00,719-mp_log-INFO-盛士兰模板操作成功,模板名称11-01 商家版1.1.32
2018-11-01 19:28:01,634-mp_log-INFO-玫瑰坊模板操作成功,模板名称11-01 商家版1.1.32
2018-11-01 19:28:02,720-mp_log-INFO-悠兰lyj模板操作成功,模板名称11-01 商家版1.1.32
2018-11-01 19:28:03,679-mp_log-INFO-芊思雅莎莎模板操作成功,模板名称11-01 商家版1.1.32
2018-11-01 19:28:04,683-mp_log-INFO-来就健康模板操作成功,模板名称11-01 商家版1.1.32
2018-11-01 19:28:05,782-mp_log-INFO-恒美世纪模板操作成功,模板名称11-01 商家版1.1.32
2018-11-01 19:28:06,696-mp_log-INFO-美人记Diary模板操作成功,模板名称11-01 商家版1.1.32
2018-11-01 19:28:07,733-mp_log-INFO-美范·珺之屋模板操作成功,模板名称11-01 商家版1.1.32
2018-11-01 19:28:08,650-mp_log-INFO-菲梵经典模板操作成功,模板名称11-01 商家版1.1.32
2018-11-01 19:28:09,583-mp_log-INFO-悦芳泉SPA模板操作成功,模板名称11-01 商家版1.1.32
2018-11-01 19:28:10,729-mp_log-INFO-爱美丽模板操作成功,模板名称11-01 商家版1.1.32
2018-11-01 19:28:11,902-mp_log-INFO-漂亮如你模板操作成功,模板名称11-01 商家版1.1.32
2018-11-01 19:28:12,743-mp_log-INFO-广西宝宝爱模板操作成功,模板名称11-01 商家版1.1.32
2018-11-01 19:28:13,708-mp_log-INFO-虞诗蔓模板操作成功,模板名称11-01 商家版1.1.32
2018-11-01 19:28:14,898-mp_log-INFO-Goonbeauty模板操作成功,模板名称11-01 商家版1.1.32
2018-11-01 19:28:15,761-mp_log-INFO-唯艳美模板操作成功,模板名称11-01 商家版1.1.32
2018-11-01 19:28:16,775-mp_log-INFO-吉美妍丽模板操作成功,模板名称11-01 商家版1.1.32
2018-11-01 19:28:18,379-mp_log-INFO-雪依氏模板操作成功,模板名称11-01 商家版1.1.32
2018-11-01 19:28:19,019-mp_log-INFO-白企美业模板操作成功,模板名称11-01 商家版1.1.32
2018-11-01 19:28:19,976-mp_log-INFO-星美国际模板操作成功,模板名称11-01 商家版1.1.32
2018-11-01 19:28:21,342-mp_log-INFO-霭伦恩美模板操作成功,模板名称11-01 商家版1.1.32
2018-11-01 19:28:22,041-mp_log-INFO-来美吧模板操作成功,模板名称11-01 商家版1.1.32
2018-11-01 19:28:22,961-mp_log-INFO-伊美朗模板操作成功,模板名称11-01 商家版1.1.32
2018-11-01 19:28:24,178-mp_log-INFO-美美一生模板操作成功,模板名称11-01 商家版1.1.32
2018-11-01 19:28:25,400-mp_log-INFO-佳婳天美模板操作成功,模板名称11-01 商家版1.1.32
2018-11-01 19:28:26,054-mp_log-INFO-优年轻模板操作成功,模板名称11-01 商家版1.1.32
2018-11-01 19:28:27,013-mp_log-INFO-易康国际模板操作成功,模板名称11-01 商家版1.1.32
2018-11-01 19:28:28,273-mp_log-INFO-美美昭妍模板操作成功,模板名称11-01 商家版1.1.32
2018-11-01 19:28:29,080-mp_log-INFO-佐登妮丝模板操作成功,模板名称11-01 商家版1.1.32
2018-11-01 19:28:30,280-mp_log-INFO-阿星国际模板操作成功,模板名称11-01 商家版1.1.32
2018-11-01 19:28:30,851-mp_log-INFO-娇阑美颜模板操作成功,模板名称11-01 商家版1.1.32
2018-11-01 19:28:32,040-mp_log-INFO-爱女士模板操作成功,模板名称11-01 商家版1.1.32
2018-11-01 19:28:33,153-mp_log-INFO-PS智能美肤模板操作成功,模板名称11-01 商家版1.1.32
2018-11-01 19:28:34,118-mp_log-INFO-艾妍整形模板操作成功,模板名称11-01 商家版1.1.32
2018-11-01 19:28:35,106-mp_log-INFO-珍珍美容模板操作成功,模板名称11-01 商家版1.1.32
2018-11-01 19:28:35,995-mp_log-INFO-巴黎情缘模板操作成功,模板名称11-01 商家版1.1.32
2018-11-01 19:28:37,451-mp_log-INFO-百合春天模板操作成功,模板名称11-01 商家版1.1.32
2018-11-01 19:28:38,134-mp_log-INFO-梅兰丽人模板操作成功,模板名称11-01 商家版1.1.32
2018-11-01 19:28:39,217-mp_log-INFO-燕燕尊尚美容模板操作成功,模板名称11-01 商家版1.1.32
2018-11-01 19:28:40,044-mp_log-INFO-雅致璇肌模板操作成功,模板名称11-01 商家版1.1.32
2018-11-01 19:28:41,083-mp_log-INFO-诗露丽涵模板操作成功,模板名称11-01 商家版1.1.32
2018-11-01 19:28:42,244-mp_log-INFO-东方仕典模板操作成功,模板名称11-01 商家版1.1.32
2018-11-01 19:28:43,314-mp_log-INFO-韩流美美店模板操作成功,模板名称11-01 商家版1.1.32
2018-11-01 19:28:44,179-mp_log-INFO-月瘦月美模板操作成功,模板名称11-01 商家版1.1.32
2018-11-01 19:28:45,470-mp_log-INFO-年轻我可以模板操作成功,模板名称11-01 商家版1.1.32
2018-11-01 19:28:46,040-mp_log-INFO-精工皇族模板操作成功,模板名称11-01 商家版1.1.32
2018-11-01 19:28:47,232-mp_log-INFO-兴美源模板操作成功,模板名称11-01 商家版1.1.32
2018-11-01 19:28:48,202-mp_log-INFO-明剪一秀模板操作成功,模板名称11-01 商家版1.1.32
2018-11-01 19:28:49,071-mp_log-INFO-深圳丝客富模板操作成功,模板名称11-01 商家版1.1.32
2018-11-01 19:28:50,183-mp_log-INFO-琉璃水城模板操作成功,模板名称11-01 商家版1.1.32
2018-11-01 19:28:51,086-mp_log-INFO-栢草源模板操作成功,模板名称11-01 商家版1.1.32
2018-11-01 19:28:52,694-mp_log-INFO-杭州东方整形模板操作成功,模板名称11-01 商家版1.1.32
2018-11-01 19:28:52,894-mp_log-INFO-ONI速美模板操作成功,模板名称11-01 商家版1.1.32
2018-11-01 19:28:54,009-mp_log-INFO-YAN健康•美+模板操作成功,模板名称11-01 商家版1.1.32
2018-11-01 19:28:55,060-mp_log-INFO-MMbeauty模板操作成功,模板名称11-01 商家版1.1.32
2018-11-01 19:28:56,339-mp_log-INFO-美共享模板操作成功,模板名称11-01 商家版1.1.32
2018-11-01 19:28:57,242-mp_log-INFO-靓佳人模板操作成功,模板名称11-01 商家版1.1.32
2018-11-01 19:28:57,997-mp_log-INFO-ME智慧美店模板操作成功,模板名称11-01 商家版1.1.32
2018-11-01 19:28:58,894-mp_log-INFO-二院美丽之约模板操作成功,模板名称11-01 商家版1.1.32
2018-11-01 19:29:00,134-mp_log-INFO-紫舟美业模板操作成功,模板名称11-01 商家版1.1.32
2018-11-01 19:29:01,007-mp_log-INFO-南洋beauty模板操作成功,模板名称11-01 商家版1.1.32
2018-11-01 19:29:01,958-mp_log-INFO-阿芙洛蒂模板操作成功,模板名称11-01 商家版1.1.32
2018-11-01 19:29:03,039-mp_log-INFO-来了美标榜店模板操作成功,模板名称11-01 商家版1.1.32
2018-11-01 19:29:04,042-mp_log-INFO-美德福模板操作成功,模板名称11-01 商家版1.1.32
2018-11-01 19:29:05,178-mp_log-INFO-岳灵生发模板操作成功,模板名称11-01 商家版1.1.32
2018-11-01 19:29:06,165-mp_log-INFO-美姿源模板操作成功,模板名称11-01 商家版1.1.32
2018-11-01 19:29:06,940-mp_log-INFO-维多丽雅模板操作成功,模板名称11-01 商家版1.1.32
2018-11-01 19:29:08,257-mp_log-INFO-雅典娜模板操作成功,模板名称11-01 商家版1.1.32
2018-11-01 19:29:09,253-mp_log-INFO-杭州桐雅模板操作成功,模板名称11-01 商家版1.1.32
2018-11-01 19:29:09,450-mp_log-ERROR-光速美操作失败,失败原因{'status': 500, 'msg': '此管理中心未授权开放平台'}
2018-11-01 19:29:10,018-mp_log-INFO-妃香伊丹模板操作成功,模板名称11-01 商家版1.1.32
2018-11-01 19:29:12,188-mp_log-INFO-张氏纳然姬朵模板操作成功,模板名称11-01 商家版1.1.32
2018-11-01 19:29:12,942-mp_log-INFO-魅力华健模板操作成功,模板名称11-01 商家版1.1.32
2018-11-01 19:29:13,978-mp_log-INFO-圣水伊人模板操作成功,模板名称11-01 商家版1.1.32
2018-11-01 19:29:14,881-mp_log-INFO-窈窕淑女模板操作成功,模板名称11-01 商家版1.1.32
2018-11-01 19:29:15,969-mp_log-INFO-绮莉尔智能美模板操作成功,模板名称11-01 商家版1.1.32
2018-11-01 19:29:16,985-mp_log-INFO-香密雅CIMIA模板操作成功,模板名称11-01 商家版1.1.32
2018-11-01 19:29:18,130-mp_log-INFO-妍雅媛模板操作成功,模板名称11-01 商家版1.1.32
2018-11-01 19:29:19,044-mp_log-INFO-来了美模板操作成功,模板名称11-01 商家版1.1.32
2018-11-01 19:29:20,210-mp_log-INFO-云立方模板操作成功,模板名称11-01 商家版1.1.32
2018-11-01 19:29:21,049-mp_log-INFO-轻医美模板操作成功,模板名称11-01 商家版1.1.32
2018-11-01 19:29:21,998-mp_log-INFO-世纪春天模板操作成功,模板名称11-01 商家版1.1.32
2018-11-01 19:29:24,104-mp_log-INFO-奇遇青春模板操作成功,模板名称11-01 商家版1.1.32
2018-11-01 19:29:25,354-mp_log-INFO-来了美韩尚恩模板操作成功,模板名称11-01 商家版1.1.32
2018-11-01 19:29:26,208-mp_log-INFO-BabyBeauty模板操作成功,模板名称11-01 商家版1.1.32
2018-11-01 19:29:26,410-mp_log-INFO-纤指百媚模板操作成功,模板名称11-01 商家版1.1.32
2018-11-01 19:29:27,056-mp_log-INFO-美之颜模板操作成功,模板名称11-01 商家版1.1.32
2018-11-01 19:29:28,144-mp_log-INFO-GOGOBeauty模板操作成功,模板名称11-01 商家版1.1.32
2018-11-01 19:29:29,115-mp_log-INFO-郦芙蓉beauty模板操作成功,模板名称11-01 商家版1.1.32
2018-11-01 19:29:30,373-mp_log-INFO-氢颜轻奢美肤模板操作成功,模板名称11-01 商家版1.1.32
2018-11-01 19:29:31,074-mp_log-INFO-香住SPA模板操作成功,模板名称11-01 商家版1.1.32
2018-11-01 19:29:32,091-mp_log-INFO-依蔻依美模板操作成功,模板名称11-01 商家版1.1.32
2018-11-01 19:29:33,011-mp_log-INFO-佰味女人模板操作成功,模板名称11-01 商家版1.1.32
2018-11-01 19:29:34,075-mp_log-INFO-黄氏百佳模板操作成功,模板名称11-01 商家版1.1.32
2018-11-01 19:29:35,068-mp_log-INFO-创美雅香莱模板操作成功,模板名称11-01 商家版1.1.32
2018-11-01 19:29:36,170-mp_log-INFO-艾面一族 模板操作成功,模板名称11-01 商家版1.1.32
2018-11-01 19:29:36,897-mp_log-INFO-涣美医疗模板操作成功,模板名称11-01 商家版1.1.32
2018-11-01 19:29:38,120-mp_log-INFO-植美SPA模板操作成功,模板名称11-01 商家版1.1.32
2018-11-01 19:29:39,069-mp_log-INFO-曼姿模板操作成功,模板名称11-01 商家版1.1.32
2018-11-01 19:29:40,173-mp_log-INFO-美丽九九模板操作成功,模板名称11-01 商家版1.1.32
2018-11-01 19:29:41,065-mp_log-INFO-百分国际美容模板操作成功,模板名称11-01 商家版1.1.32
2018-11-01 19:29:42,228-mp_log-INFO-千颂伊美学中心模板操作成功,模板名称11-01 商家版1.1.32
2018-11-01 19:29:43,072-mp_log-INFO-艾尚美美哒模板操作成功,模板名称11-01 商家版1.1.32
2018-11-01 19:29:43,966-mp_log-INFO-玉颜堂模板操作成功,模板名称11-01 商家版1.1.32
2018-11-01 19:29:45,188-mp_log-INFO-金美源模板操作成功,模板名称11-01 商家版1.1.32
2018-11-01 19:29:46,217-mp_log-INFO-爱玛仕嘉模板操作成功,模板名称11-01 商家版1.1.32
2018-11-01 19:29:47,056-mp_log-INFO-智能科技美店模板操作成功,模板名称11-01 商家版1.1.32
2018-11-01 19:29:48,324-mp_log-INFO-欧妮薇模板操作成功,模板名称11-01 商家版1.1.32
2018-11-01 19:29:49,082-mp_log-INFO-成都净美天使模板操作成功,模板名称11-01 商家版1.1.32
2018-11-01 19:29:49,969-mp_log-INFO-美姿来就美模板操作成功,模板名称11-01 商家版1.1.32
2018-11-01 19:29:50,931-mp_log-INFO-IVY艾菲芭模板操作成功,模板名称11-01 商家版1.1.32
2018-11-01 19:29:51,990-mp_log-INFO-引导美体验店模板操作成功,模板名称11-01 商家版1.1.32
2018-11-01 19:29:52,984-mp_log-INFO-来了美雲会所模板操作成功,模板名称11-01 商家版1.1.32
2018-11-01 19:29:54,068-mp_log-INFO-SoBeauty模板操作成功,模板名称11-01 商家版1.1.32
2018-11-01 19:29:55,353-mp_log-INFO-蒙妮莎新美容模板操作成功,模板名称11-01 商家版1.1.32
2018-11-01 19:29:57,541-mp_log-INFO-筋生美模板操作成功,模板名称11-01 商家版1.1.32
2018-11-01 19:29:58,049-mp_log-INFO-来了美美吧模板操作成功,模板名称11-01 商家版1.1.32
2018-11-01 19:29:59,061-mp_log-INFO-金柏丽模板操作成功,模板名称11-01 商家版1.1.32
2018-11-01 19:29:59,959-mp_log-INFO-长江九号模板操作成功,模板名称11-01 商家版1.1.32
2018-11-01 19:30:00,689-mp_log-INFO-优文专业脱毛模板操作成功,模板名称11-01 商家版1.1.32
2018-11-01 19:30:01,403-mp_log-INFO-天使国际模板操作成功,模板名称11-01 商家版1.1.32
2018-11-01 19:30:02,249-mp_log-INFO-如生堂模板操作成功,模板名称11-01 商家版1.1.32
2018-11-01 19:30:04,220-mp_log-INFO-贝施纤体模板操作成功,模板名称11-01 商家版1.1.32
2018-11-01 19:30:04,401-mp_log-INFO-梦田芳香Spa模板操作成功,模板名称11-01 商家版1.1.32
2018-11-01 19:30:05,086-mp_log-INFO-色彩纯姬模板操作成功,模板名称11-01 商家版1.1.32
2018-11-01 19:30:06,145-mp_log-INFO-红妆倾城模板操作成功,模板名称11-01 商家版1.1.32
2018-11-01 19:30:06,997-mp_log-INFO-丹阳圣莉斯歌模板操作成功,模板名称11-01 商家版1.1.32
2018-11-01 19:30:08,105-mp_log-INFO-金贵人Beauty模板操作成功,模板名称11-01 商家版1.1.32
2018-11-01 19:30:09,534-mp_log-INFO-芯语芳心模板操作成功,模板名称11-01 商家版1.1.32
2018-11-01 19:30:11,003-mp_log-INFO-还原美模板操作成功,模板名称11-01 商家版1.1.32
2018-11-01 19:30:11,231-mp_log-INFO-延颜美容模板操作成功,模板名称11-01 商家版1.1.32
2018-11-01 19:30:12,073-mp_log-INFO-缘临医疗美容模板操作成功,模板名称11-01 商家版1.1.32
2018-11-01 19:30:13,114-mp_log-INFO-梦圆皇宫模板操作成功,模板名称11-01 商家版1.1.32
2018-11-01 19:30:13,978-mp_log-INFO-恩雅模板操作成功,模板名称11-01 商家版1.1.32
2018-11-01 19:30:15,174-mp_log-INFO-QTWellBeing模板操作成功,模板名称11-01 商家版1.1.32
2018-11-01 19:30:17,569-mp_log-INFO-DR美研博士模板操作成功,模板名称11-01 商家版1.1.32
2018-11-01 19:30:18,684-mp_log-INFO-東美人儿模板操作成功,模板名称11-01 商家版1.1.32
2018-11-01 19:30:19,007-mp_log-INFO-女秀才模板操作成功,模板名称11-01 商家版1.1.32
2018-11-01 19:30:19,622-mp_log-INFO-承昱医疗模板操作成功,模板名称11-01 商家版1.1.32
2018-11-01 19:30:20,509-mp_log-INFO-斓悦庭模板操作成功,模板名称11-01 商家版1.1.32
2018-11-01 19:30:21,374-mp_log-INFO-美迩美模板操作成功,模板名称11-01 商家版1.1.32
2018-11-01 19:30:22,059-mp_log-INFO-唯美童妍模板操作成功,模板名称11-01 商家版1.1.32
2018-11-01 19:30:23,304-mp_log-INFO-BV美聚模板操作成功,模板名称11-01 商家版1.1.32
2018-11-01 19:30:24,152-mp_log-INFO-健丽宝美容模板操作成功,模板名称11-01 商家版1.1.32
2018-11-01 19:30:25,029-mp_log-INFO-掌上美管家A模板操作成功,模板名称11-01 商家版1.1.32
2018-11-01 19:30:26,169-mp_log-INFO-博妍集美模板操作成功,模板名称11-01 商家版1.1.32
2018-11-01 19:30:27,317-mp_log-INFO-雅涛世家模板操作成功,模板名称11-01 商家版1.1.32
2018-11-01 19:30:28,076-mp_log-INFO-双妹美容模板操作成功,模板名称11-01 商家版1.1.32
2018-11-01 19:30:29,143-mp_log-INFO-呈悦医疗模板操作成功,模板名称11-01 商家版1.1.32
2018-11-01 19:30:30,147-mp_log-INFO-来了美千丝美模板操作成功,模板名称11-01 商家版1.1.32
2018-11-01 19:30:31,146-mp_log-INFO-世纪之春模板操作成功,模板名称11-01 商家版1.1.32
2018-11-01 19:30:32,361-mp_log-INFO-雅梵GO美模板操作成功,模板名称11-01 商家版1.1.32
2018-11-01 19:30:32,997-mp_log-INFO-女主角美容模板操作成功,模板名称11-01 商家版1.1.32
2018-11-01 19:30:34,590-mp_log-INFO-来了就体验账模板操作成功,模板名称11-01 商家版1.1.32
2018-11-01 19:30:34,911-mp_log-INFO-弘粹堂模板操作成功,模板名称11-01 商家版1.1.32
2018-11-01 19:30:36,529-mp_log-INFO-乐聚模板操作成功,模板名称11-01 商家版1.1.32
2018-11-01 19:30:37,069-mp_log-INFO-诗芙侬模板操作成功,模板名称11-01 商家版1.1.32
2018-11-01 19:30:38,038-mp_log-INFO-沧州美美达模板操作成功,模板名称11-01 商家版1.1.32
2018-11-01 19:30:39,635-mp_log-INFO-妮娜形象管理模板操作成功,模板名称11-01 商家版1.1.32
2018-11-01 19:30:40,032-mp_log-INFO-赢美肌模板操作成功,模板名称11-01 商家版1.1.32
2018-11-01 19:30:40,999-mp_log-INFO-馨境堂模板操作成功,模板名称11-01 商家版1.1.32
2018-11-01 19:30:42,244-mp_log-INFO-良沐健康管理模板操作成功,模板名称11-01 商家版1.1.32
2018-11-01 19:30:43,371-mp_log-INFO-果蔬美容模板操作成功,模板名称11-01 商家版1.1.32
2018-11-01 19:30:44,097-mp_log-INFO-贝兰思模板操作成功,模板名称11-01 商家版1.1.32
2018-11-01 19:30:45,332-mp_log-INFO-东方秀丽模板操作成功,模板名称11-01 商家版1.1.32
2018-11-01 19:30:46,220-mp_log-INFO-欧丽薇模板操作成功,模板名称11-01 商家版1.1.32
