2018-11-07 19:22:32,214-Getlogin-INFO-登录成功，获取mp端token.....
2018-11-07 19:22:32,217-mp_log-INFO-token获取成功......
2018-11-07 19:22:44,483-mp_log-INFO-获取所有小程序信息成功......
2018-11-07 19:22:45,084-mp_log-INFO-获取最新模板信息成功.......
2018-11-07 19:22:48,117-mp_log-INFO-环亚美容模板操作成功,模板名称11-07商家版1.1.34
2018-11-07 19:22:48,184-mp_log-ERROR-GOGOBeauty操作失败,失败原因{'status': 500, 'msg': '此管理中心未授权开放平台'}
2018-11-07 19:22:49,024-mp_log-INFO-诺研皮肤管理模板操作成功,模板名称11-07商家版1.1.34
2018-11-07 19:22:50,208-mp_log-ERROR-sdfdsfdsf操作失败,失败原因{'status': 500, 'msg': '此管理中心未授权开放平台'}
2018-11-07 19:22:51,121-mp_log-INFO-绿苑女子模板操作成功,模板名称11-07商家版1.1.34
2018-11-07 19:22:52,996-mp_log-INFO-广州七号驻颜模板操作成功,模板名称11-07商家版1.1.34
2018-11-07 19:22:53,930-mp_log-INFO-曼奇莎模板操作成功,模板名称11-07商家版1.1.34
2018-11-07 19:22:54,922-mp_log-INFO-诗美逸模板操作成功,模板名称11-07商家版1.1.34
2018-11-07 19:22:55,962-mp_log-INFO-颐和美容模板操作成功,模板名称11-07商家版1.1.34
2018-11-07 19:22:57,093-mp_log-INFO-赫阁尔模板操作成功,模板名称11-07商家版1.1.34
2018-11-07 19:22:57,986-mp_log-INFO-草木缘模板操作成功,模板名称11-07商家版1.1.34
2018-11-07 19:22:59,025-mp_log-INFO-梦颜科美模板操作成功,模板名称11-07商家版1.1.34
2018-11-07 19:22:59,994-mp_log-INFO-都市点点模板操作成功,模板名称11-07商家版1.1.34
2018-11-07 19:23:00,967-mp_log-INFO-来了美佳澜店模板操作成功,模板名称11-07商家版1.1.34
2018-11-07 19:23:01,880-mp_log-INFO-润妃国际模板操作成功,模板名称11-07商家版1.1.34
2018-11-07 19:23:02,853-mp_log-INFO-灵动模板操作成功,模板名称11-07商家版1.1.34
2018-11-07 19:23:03,742-mp_log-INFO-康丽皇家模板操作成功,模板名称11-07商家版1.1.34
2018-11-07 19:23:05,128-mp_log-INFO-美丽驿站模板操作成功,模板名称11-07商家版1.1.34
2018-11-07 19:23:05,955-mp_log-INFO-美美昭彦模板操作成功,模板名称11-07商家版1.1.34
2018-11-07 19:23:06,925-mp_log-INFO-匠美JMBEAUTY模板操作成功,模板名称11-07商家版1.1.34
2018-11-07 19:23:07,298-mp_log-ERROR-市场演示专用操作失败,失败原因{'status': 500, 'msg': '此管理中心未授权开放平台'}
2018-11-07 19:23:08,216-mp_log-ERROR-薇美国际操作失败,失败原因{'status': 500, 'msg': '此管理中心未授权开放平台'}
2018-11-07 19:23:08,391-mp_log-INFO-HB美尚荟模板操作成功,模板名称11-07商家版1.1.34
2018-11-07 19:23:11,157-mp_log-INFO-爱睿熙国际模板操作成功,模板名称11-07商家版1.1.34
2018-11-07 19:23:12,219-mp_log-INFO-当今悦美模板操作成功,模板名称11-07商家版1.1.34
2018-11-07 19:23:13,375-mp_log-INFO-谦和国际模板操作成功,模板名称11-07商家版1.1.34
2018-11-07 19:23:14,050-mp_log-INFO-米蝶·快美吧模板操作成功,模板名称11-07商家版1.1.34
2018-11-07 19:23:14,965-mp_log-INFO-iBEATA贝娅塔模板操作成功,模板名称11-07商家版1.1.34
2018-11-07 19:23:16,934-mp_log-INFO-当代经典模板操作成功,模板名称11-07商家版1.1.34
2018-11-07 19:23:17,192-mp_log-INFO-菲常美模板操作成功,模板名称11-07商家版1.1.34
2018-11-07 19:23:17,969-mp_log-INFO-东方丽人模板操作成功,模板名称11-07商家版1.1.34
2018-11-07 19:23:18,771-mp_log-INFO-盛士兰模板操作成功,模板名称11-07商家版1.1.34
2018-11-07 19:23:19,952-mp_log-INFO-玫瑰坊模板操作成功,模板名称11-07商家版1.1.34
2018-11-07 19:23:20,873-mp_log-INFO-悠兰lyj模板操作成功,模板名称11-07商家版1.1.34
2018-11-07 19:23:21,943-mp_log-INFO-芊思雅莎莎模板操作成功,模板名称11-07商家版1.1.34
2018-11-07 19:23:22,916-mp_log-INFO-来就健康模板操作成功,模板名称11-07商家版1.1.34
2018-11-07 19:23:24,019-mp_log-INFO-恒美世纪模板操作成功,模板名称11-07商家版1.1.34
2018-11-07 19:23:24,769-mp_log-INFO-美人记Diary模板操作成功,模板名称11-07商家版1.1.34
2018-11-07 19:23:26,497-mp_log-INFO-美范·珺之屋模板操作成功,模板名称11-07商家版1.1.34
2018-11-07 19:23:26,738-mp_log-INFO-菲梵经典模板操作成功,模板名称11-07商家版1.1.34
2018-11-07 19:23:27,813-mp_log-INFO-悦芳泉SPA模板操作成功,模板名称11-07商家版1.1.34
2018-11-07 19:23:28,788-mp_log-INFO-爱美丽模板操作成功,模板名称11-07商家版1.1.34
2018-11-07 19:23:30,046-mp_log-INFO-漂亮如你模板操作成功,模板名称11-07商家版1.1.34
2018-11-07 19:23:30,934-mp_log-INFO-广西宝宝爱模板操作成功,模板名称11-07商家版1.1.34
2018-11-07 19:23:31,868-mp_log-INFO-虞诗蔓模板操作成功,模板名称11-07商家版1.1.34
2018-11-07 19:23:32,991-mp_log-INFO-Goonbeauty模板操作成功,模板名称11-07商家版1.1.34
2018-11-07 19:23:34,027-mp_log-INFO-唯艳美模板操作成功,模板名称11-07商家版1.1.34
2018-11-07 19:23:34,910-mp_log-INFO-吉美妍丽模板操作成功,模板名称11-07商家版1.1.34
2018-11-07 19:23:36,082-mp_log-INFO-雪依氏模板操作成功,模板名称11-07商家版1.1.34
2018-11-07 19:23:36,972-mp_log-INFO-书白美企模板操作成功,模板名称11-07商家版1.1.34
2018-11-07 19:23:37,936-mp_log-INFO-星美国际模板操作成功,模板名称11-07商家版1.1.34
2018-11-07 19:23:38,887-mp_log-INFO-霭伦恩美模板操作成功,模板名称11-07商家版1.1.34
2018-11-07 19:23:40,032-mp_log-INFO-来美吧模板操作成功,模板名称11-07商家版1.1.34
2018-11-07 19:23:40,996-mp_log-INFO-伊美朗模板操作成功,模板名称11-07商家版1.1.34
2018-11-07 19:23:42,468-mp_log-INFO-美美一生模板操作成功,模板名称11-07商家版1.1.34
2018-11-07 19:23:43,305-mp_log-INFO-佳婳天美模板操作成功,模板名称11-07商家版1.1.34
2018-11-07 19:23:43,822-mp_log-INFO-优年轻模板操作成功,模板名称11-07商家版1.1.34
2018-11-07 19:23:45,006-mp_log-INFO-易康国际模板操作成功,模板名称11-07商家版1.1.34
2018-11-07 19:23:46,005-mp_log-INFO-美美昭妍模板操作成功,模板名称11-07商家版1.1.34
2018-11-07 19:23:46,896-mp_log-INFO-佐登妮丝模板操作成功,模板名称11-07商家版1.1.34
2018-11-07 19:23:48,005-mp_log-INFO-阿星国际模板操作成功,模板名称11-07商家版1.1.34
2018-11-07 19:23:49,006-mp_log-INFO-娇阑美颜模板操作成功,模板名称11-07商家版1.1.34
2018-11-07 19:23:49,921-mp_log-INFO-爱女士模板操作成功,模板名称11-07商家版1.1.34
2018-11-07 19:23:51,026-mp_log-INFO-PS智能美肤模板操作成功,模板名称11-07商家版1.1.34
2018-11-07 19:23:51,843-mp_log-INFO-艾妍整形模板操作成功,模板名称11-07商家版1.1.34
2018-11-07 19:23:52,897-mp_log-INFO-珍珍美容模板操作成功,模板名称11-07商家版1.1.34
2018-11-07 19:23:53,995-mp_log-INFO-巴黎情缘模板操作成功,模板名称11-07商家版1.1.34
2018-11-07 19:23:54,755-mp_log-INFO-百合春天模板操作成功,模板名称11-07商家版1.1.34
2018-11-07 19:23:55,749-mp_log-INFO-梅兰丽人模板操作成功,模板名称11-07商家版1.1.34
2018-11-07 19:23:57,490-mp_log-INFO-燕燕尊尚美容模板操作成功,模板名称11-07商家版1.1.34
2018-11-07 19:23:58,062-mp_log-INFO-雅致璇肌模板操作成功,模板名称11-07商家版1.1.34
2018-11-07 19:23:59,089-mp_log-INFO-诗露丽涵模板操作成功,模板名称11-07商家版1.1.34
2018-11-07 19:23:59,982-mp_log-INFO-东方仕典模板操作成功,模板名称11-07商家版1.1.34
2018-11-07 19:24:01,943-mp_log-INFO-韩流美美店模板操作成功,模板名称11-07商家版1.1.34
2018-11-07 19:24:02,583-mp_log-INFO-月瘦月美模板操作成功,模板名称11-07商家版1.1.34
2018-11-07 19:24:03,196-mp_log-INFO-年轻我可以模板操作成功,模板名称11-07商家版1.1.34
2018-11-07 19:24:04,170-mp_log-INFO-精工皇族模板操作成功,模板名称11-07商家版1.1.34
2018-11-07 19:24:06,218-mp_log-INFO-兴美源模板操作成功,模板名称11-07商家版1.1.34
2018-11-07 19:24:07,023-mp_log-INFO-明剪一秀模板操作成功,模板名称11-07商家版1.1.34
2018-11-07 19:24:07,634-mp_log-INFO-深圳丝客富模板操作成功,模板名称11-07商家版1.1.34
2018-11-07 19:24:08,676-mp_log-INFO-琉璃水城模板操作成功,模板名称11-07商家版1.1.34
2018-11-07 19:24:09,558-mp_log-INFO-栢草源模板操作成功,模板名称11-07商家版1.1.34
2018-11-07 19:24:10,572-mp_log-INFO-杭州东方整形模板操作成功,模板名称11-07商家版1.1.34
2018-11-07 19:24:11,831-mp_log-INFO-ONI速美模板操作成功,模板名称11-07商家版1.1.34
2018-11-07 19:24:12,901-mp_log-INFO-YAN健康•美+模板操作成功,模板名称11-07商家版1.1.34
2018-11-07 19:24:13,792-mp_log-INFO-MMbeauty模板操作成功,模板名称11-07商家版1.1.34
2018-11-07 19:24:14,523-mp_log-INFO-美共享模板操作成功,模板名称11-07商家版1.1.34
2018-11-07 19:24:15,597-mp_log-INFO-靓佳人模板操作成功,模板名称11-07商家版1.1.34
2018-11-07 19:24:17,113-mp_log-INFO-ME智慧美店模板操作成功,模板名称11-07商家版1.1.34
2018-11-07 19:24:17,448-mp_log-INFO-二院美丽之约模板操作成功,模板名称11-07商家版1.1.34
2018-11-07 19:24:18,613-mp_log-INFO-紫舟美业模板操作成功,模板名称11-07商家版1.1.34
2018-11-07 19:24:19,402-mp_log-INFO-南洋beauty模板操作成功,模板名称11-07商家版1.1.34
2018-11-07 19:24:20,576-mp_log-INFO-阿芙洛蒂模板操作成功,模板名称11-07商家版1.1.34
2018-11-07 19:24:21,927-mp_log-INFO-来了美标榜店模板操作成功,模板名称11-07商家版1.1.34
2018-11-07 19:24:23,158-mp_log-INFO-美德福模板操作成功,模板名称11-07商家版1.1.34
2018-11-07 19:24:23,558-mp_log-INFO-岳灵生发模板操作成功,模板名称11-07商家版1.1.34
2018-11-07 19:24:24,745-mp_log-INFO-美姿源模板操作成功,模板名称11-07商家版1.1.34
2018-11-07 19:24:25,627-mp_log-INFO-维多丽雅模板操作成功,模板名称11-07商家版1.1.34
2018-11-07 19:24:26,988-mp_log-INFO-雅典娜模板操作成功,模板名称11-07商家版1.1.34
2018-11-07 19:24:27,841-mp_log-ERROR-光速美操作失败,失败原因{'status': 500, 'msg': '此管理中心未授权开放平台'}
2018-11-07 19:24:28,001-mp_log-INFO-杭州桐雅模板操作成功,模板名称11-07商家版1.1.34
2018-11-07 19:24:28,456-mp_log-INFO-妃香伊丹模板操作成功,模板名称11-07商家版1.1.34
2018-11-07 19:24:30,882-mp_log-INFO-张氏纳然姬朵模板操作成功,模板名称11-07商家版1.1.34
2018-11-07 19:24:31,693-mp_log-INFO-魅力华健模板操作成功,模板名称11-07商家版1.1.34
2018-11-07 19:24:32,396-mp_log-INFO-圣水伊人模板操作成功,模板名称11-07商家版1.1.34
2018-11-07 19:24:33,514-mp_log-INFO-窈窕淑女模板操作成功,模板名称11-07商家版1.1.34
2018-11-07 19:24:34,549-mp_log-INFO-绮莉尔智能美模板操作成功,模板名称11-07商家版1.1.34
2018-11-07 19:24:35,724-mp_log-INFO-香密雅CIMIA模板操作成功,模板名称11-07商家版1.1.34
2018-11-07 19:24:36,801-mp_log-INFO-妍雅媛模板操作成功,模板名称11-07商家版1.1.34
2018-11-07 19:24:37,546-mp_log-INFO-来了美模板操作成功,模板名称11-07商家版1.1.34
2018-11-07 19:24:38,612-mp_log-INFO-云立方模板操作成功,模板名称11-07商家版1.1.34
2018-11-07 19:24:39,827-mp_log-INFO-轻医美模板操作成功,模板名称11-07商家版1.1.34
2018-11-07 19:24:40,852-mp_log-INFO-世纪春天模板操作成功,模板名称11-07商家版1.1.34
2018-11-07 19:24:42,173-mp_log-INFO-贵妇人模板操作成功,模板名称11-07商家版1.1.34
2018-11-07 19:24:42,836-mp_log-INFO-BabyBeauty模板操作成功,模板名称11-07商家版1.1.34
2018-11-07 19:24:43,700-mp_log-INFO-奇遇青春模板操作成功,模板名称11-07商家版1.1.34
2018-11-07 19:24:44,486-mp_log-INFO-来了美韩尚恩模板操作成功,模板名称11-07商家版1.1.34
2018-11-07 19:24:46,002-mp_log-INFO-纤指百媚模板操作成功,模板名称11-07商家版1.1.34
2018-11-07 19:24:46,456-mp_log-INFO-美之颜模板操作成功,模板名称11-07商家版1.1.34
2018-11-07 19:24:47,645-mp_log-INFO-GOGOBeauty模板操作成功,模板名称11-07商家版1.1.34
2018-11-07 19:24:48,613-mp_log-INFO-郦芙蓉beauty模板操作成功,模板名称11-07商家版1.1.34
2018-11-07 19:24:49,636-mp_log-INFO-氢颜轻奢美肤模板操作成功,模板名称11-07商家版1.1.34
2018-11-07 19:24:50,601-mp_log-INFO-玫香源模板操作成功,模板名称11-07商家版1.1.34
2018-11-07 19:24:51,556-mp_log-INFO-香住SPA模板操作成功,模板名称11-07商家版1.1.34
2018-11-07 19:24:52,439-mp_log-INFO-依蔻依美模板操作成功,模板名称11-07商家版1.1.34
2018-11-07 19:24:53,545-mp_log-INFO-佰味女人模板操作成功,模板名称11-07商家版1.1.34
2018-11-07 19:24:54,528-mp_log-INFO-黄氏百佳模板操作成功,模板名称11-07商家版1.1.34
2018-11-07 19:24:55,600-mp_log-INFO-创美雅香莱模板操作成功,模板名称11-07商家版1.1.34
2018-11-07 19:24:56,666-mp_log-INFO-艾面一族 模板操作成功,模板名称11-07商家版1.1.34
2018-11-07 19:24:57,793-mp_log-INFO-涣美医疗模板操作成功,模板名称11-07商家版1.1.34
2018-11-07 19:24:58,631-mp_log-INFO-植美SPA模板操作成功,模板名称11-07商家版1.1.34
2018-11-07 19:25:00,626-mp_log-INFO-曼姿模板操作成功,模板名称11-07商家版1.1.34
2018-11-07 19:25:01,626-mp_log-INFO-美丽九九模板操作成功,模板名称11-07商家版1.1.34
2018-11-07 19:25:01,882-mp_log-INFO-百分国际美容模板操作成功,模板名称11-07商家版1.1.34
2018-11-07 19:25:02,612-mp_log-INFO-千颂伊美学中心模板操作成功,模板名称11-07商家版1.1.34
2018-11-07 19:25:03,807-mp_log-INFO-艾尚美美哒模板操作成功,模板名称11-07商家版1.1.34
2018-11-07 19:25:05,098-mp_log-INFO-玉颜堂模板操作成功,模板名称11-07商家版1.1.34
2018-11-07 19:25:05,659-mp_log-INFO-金美源模板操作成功,模板名称11-07商家版1.1.34
2018-11-07 19:25:06,965-mp_log-INFO-爱玛仕嘉模板操作成功,模板名称11-07商家版1.1.34
2018-11-07 19:25:07,803-mp_log-INFO-智能科技美店模板操作成功,模板名称11-07商家版1.1.34
2018-11-07 19:25:09,213-mp_log-INFO-欧妮薇模板操作成功,模板名称11-07商家版1.1.34
2018-11-07 19:25:10,885-mp_log-INFO-成都净美天使模板操作成功,模板名称11-07商家版1.1.34
2018-11-07 19:25:11,226-mp_log-INFO-美姿来就美模板操作成功,模板名称11-07商家版1.1.34
2018-11-07 19:25:11,573-mp_log-INFO-IVY艾菲芭模板操作成功,模板名称11-07商家版1.1.34
2018-11-07 19:25:12,883-mp_log-INFO-引导美体验店模板操作成功,模板名称11-07商家版1.1.34
2018-11-07 19:25:13,970-mp_log-INFO-来了美雲会所模板操作成功,模板名称11-07商家版1.1.34
2018-11-07 19:25:14,593-mp_log-INFO-SoBeauty模板操作成功,模板名称11-07商家版1.1.34
2018-11-07 19:25:15,867-mp_log-INFO-蒙妮莎新美容模板操作成功,模板名称11-07商家版1.1.34
2018-11-07 19:25:17,185-mp_log-INFO-筋生美模板操作成功,模板名称11-07商家版1.1.34
2018-11-07 19:25:17,424-mp_log-INFO-来了美美吧模板操作成功,模板名称11-07商家版1.1.34
2018-11-07 19:25:18,595-mp_log-INFO-金柏丽模板操作成功,模板名称11-07商家版1.1.34
2018-11-07 19:25:19,534-mp_log-INFO-长江九号模板操作成功,模板名称11-07商家版1.1.34
2018-11-07 19:25:21,024-mp_log-INFO-优文专业脱毛模板操作成功,模板名称11-07商家版1.1.34
2018-11-07 19:25:21,843-mp_log-INFO-天使国际模板操作成功,模板名称11-07商家版1.1.34
2018-11-07 19:25:22,859-mp_log-INFO-如生堂模板操作成功,模板名称11-07商家版1.1.34
2018-11-07 19:25:23,820-mp_log-INFO-梦田芳香Spa模板操作成功,模板名称11-07商家版1.1.34
2018-11-07 19:25:24,589-mp_log-INFO-贝施纤体模板操作成功,模板名称11-07商家版1.1.34
2018-11-07 19:25:26,075-mp_log-INFO-色彩纯姬模板操作成功,模板名称11-07商家版1.1.34
2018-11-07 19:25:26,649-mp_log-INFO-红妆倾城模板操作成功,模板名称11-07商家版1.1.34
2018-11-07 19:25:27,581-mp_log-INFO-丹阳圣莉斯歌模板操作成功,模板名称11-07商家版1.1.34
2018-11-07 19:25:28,499-mp_log-INFO-金贵人Beauty模板操作成功,模板名称11-07商家版1.1.34
2018-11-07 19:25:29,592-mp_log-INFO-芯语芳心模板操作成功,模板名称11-07商家版1.1.34
2018-11-07 19:25:30,790-mp_log-INFO-还原美模板操作成功,模板名称11-07商家版1.1.34
2018-11-07 19:25:31,602-mp_log-INFO-延颜美容模板操作成功,模板名称11-07商家版1.1.34
2018-11-07 19:25:32,571-mp_log-INFO-缘临医疗美容模板操作成功,模板名称11-07商家版1.1.34
2018-11-07 19:25:33,636-mp_log-INFO-梦圆皇宫模板操作成功,模板名称11-07商家版1.1.34
2018-11-07 19:25:34,474-mp_log-INFO-美了就来模板操作成功,模板名称11-07商家版1.1.34
2018-11-07 19:25:35,616-mp_log-INFO-恩雅模板操作成功,模板名称11-07商家版1.1.34
2018-11-07 19:25:36,619-mp_log-INFO-YoungDream模板操作成功,模板名称11-07商家版1.1.34
2018-11-07 19:25:37,870-mp_log-INFO-DR美研博士模板操作成功,模板名称11-07商家版1.1.34
2018-11-07 19:25:38,679-mp_log-INFO-女秀才模板操作成功,模板名称11-07商家版1.1.34
2018-11-07 19:25:39,638-mp_log-INFO-東美人儿模板操作成功,模板名称11-07商家版1.1.34
2018-11-07 19:25:40,536-mp_log-INFO-承昱医疗模板操作成功,模板名称11-07商家版1.1.34
2018-11-07 19:25:41,782-mp_log-INFO-斓悦庭模板操作成功,模板名称11-07商家版1.1.34
2018-11-07 19:25:42,626-mp_log-INFO-美迩美整形模板操作成功,模板名称11-07商家版1.1.34
2018-11-07 19:25:43,483-mp_log-INFO-唯美童妍模板操作成功,模板名称11-07商家版1.1.34
2018-11-07 19:25:44,941-mp_log-INFO-BV美聚模板操作成功,模板名称11-07商家版1.1.34
2018-11-07 19:25:45,612-mp_log-INFO-健丽宝美容模板操作成功,模板名称11-07商家版1.1.34
2018-11-07 19:25:46,526-mp_log-INFO-掌上美管家A模板操作成功,模板名称11-07商家版1.1.34
2018-11-07 19:25:47,731-mp_log-INFO-博妍集美模板操作成功,模板名称11-07商家版1.1.34
2018-11-07 19:25:48,714-mp_log-INFO-雅涛世家模板操作成功,模板名称11-07商家版1.1.34
2018-11-07 19:25:49,436-mp_log-INFO-双妹美容模板操作成功,模板名称11-07商家版1.1.34
2018-11-07 19:25:50,566-mp_log-INFO-呈悦医疗模板操作成功,模板名称11-07商家版1.1.34
2018-11-07 19:25:51,608-mp_log-INFO-来了美千丝美模板操作成功,模板名称11-07商家版1.1.34
2018-11-07 19:25:52,438-mp_log-INFO-世纪之春模板操作成功,模板名称11-07商家版1.1.34
2018-11-07 19:25:53,556-mp_log-INFO-雅梵GO美模板操作成功,模板名称11-07商家版1.1.34
2018-11-07 19:25:54,629-mp_log-INFO-女主角美容模板操作成功,模板名称11-07商家版1.1.34
2018-11-07 19:25:55,769-mp_log-INFO-来了就体验账模板操作成功,模板名称11-07商家版1.1.34
2018-11-07 19:25:56,741-mp_log-INFO-弘粹堂模板操作成功,模板名称11-07商家版1.1.34
2018-11-07 19:25:58,020-mp_log-INFO-环球美容模板操作成功,模板名称11-07商家版1.1.34
2018-11-07 19:25:59,127-mp_log-INFO-乐聚模板操作成功,模板名称11-07商家版1.1.34
2018-11-07 19:25:59,662-mp_log-INFO-诗芙侬模板操作成功,模板名称11-07商家版1.1.34
2018-11-07 19:26:01,712-mp_log-INFO-沧州美美达模板操作成功,模板名称11-07商家版1.1.34
2018-11-07 19:26:01,713-mp_log-INFO-妮娜形象管理模板操作成功,模板名称11-07商家版1.1.34
2018-11-07 19:26:02,655-mp_log-INFO-赢美肌模板操作成功,模板名称11-07商家版1.1.34
2018-11-07 19:26:03,727-mp_log-INFO-馨境堂模板操作成功,模板名称11-07商家版1.1.34
2018-11-07 19:26:04,927-mp_log-INFO-良沐健康管理模板操作成功,模板名称11-07商家版1.1.34
2018-11-07 19:26:05,934-mp_log-INFO-果蔬美容模板操作成功,模板名称11-07商家版1.1.34
2018-11-07 19:26:06,581-mp_log-INFO-贝兰思模板操作成功,模板名称11-07商家版1.1.34
2018-11-07 19:26:08,183-mp_log-INFO-东方秀丽模板操作成功,模板名称11-07商家版1.1.34
2018-11-07 19:26:09,020-mp_log-INFO-欧丽薇模板操作成功,模板名称11-07商家版1.1.34
