2018-11-28 20:25:11,007-Getlogin-ERROR-'token'
2018-11-28 20:25:11,009-mp_log-INFO-token获取成功......
2018-11-28 20:25:27,183-mp_log-INFO-获取所有小程序信息成功......
2018-11-28 20:25:27,671-mp_log-INFO-获取最新模板信息成功.......
2018-11-28 20:25:28,778-mp_log-INFO-审核失败
2018-11-28 20:25:29,291-mp_log-INFO-审核失败
2018-11-28 20:25:29,399-mp_log-INFO-已审核
2018-11-28 20:25:30,645-mp_log-INFO-已审核
2018-11-28 20:25:30,664-mp_log-INFO-已审核
2018-11-28 20:25:30,908-mp_log-INFO-审核失败
2018-11-28 20:25:31,155-mp_log-INFO-审核失败
2018-11-28 20:25:31,488-mp_log-INFO-审核失败
2018-11-28 20:25:32,005-mp_log-INFO-审核失败
2018-11-28 20:25:32,153-mp_log-INFO-已审核
2018-11-28 20:25:32,722-mp_log-INFO-已审核
2018-11-28 20:25:33,026-mp_log-INFO-已审核
2018-11-28 20:25:33,355-mp_log-INFO-审核失败
2018-11-28 20:25:33,557-mp_log-INFO-审核失败
2018-11-28 20:25:33,611-mp_log-INFO-已审核
2018-11-28 20:25:34,047-mp_log-INFO-已审核
2018-11-28 20:25:34,508-mp_log-INFO-已审核
2018-11-28 20:25:34,795-mp_log-INFO-已审核
2018-11-28 20:25:35,090-mp_log-INFO-已审核
2018-11-28 20:25:36,179-mp_log-INFO-已审核
2018-11-28 20:25:36,315-mp_log-INFO-已审核
2018-11-28 20:25:36,350-mp_log-INFO-已审核
2018-11-28 20:25:37,083-mp_log-INFO-已审核
2018-11-28 20:25:37,218-mp_log-INFO-审核失败
2018-11-28 20:25:37,448-mp_log-INFO-已审核
2018-11-28 20:25:37,719-mp_log-INFO-已审核
2018-11-28 20:25:38,029-mp_log-INFO-已审核
2018-11-28 20:25:38,073-mp_log-INFO-审核失败
2018-11-28 20:25:38,458-mp_log-INFO-审核失败
2018-11-28 20:25:38,694-mp_log-INFO-审核失败
2018-11-28 20:25:38,905-mp_log-INFO-已审核
2018-11-28 20:25:39,013-mp_log-INFO-已审核
2018-11-28 20:25:39,239-mp_log-INFO-已审核
2018-11-28 20:25:39,814-mp_log-INFO-已审核
2018-11-28 20:25:40,218-mp_log-INFO-审核失败
2018-11-28 20:25:40,556-mp_log-INFO-已审核
2018-11-28 20:25:40,811-mp_log-INFO-已审核
2018-11-28 20:25:41,066-mp_log-INFO-已审核
2018-11-28 20:25:41,275-mp_log-INFO-已审核
2018-11-28 20:25:41,299-mp_log-INFO-已审核
2018-11-28 20:25:41,990-mp_log-INFO-已审核
2018-11-28 20:25:42,550-mp_log-INFO-审核失败
2018-11-28 20:25:43,187-mp_log-INFO-审核失败
2018-11-28 20:25:44,841-mp_log-INFO-已审核
2018-11-28 20:25:44,934-mp_log-INFO-已审核
2018-11-28 20:25:45,046-mp_log-INFO-审核失败
2018-11-28 20:25:45,819-mp_log-INFO-已审核
2018-11-28 20:25:46,166-mp_log-INFO-审核失败
2018-11-28 20:25:46,177-mp_log-INFO-已审核
2018-11-28 20:25:46,295-mp_log-INFO-已审核
2018-11-28 20:25:46,591-mp_log-INFO-审核失败
2018-11-28 20:25:46,654-mp_log-INFO-已审核
2018-11-28 20:25:47,200-mp_log-INFO-已审核
2018-11-28 20:25:47,413-mp_log-INFO-已审核
2018-11-28 20:25:47,720-mp_log-INFO-审核失败
2018-11-28 20:25:47,759-mp_log-INFO-已审核
2018-11-28 20:25:48,009-mp_log-INFO-审核失败
2018-11-28 20:25:48,249-mp_log-INFO-已审核
2018-11-28 20:25:48,388-mp_log-INFO-已审核
2018-11-28 20:25:48,751-mp_log-INFO-已审核
2018-11-28 20:25:49,058-mp_log-INFO-审核失败
2018-11-28 20:25:49,144-mp_log-INFO-审核失败
2018-11-28 20:25:49,148-mp_log-INFO-已审核
2018-11-28 20:25:49,467-mp_log-INFO-审核失败
2018-11-28 20:25:49,672-mp_log-INFO-已审核
2018-11-28 20:25:49,814-mp_log-INFO-审核失败
2018-11-28 20:25:50,286-mp_log-INFO-已审核
2018-11-28 20:25:50,466-mp_log-INFO-审核失败
2018-11-28 20:25:50,811-mp_log-INFO-审核失败
2018-11-28 20:25:51,068-mp_log-INFO-审核失败
2018-11-28 20:25:51,340-mp_log-INFO-已审核
2018-11-28 20:25:52,148-mp_log-INFO-已审核
2018-11-28 20:25:52,580-mp_log-INFO-已审核
2018-11-28 20:25:52,752-mp_log-INFO-已审核
2018-11-28 20:25:53,194-mp_log-INFO-已审核
2018-11-28 20:25:53,863-mp_log-INFO-已审核
2018-11-28 20:25:53,965-mp_log-INFO-已审核
2018-11-28 20:25:54,268-mp_log-INFO-已审核
2018-11-28 20:25:54,308-mp_log-INFO-已审核
2018-11-28 20:25:54,790-mp_log-INFO-审核失败
2018-11-28 20:25:55,260-mp_log-INFO-已审核
2018-11-28 20:25:55,363-mp_log-INFO-已审核
2018-11-28 20:25:55,501-mp_log-INFO-已审核
2018-11-28 20:25:55,865-mp_log-INFO-已审核
2018-11-28 20:25:56,151-mp_log-INFO-已审核
2018-11-28 20:25:56,197-mp_log-INFO-审核失败
2018-11-28 20:25:56,374-mp_log-INFO-已审核
2018-11-28 20:25:56,627-mp_log-INFO-审核失败
2018-11-28 20:25:56,752-mp_log-INFO-已审核
2018-11-28 20:25:57,301-mp_log-INFO-已审核
2018-11-28 20:25:57,656-mp_log-INFO-审核失败
2018-11-28 20:25:57,908-mp_log-INFO-审核失败
2018-11-28 20:25:58,057-mp_log-INFO-已审核
2018-11-28 20:25:58,089-mp_log-INFO-已审核
2018-11-28 20:25:58,799-mp_log-INFO-审核失败
2018-11-28 20:25:58,969-mp_log-INFO-已审核
2018-11-28 20:25:59,704-mp_log-INFO-已审核
2018-11-28 20:25:59,715-mp_log-INFO-审核失败
2018-11-28 20:25:59,794-mp_log-INFO-已审核
2018-11-28 20:26:00,321-mp_log-INFO-已审核
2018-11-28 20:26:00,664-mp_log-INFO-审核失败
2018-11-28 20:26:01,100-mp_log-INFO-已审核
2018-11-28 20:26:01,176-mp_log-INFO-审核失败
2018-11-28 20:26:01,294-mp_log-INFO-审核失败
2018-11-28 20:26:01,456-mp_log-INFO-审核失败
2018-11-28 20:26:01,608-mp_log-INFO-审核失败
2018-11-28 20:26:02,146-mp_log-INFO-审核失败
2018-11-28 20:26:02,431-mp_log-INFO-审核失败
2018-11-28 20:26:02,764-mp_log-INFO-已审核
2018-11-28 20:26:03,356-mp_log-INFO-已审核
2018-11-28 20:26:03,619-mp_log-INFO-已审核
2018-11-28 20:26:04,068-mp_log-INFO-审核失败
2018-11-28 20:26:04,135-mp_log-INFO-审核失败
2018-11-28 20:26:04,299-mp_log-INFO-已审核
2018-11-28 20:26:04,612-mp_log-INFO-已审核
2018-11-28 20:26:04,851-mp_log-INFO-已审核
2018-11-28 20:26:05,223-mp_log-INFO-已审核
2018-11-28 20:26:05,414-mp_log-INFO-已审核
2018-11-28 20:26:05,729-mp_log-INFO-审核失败
2018-11-28 20:26:06,076-mp_log-INFO-已审核
2018-11-28 20:26:06,881-mp_log-INFO-已审核
2018-11-28 20:26:07,044-mp_log-INFO-审核失败
2018-11-28 20:26:07,329-mp_log-INFO-已审核
2018-11-28 20:26:07,576-mp_log-INFO-已审核
2018-11-28 20:26:07,591-mp_log-INFO-已审核
2018-11-28 20:26:07,876-mp_log-INFO-已审核
2018-11-28 20:26:08,199-mp_log-INFO-已审核
2018-11-28 20:26:08,473-mp_log-INFO-已审核
2018-11-28 20:26:09,252-mp_log-INFO-审核失败
2018-11-28 20:26:09,303-mp_log-INFO-已审核
2018-11-28 20:26:09,852-mp_log-INFO-审核失败
2018-11-28 20:26:09,930-mp_log-INFO-审核失败
2018-11-28 20:26:10,292-mp_log-INFO-审核失败
2018-11-28 20:26:10,556-mp_log-INFO-已审核
2018-11-28 20:26:10,837-mp_log-INFO-已审核
2018-11-28 20:26:11,094-mp_log-INFO-已审核
2018-11-28 20:26:11,662-mp_log-INFO-审核失败
2018-11-28 20:26:11,787-mp_log-INFO-已审核
2018-11-28 20:26:12,252-mp_log-INFO-已审核
2018-11-28 20:26:12,445-mp_log-INFO-已审核
2018-11-28 20:26:12,873-mp_log-INFO-已审核
2018-11-28 20:26:13,257-mp_log-INFO-审核失败
2018-11-28 20:26:13,831-mp_log-INFO-已审核
2018-11-28 20:26:14,147-mp_log-INFO-已审核
2018-11-28 20:26:14,455-mp_log-INFO-已审核
2018-11-28 20:26:14,589-mp_log-INFO-已审核
2018-11-28 20:26:14,728-mp_log-INFO-审核失败
2018-11-28 20:26:14,866-mp_log-INFO-已审核
2018-11-28 20:26:15,099-mp_log-INFO-审核失败
2018-11-28 20:26:15,434-mp_log-INFO-已审核
2018-11-28 20:26:15,765-mp_log-INFO-已审核
2018-11-28 20:26:15,905-mp_log-INFO-审核失败
2018-11-28 20:26:16,556-mp_log-INFO-已审核
2018-11-28 20:26:17,210-mp_log-INFO-审核失败
2018-11-28 20:26:17,669-mp_log-INFO-已审核
2018-11-28 20:26:17,883-mp_log-INFO-已审核
2018-11-28 20:26:18,058-mp_log-INFO-已审核
2018-11-28 20:26:18,108-mp_log-INFO-审核失败
2018-11-28 20:26:18,374-mp_log-INFO-审核失败
2018-11-28 20:26:18,696-mp_log-INFO-审核失败
2018-11-28 20:26:19,247-mp_log-INFO-已审核
2018-11-28 20:26:19,490-mp_log-INFO-已审核
2018-11-28 20:26:19,612-mp_log-INFO-已审核
2018-11-28 20:26:20,259-mp_log-INFO-已审核
2018-11-28 20:26:20,477-mp_log-INFO-审核失败
2018-11-28 20:26:20,913-mp_log-INFO-审核失败
2018-11-28 20:26:21,061-mp_log-INFO-审核失败
2018-11-28 20:26:21,173-mp_log-INFO-已审核
2018-11-28 20:26:21,739-mp_log-INFO-已审核
2018-11-28 20:26:22,224-mp_log-INFO-审核失败
2018-11-28 20:26:22,245-mp_log-INFO-已审核
2018-11-28 20:26:22,280-mp_log-INFO-已审核
2018-11-28 20:26:22,414-mp_log-INFO-已审核
2018-11-28 20:26:22,633-mp_log-INFO-已审核
2018-11-28 20:26:22,907-mp_log-INFO-已审核
2018-11-28 20:26:23,174-mp_log-INFO-已审核
2018-11-28 20:26:23,483-mp_log-INFO-已审核
2018-11-28 20:26:23,987-mp_log-INFO-审核失败
2018-11-28 20:26:24,078-mp_log-INFO-已审核
2018-11-28 20:26:24,381-mp_log-INFO-已审核
2018-11-28 20:26:24,668-mp_log-INFO-审核失败
2018-11-28 20:26:25,021-mp_log-INFO-审核失败
2018-11-28 20:26:25,416-mp_log-INFO-审核失败
2018-11-28 20:26:26,524-mp_log-INFO-已审核
2018-11-28 20:26:26,829-mp_log-INFO-已审核
2018-11-28 20:26:27,138-mp_log-INFO-已审核
2018-11-28 20:26:27,360-mp_log-INFO-已审核
2018-11-28 20:26:27,593-mp_log-INFO-已审核
2018-11-28 20:26:27,711-mp_log-INFO-已审核
2018-11-28 20:26:28,014-mp_log-INFO-已审核
2018-11-28 20:26:28,336-mp_log-INFO-已审核
2018-11-28 20:26:28,791-mp_log-INFO-已审核
2018-11-28 20:26:28,824-mp_log-INFO-已审核
2018-11-28 20:26:28,854-mp_log-INFO-已审核
2018-11-28 20:26:29,523-mp_log-INFO-已审核
2018-11-28 20:26:29,726-mp_log-INFO-已审核
2018-11-28 20:26:29,844-mp_log-INFO-已审核
2018-11-28 20:26:30,236-mp_log-INFO-已审核
2018-11-28 20:26:30,347-mp_log-INFO-已审核
2018-11-28 20:26:30,412-mp_log-INFO-已审核
2018-11-28 20:26:30,763-mp_log-INFO-已审核
2018-11-28 20:26:31,233-mp_log-INFO-已审核
2018-11-28 20:26:31,568-mp_log-INFO-审核失败
2018-11-28 20:26:32,091-mp_log-INFO-已审核
2018-11-28 20:26:32,203-mp_log-INFO-已审核
2018-11-28 20:26:32,467-mp_log-INFO-审核失败
2018-11-28 20:26:33,456-mp_log-INFO-已审核
2018-11-28 20:26:33,784-mp_log-INFO-已审核
2018-11-28 20:26:34,517-mp_log-INFO-已审核
