2018-11-29 10:23:27,184-Getlogin-ERROR-'token'
2018-11-29 10:23:27,187-mp_log-INFO-token获取成功......
2018-11-29 10:23:42,291-mp_log-INFO-获取所有小程序信息成功......
2018-11-29 10:23:42,809-mp_log-INFO-获取最新模板信息成功.......
2018-11-29 10:23:45,135-mp_log-ERROR-GOGOBeauty操作失败,失败原因{'status': 500, 'msg': '此管理中心未授权开放平台'}
2018-11-29 10:23:45,387-mp_log-INFO-环亚美容模板操作成功,模板名称1129 商家正式版
2018-11-29 10:23:45,666-mp_log-INFO-诺研皮肤管理模板操作成功,模板名称1129 商家正式版
2018-11-29 10:23:45,944-mp_log-ERROR-sdfdsfdsf操作失败,失败原因{'status': 500, 'msg': '此管理中心未授权开放平台'}
2018-11-29 10:23:46,233-mp_log-INFO-芳妍美容模板操作成功,模板名称1129 商家正式版
2018-11-29 10:23:47,016-mp_log-INFO-绿苑女子模板操作成功,模板名称1129 商家正式版
2018-11-29 10:23:48,555-mp_log-INFO-广州七号驻颜模板操作成功,模板名称1129 商家正式版
2018-11-29 10:23:48,806-mp_log-INFO-伊之花美容模板操作成功,模板名称1129 商家正式版
2018-11-29 10:23:49,134-mp_log-INFO-曼奇莎模板操作成功,模板名称1129 商家正式版
2018-11-29 10:23:49,899-mp_log-INFO-诗美逸模板操作成功,模板名称1129 商家正式版
2018-11-29 10:23:50,592-mp_log-INFO-赫阁尔模板操作成功,模板名称1129 商家正式版
2018-11-29 10:23:51,175-mp_log-INFO-草木缘模板操作成功,模板名称1129 商家正式版
2018-11-29 10:23:51,700-mp_log-INFO-漂亮宝贝模板操作成功,模板名称1129 商家正式版
2018-11-29 10:23:52,092-mp_log-INFO-梦颜科美模板操作成功,模板名称1129 商家正式版
2018-11-29 10:23:52,554-mp_log-INFO-都市点点模板操作成功,模板名称1129 商家正式版
2018-11-29 10:23:53,174-mp_log-INFO-颐和美容模板操作成功,模板名称1129 商家正式版
2018-11-29 10:23:53,196-mp_log-INFO-来了美佳澜店模板操作成功,模板名称1129 商家正式版
2018-11-29 10:23:53,975-mp_log-INFO-润妃国际模板操作成功,模板名称1129 商家正式版
2018-11-29 10:23:54,520-mp_log-INFO-灵动模板操作成功,模板名称1129 商家正式版
2018-11-29 10:23:55,448-mp_log-INFO-康丽皇家模板操作成功,模板名称1129 商家正式版
2018-11-29 10:23:55,979-mp_log-INFO-美丽驿站模板操作成功,模板名称1129 商家正式版
2018-11-29 10:23:56,123-mp_log-INFO-美美昭彦模板操作成功,模板名称1129 商家正式版
2018-11-29 10:23:56,604-mp_log-ERROR-市场演示专用操作失败,失败原因{'status': 500, 'msg': '此管理中心未授权开放平台'}
2018-11-29 10:23:56,614-mp_log-INFO-木子美甲美睫模板操作成功,模板名称1129 商家正式版
2018-11-29 10:23:56,749-mp_log-INFO-匠美JMBEAUTY模板操作成功,模板名称1129 商家正式版
2018-11-29 10:23:56,981-mp_log-INFO-HB美尚荟模板操作成功,模板名称1129 商家正式版
2018-11-29 10:23:58,133-mp_log-INFO-Youngface模板操作成功,模板名称1129 商家正式版
2018-11-29 10:23:58,587-mp_log-INFO-爱睿熙国际模板操作成功,模板名称1129 商家正式版
2018-11-29 10:23:59,263-mp_log-INFO-当今悦美模板操作成功,模板名称1129 商家正式版
2018-11-29 10:23:59,887-mp_log-INFO-谦和国际模板操作成功,模板名称1129 商家正式版
2018-11-29 10:24:00,131-mp_log-INFO-米蝶·快美吧模板操作成功,模板名称1129 商家正式版
2018-11-29 10:24:00,483-mp_log-INFO-iBEATA贝娅塔模板操作成功,模板名称1129 商家正式版
2018-11-29 10:24:01,614-mp_log-INFO-当代经典模板操作成功,模板名称1129 商家正式版
2018-11-29 10:24:01,937-mp_log-INFO-东方丽人模板操作成功,模板名称1129 商家正式版
2018-11-29 10:24:02,176-mp_log-INFO-菲常美模板操作成功,模板名称1129 商家正式版
2018-11-29 10:24:02,606-mp_log-INFO-盛士兰模板操作成功,模板名称1129 商家正式版
2018-11-29 10:24:03,191-mp_log-INFO-玫瑰坊模板操作成功,模板名称1129 商家正式版
2018-11-29 10:24:03,581-mp_log-INFO-悠兰lyj模板操作成功,模板名称1129 商家正式版
2018-11-29 10:24:04,046-mp_log-INFO-芊思雅莎莎模板操作成功,模板名称1129 商家正式版
2018-11-29 10:24:04,636-mp_log-INFO-来就健康模板操作成功,模板名称1129 商家正式版
2018-11-29 10:24:05,106-mp_log-INFO-恒美世纪模板操作成功,模板名称1129 商家正式版
2018-11-29 10:24:05,492-mp_log-INFO-美人记Diary模板操作成功,模板名称1129 商家正式版
2018-11-29 10:24:06,054-mp_log-INFO-美范·珺之屋模板操作成功,模板名称1129 商家正式版
2018-11-29 10:24:06,641-mp_log-INFO-菲梵经典模板操作成功,模板名称1129 商家正式版
2018-11-29 10:24:07,033-mp_log-INFO-悦芳泉SPA模板操作成功,模板名称1129 商家正式版
2018-11-29 10:24:07,829-mp_log-INFO-爱美丽模板操作成功,模板名称1129 商家正式版
2018-11-29 10:24:08,175-mp_log-INFO-漂亮如你模板操作成功,模板名称1129 商家正式版
2018-11-29 10:24:08,491-mp_log-INFO-广西宝宝爱模板操作成功,模板名称1129 商家正式版
2018-11-29 10:24:09,006-mp_log-INFO-虞诗蔓模板操作成功,模板名称1129 商家正式版
2018-11-29 10:24:09,445-mp_log-INFO-Goonbeauty模板操作成功,模板名称1129 商家正式版
2018-11-29 10:24:10,189-mp_log-INFO-唯艳美模板操作成功,模板名称1129 商家正式版
2018-11-29 10:24:10,946-mp_log-INFO-吉美妍丽模板操作成功,模板名称1129 商家正式版
2018-11-29 10:24:11,349-mp_log-INFO-雪依氏模板操作成功,模板名称1129 商家正式版
2018-11-29 10:24:11,609-mp_log-INFO-书白美企模板操作成功,模板名称1129 商家正式版
2018-11-29 10:24:12,011-mp_log-INFO-星美国际模板操作成功,模板名称1129 商家正式版
2018-11-29 10:24:12,666-mp_log-INFO-霭伦恩美模板操作成功,模板名称1129 商家正式版
2018-11-29 10:24:13,943-mp_log-INFO-伊美朗模板操作成功,模板名称1129 商家正式版
2018-11-29 10:24:13,985-mp_log-INFO-美美一生模板操作成功,模板名称1129 商家正式版
2018-11-29 10:24:14,191-mp_log-INFO-来美吧模板操作成功,模板名称1129 商家正式版
2018-11-29 10:24:14,538-mp_log-INFO-佳婳天美模板操作成功,模板名称1129 商家正式版
2018-11-29 10:24:15,048-mp_log-INFO-兴美源模板操作成功,模板名称1129 商家正式版
2018-11-29 10:24:15,556-mp_log-INFO-优年轻模板操作成功,模板名称1129 商家正式版
2018-11-29 10:24:16,320-mp_log-INFO-易康国际模板操作成功,模板名称1129 商家正式版
2018-11-29 10:24:16,563-mp_log-INFO-美美昭妍模板操作成功,模板名称1129 商家正式版
2018-11-29 10:24:17,180-mp_log-INFO-佐登妮丝模板操作成功,模板名称1129 商家正式版
2018-11-29 10:24:17,661-mp_log-INFO-阿星国际模板操作成功,模板名称1129 商家正式版
2018-11-29 10:24:18,175-mp_log-INFO-娇阑美颜模板操作成功,模板名称1129 商家正式版
2018-11-29 10:24:18,633-mp_log-INFO-爱女士模板操作成功,模板名称1129 商家正式版
2018-11-29 10:24:19,427-mp_log-INFO-PS智能美肤模板操作成功,模板名称1129 商家正式版
2018-11-29 10:24:19,614-mp_log-INFO-艾妍整形模板操作成功,模板名称1129 商家正式版
2018-11-29 10:24:20,126-mp_log-INFO-珍珍美容模板操作成功,模板名称1129 商家正式版
2018-11-29 10:24:21,318-mp_log-INFO-姿曼美容spa模板操作成功,模板名称1129 商家正式版
2018-11-29 10:24:21,666-mp_log-INFO-巴黎情缘模板操作成功,模板名称1129 商家正式版
2018-11-29 10:24:21,707-mp_log-INFO-百合春天模板操作成功,模板名称1129 商家正式版
2018-11-29 10:24:22,035-mp_log-INFO-梅兰丽人模板操作成功,模板名称1129 商家正式版
2018-11-29 10:24:22,816-mp_log-INFO-美由心生美惠模板操作成功,模板名称1129 商家正式版
2018-11-29 10:24:23,190-mp_log-INFO-燕燕尊尚美容模板操作成功,模板名称1129 商家正式版
2018-11-29 10:24:23,681-mp_log-INFO-雅致璇肌模板操作成功,模板名称1129 商家正式版
2018-11-29 10:24:24,219-mp_log-INFO-诗露丽涵模板操作成功,模板名称1129 商家正式版
2018-11-29 10:24:24,600-mp_log-INFO-东方仕典模板操作成功,模板名称1129 商家正式版
2018-11-29 10:24:25,141-mp_log-INFO-韩流美美店模板操作成功,模板名称1129 商家正式版
2018-11-29 10:24:25,693-mp_log-INFO-GOGO宝迪模板操作成功,模板名称1129 商家正式版
2018-11-29 10:24:26,378-mp_log-INFO-月瘦月美模板操作成功,模板名称1129 商家正式版
2018-11-29 10:24:26,681-mp_log-INFO-启程金典美业模板操作成功,模板名称1129 商家正式版
2018-11-29 10:24:27,563-mp_log-INFO-精工皇族模板操作成功,模板名称1129 商家正式版
2018-11-29 10:24:28,347-mp_log-INFO-明剪一秀模板操作成功,模板名称1129 商家正式版
2018-11-29 10:24:28,728-mp_log-INFO-深圳丝客富模板操作成功,模板名称1129 商家正式版
2018-11-29 10:24:29,279-mp_log-INFO-DuDuBeauty模板操作成功,模板名称1129 商家正式版
2018-11-29 10:24:29,820-mp_log-INFO-琉璃水城模板操作成功,模板名称1129 商家正式版
2018-11-29 10:24:30,210-mp_log-INFO-栢草源模板操作成功,模板名称1129 商家正式版
2018-11-29 10:24:30,682-mp_log-INFO-杭州东方整形模板操作成功,模板名称1129 商家正式版
2018-11-29 10:24:31,145-mp_log-INFO-ONI速美模板操作成功,模板名称1129 商家正式版
2018-11-29 10:24:31,821-mp_log-INFO-YAN健康•美+模板操作成功,模板名称1129 商家正式版
2018-11-29 10:24:32,278-mp_log-INFO-MMbeauty模板操作成功,模板名称1129 商家正式版
2018-11-29 10:24:32,821-mp_log-INFO-美共享模板操作成功,模板名称1129 商家正式版
2018-11-29 10:24:33,096-mp_log-INFO-靓佳人模板操作成功,模板名称1129 商家正式版
2018-11-29 10:24:33,705-mp_log-INFO-ME智慧美店模板操作成功,模板名称1129 商家正式版
2018-11-29 10:24:34,211-mp_log-INFO-二院美丽之约模板操作成功,模板名称1129 商家正式版
2018-11-29 10:24:34,682-mp_log-INFO-紫舟美业模板操作成功,模板名称1129 商家正式版
2018-11-29 10:24:35,096-mp_log-INFO-南洋beauty模板操作成功,模板名称1129 商家正式版
2018-11-29 10:24:35,745-mp_log-INFO-阿芙洛蒂模板操作成功,模板名称1129 商家正式版
2018-11-29 10:24:36,188-mp_log-INFO-来了美标榜店模板操作成功,模板名称1129 商家正式版
2018-11-29 10:24:36,599-mp_log-INFO-美德福模板操作成功,模板名称1129 商家正式版
2018-11-29 10:24:37,748-mp_log-INFO-美姿源模板操作成功,模板名称1129 商家正式版
2018-11-29 10:24:38,264-mp_log-INFO-维多丽雅模板操作成功,模板名称1129 商家正式版
2018-11-29 10:24:38,365-mp_log-INFO-岳灵生发模板操作成功,模板名称1129 商家正式版
2018-11-29 10:24:38,630-mp_log-ERROR-光速美操作失败,失败原因{'status': 500, 'msg': '此管理中心未授权开放平台'}
2018-11-29 10:24:38,709-mp_log-INFO-雅典娜模板操作成功,模板名称1129 商家正式版
2018-11-29 10:24:39,132-mp_log-INFO-杭州桐雅模板操作成功,模板名称1129 商家正式版
2018-11-29 10:24:39,819-mp_log-INFO-妃香伊丹模板操作成功,模板名称1129 商家正式版
2018-11-29 10:24:40,563-mp_log-INFO-张氏纳然姬朵模板操作成功,模板名称1129 商家正式版
2018-11-29 10:24:41,219-mp_log-INFO-魅力华健模板操作成功,模板名称1129 商家正式版
2018-11-29 10:24:41,654-mp_log-INFO-圣水伊人模板操作成功,模板名称1129 商家正式版
2018-11-29 10:24:42,232-mp_log-INFO-窈窕淑女模板操作成功,模板名称1129 商家正式版
2018-11-29 10:24:42,642-mp_log-INFO-绮莉尔智能美模板操作成功,模板名称1129 商家正式版
2018-11-29 10:24:43,293-mp_log-INFO-香密雅CIMIA模板操作成功,模板名称1129 商家正式版
2018-11-29 10:24:43,920-mp_log-INFO-妍雅媛模板操作成功,模板名称1129 商家正式版
2018-11-29 10:24:44,357-mp_log-INFO-来了美模板操作成功,模板名称1129 商家正式版
2018-11-29 10:24:44,653-mp_log-INFO-云立方模板操作成功,模板名称1129 商家正式版
2018-11-29 10:24:45,056-mp_log-INFO-轻医美模板操作成功,模板名称1129 商家正式版
2018-11-29 10:24:45,630-mp_log-INFO-世纪春天模板操作成功,模板名称1129 商家正式版
2018-11-29 10:24:46,302-mp_log-INFO-贵妇人模板操作成功,模板名称1129 商家正式版
2018-11-29 10:24:46,820-mp_log-INFO-BabyBeauty模板操作成功,模板名称1129 商家正式版
2018-11-29 10:24:47,168-mp_log-INFO-奇遇青春模板操作成功,模板名称1129 商家正式版
2018-11-29 10:24:47,822-mp_log-INFO-来了美韩尚恩模板操作成功,模板名称1129 商家正式版
2018-11-29 10:24:48,164-mp_log-INFO-纤指百媚模板操作成功,模板名称1129 商家正式版
2018-11-29 10:24:48,817-mp_log-INFO-美之颜模板操作成功,模板名称1129 商家正式版
2018-11-29 10:24:49,287-mp_log-INFO-GOGOBeauty模板操作成功,模板名称1129 商家正式版
2018-11-29 10:24:49,909-mp_log-INFO-贝琳菲美业模板操作成功,模板名称1129 商家正式版
2018-11-29 10:24:50,289-mp_log-INFO-郦芙蓉beauty模板操作成功,模板名称1129 商家正式版
2018-11-29 10:24:50,441-mp_log-ERROR-服务商账号操作失败,失败原因{'status': 'error', 'msg': 'component is not authorized by this account hint: [ScJdtA0308hb96]'}
2018-11-29 10:24:50,812-mp_log-INFO-氢颜轻奢美肤模板操作成功,模板名称1129 商家正式版
2018-11-29 10:24:51,319-mp_log-INFO-玫香源模板操作成功,模板名称1129 商家正式版
2018-11-29 10:24:52,357-mp_log-INFO-香住SPA模板操作成功,模板名称1129 商家正式版
2018-11-29 10:24:52,822-mp_log-INFO-依蔻依美模板操作成功,模板名称1129 商家正式版
2018-11-29 10:24:53,234-mp_log-INFO-佰味女人模板操作成功,模板名称1129 商家正式版
2018-11-29 10:24:53,720-mp_log-INFO-黄氏百佳模板操作成功,模板名称1129 商家正式版
2018-11-29 10:24:54,364-mp_log-INFO-创美雅香莱模板操作成功,模板名称1129 商家正式版
2018-11-29 10:24:54,762-mp_log-INFO-艾面一族 模板操作成功,模板名称1129 商家正式版
2018-11-29 10:24:55,127-mp_log-INFO-涣美医疗模板操作成功,模板名称1129 商家正式版
2018-11-29 10:24:55,741-mp_log-INFO-植美SPA模板操作成功,模板名称1129 商家正式版
2018-11-29 10:24:56,321-mp_log-INFO-曼姿模板操作成功,模板名称1129 商家正式版
2018-11-29 10:24:56,899-mp_log-INFO-美丽九九模板操作成功,模板名称1129 商家正式版
2018-11-29 10:24:57,372-mp_log-INFO-南国西子模板操作成功,模板名称1129 商家正式版
2018-11-29 10:24:57,743-mp_log-INFO-百分国际美容模板操作成功,模板名称1129 商家正式版
2018-11-29 10:24:58,187-mp_log-INFO-千颂伊美学中心模板操作成功,模板名称1129 商家正式版
2018-11-29 10:24:58,746-mp_log-INFO-艾尚美美哒模板操作成功,模板名称1129 商家正式版
2018-11-29 10:24:59,551-mp_log-INFO-玉颜堂模板操作成功,模板名称1129 商家正式版
2018-11-29 10:24:59,890-mp_log-INFO-金美源模板操作成功,模板名称1129 商家正式版
2018-11-29 10:25:00,295-mp_log-INFO-爱玛仕嘉模板操作成功,模板名称1129 商家正式版
2018-11-29 10:25:00,742-mp_log-INFO-智能科技美店模板操作成功,模板名称1129 商家正式版
2018-11-29 10:25:01,358-mp_log-INFO-欧妮薇模板操作成功,模板名称1129 商家正式版
2018-11-29 10:25:02,192-mp_log-INFO-成都净美天使模板操作成功,模板名称1129 商家正式版
2018-11-29 10:25:02,438-mp_log-INFO-美姿来就美模板操作成功,模板名称1129 商家正式版
2018-11-29 10:25:02,730-mp_log-INFO-IVY艾菲芭模板操作成功,模板名称1129 商家正式版
2018-11-29 10:25:03,654-mp_log-INFO-来了美雲会所模板操作成功,模板名称1129 商家正式版
2018-11-29 10:25:04,275-mp_log-INFO-SoBeauty模板操作成功,模板名称1129 商家正式版
2018-11-29 10:25:04,602-mp_log-INFO-引导美体验店模板操作成功,模板名称1129 商家正式版
2018-11-29 10:25:05,052-mp_log-INFO-蒙妮莎新美容模板操作成功,模板名称1129 商家正式版
2018-11-29 10:25:05,496-mp_log-INFO-筋生美模板操作成功,模板名称1129 商家正式版
2018-11-29 10:25:06,276-mp_log-INFO-金柏丽模板操作成功,模板名称1129 商家正式版
2018-11-29 10:25:06,847-mp_log-INFO-来了美美吧模板操作成功,模板名称1129 商家正式版
2018-11-29 10:25:06,895-mp_log-INFO-长江九号模板操作成功,模板名称1129 商家正式版
2018-11-29 10:25:07,280-mp_log-INFO-优文专业脱毛模板操作成功,模板名称1129 商家正式版
2018-11-29 10:25:07,795-mp_log-INFO-天使国际模板操作成功,模板名称1129 商家正式版
2018-11-29 10:25:08,910-mp_log-INFO-梦田芳香Spa模板操作成功,模板名称1129 商家正式版
2018-11-29 10:25:09,735-mp_log-INFO-贝施纤体模板操作成功,模板名称1129 商家正式版
2018-11-29 10:25:09,899-mp_log-INFO-色彩纯姬模板操作成功,模板名称1129 商家正式版
2018-11-29 10:25:10,514-mp_log-INFO-红妆倾城模板操作成功,模板名称1129 商家正式版
2018-11-29 10:25:10,988-mp_log-INFO-丹阳圣莉斯歌模板操作成功,模板名称1129 商家正式版
2018-11-29 10:25:11,712-mp_log-INFO-芯语芳心模板操作成功,模板名称1129 商家正式版
2018-11-29 10:25:12,340-mp_log-INFO-还原美模板操作成功,模板名称1129 商家正式版
2018-11-29 10:25:12,913-mp_log-INFO-延颜美容模板操作成功,模板名称1129 商家正式版
2018-11-29 10:25:13,292-mp_log-INFO-缘临医疗美容模板操作成功,模板名称1129 商家正式版
2018-11-29 10:25:13,750-mp_log-INFO-梦圆皇宫模板操作成功,模板名称1129 商家正式版
2018-11-29 10:25:14,240-mp_log-INFO-金贵人Beauty模板操作成功,模板名称1129 商家正式版
2018-11-29 10:25:14,571-mp_log-INFO-美了就来模板操作成功,模板名称1129 商家正式版
2018-11-29 10:25:15,068-mp_log-INFO-恩雅模板操作成功,模板名称1129 商家正式版
2018-11-29 10:25:15,590-mp_log-INFO-俏丽屋模板操作成功,模板名称1129 商家正式版
2018-11-29 10:25:15,729-mp_log-INFO-YoungDream模板操作成功,模板名称1129 商家正式版
2018-11-29 10:25:16,258-mp_log-INFO-DR美研博士模板操作成功,模板名称1129 商家正式版
2018-11-29 10:25:16,828-mp_log-INFO-女秀才模板操作成功,模板名称1129 商家正式版
2018-11-29 10:25:17,333-mp_log-INFO-如生堂模板操作成功,模板名称1129 商家正式版
2018-11-29 10:25:17,396-mp_log-INFO-東美人儿模板操作成功,模板名称1129 商家正式版
2018-11-29 10:25:17,647-mp_log-INFO-承昱医疗模板操作成功,模板名称1129 商家正式版
2018-11-29 10:25:18,290-mp_log-INFO-斓悦庭模板操作成功,模板名称1129 商家正式版
2018-11-29 10:25:18,742-mp_log-INFO-美迩美整形模板操作成功,模板名称1129 商家正式版
2018-11-29 10:25:19,235-mp_log-INFO-唯美童妍模板操作成功,模板名称1129 商家正式版
2018-11-29 10:25:19,813-mp_log-INFO-BV美聚模板操作成功,模板名称1129 商家正式版
2018-11-29 10:25:20,186-mp_log-INFO-健丽宝美容模板操作成功,模板名称1129 商家正式版
2018-11-29 10:25:20,800-mp_log-INFO-掌上美管家A模板操作成功,模板名称1129 商家正式版
2018-11-29 10:25:21,331-mp_log-INFO-博妍集美模板操作成功,模板名称1129 商家正式版
2018-11-29 10:25:21,754-mp_log-INFO-雅涛世家模板操作成功,模板名称1129 商家正式版
2018-11-29 10:25:22,315-mp_log-INFO-双妹美容模板操作成功,模板名称1129 商家正式版
2018-11-29 10:25:22,868-mp_log-INFO-呈悦医疗模板操作成功,模板名称1129 商家正式版
2018-11-29 10:25:23,109-mp_log-INFO-来了美千丝美模板操作成功,模板名称1129 商家正式版
2018-11-29 10:25:23,851-mp_log-INFO-世纪之春模板操作成功,模板名称1129 商家正式版
2018-11-29 10:25:24,300-mp_log-INFO-雅梵GO美模板操作成功,模板名称1129 商家正式版
2018-11-29 10:25:25,241-mp_log-INFO-来了就体验账模板操作成功,模板名称1129 商家正式版
2018-11-29 10:25:25,713-mp_log-INFO-女主角美容模板操作成功,模板名称1129 商家正式版
2018-11-29 10:25:25,828-mp_log-INFO-弘粹堂模板操作成功,模板名称1129 商家正式版
2018-11-29 10:25:26,345-mp_log-INFO-环球美容模板操作成功,模板名称1129 商家正式版
2018-11-29 10:25:27,147-mp_log-INFO-乐聚模板操作成功,模板名称1129 商家正式版
2018-11-29 10:25:27,333-mp_log-INFO-诗芙侬模板操作成功,模板名称1129 商家正式版
2018-11-29 10:25:27,958-mp_log-INFO-沧州美美达模板操作成功,模板名称1129 商家正式版
2018-11-29 10:25:28,420-mp_log-INFO-妮娜形象管理模板操作成功,模板名称1129 商家正式版
2018-11-29 10:25:28,724-mp_log-INFO-赢美肌模板操作成功,模板名称1129 商家正式版
2018-11-29 10:25:29,322-mp_log-INFO-馨境堂模板操作成功,模板名称1129 商家正式版
2018-11-29 10:25:30,304-mp_log-INFO-良沐健康管理模板操作成功,模板名称1129 商家正式版
2018-11-29 10:25:30,448-mp_log-INFO-果蔬美容模板操作成功,模板名称1129 商家正式版
2018-11-29 10:25:30,990-mp_log-INFO-贝兰思模板操作成功,模板名称1129 商家正式版
2018-11-29 10:25:31,384-mp_log-INFO-东方秀丽模板操作成功,模板名称1129 商家正式版
2018-11-29 10:25:31,682-mp_log-INFO-缔罗嘉佳模板操作成功,模板名称1129 商家正式版
2018-11-29 10:25:32,418-mp_log-INFO-文轩专业美容模板操作成功,模板名称1129 商家正式版
2018-11-29 10:25:33,785-mp_log-INFO-欧丽薇模板操作成功,模板名称1129 商家正式版
