2018-11-26 16:51:08,395-Getlogin-ERROR-'token'
2018-11-26 16:51:08,397-mp_log-INFO-token获取成功......
2018-11-26 16:51:25,756-mp_log-INFO-获取所有小程序信息成功......
2018-11-26 16:51:26,165-mp_log-INFO-获取最新模板信息成功.......
2018-11-26 16:51:28,259-mp_log-ERROR-GOGOBeauty操作失败,失败原因{'status': 500, 'msg': '此管理中心未授权开放平台'}
2018-11-26 16:51:28,367-mp_log-INFO-环亚美容模板操作成功,模板名称20181126 11.48 商家正式版
2018-11-26 16:51:29,027-mp_log-INFO-诺研皮肤管理模板操作成功,模板名称20181126 11.48 商家正式版
2018-11-26 16:51:29,232-mp_log-INFO-芳妍美容模板操作成功,模板名称20181126 11.48 商家正式版
2018-11-26 16:51:29,266-mp_log-ERROR-sdfdsfdsf操作失败,失败原因{'status': 500, 'msg': '此管理中心未授权开放平台'}
2018-11-26 16:51:30,935-mp_log-INFO-绿苑女子模板操作成功,模板名称20181126 11.48 商家正式版
2018-11-26 16:51:31,377-mp_log-INFO-伊之花美容模板操作成功,模板名称20181126 11.48 商家正式版
2018-11-26 16:51:31,942-mp_log-INFO-广州七号驻颜模板操作成功,模板名称20181126 11.48 商家正式版
2018-11-26 16:51:32,315-mp_log-INFO-曼奇莎模板操作成功,模板名称20181126 11.48 商家正式版
2018-11-26 16:51:32,957-mp_log-INFO-诗美逸模板操作成功,模板名称20181126 11.48 商家正式版
2018-11-26 16:51:33,351-mp_log-INFO-颐和美容模板操作成功,模板名称20181126 11.48 商家正式版
2018-11-26 16:51:33,877-mp_log-INFO-赫阁尔模板操作成功,模板名称20181126 11.48 商家正式版
2018-11-26 16:51:34,483-mp_log-INFO-草木缘模板操作成功,模板名称20181126 11.48 商家正式版
2018-11-26 16:51:35,095-mp_log-INFO-漂亮宝贝模板操作成功,模板名称20181126 11.48 商家正式版
2018-11-26 16:51:35,389-mp_log-INFO-梦颜科美模板操作成功,模板名称20181126 11.48 商家正式版
2018-11-26 16:51:35,781-mp_log-INFO-都市点点模板操作成功,模板名称20181126 11.48 商家正式版
2018-11-26 16:51:36,304-mp_log-INFO-来了美佳澜店模板操作成功,模板名称20181126 11.48 商家正式版
2018-11-26 16:51:37,305-mp_log-INFO-润妃国际模板操作成功,模板名称20181126 11.48 商家正式版
2018-11-26 16:51:37,819-mp_log-INFO-灵动模板操作成功,模板名称20181126 11.48 商家正式版
2018-11-26 16:51:37,939-mp_log-INFO-木子美甲美睫模板操作成功,模板名称20181126 11.48 商家正式版
2018-11-26 16:51:38,606-mp_log-INFO-康丽皇家模板操作成功,模板名称20181126 11.48 商家正式版
2018-11-26 16:51:39,278-mp_log-ERROR-市场演示专用操作失败,失败原因{'status': 500, 'msg': '此管理中心未授权开放平台'}
2018-11-26 16:51:39,467-mp_log-INFO-美美昭彦模板操作成功,模板名称20181126 11.48 商家正式版
2018-11-26 16:51:40,009-mp_log-INFO-匠美JMBEAUTY模板操作成功,模板名称20181126 11.48 商家正式版
2018-11-26 16:51:40,263-mp_log-INFO-HB美尚荟模板操作成功,模板名称20181126 11.48 商家正式版
2018-11-26 16:51:41,340-mp_log-INFO-Youngface模板操作成功,模板名称20181126 11.48 商家正式版
2018-11-26 16:51:42,440-mp_log-INFO-当今悦美模板操作成功,模板名称20181126 11.48 商家正式版
2018-11-26 16:51:42,960-mp_log-INFO-谦和国际模板操作成功,模板名称20181126 11.48 商家正式版
2018-11-26 16:51:43,679-mp_log-INFO-米蝶·快美吧模板操作成功,模板名称20181126 11.48 商家正式版
2018-11-26 16:51:43,882-mp_log-INFO-iBEATA贝娅塔模板操作成功,模板名称20181126 11.48 商家正式版
2018-11-26 16:51:44,303-mp_log-INFO-菲常美模板操作成功,模板名称20181126 11.48 商家正式版
2018-11-26 16:51:44,813-mp_log-INFO-爱睿熙国际模板操作成功,模板名称20181126 11.48 商家正式版
2018-11-26 16:51:44,923-mp_log-INFO-当代经典模板操作成功,模板名称20181126 11.48 商家正式版
2018-11-26 16:51:45,051-mp_log-INFO-美丽驿站模板操作成功,模板名称20181126 11.48 商家正式版
2018-11-26 16:51:45,458-mp_log-INFO-东方丽人模板操作成功,模板名称20181126 11.48 商家正式版
2018-11-26 16:51:45,898-mp_log-INFO-盛士兰模板操作成功,模板名称20181126 11.48 商家正式版
2018-11-26 16:51:46,308-mp_log-INFO-玫瑰坊模板操作成功,模板名称20181126 11.48 商家正式版
2018-11-26 16:51:46,759-mp_log-INFO-悠兰lyj模板操作成功,模板名称20181126 11.48 商家正式版
2018-11-26 16:51:47,396-mp_log-INFO-芊思雅莎莎模板操作成功,模板名称20181126 11.48 商家正式版
2018-11-26 16:51:48,316-mp_log-INFO-恒美世纪模板操作成功,模板名称20181126 11.48 商家正式版
2018-11-26 16:51:48,639-mp_log-INFO-来就健康模板操作成功,模板名称20181126 11.48 商家正式版
2018-11-26 16:51:48,982-mp_log-INFO-美人记Diary模板操作成功,模板名称20181126 11.48 商家正式版
2018-11-26 16:51:50,346-mp_log-INFO-菲梵经典模板操作成功,模板名称20181126 11.48 商家正式版
2018-11-26 16:51:50,559-mp_log-INFO-悦芳泉SPA模板操作成功,模板名称20181126 11.48 商家正式版
2018-11-26 16:51:50,897-mp_log-INFO-爱美丽模板操作成功,模板名称20181126 11.48 商家正式版
2018-11-26 16:51:51,378-mp_log-INFO-漂亮如你模板操作成功,模板名称20181126 11.48 商家正式版
2018-11-26 16:51:52,025-mp_log-INFO-广西宝宝爱模板操作成功,模板名称20181126 11.48 商家正式版
2018-11-26 16:51:52,312-mp_log-INFO-虞诗蔓模板操作成功,模板名称20181126 11.48 商家正式版
2018-11-26 16:51:52,771-mp_log-INFO-美范·珺之屋模板操作成功,模板名称20181126 11.48 商家正式版
2018-11-26 16:51:52,894-mp_log-INFO-Goonbeauty模板操作成功,模板名称20181126 11.48 商家正式版
2018-11-26 16:51:53,610-mp_log-INFO-唯艳美模板操作成功,模板名称20181126 11.48 商家正式版
2018-11-26 16:51:53,852-mp_log-INFO-吉美妍丽模板操作成功,模板名称20181126 11.48 商家正式版
2018-11-26 16:51:54,432-mp_log-INFO-雪依氏模板操作成功,模板名称20181126 11.48 商家正式版
2018-11-26 16:51:54,939-mp_log-INFO-书白美企模板操作成功,模板名称20181126 11.48 商家正式版
2018-11-26 16:51:55,403-mp_log-INFO-星美国际模板操作成功,模板名称20181126 11.48 商家正式版
2018-11-26 16:51:55,846-mp_log-INFO-霭伦恩美模板操作成功,模板名称20181126 11.48 商家正式版
2018-11-26 16:51:56,722-mp_log-INFO-来美吧模板操作成功,模板名称20181126 11.48 商家正式版
2018-11-26 16:51:57,110-mp_log-INFO-伊美朗模板操作成功,模板名称20181126 11.48 商家正式版
2018-11-26 16:51:57,628-mp_log-INFO-美美一生模板操作成功,模板名称20181126 11.48 商家正式版
2018-11-26 16:51:57,969-mp_log-INFO-佳婳天美模板操作成功,模板名称20181126 11.48 商家正式版
2018-11-26 16:51:58,443-mp_log-INFO-优年轻模板操作成功,模板名称20181126 11.48 商家正式版
2018-11-26 16:51:58,827-mp_log-INFO-易康国际模板操作成功,模板名称20181126 11.48 商家正式版
2018-11-26 16:51:59,542-mp_log-INFO-美美昭妍模板操作成功,模板名称20181126 11.48 商家正式版
2018-11-26 16:52:00,074-mp_log-INFO-佐登妮丝模板操作成功,模板名称20181126 11.48 商家正式版
2018-11-26 16:52:00,560-mp_log-INFO-阿星国际模板操作成功,模板名称20181126 11.48 商家正式版
2018-11-26 16:52:00,830-mp_log-INFO-娇阑美颜模板操作成功,模板名称20181126 11.48 商家正式版
2018-11-26 16:52:01,552-mp_log-INFO-爱女士模板操作成功,模板名称20181126 11.48 商家正式版
2018-11-26 16:52:02,116-mp_log-INFO-PS智能美肤模板操作成功,模板名称20181126 11.48 商家正式版
2018-11-26 16:52:02,468-mp_log-INFO-艾妍整形模板操作成功,模板名称20181126 11.48 商家正式版
2018-11-26 16:52:02,927-mp_log-INFO-珍珍美容模板操作成功,模板名称20181126 11.48 商家正式版
2018-11-26 16:52:03,613-mp_log-INFO-姿曼美容spa模板操作成功,模板名称20181126 11.48 商家正式版
2018-11-26 16:52:04,252-mp_log-INFO-巴黎情缘模板操作成功,模板名称20181126 11.48 商家正式版
2018-11-26 16:52:04,452-mp_log-INFO-百合春天模板操作成功,模板名称20181126 11.48 商家正式版
2018-11-26 16:52:06,032-mp_log-INFO-梅兰丽人模板操作成功,模板名称20181126 11.48 商家正式版
2018-11-26 16:52:06,069-mp_log-INFO-燕燕尊尚美容模板操作成功,模板名称20181126 11.48 商家正式版
2018-11-26 16:52:06,443-mp_log-INFO-美由心生美惠模板操作成功,模板名称20181126 11.48 商家正式版
2018-11-26 16:52:07,232-mp_log-INFO-雅致璇肌模板操作成功,模板名称20181126 11.48 商家正式版
2018-11-26 16:52:07,979-mp_log-INFO-诗露丽涵模板操作成功,模板名称20181126 11.48 商家正式版
2018-11-26 16:52:08,140-mp_log-INFO-韩流美美店模板操作成功,模板名称20181126 11.48 商家正式版
2018-11-26 16:52:08,220-mp_log-INFO-东方仕典模板操作成功,模板名称20181126 11.48 商家正式版
2018-11-26 16:52:08,586-mp_log-INFO-GOGO宝迪模板操作成功,模板名称20181126 11.48 商家正式版
2018-11-26 16:52:10,888-mp_log-INFO-精工皇族模板操作成功,模板名称20181126 11.48 商家正式版
2018-11-26 16:52:10,997-mp_log-INFO-年轻我可以模板操作成功,模板名称20181126 11.48 商家正式版
2018-11-26 16:52:11,428-mp_log-INFO-启程金典美业模板操作成功,模板名称20181126 11.48 商家正式版
2018-11-26 16:52:11,453-mp_log-INFO-兴美源模板操作成功,模板名称20181126 11.48 商家正式版
2018-11-26 16:52:11,990-mp_log-INFO-深圳丝客富模板操作成功,模板名称20181126 11.48 商家正式版
2018-11-26 16:52:12,887-mp_log-INFO-琉璃水城模板操作成功,模板名称20181126 11.48 商家正式版
2018-11-26 16:52:13,842-mp_log-INFO-栢草源模板操作成功,模板名称20181126 11.48 商家正式版
2018-11-26 16:52:13,994-mp_log-INFO-月瘦月美模板操作成功,模板名称20181126 11.48 商家正式版
2018-11-26 16:52:14,075-mp_log-INFO-杭州东方整形模板操作成功,模板名称20181126 11.48 商家正式版
2018-11-26 16:52:14,697-mp_log-INFO-ONI速美模板操作成功,模板名称20181126 11.48 商家正式版
2018-11-26 16:52:15,421-mp_log-INFO-MMbeauty模板操作成功,模板名称20181126 11.48 商家正式版
2018-11-26 16:52:15,727-mp_log-INFO-明剪一秀模板操作成功,模板名称20181126 11.48 商家正式版
2018-11-26 16:52:16,037-mp_log-INFO-美共享模板操作成功,模板名称20181126 11.48 商家正式版
2018-11-26 16:52:16,121-mp_log-INFO-YAN健康•美+模板操作成功,模板名称20181126 11.48 商家正式版
2018-11-26 16:52:16,514-mp_log-INFO-靓佳人模板操作成功,模板名称20181126 11.48 商家正式版
2018-11-26 16:52:16,609-mp_log-INFO-DuDuBeauty模板操作成功,模板名称20181126 11.48 商家正式版
2018-11-26 16:52:17,009-mp_log-INFO-ME智慧美店模板操作成功,模板名称20181126 11.48 商家正式版
2018-11-26 16:52:17,401-mp_log-INFO-二院美丽之约模板操作成功,模板名称20181126 11.48 商家正式版
2018-11-26 16:52:18,265-mp_log-INFO-紫舟美业模板操作成功,模板名称20181126 11.48 商家正式版
2018-11-26 16:52:18,493-mp_log-INFO-南洋beauty模板操作成功,模板名称20181126 11.48 商家正式版
2018-11-26 16:52:18,868-mp_log-INFO-阿芙洛蒂模板操作成功,模板名称20181126 11.48 商家正式版
2018-11-26 16:52:19,396-mp_log-INFO-来了美标榜店模板操作成功,模板名称20181126 11.48 商家正式版
2018-11-26 16:52:19,900-mp_log-INFO-美德福模板操作成功,模板名称20181126 11.48 商家正式版
2018-11-26 16:52:20,891-mp_log-INFO-岳灵生发模板操作成功,模板名称20181126 11.48 商家正式版
2018-11-26 16:52:21,015-mp_log-INFO-美姿源模板操作成功,模板名称20181126 11.48 商家正式版
2018-11-26 16:52:21,878-mp_log-INFO-维多丽雅模板操作成功,模板名称20181126 11.48 商家正式版
2018-11-26 16:52:21,890-mp_log-ERROR-光速美操作失败,失败原因{'status': 500, 'msg': '此管理中心未授权开放平台'}
2018-11-26 16:52:22,044-mp_log-INFO-雅典娜模板操作成功,模板名称20181126 11.48 商家正式版
2018-11-26 16:52:22,660-mp_log-INFO-杭州桐雅模板操作成功,模板名称20181126 11.48 商家正式版
2018-11-26 16:52:23,111-mp_log-INFO-妃香伊丹模板操作成功,模板名称20181126 11.48 商家正式版
2018-11-26 16:52:24,232-mp_log-INFO-张氏纳然姬朵模板操作成功,模板名称20181126 11.48 商家正式版
2018-11-26 16:52:24,757-mp_log-INFO-魅力华健模板操作成功,模板名称20181126 11.48 商家正式版
2018-11-26 16:52:24,794-mp_log-INFO-圣水伊人模板操作成功,模板名称20181126 11.48 商家正式版
2018-11-26 16:52:25,592-mp_log-INFO-窈窕淑女模板操作成功,模板名称20181126 11.48 商家正式版
2018-11-26 16:52:26,840-mp_log-INFO-香密雅CIMIA模板操作成功,模板名称20181126 11.48 商家正式版
2018-11-26 16:52:27,288-mp_log-INFO-妍雅媛模板操作成功,模板名称20181126 11.48 商家正式版
2018-11-26 16:52:27,865-mp_log-INFO-绮莉尔智能美模板操作成功,模板名称20181126 11.48 商家正式版
2018-11-26 16:52:29,172-mp_log-INFO-来了美模板操作成功,模板名称20181126 11.48 商家正式版
2018-11-26 16:52:29,581-mp_log-INFO-世纪春天模板操作成功,模板名称20181126 11.48 商家正式版
2018-11-26 16:52:30,068-mp_log-INFO-轻医美模板操作成功,模板名称20181126 11.48 商家正式版
2018-11-26 16:52:30,096-mp_log-INFO-贵妇人模板操作成功,模板名称20181126 11.48 商家正式版
2018-11-26 16:52:30,381-mp_log-INFO-奇遇青春模板操作成功,模板名称20181126 11.48 商家正式版
2018-11-26 16:52:31,129-mp_log-INFO-云立方模板操作成功,模板名称20181126 11.48 商家正式版
2018-11-26 16:52:31,226-mp_log-INFO-来了美韩尚恩模板操作成功,模板名称20181126 11.48 商家正式版
2018-11-26 16:52:31,248-mp_log-INFO-BabyBeauty模板操作成功,模板名称20181126 11.48 商家正式版
2018-11-26 16:52:32,504-mp_log-INFO-纤指百媚模板操作成功,模板名称20181126 11.48 商家正式版
2018-11-26 16:52:32,621-mp_log-INFO-GOGOBeauty模板操作成功,模板名称20181126 11.48 商家正式版
2018-11-26 16:52:32,935-mp_log-INFO-贝琳菲美业模板操作成功,模板名称20181126 11.48 商家正式版
2018-11-26 16:52:33,372-mp_log-INFO-美之颜模板操作成功,模板名称20181126 11.48 商家正式版
2018-11-26 16:52:33,742-mp_log-ERROR-服务商账号操作失败,失败原因{'status': 'error', 'msg': 'component is not authorized by this account hint: [03652994]'}
2018-11-26 16:52:34,364-mp_log-INFO-氢颜轻奢美肤模板操作成功,模板名称20181126 11.48 商家正式版
2018-11-26 16:52:34,475-mp_log-INFO-郦芙蓉beauty模板操作成功,模板名称20181126 11.48 商家正式版
2018-11-26 16:52:34,516-mp_log-INFO-玫香源模板操作成功,模板名称20181126 11.48 商家正式版
2018-11-26 16:52:35,434-mp_log-INFO-香住SPA模板操作成功,模板名称20181126 11.48 商家正式版
2018-11-26 16:52:36,159-mp_log-INFO-依蔻依美模板操作成功,模板名称20181126 11.48 商家正式版
2018-11-26 16:52:37,014-mp_log-INFO-黄氏百佳模板操作成功,模板名称20181126 11.48 商家正式版
2018-11-26 16:52:38,044-mp_log-INFO-佰味女人模板操作成功,模板名称20181126 11.48 商家正式版
2018-11-26 16:52:38,084-mp_log-INFO-艾面一族 模板操作成功,模板名称20181126 11.48 商家正式版
2018-11-26 16:52:38,434-mp_log-INFO-创美雅香莱模板操作成功,模板名称20181126 11.48 商家正式版
2018-11-26 16:52:38,485-mp_log-INFO-涣美医疗模板操作成功,模板名称20181126 11.48 商家正式版
2018-11-26 16:52:38,984-mp_log-INFO-植美SPA模板操作成功,模板名称20181126 11.48 商家正式版
2018-11-26 16:52:40,189-mp_log-INFO-曼姿模板操作成功,模板名称20181126 11.48 商家正式版
2018-11-26 16:52:40,369-mp_log-INFO-美丽九九模板操作成功,模板名称20181126 11.48 商家正式版
2018-11-26 16:52:40,746-mp_log-INFO-南国西子模板操作成功,模板名称20181126 11.48 商家正式版
2018-11-26 16:52:40,976-mp_log-INFO-百分国际美容模板操作成功,模板名称20181126 11.48 商家正式版
2018-11-26 16:52:42,047-mp_log-INFO-艾尚美美哒模板操作成功,模板名称20181126 11.48 商家正式版
2018-11-26 16:52:42,619-mp_log-INFO-玉颜堂模板操作成功,模板名称20181126 11.48 商家正式版
2018-11-26 16:52:42,621-mp_log-INFO-千颂伊美学中心模板操作成功,模板名称20181126 11.48 商家正式版
2018-11-26 16:52:43,031-mp_log-INFO-金美源模板操作成功,模板名称20181126 11.48 商家正式版
2018-11-26 16:52:43,525-mp_log-INFO-爱玛仕嘉模板操作成功,模板名称20181126 11.48 商家正式版
2018-11-26 16:52:44,025-mp_log-INFO-智能科技美店模板操作成功,模板名称20181126 11.48 商家正式版
2018-11-26 16:52:44,501-mp_log-INFO-欧妮薇模板操作成功,模板名称20181126 11.48 商家正式版
2018-11-26 16:52:44,963-mp_log-INFO-成都净美天使模板操作成功,模板名称20181126 11.48 商家正式版
2018-11-26 16:52:45,494-mp_log-INFO-美姿来就美模板操作成功,模板名称20181126 11.48 商家正式版
2018-11-26 16:52:46,546-mp_log-INFO-引导美体验店模板操作成功,模板名称20181126 11.48 商家正式版
2018-11-26 16:52:46,701-mp_log-INFO-IVY艾菲芭模板操作成功,模板名称20181126 11.48 商家正式版
2018-11-26 16:52:47,081-mp_log-INFO-来了美雲会所模板操作成功,模板名称20181126 11.48 商家正式版
2018-11-26 16:52:47,522-mp_log-INFO-SoBeauty模板操作成功,模板名称20181126 11.48 商家正式版
2018-11-26 16:52:48,137-mp_log-INFO-蒙妮莎新美容模板操作成功,模板名称20181126 11.48 商家正式版
2018-11-26 16:52:48,762-mp_log-INFO-筋生美模板操作成功,模板名称20181126 11.48 商家正式版
2018-11-26 16:52:49,105-mp_log-INFO-来了美美吧模板操作成功,模板名称20181126 11.48 商家正式版
2018-11-26 16:52:49,721-mp_log-INFO-金柏丽模板操作成功,模板名称20181126 11.48 商家正式版
2018-11-26 16:52:50,347-mp_log-INFO-长江九号模板操作成功,模板名称20181126 11.48 商家正式版
2018-11-26 16:52:50,925-mp_log-INFO-优文专业脱毛模板操作成功,模板名称20181126 11.48 商家正式版
2018-11-26 16:52:51,021-mp_log-INFO-天使国际模板操作成功,模板名称20181126 11.48 商家正式版
2018-11-26 16:52:51,795-mp_log-INFO-如生堂模板操作成功,模板名称20181126 11.48 商家正式版
2018-11-26 16:52:52,165-mp_log-INFO-梦田芳香Spa模板操作成功,模板名称20181126 11.48 商家正式版
2018-11-26 16:52:52,651-mp_log-INFO-贝施纤体模板操作成功,模板名称20181126 11.48 商家正式版
2018-11-26 16:52:53,196-mp_log-INFO-色彩纯姬模板操作成功,模板名称20181126 11.48 商家正式版
2018-11-26 16:52:53,638-mp_log-INFO-红妆倾城模板操作成功,模板名称20181126 11.48 商家正式版
2018-11-26 16:52:53,913-mp_log-INFO-丹阳圣莉斯歌模板操作成功,模板名称20181126 11.48 商家正式版
2018-11-26 16:52:54,873-mp_log-INFO-金贵人Beauty模板操作成功,模板名称20181126 11.48 商家正式版
2018-11-26 16:52:55,025-mp_log-INFO-芯语芳心模板操作成功,模板名称20181126 11.48 商家正式版
2018-11-26 16:52:55,682-mp_log-INFO-还原美模板操作成功,模板名称20181126 11.48 商家正式版
2018-11-26 16:52:56,068-mp_log-INFO-延颜美容模板操作成功,模板名称20181126 11.48 商家正式版
2018-11-26 16:52:56,592-mp_log-INFO-缘临医疗美容模板操作成功,模板名称20181126 11.48 商家正式版
2018-11-26 16:52:57,801-mp_log-INFO-美了就来模板操作成功,模板名称20181126 11.48 商家正式版
2018-11-26 16:52:57,889-mp_log-INFO-梦圆皇宫模板操作成功,模板名称20181126 11.48 商家正式版
2018-11-26 16:52:57,977-mp_log-INFO-恩雅模板操作成功,模板名称20181126 11.48 商家正式版
2018-11-26 16:52:58,484-mp_log-INFO-俏丽屋模板操作成功,模板名称20181126 11.48 商家正式版
2018-11-26 16:52:59,081-mp_log-INFO-YoungDream模板操作成功,模板名称20181126 11.48 商家正式版
2018-11-26 16:52:59,662-mp_log-INFO-DR美研博士模板操作成功,模板名称20181126 11.48 商家正式版
2018-11-26 16:53:00,070-mp_log-INFO-女秀才模板操作成功,模板名称20181126 11.48 商家正式版
2018-11-26 16:53:00,571-mp_log-INFO-東美人儿模板操作成功,模板名称20181126 11.48 商家正式版
2018-11-26 16:53:01,143-mp_log-INFO-承昱医疗模板操作成功,模板名称20181126 11.48 商家正式版
2018-11-26 16:53:01,626-mp_log-INFO-斓悦庭模板操作成功,模板名称20181126 11.48 商家正式版
2018-11-26 16:53:02,438-mp_log-INFO-唯美童妍模板操作成功,模板名称20181126 11.48 商家正式版
2018-11-26 16:53:03,185-mp_log-INFO-BV美聚模板操作成功,模板名称20181126 11.48 商家正式版
2018-11-26 16:53:03,823-mp_log-INFO-健丽宝美容模板操作成功,模板名称20181126 11.48 商家正式版
2018-11-26 16:53:04,002-mp_log-INFO-掌上美管家A模板操作成功,模板名称20181126 11.48 商家正式版
2018-11-26 16:53:04,750-mp_log-INFO-博妍集美模板操作成功,模板名称20181126 11.48 商家正式版
2018-11-26 16:53:05,086-mp_log-INFO-雅涛世家模板操作成功,模板名称20181126 11.48 商家正式版
2018-11-26 16:53:05,218-mp_log-INFO-美迩美整形模板操作成功,模板名称20181126 11.48 商家正式版
2018-11-26 16:53:05,513-mp_log-INFO-双妹美容模板操作成功,模板名称20181126 11.48 商家正式版
2018-11-26 16:53:06,117-mp_log-INFO-呈悦医疗模板操作成功,模板名称20181126 11.48 商家正式版
2018-11-26 16:53:06,466-mp_log-INFO-来了美千丝美模板操作成功,模板名称20181126 11.48 商家正式版
2018-11-26 16:53:07,036-mp_log-INFO-世纪之春模板操作成功,模板名称20181126 11.48 商家正式版
2018-11-26 16:53:07,557-mp_log-INFO-雅梵GO美模板操作成功,模板名称20181126 11.48 商家正式版
2018-11-26 16:53:08,107-mp_log-INFO-女主角美容模板操作成功,模板名称20181126 11.48 商家正式版
2018-11-26 16:53:08,568-mp_log-INFO-来了就体验账模板操作成功,模板名称20181126 11.48 商家正式版
2018-11-26 16:53:09,014-mp_log-INFO-弘粹堂模板操作成功,模板名称20181126 11.48 商家正式版
2018-11-26 16:53:09,790-mp_log-INFO-环球美容模板操作成功,模板名称20181126 11.48 商家正式版
2018-11-26 16:53:10,348-mp_log-INFO-乐聚模板操作成功,模板名称20181126 11.48 商家正式版
2018-11-26 16:53:10,647-mp_log-INFO-诗芙侬模板操作成功,模板名称20181126 11.48 商家正式版
2018-11-26 16:53:11,194-mp_log-INFO-沧州美美达模板操作成功,模板名称20181126 11.48 商家正式版
2018-11-26 16:53:11,786-mp_log-INFO-妮娜形象管理模板操作成功,模板名称20181126 11.48 商家正式版
2018-11-26 16:53:12,373-mp_log-INFO-赢美肌模板操作成功,模板名称20181126 11.48 商家正式版
2018-11-26 16:53:12,486-mp_log-INFO-馨境堂模板操作成功,模板名称20181126 11.48 商家正式版
2018-11-26 16:53:12,926-mp_log-INFO-良沐健康管理模板操作成功,模板名称20181126 11.48 商家正式版
2018-11-26 16:53:13,782-mp_log-INFO-果蔬美容模板操作成功,模板名称20181126 11.48 商家正式版
2018-11-26 16:53:14,453-mp_log-INFO-东方秀丽模板操作成功,模板名称20181126 11.48 商家正式版
2018-11-26 16:53:15,086-mp_log-INFO-缔罗嘉佳模板操作成功,模板名称20181126 11.48 商家正式版
2018-11-26 16:53:15,656-mp_log-INFO-文轩专业美容模板操作成功,模板名称20181126 11.48 商家正式版
2018-11-26 16:53:15,914-mp_log-INFO-欧丽薇模板操作成功,模板名称20181126 11.48 商家正式版
2018-11-26 16:53:17,394-mp_log-INFO-贝兰思模板操作成功,模板名称20181126 11.48 商家正式版
