2018-11-16 18:37:25,478-Getlogin-ERROR-'token'
2018-11-16 18:37:25,482-mp_log-INFO-token获取成功......
2018-11-16 18:37:39,310-mp_log-INFO-获取所有小程序信息成功......
2018-11-16 18:37:40,201-mp_log-INFO-获取最新模板信息成功.......
2018-11-16 18:37:41,914-mp_log-INFO-已审核
2018-11-16 18:37:41,947-mp_log-INFO-已审核
2018-11-16 18:37:41,997-mp_log-INFO-已审核
2018-11-16 18:37:42,683-mp_log-INFO-已审核
2018-11-16 18:37:43,199-mp_log-INFO-已审核
2018-11-16 18:37:43,616-mp_log-INFO-已审核
2018-11-16 18:37:43,740-mp_log-INFO-审核失败
2018-11-16 18:37:44,044-mp_log-INFO-审核失败
2018-11-16 18:37:44,381-mp_log-INFO-审核失败
2018-11-16 18:37:44,712-mp_log-INFO-已审核
2018-11-16 18:37:44,991-mp_log-INFO-审核失败
2018-11-16 18:37:45,585-mp_log-INFO-已审核
2018-11-16 18:37:45,996-mp_log-INFO-已审核
2018-11-16 18:37:46,273-mp_log-INFO-已审核
2018-11-16 18:37:46,528-mp_log-INFO-审核失败
2018-11-16 18:37:46,797-mp_log-INFO-已审核
2018-11-16 18:37:47,031-mp_log-INFO-已审核
2018-11-16 18:37:47,367-mp_log-INFO-已审核
2018-11-16 18:37:47,741-mp_log-INFO-已审核
2018-11-16 18:37:47,899-mp_log-INFO-已审核
2018-11-16 18:37:48,345-mp_log-INFO-已审核
2018-11-16 18:37:49,010-mp_log-INFO-已审核
2018-11-16 18:37:49,295-mp_log-INFO-已审核
2018-11-16 18:37:49,542-mp_log-INFO-已审核
2018-11-16 18:37:49,903-mp_log-INFO-已审核
2018-11-16 18:37:50,234-mp_log-INFO-已审核
2018-11-16 18:37:50,446-mp_log-INFO-审核失败
2018-11-16 18:37:50,787-mp_log-INFO-审核失败
2018-11-16 18:37:51,237-mp_log-INFO-已审核
2018-11-16 18:37:51,456-mp_log-INFO-已审核
2018-11-16 18:37:51,600-mp_log-INFO-已审核
2018-11-16 18:37:51,919-mp_log-INFO-已审核
2018-11-16 18:37:52,233-mp_log-INFO-已审核
2018-11-16 18:37:52,554-mp_log-INFO-审核失败
2018-11-16 18:37:52,854-mp_log-INFO-已审核
2018-11-16 18:37:53,197-mp_log-INFO-已审核
2018-11-16 18:37:53,449-mp_log-INFO-已审核
2018-11-16 18:37:54,031-mp_log-INFO-已审核
2018-11-16 18:37:54,168-mp_log-INFO-已审核
2018-11-16 18:37:54,420-mp_log-INFO-已审核
2018-11-16 18:37:54,756-mp_log-INFO-已审核
2018-11-16 18:37:54,975-mp_log-INFO-已审核
2018-11-16 18:37:55,330-mp_log-INFO-已审核
2018-11-16 18:37:55,570-mp_log-INFO-已审核
2018-11-16 18:37:56,047-mp_log-INFO-已审核
2018-11-16 18:37:56,163-mp_log-INFO-已审核
2018-11-16 18:37:56,643-mp_log-INFO-已审核
2018-11-16 18:37:57,135-mp_log-INFO-已审核
2018-11-16 18:37:57,227-mp_log-INFO-已审核
2018-11-16 18:37:57,478-mp_log-INFO-已审核
2018-11-16 18:37:57,773-mp_log-INFO-审核失败
2018-11-16 18:37:58,069-mp_log-INFO-已审核
2018-11-16 18:37:58,453-mp_log-INFO-已审核
2018-11-16 18:37:58,663-mp_log-INFO-已审核
2018-11-16 18:37:58,951-mp_log-INFO-审核失败
2018-11-16 18:37:59,331-mp_log-INFO-已审核
2018-11-16 18:37:59,527-mp_log-INFO-审核失败
2018-11-16 18:37:59,915-mp_log-INFO-审核失败
2018-11-16 18:38:00,220-mp_log-INFO-审核失败
2018-11-16 18:38:00,588-mp_log-INFO-已审核
2018-11-16 18:38:01,523-mp_log-INFO-已审核
2018-11-16 18:38:01,620-mp_log-INFO-已审核
2018-11-16 18:38:01,959-mp_log-INFO-已审核
2018-11-16 18:38:01,963-mp_log-INFO-审核失败
2018-11-16 18:38:02,137-mp_log-INFO-已审核
2018-11-16 18:38:02,402-mp_log-INFO-已审核
2018-11-16 18:38:02,666-mp_log-INFO-已审核
2018-11-16 18:38:02,892-mp_log-INFO-已审核
2018-11-16 18:38:03,202-mp_log-INFO-已审核
2018-11-16 18:38:03,728-mp_log-INFO-已审核
2018-11-16 18:38:04,085-mp_log-INFO-已审核
2018-11-16 18:38:04,338-mp_log-INFO-审核失败
2018-11-16 18:38:04,612-mp_log-INFO-已审核
2018-11-16 18:38:04,896-mp_log-INFO-已审核
2018-11-16 18:38:05,369-mp_log-INFO-审核失败
2018-11-16 18:38:05,551-mp_log-INFO-已审核
2018-11-16 18:38:05,756-mp_log-INFO-已审核
2018-11-16 18:38:06,067-mp_log-INFO-已审核
2018-11-16 18:38:06,490-mp_log-INFO-审核失败
2018-11-16 18:38:07,086-mp_log-INFO-审核失败
2018-11-16 18:38:07,125-mp_log-INFO-已审核
2018-11-16 18:38:07,447-mp_log-INFO-已审核
2018-11-16 18:38:07,614-mp_log-INFO-审核失败
2018-11-16 18:38:07,934-mp_log-INFO-已审核
2018-11-16 18:38:08,182-mp_log-INFO-已审核
2018-11-16 18:38:08,510-mp_log-INFO-已审核
2018-11-16 18:38:08,750-mp_log-INFO-已审核
2018-11-16 18:38:09,156-mp_log-INFO-已审核
2018-11-16 18:38:09,437-mp_log-INFO-已审核
2018-11-16 18:38:09,750-mp_log-INFO-已审核
2018-11-16 18:38:10,066-mp_log-INFO-审核失败
2018-11-16 18:38:10,316-mp_log-INFO-已审核
2018-11-16 18:38:10,720-mp_log-INFO-审核失败
2018-11-16 18:38:10,991-mp_log-INFO-已审核
2018-11-16 18:38:11,253-mp_log-INFO-审核失败
2018-11-16 18:38:11,467-mp_log-INFO-已审核
2018-11-16 18:38:11,798-mp_log-INFO-已审核
2018-11-16 18:38:12,160-mp_log-INFO-已审核
2018-11-16 18:38:12,418-mp_log-INFO-已审核
2018-11-16 18:38:12,692-mp_log-INFO-已审核
2018-11-16 18:38:13,007-mp_log-INFO-已审核
2018-11-16 18:38:13,355-mp_log-INFO-审核失败
2018-11-16 18:38:14,040-mp_log-INFO-已审核
2018-11-16 18:38:14,284-mp_log-INFO-已审核
2018-11-16 18:38:14,565-mp_log-INFO-已审核
2018-11-16 18:38:14,910-mp_log-INFO-已审核
2018-11-16 18:38:15,151-mp_log-INFO-已审核
2018-11-16 18:38:15,585-mp_log-INFO-已审核
2018-11-16 18:38:15,758-mp_log-INFO-已审核
2018-11-16 18:38:16,069-mp_log-INFO-已审核
2018-11-16 18:38:16,388-mp_log-INFO-审核失败
2018-11-16 18:38:17,358-mp_log-INFO-已审核
2018-11-16 18:38:17,647-mp_log-INFO-已审核
2018-11-16 18:38:17,882-mp_log-INFO-已审核
2018-11-16 18:38:17,922-mp_log-INFO-已审核
2018-11-16 18:38:17,929-mp_log-INFO-已审核
2018-11-16 18:38:18,145-mp_log-INFO-已审核
2018-11-16 18:38:18,485-mp_log-INFO-已审核
2018-11-16 18:38:18,751-mp_log-INFO-已审核
2018-11-16 18:38:19,006-mp_log-INFO-审核中
2018-11-16 18:38:19,655-mp_log-INFO-已审核
2018-11-16 18:38:19,901-mp_log-INFO-已审核
2018-11-16 18:38:20,351-mp_log-INFO-已审核
2018-11-16 18:38:21,089-mp_log-INFO-已审核
2018-11-16 18:38:21,117-mp_log-INFO-已审核
2018-11-16 18:38:21,504-mp_log-INFO-已审核
2018-11-16 18:38:21,754-mp_log-INFO-审核失败
2018-11-16 18:38:22,072-mp_log-INFO-审核失败
2018-11-16 18:38:22,311-mp_log-INFO-已审核
2018-11-16 18:38:22,546-mp_log-INFO-已审核
2018-11-16 18:38:22,872-mp_log-INFO-已审核
2018-11-16 18:38:23,254-mp_log-INFO-已审核
2018-11-16 18:38:23,554-mp_log-INFO-已审核
2018-11-16 18:38:23,858-mp_log-INFO-已审核
2018-11-16 18:38:24,123-mp_log-INFO-已审核
2018-11-16 18:38:24,451-mp_log-INFO-已审核
2018-11-16 18:38:24,774-mp_log-INFO-审核失败
2018-11-16 18:38:25,160-mp_log-INFO-已审核
2018-11-16 18:38:25,601-mp_log-INFO-已审核
2018-11-16 18:38:26,045-mp_log-INFO-已审核
2018-11-16 18:38:26,269-mp_log-INFO-已审核
2018-11-16 18:38:26,444-mp_log-INFO-已审核
2018-11-16 18:38:26,653-mp_log-INFO-已审核
2018-11-16 18:38:26,865-mp_log-INFO-已审核
2018-11-16 18:38:27,303-mp_log-INFO-审核中
2018-11-16 18:38:27,571-mp_log-INFO-已审核
2018-11-16 18:38:27,996-mp_log-INFO-审核失败
2018-11-16 18:38:28,167-mp_log-INFO-已审核
2018-11-16 18:38:28,593-mp_log-INFO-已审核
2018-11-16 18:38:28,766-mp_log-INFO-审核失败
2018-11-16 18:38:29,158-mp_log-INFO-已审核
2018-11-16 18:38:29,463-mp_log-INFO-已审核
2018-11-16 18:38:29,675-mp_log-INFO-已审核
2018-11-16 18:38:30,744-mp_log-INFO-审核失败
2018-11-16 18:38:30,951-mp_log-INFO-已审核
2018-11-16 18:38:31,159-mp_log-INFO-已审核
2018-11-16 18:38:31,159-mp_log-INFO-已审核
2018-11-16 18:38:31,261-mp_log-INFO-已审核
2018-11-16 18:38:31,555-mp_log-INFO-审核失败
2018-11-16 18:38:31,660-mp_log-INFO-审核失败
2018-11-16 18:38:32,119-mp_log-INFO-审核失败
2018-11-16 18:38:32,384-mp_log-INFO-已审核
2018-11-16 18:38:32,567-mp_log-INFO-已审核
2018-11-16 18:38:33,003-mp_log-INFO-已审核
2018-11-16 18:38:33,426-mp_log-INFO-已审核
2018-11-16 18:38:33,635-mp_log-INFO-已审核
2018-11-16 18:38:33,817-mp_log-INFO-已审核
2018-11-16 18:38:34,113-mp_log-INFO-审核失败
2018-11-16 18:38:34,384-mp_log-INFO-已审核
2018-11-16 18:38:34,761-mp_log-INFO-已审核
2018-11-16 18:38:35,037-mp_log-INFO-审核失败
2018-11-16 18:38:35,412-mp_log-INFO-已审核
2018-11-16 18:38:35,633-mp_log-INFO-已审核
2018-11-16 18:38:35,931-mp_log-INFO-审核失败
2018-11-16 18:38:36,240-mp_log-INFO-已审核
2018-11-16 18:38:36,525-mp_log-INFO-已审核
2018-11-16 18:38:36,813-mp_log-INFO-已审核
2018-11-16 18:38:37,106-mp_log-INFO-已审核
2018-11-16 18:38:37,441-mp_log-INFO-已审核
2018-11-16 18:38:37,681-mp_log-INFO-已审核
2018-11-16 18:38:38,036-mp_log-INFO-已审核
2018-11-16 18:38:38,293-mp_log-INFO-已审核
2018-11-16 18:38:38,933-mp_log-INFO-已审核
2018-11-16 18:38:39,179-mp_log-INFO-已审核
2018-11-16 18:38:39,419-mp_log-INFO-已审核
2018-11-16 18:38:39,696-mp_log-INFO-已审核
2018-11-16 18:38:39,941-mp_log-INFO-已审核
2018-11-16 18:38:40,166-mp_log-INFO-审核中
2018-11-16 18:38:41,533-mp_log-INFO-已审核
2018-11-16 18:38:41,826-mp_log-INFO-已审核
2018-11-16 18:38:41,878-mp_log-INFO-已审核
2018-11-16 18:38:41,956-mp_log-INFO-已审核
2018-11-16 18:38:41,967-mp_log-INFO-已审核
2018-11-16 18:38:42,099-mp_log-INFO-审核失败
2018-11-16 18:38:42,333-mp_log-INFO-已审核
2018-11-16 18:38:42,757-mp_log-INFO-已审核
2018-11-16 18:38:42,831-mp_log-INFO-已审核
2018-11-16 18:38:43,478-mp_log-INFO-已审核
2018-11-16 18:38:43,512-mp_log-INFO-审核失败
2018-11-16 18:38:43,942-mp_log-INFO-已审核
2018-11-16 18:38:44,723-mp_log-INFO-已审核
