2018-11-29 14:07:51,241-Getlogin-ERROR-'token'
2018-11-29 14:07:51,243-mp_log-INFO-token获取成功......
2018-11-29 14:08:06,726-mp_log-INFO-获取所有小程序信息成功......
2018-11-29 14:08:07,206-mp_log-INFO-获取最新模板信息成功.......
2018-11-29 14:08:08,271-mp_log-INFO-审核失败
2018-11-29 14:08:08,589-mp_log-INFO-审核失败
2018-11-29 14:08:08,961-mp_log-INFO-已审核
2018-11-29 14:08:09,424-mp_log-INFO-已审核
2018-11-29 14:08:10,146-mp_log-INFO-已审核
2018-11-29 14:08:10,414-mp_log-INFO-审核失败
2018-11-29 14:08:10,686-mp_log-INFO-审核失败
2018-11-29 14:08:11,263-mp_log-INFO-审核失败
2018-11-29 14:08:11,406-mp_log-INFO-审核失败
2018-11-29 14:08:11,580-mp_log-INFO-已审核
2018-11-29 14:08:11,970-mp_log-INFO-已审核
2018-11-29 14:08:12,226-mp_log-INFO-已审核
2018-11-29 14:08:12,519-mp_log-INFO-已审核
2018-11-29 14:08:13,104-mp_log-INFO-审核失败
2018-11-29 14:08:13,105-mp_log-INFO-审核失败
2018-11-29 14:08:13,402-mp_log-INFO-已审核
2018-11-29 14:08:13,818-mp_log-INFO-已审核
2018-11-29 14:08:13,976-mp_log-INFO-已审核
2018-11-29 14:08:14,511-mp_log-INFO-已审核
2018-11-29 14:08:14,945-mp_log-INFO-已审核
2018-11-29 14:08:15,255-mp_log-INFO-已审核
2018-11-29 14:08:15,289-mp_log-INFO-已审核
2018-11-29 14:08:15,437-mp_log-INFO-已审核
2018-11-29 14:08:16,131-mp_log-INFO-已审核
2018-11-29 14:08:16,329-mp_log-INFO-已审核
2018-11-29 14:08:16,707-mp_log-INFO-审核失败
2018-11-29 14:08:16,979-mp_log-INFO-已审核
2018-11-29 14:08:17,313-mp_log-INFO-已审核
2018-11-29 14:08:17,625-mp_log-INFO-审核失败
2018-11-29 14:08:17,942-mp_log-INFO-审核失败
2018-11-29 14:08:18,260-mp_log-INFO-审核失败
2018-11-29 14:08:18,486-mp_log-INFO-已审核
2018-11-29 14:08:18,826-mp_log-INFO-已审核
2018-11-29 14:08:19,095-mp_log-INFO-已审核
2018-11-29 14:08:19,347-mp_log-INFO-已审核
2018-11-29 14:08:19,670-mp_log-INFO-审核失败
2018-11-29 14:08:19,963-mp_log-INFO-已审核
2018-11-29 14:08:20,346-mp_log-INFO-已审核
2018-11-29 14:08:20,845-mp_log-INFO-已审核
2018-11-29 14:08:21,267-mp_log-INFO-已审核
2018-11-29 14:08:21,561-mp_log-INFO-已审核
2018-11-29 14:08:21,593-mp_log-INFO-审核失败
2018-11-29 14:08:21,897-mp_log-INFO-已审核
2018-11-29 14:08:22,182-mp_log-INFO-审核失败
2018-11-29 14:08:22,368-mp_log-INFO-已审核
2018-11-29 14:08:22,988-mp_log-INFO-已审核
2018-11-29 14:08:23,352-mp_log-INFO-已审核
2018-11-29 14:08:23,595-mp_log-INFO-审核失败
2018-11-29 14:08:23,635-mp_log-INFO-已审核
2018-11-29 14:08:24,336-mp_log-INFO-审核失败
2018-11-29 14:08:24,478-mp_log-INFO-已审核
2018-11-29 14:08:24,599-mp_log-INFO-审核失败
2018-11-29 14:08:24,824-mp_log-INFO-审核失败
2018-11-29 14:08:25,139-mp_log-INFO-已审核
2018-11-29 14:08:25,418-mp_log-INFO-已审核
2018-11-29 14:08:25,842-mp_log-INFO-已审核
2018-11-29 14:08:26,006-mp_log-INFO-已审核
2018-11-29 14:08:26,339-mp_log-INFO-已审核
2018-11-29 14:08:26,613-mp_log-INFO-已审核
2018-11-29 14:08:26,832-mp_log-INFO-已审核
2018-11-29 14:08:27,240-mp_log-INFO-审核失败
2018-11-29 14:08:27,514-mp_log-INFO-审核失败
2018-11-29 14:08:27,854-mp_log-INFO-已审核
2018-11-29 14:08:28,175-mp_log-INFO-已审核
2018-11-29 14:08:28,354-mp_log-INFO-审核失败
2018-11-29 14:08:28,702-mp_log-INFO-已审核
2018-11-29 14:08:29,035-mp_log-INFO-审核失败
2018-11-29 14:08:29,299-mp_log-INFO-审核失败
2018-11-29 14:08:29,658-mp_log-INFO-审核失败
2018-11-29 14:08:29,880-mp_log-INFO-审核失败
2018-11-29 14:08:30,169-mp_log-INFO-审核失败
2018-11-29 14:08:30,545-mp_log-INFO-审核失败
2018-11-29 14:08:30,755-mp_log-INFO-已审核
2018-11-29 14:08:31,130-mp_log-INFO-已审核
2018-11-29 14:08:31,431-mp_log-INFO-已审核
2018-11-29 14:08:31,666-mp_log-INFO-审核失败
2018-11-29 14:08:32,034-mp_log-INFO-已审核
2018-11-29 14:08:32,292-mp_log-INFO-已审核
2018-11-29 14:08:32,668-mp_log-INFO-已审核
2018-11-29 14:08:32,963-mp_log-INFO-已审核
2018-11-29 14:08:33,280-mp_log-INFO-已审核
2018-11-29 14:08:33,524-mp_log-INFO-已审核
2018-11-29 14:08:33,918-mp_log-INFO-已审核
2018-11-29 14:08:34,121-mp_log-INFO-审核失败
2018-11-29 14:08:34,392-mp_log-INFO-已审核
2018-11-29 14:08:34,679-mp_log-INFO-已审核
2018-11-29 14:08:35,027-mp_log-INFO-已审核
2018-11-29 14:08:35,608-mp_log-INFO-已审核
2018-11-29 14:08:35,674-mp_log-INFO-审核失败
2018-11-29 14:08:35,900-mp_log-INFO-已审核
2018-11-29 14:08:36,290-mp_log-INFO-已审核
2018-11-29 14:08:36,564-mp_log-INFO-已审核
2018-11-29 14:08:36,813-mp_log-INFO-已审核
2018-11-29 14:08:37,146-mp_log-INFO-审核失败
2018-11-29 14:08:37,380-mp_log-INFO-审核失败
2018-11-29 14:08:37,771-mp_log-INFO-审核失败
2018-11-29 14:08:38,037-mp_log-INFO-已审核
2018-11-29 14:08:38,297-mp_log-INFO-审核失败
2018-11-29 14:08:38,654-mp_log-INFO-已审核
2018-11-29 14:08:38,998-mp_log-INFO-审核失败
2018-11-29 14:08:39,398-mp_log-INFO-已审核
2018-11-29 14:08:39,551-mp_log-INFO-已审核
2018-11-29 14:08:39,871-mp_log-INFO-已审核
2018-11-29 14:08:40,191-mp_log-INFO-审核失败
2018-11-29 14:08:40,585-mp_log-INFO-审核失败
2018-11-29 14:08:40,759-mp_log-INFO-审核失败
2018-11-29 14:08:41,046-mp_log-INFO-审核失败
2018-11-29 14:08:41,683-mp_log-INFO-审核失败
2018-11-29 14:08:41,915-mp_log-INFO-审核失败
2018-11-29 14:08:42,252-mp_log-INFO-已审核
2018-11-29 14:08:42,735-mp_log-INFO-审核失败
2018-11-29 14:08:43,114-mp_log-INFO-已审核
2018-11-29 14:08:43,340-mp_log-INFO-已审核
2018-11-29 14:08:43,450-mp_log-INFO-审核失败
2018-11-29 14:08:43,742-mp_log-INFO-已审核
2018-11-29 14:08:43,979-mp_log-INFO-已审核
2018-11-29 14:08:44,395-mp_log-INFO-已审核
2018-11-29 14:08:44,749-mp_log-INFO-已审核
2018-11-29 14:08:45,158-mp_log-INFO-已审核
2018-11-29 14:08:45,212-mp_log-INFO-审核失败
2018-11-29 14:08:45,558-mp_log-INFO-已审核
2018-11-29 14:08:45,882-mp_log-INFO-已审核
2018-11-29 14:08:46,138-mp_log-INFO-已审核
2018-11-29 14:08:46,398-mp_log-INFO-审核失败
2018-11-29 14:08:46,721-mp_log-INFO-已审核
2018-11-29 14:08:47,054-mp_log-INFO-已审核
2018-11-29 14:08:47,378-mp_log-INFO-已审核
2018-11-29 14:08:47,629-mp_log-INFO-已审核
2018-11-29 14:08:47,922-mp_log-INFO-已审核
2018-11-29 14:08:48,462-mp_log-INFO-审核失败
2018-11-29 14:08:48,902-mp_log-INFO-已审核
2018-11-29 14:08:49,421-mp_log-INFO-审核失败
2018-11-29 14:08:49,424-mp_log-INFO-审核失败
2018-11-29 14:08:49,741-mp_log-INFO-审核失败
2018-11-29 14:08:49,990-mp_log-INFO-已审核
2018-11-29 14:08:50,366-mp_log-INFO-已审核
2018-11-29 14:08:50,640-mp_log-INFO-已审核
2018-11-29 14:08:50,902-mp_log-INFO-审核失败
2018-11-29 14:08:51,192-mp_log-INFO-已审核
2018-11-29 14:08:51,516-mp_log-INFO-已审核
2018-11-29 14:08:51,784-mp_log-INFO-已审核
2018-11-29 14:08:52,143-mp_log-INFO-已审核
2018-11-29 14:08:52,447-mp_log-INFO-审核失败
2018-11-29 14:08:52,905-mp_log-INFO-审核失败
2018-11-29 14:08:53,011-mp_log-INFO-已审核
2018-11-29 14:08:53,386-mp_log-INFO-已审核
2018-11-29 14:08:53,651-mp_log-INFO-已审核
2018-11-29 14:08:53,881-mp_log-INFO-已审核
2018-11-29 14:08:54,356-mp_log-INFO-已审核
2018-11-29 14:08:54,585-mp_log-INFO-审核失败
2018-11-29 14:08:54,825-mp_log-INFO-已审核
2018-11-29 14:08:55,128-mp_log-INFO-已审核
2018-11-29 14:08:55,514-mp_log-INFO-审核失败
2018-11-29 14:08:55,794-mp_log-INFO-已审核
2018-11-29 14:08:56,035-mp_log-INFO-已审核
2018-11-29 14:08:56,364-mp_log-INFO-已审核
2018-11-29 14:08:56,621-mp_log-INFO-审核失败
2018-11-29 14:08:56,963-mp_log-INFO-已审核
2018-11-29 14:08:57,277-mp_log-INFO-审核失败
2018-11-29 14:08:57,637-mp_log-INFO-已审核
2018-11-29 14:08:57,910-mp_log-INFO-审核失败
2018-11-29 14:08:58,137-mp_log-INFO-审核失败
2018-11-29 14:08:58,432-mp_log-INFO-已审核
2018-11-29 14:08:58,791-mp_log-INFO-已审核
2018-11-29 14:08:59,081-mp_log-INFO-已审核
2018-11-29 14:08:59,386-mp_log-INFO-审核失败
2018-11-29 14:08:59,630-mp_log-INFO-已审核
2018-11-29 14:08:59,913-mp_log-INFO-审核失败
2018-11-29 14:09:00,297-mp_log-INFO-审核失败
2018-11-29 14:09:00,594-mp_log-INFO-审核失败
2018-11-29 14:09:00,851-mp_log-INFO-已审核
2018-11-29 14:09:01,182-mp_log-INFO-已审核
2018-11-29 14:09:01,489-mp_log-INFO-已审核
2018-11-29 14:09:02,157-mp_log-INFO-已审核
2018-11-29 14:09:02,346-mp_log-INFO-已审核
2018-11-29 14:09:02,675-mp_log-INFO-已审核
2018-11-29 14:09:02,777-mp_log-INFO-已审核
2018-11-29 14:09:02,974-mp_log-INFO-已审核
2018-11-29 14:09:03,236-mp_log-INFO-审核失败
2018-11-29 14:09:03,620-mp_log-INFO-已审核
2018-11-29 14:09:03,886-mp_log-INFO-已审核
2018-11-29 14:09:04,223-mp_log-INFO-审核失败
2018-11-29 14:09:04,535-mp_log-INFO-审核失败
2018-11-29 14:09:04,794-mp_log-INFO-审核失败
2018-11-29 14:09:05,101-mp_log-INFO-已审核
2018-11-29 14:09:05,461-mp_log-INFO-已审核
2018-11-29 14:09:05,695-mp_log-INFO-已审核
2018-11-29 14:09:06,040-mp_log-INFO-已审核
2018-11-29 14:09:06,339-mp_log-INFO-已审核
2018-11-29 14:09:06,639-mp_log-INFO-已审核
2018-11-29 14:09:06,903-mp_log-INFO-已审核
2018-11-29 14:09:07,254-mp_log-INFO-已审核
2018-11-29 14:09:07,552-mp_log-INFO-已审核
2018-11-29 14:09:07,924-mp_log-INFO-已审核
2018-11-29 14:09:08,089-mp_log-INFO-已审核
2018-11-29 14:09:08,342-mp_log-INFO-审核中
2018-11-29 14:09:08,720-mp_log-INFO-已审核
2018-11-29 14:09:09,028-mp_log-INFO-已审核
2018-11-29 14:09:09,273-mp_log-INFO-已审核
2018-11-29 14:09:09,667-mp_log-INFO-已审核
2018-11-29 14:09:09,866-mp_log-INFO-已审核
2018-11-29 14:09:10,233-mp_log-INFO-审核中
2018-11-29 14:09:10,494-mp_log-INFO-已审核
2018-11-29 14:09:10,791-mp_log-INFO-审核失败
2018-11-29 14:09:11,070-mp_log-INFO-审核失败
2018-11-29 14:09:11,398-mp_log-INFO-已审核
2018-11-29 14:09:11,706-mp_log-INFO-已审核
2018-11-29 14:09:12,157-mp_log-INFO-已审核
2018-11-29 14:09:12,348-mp_log-INFO-已审核
2018-11-29 14:09:12,632-mp_log-INFO-已审核
2018-11-29 14:09:12,938-mp_log-INFO-已审核
