2018-11-26 19:28:35,182-Getlogin-ERROR-'token'
2018-11-26 19:28:35,184-mp_log-INFO-token获取成功......
2018-11-26 19:28:53,993-Getlogin-ERROR-'token'
2018-11-26 19:28:53,994-mp_log-INFO-token获取成功......
2018-11-26 19:28:54,048-mp_log-INFO-获取所有小程序信息成功......
2018-11-26 19:28:54,832-mp_log-INFO-获取最新模板信息成功.......
2018-11-26 19:28:55,990-mp_log-INFO-已审核
2018-11-26 19:28:56,779-mp_log-INFO-已审核
2018-11-26 19:28:57,235-mp_log-INFO-审核失败
2018-11-26 19:28:57,500-mp_log-INFO-审核失败
2018-11-26 19:28:57,676-mp_log-INFO-已审核
2018-11-26 19:28:58,084-mp_log-INFO-已审核
2018-11-26 19:28:58,290-mp_log-INFO-已审核
2018-11-26 19:28:58,608-mp_log-INFO-已审核
2018-11-26 19:28:58,942-mp_log-INFO-已审核
2018-11-26 19:28:59,298-mp_log-INFO-已审核
2018-11-26 19:28:59,499-mp_log-INFO-已审核
2018-11-26 19:28:59,798-mp_log-INFO-已审核
2018-11-26 19:29:00,142-mp_log-INFO-已审核
2018-11-26 19:29:00,422-mp_log-INFO-已审核
2018-11-26 19:29:00,813-mp_log-INFO-已审核
2018-11-26 19:29:00,999-mp_log-INFO-已审核
2018-11-26 19:29:01,406-mp_log-INFO-已审核
2018-11-26 19:29:01,574-mp_log-INFO-已审核
2018-11-26 19:29:01,858-mp_log-INFO-已审核
2018-11-26 19:29:02,226-mp_log-INFO-已审核
2018-11-26 19:29:02,907-mp_log-INFO-已审核
2018-11-26 19:29:02,933-mp_log-INFO-审核失败
2018-11-26 19:29:03,305-mp_log-INFO-审核失败
2018-11-26 19:29:03,607-mp_log-INFO-已审核
2018-11-26 19:29:04,142-mp_log-INFO-已审核
2018-11-26 19:29:04,229-mp_log-INFO-已审核
2018-11-26 19:29:04,900-mp_log-INFO-已审核
2018-11-26 19:29:05,207-mp_log-INFO-已审核
2018-11-26 19:29:11,374-mp_log-INFO-获取所有小程序信息成功......
2018-11-26 19:29:11,825-mp_log-INFO-获取最新模板信息成功.......
2018-11-26 19:29:12,842-mp_log-INFO-审核中
2018-11-26 19:29:13,185-mp_log-INFO-审核中
2018-11-26 19:29:13,487-mp_log-INFO-审核中
2018-11-26 19:29:14,153-mp_log-INFO-审核中
2018-11-26 19:29:14,786-mp_log-INFO-审核中
2018-11-26 19:29:14,963-mp_log-INFO-审核中
2018-11-26 19:29:15,330-mp_log-INFO-审核中
2018-11-26 19:29:15,573-mp_log-INFO-审核中
2018-11-26 19:29:15,829-mp_log-INFO-审核中
2018-11-26 19:29:16,250-mp_log-INFO-审核中
2018-11-26 19:29:16,460-mp_log-INFO-审核中
2018-11-26 19:29:16,968-mp_log-INFO-已审核
2018-11-26 19:29:17,414-mp_log-INFO-审核中
2018-11-26 19:29:17,476-mp_log-INFO-审核中
2018-11-26 19:29:17,728-mp_log-INFO-审核中
2018-11-26 19:29:18,066-mp_log-INFO-审核中
2018-11-26 19:29:18,306-mp_log-INFO-审核中
2018-11-26 19:29:18,576-mp_log-INFO-审核中
2018-11-26 19:29:18,924-mp_log-INFO-审核中
2018-11-26 19:29:19,196-mp_log-INFO-审核中
2018-11-26 19:29:19,465-mp_log-INFO-审核中
2018-11-26 19:29:19,860-mp_log-INFO-审核中
2018-11-26 19:29:20,122-mp_log-INFO-审核中
2018-11-26 19:29:20,687-mp_log-INFO-审核中
2018-11-26 19:29:21,117-mp_log-INFO-审核中
2018-11-26 19:29:21,325-mp_log-INFO-审核中
2018-11-26 19:29:21,595-mp_log-INFO-审核中
2018-11-26 19:29:21,977-mp_log-INFO-审核中
2018-11-26 19:29:22,167-mp_log-INFO-审核中
2018-11-26 19:29:22,548-mp_log-INFO-审核中
2018-11-26 19:29:22,957-mp_log-INFO-审核中
2018-11-26 19:29:23,104-mp_log-INFO-审核中
2018-11-26 19:29:23,376-mp_log-INFO-审核中
2018-11-26 19:29:23,712-mp_log-INFO-审核中
2018-11-26 19:29:24,036-mp_log-INFO-审核中
2018-11-26 19:29:24,295-mp_log-INFO-审核中
2018-11-26 19:29:24,986-mp_log-INFO-审核中
2018-11-26 19:29:25,237-mp_log-INFO-审核中
2018-11-26 19:29:25,302-mp_log-INFO-已审核
2018-11-26 19:29:25,540-mp_log-INFO-审核中
2018-11-26 19:29:25,834-mp_log-INFO-审核中
2018-11-26 19:29:26,176-mp_log-INFO-审核中
2018-11-26 19:29:26,354-mp_log-INFO-审核中
2018-11-26 19:29:26,727-mp_log-INFO-审核中
2018-11-26 19:29:26,968-mp_log-INFO-审核中
2018-11-26 19:29:27,311-mp_log-INFO-审核中
2018-11-26 19:29:27,599-mp_log-INFO-审核中
2018-11-26 19:29:27,912-mp_log-INFO-审核中
2018-11-26 19:29:28,533-mp_log-INFO-审核中
2018-11-26 19:29:28,875-mp_log-INFO-审核中
2018-11-26 19:29:28,943-mp_log-INFO-审核中
2018-11-26 19:29:29,306-mp_log-INFO-审核中
2018-11-26 19:29:29,427-mp_log-INFO-审核中
2018-11-26 19:29:29,811-mp_log-INFO-审核中
2018-11-26 19:29:29,999-mp_log-INFO-审核中
2018-11-26 19:29:30,268-mp_log-INFO-审核中
2018-11-26 19:29:30,557-mp_log-INFO-审核中
2018-11-26 19:29:30,998-mp_log-INFO-审核中
2018-11-26 19:29:31,207-mp_log-INFO-审核中
2018-11-26 19:29:31,452-mp_log-INFO-审核中
2018-11-26 19:29:31,836-mp_log-INFO-审核中
2018-11-26 19:29:32,057-mp_log-INFO-审核中
2018-11-26 19:29:32,379-mp_log-INFO-审核中
2018-11-26 19:29:32,716-mp_log-INFO-审核中
2018-11-26 19:29:33,070-mp_log-INFO-审核中
2018-11-26 19:29:33,433-mp_log-INFO-审核中
2018-11-26 19:29:33,682-mp_log-INFO-审核中
2018-11-26 19:29:34,009-mp_log-INFO-审核中
2018-11-26 19:29:34,182-mp_log-INFO-审核中
2018-11-26 19:29:34,517-mp_log-INFO-审核中
2018-11-26 19:29:34,836-mp_log-INFO-审核中
2018-11-26 19:29:35,116-mp_log-INFO-审核中
2018-11-26 19:29:35,393-mp_log-INFO-审核中
2018-11-26 19:29:35,723-mp_log-INFO-审核中
2018-11-26 19:29:35,967-mp_log-INFO-审核中
2018-11-26 19:29:36,385-mp_log-INFO-审核中
2018-11-26 19:29:36,620-mp_log-INFO-审核中
2018-11-26 19:29:36,990-mp_log-INFO-审核中
2018-11-26 19:29:37,538-mp_log-INFO-审核中
2018-11-26 19:29:37,872-mp_log-INFO-审核中
2018-11-26 19:29:38,088-mp_log-INFO-审核中
2018-11-26 19:29:38,362-mp_log-INFO-审核中
2018-11-26 19:29:38,829-mp_log-INFO-审核中
2018-11-26 19:29:39,017-mp_log-INFO-审核中
2018-11-26 19:29:39,710-mp_log-INFO-审核中
2018-11-26 19:29:39,747-mp_log-INFO-审核中
2018-11-26 19:29:39,917-mp_log-INFO-审核中
2018-11-26 19:29:40,220-mp_log-INFO-审核中
2018-11-26 19:29:40,513-mp_log-INFO-审核中
2018-11-26 19:29:40,901-mp_log-INFO-审核中
2018-11-26 19:29:41,184-mp_log-INFO-审核中
2018-11-26 19:29:41,371-mp_log-INFO-审核中
2018-11-26 19:29:41,806-mp_log-INFO-审核中
2018-11-26 19:29:42,305-mp_log-INFO-审核中
2018-11-26 19:29:42,351-mp_log-INFO-审核中
2018-11-26 19:29:42,750-mp_log-INFO-审核中
2018-11-26 19:29:42,931-mp_log-INFO-审核中
2018-11-26 19:29:43,188-mp_log-INFO-审核中
2018-11-26 19:29:43,655-mp_log-INFO-审核中
2018-11-26 19:29:43,812-mp_log-INFO-审核中
2018-11-26 19:29:44,200-mp_log-INFO-审核中
2018-11-26 19:29:44,436-mp_log-INFO-审核中
2018-11-26 19:29:44,937-mp_log-INFO-审核中
2018-11-26 19:29:45,072-mp_log-INFO-审核中
2018-11-26 19:29:45,356-mp_log-INFO-审核中
2018-11-26 19:29:46,193-mp_log-INFO-审核中
2018-11-26 19:29:46,261-mp_log-INFO-审核中
2018-11-26 19:29:46,649-mp_log-INFO-审核中
2018-11-26 19:29:46,913-mp_log-INFO-审核中
2018-11-26 19:29:47,161-mp_log-INFO-审核中
2018-11-26 19:29:47,420-mp_log-INFO-审核中
2018-11-26 19:29:47,787-mp_log-INFO-审核中
2018-11-26 19:29:48,039-mp_log-INFO-审核中
2018-11-26 19:29:48,327-mp_log-INFO-审核中
2018-11-26 19:29:48,656-mp_log-INFO-审核中
2018-11-26 19:29:50,083-mp_log-INFO-审核中
2018-11-26 19:29:50,091-mp_log-INFO-审核中
2018-11-26 19:29:50,478-mp_log-INFO-审核中
2018-11-26 19:29:50,809-mp_log-INFO-审核中
2018-11-26 19:29:50,814-mp_log-INFO-审核中
2018-11-26 19:29:51,344-mp_log-INFO-审核中
2018-11-26 19:29:51,585-mp_log-INFO-审核中
2018-11-26 19:29:51,772-mp_log-INFO-审核中
2018-11-26 19:29:52,642-mp_log-INFO-审核中
2018-11-26 19:29:53,147-mp_log-INFO-审核中
2018-11-26 19:29:53,239-mp_log-INFO-审核中
2018-11-26 19:29:53,765-mp_log-INFO-审核中
2018-11-26 19:29:53,765-mp_log-INFO-审核中
2018-11-26 19:29:54,067-mp_log-INFO-审核中
2018-11-26 19:29:54,140-mp_log-INFO-审核中
2018-11-26 19:29:54,357-mp_log-INFO-审核中
2018-11-26 19:29:54,616-mp_log-INFO-审核中
2018-11-26 19:29:54,699-mp_log-INFO-审核中
2018-11-26 19:29:54,917-mp_log-INFO-已审核
2018-11-26 19:29:55,282-mp_log-INFO-审核中
2018-11-26 19:29:55,597-mp_log-INFO-审核中
2018-11-26 19:29:56,186-mp_log-INFO-审核中
2018-11-26 19:29:56,482-mp_log-INFO-审核中
2018-11-26 19:29:56,816-mp_log-INFO-审核中
2018-11-26 19:29:57,436-mp_log-INFO-审核中
2018-11-26 19:29:57,695-mp_log-INFO-审核中
2018-11-26 19:29:58,272-mp_log-INFO-审核中
2018-11-26 19:29:58,576-mp_log-INFO-审核中
2018-11-26 19:29:58,644-mp_log-INFO-审核中
2018-11-26 19:29:58,852-mp_log-INFO-审核中
2018-11-26 19:30:00,323-mp_log-INFO-审核中
2018-11-26 19:30:00,576-mp_log-INFO-审核中
2018-11-26 19:30:00,601-mp_log-INFO-审核中
2018-11-26 19:30:01,065-mp_log-INFO-审核中
2018-11-26 19:30:01,101-mp_log-INFO-审核中
2018-11-26 19:30:01,437-mp_log-INFO-审核中
2018-11-26 19:30:01,581-mp_log-INFO-审核中
2018-11-26 19:30:01,875-mp_log-INFO-审核中
2018-11-26 19:30:01,876-mp_log-INFO-审核中
2018-11-26 19:30:02,604-mp_log-INFO-审核中
2018-11-26 19:30:02,783-mp_log-INFO-审核中
2018-11-26 19:30:03,102-mp_log-INFO-审核中
2018-11-26 19:30:03,241-mp_log-INFO-审核中
2018-11-26 19:30:03,861-mp_log-INFO-审核中
2018-11-26 19:30:03,955-mp_log-INFO-审核中
2018-11-26 19:30:04,091-mp_log-INFO-审核中
2018-11-26 19:30:04,206-mp_log-INFO-审核中
2018-11-26 19:30:04,588-mp_log-INFO-审核中
2018-11-26 19:30:04,883-mp_log-INFO-审核中
2018-11-26 19:30:04,970-mp_log-INFO-审核中
2018-11-26 19:30:05,181-mp_log-INFO-审核中
2018-11-26 19:30:05,391-mp_log-INFO-审核中
2018-11-26 19:30:05,501-mp_log-INFO-审核中
2018-11-26 19:30:06,086-mp_log-INFO-审核中
2018-11-26 19:30:06,470-mp_log-INFO-审核中
2018-11-26 19:30:06,709-mp_log-INFO-审核中
2018-11-26 19:30:06,914-mp_log-INFO-审核中
2018-11-26 19:30:07,372-mp_log-INFO-审核中
2018-11-26 19:30:07,676-mp_log-INFO-审核中
2018-11-26 19:30:07,915-mp_log-INFO-审核中
2018-11-26 19:30:08,497-mp_log-INFO-审核中
2018-11-26 19:30:08,812-mp_log-INFO-审核中
2018-11-26 19:30:09,051-mp_log-INFO-审核中
2018-11-26 19:30:09,145-mp_log-INFO-审核失败
2018-11-26 19:30:09,522-mp_log-INFO-审核失败
2018-11-26 19:30:09,882-mp_log-INFO-审核中
2018-11-26 19:30:10,247-mp_log-INFO-已审核
2018-11-26 19:30:10,338-mp_log-INFO-已审核
2018-11-26 19:30:10,709-mp_log-INFO-审核中
2018-11-26 19:30:10,972-mp_log-INFO-已审核
2018-11-26 19:30:11,546-mp_log-INFO-已审核
2018-11-26 19:30:11,803-mp_log-INFO-已审核
2018-11-26 19:30:11,938-mp_log-INFO-已审核
2018-11-26 19:30:12,635-mp_log-INFO-已审核
2018-11-26 19:30:13,225-mp_log-INFO-审核中
2018-11-26 19:30:13,390-mp_log-INFO-已审核
2018-11-26 19:30:13,525-mp_log-INFO-已审核
2018-11-26 19:30:13,589-mp_log-INFO-已审核
2018-11-26 19:30:13,640-mp_log-INFO-已审核
2018-11-26 19:30:13,844-mp_log-INFO-已审核
2018-11-26 19:30:13,968-mp_log-INFO-已审核
2018-11-26 19:30:14,206-mp_log-INFO-已审核
2018-11-26 19:30:14,491-mp_log-INFO-已审核
2018-11-26 19:30:14,846-mp_log-INFO-已审核
2018-11-26 19:30:15,081-mp_log-INFO-已审核
2018-11-26 19:30:15,392-mp_log-INFO-审核失败
2018-11-26 19:30:15,654-mp_log-INFO-审核失败
2018-11-26 19:30:16,006-mp_log-INFO-已审核
2018-11-26 19:30:16,607-mp_log-INFO-已审核
2018-11-26 19:30:17,499-mp_log-INFO-已审核
2018-11-26 19:30:17,716-mp_log-INFO-已审核
2018-11-26 19:30:18,630-mp_log-INFO-已审核
