2018-11-03 17:09:31,406-Getlogin-INFO-登录成功，获取mp端token.....
2018-11-03 17:09:31,410-mp_log-INFO-token获取成功......
2018-11-03 17:09:43,598-mp_log-INFO-获取所有小程序信息成功......
2018-11-03 17:09:44,151-mp_log-INFO-获取最新模板信息成功.......
2018-11-03 17:09:45,274-mp_log-INFO-审核失败
2018-11-03 17:09:45,642-mp_log-INFO-已审核
2018-11-03 17:09:46,144-mp_log-INFO-审核失败
2018-11-03 17:09:46,865-mp_log-INFO-审核失败
2018-11-03 17:09:47,150-mp_log-INFO-审核失败
2018-11-03 17:09:47,472-mp_log-INFO-审核失败
2018-11-03 17:09:47,730-mp_log-INFO-审核失败
2018-11-03 17:09:48,119-mp_log-INFO-已审核
2018-11-03 17:09:48,249-mp_log-INFO-审核失败
2018-11-03 17:09:48,618-mp_log-INFO-已审核
2018-11-03 17:09:48,934-mp_log-INFO-审核失败
2018-11-03 17:09:49,251-mp_log-INFO-审核失败
2018-11-03 17:09:49,550-mp_log-INFO-审核失败
2018-11-03 17:09:50,034-mp_log-INFO-审核失败
2018-11-03 17:09:50,311-mp_log-INFO-已审核
2018-11-03 17:09:50,796-mp_log-INFO-已审核
2018-11-03 17:09:51,173-mp_log-INFO-审核失败
2018-11-03 17:09:51,209-mp_log-INFO-已审核
2018-11-03 17:09:51,447-mp_log-INFO-已审核
2018-11-03 17:09:52,882-mp_log-INFO-已审核
2018-11-03 17:09:53,252-mp_log-INFO-审核失败
2018-11-03 17:09:53,341-mp_log-INFO-已审核
2018-11-03 17:09:53,440-mp_log-INFO-已审核
2018-11-03 17:09:53,854-mp_log-INFO-审核失败
2018-11-03 17:09:54,039-mp_log-INFO-已审核
2018-11-03 17:09:54,126-mp_log-INFO-审核失败
2018-11-03 17:09:54,406-mp_log-INFO-已审核
2018-11-03 17:09:54,614-mp_log-INFO-已审核
2018-11-03 17:09:54,940-mp_log-INFO-已审核
2018-11-03 17:09:55,256-mp_log-INFO-已审核
2018-11-03 17:09:55,584-mp_log-INFO-审核失败
2018-11-03 17:09:55,939-mp_log-INFO-已审核
2018-11-03 17:09:56,164-mp_log-INFO-审核失败
2018-11-03 17:09:56,572-mp_log-INFO-已审核
2018-11-03 17:09:56,919-mp_log-INFO-已审核
2018-11-03 17:09:57,181-mp_log-INFO-已审核
2018-11-03 17:09:57,390-mp_log-INFO-审核失败
2018-11-03 17:09:57,697-mp_log-INFO-已审核
2018-11-03 17:09:57,965-mp_log-INFO-已审核
2018-11-03 17:09:58,310-mp_log-INFO-已审核
2018-11-03 17:09:58,572-mp_log-INFO-审核失败
2018-11-03 17:09:58,927-mp_log-INFO-已审核
2018-11-03 17:09:59,402-mp_log-INFO-已审核
2018-11-03 17:09:59,640-mp_log-INFO-已审核
2018-11-03 17:09:59,959-mp_log-INFO-审核失败
2018-11-03 17:10:00,309-mp_log-INFO-已审核
2018-11-03 17:10:00,483-mp_log-INFO-已审核
2018-11-03 17:10:00,624-mp_log-INFO-已审核
2018-11-03 17:10:01,050-mp_log-INFO-已审核
2018-11-03 17:10:01,325-mp_log-INFO-已审核
2018-11-03 17:10:01,598-mp_log-INFO-已审核
2018-11-03 17:10:01,904-mp_log-INFO-已审核
2018-11-03 17:10:02,206-mp_log-INFO-已审核
2018-11-03 17:10:02,489-mp_log-INFO-审核失败
2018-11-03 17:10:02,882-mp_log-INFO-已审核
2018-11-03 17:10:03,083-mp_log-INFO-审核失败
2018-11-03 17:10:03,429-mp_log-INFO-已审核
2018-11-03 17:10:03,677-mp_log-INFO-审核失败
2018-11-03 17:10:03,964-mp_log-INFO-审核失败
2018-11-03 17:10:04,455-mp_log-INFO-已审核
2018-11-03 17:10:04,625-mp_log-INFO-已审核
2018-11-03 17:10:04,925-mp_log-INFO-已审核
2018-11-03 17:10:05,188-mp_log-INFO-审核失败
2018-11-03 17:10:05,417-mp_log-INFO-审核失败
2018-11-03 17:10:05,824-mp_log-INFO-审核失败
2018-11-03 17:10:06,074-mp_log-INFO-已审核
2018-11-03 17:10:06,379-mp_log-INFO-已审核
2018-11-03 17:10:06,619-mp_log-INFO-审核失败
2018-11-03 17:10:06,994-mp_log-INFO-审核失败
2018-11-03 17:10:07,244-mp_log-INFO-已审核
2018-11-03 17:10:07,629-mp_log-INFO-已审核
2018-11-03 17:10:07,841-mp_log-INFO-已审核
2018-11-03 17:10:08,136-mp_log-INFO-已审核
2018-11-03 17:10:08,433-mp_log-INFO-已审核
2018-11-03 17:10:08,801-mp_log-INFO-审核失败
2018-11-03 17:10:09,107-mp_log-INFO-已审核
2018-11-03 17:10:09,458-mp_log-INFO-审核失败
2018-11-03 17:10:09,712-mp_log-INFO-审核失败
2018-11-03 17:10:09,999-mp_log-INFO-审核失败
2018-11-03 17:10:10,496-mp_log-INFO-已审核
2018-11-03 17:10:10,626-mp_log-INFO-已审核
2018-11-03 17:10:10,937-mp_log-INFO-已审核
2018-11-03 17:10:11,205-mp_log-INFO-审核失败
2018-11-03 17:10:11,498-mp_log-INFO-审核失败
2018-11-03 17:10:11,786-mp_log-INFO-审核失败
2018-11-03 17:10:12,104-mp_log-INFO-审核失败
2018-11-03 17:10:12,588-mp_log-INFO-已审核
2018-11-03 17:10:12,681-mp_log-INFO-审核失败
2018-11-03 17:10:13,005-mp_log-INFO-已审核
2018-11-03 17:10:13,277-mp_log-INFO-审核失败
2018-11-03 17:10:13,611-mp_log-INFO-审核失败
2018-11-03 17:10:13,940-mp_log-INFO-已审核
2018-11-03 17:10:14,268-mp_log-INFO-已审核
2018-11-03 17:10:14,449-mp_log-INFO-审核失败
2018-11-03 17:10:14,820-mp_log-INFO-审核失败
2018-11-03 17:10:15,078-mp_log-INFO-审核失败
2018-11-03 17:10:15,357-mp_log-INFO-审核失败
2018-11-03 17:10:16,051-mp_log-INFO-审核失败
2018-11-03 17:10:16,300-mp_log-INFO-审核失败
2018-11-03 17:10:16,632-mp_log-INFO-已审核
2018-11-03 17:10:16,908-mp_log-INFO-审核失败
2018-11-03 17:10:17,243-mp_log-INFO-已审核
2018-11-03 17:10:17,483-mp_log-INFO-审核失败
2018-11-03 17:10:17,794-mp_log-INFO-审核失败
2018-11-03 17:10:18,053-mp_log-INFO-已审核
2018-11-03 17:10:18,391-mp_log-INFO-审核失败
2018-11-03 17:10:18,731-mp_log-INFO-已审核
2018-11-03 17:10:19,022-mp_log-INFO-已审核
2018-11-03 17:10:19,403-mp_log-INFO-已审核
2018-11-03 17:10:19,586-mp_log-INFO-已审核
2018-11-03 17:10:19,959-mp_log-INFO-审核失败
2018-11-03 17:10:20,187-mp_log-INFO-已审核
2018-11-03 17:10:20,456-mp_log-INFO-已审核
2018-11-03 17:10:20,775-mp_log-INFO-审核失败
2018-11-03 17:10:21,065-mp_log-INFO-审核失败
2018-11-03 17:10:21,434-mp_log-INFO-已审核
2018-11-03 17:10:21,715-mp_log-INFO-已审核
2018-11-03 17:10:22,100-mp_log-INFO-已审核
2018-11-03 17:10:22,216-mp_log-INFO-审核失败
2018-11-03 17:10:22,605-mp_log-INFO-已审核
2018-11-03 17:10:22,961-mp_log-INFO-审核失败
2018-11-03 17:10:23,207-mp_log-INFO-审核失败
2018-11-03 17:10:23,554-mp_log-INFO-审核失败
2018-11-03 17:10:23,833-mp_log-INFO-审核失败
2018-11-03 17:10:24,083-mp_log-INFO-已审核
2018-11-03 17:10:24,356-mp_log-INFO-审核失败
2018-11-03 17:10:24,767-mp_log-INFO-审核失败
2018-11-03 17:10:24,991-mp_log-INFO-审核失败
2018-11-03 17:10:25,309-mp_log-INFO-已审核
2018-11-03 17:10:25,572-mp_log-INFO-已审核
2018-11-03 17:10:25,936-mp_log-INFO-已审核
2018-11-03 17:10:26,204-mp_log-INFO-已审核
2018-11-03 17:10:26,509-mp_log-INFO-已审核
2018-11-03 17:10:27,062-mp_log-INFO-已审核
2018-11-03 17:10:27,224-mp_log-INFO-已审核
2018-11-03 17:10:27,355-mp_log-INFO-审核失败
2018-11-03 17:10:27,740-mp_log-INFO-已审核
2018-11-03 17:10:28,021-mp_log-INFO-审核失败
2018-11-03 17:10:28,276-mp_log-INFO-已审核
2018-11-03 17:10:28,558-mp_log-INFO-已审核
2018-11-03 17:10:28,864-mp_log-INFO-审核失败
2018-11-03 17:10:29,185-mp_log-INFO-审核失败
2018-11-03 17:10:29,534-mp_log-INFO-已审核
2018-11-03 17:10:29,859-mp_log-INFO-已审核
2018-11-03 17:10:30,073-mp_log-INFO-审核失败
2018-11-03 17:10:30,386-mp_log-INFO-已审核
2018-11-03 17:10:30,743-mp_log-INFO-审核失败
2018-11-03 17:10:31,097-mp_log-INFO-已审核
2018-11-03 17:10:31,356-mp_log-INFO-审核失败
2018-11-03 17:10:31,616-mp_log-INFO-审核失败
2018-11-03 17:10:31,890-mp_log-INFO-已审核
2018-11-03 17:10:32,210-mp_log-INFO-已审核
2018-11-03 17:10:32,473-mp_log-INFO-已审核
2018-11-03 17:10:32,840-mp_log-INFO-已审核
2018-11-03 17:10:33,070-mp_log-INFO-审核失败
2018-11-03 17:10:33,344-mp_log-INFO-审核失败
2018-11-03 17:10:33,704-mp_log-INFO-审核失败
2018-11-03 17:10:33,976-mp_log-INFO-审核失败
2018-11-03 17:10:34,286-mp_log-INFO-已审核
2018-11-03 17:10:34,616-mp_log-INFO-审核失败
2018-11-03 17:10:34,898-mp_log-INFO-审核失败
2018-11-03 17:10:35,444-mp_log-INFO-审核失败
2018-11-03 17:10:36,034-mp_log-INFO-已审核
2018-11-03 17:10:36,105-mp_log-INFO-审核失败
2018-11-03 17:10:36,440-mp_log-INFO-审核失败
2018-11-03 17:10:36,748-mp_log-INFO-审核失败
2018-11-03 17:10:37,006-mp_log-INFO-已审核
2018-11-03 17:10:37,371-mp_log-INFO-审核失败
2018-11-03 17:10:37,642-mp_log-INFO-审核失败
2018-11-03 17:10:37,885-mp_log-INFO-审核失败
2018-11-03 17:10:38,229-mp_log-INFO-已审核
2018-11-03 17:10:38,525-mp_log-INFO-已审核
2018-11-03 17:10:38,834-mp_log-INFO-审核失败
2018-11-03 17:10:39,125-mp_log-INFO-审核失败
2018-11-03 17:10:39,467-mp_log-INFO-审核失败
2018-11-03 17:10:39,660-mp_log-INFO-已审核
2018-11-03 17:10:40,017-mp_log-INFO-已审核
2018-11-03 17:10:40,303-mp_log-INFO-审核失败
2018-11-03 17:10:40,587-mp_log-INFO-审核失败
2018-11-03 17:10:40,927-mp_log-INFO-已审核
2018-11-03 17:10:41,177-mp_log-INFO-已审核
2018-11-03 17:10:41,500-mp_log-INFO-已审核
2018-11-03 17:10:41,781-mp_log-INFO-已审核
2018-11-03 17:10:42,225-mp_log-INFO-审核失败
2018-11-03 17:10:42,504-mp_log-INFO-已审核
2018-11-03 17:10:42,652-mp_log-INFO-审核失败
2018-11-03 17:10:43,034-mp_log-INFO-已审核
2018-11-03 17:10:43,524-mp_log-INFO-已审核
2018-11-03 17:10:43,652-mp_log-INFO-审核失败
2018-11-03 17:10:43,917-mp_log-INFO-已审核
2018-11-03 17:10:44,251-mp_log-INFO-审核失败
2018-11-03 17:10:44,497-mp_log-INFO-审核失败
2018-11-03 17:10:44,887-mp_log-INFO-已审核
2018-11-03 17:10:45,120-mp_log-INFO-审核失败
