2018-11-28 20:10:17,236-Getlogin-ERROR-'token'
2018-11-28 20:10:17,238-mp_log-INFO-token获取成功......
2018-11-28 20:10:35,841-mp_log-INFO-获取所有小程序信息成功......
2018-11-28 20:10:36,425-mp_log-INFO-获取最新模板信息成功.......
2018-11-28 20:10:37,511-mp_log-INFO-审核失败
2018-11-28 20:10:37,877-mp_log-INFO-审核失败
2018-11-28 20:10:38,219-mp_log-INFO-已审核
2018-11-28 20:10:38,898-mp_log-INFO-已审核
2018-11-28 20:10:39,471-mp_log-INFO-已审核
2018-11-28 20:10:39,937-mp_log-INFO-审核失败
2018-11-28 20:10:40,266-mp_log-INFO-审核失败
2018-11-28 20:10:40,565-mp_log-INFO-审核失败
2018-11-28 20:10:40,653-mp_log-INFO-审核失败
2018-11-28 20:10:40,878-mp_log-INFO-已审核
2018-11-28 20:10:41,144-mp_log-INFO-已审核
2018-11-28 20:10:41,581-mp_log-INFO-已审核
2018-11-28 20:10:41,833-mp_log-INFO-已审核
2018-11-28 20:10:42,118-mp_log-INFO-审核失败
2018-11-28 20:10:42,478-mp_log-INFO-审核失败
2018-11-28 20:10:42,693-mp_log-INFO-已审核
2018-11-28 20:10:43,158-mp_log-INFO-已审核
2018-11-28 20:10:43,820-mp_log-INFO-已审核
2018-11-28 20:10:43,905-mp_log-INFO-已审核
2018-11-28 20:10:43,971-mp_log-INFO-已审核
2018-11-28 20:10:44,237-mp_log-INFO-已审核
2018-11-28 20:10:44,460-mp_log-INFO-已审核
2018-11-28 20:10:44,778-mp_log-INFO-已审核
2018-11-28 20:10:45,652-mp_log-INFO-已审核
2018-11-28 20:10:45,825-mp_log-INFO-已审核
2018-11-28 20:10:46,278-mp_log-INFO-审核失败
2018-11-28 20:10:46,281-mp_log-INFO-已审核
2018-11-28 20:10:46,666-mp_log-INFO-已审核
2018-11-28 20:10:46,929-mp_log-INFO-审核失败
2018-11-28 20:10:47,172-mp_log-INFO-审核失败
2018-11-28 20:10:47,470-mp_log-INFO-审核失败
2018-11-28 20:10:48,112-mp_log-INFO-已审核
2018-11-28 20:10:48,364-mp_log-INFO-已审核
2018-11-28 20:10:48,430-mp_log-INFO-已审核
2018-11-28 20:10:48,821-mp_log-INFO-已审核
2018-11-28 20:10:49,047-mp_log-INFO-审核失败
2018-11-28 20:10:49,292-mp_log-INFO-已审核
2018-11-28 20:10:49,582-mp_log-INFO-已审核
2018-11-28 20:10:49,983-mp_log-INFO-已审核
2018-11-28 20:10:50,421-mp_log-INFO-已审核
2018-11-28 20:10:50,495-mp_log-INFO-已审核
2018-11-28 20:10:50,838-mp_log-INFO-审核失败
2018-11-28 20:10:51,079-mp_log-INFO-已审核
2018-11-28 20:10:51,638-mp_log-INFO-审核失败
2018-11-28 20:10:51,900-mp_log-INFO-已审核
2018-11-28 20:10:52,385-mp_log-INFO-已审核
2018-11-28 20:10:52,742-mp_log-INFO-已审核
2018-11-28 20:10:53,221-mp_log-INFO-审核失败
2018-11-28 20:10:53,421-mp_log-INFO-已审核
2018-11-28 20:10:53,480-mp_log-INFO-审核失败
2018-11-28 20:10:53,732-mp_log-INFO-已审核
2018-11-28 20:10:53,777-mp_log-INFO-审核失败
2018-11-28 20:10:54,067-mp_log-INFO-审核失败
2018-11-28 20:10:54,383-mp_log-INFO-已审核
2018-11-28 20:10:54,696-mp_log-INFO-已审核
2018-11-28 20:10:55,085-mp_log-INFO-已审核
2018-11-28 20:10:55,336-mp_log-INFO-已审核
2018-11-28 20:10:55,573-mp_log-INFO-已审核
2018-11-28 20:10:55,965-mp_log-INFO-已审核
2018-11-28 20:10:56,499-mp_log-INFO-已审核
2018-11-28 20:10:56,541-mp_log-INFO-审核失败
2018-11-28 20:10:57,077-mp_log-INFO-审核失败
2018-11-28 20:10:57,156-mp_log-INFO-已审核
2018-11-28 20:10:57,655-mp_log-INFO-已审核
2018-11-28 20:10:57,996-mp_log-INFO-审核失败
2018-11-28 20:10:58,090-mp_log-INFO-已审核
2018-11-28 20:10:58,311-mp_log-INFO-审核失败
2018-11-28 20:10:58,631-mp_log-INFO-审核失败
2018-11-28 20:10:59,169-mp_log-INFO-审核失败
2018-11-28 20:10:59,757-mp_log-INFO-审核失败
2018-11-28 20:10:59,834-mp_log-INFO-审核失败
2018-11-28 20:10:59,909-mp_log-INFO-审核失败
2018-11-28 20:11:00,054-mp_log-INFO-已审核
2018-11-28 20:11:00,944-mp_log-INFO-已审核
2018-11-28 20:11:01,178-mp_log-INFO-审核失败
2018-11-28 20:11:01,427-mp_log-INFO-已审核
2018-11-28 20:11:01,448-mp_log-INFO-已审核
2018-11-28 20:11:01,637-mp_log-INFO-已审核
2018-11-28 20:11:01,969-mp_log-INFO-已审核
2018-11-28 20:11:02,264-mp_log-INFO-已审核
2018-11-28 20:11:02,817-mp_log-INFO-已审核
2018-11-28 20:11:03,146-mp_log-INFO-已审核
2018-11-28 20:11:03,430-mp_log-INFO-审核失败
2018-11-28 20:11:03,476-mp_log-INFO-已审核
2018-11-28 20:11:04,122-mp_log-INFO-已审核
2018-11-28 20:11:04,187-mp_log-INFO-已审核
2018-11-28 20:11:04,417-mp_log-INFO-已审核
2018-11-28 20:11:04,680-mp_log-INFO-已审核
2018-11-28 20:11:05,159-mp_log-INFO-审核失败
2018-11-28 20:11:05,265-mp_log-INFO-已审核
2018-11-28 20:11:05,859-mp_log-INFO-已审核
2018-11-28 20:11:06,187-mp_log-INFO-已审核
2018-11-28 20:11:06,389-mp_log-INFO-已审核
2018-11-28 20:11:06,760-mp_log-INFO-审核失败
2018-11-28 20:11:06,818-mp_log-INFO-审核失败
2018-11-28 20:11:07,158-mp_log-INFO-审核失败
2018-11-28 20:11:07,369-mp_log-INFO-已审核
2018-11-28 20:11:07,619-mp_log-INFO-审核失败
2018-11-28 20:11:08,290-mp_log-INFO-已审核
2018-11-28 20:11:08,796-mp_log-INFO-已审核
2018-11-28 20:11:09,495-mp_log-INFO-已审核
2018-11-28 20:11:09,526-mp_log-INFO-审核失败
2018-11-28 20:11:09,556-mp_log-INFO-已审核
2018-11-28 20:11:10,366-mp_log-INFO-审核失败
2018-11-28 20:11:10,877-mp_log-INFO-审核失败
2018-11-28 20:11:11,009-mp_log-INFO-审核失败
2018-11-28 20:11:11,175-mp_log-INFO-审核失败
2018-11-28 20:11:11,288-mp_log-INFO-审核失败
2018-11-28 20:11:11,508-mp_log-INFO-审核失败
2018-11-28 20:11:11,611-mp_log-INFO-已审核
2018-11-28 20:11:12,158-mp_log-INFO-已审核
2018-11-28 20:11:12,511-mp_log-INFO-已审核
2018-11-28 20:11:12,793-mp_log-INFO-审核失败
2018-11-28 20:11:13,164-mp_log-INFO-已审核
2018-11-28 20:11:13,448-mp_log-INFO-已审核
2018-11-28 20:11:13,661-mp_log-INFO-已审核
2018-11-28 20:11:14,192-mp_log-INFO-已审核
2018-11-28 20:11:14,274-mp_log-INFO-审核失败
2018-11-28 20:11:14,319-mp_log-INFO-已审核
2018-11-28 20:11:14,560-mp_log-INFO-审核失败
2018-11-28 20:11:14,977-mp_log-INFO-已审核
2018-11-28 20:11:15,743-mp_log-INFO-已审核
2018-11-28 20:11:15,761-mp_log-INFO-已审核
2018-11-28 20:11:15,933-mp_log-INFO-审核失败
2018-11-28 20:11:16,096-mp_log-INFO-已审核
2018-11-28 20:11:16,502-mp_log-INFO-已审核
2018-11-28 20:11:16,745-mp_log-INFO-已审核
2018-11-28 20:11:17,079-mp_log-INFO-已审核
2018-11-28 20:11:17,363-mp_log-INFO-已审核
2018-11-28 20:11:17,971-mp_log-INFO-审核失败
2018-11-28 20:11:18,198-mp_log-INFO-已审核
2018-11-28 20:11:18,780-mp_log-INFO-审核失败
2018-11-28 20:11:18,825-mp_log-INFO-审核失败
2018-11-28 20:11:19,075-mp_log-INFO-审核失败
2018-11-28 20:11:19,430-mp_log-INFO-已审核
2018-11-28 20:11:19,631-mp_log-INFO-已审核
2018-11-28 20:11:19,990-mp_log-INFO-已审核
2018-11-28 20:11:20,294-mp_log-INFO-审核失败
2018-11-28 20:11:20,806-mp_log-INFO-已审核
2018-11-28 20:11:21,250-mp_log-INFO-已审核
2018-11-28 20:11:21,322-mp_log-INFO-已审核
2018-11-28 20:11:21,547-mp_log-INFO-已审核
2018-11-28 20:11:21,848-mp_log-INFO-审核失败
2018-11-28 20:11:22,168-mp_log-INFO-审核失败
2018-11-28 20:11:22,671-mp_log-INFO-已审核
2018-11-28 20:11:22,813-mp_log-INFO-已审核
2018-11-28 20:11:23,044-mp_log-INFO-已审核
2018-11-28 20:11:23,426-mp_log-INFO-已审核
2018-11-28 20:11:23,803-mp_log-INFO-已审核
2018-11-28 20:11:23,915-mp_log-INFO-审核失败
2018-11-28 20:11:24,318-mp_log-INFO-已审核
2018-11-28 20:11:24,550-mp_log-INFO-已审核
2018-11-28 20:11:24,821-mp_log-INFO-审核失败
2018-11-28 20:11:25,379-mp_log-INFO-已审核
2018-11-28 20:11:25,664-mp_log-INFO-已审核
2018-11-28 20:11:26,083-mp_log-INFO-审核失败
2018-11-28 20:11:26,302-mp_log-INFO-已审核
2018-11-28 20:11:26,575-mp_log-INFO-已审核
2018-11-28 20:11:26,576-mp_log-INFO-审核失败
2018-11-28 20:11:27,138-mp_log-INFO-已审核
2018-11-28 20:11:27,428-mp_log-INFO-审核失败
2018-11-28 20:11:27,882-mp_log-INFO-已审核
2018-11-28 20:11:28,190-mp_log-INFO-已审核
2018-11-28 20:11:28,435-mp_log-INFO-已审核
2018-11-28 20:11:28,509-mp_log-INFO-审核失败
2018-11-28 20:11:28,750-mp_log-INFO-审核失败
2018-11-28 20:11:29,347-mp_log-INFO-审核失败
2018-11-28 20:11:29,966-mp_log-INFO-审核失败
2018-11-28 20:11:30,202-mp_log-INFO-审核失败
2018-11-28 20:11:30,237-mp_log-INFO-已审核
2018-11-28 20:11:30,584-mp_log-INFO-已审核
2018-11-28 20:11:30,597-mp_log-INFO-已审核
2018-11-28 20:11:31,064-mp_log-INFO-已审核
2018-11-28 20:11:31,521-mp_log-INFO-已审核
2018-11-28 20:11:31,738-mp_log-INFO-已审核
2018-11-28 20:11:31,751-mp_log-INFO-已审核
2018-11-28 20:11:32,031-mp_log-INFO-已审核
2018-11-28 20:11:32,335-mp_log-INFO-已审核
2018-11-28 20:11:32,641-mp_log-INFO-审核失败
2018-11-28 20:11:33,171-mp_log-INFO-已审核
2018-11-28 20:11:33,208-mp_log-INFO-已审核
2018-11-28 20:11:33,633-mp_log-INFO-审核失败
2018-11-28 20:11:34,158-mp_log-INFO-审核失败
2018-11-28 20:11:34,539-mp_log-INFO-已审核
2018-11-28 20:11:34,757-mp_log-INFO-已审核
2018-11-28 20:11:34,843-mp_log-INFO-审核失败
2018-11-28 20:11:35,086-mp_log-INFO-已审核
2018-11-28 20:11:35,393-mp_log-INFO-已审核
2018-11-28 20:11:35,703-mp_log-INFO-已审核
2018-11-28 20:11:36,388-mp_log-INFO-已审核
2018-11-28 20:11:36,592-mp_log-INFO-已审核
2018-11-28 20:11:36,836-mp_log-INFO-已审核
2018-11-28 20:11:37,175-mp_log-INFO-已审核
2018-11-28 20:11:37,501-mp_log-INFO-已审核
2018-11-28 20:11:37,507-mp_log-INFO-已审核
2018-11-28 20:11:37,722-mp_log-INFO-已审核
2018-11-28 20:11:38,025-mp_log-INFO-已审核
2018-11-28 20:11:38,414-mp_log-INFO-已审核
2018-11-28 20:11:38,670-mp_log-INFO-已审核
2018-11-28 20:11:38,962-mp_log-INFO-已审核
2018-11-28 20:11:39,611-mp_log-INFO-已审核
2018-11-28 20:11:40,061-mp_log-INFO-已审核
2018-11-28 20:11:40,096-mp_log-INFO-审核失败
2018-11-28 20:11:40,232-mp_log-INFO-已审核
2018-11-28 20:11:40,450-mp_log-INFO-审核失败
2018-11-28 20:11:41,297-mp_log-INFO-已审核
2018-11-28 20:11:41,398-mp_log-INFO-已审核
2018-11-28 20:11:41,851-mp_log-INFO-已审核
2018-11-28 20:11:42,090-mp_log-INFO-已审核
2018-11-28 20:11:45,808-mp_log-INFO-已审核
