2018-11-08 11:09:45,589-Getlogin-ERROR-'token'
2018-11-08 11:09:45,591-mp_log-INFO-token获取成功......
2018-11-08 11:09:58,476-mp_log-INFO-获取所有小程序信息成功......
2018-11-08 11:10:00,072-mp_log-INFO-获取最新模板信息成功.......
2018-11-08 11:10:01,928-mp_log-INFO-已审核
2018-11-08 11:10:02,448-mp_log-INFO-审核中
2018-11-08 11:10:02,768-mp_log-INFO-审核中
2018-11-08 11:10:03,051-mp_log-INFO-审核中
2018-11-08 11:10:03,348-mp_log-INFO-审核中
2018-11-08 11:10:03,488-mp_log-INFO-审核中
2018-11-08 11:10:03,960-mp_log-INFO-已审核
2018-11-08 11:10:03,965-mp_log-INFO-审核中
2018-11-08 11:10:04,252-mp_log-INFO-审核中
2018-11-08 11:10:04,696-mp_log-INFO-已审核
2018-11-08 11:10:05,249-mp_log-INFO-审核中
2018-11-08 11:10:05,456-mp_log-INFO-审核中
2018-11-08 11:10:05,537-mp_log-INFO-审核中
2018-11-08 11:10:05,802-mp_log-INFO-审核中
2018-11-08 11:10:06,435-mp_log-INFO-已审核
2018-11-08 11:10:06,439-mp_log-INFO-已审核
2018-11-08 11:10:07,452-mp_log-INFO-审核中
2018-11-08 11:10:07,657-mp_log-INFO-已审核
2018-11-08 11:10:07,769-mp_log-INFO-已审核
2018-11-08 11:10:08,279-mp_log-INFO-已审核
2018-11-08 11:10:08,783-mp_log-INFO-审核中
2018-11-08 11:10:09,204-mp_log-INFO-已审核
2018-11-08 11:10:09,293-mp_log-INFO-已审核
2018-11-08 11:10:09,743-mp_log-INFO-审核中
2018-11-08 11:10:09,840-mp_log-INFO-审核中
2018-11-08 11:10:10,218-mp_log-INFO-审核中
2018-11-08 11:10:10,590-mp_log-INFO-已审核
2018-11-08 11:10:10,947-mp_log-INFO-已审核
2018-11-08 11:10:11,063-mp_log-INFO-已审核
2018-11-08 11:10:11,532-mp_log-INFO-已审核
2018-11-08 11:10:11,628-mp_log-INFO-审核中
2018-11-08 11:10:11,891-mp_log-INFO-审核中
2018-11-08 11:10:12,439-mp_log-INFO-审核中
2018-11-08 11:10:12,440-mp_log-INFO-审核中
2018-11-08 11:10:13,136-mp_log-INFO-已审核
2018-11-08 11:10:13,136-mp_log-INFO-已审核
2018-11-08 11:10:13,419-mp_log-INFO-审核中
2018-11-08 11:10:13,679-mp_log-INFO-已审核
2018-11-08 11:10:14,248-mp_log-INFO-已审核
2018-11-08 11:10:14,302-mp_log-INFO-已审核
2018-11-08 11:10:14,492-mp_log-INFO-审核中
2018-11-08 11:10:14,903-mp_log-INFO-已审核
2018-11-08 11:10:15,178-mp_log-INFO-已审核
2018-11-08 11:10:15,601-mp_log-INFO-已审核
2018-11-08 11:10:15,786-mp_log-INFO-审核中
2018-11-08 11:10:16,128-mp_log-INFO-已审核
2018-11-08 11:10:16,838-mp_log-INFO-已审核
2018-11-08 11:10:17,228-mp_log-INFO-审核中
2018-11-08 11:10:17,307-mp_log-INFO-已审核
2018-11-08 11:10:17,505-mp_log-INFO-已审核
2018-11-08 11:10:17,850-mp_log-INFO-审核中
2018-11-08 11:10:17,886-mp_log-INFO-已审核
2018-11-08 11:10:18,291-mp_log-INFO-已审核
2018-11-08 11:10:18,382-mp_log-INFO-审核中
2018-11-08 11:10:18,802-mp_log-INFO-审核中
2018-11-08 11:10:19,453-mp_log-INFO-审核中
2018-11-08 11:10:19,694-mp_log-INFO-审核中
2018-11-08 11:10:19,880-mp_log-INFO-审核中
2018-11-08 11:10:19,884-mp_log-INFO-审核中
2018-11-08 11:10:20,207-mp_log-INFO-已审核
2018-11-08 11:10:20,581-mp_log-INFO-审核中
2018-11-08 11:10:20,783-mp_log-INFO-已审核
2018-11-08 11:10:21,109-mp_log-INFO-审核中
2018-11-08 11:10:22,186-mp_log-INFO-审核中
2018-11-08 11:10:22,629-mp_log-INFO-审核中
2018-11-08 11:10:22,690-mp_log-INFO-已审核
2018-11-08 11:10:22,762-mp_log-INFO-已审核
2018-11-08 11:10:23,079-mp_log-INFO-审核中
2018-11-08 11:10:23,186-mp_log-INFO-已审核
2018-11-08 11:10:23,612-mp_log-INFO-审核中
2018-11-08 11:10:23,613-mp_log-INFO-审核中
2018-11-08 11:10:23,852-mp_log-INFO-已审核
2018-11-08 11:10:24,804-mp_log-INFO-审核中
2018-11-08 11:10:24,821-mp_log-INFO-审核中
2018-11-08 11:10:24,824-mp_log-INFO-已审核
2018-11-08 11:10:25,536-mp_log-INFO-已审核
2018-11-08 11:10:25,562-mp_log-INFO-审核中
2018-11-08 11:10:25,607-mp_log-INFO-审核中
2018-11-08 11:10:25,841-mp_log-INFO-审核中
2018-11-08 11:10:26,700-mp_log-INFO-已审核
2018-11-08 11:10:26,709-mp_log-INFO-已审核
2018-11-08 11:10:27,041-mp_log-INFO-已审核
2018-11-08 11:10:27,355-mp_log-INFO-审核中
2018-11-08 11:10:27,623-mp_log-INFO-审核中
2018-11-08 11:10:27,808-mp_log-INFO-审核中
2018-11-08 11:10:28,103-mp_log-INFO-审核中
2018-11-08 11:10:28,771-mp_log-INFO-已审核
2018-11-08 11:10:28,787-mp_log-INFO-审核中
2018-11-08 11:10:29,002-mp_log-INFO-已审核
2018-11-08 11:10:29,234-mp_log-INFO-审核中
2018-11-08 11:10:29,654-mp_log-INFO-审核中
2018-11-08 11:10:29,827-mp_log-INFO-已审核
2018-11-08 11:10:30,214-mp_log-INFO-已审核
2018-11-08 11:10:30,510-mp_log-INFO-审核中
2018-11-08 11:10:30,726-mp_log-INFO-审核中
2018-11-08 11:10:31,081-mp_log-INFO-审核中
2018-11-08 11:10:31,555-mp_log-INFO-审核中
2018-11-08 11:10:31,980-mp_log-INFO-审核中
2018-11-08 11:10:33,553-mp_log-INFO-审核中
2018-11-08 11:10:33,680-mp_log-INFO-审核中
2018-11-08 11:10:33,687-mp_log-INFO-审核中
2018-11-08 11:10:33,807-mp_log-INFO-审核中
2018-11-08 11:10:33,881-mp_log-INFO-已审核
2018-11-08 11:10:34,101-mp_log-INFO-已审核
2018-11-08 11:10:34,344-mp_log-INFO-审核中
2018-11-08 11:10:34,376-mp_log-INFO-审核中
2018-11-08 11:10:34,674-mp_log-INFO-已审核
2018-11-08 11:10:35,021-mp_log-INFO-已审核
2018-11-08 11:10:35,322-mp_log-INFO-已审核
2018-11-08 11:10:35,563-mp_log-INFO-已审核
2018-11-08 11:10:35,936-mp_log-INFO-审核中
2018-11-08 11:10:36,462-mp_log-INFO-已审核
2018-11-08 11:10:36,633-mp_log-INFO-审核中
2018-11-08 11:10:36,991-mp_log-INFO-审核中
2018-11-08 11:10:37,418-mp_log-INFO-审核中
2018-11-08 11:10:37,754-mp_log-INFO-已审核
2018-11-08 11:10:37,946-mp_log-INFO-已审核
2018-11-08 11:10:38,296-mp_log-INFO-已审核
2018-11-08 11:10:38,300-mp_log-INFO-审核中
2018-11-08 11:10:38,638-mp_log-INFO-已审核
2018-11-08 11:10:39,266-mp_log-INFO-审核中
2018-11-08 11:10:39,269-mp_log-INFO-审核中
2018-11-08 11:10:39,877-mp_log-INFO-审核中
2018-11-08 11:10:40,261-mp_log-INFO-审核中
2018-11-08 11:10:40,626-mp_log-INFO-审核中
2018-11-08 11:10:40,810-mp_log-INFO-审核中
2018-11-08 11:10:40,839-mp_log-INFO-审核中
2018-11-08 11:10:41,081-mp_log-INFO-审核中
2018-11-08 11:10:41,709-mp_log-INFO-已审核
2018-11-08 11:10:42,127-mp_log-INFO-已审核
2018-11-08 11:10:42,216-mp_log-INFO-已审核
2018-11-08 11:10:42,545-mp_log-INFO-审核中
2018-11-08 11:10:42,714-mp_log-INFO-已审核
2018-11-08 11:10:42,884-mp_log-INFO-已审核
2018-11-08 11:10:43,163-mp_log-INFO-审核中
2018-11-08 11:10:43,423-mp_log-INFO-审核中
2018-11-08 11:10:43,694-mp_log-INFO-已审核
2018-11-08 11:10:43,971-mp_log-INFO-审核中
2018-11-08 11:10:44,251-mp_log-INFO-已审核
2018-11-08 11:10:44,713-mp_log-INFO-已审核
2018-11-08 11:10:45,186-mp_log-INFO-审核中
2018-11-08 11:10:45,378-mp_log-INFO-审核中
2018-11-08 11:10:45,632-mp_log-INFO-已审核
2018-11-08 11:10:46,016-mp_log-INFO-已审核
2018-11-08 11:10:46,408-mp_log-INFO-审核中
2018-11-08 11:10:46,678-mp_log-INFO-已审核
2018-11-08 11:10:46,852-mp_log-INFO-审核中
2018-11-08 11:10:47,135-mp_log-INFO-已审核
2018-11-08 11:10:47,357-mp_log-INFO-审核中
2018-11-08 11:10:47,699-mp_log-INFO-审核中
2018-11-08 11:10:48,042-mp_log-INFO-已审核
2018-11-08 11:10:48,280-mp_log-INFO-已审核
2018-11-08 11:10:48,541-mp_log-INFO-已审核
2018-11-08 11:10:48,800-mp_log-INFO-审核中
2018-11-08 11:10:49,110-mp_log-INFO-审核中
2018-11-08 11:10:49,398-mp_log-INFO-审核中
2018-11-08 11:10:49,849-mp_log-INFO-审核中
2018-11-08 11:10:49,999-mp_log-INFO-审核中
2018-11-08 11:10:51,804-mp_log-INFO-已审核
2018-11-08 11:10:52,014-mp_log-INFO-审核中
2018-11-08 11:10:52,040-mp_log-INFO-审核中
2018-11-08 11:10:52,044-mp_log-INFO-已审核
2018-11-08 11:10:52,333-mp_log-INFO-审核中
2018-11-08 11:10:52,802-mp_log-INFO-已审核
2018-11-08 11:10:52,949-mp_log-INFO-审核中
2018-11-08 11:10:53,431-mp_log-INFO-审核中
2018-11-08 11:10:54,853-mp_log-INFO-审核中
2018-11-08 11:10:55,066-mp_log-INFO-已审核
2018-11-08 11:10:55,280-mp_log-INFO-审核中
2018-11-08 11:10:55,636-mp_log-INFO-审核中
2018-11-08 11:10:55,814-mp_log-INFO-审核中
2018-11-08 11:10:56,101-mp_log-INFO-已审核
2018-11-08 11:10:57,182-mp_log-INFO-已审核
2018-11-08 11:10:57,415-mp_log-INFO-审核中
2018-11-08 11:10:57,453-mp_log-INFO-审核中
2018-11-08 11:10:58,273-mp_log-INFO-审核中
2018-11-08 11:10:58,359-mp_log-INFO-已审核
2018-11-08 11:10:58,531-mp_log-INFO-审核中
2018-11-08 11:10:58,714-mp_log-INFO-审核中
2018-11-08 11:10:58,715-mp_log-INFO-审核中
2018-11-08 11:10:58,893-mp_log-INFO-已审核
2018-11-08 11:10:59,433-mp_log-INFO-审核中
2018-11-08 11:10:59,534-mp_log-INFO-已审核
2018-11-08 11:10:59,658-mp_log-INFO-已审核
2018-11-08 11:10:59,953-mp_log-INFO-已审核
2018-11-08 11:11:00,471-mp_log-INFO-审核中
2018-11-08 11:11:01,601-mp_log-INFO-已审核
2018-11-08 11:11:01,740-mp_log-INFO-审核中
2018-11-08 11:11:01,932-mp_log-INFO-审核中
2018-11-08 11:11:02,405-mp_log-INFO-已审核
2018-11-08 11:11:02,624-mp_log-INFO-审核中
2018-11-08 11:11:02,891-mp_log-INFO-已审核
2018-11-08 11:11:03,768-mp_log-INFO-审核中
2018-11-08 11:11:04,060-mp_log-INFO-审核中
2018-11-08 11:11:04,222-mp_log-INFO-审核中
2018-11-08 11:11:04,575-mp_log-INFO-已审核
