2018-11-10 16:33:01,636-Getlogin-ERROR-'token'
2018-11-10 16:33:01,638-mp_log-INFO-token获取成功......
2018-11-10 16:33:21,393-mp_log-INFO-获取所有小程序信息成功......
2018-11-10 16:33:22,006-mp_log-INFO-获取最新模板信息成功.......
2018-11-10 16:33:25,569-mp_log-INFO-芳妍美容设置成功
2018-11-10 16:33:28,026-mp_log-INFO-伊之花美容设置成功
2018-11-10 16:33:36,926-mp_log-INFO-Youngface设置成功
2018-11-10 16:33:38,459-mp_log-INFO-谦和国际设置成功
2018-11-10 16:33:41,886-mp_log-INFO-玫瑰坊设置成功
2018-11-10 16:33:46,033-mp_log-INFO-悦芳泉SPA设置成功
2018-11-10 16:33:58,841-mp_log-INFO-姿曼美容spa设置成功
2018-11-10 16:34:04,064-mp_log-INFO-启程金典美业设置成功
2018-11-10 16:34:16,008-mp_log-INFO-美姿源设置成功
2018-11-10 16:34:19,114-mp_log-INFO-张氏纳然姬朵设置成功
2018-11-10 16:34:24,644-mp_log-INFO-贵妇人设置成功
2018-11-10 16:34:36,720-mp_log-INFO-金美源设置成功
2018-11-10 16:34:38,552-mp_log-INFO-成都净美天使设置成功
2018-11-10 16:34:44,331-mp_log-INFO-优文专业脱毛设置成功
2018-11-10 16:34:51,593-mp_log-INFO-美了就来设置成功
2018-11-10 16:35:02,852-mp_log-INFO-环球美容设置成功
2018-11-10 16:35:04,225-mp_log-INFO-诗芙侬设置成功
