2018-11-26 11:51:05,936-Getlogin-ERROR-'token'
2018-11-26 11:51:05,939-mp_log-INFO-token获取成功......
2018-11-26 11:51:20,515-mp_log-INFO-获取所有小程序信息成功......
2018-11-26 11:51:21,033-mp_log-INFO-获取最新模板信息成功.......
2018-11-26 11:51:22,209-mp_log-INFO-审核中
2018-11-26 11:51:22,666-mp_log-INFO-审核中
2018-11-26 11:51:22,811-mp_log-INFO-已审核
2018-11-26 11:51:23,345-mp_log-INFO-审核中
2018-11-26 11:51:23,900-mp_log-INFO-已审核
2018-11-26 11:51:24,292-mp_log-INFO-审核中
2018-11-26 11:51:24,711-mp_log-INFO-审核中
2018-11-26 11:51:24,938-mp_log-INFO-审核中
2018-11-26 11:51:25,218-mp_log-INFO-审核中
2018-11-26 11:51:25,574-mp_log-INFO-已审核
2018-11-26 11:51:25,670-mp_log-INFO-审核中
2018-11-26 11:51:26,103-mp_log-INFO-审核中
2018-11-26 11:51:26,379-mp_log-INFO-审核中
2018-11-26 11:51:26,755-mp_log-INFO-审核中
2018-11-26 11:51:27,051-mp_log-INFO-审核中
2018-11-26 11:51:27,318-mp_log-INFO-已审核
2018-11-26 11:51:27,614-mp_log-INFO-审核中
2018-11-26 11:51:27,882-mp_log-INFO-审核中
2018-11-26 11:51:28,390-mp_log-INFO-已审核
2018-11-26 11:51:28,475-mp_log-INFO-已审核
2018-11-26 11:51:28,856-mp_log-INFO-审核中
2018-11-26 11:51:29,096-mp_log-INFO-已审核
2018-11-26 11:51:29,356-mp_log-INFO-已审核
2018-11-26 11:51:30,150-mp_log-INFO-已审核
2018-11-26 11:51:30,645-mp_log-INFO-审核中
2018-11-26 11:51:30,935-mp_log-INFO-已审核
2018-11-26 11:51:31,180-mp_log-INFO-已审核
2018-11-26 11:51:31,304-mp_log-INFO-已审核
2018-11-26 11:51:31,539-mp_log-INFO-审核中
2018-11-26 11:51:31,806-mp_log-INFO-审核中
2018-11-26 11:51:32,118-mp_log-INFO-审核中
2018-11-26 11:51:32,430-mp_log-INFO-审核中
2018-11-26 11:51:32,786-mp_log-INFO-已审核
2018-11-26 11:51:32,955-mp_log-INFO-审核中
2018-11-26 11:51:33,240-mp_log-INFO-审核中
2018-11-26 11:51:33,561-mp_log-INFO-审核中
2018-11-26 11:51:33,919-mp_log-INFO-已审核
2018-11-26 11:51:34,188-mp_log-INFO-审核中
2018-11-26 11:51:34,482-mp_log-INFO-审核中
2018-11-26 11:51:34,993-mp_log-INFO-已审核
2018-11-26 11:51:35,127-mp_log-INFO-审核中
2018-11-26 11:51:35,352-mp_log-INFO-审核中
2018-11-26 11:51:35,601-mp_log-INFO-已审核
2018-11-26 11:51:35,989-mp_log-INFO-审核中
2018-11-26 11:51:36,293-mp_log-INFO-已审核
2018-11-26 11:51:36,720-mp_log-INFO-审核中
2018-11-26 11:51:36,844-mp_log-INFO-已审核
2018-11-26 11:51:37,330-mp_log-INFO-已审核
2018-11-26 11:51:37,518-mp_log-INFO-审核中
2018-11-26 11:51:37,804-mp_log-INFO-审核中
2018-11-26 11:51:38,146-mp_log-INFO-已审核
2018-11-26 11:51:38,373-mp_log-INFO-已审核
2018-11-26 11:51:38,916-mp_log-INFO-审核中
2018-11-26 11:51:38,972-mp_log-INFO-审核中
2018-11-26 11:51:39,272-mp_log-INFO-已审核
2018-11-26 11:51:39,799-mp_log-INFO-已审核
2018-11-26 11:51:39,958-mp_log-INFO-审核中
2018-11-26 11:51:40,149-mp_log-INFO-已审核
2018-11-26 11:51:40,537-mp_log-INFO-审核中
2018-11-26 11:51:40,790-mp_log-INFO-审核中
2018-11-26 11:51:41,402-mp_log-INFO-已审核
2018-11-26 11:51:41,733-mp_log-INFO-审核中
2018-11-26 11:51:41,967-mp_log-INFO-审核中
2018-11-26 11:51:42,063-mp_log-INFO-审核中
2018-11-26 11:51:42,239-mp_log-INFO-已审核
2018-11-26 11:51:42,625-mp_log-INFO-审核中
2018-11-26 11:51:42,915-mp_log-INFO-审核中
2018-11-26 11:51:43,252-mp_log-INFO-审核中
2018-11-26 11:51:43,775-mp_log-INFO-审核中
2018-11-26 11:51:44,064-mp_log-INFO-审核中
2018-11-26 11:51:44,511-mp_log-INFO-审核中
2018-11-26 11:51:44,566-mp_log-INFO-已审核
2018-11-26 11:51:44,747-mp_log-INFO-已审核
2018-11-26 11:51:44,982-mp_log-INFO-已审核
2018-11-26 11:51:45,306-mp_log-INFO-审核中
2018-11-26 11:51:45,899-mp_log-INFO-审核中
2018-11-26 11:51:45,911-mp_log-INFO-已审核
2018-11-26 11:51:46,193-mp_log-INFO-审核中
2018-11-26 11:51:46,736-mp_log-INFO-审核中
2018-11-26 11:51:46,855-mp_log-INFO-已审核
2018-11-26 11:51:47,134-mp_log-INFO-已审核
2018-11-26 11:51:47,391-mp_log-INFO-已审核
2018-11-26 11:51:47,794-mp_log-INFO-审核中
2018-11-26 11:51:48,287-mp_log-INFO-已审核
2018-11-26 11:51:48,650-mp_log-INFO-已审核
2018-11-26 11:51:49,046-mp_log-INFO-审核中
2018-11-26 11:51:49,083-mp_log-INFO-审核中
2018-11-26 11:51:49,440-mp_log-INFO-审核中
2018-11-26 11:51:49,598-mp_log-INFO-审核中
2018-11-26 11:51:49,834-mp_log-INFO-已审核
2018-11-26 11:51:50,193-mp_log-INFO-已审核
2018-11-26 11:51:50,497-mp_log-INFO-已审核
2018-11-26 11:51:50,767-mp_log-INFO-审核中
2018-11-26 11:51:51,021-mp_log-INFO-审核中
2018-11-26 11:51:51,751-mp_log-INFO-审核中
2018-11-26 11:51:52,021-mp_log-INFO-已审核
2018-11-26 11:51:52,325-mp_log-INFO-审核中
2018-11-26 11:51:52,332-mp_log-INFO-审核中
2018-11-26 11:51:52,568-mp_log-INFO-审核中
2018-11-26 11:51:52,828-mp_log-INFO-审核中
2018-11-26 11:51:53,058-mp_log-INFO-审核中
2018-11-26 11:51:53,478-mp_log-INFO-已审核
2018-11-26 11:51:53,740-mp_log-INFO-已审核
2018-11-26 11:51:54,005-mp_log-INFO-审核中
2018-11-26 11:51:54,361-mp_log-INFO-审核中
2018-11-26 11:51:54,789-mp_log-INFO-审核中
2018-11-26 11:51:54,931-mp_log-INFO-审核中
2018-11-26 11:51:55,593-mp_log-INFO-审核中
2018-11-26 11:51:56,046-mp_log-INFO-审核中
2018-11-26 11:51:56,507-mp_log-INFO-审核中
2018-11-26 11:51:56,772-mp_log-INFO-已审核
2018-11-26 11:51:57,042-mp_log-INFO-审核中
2018-11-26 11:51:57,198-mp_log-INFO-已审核
2018-11-26 11:51:57,426-mp_log-INFO-审核中
2018-11-26 11:51:57,669-mp_log-INFO-已审核
2018-11-26 11:51:58,003-mp_log-INFO-审核中
2018-11-26 11:51:58,308-mp_log-INFO-已审核
2018-11-26 11:51:58,536-mp_log-INFO-已审核
2018-11-26 11:51:58,927-mp_log-INFO-已审核
2018-11-26 11:51:59,471-mp_log-INFO-审核中
2018-11-26 11:51:59,472-mp_log-INFO-审核中
2018-11-26 11:51:59,795-mp_log-INFO-已审核
2018-11-26 11:52:00,080-mp_log-INFO-已审核
2018-11-26 11:52:00,443-mp_log-INFO-审核中
2018-11-26 11:52:01,320-mp_log-INFO-已审核
2018-11-26 11:52:01,605-mp_log-INFO-已审核
2018-11-26 11:52:01,738-mp_log-INFO-审核中
2018-11-26 11:52:02,125-mp_log-INFO-已审核
2018-11-26 11:52:02,268-mp_log-INFO-已审核
2018-11-26 11:52:02,457-mp_log-INFO-审核中
2018-11-26 11:52:02,836-mp_log-INFO-已审核
2018-11-26 11:52:03,121-mp_log-INFO-审核中
2018-11-26 11:52:03,409-mp_log-INFO-审核中
2018-11-26 11:52:03,707-mp_log-INFO-审核中
2018-11-26 11:52:04,329-mp_log-INFO-审核中
2018-11-26 11:52:04,592-mp_log-INFO-审核中
2018-11-26 11:52:04,942-mp_log-INFO-审核中
2018-11-26 11:52:05,057-mp_log-INFO-审核中
2018-11-26 11:52:05,148-mp_log-INFO-审核中
2018-11-26 11:52:05,508-mp_log-INFO-已审核
2018-11-26 11:52:05,837-mp_log-INFO-已审核
2018-11-26 11:52:06,124-mp_log-INFO-已审核
2018-11-26 11:52:06,756-mp_log-INFO-审核中
2018-11-26 11:52:06,952-mp_log-INFO-已审核
2018-11-26 11:52:07,297-mp_log-INFO-已审核
2018-11-26 11:52:07,344-mp_log-INFO-已审核
2018-11-26 11:52:07,590-mp_log-INFO-审核中
2018-11-26 11:52:07,868-mp_log-INFO-审核中
2018-11-26 11:52:08,297-mp_log-INFO-已审核
2018-11-26 11:52:09,081-mp_log-INFO-已审核
2018-11-26 11:52:09,368-mp_log-INFO-已审核
2018-11-26 11:52:09,475-mp_log-INFO-审核中
2018-11-26 11:52:09,609-mp_log-INFO-审核中
2018-11-26 11:52:09,731-mp_log-INFO-审核中
2018-11-26 11:52:09,982-mp_log-INFO-已审核
2018-11-26 11:52:10,589-mp_log-INFO-审核中
2018-11-26 11:52:10,864-mp_log-INFO-已审核
2018-11-26 11:52:10,928-mp_log-INFO-已审核
2018-11-26 11:52:11,319-mp_log-INFO-审核中
2018-11-26 11:52:11,571-mp_log-INFO-已审核
2018-11-26 11:52:11,891-mp_log-INFO-审核中
2018-11-26 11:52:12,750-mp_log-INFO-已审核
2018-11-26 11:52:13,110-mp_log-INFO-已审核
2018-11-26 11:52:13,114-mp_log-INFO-审核中
2018-11-26 11:52:13,345-mp_log-INFO-审核中
2018-11-26 11:52:13,858-mp_log-INFO-审核中
2018-11-26 11:52:13,951-mp_log-INFO-审核中
2018-11-26 11:52:14,316-mp_log-INFO-审核中
2018-11-26 11:52:14,497-mp_log-INFO-审核中
2018-11-26 11:52:14,888-mp_log-INFO-已审核
2018-11-26 11:52:15,154-mp_log-INFO-审核中
2018-11-26 11:52:15,490-mp_log-INFO-审核中
2018-11-26 11:52:15,628-mp_log-INFO-已审核
2018-11-26 11:52:15,764-mp_log-INFO-已审核
2018-11-26 11:52:16,078-mp_log-INFO-审核中
2018-11-26 11:52:16,687-mp_log-INFO-已审核
2018-11-26 11:52:17,018-mp_log-INFO-审核中
2018-11-26 11:52:17,176-mp_log-INFO-审核中
2018-11-26 11:52:17,249-mp_log-INFO-已审核
2018-11-26 11:52:17,542-mp_log-INFO-审核中
2018-11-26 11:52:17,795-mp_log-INFO-已审核
2018-11-26 11:52:18,136-mp_log-INFO-审核中
2018-11-26 11:52:18,457-mp_log-INFO-审核中
2018-11-26 11:52:18,763-mp_log-INFO-审核中
2018-11-26 11:52:18,990-mp_log-INFO-已审核
2018-11-26 11:52:19,378-mp_log-INFO-已审核
2018-11-26 11:52:19,865-mp_log-INFO-审核中
2018-11-26 11:52:20,006-mp_log-INFO-审核中
2018-11-26 11:52:20,258-mp_log-INFO-审核中
2018-11-26 11:52:20,510-mp_log-INFO-已审核
2018-11-26 11:52:20,829-mp_log-INFO-审核中
2018-11-26 11:52:21,492-mp_log-INFO-审核中
2018-11-26 11:52:21,517-mp_log-INFO-审核中
2018-11-26 11:52:21,774-mp_log-INFO-已审核
2018-11-26 11:52:22,343-mp_log-INFO-审核中
2018-11-26 11:52:22,779-mp_log-INFO-审核中
2018-11-26 11:52:22,973-mp_log-INFO-已审核
2018-11-26 11:52:23,502-mp_log-INFO-审核中
2018-11-26 11:52:23,540-mp_log-INFO-已审核
2018-11-26 11:52:23,890-mp_log-INFO-审核中
2018-11-26 11:52:24,204-mp_log-INFO-审核中
2018-11-26 11:52:24,210-mp_log-INFO-已审核
2018-11-26 11:52:24,431-mp_log-INFO-已审核
2018-11-26 11:52:24,715-mp_log-INFO-审核中
2018-11-26 11:52:25,354-mp_log-INFO-审核中
2018-11-26 11:52:25,362-mp_log-INFO-审核中
2018-11-26 11:52:25,755-mp_log-INFO-审核中
2018-11-26 11:52:25,994-mp_log-INFO-已审核
2018-11-26 11:52:26,465-mp_log-INFO-审核中
2018-11-26 11:52:26,830-mp_log-INFO-已审核
2018-11-26 11:52:27,528-mp_log-INFO-审核中
