2018-11-13 12:06:30,393-Getlogin-ERROR-'token'
2018-11-13 12:06:30,395-mp_log-INFO-token获取成功......
2018-11-13 12:06:44,343-mp_log-INFO-获取所有小程序信息成功......
2018-11-13 12:06:44,917-mp_log-INFO-获取最新模板信息成功.......
2018-11-13 12:06:46,228-mp_log-INFO-已审核
2018-11-13 12:06:46,534-mp_log-INFO-已审核
2018-11-13 12:06:46,766-mp_log-INFO-已审核
2018-11-13 12:06:47,390-mp_log-INFO-已审核
2018-11-13 12:06:48,271-mp_log-INFO-已审核
2018-11-13 12:06:48,387-mp_log-INFO-已审核
2018-11-13 12:06:48,484-mp_log-INFO-审核失败
2018-11-13 12:06:48,905-mp_log-INFO-审核失败
2018-11-13 12:06:49,141-mp_log-INFO-审核失败
2018-11-13 12:06:49,634-mp_log-INFO-已审核
2018-11-13 12:06:49,737-mp_log-INFO-审核失败
2018-11-13 12:06:50,037-mp_log-INFO-已审核
2018-11-13 12:06:50,411-mp_log-INFO-已审核
2018-11-13 12:06:50,733-mp_log-INFO-已审核
2018-11-13 12:06:50,935-mp_log-INFO-审核失败
2018-11-13 12:06:51,238-mp_log-INFO-已审核
2018-11-13 12:06:51,636-mp_log-INFO-已审核
2018-11-13 12:06:52,053-mp_log-INFO-已审核
2018-11-13 12:06:52,273-mp_log-INFO-已审核
2018-11-13 12:06:52,460-mp_log-INFO-已审核
2018-11-13 12:06:52,882-mp_log-INFO-已审核
2018-11-13 12:06:53,371-mp_log-INFO-已审核
2018-11-13 12:06:53,702-mp_log-INFO-已审核
2018-11-13 12:06:53,996-mp_log-INFO-已审核
2018-11-13 12:06:54,481-mp_log-INFO-已审核
2018-11-13 12:06:54,485-mp_log-INFO-已审核
2018-11-13 12:06:55,026-mp_log-INFO-审核失败
2018-11-13 12:06:55,315-mp_log-INFO-审核失败
2018-11-13 12:06:55,631-mp_log-INFO-已审核
2018-11-13 12:06:55,942-mp_log-INFO-已审核
2018-11-13 12:06:56,115-mp_log-INFO-已审核
2018-11-13 12:06:56,313-mp_log-INFO-已审核
2018-11-13 12:06:56,695-mp_log-INFO-已审核
2018-11-13 12:06:57,021-mp_log-INFO-审核失败
2018-11-13 12:06:57,298-mp_log-INFO-已审核
2018-11-13 12:06:57,709-mp_log-INFO-已审核
2018-11-13 12:06:57,982-mp_log-INFO-已审核
2018-11-13 12:06:58,195-mp_log-INFO-已审核
2018-11-13 12:06:58,453-mp_log-INFO-已审核
2018-11-13 12:06:58,923-mp_log-INFO-已审核
2018-11-13 12:06:59,143-mp_log-INFO-已审核
2018-11-13 12:06:59,611-mp_log-INFO-已审核
2018-11-13 12:06:59,736-mp_log-INFO-已审核
2018-11-13 12:07:00,016-mp_log-INFO-已审核
2018-11-13 12:07:00,330-mp_log-INFO-已审核
2018-11-13 12:07:00,888-mp_log-INFO-已审核
2018-11-13 12:07:01,050-mp_log-INFO-已审核
2018-11-13 12:07:01,552-mp_log-INFO-已审核
2018-11-13 12:07:01,774-mp_log-INFO-已审核
2018-11-13 12:07:01,871-mp_log-INFO-已审核
2018-11-13 12:07:02,342-mp_log-INFO-审核失败
2018-11-13 12:07:02,495-mp_log-INFO-已审核
2018-11-13 12:07:02,694-mp_log-INFO-已审核
2018-11-13 12:07:03,046-mp_log-INFO-已审核
2018-11-13 12:07:03,333-mp_log-INFO-审核失败
2018-11-13 12:07:03,615-mp_log-INFO-已审核
2018-11-13 12:07:03,974-mp_log-INFO-审核失败
2018-11-13 12:07:04,194-mp_log-INFO-审核失败
2018-11-13 12:07:04,492-mp_log-INFO-审核失败
2018-11-13 12:07:04,752-mp_log-INFO-已审核
2018-11-13 12:07:05,442-mp_log-INFO-已审核
2018-11-13 12:07:05,480-mp_log-INFO-已审核
2018-11-13 12:07:05,723-mp_log-INFO-已审核
2018-11-13 12:07:06,005-mp_log-INFO-审核失败
2018-11-13 12:07:06,251-mp_log-INFO-已审核
2018-11-13 12:07:06,690-mp_log-INFO-已审核
2018-11-13 12:07:06,857-mp_log-INFO-已审核
2018-11-13 12:07:07,163-mp_log-INFO-已审核
2018-11-13 12:07:07,505-mp_log-INFO-已审核
2018-11-13 12:07:07,741-mp_log-INFO-已审核
2018-11-13 12:07:08,022-mp_log-INFO-已审核
2018-11-13 12:07:08,337-mp_log-INFO-审核失败
2018-11-13 12:07:08,623-mp_log-INFO-已审核
2018-11-13 12:07:08,961-mp_log-INFO-已审核
2018-11-13 12:07:09,289-mp_log-INFO-审核失败
2018-11-13 12:07:09,530-mp_log-INFO-已审核
2018-11-13 12:07:10,050-mp_log-INFO-已审核
2018-11-13 12:07:10,220-mp_log-INFO-已审核
2018-11-13 12:07:10,499-mp_log-INFO-审核失败
2018-11-13 12:07:10,743-mp_log-INFO-审核失败
2018-11-13 12:07:11,215-mp_log-INFO-已审核
2018-11-13 12:07:11,371-mp_log-INFO-已审核
2018-11-13 12:07:11,681-mp_log-INFO-审核失败
2018-11-13 12:07:12,058-mp_log-INFO-已审核
2018-11-13 12:07:12,266-mp_log-INFO-已审核
2018-11-13 12:07:12,579-mp_log-INFO-已审核
2018-11-13 12:07:12,857-mp_log-INFO-已审核
2018-11-13 12:07:13,171-mp_log-INFO-已审核
2018-11-13 12:07:13,488-mp_log-INFO-已审核
2018-11-13 12:07:13,746-mp_log-INFO-已审核
2018-11-13 12:07:14,058-mp_log-INFO-审核失败
2018-11-13 12:07:14,409-mp_log-INFO-已审核
2018-11-13 12:07:14,701-mp_log-INFO-审核失败
2018-11-13 12:07:14,978-mp_log-INFO-已审核
2018-11-13 12:07:15,269-mp_log-INFO-审核失败
2018-11-13 12:07:15,797-mp_log-INFO-已审核
2018-11-13 12:07:15,925-mp_log-INFO-已审核
2018-11-13 12:07:16,233-mp_log-INFO-已审核
2018-11-13 12:07:16,608-mp_log-INFO-已审核
2018-11-13 12:07:16,776-mp_log-INFO-已审核
2018-11-13 12:07:17,037-mp_log-INFO-已审核
2018-11-13 12:07:17,713-mp_log-INFO-审核失败
2018-11-13 12:07:18,208-mp_log-INFO-已审核
2018-11-13 12:07:18,361-mp_log-INFO-已审核
2018-11-13 12:07:18,719-mp_log-INFO-已审核
2018-11-13 12:07:19,031-mp_log-INFO-已审核
2018-11-13 12:07:19,282-mp_log-INFO-已审核
2018-11-13 12:07:19,511-mp_log-INFO-已审核
2018-11-13 12:07:19,828-mp_log-INFO-已审核
2018-11-13 12:07:20,023-mp_log-INFO-已审核
2018-11-13 12:07:20,393-mp_log-INFO-审核失败
2018-11-13 12:07:20,724-mp_log-INFO-已审核
2018-11-13 12:07:21,027-mp_log-INFO-已审核
2018-11-13 12:07:21,386-mp_log-INFO-已审核
2018-11-13 12:07:21,671-mp_log-INFO-已审核
2018-11-13 12:07:21,961-mp_log-INFO-已审核
2018-11-13 12:07:22,565-mp_log-INFO-已审核
2018-11-13 12:07:22,670-mp_log-INFO-已审核
2018-11-13 12:07:23,138-mp_log-INFO-已审核
2018-11-13 12:07:23,448-mp_log-INFO-审核失败
2018-11-13 12:07:23,563-mp_log-INFO-已审核
2018-11-13 12:07:23,963-mp_log-INFO-已审核
2018-11-13 12:07:24,265-mp_log-INFO-已审核
2018-11-13 12:07:24,270-mp_log-INFO-已审核
2018-11-13 12:07:24,825-mp_log-INFO-已审核
2018-11-13 12:07:25,175-mp_log-INFO-已审核
2018-11-13 12:07:25,516-mp_log-INFO-审核失败
2018-11-13 12:07:25,601-mp_log-INFO-审核失败
2018-11-13 12:07:25,926-mp_log-INFO-已审核
2018-11-13 12:07:26,190-mp_log-INFO-已审核
2018-11-13 12:07:26,425-mp_log-INFO-已审核
2018-11-13 12:07:26,748-mp_log-INFO-已审核
2018-11-13 12:07:27,038-mp_log-INFO-已审核
2018-11-13 12:07:27,380-mp_log-INFO-已审核
2018-11-13 12:07:27,605-mp_log-INFO-已审核
2018-11-13 12:07:28,203-mp_log-INFO-已审核
2018-11-13 12:07:28,617-mp_log-INFO-审核失败
2018-11-13 12:07:28,700-mp_log-INFO-已审核
2018-11-13 12:07:30,032-mp_log-INFO-已审核
2018-11-13 12:07:30,220-mp_log-INFO-已审核
2018-11-13 12:07:30,284-mp_log-INFO-已审核
2018-11-13 12:07:30,414-mp_log-INFO-已审核
2018-11-13 12:07:30,581-mp_log-INFO-已审核
2018-11-13 12:07:30,729-mp_log-INFO-已审核
2018-11-13 12:07:30,736-mp_log-INFO-已审核
2018-11-13 12:07:30,953-mp_log-INFO-已审核
2018-11-13 12:07:31,642-mp_log-INFO-已审核
2018-11-13 12:07:31,677-mp_log-INFO-审核失败
2018-11-13 12:07:31,969-mp_log-INFO-已审核
2018-11-13 12:07:32,637-mp_log-INFO-已审核
2018-11-13 12:07:32,761-mp_log-INFO-已审核
2018-11-13 12:07:33,187-mp_log-INFO-审核失败
2018-11-13 12:07:33,403-mp_log-INFO-审核失败
2018-11-13 12:07:33,700-mp_log-INFO-已审核
2018-11-13 12:07:34,084-mp_log-INFO-已审核
2018-11-13 12:07:34,189-mp_log-INFO-已审核
2018-11-13 12:07:34,298-mp_log-INFO-已审核
2018-11-13 12:07:34,563-mp_log-INFO-已审核
2018-11-13 12:07:34,929-mp_log-INFO-审核失败
2018-11-13 12:07:35,199-mp_log-INFO-审核失败
2018-11-13 12:07:35,494-mp_log-INFO-审核失败
2018-11-13 12:07:35,705-mp_log-INFO-已审核
2018-11-13 12:07:36,019-mp_log-INFO-已审核
2018-11-13 12:07:36,416-mp_log-INFO-已审核
2018-11-13 12:07:36,650-mp_log-INFO-已审核
2018-11-13 12:07:36,979-mp_log-INFO-已审核
2018-11-13 12:07:37,205-mp_log-INFO-已审核
2018-11-13 12:07:37,507-mp_log-INFO-审核失败
2018-11-13 12:07:37,917-mp_log-INFO-已审核
2018-11-13 12:07:38,210-mp_log-INFO-已审核
2018-11-13 12:07:38,439-mp_log-INFO-审核失败
2018-11-13 12:07:38,747-mp_log-INFO-已审核
2018-11-13 12:07:39,093-mp_log-INFO-已审核
2018-11-13 12:07:39,400-mp_log-INFO-审核失败
2018-11-13 12:07:39,674-mp_log-INFO-已审核
2018-11-13 12:07:39,969-mp_log-INFO-已审核
2018-11-13 12:07:40,256-mp_log-INFO-已审核
2018-11-13 12:07:40,564-mp_log-INFO-已审核
2018-11-13 12:07:40,852-mp_log-INFO-已审核
2018-11-13 12:07:41,153-mp_log-INFO-已审核
2018-11-13 12:07:41,445-mp_log-INFO-已审核
2018-11-13 12:07:41,777-mp_log-INFO-已审核
2018-11-13 12:07:42,104-mp_log-INFO-已审核
2018-11-13 12:07:42,374-mp_log-INFO-已审核
2018-11-13 12:07:42,725-mp_log-INFO-已审核
2018-11-13 12:07:43,137-mp_log-INFO-已审核
2018-11-13 12:07:43,250-mp_log-INFO-已审核
2018-11-13 12:07:43,494-mp_log-INFO-已审核
2018-11-13 12:07:44,049-mp_log-INFO-已审核
2018-11-13 12:07:44,234-mp_log-INFO-已审核
2018-11-13 12:07:44,626-mp_log-INFO-已审核
2018-11-13 12:07:45,140-mp_log-INFO-已审核
2018-11-13 12:07:45,438-mp_log-INFO-已审核
2018-11-13 12:07:45,508-mp_log-INFO-审核失败
2018-11-13 12:07:45,750-mp_log-INFO-已审核
2018-11-13 12:07:45,942-mp_log-INFO-已审核
2018-11-13 12:07:46,301-mp_log-INFO-已审核
2018-11-13 12:07:46,576-mp_log-INFO-审核失败
2018-11-13 12:07:46,906-mp_log-INFO-已审核
2018-11-13 12:07:47,199-mp_log-INFO-已审核
2018-11-13 12:07:47,503-mp_log-INFO-已审核
