2018-11-01 19:15:11,310-Getlogin-INFO-登录成功，获取mp端token.....
2018-11-01 19:15:11,312-mp_log-INFO-token获取成功......
2018-11-01 19:15:25,579-mp_log-INFO-获取所有小程序信息成功......
2018-11-01 19:15:26,136-mp_log-INFO-获取最新模板信息成功.......
2018-11-01 19:15:27,301-mp_log-INFO-审核失败
2018-11-01 19:15:28,295-mp_log-INFO-已审核
2018-11-01 19:15:29,208-mp_log-INFO-已审核
2018-11-01 19:15:29,262-mp_log-INFO-已审核
2018-11-01 19:15:29,844-mp_log-INFO-审核失败
2018-11-01 19:15:29,855-mp_log-INFO-审核失败
2018-11-01 19:15:30,499-mp_log-INFO-已审核
2018-11-01 19:15:30,719-mp_log-INFO-已审核
2018-11-01 19:15:30,765-mp_log-INFO-已审核
2018-11-01 19:15:31,105-mp_log-INFO-已审核
2018-11-01 19:15:31,408-mp_log-INFO-审核失败
2018-11-01 19:15:31,682-mp_log-INFO-审核失败
2018-11-01 19:15:32,018-mp_log-INFO-审核失败
2018-11-01 19:15:32,272-mp_log-INFO-审核失败
2018-11-01 19:15:32,564-mp_log-INFO-已审核
2018-11-01 19:15:33,093-mp_log-INFO-已审核
2018-11-01 19:15:33,207-mp_log-INFO-已审核
2018-11-01 19:15:33,459-mp_log-INFO-已审核
2018-11-01 19:15:33,912-mp_log-INFO-已审核
2018-11-01 19:15:34,341-mp_log-INFO-已审核
2018-11-01 19:15:34,694-mp_log-INFO-审核失败
2018-11-01 19:15:34,963-mp_log-INFO-已审核
2018-11-01 19:15:35,245-mp_log-INFO-已审核
2018-11-01 19:15:35,816-mp_log-INFO-已审核
2018-11-01 19:15:36,079-mp_log-INFO-已审核
2018-11-01 19:15:36,250-mp_log-INFO-审核失败
2018-11-01 19:15:36,512-mp_log-INFO-已审核
2018-11-01 19:15:36,856-mp_log-INFO-已审核
2018-11-01 19:15:37,071-mp_log-INFO-已审核
2018-11-01 19:15:37,461-mp_log-INFO-已审核
2018-11-01 19:15:37,731-mp_log-INFO-审核失败
2018-11-01 19:15:38,008-mp_log-INFO-已审核
2018-11-01 19:15:38,309-mp_log-INFO-已审核
2018-11-01 19:15:38,590-mp_log-INFO-已审核
2018-11-01 19:15:39,216-mp_log-INFO-已审核
2018-11-01 19:15:39,511-mp_log-INFO-已审核
2018-11-01 19:15:39,903-mp_log-INFO-已审核
2018-11-01 19:15:40,111-mp_log-INFO-已审核
2018-11-01 19:15:40,429-mp_log-INFO-已审核
2018-11-01 19:15:40,915-mp_log-INFO-审核失败
2018-11-01 19:15:41,268-mp_log-INFO-已审核
2018-11-01 19:15:41,406-mp_log-INFO-已审核
2018-11-01 19:15:41,861-mp_log-INFO-已审核
2018-11-01 19:15:41,980-mp_log-INFO-审核失败
2018-11-01 19:15:42,275-mp_log-INFO-已审核
2018-11-01 19:15:42,567-mp_log-INFO-已审核
2018-11-01 19:15:42,868-mp_log-INFO-已审核
2018-11-01 19:15:43,211-mp_log-INFO-已审核
2018-11-01 19:15:43,439-mp_log-INFO-已审核
2018-11-01 19:15:43,778-mp_log-INFO-已审核
2018-11-01 19:15:43,982-mp_log-INFO-已审核
2018-11-01 19:15:44,384-mp_log-INFO-已审核
2018-11-01 19:15:44,797-mp_log-INFO-已审核
2018-11-01 19:15:45,035-mp_log-INFO-已审核
2018-11-01 19:15:45,331-mp_log-INFO-审核失败
2018-11-01 19:15:45,482-mp_log-INFO-已审核
2018-11-01 19:15:45,901-mp_log-INFO-已审核
2018-11-01 19:15:46,122-mp_log-INFO-审核失败
2018-11-01 19:15:46,471-mp_log-INFO-已审核
2018-11-01 19:15:46,836-mp_log-INFO-已审核
2018-11-01 19:15:47,025-mp_log-INFO-已审核
2018-11-01 19:15:47,459-mp_log-INFO-审核失败
2018-11-01 19:15:47,951-mp_log-INFO-已审核
2018-11-01 19:15:48,195-mp_log-INFO-审核失败
2018-11-01 19:15:48,290-mp_log-INFO-已审核
2018-11-01 19:15:48,519-mp_log-INFO-已审核
2018-11-01 19:15:48,951-mp_log-INFO-已审核
2018-11-01 19:15:49,251-mp_log-INFO-已审核
2018-11-01 19:15:49,400-mp_log-INFO-已审核
2018-11-01 19:15:49,758-mp_log-INFO-已审核
2018-11-01 19:15:49,941-mp_log-INFO-已审核
2018-11-01 19:15:50,436-mp_log-INFO-已审核
2018-11-01 19:15:50,601-mp_log-INFO-审核失败
2018-11-01 19:15:50,936-mp_log-INFO-已审核
2018-11-01 19:15:51,179-mp_log-INFO-已审核
2018-11-01 19:15:51,561-mp_log-INFO-审核失败
2018-11-01 19:15:51,791-mp_log-INFO-已审核
2018-11-01 19:15:52,114-mp_log-INFO-审核失败
2018-11-01 19:15:52,587-mp_log-INFO-已审核
2018-11-01 19:15:52,648-mp_log-INFO-已审核
2018-11-01 19:15:53,025-mp_log-INFO-已审核
2018-11-01 19:15:53,288-mp_log-INFO-已审核
2018-11-01 19:15:53,628-mp_log-INFO-审核失败
2018-11-01 19:15:53,907-mp_log-INFO-审核失败
2018-11-01 19:15:54,175-mp_log-INFO-审核失败
2018-11-01 19:15:55,001-mp_log-INFO-已审核
2018-11-01 19:15:55,070-mp_log-INFO-审核失败
2018-11-01 19:15:55,392-mp_log-INFO-已审核
2018-11-01 19:15:55,698-mp_log-INFO-已审核
2018-11-01 19:15:55,968-mp_log-INFO-审核失败
2018-11-01 19:15:56,063-mp_log-INFO-已审核
2018-11-01 19:15:56,488-mp_log-INFO-已审核
2018-11-01 19:15:56,726-mp_log-INFO-已审核
2018-11-01 19:15:57,082-mp_log-INFO-已审核
2018-11-01 19:15:57,403-mp_log-INFO-审核失败
2018-11-01 19:15:57,690-mp_log-INFO-已审核
2018-11-01 19:15:58,123-mp_log-INFO-审核失败
2018-11-01 19:15:58,446-mp_log-INFO-审核失败
2018-11-01 19:15:58,824-mp_log-INFO-已审核
2018-11-01 19:15:59,100-mp_log-INFO-审核失败
2018-11-01 19:15:59,408-mp_log-INFO-已审核
2018-11-01 19:15:59,627-mp_log-INFO-已审核
2018-11-01 19:15:59,910-mp_log-INFO-审核失败
2018-11-01 19:16:00,293-mp_log-INFO-已审核
2018-11-01 19:16:00,592-mp_log-INFO-审核失败
2018-11-01 19:16:00,822-mp_log-INFO-已审核
2018-11-01 19:16:01,125-mp_log-INFO-已审核
2018-11-01 19:16:01,490-mp_log-INFO-已审核
2018-11-01 19:16:01,789-mp_log-INFO-已审核
2018-11-01 19:16:02,014-mp_log-INFO-已审核
2018-11-01 19:16:02,312-mp_log-INFO-已审核
2018-11-01 19:16:02,593-mp_log-INFO-审核失败
2018-11-01 19:16:02,989-mp_log-INFO-审核失败
2018-11-01 19:16:03,241-mp_log-INFO-已审核
2018-11-01 19:16:03,594-mp_log-INFO-已审核
2018-11-01 19:16:03,841-mp_log-INFO-审核失败
2018-11-01 19:16:04,436-mp_log-INFO-已审核
2018-11-01 19:16:04,504-mp_log-INFO-已审核
2018-11-01 19:16:04,875-mp_log-INFO-审核失败
2018-11-01 19:16:05,096-mp_log-INFO-已审核
2018-11-01 19:16:05,335-mp_log-INFO-审核失败
2018-11-01 19:16:05,669-mp_log-INFO-已审核
2018-11-01 19:16:05,971-mp_log-INFO-审核失败
2018-11-01 19:16:06,305-mp_log-INFO-已审核
2018-11-01 19:16:06,571-mp_log-INFO-审核失败
2018-11-01 19:16:06,834-mp_log-INFO-已审核
2018-11-01 19:16:07,141-mp_log-INFO-已审核
2018-11-01 19:16:07,429-mp_log-INFO-已审核
2018-11-01 19:16:07,786-mp_log-INFO-已审核
2018-11-01 19:16:08,384-mp_log-INFO-已审核
2018-11-01 19:16:08,645-mp_log-INFO-已审核
2018-11-01 19:16:09,009-mp_log-INFO-审核失败
2018-11-01 19:16:09,251-mp_log-INFO-已审核
2018-11-01 19:16:09,538-mp_log-INFO-审核失败
2018-11-01 19:16:09,850-mp_log-INFO-已审核
2018-11-01 19:16:10,177-mp_log-INFO-已审核
2018-11-01 19:16:10,410-mp_log-INFO-审核失败
2018-11-01 19:16:10,736-mp_log-INFO-审核失败
2018-11-01 19:16:11,123-mp_log-INFO-已审核
2018-11-01 19:16:11,411-mp_log-INFO-已审核
2018-11-01 19:16:11,649-mp_log-INFO-已审核
2018-11-01 19:16:12,028-mp_log-INFO-已审核
2018-11-01 19:16:12,305-mp_log-INFO-审核失败
2018-11-01 19:16:12,878-mp_log-INFO-已审核
2018-11-01 19:16:13,003-mp_log-INFO-已审核
2018-11-01 19:16:13,127-mp_log-INFO-审核失败
2018-11-01 19:16:13,419-mp_log-INFO-已审核
2018-11-01 19:16:13,809-mp_log-INFO-已审核
2018-11-01 19:16:14,089-mp_log-INFO-已审核
2018-11-01 19:16:14,403-mp_log-INFO-已审核
2018-11-01 19:16:14,658-mp_log-INFO-审核失败
2018-11-01 19:16:14,931-mp_log-INFO-审核失败
2018-11-01 19:16:15,247-mp_log-INFO-已审核
2018-11-01 19:16:15,509-mp_log-INFO-审核失败
2018-11-01 19:16:15,885-mp_log-INFO-已审核
2018-11-01 19:16:16,193-mp_log-INFO-已审核
2018-11-01 19:16:16,551-mp_log-INFO-已审核
2018-11-01 19:16:16,768-mp_log-INFO-已审核
2018-11-01 19:16:17,128-mp_log-INFO-已审核
2018-11-01 19:16:17,403-mp_log-INFO-审核失败
2018-11-01 19:16:17,694-mp_log-INFO-已审核
2018-11-01 19:16:18,046-mp_log-INFO-已审核
2018-11-01 19:16:18,247-mp_log-INFO-已审核
2018-11-01 19:16:18,606-mp_log-INFO-已审核
2018-11-01 19:16:18,914-mp_log-INFO-已审核
2018-11-01 19:16:19,165-mp_log-INFO-已审核
2018-11-01 19:16:19,433-mp_log-INFO-已审核
2018-11-01 19:16:19,800-mp_log-INFO-已审核
2018-11-01 19:16:20,067-mp_log-INFO-已审核
2018-11-01 19:16:20,715-mp_log-INFO-已审核
2018-11-01 19:16:20,765-mp_log-INFO-审核失败
2018-11-01 19:16:20,964-mp_log-INFO-已审核
2018-11-01 19:16:21,307-mp_log-INFO-已审核
2018-11-01 19:16:21,552-mp_log-INFO-已审核
2018-11-01 19:16:21,926-mp_log-INFO-审核失败
2018-11-01 19:16:22,261-mp_log-INFO-已审核
2018-11-01 19:16:22,544-mp_log-INFO-已审核
2018-11-01 19:16:22,754-mp_log-INFO-审核失败
2018-11-01 19:16:23,072-mp_log-INFO-已审核
2018-11-01 19:16:23,346-mp_log-INFO-审核失败
2018-11-01 19:16:23,707-mp_log-INFO-已审核
2018-11-01 19:16:23,949-mp_log-INFO-已审核
2018-11-01 19:16:24,432-mp_log-INFO-已审核
2018-11-01 19:16:24,771-mp_log-INFO-已审核
2018-11-01 19:16:24,914-mp_log-INFO-已审核
2018-11-01 19:16:25,253-mp_log-INFO-已审核
2018-11-01 19:16:25,570-mp_log-INFO-已审核
2018-11-01 19:16:25,937-mp_log-INFO-已审核
2018-11-01 19:16:26,189-mp_log-INFO-已审核
2018-11-01 19:16:26,393-mp_log-INFO-已审核
