2018-11-07 19:59:19,020-Getlogin-INFO-登录成功，获取mp端token.....
2018-11-07 19:59:19,023-mp_log-INFO-token获取成功......
2018-11-07 19:59:31,354-mp_log-INFO-获取所有小程序信息成功......
2018-11-07 19:59:31,948-mp_log-INFO-获取最新模板信息成功.......
2018-11-07 19:59:34,844-mp_log-INFO-环亚美容提交成功
2018-11-07 19:59:35,721-mp_log-INFO-诺研皮肤管理提交成功
2018-11-07 19:59:36,402-mp_log-INFO-绿苑女子提交成功
2018-11-07 19:59:36,735-mp_log-INFO-广州七号驻颜提交成功
2018-11-07 19:59:36,992-mp_log-INFO-曼奇莎提交成功
2018-11-07 19:59:37,656-mp_log-INFO-诗美逸提交成功
2018-11-07 19:59:38,682-mp_log-INFO-颐和美容提交成功
2018-11-07 19:59:38,932-mp_log-INFO-赫阁尔提交成功
2018-11-07 19:59:39,173-mp_log-INFO-草木缘提交成功
2018-11-07 19:59:39,923-mp_log-INFO-梦颜科美提交成功
2018-11-07 19:59:40,157-mp_log-INFO-都市点点提交成功
2018-11-07 19:59:40,689-mp_log-INFO-来了美佳澜店提交成功
2018-11-07 19:59:41,503-mp_log-INFO-润妃国际提交成功
2018-11-07 19:59:41,764-mp_log-INFO-灵动提交成功
2018-11-07 19:59:42,047-mp_log-INFO-康丽皇家提交成功
2018-11-07 19:59:42,900-mp_log-INFO-美丽驿站提交成功
2018-11-07 19:59:45,228-mp_log-INFO-美美昭彦提交成功
2018-11-07 19:59:45,327-mp_log-INFO-匠美JMBEAUTY提交成功
2018-11-07 19:59:45,463-mp_log-INFO-爱睿熙国际提交成功
2018-11-07 19:59:45,629-mp_log-INFO-当今悦美提交成功
2018-11-07 19:59:45,839-mp_log-INFO-谦和国际提交成功
2018-11-07 19:59:45,907-mp_log-INFO-HB美尚荟提交成功
2018-11-07 19:59:46,156-mp_log-INFO-米蝶·快美吧提交成功
2018-11-07 19:59:46,749-mp_log-INFO-iBEATA贝娅塔提交成功
2018-11-07 19:59:47,325-mp_log-INFO-菲常美提交成功
2018-11-07 19:59:47,633-mp_log-INFO-当代经典提交成功
2018-11-07 19:59:47,988-mp_log-INFO-东方丽人提交成功
2018-11-07 19:59:48,528-mp_log-INFO-盛士兰提交成功
2018-11-07 19:59:49,429-mp_log-INFO-玫瑰坊提交成功
2018-11-07 19:59:50,008-mp_log-INFO-悠兰lyj提交成功
2018-11-07 19:59:50,066-mp_log-INFO-芊思雅莎莎提交成功
2018-11-07 19:59:50,547-mp_log-ERROR-美人记Diary提交失败
2018-11-07 19:59:50,589-mp_log-INFO-来就健康提交成功
2018-11-07 19:59:51,300-mp_log-INFO-恒美世纪提交成功
2018-11-07 19:59:52,178-mp_log-INFO-美范·珺之屋提交成功
2018-11-07 19:59:52,863-mp_log-INFO-菲梵经典提交成功
2018-11-07 19:59:53,272-mp_log-INFO-悦芳泉SPA提交成功
2018-11-07 19:59:53,752-mp_log-INFO-爱美丽提交成功
2018-11-07 19:59:54,450-mp_log-INFO-漂亮如你提交成功
2018-11-07 19:59:54,673-mp_log-INFO-广西宝宝爱提交成功
2018-11-07 19:59:55,087-mp_log-INFO-虞诗蔓提交成功
2018-11-07 19:59:55,741-mp_log-INFO-Goonbeauty提交成功
2018-11-07 19:59:56,189-mp_log-INFO-唯艳美提交成功
2018-11-07 19:59:56,569-mp_log-INFO-吉美妍丽提交成功
2018-11-07 19:59:57,495-mp_log-INFO-雪依氏提交成功
2018-11-07 19:59:59,311-mp_log-ERROR-霭伦恩美提交失败
2018-11-07 19:59:59,829-mp_log-ERROR-来美吧提交失败
2018-11-07 19:59:59,853-mp_log-INFO-星美国际提交成功
2018-11-07 20:00:00,960-mp_log-ERROR-美美一生提交失败
2018-11-07 20:00:01,322-mp_log-ERROR-佳婳天美提交失败
2018-11-07 20:00:01,877-mp_log-ERROR-优年轻提交失败
2018-11-07 20:00:02,311-mp_log-ERROR-易康国际提交失败
2018-11-07 20:00:02,830-mp_log-ERROR-美美昭妍提交失败
2018-11-07 20:00:03,155-mp_log-ERROR-伊美朗提交失败
2018-11-07 20:00:03,332-mp_log-ERROR-佐登妮丝提交失败
2018-11-07 20:00:03,839-mp_log-ERROR-阿星国际提交失败
2018-11-07 20:00:04,350-mp_log-ERROR-娇阑美颜提交失败
2018-11-07 20:00:04,872-mp_log-ERROR-爱女士提交失败
2018-11-07 20:00:05,381-mp_log-ERROR-PS智能美肤提交失败
2018-11-07 20:00:05,936-mp_log-ERROR-艾妍整形提交失败
2018-11-07 20:00:06,352-mp_log-ERROR-珍珍美容提交失败
2018-11-07 20:00:06,937-mp_log-ERROR-巴黎情缘提交失败
2018-11-07 20:00:07,406-mp_log-ERROR-百合春天提交失败
2018-11-07 20:00:07,851-mp_log-ERROR-梅兰丽人提交失败
2018-11-07 20:00:08,453-mp_log-ERROR-燕燕尊尚美容提交失败
2018-11-07 20:00:08,864-mp_log-ERROR-雅致璇肌提交失败
2018-11-07 20:00:09,432-mp_log-ERROR-诗露丽涵提交失败
2018-11-07 20:00:09,837-mp_log-ERROR-东方仕典提交失败
2018-11-07 20:00:10,425-mp_log-ERROR-韩流美美店提交失败
2018-11-07 20:00:11,494-mp_log-ERROR-年轻我可以提交失败
2018-11-07 20:00:12,816-mp_log-ERROR-兴美源提交失败
2018-11-07 20:00:13,271-mp_log-ERROR-月瘦月美提交失败
2018-11-07 20:00:13,373-mp_log-ERROR-明剪一秀提交失败
2018-11-07 20:00:13,882-mp_log-ERROR-深圳丝客富提交失败
2018-11-07 20:00:14,417-mp_log-ERROR-琉璃水城提交失败
2018-11-07 20:00:14,832-mp_log-ERROR-精工皇族提交失败
2018-11-07 20:00:14,968-mp_log-ERROR-栢草源提交失败
2018-11-07 20:00:15,470-mp_log-ERROR-杭州东方整形提交失败
2018-11-07 20:00:16,517-mp_log-INFO-YAN健康•美+提交成功
2018-11-07 20:00:16,984-mp_log-ERROR-MMbeauty提交失败
2018-11-07 20:00:18,016-mp_log-INFO-ONI速美提交成功
2018-11-07 20:00:19,776-mp_log-INFO-紫舟美业提交成功
2018-11-07 20:00:19,794-mp_log-INFO-美共享提交成功
2018-11-07 20:00:19,809-mp_log-ERROR-靓佳人提交失败
2018-11-07 20:00:19,838-mp_log-INFO-二院美丽之约提交成功
2018-11-07 20:00:19,978-mp_log-INFO-ME智慧美店提交成功
2018-11-07 20:00:20,572-mp_log-INFO-美德福提交成功
2018-11-07 20:00:20,711-mp_log-INFO-岳灵生发提交成功
2018-11-07 20:00:20,772-mp_log-INFO-来了美标榜店提交成功
2018-11-07 20:00:21,096-mp_log-INFO-阿芙洛蒂提交成功
2018-11-07 20:00:22,120-mp_log-INFO-南洋beauty提交成功
2018-11-07 20:00:22,237-mp_log-INFO-雅典娜提交成功
2018-11-07 20:00:24,080-mp_log-INFO-杭州桐雅提交成功
2018-11-07 20:00:24,957-mp_log-INFO-美姿源提交成功
2018-11-07 20:00:24,974-mp_log-INFO-妃香伊丹提交成功
2018-11-07 20:00:25,186-mp_log-INFO-维多丽雅提交成功
2018-11-07 20:00:26,091-mp_log-INFO-魅力华健提交成功
2018-11-07 20:00:26,688-mp_log-INFO-绮莉尔智能美提交成功
2018-11-07 20:00:27,255-mp_log-INFO-张氏纳然姬朵提交成功
2018-11-07 20:00:27,344-mp_log-INFO-窈窕淑女提交成功
2018-11-07 20:00:27,845-mp_log-ERROR-妍雅媛提交失败
2018-11-07 20:00:28,750-mp_log-INFO-香密雅CIMIA提交成功
2018-11-07 20:00:28,978-mp_log-INFO-云立方提交成功
2018-11-07 20:00:29,105-mp_log-INFO-圣水伊人提交成功
2018-11-07 20:00:29,313-mp_log-INFO-来了美提交成功
2018-11-07 20:00:29,495-mp_log-INFO-贵妇人提交成功
2018-11-07 20:00:31,168-mp_log-INFO-轻医美提交成功
2018-11-07 20:00:31,524-mp_log-INFO-世纪春天提交成功
2018-11-07 20:00:31,998-mp_log-INFO-BabyBeauty提交成功
2018-11-07 20:00:32,127-mp_log-INFO-奇遇青春提交成功
2018-11-07 20:00:32,228-mp_log-INFO-美之颜提交成功
2018-11-07 20:00:32,644-mp_log-ERROR-来了美韩尚恩提交失败
2018-11-07 20:00:32,791-mp_log-INFO-纤指百媚提交成功
2018-11-07 20:00:33,357-mp_log-INFO-郦芙蓉beauty提交成功
2018-11-07 20:00:33,624-mp_log-INFO-玫香源提交成功
2018-11-07 20:00:33,877-mp_log-INFO-香住SPA提交成功
2018-11-07 20:00:34,092-mp_log-INFO-氢颜轻奢美肤提交成功
2018-11-07 20:00:35,484-mp_log-INFO-黄氏百佳提交成功
2018-11-07 20:00:36,023-mp_log-INFO-创美雅香莱提交成功
2018-11-07 20:00:36,094-mp_log-ERROR-涣美医疗提交失败
2018-11-07 20:00:36,966-mp_log-INFO-艾面一族 提交成功
2018-11-07 20:00:37,333-mp_log-INFO-依蔻依美提交成功
2018-11-07 20:00:38,878-mp_log-ERROR-佰味女人提交失败
2018-11-07 20:00:38,918-mp_log-INFO-植美SPA提交成功
2018-11-07 20:00:39,869-mp_log-INFO-曼姿提交成功
2018-11-07 20:00:40,054-mp_log-ERROR-百分国际美容提交失败
2018-11-07 20:00:40,337-mp_log-INFO-美丽九九提交成功
2018-11-07 20:00:40,972-mp_log-INFO-千颂伊美学中心提交成功
2018-11-07 20:00:41,859-mp_log-INFO-艾尚美美哒提交成功
2018-11-07 20:00:41,862-mp_log-INFO-玉颜堂提交成功
2018-11-07 20:00:42,327-mp_log-INFO-爱玛仕嘉提交成功
2018-11-07 20:00:43,005-mp_log-INFO-成都净美天使提交成功
2018-11-07 20:00:43,802-mp_log-INFO-IVY艾菲芭提交成功
2018-11-07 20:00:44,019-mp_log-INFO-美姿来就美提交成功
2018-11-07 20:00:44,024-mp_log-INFO-欧妮薇提交成功
2018-11-07 20:00:44,199-mp_log-INFO-金美源提交成功
2018-11-07 20:00:44,745-mp_log-INFO-来了美雲会所提交成功
2018-11-07 20:00:44,839-mp_log-INFO-智能科技美店提交成功
2018-11-07 20:00:45,010-mp_log-INFO-SoBeauty提交成功
2018-11-07 20:00:46,050-mp_log-INFO-蒙妮莎新美容提交成功
2018-11-07 20:00:46,352-mp_log-INFO-筋生美提交成功
2018-11-07 20:00:46,549-mp_log-INFO-来了美美吧提交成功
2018-11-07 20:00:47,314-mp_log-INFO-金柏丽提交成功
2018-11-07 20:00:48,088-mp_log-INFO-长江九号提交成功
2018-11-07 20:00:48,184-mp_log-INFO-优文专业脱毛提交成功
2018-11-07 20:00:48,933-mp_log-INFO-如生堂提交成功
2018-11-07 20:00:49,381-mp_log-INFO-梦田芳香Spa提交成功
2018-11-07 20:00:50,243-mp_log-INFO-天使国际提交成功
2018-11-07 20:00:51,053-mp_log-INFO-贝施纤体提交成功
2018-11-07 20:00:51,226-mp_log-INFO-红妆倾城提交成功
2018-11-07 20:00:51,598-mp_log-INFO-金贵人Beauty提交成功
2018-11-07 20:00:52,030-mp_log-INFO-色彩纯姬提交成功
2018-11-07 20:00:52,707-mp_log-INFO-芯语芳心提交成功
2018-11-07 20:00:52,879-mp_log-INFO-丹阳圣莉斯歌提交成功
2018-11-07 20:00:53,420-mp_log-INFO-还原美提交成功
2018-11-07 20:00:53,730-mp_log-INFO-延颜美容提交成功
2018-11-07 20:00:54,009-mp_log-INFO-缘临医疗美容提交成功
2018-11-07 20:00:54,302-mp_log-INFO-梦圆皇宫提交成功
2018-11-07 20:00:54,829-mp_log-INFO-美了就来提交成功
2018-11-07 20:00:55,374-mp_log-INFO-恩雅提交成功
2018-11-07 20:00:55,770-mp_log-INFO-YoungDream提交成功
2018-11-07 20:00:56,472-mp_log-INFO-DR美研博士提交成功
2018-11-07 20:00:57,032-mp_log-INFO-女秀才提交成功
2018-11-07 20:00:58,101-mp_log-INFO-東美人儿提交成功
2018-11-07 20:00:58,674-mp_log-INFO-承昱医疗提交成功
2018-11-07 20:00:59,346-mp_log-INFO-斓悦庭提交成功
2018-11-07 20:00:59,384-mp_log-INFO-唯美童妍提交成功
2018-11-07 20:00:59,909-mp_log-INFO-美迩美整形提交成功
2018-11-07 20:01:01,676-mp_log-INFO-BV美聚提交成功
2018-11-07 20:01:03,006-mp_log-INFO-健丽宝美容提交成功
2018-11-07 20:01:03,197-mp_log-ERROR-呈悦医疗提交失败
2018-11-07 20:01:03,355-mp_log-INFO-掌上美管家A提交成功
2018-11-07 20:01:03,716-mp_log-INFO-雅涛世家提交成功
2018-11-07 20:01:03,816-mp_log-INFO-来了美千丝美提交成功
2018-11-07 20:01:03,817-mp_log-INFO-双妹美容提交成功
2018-11-07 20:01:04,103-mp_log-INFO-雅梵GO美提交成功
2018-11-07 20:01:04,211-mp_log-INFO-世纪之春提交成功
2018-11-07 20:01:04,301-mp_log-ERROR-弘粹堂提交失败
2018-11-07 20:01:04,417-mp_log-INFO-博妍集美提交成功
2018-11-07 20:01:05,153-mp_log-INFO-女主角美容提交成功
2018-11-07 20:01:05,726-mp_log-INFO-环球美容提交成功
2018-11-07 20:01:06,646-mp_log-INFO-乐聚提交成功
2018-11-07 20:01:06,827-mp_log-INFO-诗芙侬提交成功
2018-11-07 20:01:07,579-mp_log-INFO-沧州美美达提交成功
2018-11-07 20:01:08,660-mp_log-INFO-妮娜形象管理提交成功
2018-11-07 20:01:08,823-mp_log-INFO-馨境堂提交成功
2018-11-07 20:01:09,832-mp_log-INFO-良沐健康管理提交成功
2018-11-07 20:01:10,467-mp_log-INFO-果蔬美容提交成功
2018-11-07 20:01:10,549-mp_log-INFO-贝兰思提交成功
2018-11-07 20:01:10,986-mp_log-INFO-东方秀丽提交成功
2018-11-07 20:01:10,988-mp_log-INFO-赢美肌提交成功
2018-11-07 20:01:11,781-mp_log-INFO-欧丽薇提交成功
