2018-11-07 20:04:26,080-Getlogin-INFO-登录成功，获取mp端token.....
2018-11-07 20:04:26,083-mp_log-INFO-token获取成功......
2018-11-07 20:04:38,592-mp_log-INFO-获取所有小程序信息成功......
2018-11-07 20:04:39,111-mp_log-INFO-获取最新模板信息成功.......
2018-11-07 20:04:41,377-mp_log-INFO-易康国际模板操作成功,模板名称11-07商家版1.1.34
2018-11-07 20:04:41,936-mp_log-INFO-佐登妮丝模板操作成功,模板名称11-07商家版1.1.34
2018-11-07 20:04:42,683-mp_log-INFO-娇阑美颜模板操作成功,模板名称11-07商家版1.1.34
2018-11-07 20:04:43,044-mp_log-INFO-爱女士模板操作成功,模板名称11-07商家版1.1.34
2018-11-07 20:04:43,277-mp_log-INFO-巴黎情缘模板操作成功,模板名称11-07商家版1.1.34
2018-11-07 20:04:43,796-mp_log-INFO-百合春天模板操作成功,模板名称11-07商家版1.1.34
2018-11-07 20:04:44,284-mp_log-INFO-梅兰丽人模板操作成功,模板名称11-07商家版1.1.34
2018-11-07 20:04:44,897-mp_log-INFO-诗露丽涵模板操作成功,模板名称11-07商家版1.1.34
2018-11-07 20:04:45,449-mp_log-INFO-东方仕典模板操作成功,模板名称11-07商家版1.1.34
2018-11-07 20:04:45,951-mp_log-INFO-明剪一秀模板操作成功,模板名称11-07商家版1.1.34
2018-11-07 20:04:46,457-mp_log-INFO-琉璃水城模板操作成功,模板名称11-07商家版1.1.34
2018-11-07 20:04:46,721-mp_log-INFO-栢草源模板操作成功,模板名称11-07商家版1.1.34
2018-11-07 20:04:47,278-mp_log-INFO-杭州东方整形模板操作成功,模板名称11-07商家版1.1.34
2018-11-07 20:04:47,839-mp_log-INFO-靓佳人模板操作成功,模板名称11-07商家版1.1.34
2018-11-07 20:04:48,372-mp_log-INFO-妍雅媛模板操作成功,模板名称11-07商家版1.1.34
2018-11-07 20:04:48,855-mp_log-INFO-佰味女人模板操作成功,模板名称11-07商家版1.1.34
