2018-11-26 14:19:27,236-Getlogin-ERROR-'token'
2018-11-26 14:19:27,239-mp_log-INFO-token获取成功......
2018-11-26 14:19:42,398-mp_log-INFO-获取所有小程序信息成功......
2018-11-26 14:19:42,908-mp_log-INFO-获取最新模板信息成功.......
2018-11-26 14:19:44,000-mp_log-INFO-审核失败
2018-11-26 14:19:44,236-mp_log-INFO-审核中
2018-11-26 14:19:44,516-mp_log-INFO-已审核
2018-11-26 14:19:45,132-mp_log-INFO-审核中
2018-11-26 14:19:45,777-mp_log-INFO-已审核
2018-11-26 14:19:46,030-mp_log-INFO-审核中
2018-11-26 14:19:46,328-mp_log-INFO-审核中
2018-11-26 14:19:46,694-mp_log-INFO-审核中
2018-11-26 14:19:47,011-mp_log-INFO-审核中
2018-11-26 14:19:47,295-mp_log-INFO-已审核
2018-11-26 14:19:47,498-mp_log-INFO-审核中
2018-11-26 14:19:48,172-mp_log-INFO-审核中
2018-11-26 14:19:48,176-mp_log-INFO-审核中
2018-11-26 14:19:48,549-mp_log-INFO-审核中
2018-11-26 14:19:48,968-mp_log-INFO-审核中
2018-11-26 14:19:49,377-mp_log-INFO-已审核
2018-11-26 14:19:49,708-mp_log-INFO-审核中
2018-11-26 14:19:49,890-mp_log-INFO-审核中
2018-11-26 14:19:50,192-mp_log-INFO-已审核
2018-11-26 14:19:50,379-mp_log-INFO-已审核
2018-11-26 14:19:50,950-mp_log-INFO-已审核
2018-11-26 14:19:51,277-mp_log-INFO-已审核
2018-11-26 14:19:52,307-mp_log-INFO-已审核
2018-11-26 14:19:52,476-mp_log-INFO-审核中
2018-11-26 14:19:52,514-mp_log-INFO-审核中
2018-11-26 14:19:52,780-mp_log-INFO-已审核
2018-11-26 14:19:52,805-mp_log-INFO-已审核
2018-11-26 14:19:53,059-mp_log-INFO-已审核
2018-11-26 14:19:53,631-mp_log-INFO-审核中
2018-11-26 14:19:53,877-mp_log-INFO-审核中
2018-11-26 14:19:53,884-mp_log-INFO-审核中
2018-11-26 14:19:54,149-mp_log-INFO-审核中
2018-11-26 14:19:54,591-mp_log-INFO-已审核
2018-11-26 14:19:54,763-mp_log-INFO-审核中
2018-11-26 14:19:55,066-mp_log-INFO-审核中
2018-11-26 14:19:55,473-mp_log-INFO-审核中
2018-11-26 14:19:55,613-mp_log-INFO-已审核
2018-11-26 14:19:56,031-mp_log-INFO-审核中
2018-11-26 14:19:56,437-mp_log-INFO-审核中
2018-11-26 14:19:56,543-mp_log-INFO-已审核
2018-11-26 14:19:56,914-mp_log-INFO-审核中
2018-11-26 14:19:57,208-mp_log-INFO-审核中
2018-11-26 14:19:57,497-mp_log-INFO-已审核
2018-11-26 14:19:57,847-mp_log-INFO-审核中
2018-11-26 14:19:58,053-mp_log-INFO-已审核
2018-11-26 14:19:58,357-mp_log-INFO-审核中
2018-11-26 14:19:58,701-mp_log-INFO-审核中
2018-11-26 14:19:59,431-mp_log-INFO-已审核
2018-11-26 14:19:59,573-mp_log-INFO-审核中
2018-11-26 14:19:59,697-mp_log-INFO-审核中
2018-11-26 14:19:59,861-mp_log-INFO-已审核
2018-11-26 14:20:00,268-mp_log-INFO-已审核
2018-11-26 14:20:00,585-mp_log-INFO-审核中
2018-11-26 14:20:00,780-mp_log-INFO-审核中
2018-11-26 14:20:01,025-mp_log-INFO-已审核
2018-11-26 14:20:01,666-mp_log-INFO-已审核
2018-11-26 14:20:01,734-mp_log-INFO-审核中
2018-11-26 14:20:02,013-mp_log-INFO-已审核
2018-11-26 14:20:02,322-mp_log-INFO-审核中
2018-11-26 14:20:02,630-mp_log-INFO-审核中
2018-11-26 14:20:02,857-mp_log-INFO-审核中
2018-11-26 14:20:03,227-mp_log-INFO-已审核
2018-11-26 14:20:03,542-mp_log-INFO-审核中
2018-11-26 14:20:03,805-mp_log-INFO-审核中
2018-11-26 14:20:04,139-mp_log-INFO-已审核
2018-11-26 14:20:04,694-mp_log-INFO-审核中
2018-11-26 14:20:04,726-mp_log-INFO-审核中
2018-11-26 14:20:04,951-mp_log-INFO-审核中
2018-11-26 14:20:05,283-mp_log-INFO-审核中
2018-11-26 14:20:05,781-mp_log-INFO-审核中
2018-11-26 14:20:06,142-mp_log-INFO-审核中
2018-11-26 14:20:06,570-mp_log-INFO-已审核
2018-11-26 14:20:06,667-mp_log-INFO-已审核
2018-11-26 14:20:06,818-mp_log-INFO-已审核
2018-11-26 14:20:07,148-mp_log-INFO-审核中
2018-11-26 14:20:07,493-mp_log-INFO-审核中
2018-11-26 14:20:07,788-mp_log-INFO-已审核
2018-11-26 14:20:08,034-mp_log-INFO-审核中
2018-11-26 14:20:08,520-mp_log-INFO-审核中
2018-11-26 14:20:08,700-mp_log-INFO-已审核
2018-11-26 14:20:08,961-mp_log-INFO-已审核
2018-11-26 14:20:09,555-mp_log-INFO-审核中
2018-11-26 14:20:09,623-mp_log-INFO-已审核
2018-11-26 14:20:09,822-mp_log-INFO-审核中
2018-11-26 14:20:10,125-mp_log-INFO-已审核
2018-11-26 14:20:10,531-mp_log-INFO-已审核
2018-11-26 14:20:11,033-mp_log-INFO-审核中
2018-11-26 14:20:11,119-mp_log-INFO-审核中
2018-11-26 14:20:11,407-mp_log-INFO-审核中
2018-11-26 14:20:11,734-mp_log-INFO-审核中
2018-11-26 14:20:11,908-mp_log-INFO-审核中
2018-11-26 14:20:12,186-mp_log-INFO-已审核
2018-11-26 14:20:12,903-mp_log-INFO-审核中
2018-11-26 14:20:13,568-mp_log-INFO-审核中
2018-11-26 14:20:13,714-mp_log-INFO-已审核
2018-11-26 14:20:14,071-mp_log-INFO-审核中
2018-11-26 14:20:14,227-mp_log-INFO-审核中
2018-11-26 14:20:14,522-mp_log-INFO-审核中
2018-11-26 14:20:14,897-mp_log-INFO-审核中
2018-11-26 14:20:15,216-mp_log-INFO-已审核
2018-11-26 14:20:15,615-mp_log-INFO-审核中
2018-11-26 14:20:16,093-mp_log-INFO-审核中
2018-11-26 14:20:16,134-mp_log-INFO-已审核
2018-11-26 14:20:16,393-mp_log-INFO-审核中
2018-11-26 14:20:16,725-mp_log-INFO-审核中
2018-11-26 14:20:17,411-mp_log-INFO-审核中
2018-11-26 14:20:17,537-mp_log-INFO-审核中
2018-11-26 14:20:17,622-mp_log-INFO-审核中
2018-11-26 14:20:17,713-mp_log-INFO-审核中
2018-11-26 14:20:17,969-mp_log-INFO-已审核
2018-11-26 14:20:18,225-mp_log-INFO-审核中
2018-11-26 14:20:18,573-mp_log-INFO-已审核
2018-11-26 14:20:18,854-mp_log-INFO-审核中
2018-11-26 14:20:19,121-mp_log-INFO-审核中
2018-11-26 14:20:19,560-mp_log-INFO-已审核
2018-11-26 14:20:19,808-mp_log-INFO-审核中
2018-11-26 14:20:20,247-mp_log-INFO-已审核
2018-11-26 14:20:20,379-mp_log-INFO-已审核
2018-11-26 14:20:20,636-mp_log-INFO-已审核
2018-11-26 14:20:20,955-mp_log-INFO-审核中
2018-11-26 14:20:21,293-mp_log-INFO-审核中
2018-11-26 14:20:21,854-mp_log-INFO-已审核
2018-11-26 14:20:22,212-mp_log-INFO-审核中
2018-11-26 14:20:22,449-mp_log-INFO-已审核
2018-11-26 14:20:22,456-mp_log-INFO-审核中
2018-11-26 14:20:22,783-mp_log-INFO-已审核
2018-11-26 14:20:23,110-mp_log-INFO-已审核
2018-11-26 14:20:23,278-mp_log-INFO-已审核
2018-11-26 14:20:23,651-mp_log-INFO-已审核
2018-11-26 14:20:24,213-mp_log-INFO-审核中
2018-11-26 14:20:24,809-mp_log-INFO-已审核
2018-11-26 14:20:25,445-mp_log-INFO-审核中
2018-11-26 14:20:25,449-mp_log-INFO-审核中
2018-11-26 14:20:25,452-mp_log-INFO-审核中
2018-11-26 14:20:25,761-mp_log-INFO-审核中
2018-11-26 14:20:26,058-mp_log-INFO-审核中
2018-11-26 14:20:26,315-mp_log-INFO-审核中
2018-11-26 14:20:26,596-mp_log-INFO-审核中
2018-11-26 14:20:26,932-mp_log-INFO-审核中
2018-11-26 14:20:27,272-mp_log-INFO-已审核
2018-11-26 14:20:27,497-mp_log-INFO-已审核
2018-11-26 14:20:27,921-mp_log-INFO-已审核
2018-11-26 14:20:28,177-mp_log-INFO-已审核
2018-11-26 14:20:28,526-mp_log-INFO-审核中
2018-11-26 14:20:28,788-mp_log-INFO-已审核
2018-11-26 14:20:29,039-mp_log-INFO-已审核
2018-11-26 14:20:29,392-mp_log-INFO-审核中
2018-11-26 14:20:29,669-mp_log-INFO-审核中
2018-11-26 14:20:29,912-mp_log-INFO-已审核
2018-11-26 14:20:30,227-mp_log-INFO-审核中
2018-11-26 14:20:30,535-mp_log-INFO-已审核
2018-11-26 14:20:30,857-mp_log-INFO-已审核
2018-11-26 14:20:31,162-mp_log-INFO-审核中
2018-11-26 14:20:31,503-mp_log-INFO-审核中
2018-11-26 14:20:31,849-mp_log-INFO-已审核
2018-11-26 14:20:32,130-mp_log-INFO-已审核
2018-11-26 14:20:32,399-mp_log-INFO-审核中
2018-11-26 14:20:32,652-mp_log-INFO-已审核
2018-11-26 14:20:32,925-mp_log-INFO-审核中
2018-11-26 14:20:33,294-mp_log-INFO-已审核
2018-11-26 14:20:33,541-mp_log-INFO-审核中
2018-11-26 14:20:34,010-mp_log-INFO-审核中
2018-11-26 14:20:34,199-mp_log-INFO-已审核
2018-11-26 14:20:34,560-mp_log-INFO-已审核
2018-11-26 14:20:34,947-mp_log-INFO-已审核
2018-11-26 14:20:35,288-mp_log-INFO-审核中
2018-11-26 14:20:35,401-mp_log-INFO-审核中
2018-11-26 14:20:35,654-mp_log-INFO-审核中
2018-11-26 14:20:35,954-mp_log-INFO-审核中
2018-11-26 14:20:36,275-mp_log-INFO-审核中
2018-11-26 14:20:36,627-mp_log-INFO-已审核
2018-11-26 14:20:36,912-mp_log-INFO-审核中
2018-11-26 14:20:37,163-mp_log-INFO-审核中
2018-11-26 14:20:37,480-mp_log-INFO-已审核
2018-11-26 14:20:37,775-mp_log-INFO-审核中
2018-11-26 14:20:38,127-mp_log-INFO-已审核
2018-11-26 14:20:38,403-mp_log-INFO-已审核
2018-11-26 14:20:38,656-mp_log-INFO-审核中
2018-11-26 14:20:39,034-mp_log-INFO-审核中
2018-11-26 14:20:39,276-mp_log-INFO-审核中
2018-11-26 14:20:39,593-mp_log-INFO-已审核
2018-11-26 14:20:40,040-mp_log-INFO-审核中
2018-11-26 14:20:40,174-mp_log-INFO-审核中
2018-11-26 14:20:40,543-mp_log-INFO-审核中
2018-11-26 14:20:40,870-mp_log-INFO-审核中
2018-11-26 14:20:41,158-mp_log-INFO-已审核
2018-11-26 14:20:41,434-mp_log-INFO-审核中
2018-11-26 14:20:41,704-mp_log-INFO-审核中
2018-11-26 14:20:42,112-mp_log-INFO-审核中
2018-11-26 14:20:42,372-mp_log-INFO-已审核
2018-11-26 14:20:42,562-mp_log-INFO-审核中
2018-11-26 14:20:43,021-mp_log-INFO-审核中
2018-11-26 14:20:43,258-mp_log-INFO-审核中
2018-11-26 14:20:43,514-mp_log-INFO-已审核
2018-11-26 14:20:43,830-mp_log-INFO-已审核
2018-11-26 14:20:44,054-mp_log-INFO-审核中
2018-11-26 14:20:44,411-mp_log-INFO-审核中
2018-11-26 14:20:44,634-mp_log-INFO-已审核
2018-11-26 14:20:44,995-mp_log-INFO-审核中
2018-11-26 14:20:45,217-mp_log-INFO-已审核
2018-11-26 14:20:45,555-mp_log-INFO-审核中
2018-11-26 14:20:45,888-mp_log-INFO-审核中
2018-11-26 14:20:46,158-mp_log-INFO-已审核
2018-11-26 14:20:46,475-mp_log-INFO-审核中
2018-11-26 14:20:46,770-mp_log-INFO-审核中
2018-11-26 14:20:47,066-mp_log-INFO-审核中
2018-11-26 14:20:47,391-mp_log-INFO-审核中
2018-11-26 14:20:47,687-mp_log-INFO-已审核
2018-11-26 14:20:47,978-mp_log-INFO-审核中
2018-11-26 14:20:48,691-mp_log-INFO-审核中
2018-11-26 14:20:48,691-mp_log-INFO-已审核
