2018-11-24 18:10:12,836-Getlogin-ERROR-'token'
2018-11-24 18:10:12,842-mp_log-INFO-token获取成功......
2018-11-24 18:10:24,659-mp_log-INFO-获取所有小程序信息成功......
2018-11-24 18:10:25,195-mp_log-INFO-获取最新模板信息成功.......
2018-11-24 18:10:26,313-mp_log-INFO-审核中
2018-11-24 18:10:26,699-mp_log-INFO-审核中
2018-11-24 18:10:27,570-mp_log-INFO-审核中
2018-11-24 18:10:27,600-mp_log-INFO-审核中
2018-11-24 18:10:28,050-mp_log-INFO-审核中
2018-11-24 18:10:28,436-mp_log-INFO-审核中
2018-11-24 18:10:28,864-mp_log-INFO-审核中
2018-11-24 18:10:29,074-mp_log-INFO-审核中
2018-11-24 18:10:29,247-mp_log-INFO-审核中
2018-11-24 18:10:29,653-mp_log-INFO-审核中
2018-11-24 18:10:29,759-mp_log-INFO-审核中
2018-11-24 18:10:30,264-mp_log-INFO-审核中
2018-11-24 18:10:30,552-mp_log-INFO-审核中
2018-11-24 18:10:30,989-mp_log-INFO-审核中
2018-11-24 18:10:31,127-mp_log-INFO-审核中
2018-11-24 18:10:31,461-mp_log-INFO-审核中
2018-11-24 18:10:31,743-mp_log-INFO-审核中
2018-11-24 18:10:32,242-mp_log-INFO-审核中
2018-11-24 18:10:32,499-mp_log-INFO-审核中
2018-11-24 18:10:32,919-mp_log-INFO-审核中
2018-11-24 18:10:33,157-mp_log-INFO-审核中
2018-11-24 18:10:33,219-mp_log-INFO-审核中
2018-11-24 18:10:33,532-mp_log-INFO-审核中
2018-11-24 18:10:34,329-mp_log-INFO-审核中
2018-11-24 18:10:34,427-mp_log-INFO-审核中
2018-11-24 18:10:34,714-mp_log-INFO-审核中
2018-11-24 18:10:34,997-mp_log-INFO-审核中
2018-11-24 18:10:35,319-mp_log-INFO-审核中
2018-11-24 18:10:35,633-mp_log-INFO-审核中
2018-11-24 18:10:35,880-mp_log-INFO-审核中
2018-11-24 18:10:36,266-mp_log-INFO-审核中
2018-11-24 18:10:36,568-mp_log-INFO-审核中
2018-11-24 18:10:36,865-mp_log-INFO-审核中
2018-11-24 18:10:37,069-mp_log-INFO-审核中
2018-11-24 18:10:37,491-mp_log-INFO-审核中
2018-11-24 18:10:37,710-mp_log-INFO-审核中
2018-11-24 18:10:38,064-mp_log-INFO-审核中
2018-11-24 18:10:38,576-mp_log-INFO-审核中
2018-11-24 18:10:38,592-mp_log-INFO-审核中
2018-11-24 18:10:38,919-mp_log-INFO-审核中
2018-11-24 18:10:39,267-mp_log-INFO-审核中
2018-11-24 18:10:39,494-mp_log-INFO-审核中
2018-11-24 18:10:39,827-mp_log-INFO-审核中
2018-11-24 18:10:40,141-mp_log-INFO-审核中
2018-11-24 18:10:40,415-mp_log-INFO-审核中
2018-11-24 18:10:40,758-mp_log-INFO-审核中
2018-11-24 18:10:40,990-mp_log-INFO-审核中
2018-11-24 18:10:41,418-mp_log-INFO-审核中
2018-11-24 18:10:41,577-mp_log-INFO-审核中
2018-11-24 18:10:41,986-mp_log-INFO-审核中
2018-11-24 18:10:42,178-mp_log-INFO-审核中
2018-11-24 18:10:42,475-mp_log-INFO-审核中
2018-11-24 18:10:42,861-mp_log-INFO-审核中
2018-11-24 18:10:43,159-mp_log-INFO-审核中
2018-11-24 18:10:43,388-mp_log-INFO-审核中
2018-11-24 18:10:43,696-mp_log-INFO-审核中
2018-11-24 18:10:44,003-mp_log-INFO-审核中
2018-11-24 18:10:44,357-mp_log-INFO-审核中
2018-11-24 18:10:44,644-mp_log-INFO-审核中
2018-11-24 18:10:44,962-mp_log-INFO-审核中
2018-11-24 18:10:45,196-mp_log-INFO-审核中
2018-11-24 18:10:45,563-mp_log-INFO-审核中
2018-11-24 18:10:45,789-mp_log-INFO-审核中
2018-11-24 18:10:46,175-mp_log-INFO-审核中
2018-11-24 18:10:46,454-mp_log-INFO-审核中
2018-11-24 18:10:46,735-mp_log-INFO-审核中
2018-11-24 18:10:46,922-mp_log-INFO-审核中
2018-11-24 18:10:47,320-mp_log-INFO-审核中
2018-11-24 18:10:47,601-mp_log-INFO-审核中
2018-11-24 18:10:47,913-mp_log-INFO-审核中
2018-11-24 18:10:48,224-mp_log-INFO-审核中
2018-11-24 18:10:48,480-mp_log-INFO-审核中
2018-11-24 18:10:48,821-mp_log-INFO-审核中
2018-11-24 18:10:49,056-mp_log-INFO-审核中
2018-11-24 18:10:49,434-mp_log-INFO-审核中
2018-11-24 18:10:49,711-mp_log-INFO-审核中
2018-11-24 18:10:50,018-mp_log-INFO-审核中
2018-11-24 18:10:50,296-mp_log-INFO-审核中
2018-11-24 18:10:50,635-mp_log-INFO-审核中
2018-11-24 18:10:50,939-mp_log-INFO-审核中
2018-11-24 18:10:51,257-mp_log-INFO-审核中
2018-11-24 18:10:51,549-mp_log-INFO-审核中
2018-11-24 18:10:51,833-mp_log-INFO-审核中
2018-11-24 18:10:52,123-mp_log-INFO-审核中
2018-11-24 18:10:52,567-mp_log-INFO-审核中
2018-11-24 18:10:52,840-mp_log-INFO-审核中
2018-11-24 18:10:53,196-mp_log-INFO-审核中
2018-11-24 18:10:53,390-mp_log-INFO-审核中
2018-11-24 18:10:53,655-mp_log-INFO-审核中
2018-11-24 18:10:54,018-mp_log-INFO-审核中
2018-11-24 18:10:54,361-mp_log-INFO-审核中
2018-11-24 18:10:54,517-mp_log-INFO-审核中
2018-11-24 18:10:54,792-mp_log-INFO-审核中
2018-11-24 18:10:55,168-mp_log-INFO-审核中
2018-11-24 18:10:55,447-mp_log-INFO-审核中
2018-11-24 18:10:55,700-mp_log-INFO-审核中
2018-11-24 18:10:56,275-mp_log-INFO-审核中
2018-11-24 18:10:56,348-mp_log-INFO-审核中
2018-11-24 18:10:56,642-mp_log-INFO-审核中
2018-11-24 18:10:57,224-mp_log-INFO-审核中
2018-11-24 18:10:57,508-mp_log-INFO-审核中
2018-11-24 18:10:57,825-mp_log-INFO-审核中
2018-11-24 18:10:58,039-mp_log-INFO-审核中
2018-11-24 18:10:58,144-mp_log-INFO-审核中
2018-11-24 18:10:58,536-mp_log-INFO-审核中
2018-11-24 18:10:58,683-mp_log-INFO-审核中
2018-11-24 18:10:59,045-mp_log-INFO-审核中
2018-11-24 18:10:59,599-mp_log-INFO-审核中
2018-11-24 18:10:59,963-mp_log-INFO-审核中
2018-11-24 18:11:00,205-mp_log-INFO-审核中
2018-11-24 18:11:00,525-mp_log-INFO-审核中
2018-11-24 18:11:00,808-mp_log-INFO-审核中
2018-11-24 18:11:01,367-mp_log-INFO-审核中
2018-11-24 18:11:01,444-mp_log-INFO-审核中
2018-11-24 18:11:01,738-mp_log-INFO-审核中
2018-11-24 18:11:02,061-mp_log-INFO-审核中
2018-11-24 18:11:02,289-mp_log-INFO-审核中
2018-11-24 18:11:02,648-mp_log-INFO-审核中
2018-11-24 18:11:02,876-mp_log-INFO-审核中
2018-11-24 18:11:03,295-mp_log-INFO-审核中
2018-11-24 18:11:03,504-mp_log-INFO-审核中
2018-11-24 18:11:03,809-mp_log-INFO-审核中
2018-11-24 18:11:04,240-mp_log-INFO-审核中
2018-11-24 18:11:04,462-mp_log-INFO-审核中
2018-11-24 18:11:04,777-mp_log-INFO-审核中
2018-11-24 18:11:05,025-mp_log-INFO-审核中
2018-11-24 18:11:05,319-mp_log-INFO-审核中
2018-11-24 18:11:05,653-mp_log-INFO-审核中
2018-11-24 18:11:06,025-mp_log-INFO-审核中
2018-11-24 18:11:06,546-mp_log-INFO-审核中
2018-11-24 18:11:06,832-mp_log-INFO-审核中
2018-11-24 18:11:07,154-mp_log-INFO-审核中
2018-11-24 18:11:07,489-mp_log-INFO-审核中
2018-11-24 18:11:07,751-mp_log-INFO-审核中
2018-11-24 18:11:08,055-mp_log-INFO-审核中
2018-11-24 18:11:08,313-mp_log-INFO-审核中
2018-11-24 18:11:08,583-mp_log-INFO-审核中
2018-11-24 18:11:08,898-mp_log-INFO-审核中
2018-11-24 18:11:09,226-mp_log-INFO-审核中
2018-11-24 18:11:09,458-mp_log-INFO-审核中
2018-11-24 18:11:09,786-mp_log-INFO-审核中
2018-11-24 18:11:10,154-mp_log-INFO-审核中
2018-11-24 18:11:10,423-mp_log-INFO-审核中
2018-11-24 18:11:10,802-mp_log-INFO-审核中
2018-11-24 18:11:11,053-mp_log-INFO-审核中
2018-11-24 18:11:11,394-mp_log-INFO-审核中
2018-11-24 18:11:11,679-mp_log-INFO-审核中
2018-11-24 18:11:11,972-mp_log-INFO-审核中
2018-11-24 18:11:12,268-mp_log-INFO-审核中
2018-11-24 18:11:12,597-mp_log-INFO-审核中
2018-11-24 18:11:12,840-mp_log-INFO-审核中
2018-11-24 18:11:13,202-mp_log-INFO-审核中
2018-11-24 18:11:13,440-mp_log-INFO-审核中
2018-11-24 18:11:13,740-mp_log-INFO-审核中
2018-11-24 18:11:14,047-mp_log-INFO-审核中
2018-11-24 18:11:14,424-mp_log-INFO-审核中
2018-11-24 18:11:14,587-mp_log-INFO-审核中
2018-11-24 18:11:14,984-mp_log-INFO-审核中
2018-11-24 18:11:15,455-mp_log-INFO-审核中
2018-11-24 18:11:15,605-mp_log-INFO-审核中
2018-11-24 18:11:15,828-mp_log-INFO-审核中
2018-11-24 18:11:16,147-mp_log-INFO-审核中
2018-11-24 18:11:16,582-mp_log-INFO-审核中
2018-11-24 18:11:16,802-mp_log-INFO-审核中
2018-11-24 18:11:17,096-mp_log-INFO-审核中
2018-11-24 18:11:17,321-mp_log-INFO-审核中
2018-11-24 18:11:17,608-mp_log-INFO-审核中
2018-11-24 18:11:17,976-mp_log-INFO-审核中
2018-11-24 18:11:18,241-mp_log-INFO-审核中
2018-11-24 18:11:18,552-mp_log-INFO-审核中
2018-11-24 18:11:18,876-mp_log-INFO-审核中
2018-11-24 18:11:19,183-mp_log-INFO-审核中
2018-11-24 18:11:19,513-mp_log-INFO-审核中
2018-11-24 18:11:19,768-mp_log-INFO-审核中
2018-11-24 18:11:20,049-mp_log-INFO-审核中
2018-11-24 18:11:20,348-mp_log-INFO-审核中
2018-11-24 18:11:20,610-mp_log-INFO-审核中
2018-11-24 18:11:20,954-mp_log-INFO-审核中
2018-11-24 18:11:21,252-mp_log-INFO-审核中
2018-11-24 18:11:21,541-mp_log-INFO-审核中
2018-11-24 18:11:21,833-mp_log-INFO-审核中
2018-11-24 18:11:22,186-mp_log-INFO-审核中
2018-11-24 18:11:22,498-mp_log-INFO-审核中
2018-11-24 18:11:22,796-mp_log-INFO-审核中
2018-11-24 18:11:23,154-mp_log-INFO-审核中
2018-11-24 18:11:23,362-mp_log-INFO-审核中
2018-11-24 18:11:23,752-mp_log-INFO-审核中
2018-11-24 18:11:24,022-mp_log-INFO-审核中
2018-11-24 18:11:24,253-mp_log-INFO-审核中
2018-11-24 18:11:24,560-mp_log-INFO-审核中
2018-11-24 18:11:24,942-mp_log-INFO-审核中
2018-11-24 18:11:25,167-mp_log-INFO-审核中
2018-11-24 18:11:25,466-mp_log-INFO-审核中
2018-11-24 18:11:25,754-mp_log-INFO-审核中
2018-11-24 18:11:26,034-mp_log-INFO-审核中
2018-11-24 18:11:26,339-mp_log-INFO-审核中
2018-11-24 18:11:26,641-mp_log-INFO-审核中
2018-11-24 18:11:26,967-mp_log-INFO-审核中
2018-11-24 18:11:27,287-mp_log-INFO-审核中
2018-11-24 18:11:27,483-mp_log-INFO-审核中
2018-11-24 18:11:27,834-mp_log-INFO-审核中
2018-11-24 18:11:28,207-mp_log-INFO-审核中
2018-11-24 18:11:28,680-mp_log-INFO-审核中
2018-11-24 18:11:28,973-mp_log-INFO-审核中
2018-11-24 18:11:29,128-mp_log-INFO-审核中
2018-11-24 18:11:29,488-mp_log-INFO-审核中
2018-11-24 18:11:29,662-mp_log-INFO-审核中
2018-11-24 18:11:30,134-mp_log-INFO-审核中
2018-11-24 18:11:30,240-mp_log-INFO-审核中
2018-11-24 18:11:30,566-mp_log-INFO-审核中
2018-11-24 18:11:30,805-mp_log-INFO-审核中
