2018-11-07 19:52:04,522-Getlogin-INFO-登录成功，获取mp端token.....
2018-11-07 19:52:04,525-mp_log-INFO-token获取成功......
2018-11-07 19:52:16,973-mp_log-INFO-获取所有小程序信息成功......
2018-11-07 19:52:17,791-mp_log-INFO-获取最新模板信息成功.......
2018-11-07 19:52:20,154-mp_log-INFO-环亚美容模板操作成功,模板名称11-07商家版1.1.34
2018-11-07 19:52:20,876-mp_log-INFO-诺研皮肤管理模板操作成功,模板名称11-07商家版1.1.34
2018-11-07 19:52:21,265-mp_log-INFO-绿苑女子模板操作成功,模板名称11-07商家版1.1.34
2018-11-07 19:52:21,620-mp_log-INFO-广州七号驻颜模板操作成功,模板名称11-07商家版1.1.34
2018-11-07 19:52:22,098-mp_log-INFO-曼奇莎模板操作成功,模板名称11-07商家版1.1.34
2018-11-07 19:52:22,624-mp_log-INFO-诗美逸模板操作成功,模板名称11-07商家版1.1.34
2018-11-07 19:52:23,537-mp_log-INFO-颐和美容模板操作成功,模板名称11-07商家版1.1.34
2018-11-07 19:52:23,543-mp_log-INFO-赫阁尔模板操作成功,模板名称11-07商家版1.1.34
2018-11-07 19:52:24,329-mp_log-INFO-草木缘模板操作成功,模板名称11-07商家版1.1.34
2018-11-07 19:52:24,616-mp_log-INFO-梦颜科美模板操作成功,模板名称11-07商家版1.1.34
2018-11-07 19:52:25,225-mp_log-INFO-都市点点模板操作成功,模板名称11-07商家版1.1.34
2018-11-07 19:52:25,482-mp_log-INFO-来了美佳澜店模板操作成功,模板名称11-07商家版1.1.34
2018-11-07 19:52:25,929-mp_log-INFO-润妃国际模板操作成功,模板名称11-07商家版1.1.34
2018-11-07 19:52:26,609-mp_log-INFO-灵动模板操作成功,模板名称11-07商家版1.1.34
2018-11-07 19:52:27,326-mp_log-INFO-康丽皇家模板操作成功,模板名称11-07商家版1.1.34
2018-11-07 19:52:27,668-mp_log-INFO-美丽驿站模板操作成功,模板名称11-07商家版1.1.34
2018-11-07 19:52:28,157-mp_log-INFO-美美昭彦模板操作成功,模板名称11-07商家版1.1.34
2018-11-07 19:52:28,816-mp_log-INFO-匠美JMBEAUTY模板操作成功,模板名称11-07商家版1.1.34
2018-11-07 19:52:29,774-mp_log-INFO-HB美尚荟模板操作成功,模板名称11-07商家版1.1.34
2018-11-07 19:52:30,752-mp_log-INFO-爱睿熙国际模板操作成功,模板名称11-07商家版1.1.34
2018-11-07 19:52:30,907-mp_log-INFO-当今悦美模板操作成功,模板名称11-07商家版1.1.34
2018-11-07 19:52:30,988-mp_log-INFO-谦和国际模板操作成功,模板名称11-07商家版1.1.34
2018-11-07 19:52:31,235-mp_log-INFO-米蝶·快美吧模板操作成功,模板名称11-07商家版1.1.34
2018-11-07 19:52:31,543-mp_log-INFO-iBEATA贝娅塔模板操作成功,模板名称11-07商家版1.1.34
2018-11-07 19:52:32,452-mp_log-INFO-菲常美模板操作成功,模板名称11-07商家版1.1.34
2018-11-07 19:52:32,508-mp_log-INFO-当代经典模板操作成功,模板名称11-07商家版1.1.34
2018-11-07 19:52:33,006-mp_log-INFO-东方丽人模板操作成功,模板名称11-07商家版1.1.34
2018-11-07 19:52:33,474-mp_log-INFO-盛士兰模板操作成功,模板名称11-07商家版1.1.34
2018-11-07 19:52:34,373-mp_log-INFO-玫瑰坊模板操作成功,模板名称11-07商家版1.1.34
2018-11-07 19:52:34,627-mp_log-INFO-悠兰lyj模板操作成功,模板名称11-07商家版1.1.34
2018-11-07 19:52:35,472-mp_log-INFO-芊思雅莎莎模板操作成功,模板名称11-07商家版1.1.34
2018-11-07 19:52:35,649-mp_log-INFO-来就健康模板操作成功,模板名称11-07商家版1.1.34
2018-11-07 19:52:36,055-mp_log-INFO-恒美世纪模板操作成功,模板名称11-07商家版1.1.34
2018-11-07 19:52:36,536-mp_log-INFO-美人记Diary模板操作成功,模板名称11-07商家版1.1.34
2018-11-07 19:52:37,111-mp_log-INFO-美范·珺之屋模板操作成功,模板名称11-07商家版1.1.34
2018-11-07 19:52:37,602-mp_log-INFO-菲梵经典模板操作成功,模板名称11-07商家版1.1.34
2018-11-07 19:52:38,102-mp_log-INFO-悦芳泉SPA模板操作成功,模板名称11-07商家版1.1.34
2018-11-07 19:52:38,592-mp_log-INFO-爱美丽模板操作成功,模板名称11-07商家版1.1.34
2018-11-07 19:52:39,271-mp_log-INFO-漂亮如你模板操作成功,模板名称11-07商家版1.1.34
2018-11-07 19:52:40,094-mp_log-INFO-广西宝宝爱模板操作成功,模板名称11-07商家版1.1.34
2018-11-07 19:52:40,483-mp_log-INFO-虞诗蔓模板操作成功,模板名称11-07商家版1.1.34
2018-11-07 19:52:40,722-mp_log-INFO-Goonbeauty模板操作成功,模板名称11-07商家版1.1.34
2018-11-07 19:52:41,050-mp_log-INFO-唯艳美模板操作成功,模板名称11-07商家版1.1.34
2018-11-07 19:52:41,579-mp_log-INFO-吉美妍丽模板操作成功,模板名称11-07商家版1.1.34
2018-11-07 19:52:42,304-mp_log-INFO-雪依氏模板操作成功,模板名称11-07商家版1.1.34
2018-11-07 19:52:42,641-mp_log-INFO-书白美企模板操作成功,模板名称11-07商家版1.1.34
2018-11-07 19:52:43,242-mp_log-INFO-星美国际模板操作成功,模板名称11-07商家版1.1.34
2018-11-07 19:52:43,569-mp_log-INFO-霭伦恩美模板操作成功,模板名称11-07商家版1.1.34
2018-11-07 19:52:44,618-mp_log-INFO-来美吧模板操作成功,模板名称11-07商家版1.1.34
2018-11-07 19:52:44,790-mp_log-INFO-伊美朗模板操作成功,模板名称11-07商家版1.1.34
2018-11-07 19:52:45,351-mp_log-INFO-美美一生模板操作成功,模板名称11-07商家版1.1.34
2018-11-07 19:52:45,981-mp_log-INFO-佳婳天美模板操作成功,模板名称11-07商家版1.1.34
2018-11-07 19:52:46,323-mp_log-INFO-优年轻模板操作成功,模板名称11-07商家版1.1.34
2018-11-07 19:52:46,683-mp_log-INFO-易康国际模板操作成功,模板名称11-07商家版1.1.34
2018-11-07 19:52:47,155-mp_log-INFO-美美昭妍模板操作成功,模板名称11-07商家版1.1.34
2018-11-07 19:52:47,603-mp_log-INFO-佐登妮丝模板操作成功,模板名称11-07商家版1.1.34
2018-11-07 19:52:48,360-mp_log-INFO-阿星国际模板操作成功,模板名称11-07商家版1.1.34
2018-11-07 19:52:48,835-mp_log-INFO-娇阑美颜模板操作成功,模板名称11-07商家版1.1.34
2018-11-07 19:52:49,224-mp_log-INFO-爱女士模板操作成功,模板名称11-07商家版1.1.34
2018-11-07 19:52:49,804-mp_log-INFO-PS智能美肤模板操作成功,模板名称11-07商家版1.1.34
2018-11-07 19:52:50,111-mp_log-INFO-艾妍整形模板操作成功,模板名称11-07商家版1.1.34
2018-11-07 19:52:50,771-mp_log-INFO-珍珍美容模板操作成功,模板名称11-07商家版1.1.34
2018-11-07 19:52:51,271-mp_log-INFO-巴黎情缘模板操作成功,模板名称11-07商家版1.1.34
2018-11-07 19:52:51,531-mp_log-INFO-百合春天模板操作成功,模板名称11-07商家版1.1.34
2018-11-07 19:52:52,608-mp_log-INFO-梅兰丽人模板操作成功,模板名称11-07商家版1.1.34
2018-11-07 19:52:53,070-mp_log-INFO-燕燕尊尚美容模板操作成功,模板名称11-07商家版1.1.34
2018-11-07 19:52:53,197-mp_log-INFO-雅致璇肌模板操作成功,模板名称11-07商家版1.1.34
2018-11-07 19:52:53,730-mp_log-INFO-诗露丽涵模板操作成功,模板名称11-07商家版1.1.34
2018-11-07 19:52:54,264-mp_log-INFO-东方仕典模板操作成功,模板名称11-07商家版1.1.34
2018-11-07 19:52:55,257-mp_log-INFO-韩流美美店模板操作成功,模板名称11-07商家版1.1.34
2018-11-07 19:52:55,374-mp_log-INFO-月瘦月美模板操作成功,模板名称11-07商家版1.1.34
2018-11-07 19:52:55,671-mp_log-INFO-年轻我可以模板操作成功,模板名称11-07商家版1.1.34
2018-11-07 19:52:56,214-mp_log-INFO-精工皇族模板操作成功,模板名称11-07商家版1.1.34
2018-11-07 19:52:56,831-mp_log-INFO-兴美源模板操作成功,模板名称11-07商家版1.1.34
2018-11-07 19:52:57,376-mp_log-INFO-明剪一秀模板操作成功,模板名称11-07商家版1.1.34
2018-11-07 19:52:57,882-mp_log-INFO-深圳丝客富模板操作成功,模板名称11-07商家版1.1.34
2018-11-07 19:52:58,381-mp_log-INFO-琉璃水城模板操作成功,模板名称11-07商家版1.1.34
2018-11-07 19:52:58,613-mp_log-INFO-栢草源模板操作成功,模板名称11-07商家版1.1.34
2018-11-07 19:52:59,246-mp_log-INFO-杭州东方整形模板操作成功,模板名称11-07商家版1.1.34
2018-11-07 19:52:59,400-mp_log-INFO-ONI速美模板操作成功,模板名称11-07商家版1.1.34
2018-11-07 19:53:00,709-mp_log-INFO-YAN健康•美+模板操作成功,模板名称11-07商家版1.1.34
2018-11-07 19:53:00,949-mp_log-INFO-MMbeauty模板操作成功,模板名称11-07商家版1.1.34
2018-11-07 19:53:01,305-mp_log-INFO-美共享模板操作成功,模板名称11-07商家版1.1.34
2018-11-07 19:53:01,795-mp_log-INFO-靓佳人模板操作成功,模板名称11-07商家版1.1.34
2018-11-07 19:53:02,139-mp_log-INFO-ME智慧美店模板操作成功,模板名称11-07商家版1.1.34
2018-11-07 19:53:02,586-mp_log-INFO-二院美丽之约模板操作成功,模板名称11-07商家版1.1.34
2018-11-07 19:53:03,216-mp_log-INFO-紫舟美业模板操作成功,模板名称11-07商家版1.1.34
2018-11-07 19:53:03,596-mp_log-INFO-南洋beauty模板操作成功,模板名称11-07商家版1.1.34
2018-11-07 19:53:04,116-mp_log-INFO-阿芙洛蒂模板操作成功,模板名称11-07商家版1.1.34
2018-11-07 19:53:04,611-mp_log-INFO-来了美标榜店模板操作成功,模板名称11-07商家版1.1.34
2018-11-07 19:53:05,140-mp_log-INFO-美德福模板操作成功,模板名称11-07商家版1.1.34
2018-11-07 19:53:05,767-mp_log-INFO-岳灵生发模板操作成功,模板名称11-07商家版1.1.34
2018-11-07 19:53:06,203-mp_log-INFO-美姿源模板操作成功,模板名称11-07商家版1.1.34
2018-11-07 19:53:06,511-mp_log-INFO-维多丽雅模板操作成功,模板名称11-07商家版1.1.34
2018-11-07 19:53:07,358-mp_log-INFO-雅典娜模板操作成功,模板名称11-07商家版1.1.34
2018-11-07 19:53:08,441-mp_log-INFO-杭州桐雅模板操作成功,模板名称11-07商家版1.1.34
2018-11-07 19:53:08,445-mp_log-INFO-妃香伊丹模板操作成功,模板名称11-07商家版1.1.34
2018-11-07 19:53:08,710-mp_log-INFO-张氏纳然姬朵模板操作成功,模板名称11-07商家版1.1.34
2018-11-07 19:53:09,006-mp_log-INFO-魅力华健模板操作成功,模板名称11-07商家版1.1.34
2018-11-07 19:53:09,523-mp_log-INFO-圣水伊人模板操作成功,模板名称11-07商家版1.1.34
2018-11-07 19:53:10,101-mp_log-INFO-窈窕淑女模板操作成功,模板名称11-07商家版1.1.34
2018-11-07 19:53:10,977-mp_log-INFO-绮莉尔智能美模板操作成功,模板名称11-07商家版1.1.34
2018-11-07 19:53:11,402-mp_log-INFO-香密雅CIMIA模板操作成功,模板名称11-07商家版1.1.34
2018-11-07 19:53:12,122-mp_log-INFO-妍雅媛模板操作成功,模板名称11-07商家版1.1.34
2018-11-07 19:53:12,774-mp_log-INFO-云立方模板操作成功,模板名称11-07商家版1.1.34
2018-11-07 19:53:12,774-mp_log-INFO-来了美模板操作成功,模板名称11-07商家版1.1.34
2018-11-07 19:53:13,320-mp_log-INFO-轻医美模板操作成功,模板名称11-07商家版1.1.34
2018-11-07 19:53:13,673-mp_log-INFO-世纪春天模板操作成功,模板名称11-07商家版1.1.34
2018-11-07 19:53:14,207-mp_log-INFO-贵妇人模板操作成功,模板名称11-07商家版1.1.34
2018-11-07 19:53:14,752-mp_log-INFO-BabyBeauty模板操作成功,模板名称11-07商家版1.1.34
2018-11-07 19:53:15,227-mp_log-INFO-奇遇青春模板操作成功,模板名称11-07商家版1.1.34
2018-11-07 19:53:15,779-mp_log-INFO-来了美韩尚恩模板操作成功,模板名称11-07商家版1.1.34
2018-11-07 19:53:16,363-mp_log-INFO-纤指百媚模板操作成功,模板名称11-07商家版1.1.34
2018-11-07 19:53:16,693-mp_log-INFO-美之颜模板操作成功,模板名称11-07商家版1.1.34
2018-11-07 19:53:17,346-mp_log-INFO-郦芙蓉beauty模板操作成功,模板名称11-07商家版1.1.34
2018-11-07 19:53:17,970-mp_log-INFO-氢颜轻奢美肤模板操作成功,模板名称11-07商家版1.1.34
2018-11-07 19:53:18,236-mp_log-INFO-玫香源模板操作成功,模板名称11-07商家版1.1.34
2018-11-07 19:53:18,681-mp_log-INFO-香住SPA模板操作成功,模板名称11-07商家版1.1.34
2018-11-07 19:53:19,259-mp_log-INFO-依蔻依美模板操作成功,模板名称11-07商家版1.1.34
2018-11-07 19:53:19,678-mp_log-INFO-佰味女人模板操作成功,模板名称11-07商家版1.1.34
2018-11-07 19:53:20,002-mp_log-INFO-黄氏百佳模板操作成功,模板名称11-07商家版1.1.34
2018-11-07 19:53:20,592-mp_log-INFO-创美雅香莱模板操作成功,模板名称11-07商家版1.1.34
2018-11-07 19:53:21,502-mp_log-INFO-艾面一族 模板操作成功,模板名称11-07商家版1.1.34
2018-11-07 19:53:21,863-mp_log-INFO-涣美医疗模板操作成功,模板名称11-07商家版1.1.34
2018-11-07 19:53:22,110-mp_log-INFO-植美SPA模板操作成功,模板名称11-07商家版1.1.34
2018-11-07 19:53:22,617-mp_log-INFO-曼姿模板操作成功,模板名称11-07商家版1.1.34
2018-11-07 19:53:23,082-mp_log-INFO-美丽九九模板操作成功,模板名称11-07商家版1.1.34
2018-11-07 19:53:23,667-mp_log-INFO-百分国际美容模板操作成功,模板名称11-07商家版1.1.34
2018-11-07 19:53:23,970-mp_log-INFO-千颂伊美学中心模板操作成功,模板名称11-07商家版1.1.34
2018-11-07 19:53:24,649-mp_log-INFO-艾尚美美哒模板操作成功,模板名称11-07商家版1.1.34
2018-11-07 19:53:25,582-mp_log-INFO-玉颜堂模板操作成功,模板名称11-07商家版1.1.34
2018-11-07 19:53:25,592-mp_log-INFO-金美源模板操作成功,模板名称11-07商家版1.1.34
2018-11-07 19:53:26,122-mp_log-INFO-爱玛仕嘉模板操作成功,模板名称11-07商家版1.1.34
2018-11-07 19:53:28,307-mp_log-INFO-智能科技美店模板操作成功,模板名称11-07商家版1.1.34
2018-11-07 19:53:28,431-mp_log-INFO-美姿来就美模板操作成功,模板名称11-07商家版1.1.34
2018-11-07 19:53:28,435-mp_log-INFO-欧妮薇模板操作成功,模板名称11-07商家版1.1.34
2018-11-07 19:53:28,514-mp_log-INFO-IVY艾菲芭模板操作成功,模板名称11-07商家版1.1.34
2018-11-07 19:53:28,594-mp_log-INFO-成都净美天使模板操作成功,模板名称11-07商家版1.1.34
2018-11-07 19:53:29,192-mp_log-INFO-来了美雲会所模板操作成功,模板名称11-07商家版1.1.34
2018-11-07 19:53:29,753-mp_log-INFO-SoBeauty模板操作成功,模板名称11-07商家版1.1.34
2018-11-07 19:53:30,396-mp_log-INFO-蒙妮莎新美容模板操作成功,模板名称11-07商家版1.1.34
2018-11-07 19:53:30,771-mp_log-INFO-筋生美模板操作成功,模板名称11-07商家版1.1.34
2018-11-07 19:53:31,115-mp_log-INFO-来了美美吧模板操作成功,模板名称11-07商家版1.1.34
2018-11-07 19:53:32,137-mp_log-INFO-金柏丽模板操作成功,模板名称11-07商家版1.1.34
2018-11-07 19:53:32,235-mp_log-INFO-长江九号模板操作成功,模板名称11-07商家版1.1.34
2018-11-07 19:53:32,945-mp_log-INFO-优文专业脱毛模板操作成功,模板名称11-07商家版1.1.34
2018-11-07 19:53:33,469-mp_log-INFO-天使国际模板操作成功,模板名称11-07商家版1.1.34
2018-11-07 19:53:33,799-mp_log-INFO-如生堂模板操作成功,模板名称11-07商家版1.1.34
2018-11-07 19:53:34,388-mp_log-INFO-梦田芳香Spa模板操作成功,模板名称11-07商家版1.1.34
2018-11-07 19:53:34,973-mp_log-INFO-贝施纤体模板操作成功,模板名称11-07商家版1.1.34
2018-11-07 19:53:35,252-mp_log-INFO-色彩纯姬模板操作成功,模板名称11-07商家版1.1.34
2018-11-07 19:53:35,743-mp_log-INFO-红妆倾城模板操作成功,模板名称11-07商家版1.1.34
2018-11-07 19:53:36,741-mp_log-INFO-丹阳圣莉斯歌模板操作成功,模板名称11-07商家版1.1.34
2018-11-07 19:53:36,933-mp_log-INFO-金贵人Beauty模板操作成功,模板名称11-07商家版1.1.34
2018-11-07 19:53:37,129-mp_log-INFO-芯语芳心模板操作成功,模板名称11-07商家版1.1.34
2018-11-07 19:53:37,917-mp_log-INFO-还原美模板操作成功,模板名称11-07商家版1.1.34
2018-11-07 19:53:38,293-mp_log-INFO-延颜美容模板操作成功,模板名称11-07商家版1.1.34
2018-11-07 19:53:38,744-mp_log-INFO-缘临医疗美容模板操作成功,模板名称11-07商家版1.1.34
2018-11-07 19:53:39,269-mp_log-INFO-梦圆皇宫模板操作成功,模板名称11-07商家版1.1.34
2018-11-07 19:53:39,529-mp_log-INFO-美了就来模板操作成功,模板名称11-07商家版1.1.34
2018-11-07 19:53:40,194-mp_log-INFO-恩雅模板操作成功,模板名称11-07商家版1.1.34
2018-11-07 19:53:40,688-mp_log-INFO-YoungDream模板操作成功,模板名称11-07商家版1.1.34
2018-11-07 19:53:41,374-mp_log-INFO-DR美研博士模板操作成功,模板名称11-07商家版1.1.34
2018-11-07 19:53:42,016-mp_log-INFO-女秀才模板操作成功,模板名称11-07商家版1.1.34
2018-11-07 19:53:42,202-mp_log-INFO-東美人儿模板操作成功,模板名称11-07商家版1.1.34
2018-11-07 19:53:42,687-mp_log-INFO-承昱医疗模板操作成功,模板名称11-07商家版1.1.34
2018-11-07 19:53:43,299-mp_log-INFO-斓悦庭模板操作成功,模板名称11-07商家版1.1.34
2018-11-07 19:53:43,764-mp_log-INFO-美迩美整形模板操作成功,模板名称11-07商家版1.1.34
2018-11-07 19:53:44,048-mp_log-INFO-唯美童妍模板操作成功,模板名称11-07商家版1.1.34
2018-11-07 19:53:44,930-mp_log-INFO-BV美聚模板操作成功,模板名称11-07商家版1.1.34
2018-11-07 19:53:45,484-mp_log-INFO-健丽宝美容模板操作成功,模板名称11-07商家版1.1.34
2018-11-07 19:53:47,541-mp_log-INFO-掌上美管家A模板操作成功,模板名称11-07商家版1.1.34
2018-11-07 19:53:47,643-mp_log-INFO-雅涛世家模板操作成功,模板名称11-07商家版1.1.34
2018-11-07 19:53:47,856-mp_log-INFO-呈悦医疗模板操作成功,模板名称11-07商家版1.1.34
2018-11-07 19:53:48,087-mp_log-INFO-博妍集美模板操作成功,模板名称11-07商家版1.1.34
2018-11-07 19:53:48,218-mp_log-INFO-来了美千丝美模板操作成功,模板名称11-07商家版1.1.34
2018-11-07 19:53:48,294-mp_log-INFO-双妹美容模板操作成功,模板名称11-07商家版1.1.34
2018-11-07 19:53:48,651-mp_log-INFO-世纪之春模板操作成功,模板名称11-07商家版1.1.34
2018-11-07 19:53:49,244-mp_log-INFO-雅梵GO美模板操作成功,模板名称11-07商家版1.1.34
2018-11-07 19:53:49,599-mp_log-INFO-女主角美容模板操作成功,模板名称11-07商家版1.1.34
2018-11-07 19:53:50,206-mp_log-INFO-弘粹堂模板操作成功,模板名称11-07商家版1.1.34
2018-11-07 19:53:50,647-mp_log-INFO-环球美容模板操作成功,模板名称11-07商家版1.1.34
2018-11-07 19:53:51,337-mp_log-INFO-乐聚模板操作成功,模板名称11-07商家版1.1.34
2018-11-07 19:53:51,511-mp_log-INFO-诗芙侬模板操作成功,模板名称11-07商家版1.1.34
2018-11-07 19:53:52,048-mp_log-INFO-沧州美美达模板操作成功,模板名称11-07商家版1.1.34
2018-11-07 19:53:52,859-mp_log-INFO-妮娜形象管理模板操作成功,模板名称11-07商家版1.1.34
2018-11-07 19:53:53,190-mp_log-INFO-赢美肌模板操作成功,模板名称11-07商家版1.1.34
2018-11-07 19:53:53,669-mp_log-INFO-馨境堂模板操作成功,模板名称11-07商家版1.1.34
2018-11-07 19:53:54,344-mp_log-INFO-良沐健康管理模板操作成功,模板名称11-07商家版1.1.34
2018-11-07 19:53:54,881-mp_log-INFO-果蔬美容模板操作成功,模板名称11-07商家版1.1.34
2018-11-07 19:53:55,074-mp_log-INFO-贝兰思模板操作成功,模板名称11-07商家版1.1.34
2018-11-07 19:53:55,845-mp_log-INFO-东方秀丽模板操作成功,模板名称11-07商家版1.1.34
2018-11-07 19:53:56,087-mp_log-INFO-欧丽薇模板操作成功,模板名称11-07商家版1.1.34
