2018-11-01 20:09:20,274-Getlogin-INFO-登录成功，获取mp端token.....
2018-11-01 20:09:20,277-mp_log-INFO-token获取成功......
2018-11-01 20:09:36,307-mp_log-INFO-获取所有小程序信息成功......
2018-11-01 20:09:36,983-mp_log-INFO-获取最新模板信息成功.......
2018-11-01 20:09:38,686-mp_log-INFO-审核中
2018-11-01 20:09:38,723-mp_log-INFO-审核中
2018-11-01 20:09:39,348-mp_log-INFO-审核中
2018-11-01 20:09:39,633-mp_log-INFO-审核中
2018-11-01 20:09:39,886-mp_log-INFO-审核中
2018-11-01 20:09:40,144-mp_log-INFO-审核中
2018-11-01 20:09:40,491-mp_log-INFO-审核中
2018-11-01 20:09:40,853-mp_log-INFO-审核中
2018-11-01 20:09:41,154-mp_log-INFO-审核中
2018-11-01 20:09:41,481-mp_log-INFO-审核中
2018-11-01 20:09:41,933-mp_log-INFO-审核中
2018-11-01 20:09:42,084-mp_log-INFO-审核中
2018-11-01 20:09:42,379-mp_log-INFO-审核中
2018-11-01 20:09:42,646-mp_log-INFO-审核中
2018-11-01 20:09:43,185-mp_log-INFO-审核中
2018-11-01 20:09:43,257-mp_log-INFO-审核中
2018-11-01 20:09:43,515-mp_log-INFO-审核中
2018-11-01 20:09:43,820-mp_log-INFO-审核中
2018-11-01 20:09:44,111-mp_log-INFO-审核中
2018-11-01 20:09:44,645-mp_log-INFO-审核中
2018-11-01 20:09:45,063-mp_log-INFO-审核中
2018-11-01 20:09:45,597-mp_log-INFO-审核中
2018-11-01 20:09:45,771-mp_log-INFO-审核中
2018-11-01 20:09:46,100-mp_log-INFO-审核中
2018-11-01 20:09:46,468-mp_log-INFO-审核中
2018-11-01 20:09:46,563-mp_log-INFO-审核中
2018-11-01 20:09:46,780-mp_log-INFO-审核中
2018-11-01 20:09:47,183-mp_log-INFO-审核中
2018-11-01 20:09:47,411-mp_log-INFO-审核中
2018-11-01 20:09:47,695-mp_log-INFO-审核中
2018-11-01 20:09:48,006-mp_log-INFO-审核中
2018-11-01 20:09:48,390-mp_log-INFO-审核中
2018-11-01 20:09:48,623-mp_log-INFO-审核中
2018-11-01 20:09:48,931-mp_log-INFO-已审核
2018-11-01 20:09:49,212-mp_log-INFO-审核中
2018-11-01 20:09:49,548-mp_log-INFO-审核中
2018-11-01 20:09:49,937-mp_log-INFO-审核中
2018-11-01 20:09:50,229-mp_log-INFO-审核中
2018-11-01 20:09:50,765-mp_log-INFO-审核中
2018-11-01 20:09:51,122-mp_log-INFO-审核中
2018-11-01 20:09:51,273-mp_log-INFO-审核中
2018-11-01 20:09:51,345-mp_log-INFO-审核中
2018-11-01 20:09:51,732-mp_log-INFO-审核中
2018-11-01 20:09:51,952-mp_log-INFO-审核中
2018-11-01 20:09:52,296-mp_log-INFO-审核中
2018-11-01 20:09:52,899-mp_log-INFO-审核中
2018-11-01 20:09:53,063-mp_log-INFO-审核中
2018-11-01 20:09:53,179-mp_log-INFO-审核中
2018-11-01 20:09:53,707-mp_log-INFO-审核中
2018-11-01 20:09:54,014-mp_log-INFO-审核中
2018-11-01 20:09:54,149-mp_log-INFO-审核中
2018-11-01 20:09:54,300-mp_log-INFO-审核中
2018-11-01 20:09:54,687-mp_log-INFO-审核中
2018-11-01 20:09:55,719-mp_log-INFO-审核中
2018-11-01 20:09:56,164-mp_log-INFO-审核中
2018-11-01 20:09:56,199-mp_log-INFO-审核中
2018-11-01 20:09:56,687-mp_log-INFO-审核中
2018-11-01 20:09:57,328-mp_log-INFO-审核中
2018-11-01 20:09:57,770-mp_log-INFO-审核中
2018-11-01 20:09:57,935-mp_log-INFO-审核中
2018-11-01 20:09:59,199-mp_log-INFO-审核中
2018-11-01 20:09:59,242-mp_log-INFO-审核中
2018-11-01 20:09:59,253-mp_log-INFO-审核中
2018-11-01 20:09:59,258-mp_log-INFO-审核中
2018-11-01 20:09:59,321-mp_log-INFO-审核中
2018-11-01 20:09:59,604-mp_log-INFO-审核中
2018-11-01 20:09:59,885-mp_log-INFO-审核中
2018-11-01 20:10:00,143-mp_log-INFO-审核中
2018-11-01 20:10:00,206-mp_log-INFO-审核中
2018-11-01 20:10:00,458-mp_log-INFO-审核中
2018-11-01 20:10:00,716-mp_log-INFO-审核中
2018-11-01 20:10:00,761-mp_log-INFO-审核中
2018-11-01 20:10:00,940-mp_log-INFO-审核中
2018-11-01 20:10:01,057-mp_log-INFO-审核中
2018-11-01 20:10:01,601-mp_log-INFO-审核中
2018-11-01 20:10:02,032-mp_log-INFO-审核中
2018-11-01 20:10:02,351-mp_log-INFO-审核中
2018-11-01 20:10:02,482-mp_log-INFO-审核中
2018-11-01 20:10:02,529-mp_log-INFO-审核中
2018-11-01 20:10:02,760-mp_log-INFO-审核中
2018-11-01 20:10:03,085-mp_log-INFO-审核中
2018-11-01 20:10:03,649-mp_log-INFO-审核中
2018-11-01 20:10:04,167-mp_log-INFO-审核中
2018-11-01 20:10:04,456-mp_log-INFO-审核中
2018-11-01 20:10:04,789-mp_log-INFO-审核中
2018-11-01 20:10:04,804-mp_log-INFO-审核中
2018-11-01 20:10:05,090-mp_log-INFO-审核中
2018-11-01 20:10:05,168-mp_log-INFO-审核中
2018-11-01 20:10:05,481-mp_log-INFO-审核中
2018-11-01 20:10:06,019-mp_log-INFO-审核中
2018-11-01 20:10:06,212-mp_log-INFO-审核中
2018-11-01 20:10:06,681-mp_log-INFO-审核中
2018-11-01 20:10:06,865-mp_log-INFO-审核中
2018-11-01 20:10:07,037-mp_log-INFO-审核中
2018-11-01 20:10:08,018-mp_log-INFO-审核中
2018-11-01 20:10:08,098-mp_log-INFO-审核中
2018-11-01 20:10:08,409-mp_log-INFO-审核中
2018-11-01 20:10:08,974-mp_log-INFO-审核中
2018-11-01 20:10:08,988-mp_log-INFO-审核中
2018-11-01 20:10:09,259-mp_log-INFO-审核中
2018-11-01 20:10:09,413-mp_log-INFO-审核中
2018-11-01 20:10:09,859-mp_log-INFO-审核中
2018-11-01 20:10:10,311-mp_log-INFO-审核中
2018-11-01 20:10:10,423-mp_log-INFO-审核中
2018-11-01 20:10:10,618-mp_log-INFO-审核中
2018-11-01 20:10:10,989-mp_log-INFO-审核中
2018-11-01 20:10:11,461-mp_log-INFO-审核中
2018-11-01 20:10:11,762-mp_log-INFO-审核中
2018-11-01 20:10:12,171-mp_log-INFO-审核中
2018-11-01 20:10:12,258-mp_log-INFO-审核中
2018-11-01 20:10:12,419-mp_log-INFO-审核中
2018-11-01 20:10:13,071-mp_log-INFO-审核中
2018-11-01 20:10:13,101-mp_log-INFO-审核中
2018-11-01 20:10:13,963-mp_log-INFO-审核中
2018-11-01 20:10:14,275-mp_log-INFO-审核中
2018-11-01 20:10:14,575-mp_log-INFO-审核中
2018-11-01 20:10:14,787-mp_log-INFO-审核中
2018-11-01 20:10:15,297-mp_log-INFO-审核中
2018-11-01 20:10:15,898-mp_log-INFO-审核中
2018-11-01 20:10:15,974-mp_log-INFO-审核中
2018-11-01 20:10:16,617-mp_log-INFO-审核中
2018-11-01 20:10:16,641-mp_log-INFO-审核中
2018-11-01 20:10:16,976-mp_log-INFO-已审核
2018-11-01 20:10:17,751-mp_log-INFO-审核中
2018-11-01 20:10:17,782-mp_log-INFO-审核中
2018-11-01 20:10:17,894-mp_log-INFO-审核中
2018-11-01 20:10:18,337-mp_log-INFO-审核中
2018-11-01 20:10:18,416-mp_log-INFO-审核中
2018-11-01 20:10:18,605-mp_log-INFO-审核中
2018-11-01 20:10:18,932-mp_log-INFO-审核中
2018-11-01 20:10:18,952-mp_log-INFO-审核中
2018-11-01 20:10:19,463-mp_log-INFO-审核中
2018-11-01 20:10:19,533-mp_log-INFO-审核中
2018-11-01 20:10:19,655-mp_log-INFO-审核中
2018-11-01 20:10:19,732-mp_log-INFO-审核中
2018-11-01 20:10:19,935-mp_log-INFO-审核中
2018-11-01 20:10:20,301-mp_log-INFO-审核中
2018-11-01 20:10:20,593-mp_log-INFO-审核中
2018-11-01 20:10:21,112-mp_log-INFO-审核中
2018-11-01 20:10:21,196-mp_log-INFO-审核中
2018-11-01 20:10:21,848-mp_log-INFO-审核中
2018-11-01 20:10:22,122-mp_log-INFO-审核中
2018-11-01 20:10:22,395-mp_log-INFO-审核中
2018-11-01 20:10:22,472-mp_log-INFO-审核中
2018-11-01 20:10:22,686-mp_log-INFO-审核中
2018-11-01 20:10:23,485-mp_log-INFO-审核中
2018-11-01 20:10:23,671-mp_log-INFO-审核中
2018-11-01 20:10:23,724-mp_log-INFO-审核中
2018-11-01 20:10:24,044-mp_log-INFO-审核中
2018-11-01 20:10:24,206-mp_log-INFO-审核中
2018-11-01 20:10:24,501-mp_log-INFO-审核中
2018-11-01 20:10:24,912-mp_log-INFO-审核中
2018-11-01 20:10:25,120-mp_log-INFO-审核中
2018-11-01 20:10:25,496-mp_log-INFO-审核中
2018-11-01 20:10:25,798-mp_log-INFO-审核中
2018-11-01 20:10:25,921-mp_log-INFO-审核中
2018-11-01 20:10:26,691-mp_log-INFO-审核中
2018-11-01 20:10:26,727-mp_log-INFO-审核中
2018-11-01 20:10:26,839-mp_log-INFO-审核中
2018-11-01 20:10:27,150-mp_log-INFO-审核中
2018-11-01 20:10:27,680-mp_log-INFO-审核中
2018-11-01 20:10:28,035-mp_log-INFO-审核中
2018-11-01 20:10:28,300-mp_log-INFO-审核中
2018-11-01 20:10:28,547-mp_log-INFO-审核中
2018-11-01 20:10:28,897-mp_log-INFO-审核中
2018-11-01 20:10:29,359-mp_log-INFO-审核中
2018-11-01 20:10:29,521-mp_log-INFO-审核中
2018-11-01 20:10:29,926-mp_log-INFO-审核中
2018-11-01 20:10:30,191-mp_log-INFO-审核中
2018-11-01 20:10:30,528-mp_log-INFO-审核中
2018-11-01 20:10:31,018-mp_log-INFO-审核中
2018-11-01 20:10:31,078-mp_log-INFO-审核中
2018-11-01 20:10:31,086-mp_log-INFO-审核中
2018-11-01 20:10:31,779-mp_log-INFO-审核中
2018-11-01 20:10:31,986-mp_log-INFO-已审核
2018-11-01 20:10:32,203-mp_log-INFO-审核中
2018-11-01 20:10:32,763-mp_log-INFO-审核中
2018-11-01 20:10:32,978-mp_log-INFO-审核中
2018-11-01 20:10:33,177-mp_log-INFO-审核中
2018-11-01 20:10:33,216-mp_log-INFO-审核中
2018-11-01 20:10:33,504-mp_log-INFO-已审核
2018-11-01 20:10:33,729-mp_log-INFO-审核中
2018-11-01 20:10:34,178-mp_log-INFO-审核中
2018-11-01 20:10:34,333-mp_log-INFO-审核中
2018-11-01 20:10:34,676-mp_log-INFO-审核中
2018-11-01 20:10:34,964-mp_log-INFO-审核中
2018-11-01 20:10:35,230-mp_log-INFO-审核中
2018-11-01 20:10:35,586-mp_log-INFO-审核中
2018-11-01 20:10:35,948-mp_log-INFO-审核中
2018-11-01 20:10:36,144-mp_log-INFO-审核中
2018-11-01 20:10:36,795-mp_log-INFO-审核中
2018-11-01 20:10:37,302-mp_log-INFO-审核中
