2018-11-26 14:04:17,095-Getlogin-ERROR-'token'
2018-11-26 14:04:17,098-mp_log-INFO-token获取成功......
2018-11-26 14:04:35,893-mp_log-INFO-获取所有小程序信息成功......
2018-11-26 14:04:36,334-mp_log-INFO-获取最新模板信息成功.......
2018-11-26 14:04:37,585-mp_log-INFO-审核失败
2018-11-26 14:04:38,023-mp_log-INFO-审核中
2018-11-26 14:04:38,251-mp_log-INFO-已审核
2018-11-26 14:04:38,864-mp_log-INFO-审核中
2018-11-26 14:04:39,740-mp_log-INFO-审核中
2018-11-26 14:04:40,000-mp_log-INFO-审核中
2018-11-26 14:04:40,320-mp_log-INFO-审核中
2018-11-26 14:04:40,871-mp_log-INFO-审核中
2018-11-26 14:04:40,895-mp_log-INFO-已审核
2018-11-26 14:04:41,004-mp_log-INFO-已审核
2018-11-26 14:04:41,208-mp_log-INFO-审核中
2018-11-26 14:04:41,570-mp_log-INFO-审核中
2018-11-26 14:04:41,804-mp_log-INFO-审核中
2018-11-26 14:04:42,232-mp_log-INFO-审核中
2018-11-26 14:04:42,414-mp_log-INFO-审核中
2018-11-26 14:04:43,034-mp_log-INFO-已审核
2018-11-26 14:04:43,061-mp_log-INFO-审核中
2018-11-26 14:04:43,315-mp_log-INFO-审核中
2018-11-26 14:04:43,645-mp_log-INFO-已审核
2018-11-26 14:04:43,978-mp_log-INFO-已审核
2018-11-26 14:04:44,292-mp_log-INFO-审核中
2018-11-26 14:04:45,475-mp_log-INFO-已审核
2018-11-26 14:04:45,513-mp_log-INFO-已审核
2018-11-26 14:04:45,759-mp_log-INFO-已审核
2018-11-26 14:04:45,771-mp_log-INFO-已审核
2018-11-26 14:04:46,116-mp_log-INFO-审核中
2018-11-26 14:04:46,355-mp_log-INFO-已审核
2018-11-26 14:04:46,917-mp_log-INFO-已审核
2018-11-26 14:04:46,946-mp_log-INFO-审核中
2018-11-26 14:04:47,251-mp_log-INFO-审核中
2018-11-26 14:04:47,650-mp_log-INFO-审核中
2018-11-26 14:04:47,976-mp_log-INFO-审核中
2018-11-26 14:04:48,127-mp_log-INFO-已审核
2018-11-26 14:04:48,406-mp_log-INFO-审核中
2018-11-26 14:04:48,838-mp_log-INFO-审核中
2018-11-26 14:04:49,285-mp_log-INFO-审核中
2018-11-26 14:04:49,502-mp_log-INFO-已审核
2018-11-26 14:04:49,788-mp_log-INFO-审核中
2018-11-26 14:04:50,152-mp_log-INFO-审核中
2018-11-26 14:04:50,514-mp_log-INFO-审核中
2018-11-26 14:04:50,915-mp_log-INFO-审核中
2018-11-26 14:04:51,164-mp_log-INFO-已审核
2018-11-26 14:04:51,233-mp_log-INFO-已审核
2018-11-26 14:04:51,440-mp_log-INFO-审核中
2018-11-26 14:04:51,998-mp_log-INFO-审核中
2018-11-26 14:04:52,335-mp_log-INFO-已审核
2018-11-26 14:04:52,710-mp_log-INFO-已审核
2018-11-26 14:04:52,760-mp_log-INFO-已审核
2018-11-26 14:04:52,927-mp_log-INFO-审核中
2018-11-26 14:04:53,606-mp_log-INFO-已审核
2018-11-26 14:04:53,877-mp_log-INFO-已审核
2018-11-26 14:04:54,161-mp_log-INFO-审核中
2018-11-26 14:04:54,272-mp_log-INFO-审核中
2018-11-26 14:04:54,590-mp_log-INFO-审核中
2018-11-26 14:04:54,783-mp_log-INFO-已审核
2018-11-26 14:04:55,099-mp_log-INFO-已审核
2018-11-26 14:04:55,377-mp_log-INFO-审核中
2018-11-26 14:04:55,888-mp_log-INFO-已审核
2018-11-26 14:04:55,980-mp_log-INFO-审核中
2018-11-26 14:04:56,272-mp_log-INFO-审核中
2018-11-26 14:04:56,514-mp_log-INFO-审核中
2018-11-26 14:04:56,864-mp_log-INFO-已审核
2018-11-26 14:04:57,145-mp_log-INFO-审核中
2018-11-26 14:04:57,474-mp_log-INFO-审核中
2018-11-26 14:04:57,846-mp_log-INFO-已审核
2018-11-26 14:04:58,057-mp_log-INFO-审核中
2018-11-26 14:04:58,377-mp_log-INFO-审核中
2018-11-26 14:04:58,750-mp_log-INFO-审核中
2018-11-26 14:04:59,005-mp_log-INFO-审核中
2018-11-26 14:04:59,270-mp_log-INFO-审核中
2018-11-26 14:04:59,629-mp_log-INFO-审核中
2018-11-26 14:05:00,312-mp_log-INFO-已审核
2018-11-26 14:05:00,642-mp_log-INFO-已审核
2018-11-26 14:05:00,793-mp_log-INFO-审核中
2018-11-26 14:05:01,082-mp_log-INFO-审核中
2018-11-26 14:05:01,533-mp_log-INFO-已审核
2018-11-26 14:05:01,680-mp_log-INFO-审核中
2018-11-26 14:05:02,061-mp_log-INFO-审核中
2018-11-26 14:05:02,066-mp_log-INFO-已审核
2018-11-26 14:05:02,346-mp_log-INFO-已审核
2018-11-26 14:05:02,570-mp_log-INFO-已审核
2018-11-26 14:05:02,905-mp_log-INFO-已审核
2018-11-26 14:05:03,183-mp_log-INFO-审核中
2018-11-26 14:05:03,534-mp_log-INFO-审核中
2018-11-26 14:05:03,814-mp_log-INFO-已审核
2018-11-26 14:05:04,157-mp_log-INFO-已审核
2018-11-26 14:05:04,416-mp_log-INFO-审核中
2018-11-26 14:05:04,678-mp_log-INFO-审核中
2018-11-26 14:05:05,052-mp_log-INFO-审核中
2018-11-26 14:05:05,673-mp_log-INFO-已审核
2018-11-26 14:05:05,976-mp_log-INFO-已审核
2018-11-26 14:05:06,356-mp_log-INFO-已审核
2018-11-26 14:05:06,613-mp_log-INFO-审核中
2018-11-26 14:05:06,848-mp_log-INFO-审核中
2018-11-26 14:05:07,229-mp_log-INFO-审核中
2018-11-26 14:05:07,532-mp_log-INFO-审核中
2018-11-26 14:05:07,768-mp_log-INFO-已审核
2018-11-26 14:05:08,063-mp_log-INFO-审核中
2018-11-26 14:05:08,411-mp_log-INFO-审核中
2018-11-26 14:05:08,663-mp_log-INFO-审核中
2018-11-26 14:05:09,026-mp_log-INFO-审核中
2018-11-26 14:05:09,321-mp_log-INFO-已审核
2018-11-26 14:05:09,619-mp_log-INFO-已审核
2018-11-26 14:05:09,948-mp_log-INFO-审核中
2018-11-26 14:05:10,577-mp_log-INFO-审核中
2018-11-26 14:05:10,660-mp_log-INFO-审核中
2018-11-26 14:05:11,070-mp_log-INFO-审核中
2018-11-26 14:05:11,465-mp_log-INFO-审核中
2018-11-26 14:05:11,759-mp_log-INFO-审核中
2018-11-26 14:05:12,069-mp_log-INFO-已审核
2018-11-26 14:05:12,347-mp_log-INFO-审核中
2018-11-26 14:05:12,572-mp_log-INFO-已审核
2018-11-26 14:05:12,915-mp_log-INFO-审核中
2018-11-26 14:05:13,170-mp_log-INFO-审核中
2018-11-26 14:05:13,508-mp_log-INFO-已审核
2018-11-26 14:05:13,843-mp_log-INFO-审核中
2018-11-26 14:05:14,122-mp_log-INFO-已审核
2018-11-26 14:05:14,386-mp_log-INFO-已审核
2018-11-26 14:05:14,675-mp_log-INFO-已审核
2018-11-26 14:05:14,993-mp_log-INFO-审核中
2018-11-26 14:05:15,364-mp_log-INFO-审核中
2018-11-26 14:05:15,570-mp_log-INFO-已审核
2018-11-26 14:05:15,941-mp_log-INFO-已审核
2018-11-26 14:05:16,190-mp_log-INFO-审核中
2018-11-26 14:05:16,614-mp_log-INFO-审核中
2018-11-26 14:05:16,855-mp_log-INFO-已审核
2018-11-26 14:05:17,169-mp_log-INFO-已审核
2018-11-26 14:05:17,390-mp_log-INFO-已审核
2018-11-26 14:05:17,793-mp_log-INFO-已审核
2018-11-26 14:05:18,318-mp_log-INFO-审核中
2018-11-26 14:05:18,806-mp_log-INFO-已审核
2018-11-26 14:05:19,012-mp_log-INFO-审核中
2018-11-26 14:05:19,214-mp_log-INFO-审核中
2018-11-26 14:05:19,520-mp_log-INFO-审核中
2018-11-26 14:05:19,845-mp_log-INFO-审核中
2018-11-26 14:05:20,258-mp_log-INFO-审核中
2018-11-26 14:05:20,445-mp_log-INFO-审核中
2018-11-26 14:05:20,708-mp_log-INFO-审核中
2018-11-26 14:05:21,075-mp_log-INFO-审核中
2018-11-26 14:05:21,392-mp_log-INFO-已审核
2018-11-26 14:05:21,649-mp_log-INFO-已审核
2018-11-26 14:05:22,434-mp_log-INFO-已审核
2018-11-26 14:05:22,587-mp_log-INFO-审核中
2018-11-26 14:05:22,869-mp_log-INFO-已审核
2018-11-26 14:05:23,147-mp_log-INFO-已审核
2018-11-26 14:05:23,437-mp_log-INFO-已审核
2018-11-26 14:05:23,538-mp_log-INFO-审核中
2018-11-26 14:05:23,825-mp_log-INFO-审核中
2018-11-26 14:05:24,062-mp_log-INFO-已审核
2018-11-26 14:05:24,353-mp_log-INFO-审核中
2018-11-26 14:05:24,655-mp_log-INFO-已审核
2018-11-26 14:05:24,973-mp_log-INFO-已审核
2018-11-26 14:05:25,336-mp_log-INFO-审核中
2018-11-26 14:05:25,807-mp_log-INFO-已审核
2018-11-26 14:05:25,835-mp_log-INFO-审核中
2018-11-26 14:05:26,098-mp_log-INFO-已审核
2018-11-26 14:05:26,454-mp_log-INFO-审核中
2018-11-26 14:05:26,688-mp_log-INFO-已审核
2018-11-26 14:05:27,033-mp_log-INFO-审核中
2018-11-26 14:05:27,397-mp_log-INFO-已审核
2018-11-26 14:05:27,640-mp_log-INFO-审核中
2018-11-26 14:05:27,929-mp_log-INFO-审核中
2018-11-26 14:05:28,298-mp_log-INFO-已审核
2018-11-26 14:05:28,513-mp_log-INFO-已审核
2018-11-26 14:05:28,876-mp_log-INFO-已审核
2018-11-26 14:05:29,168-mp_log-INFO-审核中
2018-11-26 14:05:29,528-mp_log-INFO-审核中
2018-11-26 14:05:29,821-mp_log-INFO-审核中
2018-11-26 14:05:30,081-mp_log-INFO-审核中
2018-11-26 14:05:30,452-mp_log-INFO-审核中
2018-11-26 14:05:30,693-mp_log-INFO-已审核
2018-11-26 14:05:31,005-mp_log-INFO-审核中
2018-11-26 14:05:31,248-mp_log-INFO-审核中
2018-11-26 14:05:31,626-mp_log-INFO-已审核
2018-11-26 14:05:32,199-mp_log-INFO-已审核
2018-11-26 14:05:32,528-mp_log-INFO-已审核
2018-11-26 14:05:32,825-mp_log-INFO-审核中
2018-11-26 14:05:32,829-mp_log-INFO-审核中
2018-11-26 14:05:33,119-mp_log-INFO-审核中
2018-11-26 14:05:33,383-mp_log-INFO-审核中
2018-11-26 14:05:33,611-mp_log-INFO-已审核
2018-11-26 14:05:34,015-mp_log-INFO-审核中
2018-11-26 14:05:34,551-mp_log-INFO-审核中
2018-11-26 14:05:34,588-mp_log-INFO-审核中
2018-11-26 14:05:34,919-mp_log-INFO-已审核
2018-11-26 14:05:35,227-mp_log-INFO-已审核
2018-11-26 14:05:35,552-mp_log-INFO-审核中
2018-11-26 14:05:35,790-mp_log-INFO-审核中
2018-11-26 14:05:36,185-mp_log-INFO-审核中
2018-11-26 14:05:36,480-mp_log-INFO-已审核
2018-11-26 14:05:36,795-mp_log-INFO-审核中
2018-11-26 14:05:37,100-mp_log-INFO-审核中
2018-11-26 14:05:37,415-mp_log-INFO-审核中
2018-11-26 14:05:37,668-mp_log-INFO-已审核
2018-11-26 14:05:37,963-mp_log-INFO-已审核
2018-11-26 14:05:38,268-mp_log-INFO-审核中
2018-11-26 14:05:38,587-mp_log-INFO-审核中
2018-11-26 14:05:38,855-mp_log-INFO-已审核
2018-11-26 14:05:39,197-mp_log-INFO-审核中
2018-11-26 14:05:39,437-mp_log-INFO-已审核
2018-11-26 14:05:39,775-mp_log-INFO-审核中
2018-11-26 14:05:40,055-mp_log-INFO-审核中
2018-11-26 14:05:40,415-mp_log-INFO-已审核
2018-11-26 14:05:40,635-mp_log-INFO-审核中
2018-11-26 14:05:40,968-mp_log-INFO-审核中
2018-11-26 14:05:41,558-mp_log-INFO-审核中
2018-11-26 14:05:41,927-mp_log-INFO-已审核
2018-11-26 14:05:42,183-mp_log-INFO-审核中
2018-11-26 14:05:42,255-mp_log-INFO-审核中
2018-11-26 14:05:42,513-mp_log-INFO-已审核
2018-11-26 14:05:42,774-mp_log-INFO-审核中
