2018-11-16 18:53:18,716-Getlogin-ERROR-'token'
2018-11-16 18:53:18,718-mp_log-INFO-token获取成功......
2018-11-16 18:53:33,345-mp_log-INFO-获取所有小程序信息成功......
2018-11-16 18:53:33,895-mp_log-INFO-获取最新模板信息成功.......
2018-11-16 18:53:36,117-mp_log-INFO-环亚美容模板操作成功,模板名称20181116 18.13 商家正式版
2018-11-16 18:53:36,891-mp_log-INFO-诺研皮肤管理模板操作成功,模板名称20181116 18.13 商家正式版
2018-11-16 18:53:37,565-mp_log-INFO-芳妍美容模板操作成功,模板名称20181116 18.13 商家正式版
2018-11-16 18:53:37,862-mp_log-INFO-绿苑女子模板操作成功,模板名称20181116 18.13 商家正式版
2018-11-16 18:53:38,319-mp_log-INFO-伊之花美容模板操作成功,模板名称20181116 18.13 商家正式版
2018-11-16 18:53:38,741-mp_log-INFO-广州七号驻颜模板操作成功,模板名称20181116 18.13 商家正式版
2018-11-16 18:53:39,315-mp_log-INFO-赫阁尔模板操作成功,模板名称20181116 18.13 商家正式版
2018-11-16 18:53:39,914-mp_log-INFO-梦颜科美模板操作成功,模板名称20181116 18.13 商家正式版
2018-11-16 18:53:40,898-mp_log-INFO-都市点点模板操作成功,模板名称20181116 18.13 商家正式版
2018-11-16 18:53:41,132-mp_log-INFO-来了美佳澜店模板操作成功,模板名称20181116 18.13 商家正式版
2018-11-16 18:53:41,179-mp_log-INFO-灵动模板操作成功,模板名称20181116 18.13 商家正式版
2018-11-16 18:53:41,727-mp_log-INFO-康丽皇家模板操作成功,模板名称20181116 18.13 商家正式版
2018-11-16 18:53:42,765-mp_log-INFO-美美昭彦模板操作成功,模板名称20181116 18.13 商家正式版
2018-11-16 18:53:42,809-mp_log-INFO-美丽驿站模板操作成功,模板名称20181116 18.13 商家正式版
2018-11-16 18:53:43,224-mp_log-INFO-匠美JMBEAUTY模板操作成功,模板名称20181116 18.13 商家正式版
2018-11-16 18:53:43,818-mp_log-INFO-HB美尚荟模板操作成功,模板名称20181116 18.13 商家正式版
2018-11-16 18:53:44,137-mp_log-INFO-Youngface模板操作成功,模板名称20181116 18.13 商家正式版
2018-11-16 18:53:44,878-mp_log-INFO-爱睿熙国际模板操作成功,模板名称20181116 18.13 商家正式版
2018-11-16 18:53:45,449-mp_log-INFO-当今悦美模板操作成功,模板名称20181116 18.13 商家正式版
2018-11-16 18:53:45,790-mp_log-INFO-谦和国际模板操作成功,模板名称20181116 18.13 商家正式版
2018-11-16 18:53:46,260-mp_log-INFO-米蝶·快美吧模板操作成功,模板名称20181116 18.13 商家正式版
2018-11-16 18:53:46,685-mp_log-INFO-当代经典模板操作成功,模板名称20181116 18.13 商家正式版
2018-11-16 18:53:47,317-mp_log-INFO-东方丽人模板操作成功,模板名称20181116 18.13 商家正式版
2018-11-16 18:53:47,649-mp_log-INFO-盛士兰模板操作成功,模板名称20181116 18.13 商家正式版
2018-11-16 18:53:48,362-mp_log-INFO-玫瑰坊模板操作成功,模板名称20181116 18.13 商家正式版
2018-11-16 18:53:48,980-mp_log-INFO-悠兰lyj模板操作成功,模板名称20181116 18.13 商家正式版
2018-11-16 18:53:49,039-mp_log-INFO-来就健康模板操作成功,模板名称20181116 18.13 商家正式版
2018-11-16 18:53:49,989-mp_log-INFO-恒美世纪模板操作成功,模板名称20181116 18.13 商家正式版
2018-11-16 18:53:50,172-mp_log-INFO-美人记Diary模板操作成功,模板名称20181116 18.13 商家正式版
2018-11-16 18:53:50,829-mp_log-INFO-美范·珺之屋模板操作成功,模板名称20181116 18.13 商家正式版
2018-11-16 18:53:51,224-mp_log-INFO-菲梵经典模板操作成功,模板名称20181116 18.13 商家正式版
2018-11-16 18:53:51,809-mp_log-INFO-悦芳泉SPA模板操作成功,模板名称20181116 18.13 商家正式版
2018-11-16 18:53:52,295-mp_log-INFO-爱美丽模板操作成功,模板名称20181116 18.13 商家正式版
2018-11-16 18:53:52,926-mp_log-INFO-漂亮如你模板操作成功,模板名称20181116 18.13 商家正式版
2018-11-16 18:53:53,210-mp_log-INFO-广西宝宝爱模板操作成功,模板名称20181116 18.13 商家正式版
2018-11-16 18:53:53,975-mp_log-INFO-虞诗蔓模板操作成功,模板名称20181116 18.13 商家正式版
2018-11-16 18:53:54,181-mp_log-INFO-Goonbeauty模板操作成功,模板名称20181116 18.13 商家正式版
2018-11-16 18:53:54,834-mp_log-INFO-唯艳美模板操作成功,模板名称20181116 18.13 商家正式版
2018-11-16 18:53:55,403-mp_log-INFO-吉美妍丽模板操作成功,模板名称20181116 18.13 商家正式版
2018-11-16 18:53:55,791-mp_log-INFO-雪依氏模板操作成功,模板名称20181116 18.13 商家正式版
2018-11-16 18:53:56,172-mp_log-INFO-书白美企模板操作成功,模板名称20181116 18.13 商家正式版
2018-11-16 18:53:56,661-mp_log-INFO-星美国际模板操作成功,模板名称20181116 18.13 商家正式版
2018-11-16 18:53:57,328-mp_log-INFO-来美吧模板操作成功,模板名称20181116 18.13 商家正式版
2018-11-16 18:53:57,717-mp_log-INFO-伊美朗模板操作成功,模板名称20181116 18.13 商家正式版
2018-11-16 18:53:58,316-mp_log-INFO-美美一生模板操作成功,模板名称20181116 18.13 商家正式版
2018-11-16 18:53:58,771-mp_log-INFO-优年轻模板操作成功,模板名称20181116 18.13 商家正式版
2018-11-16 18:53:59,155-mp_log-INFO-阿星国际模板操作成功,模板名称20181116 18.13 商家正式版
2018-11-16 18:53:59,679-mp_log-INFO-娇阑美颜模板操作成功,模板名称20181116 18.13 商家正式版
2018-11-16 18:54:00,403-mp_log-INFO-爱女士模板操作成功,模板名称20181116 18.13 商家正式版
2018-11-16 18:54:00,791-mp_log-INFO-PS智能美肤模板操作成功,模板名称20181116 18.13 商家正式版
2018-11-16 18:54:01,501-mp_log-INFO-珍珍美容模板操作成功,模板名称20181116 18.13 商家正式版
2018-11-16 18:54:01,763-mp_log-INFO-姿曼美容spa模板操作成功,模板名称20181116 18.13 商家正式版
2018-11-16 18:54:02,356-mp_log-INFO-巴黎情缘模板操作成功,模板名称20181116 18.13 商家正式版
2018-11-16 18:54:02,692-mp_log-INFO-百合春天模板操作成功,模板名称20181116 18.13 商家正式版
2018-11-16 18:54:03,432-mp_log-INFO-梅兰丽人模板操作成功,模板名称20181116 18.13 商家正式版
2018-11-16 18:54:03,872-mp_log-INFO-燕燕尊尚美容模板操作成功,模板名称20181116 18.13 商家正式版
2018-11-16 18:54:04,553-mp_log-INFO-雅致璇肌模板操作成功,模板名称20181116 18.13 商家正式版
2018-11-16 18:54:04,942-mp_log-INFO-东方仕典模板操作成功,模板名称20181116 18.13 商家正式版
2018-11-16 18:54:05,547-mp_log-INFO-韩流美美店模板操作成功,模板名称20181116 18.13 商家正式版
2018-11-16 18:54:05,763-mp_log-INFO-启程金典美业模板操作成功,模板名称20181116 18.13 商家正式版
2018-11-16 18:54:06,153-mp_log-INFO-年轻我可以模板操作成功,模板名称20181116 18.13 商家正式版
2018-11-16 18:54:06,806-mp_log-INFO-精工皇族模板操作成功,模板名称20181116 18.13 商家正式版
2018-11-16 18:54:07,235-mp_log-INFO-深圳丝客富模板操作成功,模板名称20181116 18.13 商家正式版
2018-11-16 18:54:07,668-mp_log-INFO-琉璃水城模板操作成功,模板名称20181116 18.13 商家正式版
2018-11-16 18:54:08,117-mp_log-INFO-杭州东方整形模板操作成功,模板名称20181116 18.13 商家正式版
2018-11-16 18:54:08,530-mp_log-INFO-ONI速美模板操作成功,模板名称20181116 18.13 商家正式版
2018-11-16 18:54:09,168-mp_log-INFO-YAN健康•美+模板操作成功,模板名称20181116 18.13 商家正式版
2018-11-16 18:54:09,683-mp_log-INFO-MMbeauty模板操作成功,模板名称20181116 18.13 商家正式版
2018-11-16 18:54:10,248-mp_log-INFO-美共享模板操作成功,模板名称20181116 18.13 商家正式版
2018-11-16 18:54:10,593-mp_log-INFO-靓佳人模板操作成功,模板名称20181116 18.13 商家正式版
2018-11-16 18:54:11,211-mp_log-INFO-ME智慧美店模板操作成功,模板名称20181116 18.13 商家正式版
2018-11-16 18:54:11,946-mp_log-INFO-紫舟美业模板操作成功,模板名称20181116 18.13 商家正式版
2018-11-16 18:54:12,195-mp_log-INFO-阿芙洛蒂模板操作成功,模板名称20181116 18.13 商家正式版
2018-11-16 18:54:12,772-mp_log-INFO-美德福模板操作成功,模板名称20181116 18.13 商家正式版
2018-11-16 18:54:13,463-mp_log-INFO-岳灵生发模板操作成功,模板名称20181116 18.13 商家正式版
2018-11-16 18:54:13,849-mp_log-INFO-美姿源模板操作成功,模板名称20181116 18.13 商家正式版
2018-11-16 18:54:14,442-mp_log-INFO-维多丽雅模板操作成功,模板名称20181116 18.13 商家正式版
2018-11-16 18:54:14,705-mp_log-INFO-雅典娜模板操作成功,模板名称20181116 18.13 商家正式版
2018-11-16 18:54:15,140-mp_log-INFO-杭州桐雅模板操作成功,模板名称20181116 18.13 商家正式版
2018-11-16 18:54:15,654-mp_log-INFO-张氏纳然姬朵模板操作成功,模板名称20181116 18.13 商家正式版
2018-11-16 18:54:16,141-mp_log-INFO-魅力华健模板操作成功,模板名称20181116 18.13 商家正式版
2018-11-16 18:54:16,661-mp_log-INFO-圣水伊人模板操作成功,模板名称20181116 18.13 商家正式版
2018-11-16 18:54:17,262-mp_log-INFO-窈窕淑女模板操作成功,模板名称20181116 18.13 商家正式版
2018-11-16 18:54:17,701-mp_log-INFO-绮莉尔智能美模板操作成功,模板名称20181116 18.13 商家正式版
2018-11-16 18:54:18,332-mp_log-INFO-香密雅CIMIA模板操作成功,模板名称20181116 18.13 商家正式版
2018-11-16 18:54:18,797-mp_log-INFO-妍雅媛模板操作成功,模板名称20181116 18.13 商家正式版
2018-11-16 18:54:19,132-mp_log-INFO-来了美模板操作成功,模板名称20181116 18.13 商家正式版
2018-11-16 18:54:19,638-mp_log-INFO-轻医美模板操作成功,模板名称20181116 18.13 商家正式版
2018-11-16 18:54:20,246-mp_log-INFO-世纪春天模板操作成功,模板名称20181116 18.13 商家正式版
2018-11-16 18:54:20,773-mp_log-INFO-贵妇人模板操作成功,模板名称20181116 18.13 商家正式版
2018-11-16 18:54:21,281-mp_log-INFO-BabyBeauty模板操作成功,模板名称20181116 18.13 商家正式版
2018-11-16 18:54:21,777-mp_log-INFO-奇遇青春模板操作成功,模板名称20181116 18.13 商家正式版
2018-11-16 18:54:22,246-mp_log-INFO-来了美韩尚恩模板操作成功,模板名称20181116 18.13 商家正式版
2018-11-16 18:54:22,718-mp_log-INFO-纤指百媚模板操作成功,模板名称20181116 18.13 商家正式版
2018-11-16 18:54:23,310-mp_log-INFO-美之颜模板操作成功,模板名称20181116 18.13 商家正式版
2018-11-16 18:54:23,812-mp_log-INFO-郦芙蓉beauty模板操作成功,模板名称20181116 18.13 商家正式版
2018-11-16 18:54:24,170-mp_log-INFO-氢颜轻奢美肤模板操作成功,模板名称20181116 18.13 商家正式版
2018-11-16 18:54:25,200-mp_log-INFO-玫香源模板操作成功,模板名称20181116 18.13 商家正式版
2018-11-16 18:54:25,420-mp_log-INFO-香住SPA模板操作成功,模板名称20181116 18.13 商家正式版
2018-11-16 18:54:25,929-mp_log-INFO-依蔻依美模板操作成功,模板名称20181116 18.13 商家正式版
2018-11-16 18:54:26,238-mp_log-INFO-佰味女人模板操作成功,模板名称20181116 18.13 商家正式版
2018-11-16 18:54:27,257-mp_log-INFO-艾面一族 模板操作成功,模板名称20181116 18.13 商家正式版
2018-11-16 18:54:27,553-mp_log-INFO-涣美医疗模板操作成功,模板名称20181116 18.13 商家正式版
2018-11-16 18:54:27,643-mp_log-INFO-植美SPA模板操作成功,模板名称20181116 18.13 商家正式版
2018-11-16 18:54:28,423-mp_log-INFO-曼姿模板操作成功,模板名称20181116 18.13 商家正式版
2018-11-16 18:54:28,876-mp_log-INFO-美丽九九模板操作成功,模板名称20181116 18.13 商家正式版
2018-11-16 18:54:29,445-mp_log-INFO-百分国际美容模板操作成功,模板名称20181116 18.13 商家正式版
2018-11-16 18:54:29,759-mp_log-INFO-千颂伊美学中心模板操作成功,模板名称20181116 18.13 商家正式版
2018-11-16 18:54:30,847-mp_log-INFO-艾尚美美哒模板操作成功,模板名称20181116 18.13 商家正式版
2018-11-16 18:54:31,049-mp_log-INFO-金美源模板操作成功,模板名称20181116 18.13 商家正式版
2018-11-16 18:54:31,548-mp_log-INFO-爱玛仕嘉模板操作成功,模板名称20181116 18.13 商家正式版
2018-11-16 18:54:31,828-mp_log-INFO-智能科技美店模板操作成功,模板名称20181116 18.13 商家正式版
2018-11-16 18:54:32,550-mp_log-INFO-欧妮薇模板操作成功,模板名称20181116 18.13 商家正式版
2018-11-16 18:54:32,977-mp_log-INFO-成都净美天使模板操作成功,模板名称20181116 18.13 商家正式版
2018-11-16 18:54:33,334-mp_log-INFO-美姿来就美模板操作成功,模板名称20181116 18.13 商家正式版
2018-11-16 18:54:33,723-mp_log-INFO-IVY艾菲芭模板操作成功,模板名称20181116 18.13 商家正式版
2018-11-16 18:54:34,644-mp_log-INFO-来了美雲会所模板操作成功,模板名称20181116 18.13 商家正式版
2018-11-16 18:54:35,035-mp_log-INFO-蒙妮莎新美容模板操作成功,模板名称20181116 18.13 商家正式版
2018-11-16 18:54:35,497-mp_log-INFO-筋生美模板操作成功,模板名称20181116 18.13 商家正式版
2018-11-16 18:54:35,780-mp_log-INFO-金柏丽模板操作成功,模板名称20181116 18.13 商家正式版
2018-11-16 18:54:36,538-mp_log-INFO-长江九号模板操作成功,模板名称20181116 18.13 商家正式版
2018-11-16 18:54:36,961-mp_log-INFO-优文专业脱毛模板操作成功,模板名称20181116 18.13 商家正式版
2018-11-16 18:54:37,530-mp_log-INFO-如生堂模板操作成功,模板名称20181116 18.13 商家正式版
2018-11-16 18:54:37,880-mp_log-INFO-梦田芳香Spa模板操作成功,模板名称20181116 18.13 商家正式版
2018-11-16 18:54:38,449-mp_log-INFO-贝施纤体模板操作成功,模板名称20181116 18.13 商家正式版
2018-11-16 18:54:38,809-mp_log-INFO-色彩纯姬模板操作成功,模板名称20181116 18.13 商家正式版
2018-11-16 18:54:39,388-mp_log-INFO-芯语芳心模板操作成功,模板名称20181116 18.13 商家正式版
2018-11-16 18:54:40,231-mp_log-INFO-还原美模板操作成功,模板名称20181116 18.13 商家正式版
2018-11-16 18:54:40,700-mp_log-INFO-延颜美容模板操作成功,模板名称20181116 18.13 商家正式版
2018-11-16 18:54:41,206-mp_log-INFO-缘临医疗美容模板操作成功,模板名称20181116 18.13 商家正式版
2018-11-16 18:54:41,454-mp_log-INFO-梦圆皇宫模板操作成功,模板名称20181116 18.13 商家正式版
2018-11-16 18:54:41,889-mp_log-INFO-美了就来模板操作成功,模板名称20181116 18.13 商家正式版
2018-11-16 18:54:42,691-mp_log-INFO-YoungDream模板操作成功,模板名称20181116 18.13 商家正式版
2018-11-16 18:54:42,915-mp_log-INFO-DR美研博士模板操作成功,模板名称20181116 18.13 商家正式版
2018-11-16 18:54:43,605-mp_log-INFO-東美人儿模板操作成功,模板名称20181116 18.13 商家正式版
2018-11-16 18:54:44,293-mp_log-INFO-美迩美整形模板操作成功,模板名称20181116 18.13 商家正式版
2018-11-16 18:54:44,303-mp_log-INFO-承昱医疗模板操作成功,模板名称20181116 18.13 商家正式版
2018-11-16 18:54:45,293-mp_log-INFO-BV美聚模板操作成功,模板名称20181116 18.13 商家正式版
2018-11-16 18:54:45,332-mp_log-INFO-唯美童妍模板操作成功,模板名称20181116 18.13 商家正式版
2018-11-16 18:54:45,670-mp_log-INFO-健丽宝美容模板操作成功,模板名称20181116 18.13 商家正式版
2018-11-16 18:54:46,403-mp_log-INFO-掌上美管家A模板操作成功,模板名称20181116 18.13 商家正式版
2018-11-16 18:54:46,885-mp_log-INFO-博妍集美模板操作成功,模板名称20181116 18.13 商家正式版
2018-11-16 18:54:47,839-mp_log-INFO-双妹美容模板操作成功,模板名称20181116 18.13 商家正式版
2018-11-16 18:54:47,857-mp_log-INFO-雅涛世家模板操作成功,模板名称20181116 18.13 商家正式版
2018-11-16 18:54:48,388-mp_log-INFO-呈悦医疗模板操作成功,模板名称20181116 18.13 商家正式版
2018-11-16 18:54:48,622-mp_log-INFO-来了美千丝美模板操作成功,模板名称20181116 18.13 商家正式版
2018-11-16 18:54:49,139-mp_log-INFO-世纪之春模板操作成功,模板名称20181116 18.13 商家正式版
2018-11-16 18:54:49,760-mp_log-INFO-雅梵GO美模板操作成功,模板名称20181116 18.13 商家正式版
2018-11-16 18:54:50,097-mp_log-INFO-女主角美容模板操作成功,模板名称20181116 18.13 商家正式版
2018-11-16 18:54:50,813-mp_log-INFO-弘粹堂模板操作成功,模板名称20181116 18.13 商家正式版
2018-11-16 18:54:51,434-mp_log-INFO-环球美容模板操作成功,模板名称20181116 18.13 商家正式版
2018-11-16 18:54:51,892-mp_log-INFO-乐聚模板操作成功,模板名称20181116 18.13 商家正式版
2018-11-16 18:54:52,955-mp_log-INFO-诗芙侬模板操作成功,模板名称20181116 18.13 商家正式版
2018-11-16 18:54:53,028-mp_log-INFO-沧州美美达模板操作成功,模板名称20181116 18.13 商家正式版
2018-11-16 18:54:53,385-mp_log-INFO-赢美肌模板操作成功,模板名称20181116 18.13 商家正式版
2018-11-16 18:54:53,790-mp_log-INFO-馨境堂模板操作成功,模板名称20181116 18.13 商家正式版
2018-11-16 18:54:54,594-mp_log-INFO-良沐健康管理模板操作成功,模板名称20181116 18.13 商家正式版
2018-11-16 18:54:55,081-mp_log-INFO-贝兰思模板操作成功,模板名称20181116 18.13 商家正式版
2018-11-16 18:54:55,361-mp_log-INFO-东方秀丽模板操作成功,模板名称20181116 18.13 商家正式版
2018-11-16 18:54:55,751-mp_log-INFO-欧丽薇模板操作成功,模板名称20181116 18.13 商家正式版
