2018-11-29 13:52:16,651-Getlogin-ERROR-'token'
2018-11-29 13:52:16,653-mp_log-INFO-token获取成功......
2018-11-29 13:52:34,888-mp_log-INFO-获取所有小程序信息成功......
2018-11-29 13:52:35,321-mp_log-INFO-获取最新模板信息成功.......
2018-11-29 13:52:37,461-mp_log-ERROR-GOGOBeauty操作失败,失败原因{'status': 500, 'msg': '此管理中心未授权开放平台'}
2018-11-29 13:52:37,571-mp_log-INFO-环亚美容模板操作成功,模板名称1129 商家正式版
2018-11-29 13:52:38,035-mp_log-INFO-诺研皮肤管理模板操作成功,模板名称1129 商家正式版
2018-11-29 13:52:38,462-mp_log-INFO-芳妍美容模板操作成功,模板名称1129 商家正式版
2018-11-29 13:52:38,486-mp_log-ERROR-sdfdsfdsf操作失败,失败原因{'status': 500, 'msg': '此管理中心未授权开放平台'}
2018-11-29 13:52:39,426-mp_log-INFO-绿苑女子模板操作成功,模板名称1129 商家正式版
2018-11-29 13:52:40,760-mp_log-INFO-伊之花美容模板操作成功,模板名称1129 商家正式版
2018-11-29 13:52:41,164-mp_log-INFO-广州七号驻颜模板操作成功,模板名称1129 商家正式版
2018-11-29 13:52:41,537-mp_log-INFO-曼奇莎模板操作成功,模板名称1129 商家正式版
2018-11-29 13:52:42,266-mp_log-INFO-诗美逸模板操作成功,模板名称1129 商家正式版
2018-11-29 13:52:42,466-mp_log-INFO-颐和美容模板操作成功,模板名称1129 商家正式版
2018-11-29 13:52:42,962-mp_log-INFO-赫阁尔模板操作成功,模板名称1129 商家正式版
2018-11-29 13:52:43,747-mp_log-INFO-草木缘模板操作成功,模板名称1129 商家正式版
2018-11-29 13:52:44,425-mp_log-INFO-漂亮宝贝模板操作成功,模板名称1129 商家正式版
2018-11-29 13:52:44,461-mp_log-INFO-梦颜科美模板操作成功,模板名称1129 商家正式版
2018-11-29 13:52:45,045-mp_log-INFO-都市点点模板操作成功,模板名称1129 商家正式版
2018-11-29 13:52:45,457-mp_log-INFO-来了美佳澜店模板操作成功,模板名称1129 商家正式版
2018-11-29 13:52:45,943-mp_log-INFO-木子美甲美睫模板操作成功,模板名称1129 商家正式版
2018-11-29 13:52:46,763-mp_log-INFO-润妃国际模板操作成功,模板名称1129 商家正式版
2018-11-29 13:52:47,037-mp_log-INFO-灵动模板操作成功,模板名称1129 商家正式版
2018-11-29 13:52:47,376-mp_log-INFO-康丽皇家模板操作成功,模板名称1129 商家正式版
2018-11-29 13:52:48,203-mp_log-INFO-美丽驿站模板操作成功,模板名称1129 商家正式版
2018-11-29 13:52:48,473-mp_log-ERROR-市场演示专用操作失败,失败原因{'status': 500, 'msg': '此管理中心未授权开放平台'}
2018-11-29 13:52:48,559-mp_log-INFO-美美昭彦模板操作成功,模板名称1129 商家正式版
2018-11-29 13:52:49,003-mp_log-INFO-匠美JMBEAUTY模板操作成功,模板名称1129 商家正式版
2018-11-29 13:52:50,037-mp_log-INFO-HB美尚荟模板操作成功,模板名称1129 商家正式版
2018-11-29 13:52:50,612-mp_log-INFO-Youngface模板操作成功,模板名称1129 商家正式版
2018-11-29 13:52:51,264-mp_log-INFO-爱睿熙国际模板操作成功,模板名称1129 商家正式版
2018-11-29 13:52:51,602-mp_log-INFO-当今悦美模板操作成功,模板名称1129 商家正式版
2018-11-29 13:52:52,094-mp_log-INFO-谦和国际模板操作成功,模板名称1129 商家正式版
2018-11-29 13:52:52,551-mp_log-INFO-米蝶·快美吧模板操作成功,模板名称1129 商家正式版
2018-11-29 13:52:53,016-mp_log-INFO-iBEATA贝娅塔模板操作成功,模板名称1129 商家正式版
2018-11-29 13:52:53,408-mp_log-INFO-菲常美模板操作成功,模板名称1129 商家正式版
2018-11-29 13:52:54,153-mp_log-INFO-当代经典模板操作成功,模板名称1129 商家正式版
2018-11-29 13:52:54,554-mp_log-INFO-东方丽人模板操作成功,模板名称1129 商家正式版
2018-11-29 13:52:54,966-mp_log-INFO-盛士兰模板操作成功,模板名称1129 商家正式版
2018-11-29 13:52:55,665-mp_log-INFO-玫瑰坊模板操作成功,模板名称1129 商家正式版
2018-11-29 13:52:55,972-mp_log-INFO-悠兰lyj模板操作成功,模板名称1129 商家正式版
2018-11-29 13:52:56,526-mp_log-INFO-芊思雅莎莎模板操作成功,模板名称1129 商家正式版
2018-11-29 13:52:57,062-mp_log-INFO-来就健康模板操作成功,模板名称1129 商家正式版
2018-11-29 13:52:57,382-mp_log-INFO-恒美世纪模板操作成功,模板名称1129 商家正式版
2018-11-29 13:52:58,017-mp_log-INFO-美人记Diary模板操作成功,模板名称1129 商家正式版
2018-11-29 13:52:58,561-mp_log-INFO-美范·珺之屋模板操作成功,模板名称1129 商家正式版
2018-11-29 13:52:58,886-mp_log-INFO-菲梵经典模板操作成功,模板名称1129 商家正式版
2018-11-29 13:52:59,507-mp_log-INFO-悦芳泉SPA模板操作成功,模板名称1129 商家正式版
2018-11-29 13:52:59,922-mp_log-INFO-爱美丽模板操作成功,模板名称1129 商家正式版
2018-11-29 13:53:00,500-mp_log-INFO-漂亮如你模板操作成功,模板名称1129 商家正式版
2018-11-29 13:53:01,081-mp_log-INFO-广西宝宝爱模板操作成功,模板名称1129 商家正式版
2018-11-29 13:53:01,481-mp_log-INFO-虞诗蔓模板操作成功,模板名称1129 商家正式版
2018-11-29 13:53:02,083-mp_log-INFO-Goonbeauty模板操作成功,模板名称1129 商家正式版
2018-11-29 13:53:02,651-mp_log-INFO-唯艳美模板操作成功,模板名称1129 商家正式版
2018-11-29 13:53:03,005-mp_log-INFO-吉美妍丽模板操作成功,模板名称1129 商家正式版
2018-11-29 13:53:03,561-mp_log-INFO-雪依氏模板操作成功,模板名称1129 商家正式版
2018-11-29 13:53:04,146-mp_log-INFO-书白美企模板操作成功,模板名称1129 商家正式版
2018-11-29 13:53:04,453-mp_log-INFO-星美国际模板操作成功,模板名称1129 商家正式版
2018-11-29 13:53:05,465-mp_log-INFO-来美吧模板操作成功,模板名称1129 商家正式版
2018-11-29 13:53:06,109-mp_log-INFO-伊美朗模板操作成功,模板名称1129 商家正式版
2018-11-29 13:53:06,793-mp_log-INFO-美美一生模板操作成功,模板名称1129 商家正式版
2018-11-29 13:53:06,879-mp_log-INFO-霭伦恩美模板操作成功,模板名称1129 商家正式版
2018-11-29 13:53:07,050-mp_log-INFO-佳婳天美模板操作成功,模板名称1129 商家正式版
2018-11-29 13:53:07,582-mp_log-INFO-兴美源模板操作成功,模板名称1129 商家正式版
2018-11-29 13:53:07,834-mp_log-INFO-优年轻模板操作成功,模板名称1129 商家正式版
2018-11-29 13:53:08,514-mp_log-INFO-易康国际模板操作成功,模板名称1129 商家正式版
2018-11-29 13:53:09,122-mp_log-INFO-美美昭妍模板操作成功,模板名称1129 商家正式版
2018-11-29 13:53:09,697-mp_log-INFO-佐登妮丝模板操作成功,模板名称1129 商家正式版
2018-11-29 13:53:10,031-mp_log-INFO-阿星国际模板操作成功,模板名称1129 商家正式版
2018-11-29 13:53:10,597-mp_log-INFO-娇阑美颜模板操作成功,模板名称1129 商家正式版
2018-11-29 13:53:11,122-mp_log-INFO-爱女士模板操作成功,模板名称1129 商家正式版
2018-11-29 13:53:11,547-mp_log-INFO-PS智能美肤模板操作成功,模板名称1129 商家正式版
2018-11-29 13:53:12,047-mp_log-INFO-艾妍整形模板操作成功,模板名称1129 商家正式版
2018-11-29 13:53:12,528-mp_log-INFO-珍珍美容模板操作成功,模板名称1129 商家正式版
2018-11-29 13:53:13,141-mp_log-INFO-姿曼美容spa模板操作成功,模板名称1129 商家正式版
2018-11-29 13:53:13,394-mp_log-INFO-巴黎情缘模板操作成功,模板名称1129 商家正式版
2018-11-29 13:53:13,985-mp_log-INFO-百合春天模板操作成功,模板名称1129 商家正式版
2018-11-29 13:53:14,495-mp_log-INFO-梅兰丽人模板操作成功,模板名称1129 商家正式版
2018-11-29 13:53:15,458-mp_log-INFO-美由心生美惠模板操作成功,模板名称1129 商家正式版
2018-11-29 13:53:15,692-mp_log-INFO-燕燕尊尚美容模板操作成功,模板名称1129 商家正式版
2018-11-29 13:53:15,978-mp_log-INFO-雅致璇肌模板操作成功,模板名称1129 商家正式版
2018-11-29 13:53:16,579-mp_log-INFO-诗露丽涵模板操作成功,模板名称1129 商家正式版
2018-11-29 13:53:17,094-mp_log-INFO-东方仕典模板操作成功,模板名称1129 商家正式版
2018-11-29 13:53:17,679-mp_log-INFO-韩流美美店模板操作成功,模板名称1129 商家正式版
2018-11-29 13:53:18,060-mp_log-INFO-GOGO宝迪模板操作成功,模板名称1129 商家正式版
2018-11-29 13:53:19,007-mp_log-INFO-月瘦月美模板操作成功,模板名称1129 商家正式版
2018-11-29 13:53:19,160-mp_log-INFO-启程金典美业模板操作成功,模板名称1129 商家正式版
2018-11-29 13:53:19,544-mp_log-INFO-年轻我可以模板操作成功,模板名称1129 商家正式版
2018-11-29 13:53:20,217-mp_log-INFO-精工皇族模板操作成功,模板名称1129 商家正式版
2018-11-29 13:53:20,558-mp_log-INFO-明剪一秀模板操作成功,模板名称1129 商家正式版
2018-11-29 13:53:21,378-mp_log-INFO-深圳丝客富模板操作成功,模板名称1129 商家正式版
2018-11-29 13:53:21,619-mp_log-INFO-DuDuBeauty模板操作成功,模板名称1129 商家正式版
2018-11-29 13:53:22,053-mp_log-INFO-琉璃水城模板操作成功,模板名称1129 商家正式版
2018-11-29 13:53:22,535-mp_log-INFO-栢草源模板操作成功,模板名称1129 商家正式版
2018-11-29 13:53:23,204-mp_log-INFO-杭州东方整形模板操作成功,模板名称1129 商家正式版
2018-11-29 13:53:23,774-mp_log-INFO-ONI速美模板操作成功,模板名称1129 商家正式版
2018-11-29 13:53:24,226-mp_log-INFO-YAN健康•美+模板操作成功,模板名称1129 商家正式版
2018-11-29 13:53:24,629-mp_log-INFO-MMbeauty模板操作成功,模板名称1129 商家正式版
2018-11-29 13:53:25,025-mp_log-INFO-美共享模板操作成功,模板名称1129 商家正式版
2018-11-29 13:53:25,439-mp_log-INFO-靓佳人模板操作成功,模板名称1129 商家正式版
2018-11-29 13:53:26,161-mp_log-INFO-ME智慧美店模板操作成功,模板名称1129 商家正式版
2018-11-29 13:53:26,480-mp_log-INFO-二院美丽之约模板操作成功,模板名称1129 商家正式版
2018-11-29 13:53:27,140-mp_log-INFO-紫舟美业模板操作成功,模板名称1129 商家正式版
2018-11-29 13:53:27,691-mp_log-INFO-南洋beauty模板操作成功,模板名称1129 商家正式版
2018-11-29 13:53:27,931-mp_log-INFO-阿芙洛蒂模板操作成功,模板名称1129 商家正式版
2018-11-29 13:53:28,538-mp_log-INFO-来了美标榜店模板操作成功,模板名称1129 商家正式版
2018-11-29 13:53:29,172-mp_log-INFO-美德福模板操作成功,模板名称1129 商家正式版
2018-11-29 13:53:29,560-mp_log-INFO-岳灵生发模板操作成功,模板名称1129 商家正式版
2018-11-29 13:53:30,101-mp_log-INFO-美姿源模板操作成功,模板名称1129 商家正式版
2018-11-29 13:53:31,070-mp_log-ERROR-光速美操作失败,失败原因{'status': 500, 'msg': '此管理中心未授权开放平台'}
2018-11-29 13:53:31,107-mp_log-INFO-维多丽雅模板操作成功,模板名称1129 商家正式版
2018-11-29 13:53:31,267-mp_log-INFO-雅典娜模板操作成功,模板名称1129 商家正式版
2018-11-29 13:53:31,482-mp_log-INFO-杭州桐雅模板操作成功,模板名称1129 商家正式版
2018-11-29 13:53:32,093-mp_log-INFO-妃香伊丹模板操作成功,模板名称1129 商家正式版
2018-11-29 13:53:33,114-mp_log-INFO-张氏纳然姬朵模板操作成功,模板名称1129 商家正式版
2018-11-29 13:53:33,523-mp_log-INFO-魅力华健模板操作成功,模板名称1129 商家正式版
2018-11-29 13:53:34,190-mp_log-INFO-圣水伊人模板操作成功,模板名称1129 商家正式版
2018-11-29 13:53:34,625-mp_log-INFO-窈窕淑女模板操作成功,模板名称1129 商家正式版
2018-11-29 13:53:35,031-mp_log-INFO-绮莉尔智能美模板操作成功,模板名称1129 商家正式版
2018-11-29 13:53:35,597-mp_log-INFO-香密雅CIMIA模板操作成功,模板名称1129 商家正式版
2018-11-29 13:53:36,064-mp_log-INFO-妍雅媛模板操作成功,模板名称1129 商家正式版
2018-11-29 13:53:36,482-mp_log-INFO-来了美模板操作成功,模板名称1129 商家正式版
2018-11-29 13:53:37,022-mp_log-INFO-云立方模板操作成功,模板名称1129 商家正式版
2018-11-29 13:53:37,507-mp_log-INFO-轻医美模板操作成功,模板名称1129 商家正式版
2018-11-29 13:53:38,099-mp_log-INFO-世纪春天模板操作成功,模板名称1129 商家正式版
2018-11-29 13:53:38,854-mp_log-INFO-贵妇人模板操作成功,模板名称1129 商家正式版
2018-11-29 13:53:39,202-mp_log-INFO-BabyBeauty模板操作成功,模板名称1129 商家正式版
2018-11-29 13:53:39,534-mp_log-INFO-奇遇青春模板操作成功,模板名称1129 商家正式版
2018-11-29 13:53:40,206-mp_log-INFO-来了美韩尚恩模板操作成功,模板名称1129 商家正式版
2018-11-29 13:53:41,262-mp_log-INFO-纤指百媚模板操作成功,模板名称1129 商家正式版
2018-11-29 13:53:41,280-mp_log-INFO-美之颜模板操作成功,模板名称1129 商家正式版
2018-11-29 13:53:41,636-mp_log-INFO-GOGOBeauty模板操作成功,模板名称1129 商家正式版
2018-11-29 13:53:42,008-mp_log-INFO-贝琳菲美业模板操作成功,模板名称1129 商家正式版
2018-11-29 13:53:42,761-mp_log-INFO-郦芙蓉beauty模板操作成功,模板名称1129 商家正式版
2018-11-29 13:53:42,999-mp_log-ERROR-服务商账号操作失败,失败原因{'status': 'error', 'msg': 'component is not authorized by this account hint: [r_CP508403055]'}
2018-11-29 13:53:43,124-mp_log-INFO-氢颜轻奢美肤模板操作成功,模板名称1129 商家正式版
2018-11-29 13:53:43,934-mp_log-INFO-玫香源模板操作成功,模板名称1129 商家正式版
2018-11-29 13:53:44,809-mp_log-INFO-香住SPA模板操作成功,模板名称1129 商家正式版
2018-11-29 13:53:45,109-mp_log-INFO-依蔻依美模板操作成功,模板名称1129 商家正式版
2018-11-29 13:53:46,000-mp_log-INFO-黄氏百佳模板操作成功,模板名称1129 商家正式版
2018-11-29 13:53:46,063-mp_log-INFO-佰味女人模板操作成功,模板名称1129 商家正式版
2018-11-29 13:53:46,573-mp_log-INFO-创美雅香莱模板操作成功,模板名称1129 商家正式版
2018-11-29 13:53:47,143-mp_log-INFO-艾面一族 模板操作成功,模板名称1129 商家正式版
2018-11-29 13:53:47,616-mp_log-INFO-涣美医疗模板操作成功,模板名称1129 商家正式版
2018-11-29 13:53:48,150-mp_log-INFO-植美SPA模板操作成功,模板名称1129 商家正式版
2018-11-29 13:53:48,616-mp_log-INFO-曼姿模板操作成功,模板名称1129 商家正式版
2018-11-29 13:53:48,994-mp_log-INFO-美丽九九模板操作成功,模板名称1129 商家正式版
2018-11-29 13:53:49,474-mp_log-INFO-南国西子模板操作成功,模板名称1129 商家正式版
2018-11-29 13:53:50,087-mp_log-INFO-百分国际美容模板操作成功,模板名称1129 商家正式版
2018-11-29 13:53:50,715-mp_log-INFO-千颂伊美学中心模板操作成功,模板名称1129 商家正式版
2018-11-29 13:53:51,253-mp_log-INFO-艾尚美美哒模板操作成功,模板名称1129 商家正式版
2018-11-29 13:53:51,623-mp_log-INFO-玉颜堂模板操作成功,模板名称1129 商家正式版
2018-11-29 13:53:52,188-mp_log-INFO-金美源模板操作成功,模板名称1129 商家正式版
2018-11-29 13:53:52,632-mp_log-INFO-爱玛仕嘉模板操作成功,模板名称1129 商家正式版
2018-11-29 13:53:53,179-mp_log-INFO-智能科技美店模板操作成功,模板名称1129 商家正式版
2018-11-29 13:53:53,745-mp_log-INFO-欧妮薇模板操作成功,模板名称1129 商家正式版
2018-11-29 13:53:54,774-mp_log-INFO-成都净美天使模板操作成功,模板名称1129 商家正式版
2018-11-29 13:53:54,825-mp_log-INFO-美姿来就美模板操作成功,模板名称1129 商家正式版
2018-11-29 13:53:55,008-mp_log-INFO-IVY艾菲芭模板操作成功,模板名称1129 商家正式版
2018-11-29 13:53:55,523-mp_log-INFO-引导美体验店模板操作成功,模板名称1129 商家正式版
2018-11-29 13:53:55,994-mp_log-INFO-来了美雲会所模板操作成功,模板名称1129 商家正式版
2018-11-29 13:53:56,706-mp_log-INFO-SoBeauty模板操作成功,模板名称1129 商家正式版
2018-11-29 13:53:57,207-mp_log-INFO-蒙妮莎新美容模板操作成功,模板名称1129 商家正式版
2018-11-29 13:53:57,750-mp_log-INFO-筋生美模板操作成功,模板名称1129 商家正式版
2018-11-29 13:53:58,025-mp_log-INFO-来了美美吧模板操作成功,模板名称1129 商家正式版
2018-11-29 13:53:58,642-mp_log-INFO-金柏丽模板操作成功,模板名称1129 商家正式版
2018-11-29 13:53:59,194-mp_log-INFO-长江九号模板操作成功,模板名称1129 商家正式版
2018-11-29 13:53:59,471-mp_log-INFO-优文专业脱毛模板操作成功,模板名称1129 商家正式版
2018-11-29 13:54:00,205-mp_log-INFO-天使国际模板操作成功,模板名称1129 商家正式版
2018-11-29 13:54:00,882-mp_log-INFO-如生堂模板操作成功,模板名称1129 商家正式版
2018-11-29 13:54:01,245-mp_log-INFO-梦田芳香Spa模板操作成功,模板名称1129 商家正式版
2018-11-29 13:54:01,767-mp_log-INFO-贝施纤体模板操作成功,模板名称1129 商家正式版
2018-11-29 13:54:02,348-mp_log-INFO-色彩纯姬模板操作成功,模板名称1129 商家正式版
2018-11-29 13:54:02,845-mp_log-INFO-红妆倾城模板操作成功,模板名称1129 商家正式版
2018-11-29 13:54:03,151-mp_log-INFO-丹阳圣莉斯歌模板操作成功,模板名称1129 商家正式版
2018-11-29 13:54:04,041-mp_log-INFO-金贵人Beauty模板操作成功,模板名称1129 商家正式版
2018-11-29 13:54:04,229-mp_log-INFO-芯语芳心模板操作成功,模板名称1129 商家正式版
2018-11-29 13:54:04,782-mp_log-INFO-还原美模板操作成功,模板名称1129 商家正式版
2018-11-29 13:54:05,314-mp_log-INFO-延颜美容模板操作成功,模板名称1129 商家正式版
2018-11-29 13:54:06,265-mp_log-INFO-缘临医疗美容模板操作成功,模板名称1129 商家正式版
2018-11-29 13:54:06,953-mp_log-INFO-美了就来模板操作成功,模板名称1129 商家正式版
2018-11-29 13:54:07,353-mp_log-INFO-梦圆皇宫模板操作成功,模板名称1129 商家正式版
2018-11-29 13:54:07,547-mp_log-INFO-恩雅模板操作成功,模板名称1129 商家正式版
2018-11-29 13:54:07,803-mp_log-INFO-俏丽屋模板操作成功,模板名称1129 商家正式版
2018-11-29 13:54:08,533-mp_log-INFO-YoungDream模板操作成功,模板名称1129 商家正式版
2018-11-29 13:54:08,744-mp_log-INFO-DR美研博士模板操作成功,模板名称1129 商家正式版
2018-11-29 13:54:09,379-mp_log-INFO-女秀才模板操作成功,模板名称1129 商家正式版
2018-11-29 13:54:09,822-mp_log-INFO-東美人儿模板操作成功,模板名称1129 商家正式版
2018-11-29 13:54:10,311-mp_log-INFO-承昱医疗模板操作成功,模板名称1129 商家正式版
2018-11-29 13:54:11,174-mp_log-INFO-斓悦庭模板操作成功,模板名称1129 商家正式版
2018-11-29 13:54:11,555-mp_log-INFO-美迩美整形模板操作成功,模板名称1129 商家正式版
2018-11-29 13:54:11,719-mp_log-INFO-唯美童妍模板操作成功,模板名称1129 商家正式版
2018-11-29 13:54:12,491-mp_log-INFO-BV美聚模板操作成功,模板名称1129 商家正式版
2018-11-29 13:54:12,822-mp_log-INFO-健丽宝美容模板操作成功,模板名称1129 商家正式版
2018-11-29 13:54:13,293-mp_log-INFO-掌上美管家A模板操作成功,模板名称1129 商家正式版
2018-11-29 13:54:13,915-mp_log-INFO-博妍集美模板操作成功,模板名称1129 商家正式版
2018-11-29 13:54:14,292-mp_log-INFO-雅涛世家模板操作成功,模板名称1129 商家正式版
2018-11-29 13:54:14,927-mp_log-INFO-双妹美容模板操作成功,模板名称1129 商家正式版
2018-11-29 13:54:15,348-mp_log-INFO-呈悦医疗模板操作成功,模板名称1129 商家正式版
2018-11-29 13:54:15,937-mp_log-INFO-来了美千丝美模板操作成功,模板名称1129 商家正式版
2018-11-29 13:54:16,241-mp_log-INFO-世纪之春模板操作成功,模板名称1129 商家正式版
2018-11-29 13:54:16,811-mp_log-INFO-雅梵GO美模板操作成功,模板名称1129 商家正式版
2018-11-29 13:54:17,322-mp_log-INFO-女主角美容模板操作成功,模板名称1129 商家正式版
2018-11-29 13:54:17,862-mp_log-INFO-来了就体验账模板操作成功,模板名称1129 商家正式版
2018-11-29 13:54:18,368-mp_log-INFO-弘粹堂模板操作成功,模板名称1129 商家正式版
2018-11-29 13:54:18,832-mp_log-INFO-环球美容模板操作成功,模板名称1129 商家正式版
2018-11-29 13:54:19,302-mp_log-INFO-乐聚模板操作成功,模板名称1129 商家正式版
2018-11-29 13:54:19,810-mp_log-INFO-诗芙侬模板操作成功,模板名称1129 商家正式版
2018-11-29 13:54:20,313-mp_log-INFO-沧州美美达模板操作成功,模板名称1129 商家正式版
2018-11-29 13:54:20,863-mp_log-INFO-妮娜形象管理模板操作成功,模板名称1129 商家正式版
2018-11-29 13:54:21,562-mp_log-INFO-赢美肌模板操作成功,模板名称1129 商家正式版
2018-11-29 13:54:21,686-mp_log-INFO-馨境堂模板操作成功,模板名称1129 商家正式版
2018-11-29 13:54:22,460-mp_log-INFO-良沐健康管理模板操作成功,模板名称1129 商家正式版
2018-11-29 13:54:22,795-mp_log-INFO-果蔬美容模板操作成功,模板名称1129 商家正式版
2018-11-29 13:54:23,193-mp_log-INFO-贝兰思模板操作成功,模板名称1129 商家正式版
2018-11-29 13:54:24,021-mp_log-INFO-东方秀丽模板操作成功,模板名称1129 商家正式版
2018-11-29 13:54:24,285-mp_log-INFO-缔罗嘉佳模板操作成功,模板名称1129 商家正式版
2018-11-29 13:54:24,978-mp_log-INFO-文轩专业美容模板操作成功,模板名称1129 商家正式版
2018-11-29 13:54:25,699-mp_log-INFO-欧丽薇模板操作成功,模板名称1129 商家正式版
