2018-11-07 20:09:10,264-Getlogin-INFO-登录成功，获取mp端token.....
2018-11-07 20:09:10,268-mp_log-INFO-token获取成功......
2018-11-07 20:09:22,829-mp_log-INFO-获取所有小程序信息成功......
2018-11-07 20:09:23,337-mp_log-INFO-获取最新模板信息成功.......
2018-11-07 20:09:26,437-mp_log-INFO-书白美企提交成功
2018-11-07 20:09:27,233-mp_log-INFO-霭伦恩美提交成功
2018-11-07 20:09:27,765-mp_log-INFO-来美吧提交成功
2018-11-07 20:09:28,118-mp_log-INFO-伊美朗提交成功
2018-11-07 20:09:28,676-mp_log-INFO-美美一生提交成功
2018-11-07 20:09:29,296-mp_log-INFO-佳婳天美提交成功
2018-11-07 20:09:29,439-mp_log-INFO-优年轻提交成功
2018-11-07 20:09:30,156-mp_log-INFO-易康国际提交成功
2018-11-07 20:09:30,749-mp_log-INFO-美美昭妍提交成功
2018-11-07 20:09:31,306-mp_log-INFO-佐登妮丝提交成功
2018-11-07 20:09:31,787-mp_log-INFO-阿星国际提交成功
2018-11-07 20:09:32,338-mp_log-INFO-娇阑美颜提交成功
2018-11-07 20:09:32,919-mp_log-INFO-爱女士提交成功
2018-11-07 20:09:33,224-mp_log-INFO-PS智能美肤提交成功
2018-11-07 20:09:33,494-mp_log-INFO-艾妍整形提交成功
2018-11-07 20:09:34,258-mp_log-INFO-珍珍美容提交成功
2018-11-07 20:09:35,269-mp_log-INFO-巴黎情缘提交成功
2018-11-07 20:09:35,353-mp_log-INFO-百合春天提交成功
2018-11-07 20:09:35,716-mp_log-INFO-梅兰丽人提交成功
2018-11-07 20:09:36,331-mp_log-INFO-燕燕尊尚美容提交成功
2018-11-07 20:09:36,631-mp_log-INFO-雅致璇肌提交成功
2018-11-07 20:09:37,168-mp_log-INFO-诗露丽涵提交成功
2018-11-07 20:09:37,711-mp_log-INFO-东方仕典提交成功
2018-11-07 20:09:37,980-mp_log-INFO-韩流美美店提交成功
2018-11-07 20:09:38,572-mp_log-INFO-月瘦月美提交成功
2018-11-07 20:09:39,249-mp_log-INFO-年轻我可以提交成功
2018-11-07 20:09:39,575-mp_log-INFO-精工皇族提交成功
2018-11-07 20:09:40,587-mp_log-INFO-兴美源提交成功
2018-11-07 20:09:40,838-mp_log-INFO-明剪一秀提交成功
2018-11-07 20:09:41,109-mp_log-INFO-深圳丝客富提交成功
2018-11-07 20:09:41,867-mp_log-INFO-琉璃水城提交成功
2018-11-07 20:09:42,128-mp_log-INFO-栢草源提交成功
2018-11-07 20:09:42,658-mp_log-INFO-杭州东方整形提交成功
2018-11-07 20:09:43,508-mp_log-INFO-MMbeauty提交成功
2018-11-07 20:09:43,869-mp_log-INFO-靓佳人提交成功
2018-11-07 20:09:44,419-mp_log-INFO-妍雅媛提交成功
2018-11-07 20:09:44,675-mp_log-INFO-来了美韩尚恩提交成功
2018-11-07 20:09:44,875-mp_log-ERROR-涣美医疗提交失败
2018-11-07 20:09:45,111-mp_log-INFO-佰味女人提交成功
2018-11-07 20:09:45,573-mp_log-ERROR-呈悦医疗提交失败
2018-11-07 20:09:45,951-mp_log-ERROR-弘粹堂提交失败
2018-11-07 20:09:46,358-mp_log-INFO-百分国际美容提交成功
