2018-11-24 17:08:14,737-Getlogin-ERROR-'token'
2018-11-24 17:08:14,739-mp_log-INFO-token获取成功......
2018-11-24 17:08:25,955-mp_log-INFO-获取所有小程序信息成功......
2018-11-24 17:08:26,474-mp_log-INFO-获取最新模板信息成功.......
2018-11-24 17:08:28,570-mp_log-ERROR-GOGOBeauty操作失败,失败原因{'status': 500, 'msg': '此管理中心未授权开放平台'}
2018-11-24 17:08:29,299-mp_log-INFO-诺研皮肤管理模板操作成功,模板名称20181116 18.13 商家正式版
2018-11-24 17:08:29,358-mp_log-INFO-环亚美容模板操作成功,模板名称20181116 18.13 商家正式版
2018-11-24 17:08:29,576-mp_log-ERROR-sdfdsfdsf操作失败,失败原因{'status': 500, 'msg': '此管理中心未授权开放平台'}
2018-11-24 17:08:29,944-mp_log-INFO-芳妍美容模板操作成功,模板名称20181116 18.13 商家正式版
2018-11-24 17:08:30,676-mp_log-INFO-绿苑女子模板操作成功,模板名称20181116 18.13 商家正式版
2018-11-24 17:08:31,942-mp_log-INFO-伊之花美容模板操作成功,模板名称20181116 18.13 商家正式版
2018-11-24 17:08:32,383-mp_log-INFO-广州七号驻颜模板操作成功,模板名称20181116 18.13 商家正式版
2018-11-24 17:08:33,633-mp_log-INFO-曼奇莎模板操作成功,模板名称20181116 18.13 商家正式版
2018-11-24 17:08:34,057-mp_log-INFO-诗美逸模板操作成功,模板名称20181116 18.13 商家正式版
2018-11-24 17:08:34,160-mp_log-INFO-颐和美容模板操作成功,模板名称20181116 18.13 商家正式版
2018-11-24 17:08:34,355-mp_log-INFO-赫阁尔模板操作成功,模板名称20181116 18.13 商家正式版
2018-11-24 17:08:34,684-mp_log-INFO-草木缘模板操作成功,模板名称20181116 18.13 商家正式版
2018-11-24 17:08:35,545-mp_log-INFO-漂亮宝贝模板操作成功,模板名称20181116 18.13 商家正式版
2018-11-24 17:08:35,723-mp_log-INFO-梦颜科美模板操作成功,模板名称20181116 18.13 商家正式版
2018-11-24 17:08:36,295-mp_log-INFO-都市点点模板操作成功,模板名称20181116 18.13 商家正式版
2018-11-24 17:08:36,745-mp_log-INFO-来了美佳澜店模板操作成功,模板名称20181116 18.13 商家正式版
2018-11-24 17:08:37,482-mp_log-INFO-木子美甲美睫模板操作成功,模板名称20181116 18.13 商家正式版
2018-11-24 17:08:37,710-mp_log-INFO-润妃国际模板操作成功,模板名称20181116 18.13 商家正式版
2018-11-24 17:08:38,249-mp_log-INFO-灵动模板操作成功,模板名称20181116 18.13 商家正式版
2018-11-24 17:08:38,771-mp_log-INFO-康丽皇家模板操作成功,模板名称20181116 18.13 商家正式版
2018-11-24 17:08:39,355-mp_log-INFO-美丽驿站模板操作成功,模板名称20181116 18.13 商家正式版
2018-11-24 17:08:39,593-mp_log-ERROR-市场演示专用操作失败,失败原因{'status': 500, 'msg': '此管理中心未授权开放平台'}
2018-11-24 17:08:39,943-mp_log-INFO-美美昭彦模板操作成功,模板名称20181116 18.13 商家正式版
2018-11-24 17:08:40,305-mp_log-INFO-匠美JMBEAUTY模板操作成功,模板名称20181116 18.13 商家正式版
2018-11-24 17:08:40,593-mp_log-INFO-HB美尚荟模板操作成功,模板名称20181116 18.13 商家正式版
2018-11-24 17:08:41,722-mp_log-INFO-Youngface模板操作成功,模板名称20181116 18.13 商家正式版
2018-11-24 17:08:42,295-mp_log-INFO-爱睿熙国际模板操作成功,模板名称20181116 18.13 商家正式版
2018-11-24 17:08:42,834-mp_log-INFO-当今悦美模板操作成功,模板名称20181116 18.13 商家正式版
2018-11-24 17:08:43,253-mp_log-INFO-谦和国际模板操作成功,模板名称20181116 18.13 商家正式版
2018-11-24 17:08:43,804-mp_log-INFO-米蝶·快美吧模板操作成功,模板名称20181116 18.13 商家正式版
2018-11-24 17:08:44,237-mp_log-INFO-iBEATA贝娅塔模板操作成功,模板名称20181116 18.13 商家正式版
2018-11-24 17:08:44,719-mp_log-INFO-菲常美模板操作成功,模板名称20181116 18.13 商家正式版
2018-11-24 17:08:45,185-mp_log-INFO-当代经典模板操作成功,模板名称20181116 18.13 商家正式版
2018-11-24 17:08:45,718-mp_log-INFO-东方丽人模板操作成功,模板名称20181116 18.13 商家正式版
2018-11-24 17:08:46,142-mp_log-INFO-盛士兰模板操作成功,模板名称20181116 18.13 商家正式版
2018-11-24 17:08:47,097-mp_log-INFO-玫瑰坊模板操作成功,模板名称20181116 18.13 商家正式版
2018-11-24 17:08:47,193-mp_log-INFO-悠兰lyj模板操作成功,模板名称20181116 18.13 商家正式版
2018-11-24 17:08:47,834-mp_log-INFO-芊思雅莎莎模板操作成功,模板名称20181116 18.13 商家正式版
2018-11-24 17:08:48,336-mp_log-INFO-来就健康模板操作成功,模板名称20181116 18.13 商家正式版
2018-11-24 17:08:48,745-mp_log-INFO-恒美世纪模板操作成功,模板名称20181116 18.13 商家正式版
2018-11-24 17:08:49,112-mp_log-INFO-美人记Diary模板操作成功,模板名称20181116 18.13 商家正式版
2018-11-24 17:08:49,898-mp_log-INFO-美范·珺之屋模板操作成功,模板名称20181116 18.13 商家正式版
2018-11-24 17:08:50,401-mp_log-INFO-菲梵经典模板操作成功,模板名称20181116 18.13 商家正式版
2018-11-24 17:08:50,715-mp_log-INFO-悦芳泉SPA模板操作成功,模板名称20181116 18.13 商家正式版
2018-11-24 17:08:51,355-mp_log-INFO-爱美丽模板操作成功,模板名称20181116 18.13 商家正式版
2018-11-24 17:08:51,916-mp_log-INFO-漂亮如你模板操作成功,模板名称20181116 18.13 商家正式版
2018-11-24 17:08:52,285-mp_log-INFO-广西宝宝爱模板操作成功,模板名称20181116 18.13 商家正式版
2018-11-24 17:08:53,334-mp_log-INFO-虞诗蔓模板操作成功,模板名称20181116 18.13 商家正式版
2018-11-24 17:08:53,769-mp_log-INFO-Goonbeauty模板操作成功,模板名称20181116 18.13 商家正式版
2018-11-24 17:08:53,894-mp_log-INFO-唯艳美模板操作成功,模板名称20181116 18.13 商家正式版
2018-11-24 17:08:54,493-mp_log-INFO-吉美妍丽模板操作成功,模板名称20181116 18.13 商家正式版
2018-11-24 17:08:54,962-mp_log-INFO-雪依氏模板操作成功,模板名称20181116 18.13 商家正式版
2018-11-24 17:08:55,428-mp_log-INFO-书白美企模板操作成功,模板名称20181116 18.13 商家正式版
2018-11-24 17:08:55,944-mp_log-INFO-星美国际模板操作成功,模板名称20181116 18.13 商家正式版
2018-11-24 17:08:56,320-mp_log-INFO-霭伦恩美模板操作成功,模板名称20181116 18.13 商家正式版
2018-11-24 17:08:56,623-mp_log-INFO-来美吧模板操作成功,模板名称20181116 18.13 商家正式版
2018-11-24 17:08:57,556-mp_log-INFO-伊美朗模板操作成功,模板名称20181116 18.13 商家正式版
2018-11-24 17:08:57,709-mp_log-INFO-美美一生模板操作成功,模板名称20181116 18.13 商家正式版
2018-11-24 17:08:58,331-mp_log-INFO-佳婳天美模板操作成功,模板名称20181116 18.13 商家正式版
2018-11-24 17:08:58,798-mp_log-INFO-优年轻模板操作成功,模板名称20181116 18.13 商家正式版
2018-11-24 17:08:59,432-mp_log-INFO-易康国际模板操作成功,模板名称20181116 18.13 商家正式版
2018-11-24 17:08:59,769-mp_log-INFO-美美昭妍模板操作成功,模板名称20181116 18.13 商家正式版
2018-11-24 17:09:00,249-mp_log-INFO-佐登妮丝模板操作成功,模板名称20181116 18.13 商家正式版
2018-11-24 17:09:00,842-mp_log-INFO-阿星国际模板操作成功,模板名称20181116 18.13 商家正式版
2018-11-24 17:09:01,234-mp_log-INFO-娇阑美颜模板操作成功,模板名称20181116 18.13 商家正式版
2018-11-24 17:09:01,885-mp_log-INFO-爱女士模板操作成功,模板名称20181116 18.13 商家正式版
2018-11-24 17:09:02,270-mp_log-INFO-PS智能美肤模板操作成功,模板名称20181116 18.13 商家正式版
2018-11-24 17:09:02,843-mp_log-INFO-艾妍整形模板操作成功,模板名称20181116 18.13 商家正式版
2018-11-24 17:09:03,247-mp_log-INFO-珍珍美容模板操作成功,模板名称20181116 18.13 商家正式版
2018-11-24 17:09:03,789-mp_log-INFO-姿曼美容spa模板操作成功,模板名称20181116 18.13 商家正式版
2018-11-24 17:09:04,404-mp_log-INFO-巴黎情缘模板操作成功,模板名称20181116 18.13 商家正式版
2018-11-24 17:09:04,687-mp_log-INFO-百合春天模板操作成功,模板名称20181116 18.13 商家正式版
2018-11-24 17:09:05,414-mp_log-INFO-梅兰丽人模板操作成功,模板名称20181116 18.13 商家正式版
2018-11-24 17:09:06,001-mp_log-INFO-美由心生美惠模板操作成功,模板名称20181116 18.13 商家正式版
2018-11-24 17:09:06,340-mp_log-INFO-燕燕尊尚美容模板操作成功,模板名称20181116 18.13 商家正式版
2018-11-24 17:09:06,864-mp_log-INFO-雅致璇肌模板操作成功,模板名称20181116 18.13 商家正式版
2018-11-24 17:09:07,269-mp_log-INFO-诗露丽涵模板操作成功,模板名称20181116 18.13 商家正式版
2018-11-24 17:09:07,679-mp_log-INFO-东方仕典模板操作成功,模板名称20181116 18.13 商家正式版
2018-11-24 17:09:08,312-mp_log-INFO-韩流美美店模板操作成功,模板名称20181116 18.13 商家正式版
2018-11-24 17:09:08,748-mp_log-INFO-GOGO宝迪模板操作成功,模板名称20181116 18.13 商家正式版
2018-11-24 17:09:09,243-mp_log-INFO-月瘦月美模板操作成功,模板名称20181116 18.13 商家正式版
2018-11-24 17:09:09,809-mp_log-INFO-启程金典美业模板操作成功,模板名称20181116 18.13 商家正式版
2018-11-24 17:09:10,376-mp_log-INFO-年轻我可以模板操作成功,模板名称20181116 18.13 商家正式版
2018-11-24 17:09:10,789-mp_log-INFO-精工皇族模板操作成功,模板名称20181116 18.13 商家正式版
2018-11-24 17:09:11,350-mp_log-INFO-兴美源模板操作成功,模板名称20181116 18.13 商家正式版
2018-11-24 17:09:11,775-mp_log-INFO-明剪一秀模板操作成功,模板名称20181116 18.13 商家正式版
2018-11-24 17:09:12,306-mp_log-INFO-深圳丝客富模板操作成功,模板名称20181116 18.13 商家正式版
2018-11-24 17:09:12,762-mp_log-INFO-DuDuBeauty模板操作成功,模板名称20181116 18.13 商家正式版
2018-11-24 17:09:13,262-mp_log-INFO-琉璃水城模板操作成功,模板名称20181116 18.13 商家正式版
2018-11-24 17:09:13,724-mp_log-INFO-栢草源模板操作成功,模板名称20181116 18.13 商家正式版
2018-11-24 17:09:14,311-mp_log-INFO-杭州东方整形模板操作成功,模板名称20181116 18.13 商家正式版
2018-11-24 17:09:14,697-mp_log-INFO-ONI速美模板操作成功,模板名称20181116 18.13 商家正式版
2018-11-24 17:09:15,257-mp_log-INFO-YAN健康•美+模板操作成功,模板名称20181116 18.13 商家正式版
2018-11-24 17:09:16,018-mp_log-INFO-MMbeauty模板操作成功,模板名称20181116 18.13 商家正式版
2018-11-24 17:09:16,508-mp_log-INFO-美共享模板操作成功,模板名称20181116 18.13 商家正式版
2018-11-24 17:09:16,987-mp_log-INFO-靓佳人模板操作成功,模板名称20181116 18.13 商家正式版
2018-11-24 17:09:17,431-mp_log-INFO-ME智慧美店模板操作成功,模板名称20181116 18.13 商家正式版
2018-11-24 17:09:17,678-mp_log-INFO-二院美丽之约模板操作成功,模板名称20181116 18.13 商家正式版
2018-11-24 17:09:18,315-mp_log-INFO-紫舟美业模板操作成功,模板名称20181116 18.13 商家正式版
2018-11-24 17:09:18,723-mp_log-INFO-南洋beauty模板操作成功,模板名称20181116 18.13 商家正式版
2018-11-24 17:09:19,193-mp_log-INFO-阿芙洛蒂模板操作成功,模板名称20181116 18.13 商家正式版
2018-11-24 17:09:19,735-mp_log-INFO-来了美标榜店模板操作成功,模板名称20181116 18.13 商家正式版
2018-11-24 17:09:20,272-mp_log-INFO-美德福模板操作成功,模板名称20181116 18.13 商家正式版
2018-11-24 17:09:20,849-mp_log-INFO-岳灵生发模板操作成功,模板名称20181116 18.13 商家正式版
2018-11-24 17:09:22,186-mp_log-ERROR-光速美操作失败,失败原因{'status': 500, 'msg': '此管理中心未授权开放平台'}
2018-11-24 17:09:22,590-mp_log-INFO-美姿源模板操作成功,模板名称20181116 18.13 商家正式版
2018-11-24 17:09:22,743-mp_log-INFO-维多丽雅模板操作成功,模板名称20181116 18.13 商家正式版
2018-11-24 17:09:23,241-mp_log-INFO-雅典娜模板操作成功,模板名称20181116 18.13 商家正式版
2018-11-24 17:09:23,368-mp_log-INFO-妃香伊丹模板操作成功,模板名称20181116 18.13 商家正式版
2018-11-24 17:09:23,376-mp_log-INFO-杭州桐雅模板操作成功,模板名称20181116 18.13 商家正式版
2018-11-24 17:09:24,333-mp_log-INFO-张氏纳然姬朵模板操作成功,模板名称20181116 18.13 商家正式版
2018-11-24 17:09:24,593-mp_log-INFO-魅力华健模板操作成功,模板名称20181116 18.13 商家正式版
2018-11-24 17:09:25,225-mp_log-INFO-圣水伊人模板操作成功,模板名称20181116 18.13 商家正式版
2018-11-24 17:09:25,920-mp_log-INFO-窈窕淑女模板操作成功,模板名称20181116 18.13 商家正式版
2018-11-24 17:09:26,473-mp_log-INFO-绮莉尔智能美模板操作成功,模板名称20181116 18.13 商家正式版
2018-11-24 17:09:26,849-mp_log-INFO-香密雅CIMIA模板操作成功,模板名称20181116 18.13 商家正式版
2018-11-24 17:09:27,432-mp_log-INFO-妍雅媛模板操作成功,模板名称20181116 18.13 商家正式版
2018-11-24 17:09:27,784-mp_log-INFO-来了美模板操作成功,模板名称20181116 18.13 商家正式版
2018-11-24 17:09:28,448-mp_log-INFO-云立方模板操作成功,模板名称20181116 18.13 商家正式版
2018-11-24 17:09:28,831-mp_log-INFO-轻医美模板操作成功,模板名称20181116 18.13 商家正式版
2018-11-24 17:09:29,222-mp_log-INFO-世纪春天模板操作成功,模板名称20181116 18.13 商家正式版
2018-11-24 17:09:29,770-mp_log-INFO-贵妇人模板操作成功,模板名称20181116 18.13 商家正式版
2018-11-24 17:09:30,390-mp_log-INFO-BabyBeauty模板操作成功,模板名称20181116 18.13 商家正式版
2018-11-24 17:09:30,943-mp_log-INFO-奇遇青春模板操作成功,模板名称20181116 18.13 商家正式版
2018-11-24 17:09:31,338-mp_log-INFO-来了美韩尚恩模板操作成功,模板名称20181116 18.13 商家正式版
2018-11-24 17:09:31,809-mp_log-INFO-纤指百媚模板操作成功,模板名称20181116 18.13 商家正式版
2018-11-24 17:09:32,468-mp_log-INFO-美之颜模板操作成功,模板名称20181116 18.13 商家正式版
2018-11-24 17:09:32,836-mp_log-INFO-GOGOBeauty模板操作成功,模板名称20181116 18.13 商家正式版
2018-11-24 17:09:33,293-mp_log-INFO-贝琳菲美业模板操作成功,模板名称20181116 18.13 商家正式版
2018-11-24 17:09:33,912-mp_log-INFO-郦芙蓉beauty模板操作成功,模板名称20181116 18.13 商家正式版
2018-11-24 17:09:34,091-mp_log-ERROR-服务商账号操作失败,失败原因{'status': 'error', 'msg': 'component is not authorized by this account hint: [DuWN9a05823055]'}
2018-11-24 17:09:34,212-mp_log-INFO-氢颜轻奢美肤模板操作成功,模板名称20181116 18.13 商家正式版
2018-11-24 17:09:34,965-mp_log-INFO-玫香源模板操作成功,模板名称20181116 18.13 商家正式版
2018-11-24 17:09:35,977-mp_log-INFO-香住SPA模板操作成功,模板名称20181116 18.13 商家正式版
2018-11-24 17:09:36,225-mp_log-INFO-依蔻依美模板操作成功,模板名称20181116 18.13 商家正式版
2018-11-24 17:09:36,808-mp_log-INFO-佰味女人模板操作成功,模板名称20181116 18.13 商家正式版
2018-11-24 17:09:37,615-mp_log-INFO-黄氏百佳模板操作成功,模板名称20181116 18.13 商家正式版
2018-11-24 17:09:37,841-mp_log-INFO-创美雅香莱模板操作成功,模板名称20181116 18.13 商家正式版
2018-11-24 17:09:38,449-mp_log-INFO-艾面一族 模板操作成功,模板名称20181116 18.13 商家正式版
2018-11-24 17:09:38,939-mp_log-INFO-涣美医疗模板操作成功,模板名称20181116 18.13 商家正式版
2018-11-24 17:09:39,268-mp_log-INFO-植美SPA模板操作成功,模板名称20181116 18.13 商家正式版
2018-11-24 17:09:39,802-mp_log-INFO-曼姿模板操作成功,模板名称20181116 18.13 商家正式版
2018-11-24 17:09:40,685-mp_log-INFO-美丽九九模板操作成功,模板名称20181116 18.13 商家正式版
2018-11-24 17:09:40,971-mp_log-INFO-南国西子模板操作成功,模板名称20181116 18.13 商家正式版
2018-11-24 17:09:41,499-mp_log-INFO-百分国际美容模板操作成功,模板名称20181116 18.13 商家正式版
2018-11-24 17:09:41,862-mp_log-INFO-千颂伊美学中心模板操作成功,模板名称20181116 18.13 商家正式版
2018-11-24 17:09:42,623-mp_log-INFO-艾尚美美哒模板操作成功,模板名称20181116 18.13 商家正式版
2018-11-24 17:09:42,866-mp_log-INFO-玉颜堂模板操作成功,模板名称20181116 18.13 商家正式版
2018-11-24 17:09:43,618-mp_log-INFO-金美源模板操作成功,模板名称20181116 18.13 商家正式版
2018-11-24 17:09:43,972-mp_log-INFO-爱玛仕嘉模板操作成功,模板名称20181116 18.13 商家正式版
2018-11-24 17:09:44,307-mp_log-INFO-智能科技美店模板操作成功,模板名称20181116 18.13 商家正式版
2018-11-24 17:09:45,890-mp_log-INFO-欧妮薇模板操作成功,模板名称20181116 18.13 商家正式版
2018-11-24 17:09:46,257-mp_log-INFO-成都净美天使模板操作成功,模板名称20181116 18.13 商家正式版
2018-11-24 17:09:46,474-mp_log-INFO-IVY艾菲芭模板操作成功,模板名称20181116 18.13 商家正式版
2018-11-24 17:09:46,564-mp_log-INFO-美姿来就美模板操作成功,模板名称20181116 18.13 商家正式版
2018-11-24 17:09:46,860-mp_log-INFO-引导美体验店模板操作成功,模板名称20181116 18.13 商家正式版
2018-11-24 17:09:47,348-mp_log-INFO-来了美雲会所模板操作成功,模板名称20181116 18.13 商家正式版
2018-11-24 17:09:47,954-mp_log-INFO-SoBeauty模板操作成功,模板名称20181116 18.13 商家正式版
2018-11-24 17:09:48,478-mp_log-INFO-蒙妮莎新美容模板操作成功,模板名称20181116 18.13 商家正式版
2018-11-24 17:09:48,904-mp_log-INFO-筋生美模板操作成功,模板名称20181116 18.13 商家正式版
2018-11-24 17:09:49,386-mp_log-INFO-来了美美吧模板操作成功,模板名称20181116 18.13 商家正式版
2018-11-24 17:09:49,921-mp_log-INFO-金柏丽模板操作成功,模板名称20181116 18.13 商家正式版
2018-11-24 17:09:50,299-mp_log-INFO-长江九号模板操作成功,模板名称20181116 18.13 商家正式版
2018-11-24 17:09:51,001-mp_log-INFO-优文专业脱毛模板操作成功,模板名称20181116 18.13 商家正式版
2018-11-24 17:09:51,316-mp_log-INFO-天使国际模板操作成功,模板名称20181116 18.13 商家正式版
2018-11-24 17:09:51,732-mp_log-INFO-如生堂模板操作成功,模板名称20181116 18.13 商家正式版
2018-11-24 17:09:52,496-mp_log-INFO-梦田芳香Spa模板操作成功,模板名称20181116 18.13 商家正式版
2018-11-24 17:09:53,203-mp_log-INFO-贝施纤体模板操作成功,模板名称20181116 18.13 商家正式版
2018-11-24 17:09:53,599-mp_log-INFO-色彩纯姬模板操作成功,模板名称20181116 18.13 商家正式版
2018-11-24 17:09:54,192-mp_log-INFO-红妆倾城模板操作成功,模板名称20181116 18.13 商家正式版
2018-11-24 17:09:54,307-mp_log-INFO-丹阳圣莉斯歌模板操作成功,模板名称20181116 18.13 商家正式版
2018-11-24 17:09:55,108-mp_log-INFO-金贵人Beauty模板操作成功,模板名称20181116 18.13 商家正式版
2018-11-24 17:09:55,541-mp_log-INFO-芯语芳心模板操作成功,模板名称20181116 18.13 商家正式版
2018-11-24 17:09:56,009-mp_log-INFO-还原美模板操作成功,模板名称20181116 18.13 商家正式版
2018-11-24 17:09:56,832-mp_log-INFO-延颜美容模板操作成功,模板名称20181116 18.13 商家正式版
2018-11-24 17:09:56,937-mp_log-INFO-缘临医疗美容模板操作成功,模板名称20181116 18.13 商家正式版
2018-11-24 17:09:57,410-mp_log-INFO-梦圆皇宫模板操作成功,模板名称20181116 18.13 商家正式版
2018-11-24 17:09:57,843-mp_log-INFO-美了就来模板操作成功,模板名称20181116 18.13 商家正式版
2018-11-24 17:09:58,422-mp_log-INFO-恩雅模板操作成功,模板名称20181116 18.13 商家正式版
2018-11-24 17:09:59,080-mp_log-INFO-俏丽屋模板操作成功,模板名称20181116 18.13 商家正式版
2018-11-24 17:09:59,420-mp_log-INFO-YoungDream模板操作成功,模板名称20181116 18.13 商家正式版
2018-11-24 17:10:00,006-mp_log-INFO-DR美研博士模板操作成功,模板名称20181116 18.13 商家正式版
2018-11-24 17:10:00,696-mp_log-INFO-女秀才模板操作成功,模板名称20181116 18.13 商家正式版
2018-11-24 17:10:00,988-mp_log-INFO-東美人儿模板操作成功,模板名称20181116 18.13 商家正式版
2018-11-24 17:10:01,309-mp_log-INFO-承昱医疗模板操作成功,模板名称20181116 18.13 商家正式版
2018-11-24 17:10:01,857-mp_log-INFO-斓悦庭模板操作成功,模板名称20181116 18.13 商家正式版
2018-11-24 17:10:02,386-mp_log-INFO-美迩美整形模板操作成功,模板名称20181116 18.13 商家正式版
2018-11-24 17:10:02,821-mp_log-INFO-唯美童妍模板操作成功,模板名称20181116 18.13 商家正式版
2018-11-24 17:10:03,330-mp_log-INFO-BV美聚模板操作成功,模板名称20181116 18.13 商家正式版
2018-11-24 17:10:03,850-mp_log-INFO-健丽宝美容模板操作成功,模板名称20181116 18.13 商家正式版
2018-11-24 17:10:04,721-mp_log-INFO-掌上美管家A模板操作成功,模板名称20181116 18.13 商家正式版
2018-11-24 17:10:05,039-mp_log-INFO-博妍集美模板操作成功,模板名称20181116 18.13 商家正式版
2018-11-24 17:10:05,526-mp_log-INFO-雅涛世家模板操作成功,模板名称20181116 18.13 商家正式版
2018-11-24 17:10:05,876-mp_log-INFO-双妹美容模板操作成功,模板名称20181116 18.13 商家正式版
2018-11-24 17:10:06,338-mp_log-INFO-呈悦医疗模板操作成功,模板名称20181116 18.13 商家正式版
2018-11-24 17:10:06,873-mp_log-INFO-来了美千丝美模板操作成功,模板名称20181116 18.13 商家正式版
2018-11-24 17:10:07,413-mp_log-INFO-世纪之春模板操作成功,模板名称20181116 18.13 商家正式版
2018-11-24 17:10:07,956-mp_log-INFO-雅梵GO美模板操作成功,模板名称20181116 18.13 商家正式版
2018-11-24 17:10:08,501-mp_log-INFO-女主角美容模板操作成功,模板名称20181116 18.13 商家正式版
2018-11-24 17:10:08,869-mp_log-INFO-来了就体验账模板操作成功,模板名称20181116 18.13 商家正式版
2018-11-24 17:10:09,536-mp_log-INFO-弘粹堂模板操作成功,模板名称20181116 18.13 商家正式版
2018-11-24 17:10:09,831-mp_log-INFO-环球美容模板操作成功,模板名称20181116 18.13 商家正式版
2018-11-24 17:10:10,512-mp_log-INFO-乐聚模板操作成功,模板名称20181116 18.13 商家正式版
2018-11-24 17:10:10,910-mp_log-INFO-诗芙侬模板操作成功,模板名称20181116 18.13 商家正式版
2018-11-24 17:10:11,543-mp_log-INFO-沧州美美达模板操作成功,模板名称20181116 18.13 商家正式版
2018-11-24 17:10:11,903-mp_log-INFO-妮娜形象管理模板操作成功,模板名称20181116 18.13 商家正式版
2018-11-24 17:10:12,340-mp_log-INFO-赢美肌模板操作成功,模板名称20181116 18.13 商家正式版
2018-11-24 17:10:12,860-mp_log-INFO-馨境堂模板操作成功,模板名称20181116 18.13 商家正式版
2018-11-24 17:10:13,428-mp_log-INFO-良沐健康管理模板操作成功,模板名称20181116 18.13 商家正式版
2018-11-24 17:10:14,163-mp_log-INFO-果蔬美容模板操作成功,模板名称20181116 18.13 商家正式版
2018-11-24 17:10:14,531-mp_log-INFO-贝兰思模板操作成功,模板名称20181116 18.13 商家正式版
2018-11-24 17:10:14,984-mp_log-INFO-东方秀丽模板操作成功,模板名称20181116 18.13 商家正式版
2018-11-24 17:10:15,435-mp_log-INFO-缔罗嘉佳模板操作成功,模板名称20181116 18.13 商家正式版
2018-11-24 17:10:15,973-mp_log-INFO-文轩专业美容模板操作成功,模板名称20181116 18.13 商家正式版
2018-11-24 17:10:16,349-mp_log-INFO-欧丽薇模板操作成功,模板名称20181116 18.13 商家正式版
