2018-11-07 20:01:49,584-Getlogin-INFO-登录成功，获取mp端token.....
2018-11-07 20:01:49,586-mp_log-INFO-token获取成功......
2018-11-07 20:02:03,695-mp_log-INFO-获取所有小程序信息成功......
2018-11-07 20:02:04,866-mp_log-INFO-获取最新模板信息成功.......
2018-11-07 20:02:06,361-mp_log-INFO-已审核
2018-11-07 20:02:06,448-mp_log-INFO-已审核
2018-11-07 20:02:06,882-mp_log-INFO-已审核
2018-11-07 20:02:07,134-mp_log-INFO-已审核
2018-11-07 20:02:07,642-mp_log-INFO-已审核
2018-11-07 20:02:07,751-mp_log-INFO-已审核
2018-11-07 20:02:07,921-mp_log-INFO-已审核
2018-11-07 20:02:08,178-mp_log-INFO-审核失败
2018-11-07 20:02:08,576-mp_log-INFO-已审核
2018-11-07 20:02:08,766-mp_log-INFO-审核失败
2018-11-07 20:02:09,145-mp_log-INFO-已审核
2018-11-07 20:02:09,362-mp_log-INFO-审核失败
2018-11-07 20:02:10,739-mp_log-INFO-审核失败
2018-11-07 20:02:10,926-mp_log-INFO-已审核
2018-11-07 20:02:11,375-mp_log-INFO-审核失败
2018-11-07 20:02:11,376-mp_log-INFO-已审核
2018-11-07 20:02:12,257-mp_log-INFO-已审核
2018-11-07 20:02:12,342-mp_log-INFO-审核失败
2018-11-07 20:02:13,098-mp_log-INFO-审核失败
2018-11-07 20:02:13,199-mp_log-INFO-已审核
2018-11-07 20:02:13,442-mp_log-INFO-已审核
2018-11-07 20:02:13,446-mp_log-INFO-审核失败
2018-11-07 20:02:13,728-mp_log-INFO-已审核
2018-11-07 20:02:13,729-mp_log-INFO-已审核
2018-11-07 20:02:13,731-mp_log-INFO-审核失败
2018-11-07 20:02:13,904-mp_log-INFO-已审核
2018-11-07 20:02:14,151-mp_log-INFO-已审核
2018-11-07 20:02:14,329-mp_log-INFO-已审核
2018-11-07 20:02:14,504-mp_log-INFO-审核失败
2018-11-07 20:02:14,958-mp_log-INFO-已审核
2018-11-07 20:02:15,151-mp_log-INFO-审核失败
2018-11-07 20:02:15,850-mp_log-INFO-审核失败
2018-11-07 20:02:15,927-mp_log-INFO-审核失败
2018-11-07 20:02:16,121-mp_log-INFO-已审核
2018-11-07 20:02:16,262-mp_log-INFO-审核失败
2018-11-07 20:02:17,282-mp_log-INFO-已审核
2018-11-07 20:02:17,447-mp_log-INFO-审核失败
2018-11-07 20:02:17,979-mp_log-INFO-审核失败
2018-11-07 20:02:18,011-mp_log-INFO-已审核
2018-11-07 20:02:18,628-mp_log-INFO-已审核
2018-11-07 20:02:18,782-mp_log-INFO-已审核
2018-11-07 20:02:18,959-mp_log-INFO-已审核
