2018-12-14 10:32:01,349-Getlogin-ERROR-'token'
2018-12-14 10:32:01,351-mp_log-INFO-token获取成功......
2018-12-14 10:32:18,960-mp_log-INFO-获取所有小程序信息成功......
2018-12-14 10:32:19,437-mp_log-INFO-获取最新模板信息成功.......
2018-12-14 10:32:21,540-mp_log-ERROR-GOGOBeauty操作失败,失败原因{'status': 500, 'msg': '此管理中心未授权开放平台'}
2018-12-14 10:32:21,758-mp_log-INFO-环亚美容模板操作成功,模板名称12-14 10:11 商家最新版1.1.40
2018-12-14 10:32:22,353-mp_log-INFO-诺研皮肤管理模板操作成功,模板名称12-14 10:11 商家最新版1.1.40
2018-12-14 10:32:22,523-mp_log-ERROR-sdfdsfdsf操作失败,失败原因{'status': 500, 'msg': '此管理中心未授权开放平台'}
2018-12-14 10:32:22,648-mp_log-INFO-芳妍美容模板操作成功,模板名称12-14 10:11 商家最新版1.1.40
2018-12-14 10:32:23,585-mp_log-INFO-绿苑女子模板操作成功,模板名称12-14 10:11 商家最新版1.1.40
2018-12-14 10:32:24,626-mp_log-INFO-伊之花美容模板操作成功,模板名称12-14 10:11 商家最新版1.1.40
2018-12-14 10:32:25,175-mp_log-INFO-广州七号驻颜模板操作成功,模板名称12-14 10:11 商家最新版1.1.40
2018-12-14 10:32:25,604-mp_log-INFO-曼奇莎模板操作成功,模板名称12-14 10:11 商家最新版1.1.40
2018-12-14 10:32:26,311-mp_log-INFO-诗美逸模板操作成功,模板名称12-14 10:11 商家最新版1.1.40
2018-12-14 10:32:26,829-mp_log-INFO-颐和美容模板操作成功,模板名称12-14 10:11 商家最新版1.1.40
2018-12-14 10:32:27,153-mp_log-INFO-赫阁尔模板操作成功,模板名称12-14 10:11 商家最新版1.1.40
2018-12-14 10:32:27,561-mp_log-INFO-草木缘模板操作成功,模板名称12-14 10:11 商家最新版1.1.40
2018-12-14 10:32:28,248-mp_log-INFO-漂亮宝贝模板操作成功,模板名称12-14 10:11 商家最新版1.1.40
2018-12-14 10:32:28,562-mp_log-INFO-梦颜科美模板操作成功,模板名称12-14 10:11 商家最新版1.1.40
2018-12-14 10:32:29,132-mp_log-INFO-都市点点模板操作成功,模板名称12-14 10:11 商家最新版1.1.40
2018-12-14 10:32:29,737-mp_log-INFO-来了美佳澜店模板操作成功,模板名称12-14 10:11 商家最新版1.1.40
2018-12-14 10:32:30,310-mp_log-INFO-木子美甲美睫模板操作成功,模板名称12-14 10:11 商家最新版1.1.40
2018-12-14 10:32:30,621-mp_log-INFO-润妃国际模板操作成功,模板名称12-14 10:11 商家最新版1.1.40
2018-12-14 10:32:31,061-mp_log-INFO-灵动模板操作成功,模板名称12-14 10:11 商家最新版1.1.40
2018-12-14 10:32:31,567-mp_log-INFO-康丽皇家模板操作成功,模板名称12-14 10:11 商家最新版1.1.40
2018-12-14 10:32:32,123-mp_log-INFO-美丽驿站模板操作成功,模板名称12-14 10:11 商家最新版1.1.40
2018-12-14 10:32:32,550-mp_log-ERROR-市场演示专用操作失败,失败原因{'status': 500, 'msg': '此管理中心未授权开放平台'}
2018-12-14 10:32:32,663-mp_log-INFO-美美昭彦模板操作成功,模板名称12-14 10:11 商家最新版1.1.40
2018-12-14 10:32:33,288-mp_log-INFO-匠美JMBEAUTY模板操作成功,模板名称12-14 10:11 商家最新版1.1.40
2018-12-14 10:32:33,717-mp_log-INFO-HB美尚荟模板操作成功,模板名称12-14 10:11 商家最新版1.1.40
2018-12-14 10:32:34,738-mp_log-INFO-Youngface模板操作成功,模板名称12-14 10:11 商家最新版1.1.40
2018-12-14 10:32:35,146-mp_log-INFO-爱睿熙国际模板操作成功,模板名称12-14 10:11 商家最新版1.1.40
2018-12-14 10:32:35,790-mp_log-INFO-当今悦美模板操作成功,模板名称12-14 10:11 商家最新版1.1.40
2018-12-14 10:32:36,409-mp_log-INFO-谦和国际模板操作成功,模板名称12-14 10:11 商家最新版1.1.40
2018-12-14 10:32:36,649-mp_log-INFO-米蝶·快美吧模板操作成功,模板名称12-14 10:11 商家最新版1.1.40
2018-12-14 10:32:37,194-mp_log-INFO-iBEATA贝娅塔模板操作成功,模板名称12-14 10:11 商家最新版1.1.40
2018-12-14 10:32:37,630-mp_log-INFO-菲常美模板操作成功,模板名称12-14 10:11 商家最新版1.1.40
2018-12-14 10:32:38,407-mp_log-INFO-当代经典模板操作成功,模板名称12-14 10:11 商家最新版1.1.40
2018-12-14 10:32:38,746-mp_log-INFO-东方丽人模板操作成功,模板名称12-14 10:11 商家最新版1.1.40
2018-12-14 10:32:39,319-mp_log-INFO-盛士兰模板操作成功,模板名称12-14 10:11 商家最新版1.1.40
2018-12-14 10:32:40,088-mp_log-INFO-玫瑰坊模板操作成功,模板名称12-14 10:11 商家最新版1.1.40
2018-12-14 10:32:40,323-mp_log-INFO-悠兰lyj模板操作成功,模板名称12-14 10:11 商家最新版1.1.40
2018-12-14 10:32:40,914-mp_log-INFO-芊思雅莎莎模板操作成功,模板名称12-14 10:11 商家最新版1.1.40
2018-12-14 10:32:41,457-mp_log-INFO-来就健康模板操作成功,模板名称12-14 10:11 商家最新版1.1.40
2018-12-14 10:32:42,079-mp_log-INFO-恒美世纪模板操作成功,模板名称12-14 10:11 商家最新版1.1.40
2018-12-14 10:32:42,308-mp_log-INFO-美人记Diary模板操作成功,模板名称12-14 10:11 商家最新版1.1.40
2018-12-14 10:32:42,739-mp_log-INFO-美范·珺之屋模板操作成功,模板名称12-14 10:11 商家最新版1.1.40
2018-12-14 10:32:43,428-mp_log-INFO-菲梵经典模板操作成功,模板名称12-14 10:11 商家最新版1.1.40
2018-12-14 10:32:43,818-mp_log-INFO-悦芳泉SPA模板操作成功,模板名称12-14 10:11 商家最新版1.1.40
2018-12-14 10:32:44,223-mp_log-INFO-爱美丽模板操作成功,模板名称12-14 10:11 商家最新版1.1.40
2018-12-14 10:32:44,872-mp_log-INFO-漂亮如你模板操作成功,模板名称12-14 10:11 商家最新版1.1.40
2018-12-14 10:32:45,381-mp_log-INFO-广西宝宝爱模板操作成功,模板名称12-14 10:11 商家最新版1.1.40
2018-12-14 10:32:45,857-mp_log-INFO-虞诗蔓模板操作成功,模板名称12-14 10:11 商家最新版1.1.40
2018-12-14 10:32:46,529-mp_log-INFO-D5 season模板操作成功,模板名称12-14 10:11 商家最新版1.1.40
2018-12-14 10:32:46,935-mp_log-INFO-唯艳美模板操作成功,模板名称12-14 10:11 商家最新版1.1.40
2018-12-14 10:32:47,246-mp_log-INFO-吉美妍丽模板操作成功,模板名称12-14 10:11 商家最新版1.1.40
2018-12-14 10:32:47,861-mp_log-INFO-雪依氏模板操作成功,模板名称12-14 10:11 商家最新版1.1.40
2018-12-14 10:32:48,267-mp_log-INFO-书白美企模板操作成功,模板名称12-14 10:11 商家最新版1.1.40
2018-12-14 10:32:48,773-mp_log-INFO-星美国际模板操作成功,模板名称12-14 10:11 商家最新版1.1.40
2018-12-14 10:32:49,387-mp_log-INFO-霭伦恩美模板操作成功,模板名称12-14 10:11 商家最新版1.1.40
2018-12-14 10:32:49,914-mp_log-INFO-来美吧模板操作成功,模板名称12-14 10:11 商家最新版1.1.40
2018-12-14 10:32:50,389-mp_log-INFO-伊美朗模板操作成功,模板名称12-14 10:11 商家最新版1.1.40
2018-12-14 10:32:50,776-mp_log-INFO-美美一生模板操作成功,模板名称12-14 10:11 商家最新版1.1.40
2018-12-14 10:32:51,317-mp_log-INFO-佳婳天美模板操作成功,模板名称12-14 10:11 商家最新版1.1.40
2018-12-14 10:32:52,016-mp_log-INFO-兴美源模板操作成功,模板名称12-14 10:11 商家最新版1.1.40
2018-12-14 10:32:52,246-mp_log-INFO-优年轻模板操作成功,模板名称12-14 10:11 商家最新版1.1.40
2018-12-14 10:32:52,878-mp_log-INFO-易康国际模板操作成功,模板名称12-14 10:11 商家最新版1.1.40
2018-12-14 10:32:53,396-mp_log-INFO-美美昭妍模板操作成功,模板名称12-14 10:11 商家最新版1.1.40
2018-12-14 10:32:54,156-mp_log-INFO-佐登妮丝模板操作成功,模板名称12-14 10:11 商家最新版1.1.40
2018-12-14 10:32:54,539-mp_log-INFO-阿星国际模板操作成功,模板名称12-14 10:11 商家最新版1.1.40
2018-12-14 10:32:55,062-mp_log-INFO-娇阑美颜模板操作成功,模板名称12-14 10:11 商家最新版1.1.40
2018-12-14 10:32:55,450-mp_log-INFO-爱女士模板操作成功,模板名称12-14 10:11 商家最新版1.1.40
2018-12-14 10:32:56,096-mp_log-INFO-PS智能美肤模板操作成功,模板名称12-14 10:11 商家最新版1.1.40
2018-12-14 10:32:56,762-mp_log-INFO-艾妍整形模板操作成功,模板名称12-14 10:11 商家最新版1.1.40
2018-12-14 10:32:57,051-mp_log-INFO-珍珍美容模板操作成功,模板名称12-14 10:11 商家最新版1.1.40
2018-12-14 10:32:57,405-mp_log-INFO-姿曼美容spa模板操作成功,模板名称12-14 10:11 商家最新版1.1.40
2018-12-14 10:32:57,822-mp_log-INFO-巴黎情缘模板操作成功,模板名称12-14 10:11 商家最新版1.1.40
2018-12-14 10:32:58,132-mp_log-INFO-百合春天模板操作成功,模板名称12-14 10:11 商家最新版1.1.40
2018-12-14 10:32:58,849-mp_log-INFO-梅兰丽人模板操作成功,模板名称12-14 10:11 商家最新版1.1.40
2018-12-14 10:32:59,274-mp_log-INFO-美由心生模板操作成功,模板名称12-14 10:11 商家最新版1.1.40
2018-12-14 10:32:59,766-mp_log-INFO-燕燕尊尚美容模板操作成功,模板名称12-14 10:11 商家最新版1.1.40
2018-12-14 10:33:00,261-mp_log-INFO-雅致璇肌模板操作成功,模板名称12-14 10:11 商家最新版1.1.40
2018-12-14 10:33:00,843-mp_log-INFO-诗露丽涵模板操作成功,模板名称12-14 10:11 商家最新版1.1.40
2018-12-14 10:33:01,381-mp_log-INFO-东方仕典模板操作成功,模板名称12-14 10:11 商家最新版1.1.40
2018-12-14 10:33:01,857-mp_log-INFO-韩流美美店模板操作成功,模板名称12-14 10:11 商家最新版1.1.40
2018-12-14 10:33:02,558-mp_log-INFO-GOGO宝迪模板操作成功,模板名称12-14 10:11 商家最新版1.1.40
2018-12-14 10:33:03,039-mp_log-INFO-月瘦月美模板操作成功,模板名称12-14 10:11 商家最新版1.1.40
2018-12-14 10:33:03,334-mp_log-INFO-启程金典美业模板操作成功,模板名称12-14 10:11 商家最新版1.1.40
2018-12-14 10:33:03,776-mp_log-INFO-年轻我可以模板操作成功,模板名称12-14 10:11 商家最新版1.1.40
2018-12-14 10:33:04,536-mp_log-INFO-精工皇族模板操作成功,模板名称12-14 10:11 商家最新版1.1.40
2018-12-14 10:33:04,841-mp_log-INFO-明剪一秀模板操作成功,模板名称12-14 10:11 商家最新版1.1.40
2018-12-14 10:33:05,288-mp_log-INFO-深圳丝客富模板操作成功,模板名称12-14 10:11 商家最新版1.1.40
2018-12-14 10:33:05,895-mp_log-INFO-DuDuBeauty模板操作成功,模板名称12-14 10:11 商家最新版1.1.40
2018-12-14 10:33:06,655-mp_log-INFO-琉璃水城模板操作成功,模板名称12-14 10:11 商家最新版1.1.40
2018-12-14 10:33:06,852-mp_log-INFO-栢草源模板操作成功,模板名称12-14 10:11 商家最新版1.1.40
2018-12-14 10:33:07,319-mp_log-INFO-杭州东方整形模板操作成功,模板名称12-14 10:11 商家最新版1.1.40
2018-12-14 10:33:08,039-mp_log-INFO-ONI速美模板操作成功,模板名称12-14 10:11 商家最新版1.1.40
2018-12-14 10:33:08,350-mp_log-INFO-YAN健康•美+模板操作成功,模板名称12-14 10:11 商家最新版1.1.40
2018-12-14 10:33:08,852-mp_log-INFO-MMbeauty模板操作成功,模板名称12-14 10:11 商家最新版1.1.40
2018-12-14 10:33:09,376-mp_log-INFO-美共享模板操作成功,模板名称12-14 10:11 商家最新版1.1.40
2018-12-14 10:33:09,893-mp_log-INFO-靓佳人模板操作成功,模板名称12-14 10:11 商家最新版1.1.40
2018-12-14 10:33:10,267-mp_log-INFO-ME智慧美店模板操作成功,模板名称12-14 10:11 商家最新版1.1.40
2018-12-14 10:33:11,283-mp_log-INFO-二院美丽之约模板操作成功,模板名称12-14 10:11 商家最新版1.1.40
2018-12-14 10:33:11,603-mp_log-INFO-紫舟美业模板操作成功,模板名称12-14 10:11 商家最新版1.1.40
2018-12-14 10:33:11,802-mp_log-INFO-南洋beauty模板操作成功,模板名称12-14 10:11 商家最新版1.1.40
2018-12-14 10:33:12,408-mp_log-INFO-阿芙洛蒂模板操作成功,模板名称12-14 10:11 商家最新版1.1.40
2018-12-14 10:33:12,892-mp_log-INFO-来了美标榜店模板操作成功,模板名称12-14 10:11 商家最新版1.1.40
2018-12-14 10:33:13,331-mp_log-INFO-美德福模板操作成功,模板名称12-14 10:11 商家最新版1.1.40
2018-12-14 10:33:13,960-mp_log-INFO-岳灵生发模板操作成功,模板名称12-14 10:11 商家最新版1.1.40
2018-12-14 10:33:14,444-mp_log-INFO-美姿源模板操作成功,模板名称12-14 10:11 商家最新版1.1.40
2018-12-14 10:33:14,909-mp_log-INFO-维多丽雅模板操作成功,模板名称12-14 10:11 商家最新版1.1.40
2018-12-14 10:33:15,478-mp_log-INFO-雅典娜模板操作成功,模板名称12-14 10:11 商家最新版1.1.40
2018-12-14 10:33:15,786-mp_log-ERROR-光速美操作失败,失败原因{'status': 500, 'msg': '此管理中心未授权开放平台'}
2018-12-14 10:33:16,160-mp_log-INFO-杭州桐雅模板操作成功,模板名称12-14 10:11 商家最新版1.1.40
2018-12-14 10:33:16,761-mp_log-INFO-妃香伊丹模板操作成功,模板名称12-14 10:11 商家最新版1.1.40
2018-12-14 10:33:17,063-mp_log-INFO-王海棠养生馆模板操作成功,模板名称12-14 10:11 商家最新版1.1.40
2018-12-14 10:33:17,813-mp_log-INFO-张氏纳然姬朵模板操作成功,模板名称12-14 10:11 商家最新版1.1.40
2018-12-14 10:33:18,418-mp_log-INFO-魅力华健模板操作成功,模板名称12-14 10:11 商家最新版1.1.40
2018-12-14 10:33:19,597-mp_log-INFO-圣水伊人模板操作成功,模板名称12-14 10:11 商家最新版1.1.40
2018-12-14 10:33:19,808-mp_log-INFO-窈窕淑女模板操作成功,模板名称12-14 10:11 商家最新版1.1.40
2018-12-14 10:33:20,529-mp_log-INFO-绮莉尔智能美模板操作成功,模板名称12-14 10:11 商家最新版1.1.40
2018-12-14 10:33:20,572-mp_log-INFO-香密雅CIMIA模板操作成功,模板名称12-14 10:11 商家最新版1.1.40
2018-12-14 10:33:21,209-mp_log-INFO-来了美模板操作成功,模板名称12-14 10:11 商家最新版1.1.40
2018-12-14 10:33:21,319-mp_log-INFO-妍雅媛模板操作成功,模板名称12-14 10:11 商家最新版1.1.40
2018-12-14 10:33:21,770-mp_log-INFO-云立方模板操作成功,模板名称12-14 10:11 商家最新版1.1.40
2018-12-14 10:33:22,356-mp_log-INFO-轻医美模板操作成功,模板名称12-14 10:11 商家最新版1.1.40
2018-12-14 10:33:23,036-mp_log-INFO-世纪春天模板操作成功,模板名称12-14 10:11 商家最新版1.1.40
2018-12-14 10:33:23,416-mp_log-INFO-贵妇人模板操作成功,模板名称12-14 10:11 商家最新版1.1.40
2018-12-14 10:33:23,878-mp_log-INFO-BabyBeauty模板操作成功,模板名称12-14 10:11 商家最新版1.1.40
2018-12-14 10:33:24,542-mp_log-INFO-奇遇青春模板操作成功,模板名称12-14 10:11 商家最新版1.1.40
2018-12-14 10:33:24,720-mp_log-INFO-来了美韩尚恩模板操作成功,模板名称12-14 10:11 商家最新版1.1.40
2018-12-14 10:33:25,349-mp_log-INFO-纤指百媚模板操作成功,模板名称12-14 10:11 商家最新版1.1.40
2018-12-14 10:33:26,224-mp_log-INFO-美之颜模板操作成功,模板名称12-14 10:11 商家最新版1.1.40
2018-12-14 10:33:26,383-mp_log-INFO-GOGOBeauty模板操作成功,模板名称12-14 10:11 商家最新版1.1.40
2018-12-14 10:33:27,067-mp_log-INFO-贝琳菲美业模板操作成功,模板名称12-14 10:11 商家最新版1.1.40
2018-12-14 10:33:27,158-mp_log-ERROR-服务商账号操作失败,失败原因{'status': 'error', 'msg': 'component is not authorized by this account hint: [p6P_IA08142067]'}
2018-12-14 10:33:27,468-mp_log-INFO-郦芙蓉beauty模板操作成功,模板名称12-14 10:11 商家最新版1.1.40
2018-12-14 10:33:27,822-mp_log-INFO-玫香源模板操作成功,模板名称12-14 10:11 商家最新版1.1.40
2018-12-14 10:33:28,898-mp_log-INFO-香住SPA模板操作成功,模板名称12-14 10:11 商家最新版1.1.40
2018-12-14 10:33:29,331-mp_log-INFO-依蔻依美模板操作成功,模板名称12-14 10:11 商家最新版1.1.40
2018-12-14 10:33:29,751-mp_log-INFO-佰味女人模板操作成功,模板名称12-14 10:11 商家最新版1.1.40
2018-12-14 10:33:30,422-mp_log-INFO-黄氏百佳模板操作成功,模板名称12-14 10:11 商家最新版1.1.40
2018-12-14 10:33:31,362-mp_log-INFO-艾面一族 模板操作成功,模板名称12-14 10:11 商家最新版1.1.40
2018-12-14 10:33:31,634-mp_log-INFO-创美雅香莱模板操作成功,模板名称12-14 10:11 商家最新版1.1.40
2018-12-14 10:33:32,196-mp_log-INFO-涣美医疗模板操作成功,模板名称12-14 10:11 商家最新版1.1.40
2018-12-14 10:33:32,219-mp_log-INFO-植美SPA模板操作成功,模板名称12-14 10:11 商家最新版1.1.40
2018-12-14 10:33:33,594-mp_log-INFO-美丽九九模板操作成功,模板名称12-14 10:11 商家最新版1.1.40
2018-12-14 10:33:33,645-mp_log-INFO-曼姿模板操作成功,模板名称12-14 10:11 商家最新版1.1.40
2018-12-14 10:33:33,833-mp_log-INFO-南国西子模板操作成功,模板名称12-14 10:11 商家最新版1.1.40
2018-12-14 10:33:34,244-mp_log-INFO-百分国际美容模板操作成功,模板名称12-14 10:11 商家最新版1.1.40
2018-12-14 10:33:35,212-mp_log-INFO-千颂伊美学中心模板操作成功,模板名称12-14 10:11 商家最新版1.1.40
2018-12-14 10:33:35,283-mp_log-INFO-艾尚美美哒模板操作成功,模板名称12-14 10:11 商家最新版1.1.40
2018-12-14 10:33:35,920-mp_log-INFO-玉颜堂模板操作成功,模板名称12-14 10:11 商家最新版1.1.40
2018-12-14 10:33:36,321-mp_log-INFO-金美源模板操作成功,模板名称12-14 10:11 商家最新版1.1.40
2018-12-14 10:33:37,203-mp_log-INFO-爱玛仕嘉模板操作成功,模板名称12-14 10:11 商家最新版1.1.40
2018-12-14 10:33:37,371-mp_log-INFO-智能科技美店模板操作成功,模板名称12-14 10:11 商家最新版1.1.40
2018-12-14 10:33:37,756-mp_log-INFO-欧妮薇模板操作成功,模板名称12-14 10:11 商家最新版1.1.40
2018-12-14 10:33:38,415-mp_log-INFO-成都净美天使模板操作成功,模板名称12-14 10:11 商家最新版1.1.40
2018-12-14 10:33:38,755-mp_log-INFO-美姿来就美模板操作成功,模板名称12-14 10:11 商家最新版1.1.40
2018-12-14 10:33:39,266-mp_log-INFO-IVY艾菲芭模板操作成功,模板名称12-14 10:11 商家最新版1.1.40
2018-12-14 10:33:39,675-mp_log-INFO-引导美体验店模板操作成功,模板名称12-14 10:11 商家最新版1.1.40
2018-12-14 10:33:40,667-mp_log-INFO-来了美雲会所模板操作成功,模板名称12-14 10:11 商家最新版1.1.40
2018-12-14 10:33:41,031-mp_log-INFO-SoBeauty模板操作成功,模板名称12-14 10:11 商家最新版1.1.40
2018-12-14 10:33:41,354-mp_log-INFO-蒙妮莎新美容模板操作成功,模板名称12-14 10:11 商家最新版1.1.40
2018-12-14 10:33:41,921-mp_log-INFO-筋生美模板操作成功,模板名称12-14 10:11 商家最新版1.1.40
2018-12-14 10:33:42,422-mp_log-INFO-来了美美吧模板操作成功,模板名称12-14 10:11 商家最新版1.1.40
2018-12-14 10:33:43,109-mp_log-INFO-金柏丽模板操作成功,模板名称12-14 10:11 商家最新版1.1.40
2018-12-14 10:33:43,589-mp_log-INFO-长江九号模板操作成功,模板名称12-14 10:11 商家最新版1.1.40
2018-12-14 10:33:44,021-mp_log-INFO-优文专业脱毛模板操作成功,模板名称12-14 10:11 商家最新版1.1.40
2018-12-14 10:33:44,427-mp_log-INFO-天使国际模板操作成功,模板名称12-14 10:11 商家最新版1.1.40
2018-12-14 10:33:44,758-mp_log-INFO-如生堂模板操作成功,模板名称12-14 10:11 商家最新版1.1.40
2018-12-14 10:33:45,330-mp_log-INFO-梦田芳香Spa模板操作成功,模板名称12-14 10:11 商家最新版1.1.40
2018-12-14 10:33:46,089-mp_log-INFO-贝施纤体模板操作成功,模板名称12-14 10:11 商家最新版1.1.40
2018-12-14 10:33:46,411-mp_log-INFO-色彩纯姬模板操作成功,模板名称12-14 10:11 商家最新版1.1.40
2018-12-14 10:33:47,035-mp_log-INFO-红妆倾城模板操作成功,模板名称12-14 10:11 商家最新版1.1.40
2018-12-14 10:33:47,382-mp_log-INFO-丹阳圣莉斯歌模板操作成功,模板名称12-14 10:11 商家最新版1.1.40
2018-12-14 10:33:48,319-mp_log-INFO-芯语芳心模板操作成功,模板名称12-14 10:11 商家最新版1.1.40
2018-12-14 10:33:48,908-mp_log-INFO-还原美模板操作成功,模板名称12-14 10:11 商家最新版1.1.40
2018-12-14 10:33:49,473-mp_log-INFO-延颜美容模板操作成功,模板名称12-14 10:11 商家最新版1.1.40
2018-12-14 10:33:49,869-mp_log-INFO-缘临医疗美容模板操作成功,模板名称12-14 10:11 商家最新版1.1.40
2018-12-14 10:33:50,903-mp_log-INFO-美了就来模板操作成功,模板名称12-14 10:11 商家最新版1.1.40
2018-12-14 10:33:51,465-mp_log-INFO-梦圆皇宫模板操作成功,模板名称12-14 10:11 商家最新版1.1.40
2018-12-14 10:33:51,633-mp_log-INFO-恩雅模板操作成功,模板名称12-14 10:11 商家最新版1.1.40
2018-12-14 10:33:52,367-mp_log-INFO-董萍智慧美店模板操作成功,模板名称12-14 10:11 商家最新版1.1.40
2018-12-14 10:33:52,442-mp_log-INFO-俏丽屋模板操作成功,模板名称12-14 10:11 商家最新版1.1.40
2018-12-14 10:33:52,890-mp_log-INFO-YoungDream模板操作成功,模板名称12-14 10:11 商家最新版1.1.40
2018-12-14 10:33:53,587-mp_log-INFO-DR美研博士模板操作成功,模板名称12-14 10:11 商家最新版1.1.40
2018-12-14 10:33:54,088-mp_log-INFO-女秀才模板操作成功,模板名称12-14 10:11 商家最新版1.1.40
2018-12-14 10:33:54,539-mp_log-INFO-東美人儿模板操作成功,模板名称12-14 10:11 商家最新版1.1.40
2018-12-14 10:33:54,822-mp_log-INFO-承昱医疗模板操作成功,模板名称12-14 10:11 商家最新版1.1.40
2018-12-14 10:33:55,432-mp_log-INFO-斓悦庭模板操作成功,模板名称12-14 10:11 商家最新版1.1.40
2018-12-14 10:33:56,002-mp_log-INFO-美迩美整形模板操作成功,模板名称12-14 10:11 商家最新版1.1.40
2018-12-14 10:33:56,814-mp_log-INFO-唯美童妍模板操作成功,模板名称12-14 10:11 商家最新版1.1.40
2018-12-14 10:33:57,066-mp_log-INFO-BV美聚模板操作成功,模板名称12-14 10:11 商家最新版1.1.40
2018-12-14 10:33:57,423-mp_log-INFO-健丽宝美容模板操作成功,模板名称12-14 10:11 商家最新版1.1.40
2018-12-14 10:33:57,883-mp_log-INFO-掌上美管家A模板操作成功,模板名称12-14 10:11 商家最新版1.1.40
2018-12-14 10:33:58,583-mp_log-INFO-博妍集美模板操作成功,模板名称12-14 10:11 商家最新版1.1.40
2018-12-14 10:33:58,774-mp_log-INFO-雅涛世家模板操作成功,模板名称12-14 10:11 商家最新版1.1.40
2018-12-14 10:33:59,400-mp_log-INFO-双妹美容模板操作成功,模板名称12-14 10:11 商家最新版1.1.40
2018-12-14 10:34:00,134-mp_log-INFO-呈悦医疗模板操作成功,模板名称12-14 10:11 商家最新版1.1.40
2018-12-14 10:34:00,531-mp_log-INFO-来了美千丝美模板操作成功,模板名称12-14 10:11 商家最新版1.1.40
2018-12-14 10:34:00,836-mp_log-INFO-世纪之春模板操作成功,模板名称12-14 10:11 商家最新版1.1.40
2018-12-14 10:34:01,465-mp_log-INFO-雅梵GO美模板操作成功,模板名称12-14 10:11 商家最新版1.1.40
2018-12-14 10:34:01,964-mp_log-INFO-女主角美容模板操作成功,模板名称12-14 10:11 商家最新版1.1.40
2018-12-14 10:34:02,338-mp_log-INFO-来了就体验账模板操作成功,模板名称12-14 10:11 商家最新版1.1.40
2018-12-14 10:34:03,291-mp_log-INFO-弘粹堂模板操作成功,模板名称12-14 10:11 商家最新版1.1.40
2018-12-14 10:34:03,473-mp_log-INFO-环球美容模板操作成功,模板名称12-14 10:11 商家最新版1.1.40
2018-12-14 10:34:04,300-mp_log-INFO-乐聚模板操作成功,模板名称12-14 10:11 商家最新版1.1.40
2018-12-14 10:34:04,308-mp_log-INFO-诗芙侬模板操作成功,模板名称12-14 10:11 商家最新版1.1.40
2018-12-14 10:34:04,984-mp_log-INFO-沧州美美达模板操作成功,模板名称12-14 10:11 商家最新版1.1.40
2018-12-14 10:34:05,475-mp_log-INFO-妮娜形象管理模板操作成功,模板名称12-14 10:11 商家最新版1.1.40
2018-12-14 10:34:05,769-mp_log-INFO-赢美肌模板操作成功,模板名称12-14 10:11 商家最新版1.1.40
2018-12-14 10:34:06,429-mp_log-INFO-馨境堂模板操作成功,模板名称12-14 10:11 商家最新版1.1.40
2018-12-14 10:34:07,103-mp_log-INFO-良沐健康管理模板操作成功,模板名称12-14 10:11 商家最新版1.1.40
2018-12-14 10:34:07,493-mp_log-INFO-果蔬美容模板操作成功,模板名称12-14 10:11 商家最新版1.1.40
2018-12-14 10:34:07,818-mp_log-INFO-贝兰思模板操作成功,模板名称12-14 10:11 商家最新版1.1.40
2018-12-14 10:34:08,469-mp_log-INFO-东方秀丽模板操作成功,模板名称12-14 10:11 商家最新版1.1.40
2018-12-14 10:34:08,855-mp_log-INFO-缔罗嘉佳模板操作成功,模板名称12-14 10:11 商家最新版1.1.40
2018-12-14 10:34:09,422-mp_log-INFO-文轩专业美容模板操作成功,模板名称12-14 10:11 商家最新版1.1.40
2018-12-14 10:34:09,825-mp_log-INFO-欧丽薇模板操作成功,模板名称12-14 10:11 商家最新版1.1.40
