2018-12-01 19:21:44,366-Getlogin-ERROR-'token'
2018-12-01 19:21:44,367-mp_log-INFO-token获取成功......
2018-12-01 19:22:00,600-mp_log-INFO-获取所有小程序信息成功......
2018-12-01 19:22:01,114-mp_log-INFO-获取最新模板信息成功.......
2018-12-01 19:22:04,097-mp_log-INFO-环亚美容提交成功
2018-12-01 19:22:04,765-mp_log-INFO-诺研皮肤管理提交成功
2018-12-01 19:22:04,997-mp_log-INFO-芳妍美容提交成功
2018-12-01 19:22:05,894-mp_log-INFO-绿苑女子提交成功
2018-12-01 19:22:06,263-mp_log-INFO-伊之花美容提交成功
2018-12-01 19:22:06,730-mp_log-INFO-广州七号驻颜提交成功
2018-12-01 19:22:07,199-mp_log-INFO-曼奇莎提交成功
2018-12-01 19:22:07,763-mp_log-INFO-诗美逸提交成功
2018-12-01 19:22:08,345-mp_log-INFO-颐和美容提交成功
2018-12-01 19:22:08,758-mp_log-INFO-赫阁尔提交成功
2018-12-01 19:22:08,818-mp_log-ERROR-漂亮宝贝提交失败
2018-12-01 19:22:09,375-mp_log-INFO-草木缘提交成功
2018-12-01 19:22:10,191-mp_log-INFO-梦颜科美提交成功
2018-12-01 19:22:10,705-mp_log-INFO-都市点点提交成功
2018-12-01 19:22:11,172-mp_log-INFO-来了美佳澜店提交成功
2018-12-01 19:22:11,791-mp_log-INFO-木子美甲美睫提交成功
2018-12-01 19:22:12,110-mp_log-INFO-润妃国际提交成功
2018-12-01 19:22:12,658-mp_log-INFO-灵动提交成功
2018-12-01 19:22:13,060-mp_log-INFO-康丽皇家提交成功
2018-12-01 19:22:13,941-mp_log-INFO-美丽驿站提交成功
2018-12-01 19:22:14,286-mp_log-INFO-美美昭彦提交成功
2018-12-01 19:22:14,701-mp_log-INFO-匠美JMBEAUTY提交成功
2018-12-01 19:22:15,302-mp_log-INFO-HB美尚荟提交成功
2018-12-01 19:22:15,832-mp_log-INFO-Youngface提交成功
2018-12-01 19:22:17,226-mp_log-INFO-当今悦美提交成功
2018-12-01 19:22:17,241-mp_log-INFO-爱睿熙国际提交成功
2018-12-01 19:22:17,269-mp_log-INFO-谦和国际提交成功
2018-12-01 19:22:17,575-mp_log-INFO-米蝶·快美吧提交成功
2018-12-01 19:22:18,285-mp_log-INFO-iBEATA贝娅塔提交成功
2018-12-01 19:22:18,860-mp_log-INFO-菲常美提交成功
2018-12-01 19:22:19,434-mp_log-INFO-当代经典提交成功
2018-12-01 19:22:19,621-mp_log-INFO-东方丽人提交成功
2018-12-01 19:22:20,233-mp_log-INFO-盛士兰提交成功
2018-12-01 19:22:20,661-mp_log-INFO-玫瑰坊提交成功
2018-12-01 19:22:21,117-mp_log-INFO-悠兰lyj提交成功
2018-12-01 19:22:21,567-mp_log-INFO-芊思雅莎莎提交成功
2018-12-01 19:22:22,051-mp_log-INFO-来就健康提交成功
2018-12-01 19:22:22,255-mp_log-ERROR-美人记Diary提交失败
2018-12-01 19:22:22,853-mp_log-INFO-恒美世纪提交成功
2018-12-01 19:22:24,074-mp_log-INFO-美范·珺之屋提交成功
2018-12-01 19:22:24,181-mp_log-INFO-菲梵经典提交成功
2018-12-01 19:22:24,671-mp_log-INFO-悦芳泉SPA提交成功
2018-12-01 19:22:25,164-mp_log-INFO-爱美丽提交成功
2018-12-01 19:22:25,858-mp_log-INFO-漂亮如你提交成功
2018-12-01 19:22:26,677-mp_log-INFO-虞诗蔓提交成功
2018-12-01 19:22:26,893-mp_log-INFO-广西宝宝爱提交成功
2018-12-01 19:22:27,109-mp_log-INFO-Goonbeauty提交成功
2018-12-01 19:22:27,615-mp_log-INFO-唯艳美提交成功
2018-12-01 19:22:28,006-mp_log-INFO-吉美妍丽提交成功
2018-12-01 19:22:28,756-mp_log-INFO-雪依氏提交成功
2018-12-01 19:22:28,760-mp_log-ERROR-星美国际提交失败
2018-12-01 19:22:29,213-mp_log-INFO-书白美企提交成功
2018-12-01 19:22:30,332-mp_log-INFO-霭伦恩美提交成功
2018-12-01 19:22:30,658-mp_log-INFO-来美吧提交成功
2018-12-01 19:22:31,059-mp_log-INFO-伊美朗提交成功
2018-12-01 19:22:31,717-mp_log-INFO-美美一生提交成功
2018-12-01 19:22:32,523-mp_log-INFO-佳婳天美提交成功
2018-12-01 19:22:32,941-mp_log-INFO-兴美源提交成功
2018-12-01 19:22:33,047-mp_log-INFO-优年轻提交成功
2018-12-01 19:22:33,700-mp_log-INFO-易康国际提交成功
2018-12-01 19:22:34,136-mp_log-INFO-美美昭妍提交成功
2018-12-01 19:22:35,316-mp_log-INFO-佐登妮丝提交成功
2018-12-01 19:22:35,492-mp_log-INFO-阿星国际提交成功
2018-12-01 19:22:35,785-mp_log-INFO-娇阑美颜提交成功
2018-12-01 19:22:36,205-mp_log-INFO-爱女士提交成功
2018-12-01 19:22:36,789-mp_log-INFO-PS智能美肤提交成功
2018-12-01 19:22:37,208-mp_log-INFO-艾妍整形提交成功
2018-12-01 19:22:37,716-mp_log-INFO-珍珍美容提交成功
2018-12-01 19:22:38,265-mp_log-INFO-姿曼美容spa提交成功
2018-12-01 19:22:38,715-mp_log-INFO-巴黎情缘提交成功
2018-12-01 19:22:39,323-mp_log-INFO-百合春天提交成功
2018-12-01 19:22:39,898-mp_log-INFO-梅兰丽人提交成功
2018-12-01 19:22:40,012-mp_log-INFO-美由心生美惠提交成功
2018-12-01 19:22:40,804-mp_log-INFO-燕燕尊尚美容提交成功
2018-12-01 19:22:41,275-mp_log-INFO-雅致璇肌提交成功
2018-12-01 19:22:41,817-mp_log-INFO-诗露丽涵提交成功
2018-12-01 19:22:42,236-mp_log-ERROR-GOGO宝迪提交失败
2018-12-01 19:22:42,348-mp_log-INFO-东方仕典提交成功
2018-12-01 19:22:42,611-mp_log-INFO-韩流美美店提交成功
2018-12-01 19:22:43,874-mp_log-INFO-月瘦月美提交成功
2018-12-01 19:22:44,257-mp_log-INFO-启程金典美业提交成功
2018-12-01 19:22:44,690-mp_log-INFO-年轻我可以提交成功
2018-12-01 19:22:45,094-mp_log-INFO-精工皇族提交成功
2018-12-01 19:22:45,839-mp_log-INFO-明剪一秀提交成功
2018-12-01 19:22:46,051-mp_log-INFO-深圳丝客富提交成功
2018-12-01 19:22:46,661-mp_log-INFO-DuDuBeauty提交成功
2018-12-01 19:22:47,287-mp_log-INFO-琉璃水城提交成功
2018-12-01 19:22:47,617-mp_log-INFO-栢草源提交成功
2018-12-01 19:22:48,201-mp_log-INFO-杭州东方整形提交成功
2018-12-01 19:22:48,630-mp_log-INFO-ONI速美提交成功
2018-12-01 19:22:49,097-mp_log-INFO-YAN健康•美+提交成功
2018-12-01 19:22:49,825-mp_log-INFO-MMbeauty提交成功
2018-12-01 19:22:50,220-mp_log-INFO-美共享提交成功
2018-12-01 19:22:50,806-mp_log-INFO-靓佳人提交成功
2018-12-01 19:22:51,341-mp_log-INFO-ME智慧美店提交成功
2018-12-01 19:22:51,802-mp_log-INFO-二院美丽之约提交成功
2018-12-01 19:22:52,111-mp_log-INFO-紫舟美业提交成功
2018-12-01 19:22:52,581-mp_log-INFO-南洋beauty提交成功
2018-12-01 19:22:53,238-mp_log-INFO-阿芙洛蒂提交成功
2018-12-01 19:22:53,752-mp_log-INFO-来了美标榜店提交成功
2018-12-01 19:22:53,991-mp_log-INFO-美德福提交成功
2018-12-01 19:22:54,561-mp_log-INFO-岳灵生发提交成功
2018-12-01 19:22:55,109-mp_log-INFO-美姿源提交成功
2018-12-01 19:22:55,609-mp_log-INFO-维多丽雅提交成功
2018-12-01 19:22:56,343-mp_log-INFO-雅典娜提交成功
2018-12-01 19:22:56,770-mp_log-INFO-杭州桐雅提交成功
2018-12-01 19:22:57,301-mp_log-INFO-妃香伊丹提交成功
2018-12-01 19:22:58,053-mp_log-INFO-魅力华健提交成功
2018-12-01 19:22:58,101-mp_log-INFO-张氏纳然姬朵提交成功
2018-12-01 19:22:58,303-mp_log-ERROR-窈窕淑女提交失败
2018-12-01 19:22:58,658-mp_log-INFO-圣水伊人提交成功
2018-12-01 19:22:59,733-mp_log-INFO-绮莉尔智能美提交成功
2018-12-01 19:23:00,241-mp_log-INFO-香密雅CIMIA提交成功
2018-12-01 19:23:00,701-mp_log-INFO-妍雅媛提交成功
2018-12-01 19:23:01,343-mp_log-INFO-来了美提交成功
2018-12-01 19:23:01,637-mp_log-INFO-云立方提交成功
2018-12-01 19:23:02,716-mp_log-INFO-世纪春天提交成功
2018-12-01 19:23:03,095-mp_log-INFO-轻医美提交成功
2018-12-01 19:23:03,394-mp_log-INFO-贵妇人提交成功
2018-12-01 19:23:03,643-mp_log-INFO-BabyBeauty提交成功
2018-12-01 19:23:04,292-mp_log-INFO-奇遇青春提交成功
2018-12-01 19:23:04,672-mp_log-INFO-来了美韩尚恩提交成功
2018-12-01 19:23:05,285-mp_log-INFO-纤指百媚提交成功
2018-12-01 19:23:05,593-mp_log-INFO-美之颜提交成功
2018-12-01 19:23:06,025-mp_log-INFO-贝琳菲美业提交成功
2018-12-01 19:23:06,684-mp_log-INFO-郦芙蓉beauty提交成功
2018-12-01 19:23:06,917-mp_log-ERROR-服务商账号提交失败
2018-12-01 19:23:07,290-mp_log-INFO-氢颜轻奢美肤提交成功
2018-12-01 19:23:07,821-mp_log-INFO-玫香源提交成功
2018-12-01 19:23:08,836-mp_log-INFO-香住SPA提交成功
2018-12-01 19:23:09,198-mp_log-INFO-依蔻依美提交成功
2018-12-01 19:23:09,698-mp_log-INFO-佰味女人提交成功
2018-12-01 19:23:10,182-mp_log-INFO-黄氏百佳提交成功
2018-12-01 19:23:10,724-mp_log-INFO-创美雅香莱提交成功
2018-12-01 19:23:10,842-mp_log-ERROR-涣美医疗提交失败
2018-12-01 19:23:11,386-mp_log-INFO-艾面一族 提交成功
2018-12-01 19:23:12,180-mp_log-INFO-植美SPA提交成功
2018-12-01 19:23:12,791-mp_log-INFO-曼姿提交成功
2018-12-01 19:23:13,251-mp_log-INFO-美丽九九提交成功
2018-12-01 19:23:13,559-mp_log-INFO-南国西子提交成功
2018-12-01 19:23:14,289-mp_log-INFO-百分国际美容提交成功
2018-12-01 19:23:14,753-mp_log-INFO-千颂伊美学中心提交成功
2018-12-01 19:23:15,480-mp_log-INFO-艾尚美美哒提交成功
2018-12-01 19:23:15,819-mp_log-INFO-玉颜堂提交成功
2018-12-01 19:23:16,192-mp_log-INFO-金美源提交成功
2018-12-01 19:23:16,796-mp_log-INFO-爱玛仕嘉提交成功
2018-12-01 19:23:17,281-mp_log-INFO-智能科技美店提交成功
2018-12-01 19:23:17,847-mp_log-INFO-欧妮薇提交成功
2018-12-01 19:23:18,554-mp_log-INFO-成都净美天使提交成功
2018-12-01 19:23:18,689-mp_log-INFO-美姿来就美提交成功
2018-12-01 19:23:19,314-mp_log-INFO-IVY艾菲芭提交成功
2018-12-01 19:23:19,713-mp_log-INFO-来了美雲会所提交成功
2018-12-01 19:23:20,161-mp_log-INFO-SoBeauty提交成功
2018-12-01 19:23:20,843-mp_log-INFO-筋生美提交成功
2018-12-01 19:23:21,141-mp_log-INFO-来了美美吧提交成功
2018-12-01 19:23:21,579-mp_log-INFO-金柏丽提交成功
2018-12-01 19:23:22,285-mp_log-INFO-长江九号提交成功
2018-12-01 19:23:23,233-mp_log-INFO-优文专业脱毛提交成功
2018-12-01 19:23:23,306-mp_log-INFO-天使国际提交成功
2018-12-01 19:23:23,768-mp_log-INFO-如生堂提交成功
2018-12-01 19:23:24,259-mp_log-INFO-梦田芳香Spa提交成功
2018-12-01 19:23:24,819-mp_log-ERROR-红妆倾城提交失败
2018-12-01 19:23:24,880-mp_log-INFO-贝施纤体提交成功
2018-12-01 19:23:25,232-mp_log-INFO-色彩纯姬提交成功
2018-12-01 19:23:26,232-mp_log-INFO-丹阳圣莉斯歌提交成功
2018-12-01 19:23:26,613-mp_log-INFO-金贵人Beauty提交成功
2018-12-01 19:23:27,259-mp_log-INFO-芯语芳心提交成功
2018-12-01 19:23:27,943-mp_log-INFO-还原美提交成功
2018-12-01 19:23:28,133-mp_log-INFO-延颜美容提交成功
2018-12-01 19:23:28,690-mp_log-INFO-缘临医疗美容提交成功
2018-12-01 19:23:29,113-mp_log-INFO-梦圆皇宫提交成功
2018-12-01 19:23:29,759-mp_log-INFO-美了就来提交成功
2018-12-01 19:23:30,231-mp_log-INFO-恩雅提交成功
2018-12-01 19:23:30,578-mp_log-INFO-俏丽屋提交成功
2018-12-01 19:23:31,160-mp_log-INFO-YoungDream提交成功
2018-12-01 19:23:31,818-mp_log-INFO-DR美研博士提交成功
2018-12-01 19:23:32,199-mp_log-INFO-女秀才提交成功
2018-12-01 19:23:32,638-mp_log-INFO-東美人儿提交成功
2018-12-01 19:23:33,142-mp_log-INFO-承昱医疗提交成功
2018-12-01 19:23:33,880-mp_log-INFO-斓悦庭提交成功
2018-12-01 19:23:34,287-mp_log-INFO-美迩美整形提交成功
2018-12-01 19:23:34,817-mp_log-INFO-唯美童妍提交成功
2018-12-01 19:23:35,282-mp_log-INFO-BV美聚提交成功
2018-12-01 19:23:35,341-mp_log-ERROR-掌上美管家A提交失败
2018-12-01 19:23:35,608-mp_log-INFO-健丽宝美容提交成功
2018-12-01 19:23:36,995-mp_log-INFO-博妍集美提交成功
2018-12-01 19:23:37,287-mp_log-INFO-雅涛世家提交成功
2018-12-01 19:23:37,412-mp_log-ERROR-呈悦医疗提交失败
2018-12-01 19:23:37,768-mp_log-INFO-双妹美容提交成功
2018-12-01 19:23:39,022-mp_log-INFO-来了美千丝美提交成功
2018-12-01 19:23:39,424-mp_log-INFO-世纪之春提交成功
2018-12-01 19:23:39,787-mp_log-INFO-雅梵GO美提交成功
2018-12-01 19:23:39,806-mp_log-ERROR-弘粹堂提交失败
2018-12-01 19:23:40,130-mp_log-INFO-女主角美容提交成功
2018-12-01 19:23:41,185-mp_log-INFO-环球美容提交成功
2018-12-01 19:23:41,857-mp_log-INFO-乐聚提交成功
2018-12-01 19:23:42,174-mp_log-INFO-诗芙侬提交成功
2018-12-01 19:23:42,352-mp_log-ERROR-妮娜形象管理提交失败
2018-12-01 19:23:42,872-mp_log-INFO-沧州美美达提交成功
2018-12-01 19:23:43,735-mp_log-INFO-赢美肌提交成功
2018-12-01 19:23:44,267-mp_log-INFO-馨境堂提交成功
2018-12-01 19:23:44,769-mp_log-INFO-良沐健康管理提交成功
2018-12-01 19:23:45,426-mp_log-INFO-果蔬美容提交成功
2018-12-01 19:23:45,722-mp_log-INFO-贝兰思提交成功
2018-12-01 19:23:46,446-mp_log-INFO-东方秀丽提交成功
2018-12-01 19:23:46,684-mp_log-INFO-缔罗嘉佳提交成功
2018-12-01 19:23:47,310-mp_log-INFO-文轩专业美容提交成功
2018-12-01 19:23:47,794-mp_log-INFO-欧丽薇提交成功
