2018-12-12 19:31:52,079-Getlogin-ERROR-'token'
2018-12-12 19:31:52,081-mp_log-INFO-token获取成功......
2018-12-12 19:32:10,585-mp_log-INFO-获取所有小程序信息成功......
2018-12-12 19:32:11,096-mp_log-INFO-获取最新模板信息成功.......
2018-12-12 19:32:13,238-mp_log-INFO-环亚美容模板操作成功,模板名称12-12 18:16 商家最新版1.1.39
2018-12-12 19:32:13,794-mp_log-INFO-诺研皮肤管理模板操作成功,模板名称12-12 18:16 商家最新版1.1.39
2018-12-12 19:32:14,241-mp_log-INFO-绿苑女子模板操作成功,模板名称12-12 18:16 商家最新版1.1.39
2018-12-12 19:32:14,692-mp_log-INFO-广州七号驻颜模板操作成功,模板名称12-12 18:16 商家最新版1.1.39
2018-12-12 19:32:15,217-mp_log-INFO-曼奇莎模板操作成功,模板名称12-12 18:16 商家最新版1.1.39
2018-12-12 19:32:15,789-mp_log-INFO-诗美逸模板操作成功,模板名称12-12 18:16 商家最新版1.1.39
2018-12-12 19:32:16,146-mp_log-INFO-颐和美容模板操作成功,模板名称12-12 18:16 商家最新版1.1.39
2018-12-12 19:32:16,625-mp_log-INFO-草木缘模板操作成功,模板名称12-12 18:16 商家最新版1.1.39
2018-12-12 19:32:17,326-mp_log-INFO-梦颜科美模板操作成功,模板名称12-12 18:16 商家最新版1.1.39
2018-12-12 19:32:17,842-mp_log-INFO-来了美佳澜店模板操作成功,模板名称12-12 18:16 商家最新版1.1.39
2018-12-12 19:32:18,211-mp_log-INFO-润妃国际模板操作成功,模板名称12-12 18:16 商家最新版1.1.39
2018-12-12 19:32:18,868-mp_log-INFO-灵动模板操作成功,模板名称12-12 18:16 商家最新版1.1.39
2018-12-12 19:32:19,147-mp_log-INFO-康丽皇家模板操作成功,模板名称12-12 18:16 商家最新版1.1.39
2018-12-12 19:32:19,856-mp_log-INFO-iBEATA贝娅塔模板操作成功,模板名称12-12 18:16 商家最新版1.1.39
2018-12-12 19:32:20,144-mp_log-INFO-玫瑰坊模板操作成功,模板名称12-12 18:16 商家最新版1.1.39
2018-12-12 19:32:20,907-mp_log-INFO-芊思雅莎莎模板操作成功,模板名称12-12 18:16 商家最新版1.1.39
2018-12-12 19:32:21,376-mp_log-INFO-恒美世纪模板操作成功,模板名称12-12 18:16 商家最新版1.1.39
2018-12-12 19:32:21,738-mp_log-INFO-漂亮如你模板操作成功,模板名称12-12 18:16 商家最新版1.1.39
2018-12-12 19:32:22,394-mp_log-INFO-雪依氏模板操作成功,模板名称12-12 18:16 商家最新版1.1.39
2018-12-12 19:32:22,698-mp_log-INFO-星美国际模板操作成功,模板名称12-12 18:16 商家最新版1.1.39
2018-12-12 19:32:23,375-mp_log-INFO-霭伦恩美模板操作成功,模板名称12-12 18:16 商家最新版1.1.39
2018-12-12 19:32:23,796-mp_log-INFO-佳婳天美模板操作成功,模板名称12-12 18:16 商家最新版1.1.39
2018-12-12 19:32:24,647-mp_log-INFO-佐登妮丝模板操作成功,模板名称12-12 18:16 商家最新版1.1.39
2018-12-12 19:32:24,710-mp_log-INFO-娇阑美颜模板操作成功,模板名称12-12 18:16 商家最新版1.1.39
2018-12-12 19:32:25,217-mp_log-INFO-爱女士模板操作成功,模板名称12-12 18:16 商家最新版1.1.39
2018-12-12 19:32:25,951-mp_log-INFO-艾妍整形模板操作成功,模板名称12-12 18:16 商家最新版1.1.39
2018-12-12 19:32:26,654-mp_log-INFO-珍珍美容模板操作成功,模板名称12-12 18:16 商家最新版1.1.39
2018-12-12 19:32:26,871-mp_log-INFO-姿曼美容spa模板操作成功,模板名称12-12 18:16 商家最新版1.1.39
2018-12-12 19:32:27,527-mp_log-INFO-百合春天模板操作成功,模板名称12-12 18:16 商家最新版1.1.39
2018-12-12 19:32:27,944-mp_log-INFO-梅兰丽人模板操作成功,模板名称12-12 18:16 商家最新版1.1.39
2018-12-12 19:32:28,348-mp_log-INFO-东方仕典模板操作成功,模板名称12-12 18:16 商家最新版1.1.39
2018-12-12 19:32:28,959-mp_log-INFO-明剪一秀模板操作成功,模板名称12-12 18:16 商家最新版1.1.39
2018-12-12 19:32:29,211-mp_log-INFO-杭州东方整形模板操作成功,模板名称12-12 18:16 商家最新版1.1.39
2018-12-12 19:32:29,733-mp_log-INFO-美共享模板操作成功,模板名称12-12 18:16 商家最新版1.1.39
2018-12-12 19:32:30,191-mp_log-INFO-南洋beauty模板操作成功,模板名称12-12 18:16 商家最新版1.1.39
2018-12-12 19:32:30,842-mp_log-INFO-云立方模板操作成功,模板名称12-12 18:16 商家最新版1.1.39
2018-12-12 19:32:31,344-mp_log-INFO-佰味女人模板操作成功,模板名称12-12 18:16 商家最新版1.1.39
2018-12-12 19:32:31,851-mp_log-INFO-黄氏百佳模板操作成功,模板名称12-12 18:16 商家最新版1.1.39
2018-12-12 19:32:32,390-mp_log-INFO-艾尚美美哒模板操作成功,模板名称12-12 18:16 商家最新版1.1.39
2018-12-12 19:32:32,779-mp_log-INFO-玉颜堂模板操作成功,模板名称12-12 18:16 商家最新版1.1.39
2018-12-12 19:32:33,339-mp_log-INFO-美姿来就美模板操作成功,模板名称12-12 18:16 商家最新版1.1.39
2018-12-12 19:32:33,867-mp_log-INFO-来了美雲会所模板操作成功,模板名称12-12 18:16 商家最新版1.1.39
2018-12-12 19:32:34,323-mp_log-INFO-长江九号模板操作成功,模板名称12-12 18:16 商家最新版1.1.39
2018-12-12 19:32:34,867-mp_log-INFO-天使国际模板操作成功,模板名称12-12 18:16 商家最新版1.1.39
2018-12-12 19:32:35,382-mp_log-INFO-如生堂模板操作成功,模板名称12-12 18:16 商家最新版1.1.39
2018-12-12 19:32:36,122-mp_log-INFO-梦田芳香Spa模板操作成功,模板名称12-12 18:16 商家最新版1.1.39
2018-12-12 19:32:36,386-mp_log-INFO-红妆倾城模板操作成功,模板名称12-12 18:16 商家最新版1.1.39
2018-12-12 19:32:36,886-mp_log-INFO-丹阳圣莉斯歌模板操作成功,模板名称12-12 18:16 商家最新版1.1.39
2018-12-12 19:32:37,418-mp_log-INFO-金贵人Beauty模板操作成功,模板名称12-12 18:16 商家最新版1.1.39
2018-12-12 19:32:37,982-mp_log-INFO-芯语芳心模板操作成功,模板名称12-12 18:16 商家最新版1.1.39
2018-12-12 19:32:38,313-mp_log-INFO-还原美模板操作成功,模板名称12-12 18:16 商家最新版1.1.39
2018-12-12 19:32:38,962-mp_log-INFO-延颜美容模板操作成功,模板名称12-12 18:16 商家最新版1.1.39
2018-12-12 19:32:39,417-mp_log-INFO-美迩美整形模板操作成功,模板名称12-12 18:16 商家最新版1.1.39
2018-12-12 19:32:39,933-mp_log-INFO-唯美童妍模板操作成功,模板名称12-12 18:16 商家最新版1.1.39
2018-12-12 19:32:40,341-mp_log-INFO-乐聚模板操作成功,模板名称12-12 18:16 商家最新版1.1.39
2018-12-12 19:32:40,798-mp_log-INFO-良沐健康管理模板操作成功,模板名称12-12 18:16 商家最新版1.1.39
