2018-12-12 19:21:36,041-Getlogin-ERROR-'token'
2018-12-12 19:21:36,045-mp_log-INFO-token获取成功......
2018-12-12 19:21:55,357-mp_log-INFO-获取所有小程序信息成功......
2018-12-12 19:21:55,884-mp_log-INFO-获取最新模板信息成功.......
2018-12-12 19:21:57,302-mp_log-INFO-审核失败
2018-12-12 19:21:57,781-mp_log-INFO-审核失败
2018-12-12 19:21:57,869-mp_log-INFO-已审核
2018-12-12 19:21:58,418-mp_log-INFO-审核失败
2018-12-12 19:21:59,009-mp_log-INFO-已审核
2018-12-12 19:21:59,294-mp_log-INFO-审核失败
2018-12-12 19:21:59,507-mp_log-INFO-审核失败
2018-12-12 19:22:00,241-mp_log-INFO-审核失败
2018-12-12 19:22:00,334-mp_log-INFO-审核失败
2018-12-12 19:22:00,507-mp_log-INFO-已审核
2018-12-12 19:22:00,729-mp_log-INFO-审核失败
2018-12-12 19:22:01,197-mp_log-INFO-已审核
2018-12-12 19:22:01,421-mp_log-INFO-审核失败
2018-12-12 19:22:01,869-mp_log-INFO-已审核
2018-12-12 19:22:02,038-mp_log-INFO-审核失败
2018-12-12 19:22:02,313-mp_log-INFO-已审核
2018-12-12 19:22:02,597-mp_log-INFO-审核失败
2018-12-12 19:22:02,978-mp_log-INFO-审核失败
2018-12-12 19:22:03,164-mp_log-INFO-审核失败
2018-12-12 19:22:03,439-mp_log-INFO-已审核
2018-12-12 19:22:03,712-mp_log-INFO-已审核
2018-12-12 19:22:04,285-mp_log-INFO-已审核
2018-12-12 19:22:04,410-mp_log-INFO-已审核
2018-12-12 19:22:04,943-mp_log-INFO-已审核
2018-12-12 19:22:05,331-mp_log-INFO-已审核
2018-12-12 19:22:05,606-mp_log-INFO-已审核
2018-12-12 19:22:05,860-mp_log-INFO-已审核
2018-12-12 19:22:06,133-mp_log-INFO-已审核
2018-12-12 19:22:06,435-mp_log-INFO-审核失败
2018-12-12 19:22:06,802-mp_log-INFO-已审核
2018-12-12 19:22:07,183-mp_log-INFO-已审核
2018-12-12 19:22:07,328-mp_log-INFO-已审核
2018-12-12 19:22:07,697-mp_log-INFO-已审核
2018-12-12 19:22:08,045-mp_log-INFO-审核失败
2018-12-12 19:22:08,235-mp_log-INFO-已审核
2018-12-12 19:22:08,625-mp_log-INFO-审核失败
2018-12-12 19:22:08,870-mp_log-INFO-已审核
2018-12-12 19:22:09,393-mp_log-INFO-审核失败
2018-12-12 19:22:09,466-mp_log-INFO-已审核
2018-12-12 19:22:09,799-mp_log-INFO-已审核
2018-12-12 19:22:10,006-mp_log-INFO-已审核
2018-12-12 19:22:10,401-mp_log-INFO-已审核
2018-12-12 19:22:10,674-mp_log-INFO-已审核
2018-12-12 19:22:10,962-mp_log-INFO-审核失败
2018-12-12 19:22:11,295-mp_log-INFO-已审核
2018-12-12 19:22:11,558-mp_log-INFO-已审核
2018-12-12 19:22:11,797-mp_log-INFO-已审核
2018-12-12 19:22:12,175-mp_log-INFO-已审核
2018-12-12 19:22:12,438-mp_log-INFO-已审核
2018-12-12 19:22:12,753-mp_log-INFO-审核失败
2018-12-12 19:22:13,048-mp_log-INFO-已审核
2018-12-12 19:22:13,430-mp_log-INFO-审核失败
2018-12-12 19:22:13,724-mp_log-INFO-审核失败
2018-12-12 19:22:13,918-mp_log-INFO-已审核
2018-12-12 19:22:14,269-mp_log-INFO-已审核
2018-12-12 19:22:14,452-mp_log-INFO-已审核
2018-12-12 19:22:14,868-mp_log-INFO-审核失败
2018-12-12 19:22:15,204-mp_log-INFO-已审核
2018-12-12 19:22:15,486-mp_log-INFO-已审核
2018-12-12 19:22:15,743-mp_log-INFO-已审核
2018-12-12 19:22:16,133-mp_log-INFO-已审核
2018-12-12 19:22:16,510-mp_log-INFO-审核失败
2018-12-12 19:22:16,715-mp_log-INFO-已审核
2018-12-12 19:22:16,971-mp_log-INFO-审核失败
2018-12-12 19:22:17,249-mp_log-INFO-审核失败
2018-12-12 19:22:17,595-mp_log-INFO-已审核
2018-12-12 19:22:17,934-mp_log-INFO-审核失败
2018-12-12 19:22:18,151-mp_log-INFO-审核失败
2018-12-12 19:22:18,450-mp_log-INFO-审核失败
2018-12-12 19:22:18,812-mp_log-INFO-已审核
2018-12-12 19:22:19,096-mp_log-INFO-审核失败
2018-12-12 19:22:19,383-mp_log-INFO-审核失败
2018-12-12 19:22:19,719-mp_log-INFO-已审核
2018-12-12 19:22:20,026-mp_log-INFO-已审核
2018-12-12 19:22:20,239-mp_log-INFO-已审核
2018-12-12 19:22:20,658-mp_log-INFO-已审核
2018-12-12 19:22:20,903-mp_log-INFO-审核失败
2018-12-12 19:22:21,223-mp_log-INFO-已审核
2018-12-12 19:22:21,624-mp_log-INFO-已审核
2018-12-12 19:22:21,788-mp_log-INFO-已审核
2018-12-12 19:22:22,179-mp_log-INFO-已审核
2018-12-12 19:22:22,453-mp_log-INFO-已审核
2018-12-12 19:22:22,850-mp_log-INFO-已审核
2018-12-12 19:22:22,986-mp_log-INFO-审核失败
2018-12-12 19:22:23,283-mp_log-INFO-已审核
2018-12-12 19:22:23,657-mp_log-INFO-已审核
2018-12-12 19:22:23,932-mp_log-INFO-已审核
2018-12-12 19:22:24,388-mp_log-INFO-已审核
2018-12-12 19:22:24,874-mp_log-INFO-已审核
2018-12-12 19:22:24,878-mp_log-INFO-审核失败
2018-12-12 19:22:25,077-mp_log-INFO-已审核
2018-12-12 19:22:25,402-mp_log-INFO-已审核
2018-12-12 19:22:25,673-mp_log-INFO-审核失败
2018-12-12 19:22:26,043-mp_log-INFO-已审核
2018-12-12 19:22:26,440-mp_log-INFO-已审核
2018-12-12 19:22:26,670-mp_log-INFO-已审核
2018-12-12 19:22:26,956-mp_log-INFO-已审核
2018-12-12 19:22:27,196-mp_log-INFO-审核失败
2018-12-12 19:22:27,617-mp_log-INFO-已审核
2018-12-12 19:22:27,913-mp_log-INFO-已审核
2018-12-12 19:22:28,161-mp_log-INFO-已审核
2018-12-12 19:22:28,412-mp_log-INFO-已审核
2018-12-12 19:22:28,779-mp_log-INFO-已审核
2018-12-12 19:22:29,031-mp_log-INFO-已审核
2018-12-12 19:22:29,295-mp_log-INFO-已审核
2018-12-12 19:22:29,714-mp_log-INFO-已审核
2018-12-12 19:22:29,926-mp_log-INFO-已审核
2018-12-12 19:22:30,372-mp_log-INFO-已审核
2018-12-12 19:22:30,826-mp_log-INFO-已审核
2018-12-12 19:22:31,135-mp_log-INFO-已审核
2018-12-12 19:22:31,476-mp_log-INFO-已审核
2018-12-12 19:22:31,878-mp_log-INFO-已审核
2018-12-12 19:22:31,986-mp_log-INFO-已审核
2018-12-12 19:22:32,424-mp_log-INFO-已审核
2018-12-12 19:22:32,810-mp_log-INFO-已审核
2018-12-12 19:22:32,963-mp_log-INFO-已审核
2018-12-12 19:22:33,238-mp_log-INFO-审核失败
2018-12-12 19:22:33,641-mp_log-INFO-已审核
2018-12-12 19:22:33,811-mp_log-INFO-已审核
2018-12-12 19:22:34,192-mp_log-INFO-已审核
2018-12-12 19:22:34,466-mp_log-INFO-已审核
2018-12-12 19:22:34,744-mp_log-INFO-已审核
2018-12-12 19:22:35,118-mp_log-INFO-已审核
2018-12-12 19:22:35,649-mp_log-INFO-已审核
2018-12-12 19:22:35,802-mp_log-INFO-已审核
2018-12-12 19:22:35,940-mp_log-INFO-已审核
2018-12-12 19:22:36,422-mp_log-INFO-已审核
2018-12-12 19:22:36,562-mp_log-INFO-已审核
2018-12-12 19:22:36,956-mp_log-INFO-已审核
2018-12-12 19:22:37,402-mp_log-INFO-已审核
2018-12-12 19:22:37,770-mp_log-INFO-已审核
2018-12-12 19:22:38,228-mp_log-INFO-审核失败
2018-12-12 19:22:38,588-mp_log-INFO-审核失败
2018-12-12 19:22:38,617-mp_log-INFO-已审核
2018-12-12 19:22:39,128-mp_log-INFO-已审核
2018-12-12 19:22:39,232-mp_log-INFO-已审核
2018-12-12 19:22:39,533-mp_log-INFO-已审核
2018-12-12 19:22:39,795-mp_log-INFO-已审核
2018-12-12 19:22:40,172-mp_log-INFO-已审核
2018-12-12 19:22:40,473-mp_log-INFO-已审核
2018-12-12 19:22:40,807-mp_log-INFO-已审核
2018-12-12 19:22:41,095-mp_log-INFO-已审核
2018-12-12 19:22:41,451-mp_log-INFO-审核失败
2018-12-12 19:22:41,721-mp_log-INFO-审核失败
2018-12-12 19:22:42,051-mp_log-INFO-已审核
2018-12-12 19:22:42,261-mp_log-INFO-已审核
2018-12-12 19:22:42,600-mp_log-INFO-已审核
2018-12-12 19:22:42,847-mp_log-INFO-已审核
2018-12-12 19:22:43,185-mp_log-INFO-已审核
2018-12-12 19:22:43,494-mp_log-INFO-审核失败
2018-12-12 19:22:43,823-mp_log-INFO-已审核
2018-12-12 19:22:44,066-mp_log-INFO-已审核
2018-12-12 19:22:44,387-mp_log-INFO-审核失败
2018-12-12 19:22:44,726-mp_log-INFO-已审核
2018-12-12 19:22:44,929-mp_log-INFO-已审核
2018-12-12 19:22:45,319-mp_log-INFO-已审核
2018-12-12 19:22:45,573-mp_log-INFO-已审核
2018-12-12 19:22:45,833-mp_log-INFO-已审核
2018-12-12 19:22:46,165-mp_log-INFO-审核失败
2018-12-12 19:22:46,531-mp_log-INFO-已审核
2018-12-12 19:22:47,005-mp_log-INFO-审核失败
2018-12-12 19:22:47,012-mp_log-INFO-审核失败
2018-12-12 19:22:47,460-mp_log-INFO-审核失败
2018-12-12 19:22:47,677-mp_log-INFO-已审核
2018-12-12 19:22:47,977-mp_log-INFO-已审核
2018-12-12 19:22:48,281-mp_log-INFO-审核失败
2018-12-12 19:22:48,613-mp_log-INFO-审核失败
2018-12-12 19:22:48,926-mp_log-INFO-审核失败
2018-12-12 19:22:49,227-mp_log-INFO-审核失败
2018-12-12 19:22:49,505-mp_log-INFO-审核失败
2018-12-12 19:22:49,807-mp_log-INFO-审核失败
2018-12-12 19:22:50,083-mp_log-INFO-已审核
2018-12-12 19:22:50,346-mp_log-INFO-已审核
2018-12-12 19:22:50,677-mp_log-INFO-已审核
2018-12-12 19:22:50,969-mp_log-INFO-已审核
2018-12-12 19:22:51,400-mp_log-INFO-审核中
2018-12-12 19:22:51,672-mp_log-INFO-已审核
2018-12-12 19:22:51,966-mp_log-INFO-已审核
2018-12-12 19:22:52,262-mp_log-INFO-已审核
2018-12-12 19:22:52,784-mp_log-INFO-已审核
2018-12-12 19:22:52,992-mp_log-INFO-已审核
2018-12-12 19:22:53,199-mp_log-INFO-已审核
2018-12-12 19:22:53,439-mp_log-INFO-已审核
2018-12-12 19:22:53,736-mp_log-INFO-审核失败
2018-12-12 19:22:54,059-mp_log-INFO-审核失败
2018-12-12 19:22:54,389-mp_log-INFO-已审核
2018-12-12 19:22:54,672-mp_log-INFO-已审核
2018-12-12 19:22:54,978-mp_log-INFO-已审核
2018-12-12 19:22:55,228-mp_log-INFO-已审核
2018-12-12 19:22:55,620-mp_log-INFO-已审核
2018-12-12 19:22:56,070-mp_log-INFO-审核中
2018-12-12 19:22:56,292-mp_log-INFO-已审核
2018-12-12 19:22:56,457-mp_log-INFO-已审核
2018-12-12 19:22:56,915-mp_log-INFO-已审核
2018-12-12 19:22:57,283-mp_log-INFO-已审核
2018-12-12 19:22:57,565-mp_log-INFO-已审核
2018-12-12 19:22:57,829-mp_log-INFO-审核中
2018-12-12 19:22:57,958-mp_log-INFO-审核中
2018-12-12 19:22:58,273-mp_log-INFO-已审核
2018-12-12 19:22:58,548-mp_log-INFO-审核失败
2018-12-12 19:22:58,814-mp_log-INFO-已审核
2018-12-12 19:22:59,311-mp_log-INFO-已审核
2018-12-12 19:22:59,588-mp_log-INFO-已审核
2018-12-12 19:22:59,970-mp_log-INFO-已审核
2018-12-12 19:23:00,115-mp_log-INFO-已审核
2018-12-12 19:23:00,281-mp_log-INFO-审核失败
2018-12-12 19:23:00,631-mp_log-INFO-已审核
2018-12-12 19:23:01,054-mp_log-INFO-已审核
2018-12-12 19:23:01,228-mp_log-INFO-已审核
2018-12-12 19:23:01,581-mp_log-INFO-已审核
2018-12-12 19:23:01,841-mp_log-INFO-已审核
2018-12-12 19:23:02,065-mp_log-INFO-已审核
