2018-12-04 20:58:07,530-Getlogin-ERROR-'token'
2018-12-04 20:58:07,532-mp_log-INFO-token获取成功......
2018-12-04 20:58:31,047-mp_log-INFO-获取所有小程序信息成功......
2018-12-04 20:58:31,443-mp_log-INFO-获取最新模板信息成功.......
2018-12-04 20:58:32,411-mp_log-INFO-审核失败
2018-12-04 20:58:32,977-mp_log-INFO-审核失败
2018-12-04 20:58:33,281-mp_log-INFO-已审核
2018-12-04 20:58:33,991-mp_log-INFO-审核失败
2018-12-04 20:58:34,591-mp_log-INFO-已审核
2018-12-04 20:58:34,941-mp_log-INFO-审核失败
2018-12-04 20:58:35,342-mp_log-INFO-审核失败
2018-12-04 20:58:35,512-mp_log-INFO-审核失败
2018-12-04 20:58:36,089-mp_log-INFO-已审核
2018-12-04 20:58:36,199-mp_log-INFO-审核失败
2018-12-04 20:58:36,419-mp_log-INFO-审核失败
2018-12-04 20:58:36,733-mp_log-INFO-已审核
2018-12-04 20:58:37,316-mp_log-INFO-审核失败
2018-12-04 20:58:37,408-mp_log-INFO-已审核
2018-12-04 20:58:37,929-mp_log-INFO-审核失败
2018-12-04 20:58:38,304-mp_log-INFO-已审核
2018-12-04 20:58:38,728-mp_log-INFO-审核失败
2018-12-04 20:58:39,019-mp_log-INFO-审核失败
2018-12-04 20:58:39,430-mp_log-INFO-审核失败
2018-12-04 20:58:39,993-mp_log-INFO-已审核
2018-12-04 20:58:40,074-mp_log-INFO-已审核
2018-12-04 20:58:41,175-mp_log-INFO-已审核
2018-12-04 20:58:41,289-mp_log-INFO-已审核
2018-12-04 20:58:41,900-mp_log-INFO-已审核
2018-12-04 20:58:43,279-mp_log-INFO-已审核
2018-12-04 20:58:43,482-mp_log-INFO-已审核
2018-12-04 20:58:43,690-mp_log-INFO-已审核
2018-12-04 20:58:44,007-mp_log-INFO-已审核
2018-12-04 20:58:44,337-mp_log-INFO-审核失败
2018-12-04 20:58:44,683-mp_log-INFO-已审核
2018-12-04 20:58:44,962-mp_log-INFO-已审核
2018-12-04 20:58:45,330-mp_log-INFO-已审核
2018-12-04 20:58:45,583-mp_log-INFO-已审核
2018-12-04 20:58:45,801-mp_log-INFO-审核失败
2018-12-04 20:58:46,198-mp_log-INFO-已审核
2018-12-04 20:58:46,455-mp_log-INFO-审核失败
2018-12-04 20:58:46,732-mp_log-INFO-已审核
2018-12-04 20:58:47,093-mp_log-INFO-审核失败
2018-12-04 20:58:47,394-mp_log-INFO-已审核
2018-12-04 20:58:47,687-mp_log-INFO-已审核
2018-12-04 20:58:47,981-mp_log-INFO-已审核
2018-12-04 20:58:48,288-mp_log-INFO-已审核
2018-12-04 20:58:48,610-mp_log-INFO-已审核
2018-12-04 20:58:48,880-mp_log-INFO-审核失败
2018-12-04 20:58:49,163-mp_log-INFO-已审核
2018-12-04 20:58:49,546-mp_log-INFO-已审核
2018-12-04 20:58:49,788-mp_log-INFO-已审核
2018-12-04 20:58:50,226-mp_log-INFO-已审核
2018-12-04 20:58:50,348-mp_log-INFO-已审核
2018-12-04 20:58:50,735-mp_log-INFO-审核失败
2018-12-04 20:58:51,014-mp_log-INFO-已审核
2018-12-04 20:58:51,310-mp_log-INFO-审核失败
2018-12-04 20:58:51,712-mp_log-INFO-审核失败
2018-12-04 20:58:51,946-mp_log-INFO-已审核
2018-12-04 20:58:52,223-mp_log-INFO-已审核
2018-12-04 20:58:52,502-mp_log-INFO-已审核
2018-12-04 20:58:52,821-mp_log-INFO-审核失败
2018-12-04 20:58:53,200-mp_log-INFO-已审核
2018-12-04 20:58:53,412-mp_log-INFO-已审核
2018-12-04 20:58:53,766-mp_log-INFO-已审核
2018-12-04 20:58:54,136-mp_log-INFO-已审核
2018-12-04 20:58:54,406-mp_log-INFO-审核失败
2018-12-04 20:58:54,682-mp_log-INFO-已审核
2018-12-04 20:58:55,018-mp_log-INFO-审核失败
2018-12-04 20:58:55,204-mp_log-INFO-审核失败
2018-12-04 20:58:55,628-mp_log-INFO-已审核
2018-12-04 20:58:55,878-mp_log-INFO-审核失败
2018-12-04 20:58:56,201-mp_log-INFO-审核失败
2018-12-04 20:58:56,477-mp_log-INFO-审核失败
2018-12-04 20:58:56,806-mp_log-INFO-已审核
2018-12-04 20:58:57,102-mp_log-INFO-审核失败
2018-12-04 20:58:57,428-mp_log-INFO-审核失败
2018-12-04 20:58:57,705-mp_log-INFO-已审核
2018-12-04 20:58:58,046-mp_log-INFO-已审核
2018-12-04 20:58:58,357-mp_log-INFO-已审核
2018-12-04 20:58:58,759-mp_log-INFO-已审核
2018-12-04 20:58:59,034-mp_log-INFO-审核失败
2018-12-04 20:58:59,242-mp_log-INFO-已审核
2018-12-04 20:58:59,648-mp_log-INFO-已审核
2018-12-04 20:58:59,911-mp_log-INFO-已审核
2018-12-04 20:59:00,104-mp_log-INFO-已审核
2018-12-04 20:59:00,443-mp_log-INFO-已审核
2018-12-04 20:59:00,747-mp_log-INFO-已审核
2018-12-04 20:59:01,071-mp_log-INFO-审核失败
2018-12-04 20:59:01,394-mp_log-INFO-已审核
2018-12-04 20:59:01,656-mp_log-INFO-已审核
2018-12-04 20:59:01,857-mp_log-INFO-已审核
2018-12-04 20:59:02,174-mp_log-INFO-已审核
2018-12-04 20:59:02,676-mp_log-INFO-审核失败
2018-12-04 20:59:03,028-mp_log-INFO-已审核
2018-12-04 20:59:03,127-mp_log-INFO-已审核
2018-12-04 20:59:03,356-mp_log-INFO-已审核
2018-12-04 20:59:03,663-mp_log-INFO-审核失败
2018-12-04 20:59:03,956-mp_log-INFO-已审核
2018-12-04 20:59:04,298-mp_log-INFO-已审核
2018-12-04 20:59:04,606-mp_log-INFO-已审核
2018-12-04 20:59:04,925-mp_log-INFO-已审核
2018-12-04 20:59:05,159-mp_log-INFO-审核失败
2018-12-04 20:59:05,518-mp_log-INFO-已审核
2018-12-04 20:59:05,766-mp_log-INFO-已审核
2018-12-04 20:59:06,070-mp_log-INFO-已审核
2018-12-04 20:59:06,326-mp_log-INFO-已审核
2018-12-04 20:59:06,666-mp_log-INFO-已审核
2018-12-04 20:59:07,001-mp_log-INFO-已审核
2018-12-04 20:59:07,276-mp_log-INFO-已审核
2018-12-04 20:59:07,609-mp_log-INFO-已审核
2018-12-04 20:59:07,901-mp_log-INFO-已审核
2018-12-04 20:59:08,577-mp_log-INFO-已审核
2018-12-04 20:59:08,718-mp_log-INFO-已审核
2018-12-04 20:59:09,141-mp_log-INFO-已审核
2018-12-04 20:59:09,530-mp_log-INFO-已审核
2018-12-04 20:59:09,777-mp_log-INFO-已审核
2018-12-04 20:59:09,999-mp_log-INFO-已审核
2018-12-04 20:59:10,279-mp_log-INFO-已审核
2018-12-04 20:59:10,714-mp_log-INFO-已审核
2018-12-04 20:59:10,961-mp_log-INFO-审核失败
2018-12-04 20:59:11,226-mp_log-INFO-已审核
2018-12-04 20:59:11,783-mp_log-INFO-已审核
2018-12-04 20:59:12,122-mp_log-INFO-已审核
2018-12-04 20:59:12,140-mp_log-INFO-已审核
2018-12-04 20:59:12,427-mp_log-INFO-已审核
2018-12-04 20:59:12,704-mp_log-INFO-已审核
2018-12-04 20:59:12,997-mp_log-INFO-已审核
2018-12-04 20:59:13,325-mp_log-INFO-已审核
2018-12-04 20:59:13,672-mp_log-INFO-已审核
2018-12-04 20:59:13,903-mp_log-INFO-已审核
2018-12-04 20:59:14,243-mp_log-INFO-已审核
2018-12-04 20:59:14,545-mp_log-INFO-已审核
2018-12-04 20:59:14,837-mp_log-INFO-已审核
2018-12-04 20:59:15,527-mp_log-INFO-已审核
2018-12-04 20:59:15,743-mp_log-INFO-已审核
2018-12-04 20:59:16,093-mp_log-INFO-审核失败
2018-12-04 20:59:16,620-mp_log-INFO-审核失败
2018-12-04 20:59:16,678-mp_log-INFO-已审核
2018-12-04 20:59:16,977-mp_log-INFO-已审核
2018-12-04 20:59:17,233-mp_log-INFO-已审核
2018-12-04 20:59:17,516-mp_log-INFO-已审核
2018-12-04 20:59:17,876-mp_log-INFO-已审核
2018-12-04 20:59:18,276-mp_log-INFO-已审核
2018-12-04 20:59:18,479-mp_log-INFO-已审核
2018-12-04 20:59:18,846-mp_log-INFO-已审核
2018-12-04 20:59:19,273-mp_log-INFO-已审核
2018-12-04 20:59:19,394-mp_log-INFO-审核失败
2018-12-04 20:59:20,560-mp_log-INFO-审核失败
2018-12-04 20:59:20,607-mp_log-INFO-已审核
2018-12-04 20:59:21,000-mp_log-INFO-已审核
2018-12-04 20:59:21,642-mp_log-INFO-已审核
2018-12-04 20:59:21,954-mp_log-INFO-已审核
2018-12-04 20:59:22,157-mp_log-INFO-已审核
2018-12-04 20:59:22,934-mp_log-INFO-审核失败
2018-12-04 20:59:23,614-mp_log-INFO-已审核
2018-12-04 20:59:23,876-mp_log-INFO-已审核
2018-12-04 20:59:24,322-mp_log-INFO-审核失败
2018-12-04 20:59:24,550-mp_log-INFO-已审核
2018-12-04 20:59:24,849-mp_log-INFO-已审核
2018-12-04 20:59:25,072-mp_log-INFO-已审核
2018-12-04 20:59:25,467-mp_log-INFO-已审核
2018-12-04 20:59:25,699-mp_log-INFO-已审核
2018-12-04 20:59:26,125-mp_log-INFO-审核失败
2018-12-04 20:59:26,297-mp_log-INFO-已审核
2018-12-04 20:59:26,606-mp_log-INFO-审核失败
2018-12-04 20:59:26,848-mp_log-INFO-审核失败
2018-12-04 20:59:27,237-mp_log-INFO-审核失败
2018-12-04 20:59:27,539-mp_log-INFO-已审核
2018-12-04 20:59:27,807-mp_log-INFO-已审核
2018-12-04 20:59:28,094-mp_log-INFO-审核失败
2018-12-04 20:59:28,375-mp_log-INFO-审核失败
2018-12-04 20:59:28,679-mp_log-INFO-审核失败
2018-12-04 20:59:29,032-mp_log-INFO-审核失败
2018-12-04 20:59:29,366-mp_log-INFO-审核失败
2018-12-04 20:59:29,635-mp_log-INFO-审核失败
2018-12-04 20:59:29,975-mp_log-INFO-已审核
2018-12-04 20:59:30,279-mp_log-INFO-已审核
2018-12-04 20:59:30,514-mp_log-INFO-已审核
2018-12-04 20:59:31,201-mp_log-INFO-已审核
2018-12-04 20:59:31,438-mp_log-INFO-已审核
2018-12-04 20:59:31,720-mp_log-INFO-已审核
2018-12-04 20:59:31,812-mp_log-INFO-已审核
2018-12-04 20:59:32,112-mp_log-INFO-已审核
2018-12-04 20:59:32,297-mp_log-INFO-已审核
2018-12-04 20:59:32,616-mp_log-INFO-已审核
2018-12-04 20:59:32,920-mp_log-INFO-已审核
2018-12-04 20:59:33,314-mp_log-INFO-审核失败
2018-12-04 20:59:33,526-mp_log-INFO-审核失败
2018-12-04 20:59:33,825-mp_log-INFO-已审核
2018-12-04 20:59:34,077-mp_log-INFO-已审核
2018-12-04 20:59:34,411-mp_log-INFO-审核失败
2018-12-04 20:59:34,768-mp_log-INFO-已审核
2018-12-04 20:59:35,051-mp_log-INFO-已审核
2018-12-04 20:59:35,285-mp_log-INFO-已审核
2018-12-04 20:59:35,636-mp_log-INFO-已审核
2018-12-04 20:59:35,993-mp_log-INFO-已审核
2018-12-04 20:59:36,265-mp_log-INFO-已审核
2018-12-04 20:59:36,531-mp_log-INFO-已审核
2018-12-04 20:59:37,399-mp_log-INFO-已审核
2018-12-04 20:59:37,783-mp_log-INFO-审核中
2018-12-04 20:59:38,887-mp_log-INFO-已审核
2018-12-04 20:59:39,045-mp_log-INFO-已审核
2018-12-04 20:59:39,365-mp_log-INFO-审核失败
2018-12-04 20:59:39,558-mp_log-INFO-已审核
2018-12-04 20:59:40,092-mp_log-INFO-已审核
2018-12-04 20:59:40,222-mp_log-INFO-已审核
2018-12-04 20:59:40,535-mp_log-INFO-已审核
2018-12-04 20:59:40,779-mp_log-INFO-已审核
2018-12-04 20:59:41,121-mp_log-INFO-审核失败
2018-12-04 20:59:41,361-mp_log-INFO-已审核
2018-12-04 20:59:41,631-mp_log-INFO-已审核
2018-12-04 20:59:42,064-mp_log-INFO-已审核
2018-12-04 20:59:42,304-mp_log-INFO-已审核
2018-12-04 20:59:42,730-mp_log-INFO-已审核
2018-12-04 20:59:42,853-mp_log-INFO-已审核
