2018-12-12 20:22:01,044-Getlogin-ERROR-'token'
2018-12-12 20:22:01,045-mp_log-INFO-token获取成功......
2018-12-12 20:22:18,607-mp_log-INFO-获取所有小程序信息成功......
2018-12-12 20:22:19,062-mp_log-INFO-获取最新模板信息成功.......
2018-12-12 20:22:22,092-mp_log-INFO-环亚美容提交成功
2018-12-12 20:22:22,827-mp_log-INFO-诺研皮肤管理提交成功
2018-12-12 20:22:23,068-mp_log-INFO-芳妍美容提交成功
2018-12-12 20:22:23,801-mp_log-INFO-绿苑女子提交成功
2018-12-12 20:22:24,297-mp_log-INFO-伊之花美容提交成功
2018-12-12 20:22:24,675-mp_log-INFO-广州七号驻颜提交成功
2018-12-12 20:22:25,143-mp_log-INFO-曼奇莎提交成功
2018-12-12 20:22:25,719-mp_log-INFO-诗美逸提交成功
2018-12-12 20:22:26,310-mp_log-INFO-颐和美容提交成功
2018-12-12 20:22:26,750-mp_log-ERROR-漂亮宝贝提交失败
2018-12-12 20:22:26,775-mp_log-INFO-赫阁尔提交成功
2018-12-12 20:22:27,222-mp_log-INFO-草木缘提交成功
2018-12-12 20:22:28,216-mp_log-INFO-梦颜科美提交成功
2018-12-12 20:22:28,901-mp_log-INFO-都市点点提交成功
2018-12-12 20:22:29,527-mp_log-INFO-来了美佳澜店提交成功
2018-12-12 20:22:30,026-mp_log-INFO-木子美甲美睫提交成功
2018-12-12 20:22:30,133-mp_log-INFO-润妃国际提交成功
2018-12-12 20:22:30,594-mp_log-INFO-灵动提交成功
2018-12-12 20:22:31,111-mp_log-INFO-康丽皇家提交成功
2018-12-12 20:22:31,818-mp_log-INFO-美丽驿站提交成功
2018-12-12 20:22:32,299-mp_log-INFO-美美昭彦提交成功
2018-12-12 20:22:32,707-mp_log-INFO-匠美JMBEAUTY提交成功
2018-12-12 20:22:33,672-mp_log-INFO-HB美尚荟提交成功
2018-12-12 20:22:33,985-mp_log-INFO-Youngface提交成功
2018-12-12 20:22:34,295-mp_log-INFO-爱睿熙国际提交成功
2018-12-12 20:22:34,800-mp_log-INFO-当今悦美提交成功
2018-12-12 20:22:35,333-mp_log-INFO-谦和国际提交成功
2018-12-12 20:22:35,965-mp_log-INFO-米蝶·快美吧提交成功
2018-12-12 20:22:36,293-mp_log-INFO-iBEATA贝娅塔提交成功
2018-12-12 20:22:36,763-mp_log-INFO-菲常美提交成功
2018-12-12 20:22:37,818-mp_log-INFO-当代经典提交成功
2018-12-12 20:22:37,852-mp_log-INFO-东方丽人提交成功
2018-12-12 20:22:38,360-mp_log-INFO-盛士兰提交成功
2018-12-12 20:22:38,637-mp_log-INFO-玫瑰坊提交成功
2018-12-12 20:22:39,293-mp_log-INFO-悠兰lyj提交成功
2018-12-12 20:22:39,701-mp_log-INFO-芊思雅莎莎提交成功
2018-12-12 20:22:40,136-mp_log-INFO-来就健康提交成功
2018-12-12 20:22:40,704-mp_log-ERROR-美人记Diary提交失败
2018-12-12 20:22:40,822-mp_log-INFO-恒美世纪提交成功
2018-12-12 20:22:41,883-mp_log-INFO-美范·珺之屋提交成功
2018-12-12 20:22:42,504-mp_log-INFO-菲梵经典提交成功
2018-12-12 20:22:42,640-mp_log-INFO-悦芳泉SPA提交成功
2018-12-12 20:22:43,548-mp_log-INFO-爱美丽提交成功
2018-12-12 20:22:43,860-mp_log-INFO-漂亮如你提交成功
2018-12-12 20:22:44,112-mp_log-INFO-广西宝宝爱提交成功
2018-12-12 20:22:44,659-mp_log-INFO-虞诗蔓提交成功
2018-12-12 20:22:45,101-mp_log-INFO-D5 season提交成功
2018-12-12 20:22:45,782-mp_log-INFO-唯艳美提交成功
2018-12-12 20:22:46,088-mp_log-INFO-吉美妍丽提交成功
2018-12-12 20:22:46,766-mp_log-INFO-雪依氏提交成功
2018-12-12 20:22:47,029-mp_log-INFO-书白美企提交成功
2018-12-12 20:22:47,683-mp_log-INFO-星美国际提交成功
2018-12-12 20:22:48,258-mp_log-INFO-霭伦恩美提交成功
2018-12-12 20:22:48,784-mp_log-INFO-来美吧提交成功
2018-12-12 20:22:49,054-mp_log-INFO-伊美朗提交成功
2018-12-12 20:22:49,837-mp_log-INFO-美美一生提交成功
2018-12-12 20:22:50,239-mp_log-INFO-佳婳天美提交成功
2018-12-12 20:22:50,843-mp_log-INFO-兴美源提交成功
2018-12-12 20:22:51,130-mp_log-INFO-优年轻提交成功
2018-12-12 20:22:51,796-mp_log-INFO-易康国际提交成功
2018-12-12 20:22:52,857-mp_log-INFO-美美昭妍提交成功
2018-12-12 20:22:52,877-mp_log-INFO-佐登妮丝提交成功
2018-12-12 20:22:53,359-mp_log-INFO-阿星国际提交成功
2018-12-12 20:22:53,929-mp_log-INFO-娇阑美颜提交成功
2018-12-12 20:22:54,286-mp_log-INFO-爱女士提交成功
2018-12-12 20:22:54,747-mp_log-INFO-PS智能美肤提交成功
2018-12-12 20:22:55,160-mp_log-INFO-艾妍整形提交成功
2018-12-12 20:22:55,871-mp_log-INFO-珍珍美容提交成功
2018-12-12 20:22:56,136-mp_log-INFO-姿曼美容spa提交成功
2018-12-12 20:22:57,129-mp_log-INFO-巴黎情缘提交成功
2018-12-12 20:22:57,606-mp_log-INFO-百合春天提交成功
2018-12-12 20:22:58,059-mp_log-INFO-梅兰丽人提交成功
2018-12-12 20:22:58,067-mp_log-INFO-美由心生提交成功
2018-12-12 20:22:58,958-mp_log-INFO-燕燕尊尚美容提交成功
2018-12-12 20:22:59,173-mp_log-INFO-雅致璇肌提交成功
2018-12-12 20:22:59,899-mp_log-INFO-诗露丽涵提交成功
2018-12-12 20:23:00,336-mp_log-ERROR-GOGO宝迪提交失败
2018-12-12 20:23:00,374-mp_log-INFO-东方仕典提交成功
2018-12-12 20:23:00,639-mp_log-INFO-韩流美美店提交成功
2018-12-12 20:23:01,955-mp_log-INFO-月瘦月美提交成功
2018-12-12 20:23:02,122-mp_log-INFO-启程金典美业提交成功
2018-12-12 20:23:02,625-mp_log-INFO-年轻我可以提交成功
2018-12-12 20:23:03,219-mp_log-INFO-精工皇族提交成功
2018-12-12 20:23:03,896-mp_log-INFO-明剪一秀提交成功
2018-12-12 20:23:04,438-mp_log-INFO-深圳丝客富提交成功
2018-12-12 20:23:04,888-mp_log-INFO-DuDuBeauty提交成功
2018-12-12 20:23:05,576-mp_log-INFO-琉璃水城提交成功
2018-12-12 20:23:05,817-mp_log-INFO-栢草源提交成功
2018-12-12 20:23:06,375-mp_log-INFO-杭州东方整形提交成功
2018-12-12 20:23:06,729-mp_log-INFO-ONI速美提交成功
2018-12-12 20:23:07,114-mp_log-INFO-YAN健康•美+提交成功
2018-12-12 20:23:07,930-mp_log-INFO-MMbeauty提交成功
2018-12-12 20:23:08,712-mp_log-INFO-美共享提交成功
2018-12-12 20:23:08,843-mp_log-INFO-靓佳人提交成功
2018-12-12 20:23:09,423-mp_log-INFO-ME智慧美店提交成功
2018-12-12 20:23:10,094-mp_log-INFO-二院美丽之约提交成功
2018-12-12 20:23:10,283-mp_log-INFO-紫舟美业提交成功
2018-12-12 20:23:10,833-mp_log-INFO-南洋beauty提交成功
2018-12-12 20:23:11,327-mp_log-INFO-阿芙洛蒂提交成功
2018-12-12 20:23:11,692-mp_log-INFO-来了美标榜店提交成功
2018-12-12 20:23:12,518-mp_log-INFO-美德福提交成功
2018-12-12 20:23:13,353-mp_log-INFO-岳灵生发提交成功
2018-12-12 20:23:13,750-mp_log-INFO-维多丽雅提交成功
2018-12-12 20:23:14,346-mp_log-INFO-雅典娜提交成功
2018-12-12 20:23:14,783-mp_log-INFO-美姿源提交成功
2018-12-12 20:23:14,835-mp_log-INFO-杭州桐雅提交成功
2018-12-12 20:23:15,421-mp_log-INFO-妃香伊丹提交成功
2018-12-12 20:23:16,389-mp_log-INFO-张氏纳然姬朵提交成功
2018-12-12 20:23:16,705-mp_log-INFO-魅力华健提交成功
2018-12-12 20:23:17,061-mp_log-INFO-王海棠养生馆提交成功
2018-12-12 20:23:17,258-mp_log-INFO-圣水伊人提交成功
2018-12-12 20:23:17,700-mp_log-INFO-窈窕淑女提交成功
2018-12-12 20:23:18,194-mp_log-INFO-绮莉尔智能美提交成功
2018-12-12 20:23:18,694-mp_log-INFO-香密雅CIMIA提交成功
2018-12-12 20:23:19,220-mp_log-INFO-妍雅媛提交成功
2018-12-12 20:23:19,770-mp_log-ERROR-轻医美提交失败
2018-12-12 20:23:19,779-mp_log-INFO-来了美提交成功
2018-12-12 20:23:20,167-mp_log-INFO-云立方提交成功
2018-12-12 20:23:21,357-mp_log-INFO-世纪春天提交成功
2018-12-12 20:23:21,933-mp_log-INFO-贵妇人提交成功
2018-12-12 20:23:22,112-mp_log-INFO-BabyBeauty提交成功
2018-12-12 20:23:22,959-mp_log-INFO-奇遇青春提交成功
2018-12-12 20:23:23,544-mp_log-INFO-来了美韩尚恩提交成功
2018-12-12 20:23:24,055-mp_log-INFO-纤指百媚提交成功
2018-12-12 20:23:24,245-mp_log-INFO-美之颜提交成功
2018-12-12 20:23:24,951-mp_log-INFO-贝琳菲美业提交成功
2018-12-12 20:23:25,196-mp_log-ERROR-服务商账号提交失败
2018-12-12 20:23:25,341-mp_log-INFO-郦芙蓉beauty提交成功
2018-12-12 20:23:26,036-mp_log-INFO-玫香源提交成功
2018-12-12 20:23:26,797-mp_log-INFO-香住SPA提交成功
2018-12-12 20:23:27,196-mp_log-INFO-依蔻依美提交成功
2018-12-12 20:23:27,866-mp_log-INFO-佰味女人提交成功
2018-12-12 20:23:28,410-mp_log-INFO-黄氏百佳提交成功
2018-12-12 20:23:28,932-mp_log-ERROR-涣美医疗提交失败
2018-12-12 20:23:28,948-mp_log-INFO-创美雅香莱提交成功
2018-12-12 20:23:29,415-mp_log-INFO-艾面一族 提交成功
2018-12-12 20:23:30,139-mp_log-INFO-植美SPA提交成功
2018-12-12 20:23:30,839-mp_log-INFO-曼姿提交成功
2018-12-12 20:23:31,265-mp_log-INFO-美丽九九提交成功
2018-12-12 20:23:31,702-mp_log-INFO-南国西子提交成功
2018-12-12 20:23:32,253-mp_log-INFO-百分国际美容提交成功
2018-12-12 20:23:32,766-mp_log-INFO-千颂伊美学中心提交成功
2018-12-12 20:23:33,458-mp_log-INFO-艾尚美美哒提交成功
2018-12-12 20:23:33,758-mp_log-INFO-玉颜堂提交成功
2018-12-12 20:23:34,135-mp_log-INFO-金美源提交成功
2018-12-12 20:23:34,965-mp_log-INFO-爱玛仕嘉提交成功
2018-12-12 20:23:35,510-mp_log-INFO-智能科技美店提交成功
2018-12-12 20:23:36,026-mp_log-INFO-欧妮薇提交成功
2018-12-12 20:23:36,171-mp_log-INFO-成都净美天使提交成功
2018-12-12 20:23:36,763-mp_log-INFO-美姿来就美提交成功
2018-12-12 20:23:37,532-mp_log-INFO-IVY艾菲芭提交成功
2018-12-12 20:23:37,856-mp_log-INFO-引导美体验店提交成功
2018-12-12 20:23:38,267-mp_log-INFO-来了美雲会所提交成功
2018-12-12 20:23:38,764-mp_log-INFO-SoBeauty提交成功
2018-12-12 20:23:39,610-mp_log-INFO-蒙妮莎新美容提交成功
2018-12-12 20:23:40,136-mp_log-INFO-筋生美提交成功
2018-12-12 20:23:40,361-mp_log-INFO-来了美美吧提交成功
2018-12-12 20:23:40,846-mp_log-INFO-金柏丽提交成功
2018-12-12 20:23:41,379-mp_log-INFO-长江九号提交成功
2018-12-12 20:23:42,104-mp_log-INFO-优文专业脱毛提交成功
2018-12-12 20:23:42,271-mp_log-INFO-天使国际提交成功
2018-12-12 20:23:42,771-mp_log-INFO-如生堂提交成功
2018-12-12 20:23:43,340-mp_log-INFO-梦田芳香Spa提交成功
2018-12-12 20:23:43,877-mp_log-INFO-贝施纤体提交成功
2018-12-12 20:23:44,443-mp_log-INFO-色彩纯姬提交成功
2018-12-12 20:23:44,948-mp_log-INFO-红妆倾城提交成功
2018-12-12 20:23:45,198-mp_log-INFO-丹阳圣莉斯歌提交成功
2018-12-12 20:23:45,718-mp_log-INFO-金贵人Beauty提交成功
2018-12-12 20:23:46,367-mp_log-INFO-芯语芳心提交成功
2018-12-12 20:23:46,972-mp_log-INFO-还原美提交成功
2018-12-12 20:23:47,068-mp_log-INFO-延颜美容提交成功
2018-12-12 20:23:47,651-mp_log-INFO-缘临医疗美容提交成功
2018-12-12 20:23:48,247-mp_log-INFO-梦圆皇宫提交成功
2018-12-12 20:23:48,815-mp_log-INFO-美了就来提交成功
2018-12-12 20:23:49,303-mp_log-INFO-恩雅提交成功
2018-12-12 20:23:49,729-mp_log-INFO-俏丽屋提交成功
2018-12-12 20:23:50,350-mp_log-INFO-YoungDream提交成功
2018-12-12 20:23:50,877-mp_log-INFO-DR美研博士提交成功
2018-12-12 20:23:51,353-mp_log-INFO-女秀才提交成功
2018-12-12 20:23:51,885-mp_log-INFO-東美人儿提交成功
2018-12-12 20:23:52,231-mp_log-INFO-承昱医疗提交成功
2018-12-12 20:23:52,939-mp_log-INFO-斓悦庭提交成功
2018-12-12 20:23:53,333-mp_log-INFO-美迩美整形提交成功
2018-12-12 20:23:53,753-mp_log-INFO-唯美童妍提交成功
2018-12-12 20:23:54,458-mp_log-INFO-BV美聚提交成功
2018-12-12 20:23:54,703-mp_log-INFO-健丽宝美容提交成功
2018-12-12 20:23:55,445-mp_log-INFO-掌上美管家A提交成功
2018-12-12 20:23:55,947-mp_log-INFO-博妍集美提交成功
2018-12-12 20:23:56,350-mp_log-INFO-雅涛世家提交成功
2018-12-12 20:23:56,674-mp_log-INFO-双妹美容提交成功
2018-12-12 20:23:57,652-mp_log-INFO-来了美千丝美提交成功
2018-12-12 20:23:57,977-mp_log-INFO-世纪之春提交成功
2018-12-12 20:23:58,317-mp_log-INFO-雅梵GO美提交成功
2018-12-12 20:23:58,530-mp_log-ERROR-弘粹堂提交失败
2018-12-12 20:23:58,864-mp_log-INFO-女主角美容提交成功
2018-12-12 20:23:59,660-mp_log-INFO-环球美容提交成功
2018-12-12 20:24:00,480-mp_log-INFO-乐聚提交成功
2018-12-12 20:24:00,773-mp_log-INFO-诗芙侬提交成功
2018-12-12 20:24:01,382-mp_log-INFO-沧州美美达提交成功
2018-12-12 20:24:01,834-mp_log-INFO-妮娜形象管理提交成功
2018-12-12 20:24:02,249-mp_log-INFO-赢美肌提交成功
2018-12-12 20:24:02,783-mp_log-INFO-馨境堂提交成功
2018-12-12 20:24:03,474-mp_log-INFO-良沐健康管理提交成功
2018-12-12 20:24:04,124-mp_log-INFO-果蔬美容提交成功
2018-12-12 20:24:04,370-mp_log-INFO-贝兰思提交成功
2018-12-12 20:24:04,995-mp_log-INFO-东方秀丽提交成功
2018-12-12 20:24:05,554-mp_log-INFO-缔罗嘉佳提交成功
2018-12-12 20:24:06,108-mp_log-INFO-文轩专业美容提交成功
2018-12-12 20:24:06,292-mp_log-INFO-欧丽薇提交成功
