2018-12-12 19:30:05,300-Getlogin-ERROR-'token'
2018-12-12 19:30:05,303-mp_log-INFO-token获取成功......
2018-12-12 19:30:23,062-mp_log-INFO-获取所有小程序信息成功......
2018-12-12 19:30:23,557-mp_log-INFO-获取最新模板信息成功.......
2018-12-12 19:30:25,845-mp_log-INFO-芳妍美容模板操作成功,模板名称12-12 18:16 商家最新版1.1.39
2018-12-12 19:30:26,599-mp_log-INFO-伊之花美容模板操作成功,模板名称12-12 18:16 商家最新版1.1.39
2018-12-12 19:30:26,778-mp_log-INFO-赫阁尔模板操作成功,模板名称12-12 18:16 商家最新版1.1.39
2018-12-12 19:30:27,912-mp_log-INFO-漂亮宝贝模板操作成功,模板名称12-12 18:16 商家最新版1.1.39
2018-12-12 19:30:28,141-mp_log-INFO-都市点点模板操作成功,模板名称12-12 18:16 商家最新版1.1.39
2018-12-12 19:30:28,892-mp_log-INFO-木子美甲美睫模板操作成功,模板名称12-12 18:16 商家最新版1.1.39
2018-12-12 19:30:29,247-mp_log-INFO-美丽驿站模板操作成功,模板名称12-12 18:16 商家最新版1.1.39
2018-12-12 19:30:29,581-mp_log-INFO-美美昭彦模板操作成功,模板名称12-12 18:16 商家最新版1.1.39
2018-12-12 19:30:30,412-mp_log-INFO-匠美JMBEAUTY模板操作成功,模板名称12-12 18:16 商家最新版1.1.39
2018-12-12 19:30:30,709-mp_log-INFO-HB美尚荟模板操作成功,模板名称12-12 18:16 商家最新版1.1.39
2018-12-12 19:30:31,229-mp_log-INFO-Youngface模板操作成功,模板名称12-12 18:16 商家最新版1.1.39
2018-12-12 19:30:31,665-mp_log-INFO-爱睿熙国际模板操作成功,模板名称12-12 18:16 商家最新版1.1.39
2018-12-12 19:30:32,367-mp_log-INFO-当今悦美模板操作成功,模板名称12-12 18:16 商家最新版1.1.39
2018-12-12 19:30:32,764-mp_log-INFO-谦和国际模板操作成功,模板名称12-12 18:16 商家最新版1.1.39
2018-12-12 19:30:33,360-mp_log-INFO-米蝶·快美吧模板操作成功,模板名称12-12 18:16 商家最新版1.1.39
2018-12-12 19:30:33,563-mp_log-INFO-菲常美模板操作成功,模板名称12-12 18:16 商家最新版1.1.39
2018-12-12 19:30:34,409-mp_log-INFO-当代经典模板操作成功,模板名称12-12 18:16 商家最新版1.1.39
2018-12-12 19:30:34,921-mp_log-INFO-东方丽人模板操作成功,模板名称12-12 18:16 商家最新版1.1.39
2018-12-12 19:30:35,191-mp_log-INFO-盛士兰模板操作成功,模板名称12-12 18:16 商家最新版1.1.39
2018-12-12 19:30:35,816-mp_log-INFO-悠兰lyj模板操作成功,模板名称12-12 18:16 商家最新版1.1.39
2018-12-12 19:30:36,356-mp_log-INFO-来就健康模板操作成功,模板名称12-12 18:16 商家最新版1.1.39
2018-12-12 19:30:36,842-mp_log-INFO-美人记Diary模板操作成功,模板名称12-12 18:16 商家最新版1.1.39
2018-12-12 19:30:37,933-mp_log-INFO-美范·珺之屋模板操作成功,模板名称12-12 18:16 商家最新版1.1.39
2018-12-12 19:30:38,001-mp_log-INFO-菲梵经典模板操作成功,模板名称12-12 18:16 商家最新版1.1.39
2018-12-12 19:30:38,628-mp_log-INFO-悦芳泉SPA模板操作成功,模板名称12-12 18:16 商家最新版1.1.39
2018-12-12 19:30:39,451-mp_log-INFO-爱美丽模板操作成功,模板名称12-12 18:16 商家最新版1.1.39
2018-12-12 19:30:39,531-mp_log-INFO-广西宝宝爱模板操作成功,模板名称12-12 18:16 商家最新版1.1.39
2018-12-12 19:30:40,395-mp_log-INFO-虞诗蔓模板操作成功,模板名称12-12 18:16 商家最新版1.1.39
2018-12-12 19:30:40,675-mp_log-INFO-D5 season模板操作成功,模板名称12-12 18:16 商家最新版1.1.39
2018-12-12 19:30:41,456-mp_log-INFO-唯艳美模板操作成功,模板名称12-12 18:16 商家最新版1.1.39
2018-12-12 19:30:41,823-mp_log-INFO-吉美妍丽模板操作成功,模板名称12-12 18:16 商家最新版1.1.39
2018-12-12 19:30:42,248-mp_log-INFO-书白美企模板操作成功,模板名称12-12 18:16 商家最新版1.1.39
2018-12-12 19:30:43,090-mp_log-INFO-来美吧模板操作成功,模板名称12-12 18:16 商家最新版1.1.39
2018-12-12 19:30:43,133-mp_log-INFO-伊美朗模板操作成功,模板名称12-12 18:16 商家最新版1.1.39
2018-12-12 19:30:43,743-mp_log-INFO-美美一生模板操作成功,模板名称12-12 18:16 商家最新版1.1.39
2018-12-12 19:30:44,181-mp_log-INFO-兴美源模板操作成功,模板名称12-12 18:16 商家最新版1.1.39
2018-12-12 19:30:44,758-mp_log-INFO-优年轻模板操作成功,模板名称12-12 18:16 商家最新版1.1.39
2018-12-12 19:30:45,456-mp_log-INFO-易康国际模板操作成功,模板名称12-12 18:16 商家最新版1.1.39
2018-12-12 19:30:45,578-mp_log-INFO-美美昭妍模板操作成功,模板名称12-12 18:16 商家最新版1.1.39
2018-12-12 19:30:46,341-mp_log-INFO-阿星国际模板操作成功,模板名称12-12 18:16 商家最新版1.1.39
2018-12-12 19:30:46,691-mp_log-INFO-PS智能美肤模板操作成功,模板名称12-12 18:16 商家最新版1.1.39
2018-12-12 19:30:47,501-mp_log-INFO-巴黎情缘模板操作成功,模板名称12-12 18:16 商家最新版1.1.39
2018-12-12 19:30:47,780-mp_log-INFO-美由心生模板操作成功,模板名称12-12 18:16 商家最新版1.1.39
2018-12-12 19:30:48,250-mp_log-INFO-燕燕尊尚美容模板操作成功,模板名称12-12 18:16 商家最新版1.1.39
2018-12-12 19:30:48,683-mp_log-INFO-雅致璇肌模板操作成功,模板名称12-12 18:16 商家最新版1.1.39
2018-12-12 19:30:49,221-mp_log-INFO-诗露丽涵模板操作成功,模板名称12-12 18:16 商家最新版1.1.39
2018-12-12 19:30:49,747-mp_log-INFO-韩流美美店模板操作成功,模板名称12-12 18:16 商家最新版1.1.39
2018-12-12 19:30:50,175-mp_log-INFO-GOGO宝迪模板操作成功,模板名称12-12 18:16 商家最新版1.1.39
2018-12-12 19:30:50,768-mp_log-INFO-月瘦月美模板操作成功,模板名称12-12 18:16 商家最新版1.1.39
2018-12-12 19:30:51,426-mp_log-INFO-启程金典美业模板操作成功,模板名称12-12 18:16 商家最新版1.1.39
2018-12-12 19:30:51,799-mp_log-INFO-年轻我可以模板操作成功,模板名称12-12 18:16 商家最新版1.1.39
2018-12-12 19:30:52,210-mp_log-INFO-精工皇族模板操作成功,模板名称12-12 18:16 商家最新版1.1.39
2018-12-12 19:30:52,758-mp_log-INFO-深圳丝客富模板操作成功,模板名称12-12 18:16 商家最新版1.1.39
2018-12-12 19:30:53,291-mp_log-INFO-DuDuBeauty模板操作成功,模板名称12-12 18:16 商家最新版1.1.39
2018-12-12 19:30:53,784-mp_log-INFO-琉璃水城模板操作成功,模板名称12-12 18:16 商家最新版1.1.39
2018-12-12 19:30:54,348-mp_log-INFO-栢草源模板操作成功,模板名称12-12 18:16 商家最新版1.1.39
2018-12-12 19:30:54,779-mp_log-INFO-ONI速美模板操作成功,模板名称12-12 18:16 商家最新版1.1.39
2018-12-12 19:30:55,254-mp_log-INFO-YAN健康•美+模板操作成功,模板名称12-12 18:16 商家最新版1.1.39
2018-12-12 19:30:55,749-mp_log-INFO-MMbeauty模板操作成功,模板名称12-12 18:16 商家最新版1.1.39
2018-12-12 19:30:56,279-mp_log-INFO-靓佳人模板操作成功,模板名称12-12 18:16 商家最新版1.1.39
2018-12-12 19:30:56,850-mp_log-INFO-ME智慧美店模板操作成功,模板名称12-12 18:16 商家最新版1.1.39
2018-12-12 19:30:57,244-mp_log-INFO-二院美丽之约模板操作成功,模板名称12-12 18:16 商家最新版1.1.39
2018-12-12 19:30:58,152-mp_log-INFO-紫舟美业模板操作成功,模板名称12-12 18:16 商家最新版1.1.39
2018-12-12 19:30:58,201-mp_log-INFO-阿芙洛蒂模板操作成功,模板名称12-12 18:16 商家最新版1.1.39
2018-12-12 19:30:59,253-mp_log-INFO-美德福模板操作成功,模板名称12-12 18:16 商家最新版1.1.39
2018-12-12 19:30:59,261-mp_log-INFO-来了美标榜店模板操作成功,模板名称12-12 18:16 商家最新版1.1.39
2018-12-12 19:30:59,846-mp_log-INFO-岳灵生发模板操作成功,模板名称12-12 18:16 商家最新版1.1.39
2018-12-12 19:31:00,915-mp_log-INFO-美姿源模板操作成功,模板名称12-12 18:16 商家最新版1.1.39
2018-12-12 19:31:00,933-mp_log-INFO-维多丽雅模板操作成功,模板名称12-12 18:16 商家最新版1.1.39
2018-12-12 19:31:01,611-mp_log-INFO-雅典娜模板操作成功,模板名称12-12 18:16 商家最新版1.1.39
2018-12-12 19:31:02,593-mp_log-INFO-杭州桐雅模板操作成功,模板名称12-12 18:16 商家最新版1.1.39
2018-12-12 19:31:03,186-mp_log-INFO-妃香伊丹模板操作成功,模板名称12-12 18:16 商家最新版1.1.39
2018-12-12 19:31:03,244-mp_log-INFO-王海棠养生馆模板操作成功,模板名称12-12 18:16 商家最新版1.1.39
2018-12-12 19:31:04,501-mp_log-INFO-魅力华健模板操作成功,模板名称12-12 18:16 商家最新版1.1.39
2018-12-12 19:31:04,772-mp_log-INFO-张氏纳然姬朵模板操作成功,模板名称12-12 18:16 商家最新版1.1.39
2018-12-12 19:31:06,540-mp_log-INFO-圣水伊人模板操作成功,模板名称12-12 18:16 商家最新版1.1.39
2018-12-12 19:31:07,567-mp_log-INFO-绮莉尔智能美模板操作成功,模板名称12-12 18:16 商家最新版1.1.39
2018-12-12 19:31:07,775-mp_log-INFO-窈窕淑女模板操作成功,模板名称12-12 18:16 商家最新版1.1.39
2018-12-12 19:31:07,965-mp_log-INFO-香密雅CIMIA模板操作成功,模板名称12-12 18:16 商家最新版1.1.39
2018-12-12 19:31:08,627-mp_log-INFO-妍雅媛模板操作成功,模板名称12-12 18:16 商家最新版1.1.39
2018-12-12 19:31:09,145-mp_log-INFO-来了美模板操作成功,模板名称12-12 18:16 商家最新版1.1.39
2018-12-12 19:31:10,169-mp_log-INFO-轻医美模板操作成功,模板名称12-12 18:16 商家最新版1.1.39
2018-12-12 19:31:10,830-mp_log-INFO-世纪春天模板操作成功,模板名称12-12 18:16 商家最新版1.1.39
2018-12-12 19:31:11,561-mp_log-INFO-贵妇人模板操作成功,模板名称12-12 18:16 商家最新版1.1.39
2018-12-12 19:31:11,969-mp_log-INFO-BabyBeauty模板操作成功,模板名称12-12 18:16 商家最新版1.1.39
2018-12-12 19:31:12,494-mp_log-INFO-奇遇青春模板操作成功,模板名称12-12 18:16 商家最新版1.1.39
2018-12-12 19:31:12,854-mp_log-INFO-来了美韩尚恩模板操作成功,模板名称12-12 18:16 商家最新版1.1.39
2018-12-12 19:31:13,300-mp_log-INFO-纤指百媚模板操作成功,模板名称12-12 18:16 商家最新版1.1.39
2018-12-12 19:31:14,012-mp_log-INFO-美之颜模板操作成功,模板名称12-12 18:16 商家最新版1.1.39
2018-12-12 19:31:14,352-mp_log-INFO-GOGOBeauty模板操作成功,模板名称12-12 18:16 商家最新版1.1.39
2018-12-12 19:31:14,726-mp_log-INFO-贝琳菲美业模板操作成功,模板名称12-12 18:16 商家最新版1.1.39
2018-12-12 19:31:15,537-mp_log-INFO-郦芙蓉beauty模板操作成功,模板名称12-12 18:16 商家最新版1.1.39
2018-12-12 19:31:15,875-mp_log-INFO-玫香源模板操作成功,模板名称12-12 18:16 商家最新版1.1.39
2018-12-12 19:31:16,440-mp_log-INFO-香住SPA模板操作成功,模板名称12-12 18:16 商家最新版1.1.39
2018-12-12 19:31:16,935-mp_log-INFO-依蔻依美模板操作成功,模板名称12-12 18:16 商家最新版1.1.39
2018-12-12 19:31:17,418-mp_log-INFO-创美雅香莱模板操作成功,模板名称12-12 18:16 商家最新版1.1.39
2018-12-12 19:31:18,001-mp_log-INFO-艾面一族 模板操作成功,模板名称12-12 18:16 商家最新版1.1.39
2018-12-12 19:31:18,425-mp_log-INFO-涣美医疗模板操作成功,模板名称12-12 18:16 商家最新版1.1.39
2018-12-12 19:31:18,813-mp_log-INFO-植美SPA模板操作成功,模板名称12-12 18:16 商家最新版1.1.39
2018-12-12 19:31:19,651-mp_log-INFO-曼姿模板操作成功,模板名称12-12 18:16 商家最新版1.1.39
2018-12-12 19:31:19,790-mp_log-INFO-美丽九九模板操作成功,模板名称12-12 18:16 商家最新版1.1.39
2018-12-12 19:31:20,442-mp_log-INFO-南国西子模板操作成功,模板名称12-12 18:16 商家最新版1.1.39
2018-12-12 19:31:21,119-mp_log-INFO-百分国际美容模板操作成功,模板名称12-12 18:16 商家最新版1.1.39
2018-12-12 19:31:21,434-mp_log-INFO-千颂伊美学中心模板操作成功,模板名称12-12 18:16 商家最新版1.1.39
2018-12-12 19:31:22,405-mp_log-INFO-金美源模板操作成功,模板名称12-12 18:16 商家最新版1.1.39
2018-12-12 19:31:22,510-mp_log-INFO-爱玛仕嘉模板操作成功,模板名称12-12 18:16 商家最新版1.1.39
2018-12-12 19:31:23,113-mp_log-INFO-智能科技美店模板操作成功,模板名称12-12 18:16 商家最新版1.1.39
2018-12-12 19:31:23,353-mp_log-INFO-欧妮薇模板操作成功,模板名称12-12 18:16 商家最新版1.1.39
2018-12-12 19:31:24,222-mp_log-INFO-成都净美天使模板操作成功,模板名称12-12 18:16 商家最新版1.1.39
2018-12-12 19:31:24,471-mp_log-INFO-IVY艾菲芭模板操作成功,模板名称12-12 18:16 商家最新版1.1.39
2018-12-12 19:31:24,905-mp_log-INFO-引导美体验店模板操作成功,模板名称12-12 18:16 商家最新版1.1.39
2018-12-12 19:31:25,636-mp_log-INFO-SoBeauty模板操作成功,模板名称12-12 18:16 商家最新版1.1.39
2018-12-12 19:31:25,849-mp_log-INFO-蒙妮莎新美容模板操作成功,模板名称12-12 18:16 商家最新版1.1.39
2018-12-12 19:31:26,458-mp_log-INFO-筋生美模板操作成功,模板名称12-12 18:16 商家最新版1.1.39
2018-12-12 19:31:26,777-mp_log-INFO-来了美美吧模板操作成功,模板名称12-12 18:16 商家最新版1.1.39
2018-12-12 19:31:27,280-mp_log-INFO-金柏丽模板操作成功,模板名称12-12 18:16 商家最新版1.1.39
2018-12-12 19:31:28,319-mp_log-INFO-优文专业脱毛模板操作成功,模板名称12-12 18:16 商家最新版1.1.39
2018-12-12 19:31:28,715-mp_log-INFO-贝施纤体模板操作成功,模板名称12-12 18:16 商家最新版1.1.39
2018-12-12 19:31:29,137-mp_log-INFO-色彩纯姬模板操作成功,模板名称12-12 18:16 商家最新版1.1.39
2018-12-12 19:31:29,551-mp_log-INFO-缘临医疗美容模板操作成功,模板名称12-12 18:16 商家最新版1.1.39
2018-12-12 19:31:29,889-mp_log-INFO-梦圆皇宫模板操作成功,模板名称12-12 18:16 商家最新版1.1.39
2018-12-12 19:31:30,473-mp_log-INFO-美了就来模板操作成功,模板名称12-12 18:16 商家最新版1.1.39
2018-12-12 19:31:31,006-mp_log-INFO-恩雅模板操作成功,模板名称12-12 18:16 商家最新版1.1.39
2018-12-12 19:31:31,376-mp_log-INFO-俏丽屋模板操作成功,模板名称12-12 18:16 商家最新版1.1.39
2018-12-12 19:31:31,913-mp_log-INFO-YoungDream模板操作成功,模板名称12-12 18:16 商家最新版1.1.39
2018-12-12 19:31:32,439-mp_log-INFO-DR美研博士模板操作成功,模板名称12-12 18:16 商家最新版1.1.39
2018-12-12 19:31:33,065-mp_log-INFO-女秀才模板操作成功,模板名称12-12 18:16 商家最新版1.1.39
2018-12-12 19:31:33,421-mp_log-INFO-東美人儿模板操作成功,模板名称12-12 18:16 商家最新版1.1.39
2018-12-12 19:31:33,738-mp_log-INFO-承昱医疗模板操作成功,模板名称12-12 18:16 商家最新版1.1.39
2018-12-12 19:31:34,580-mp_log-INFO-斓悦庭模板操作成功,模板名称12-12 18:16 商家最新版1.1.39
2018-12-12 19:31:34,977-mp_log-INFO-BV美聚模板操作成功,模板名称12-12 18:16 商家最新版1.1.39
2018-12-12 19:31:35,726-mp_log-INFO-健丽宝美容模板操作成功,模板名称12-12 18:16 商家最新版1.1.39
2018-12-12 19:31:36,459-mp_log-INFO-掌上美管家A模板操作成功,模板名称12-12 18:16 商家最新版1.1.39
2018-12-12 19:31:36,495-mp_log-INFO-博妍集美模板操作成功,模板名称12-12 18:16 商家最新版1.1.39
2018-12-12 19:31:36,846-mp_log-INFO-雅涛世家模板操作成功,模板名称12-12 18:16 商家最新版1.1.39
2018-12-12 19:31:37,250-mp_log-INFO-双妹美容模板操作成功,模板名称12-12 18:16 商家最新版1.1.39
2018-12-12 19:31:37,946-mp_log-INFO-来了美千丝美模板操作成功,模板名称12-12 18:16 商家最新版1.1.39
2018-12-12 19:31:38,380-mp_log-INFO-世纪之春模板操作成功,模板名称12-12 18:16 商家最新版1.1.39
2018-12-12 19:31:38,776-mp_log-INFO-雅梵GO美模板操作成功,模板名称12-12 18:16 商家最新版1.1.39
2018-12-12 19:31:39,349-mp_log-INFO-女主角美容模板操作成功,模板名称12-12 18:16 商家最新版1.1.39
2018-12-12 19:31:39,929-mp_log-INFO-环球美容模板操作成功,模板名称12-12 18:16 商家最新版1.1.39
2018-12-12 19:31:40,394-mp_log-INFO-诗芙侬模板操作成功,模板名称12-12 18:16 商家最新版1.1.39
2018-12-12 19:31:41,234-mp_log-INFO-沧州美美达模板操作成功,模板名称12-12 18:16 商家最新版1.1.39
2018-12-12 19:31:41,468-mp_log-INFO-妮娜形象管理模板操作成功,模板名称12-12 18:16 商家最新版1.1.39
2018-12-12 19:31:41,857-mp_log-INFO-赢美肌模板操作成功,模板名称12-12 18:16 商家最新版1.1.39
2018-12-12 19:31:42,290-mp_log-INFO-馨境堂模板操作成功,模板名称12-12 18:16 商家最新版1.1.39
2018-12-12 19:31:42,877-mp_log-INFO-果蔬美容模板操作成功,模板名称12-12 18:16 商家最新版1.1.39
2018-12-12 19:31:43,453-mp_log-INFO-贝兰思模板操作成功,模板名称12-12 18:16 商家最新版1.1.39
2018-12-12 19:31:43,995-mp_log-INFO-东方秀丽模板操作成功,模板名称12-12 18:16 商家最新版1.1.39
2018-12-12 19:31:44,380-mp_log-INFO-缔罗嘉佳模板操作成功,模板名称12-12 18:16 商家最新版1.1.39
2018-12-12 19:31:44,873-mp_log-INFO-文轩专业美容模板操作成功,模板名称12-12 18:16 商家最新版1.1.39
2018-12-12 19:31:45,366-mp_log-INFO-欧丽薇模板操作成功,模板名称12-12 18:16 商家最新版1.1.39
