2018-12-12 20:09:45,665-Getlogin-ERROR-'token'
2018-12-12 20:09:45,667-mp_log-INFO-token获取成功......
2018-12-12 20:10:03,424-mp_log-INFO-获取所有小程序信息成功......
2018-12-12 20:10:04,146-mp_log-INFO-获取最新模板信息成功.......
2018-12-12 20:10:05,307-mp_log-INFO-审核失败
2018-12-12 20:10:05,693-mp_log-INFO-审核失败
2018-12-12 20:10:05,947-mp_log-INFO-已审核
2018-12-12 20:10:06,469-mp_log-INFO-审核失败
2018-12-12 20:10:07,094-mp_log-INFO-已审核
2018-12-12 20:10:07,438-mp_log-INFO-审核失败
2018-12-12 20:10:07,664-mp_log-INFO-审核失败
2018-12-12 20:10:08,081-mp_log-INFO-审核失败
2018-12-12 20:10:08,239-mp_log-INFO-审核失败
2018-12-12 20:10:08,726-mp_log-INFO-已审核
2018-12-12 20:10:08,918-mp_log-INFO-审核失败
2018-12-12 20:10:09,370-mp_log-INFO-已审核
2018-12-12 20:10:09,483-mp_log-INFO-审核失败
2018-12-12 20:10:09,834-mp_log-INFO-已审核
2018-12-12 20:10:10,275-mp_log-INFO-审核失败
2018-12-12 20:10:10,470-mp_log-INFO-已审核
2018-12-12 20:10:10,794-mp_log-INFO-审核失败
2018-12-12 20:10:10,978-mp_log-INFO-审核失败
2018-12-12 20:10:11,372-mp_log-INFO-审核失败
2018-12-12 20:10:12,015-mp_log-INFO-已审核
2018-12-12 20:10:12,361-mp_log-INFO-已审核
2018-12-12 20:10:12,459-mp_log-INFO-已审核
2018-12-12 20:10:12,723-mp_log-INFO-已审核
2018-12-12 20:10:13,204-mp_log-INFO-已审核
2018-12-12 20:10:13,390-mp_log-INFO-已审核
2018-12-12 20:10:13,674-mp_log-INFO-已审核
2018-12-12 20:10:14,070-mp_log-INFO-已审核
2018-12-12 20:10:14,238-mp_log-INFO-已审核
2018-12-12 20:10:14,537-mp_log-INFO-审核失败
2018-12-12 20:10:14,850-mp_log-INFO-已审核
2018-12-12 20:10:15,421-mp_log-INFO-已审核
2018-12-12 20:10:16,335-mp_log-INFO-已审核
2018-12-12 20:10:16,469-mp_log-INFO-已审核
2018-12-12 20:10:16,524-mp_log-INFO-已审核
2018-12-12 20:10:16,586-mp_log-INFO-审核失败
2018-12-12 20:10:16,697-mp_log-INFO-审核失败
2018-12-12 20:10:17,019-mp_log-INFO-已审核
2018-12-12 20:10:17,211-mp_log-INFO-审核失败
2018-12-12 20:10:17,549-mp_log-INFO-已审核
2018-12-12 20:10:17,834-mp_log-INFO-已审核
2018-12-12 20:10:18,139-mp_log-INFO-已审核
2018-12-12 20:10:18,530-mp_log-INFO-已审核
2018-12-12 20:10:18,794-mp_log-INFO-已审核
2018-12-12 20:10:19,073-mp_log-INFO-审核失败
2018-12-12 20:10:19,426-mp_log-INFO-已审核
2018-12-12 20:10:19,621-mp_log-INFO-已审核
2018-12-12 20:10:19,940-mp_log-INFO-已审核
2018-12-12 20:10:20,354-mp_log-INFO-已审核
2018-12-12 20:10:20,563-mp_log-INFO-已审核
2018-12-12 20:10:20,897-mp_log-INFO-审核失败
2018-12-12 20:10:21,217-mp_log-INFO-已审核
2018-12-12 20:10:21,637-mp_log-INFO-审核失败
2018-12-12 20:10:21,837-mp_log-INFO-审核失败
2018-12-12 20:10:22,082-mp_log-INFO-已审核
2018-12-12 20:10:22,351-mp_log-INFO-已审核
2018-12-12 20:10:22,842-mp_log-INFO-已审核
2018-12-12 20:10:22,993-mp_log-INFO-审核失败
2018-12-12 20:10:23,359-mp_log-INFO-已审核
2018-12-12 20:10:23,708-mp_log-INFO-已审核
2018-12-12 20:10:23,823-mp_log-INFO-已审核
2018-12-12 20:10:24,184-mp_log-INFO-已审核
2018-12-12 20:10:24,532-mp_log-INFO-审核失败
2018-12-12 20:10:24,823-mp_log-INFO-已审核
2018-12-12 20:10:25,004-mp_log-INFO-审核失败
2018-12-12 20:10:25,450-mp_log-INFO-审核失败
2018-12-12 20:10:25,790-mp_log-INFO-已审核
2018-12-12 20:10:26,149-mp_log-INFO-审核失败
2018-12-12 20:10:26,239-mp_log-INFO-审核失败
2018-12-12 20:10:26,693-mp_log-INFO-审核失败
2018-12-12 20:10:27,005-mp_log-INFO-已审核
2018-12-12 20:10:27,372-mp_log-INFO-审核失败
2018-12-12 20:10:27,827-mp_log-INFO-审核失败
2018-12-12 20:10:27,904-mp_log-INFO-已审核
2018-12-12 20:10:28,462-mp_log-INFO-已审核
2018-12-12 20:10:28,640-mp_log-INFO-已审核
2018-12-12 20:10:28,807-mp_log-INFO-已审核
2018-12-12 20:10:29,000-mp_log-INFO-审核失败
2018-12-12 20:10:29,578-mp_log-INFO-已审核
2018-12-12 20:10:29,653-mp_log-INFO-已审核
2018-12-12 20:10:29,883-mp_log-INFO-已审核
2018-12-12 20:10:30,446-mp_log-INFO-已审核
2018-12-12 20:10:30,512-mp_log-INFO-已审核
2018-12-12 20:10:30,715-mp_log-INFO-已审核
2018-12-12 20:10:31,132-mp_log-INFO-审核失败
2018-12-12 20:10:31,508-mp_log-INFO-已审核
2018-12-12 20:10:31,636-mp_log-INFO-已审核
2018-12-12 20:10:31,980-mp_log-INFO-已审核
2018-12-12 20:10:32,455-mp_log-INFO-已审核
2018-12-12 20:10:32,740-mp_log-INFO-审核失败
2018-12-12 20:10:33,012-mp_log-INFO-已审核
2018-12-12 20:10:33,250-mp_log-INFO-已审核
2018-12-12 20:10:33,560-mp_log-INFO-已审核
2018-12-12 20:10:33,962-mp_log-INFO-审核失败
2018-12-12 20:10:34,350-mp_log-INFO-已审核
2018-12-12 20:10:34,447-mp_log-INFO-已审核
2018-12-12 20:10:34,657-mp_log-INFO-已审核
2018-12-12 20:10:35,128-mp_log-INFO-已审核
2018-12-12 20:10:35,260-mp_log-INFO-审核失败
2018-12-12 20:10:35,652-mp_log-INFO-已审核
2018-12-12 20:10:35,904-mp_log-INFO-已审核
2018-12-12 20:10:36,302-mp_log-INFO-已审核
2018-12-12 20:10:36,685-mp_log-INFO-已审核
2018-12-12 20:10:36,816-mp_log-INFO-已审核
2018-12-12 20:10:37,176-mp_log-INFO-已审核
2018-12-12 20:10:37,406-mp_log-INFO-已审核
2018-12-12 20:10:37,845-mp_log-INFO-已审核
2018-12-12 20:10:38,062-mp_log-INFO-已审核
2018-12-12 20:10:38,670-mp_log-INFO-已审核
2018-12-12 20:10:39,230-mp_log-INFO-已审核
2018-12-12 20:10:39,351-mp_log-INFO-已审核
2018-12-12 20:10:39,560-mp_log-INFO-已审核
2018-12-12 20:10:40,205-mp_log-INFO-已审核
2018-12-12 20:10:40,362-mp_log-INFO-已审核
2018-12-12 20:10:40,407-mp_log-INFO-已审核
2018-12-12 20:10:40,703-mp_log-INFO-已审核
2018-12-12 20:10:41,550-mp_log-INFO-已审核
2018-12-12 20:10:41,696-mp_log-INFO-已审核
2018-12-12 20:10:41,719-mp_log-INFO-审核失败
2018-12-12 20:10:42,217-mp_log-INFO-已审核
2018-12-12 20:10:42,237-mp_log-INFO-已审核
2018-12-12 20:10:42,588-mp_log-INFO-已审核
2018-12-12 20:10:42,879-mp_log-INFO-已审核
2018-12-12 20:10:43,038-mp_log-INFO-已审核
2018-12-12 20:10:43,416-mp_log-INFO-已审核
2018-12-12 20:10:43,974-mp_log-INFO-已审核
2018-12-12 20:10:44,033-mp_log-INFO-已审核
2018-12-12 20:10:44,299-mp_log-INFO-已审核
2018-12-12 20:10:44,617-mp_log-INFO-已审核
2018-12-12 20:10:44,870-mp_log-INFO-已审核
2018-12-12 20:10:45,454-mp_log-INFO-已审核
2018-12-12 20:10:45,782-mp_log-INFO-已审核
2018-12-12 20:10:46,134-mp_log-INFO-审核失败
2018-12-12 20:10:46,354-mp_log-INFO-审核失败
2018-12-12 20:10:46,684-mp_log-INFO-已审核
2018-12-12 20:10:46,997-mp_log-INFO-已审核
2018-12-12 20:10:47,264-mp_log-INFO-已审核
2018-12-12 20:10:47,726-mp_log-INFO-已审核
2018-12-12 20:10:47,936-mp_log-INFO-已审核
2018-12-12 20:10:48,298-mp_log-INFO-已审核
2018-12-12 20:10:48,436-mp_log-INFO-已审核
2018-12-12 20:10:48,807-mp_log-INFO-已审核
2018-12-12 20:10:49,005-mp_log-INFO-已审核
2018-12-12 20:10:49,365-mp_log-INFO-审核失败
2018-12-12 20:10:49,698-mp_log-INFO-审核失败
2018-12-12 20:10:49,997-mp_log-INFO-已审核
2018-12-12 20:10:50,352-mp_log-INFO-已审核
2018-12-12 20:10:50,812-mp_log-INFO-已审核
2018-12-12 20:10:51,042-mp_log-INFO-已审核
2018-12-12 20:10:51,271-mp_log-INFO-已审核
2018-12-12 20:10:51,566-mp_log-INFO-审核失败
2018-12-12 20:10:51,810-mp_log-INFO-已审核
2018-12-12 20:10:52,088-mp_log-INFO-已审核
2018-12-12 20:10:52,380-mp_log-INFO-审核失败
2018-12-12 20:10:52,656-mp_log-INFO-已审核
2018-12-12 20:10:53,103-mp_log-INFO-已审核
2018-12-12 20:10:53,439-mp_log-INFO-已审核
2018-12-12 20:10:53,684-mp_log-INFO-已审核
2018-12-12 20:10:53,940-mp_log-INFO-已审核
2018-12-12 20:10:54,187-mp_log-INFO-审核失败
2018-12-12 20:10:54,658-mp_log-INFO-已审核
2018-12-12 20:10:54,847-mp_log-INFO-审核失败
2018-12-12 20:10:55,044-mp_log-INFO-审核失败
2018-12-12 20:10:55,492-mp_log-INFO-审核失败
2018-12-12 20:10:55,708-mp_log-INFO-已审核
2018-12-12 20:10:55,985-mp_log-INFO-已审核
2018-12-12 20:10:56,425-mp_log-INFO-审核失败
2018-12-12 20:10:56,823-mp_log-INFO-审核失败
2018-12-12 20:10:57,230-mp_log-INFO-审核失败
2018-12-12 20:10:57,458-mp_log-INFO-审核失败
2018-12-12 20:10:57,762-mp_log-INFO-审核失败
2018-12-12 20:10:57,985-mp_log-INFO-审核失败
2018-12-12 20:10:58,284-mp_log-INFO-已审核
2018-12-12 20:10:58,714-mp_log-INFO-已审核
2018-12-12 20:10:58,768-mp_log-INFO-已审核
2018-12-12 20:10:59,101-mp_log-INFO-已审核
2018-12-12 20:10:59,434-mp_log-INFO-审核中
2018-12-12 20:11:00,265-mp_log-INFO-已审核
2018-12-12 20:11:00,503-mp_log-INFO-已审核
2018-12-12 20:11:00,504-mp_log-INFO-已审核
2018-12-12 20:11:00,982-mp_log-INFO-已审核
2018-12-12 20:11:00,984-mp_log-INFO-已审核
2018-12-12 20:11:01,560-mp_log-INFO-已审核
2018-12-12 20:11:01,758-mp_log-INFO-已审核
2018-12-12 20:11:01,759-mp_log-INFO-审核失败
2018-12-12 20:11:02,150-mp_log-INFO-审核失败
2018-12-12 20:11:02,914-mp_log-INFO-已审核
2018-12-12 20:11:03,097-mp_log-INFO-已审核
2018-12-12 20:11:03,107-mp_log-INFO-已审核
2018-12-12 20:11:03,425-mp_log-INFO-已审核
2018-12-12 20:11:03,563-mp_log-INFO-已审核
2018-12-12 20:11:03,957-mp_log-INFO-已审核
2018-12-12 20:11:04,416-mp_log-INFO-已审核
2018-12-12 20:11:04,472-mp_log-INFO-审核中
2018-12-12 20:11:04,940-mp_log-INFO-已审核
2018-12-12 20:11:05,328-mp_log-INFO-已审核
2018-12-12 20:11:05,499-mp_log-INFO-已审核
2018-12-12 20:11:05,970-mp_log-INFO-已审核
2018-12-12 20:11:06,227-mp_log-INFO-审核中
2018-12-12 20:11:06,351-mp_log-INFO-已审核
2018-12-12 20:11:06,674-mp_log-INFO-审核失败
2018-12-12 20:11:06,799-mp_log-INFO-已审核
2018-12-12 20:11:07,182-mp_log-INFO-已审核
2018-12-12 20:11:07,821-mp_log-INFO-已审核
2018-12-12 20:11:07,896-mp_log-INFO-已审核
2018-12-12 20:11:08,064-mp_log-INFO-已审核
2018-12-12 20:11:08,413-mp_log-INFO-审核失败
2018-12-12 20:11:08,633-mp_log-INFO-已审核
2018-12-12 20:11:09,050-mp_log-INFO-已审核
2018-12-12 20:11:09,429-mp_log-INFO-已审核
2018-12-12 20:11:09,583-mp_log-INFO-已审核
2018-12-12 20:11:09,861-mp_log-INFO-已审核
2018-12-12 20:11:10,765-mp_log-INFO-已审核
