2018-12-01 19:06:13,628-Getlogin-ERROR-'token'
2018-12-01 19:06:13,630-mp_log-INFO-token获取成功......
2018-12-01 19:06:34,769-mp_log-INFO-获取所有小程序信息成功......
2018-12-01 19:06:35,256-mp_log-INFO-获取最新模板信息成功.......
2018-12-01 19:06:37,353-mp_log-ERROR-GOGOBeauty操作失败,失败原因{'status': 500, 'msg': '此管理中心未授权开放平台'}
2018-12-01 19:06:37,519-mp_log-INFO-环亚美容模板操作成功,模板名称1130 商家正式版
2018-12-01 19:06:38,183-mp_log-INFO-诺研皮肤管理模板操作成功,模板名称1130 商家正式版
2018-12-01 19:06:38,350-mp_log-ERROR-sdfdsfdsf操作失败,失败原因{'status': 500, 'msg': '此管理中心未授权开放平台'}
2018-12-01 19:06:38,403-mp_log-INFO-芳妍美容模板操作成功,模板名称1130 商家正式版
2018-12-01 19:06:39,505-mp_log-INFO-绿苑女子模板操作成功,模板名称1130 商家正式版
2018-12-01 19:06:40,560-mp_log-INFO-伊之花美容模板操作成功,模板名称1130 商家正式版
2018-12-01 19:06:41,124-mp_log-INFO-广州七号驻颜模板操作成功,模板名称1130 商家正式版
2018-12-01 19:06:41,571-mp_log-INFO-曼奇莎模板操作成功,模板名称1130 商家正式版
2018-12-01 19:06:42,162-mp_log-INFO-诗美逸模板操作成功,模板名称1130 商家正式版
2018-12-01 19:06:42,553-mp_log-INFO-颐和美容模板操作成功,模板名称1130 商家正式版
2018-12-01 19:06:43,020-mp_log-INFO-赫阁尔模板操作成功,模板名称1130 商家正式版
2018-12-01 19:06:43,529-mp_log-INFO-草木缘模板操作成功,模板名称1130 商家正式版
2018-12-01 19:06:43,928-mp_log-INFO-漂亮宝贝模板操作成功,模板名称1130 商家正式版
2018-12-01 19:06:44,504-mp_log-INFO-梦颜科美模板操作成功,模板名称1130 商家正式版
2018-12-01 19:06:45,134-mp_log-INFO-都市点点模板操作成功,模板名称1130 商家正式版
2018-12-01 19:06:45,515-mp_log-INFO-来了美佳澜店模板操作成功,模板名称1130 商家正式版
2018-12-01 19:06:45,982-mp_log-INFO-木子美甲美睫模板操作成功,模板名称1130 商家正式版
2018-12-01 19:06:46,427-mp_log-INFO-润妃国际模板操作成功,模板名称1130 商家正式版
2018-12-01 19:06:46,976-mp_log-INFO-灵动模板操作成功,模板名称1130 商家正式版
2018-12-01 19:06:47,556-mp_log-INFO-康丽皇家模板操作成功,模板名称1130 商家正式版
2018-12-01 19:06:48,006-mp_log-INFO-美丽驿站模板操作成功,模板名称1130 商家正式版
2018-12-01 19:06:48,394-mp_log-ERROR-市场演示专用操作失败,失败原因{'status': 500, 'msg': '此管理中心未授权开放平台'}
2018-12-01 19:06:48,560-mp_log-INFO-美美昭彦模板操作成功,模板名称1130 商家正式版
2018-12-01 19:06:48,979-mp_log-INFO-匠美JMBEAUTY模板操作成功,模板名称1130 商家正式版
2018-12-01 19:06:49,397-mp_log-INFO-HB美尚荟模板操作成功,模板名称1130 商家正式版
2018-12-01 19:06:50,530-mp_log-INFO-Youngface模板操作成功,模板名称1130 商家正式版
2018-12-01 19:06:51,005-mp_log-INFO-爱睿熙国际模板操作成功,模板名称1130 商家正式版
2018-12-01 19:06:51,621-mp_log-INFO-当今悦美模板操作成功,模板名称1130 商家正式版
2018-12-01 19:06:52,262-mp_log-INFO-谦和国际模板操作成功,模板名称1130 商家正式版
2018-12-01 19:06:52,503-mp_log-INFO-米蝶·快美吧模板操作成功,模板名称1130 商家正式版
2018-12-01 19:06:52,941-mp_log-INFO-iBEATA贝娅塔模板操作成功,模板名称1130 商家正式版
2018-12-01 19:06:53,644-mp_log-INFO-菲常美模板操作成功,模板名称1130 商家正式版
2018-12-01 19:06:54,160-mp_log-INFO-当代经典模板操作成功,模板名称1130 商家正式版
2018-12-01 19:06:54,579-mp_log-INFO-东方丽人模板操作成功,模板名称1130 商家正式版
2018-12-01 19:06:54,960-mp_log-INFO-盛士兰模板操作成功,模板名称1130 商家正式版
2018-12-01 19:06:55,500-mp_log-INFO-玫瑰坊模板操作成功,模板名称1130 商家正式版
2018-12-01 19:06:56,009-mp_log-INFO-悠兰lyj模板操作成功,模板名称1130 商家正式版
2018-12-01 19:06:56,557-mp_log-INFO-芊思雅莎莎模板操作成功,模板名称1130 商家正式版
2018-12-01 19:06:57,024-mp_log-INFO-来就健康模板操作成功,模板名称1130 商家正式版
2018-12-01 19:06:57,473-mp_log-INFO-恒美世纪模板操作成功,模板名称1130 商家正式版
2018-12-01 19:06:58,009-mp_log-INFO-美人记Diary模板操作成功,模板名称1130 商家正式版
2018-12-01 19:06:58,528-mp_log-INFO-美范·珺之屋模板操作成功,模板名称1130 商家正式版
2018-12-01 19:06:59,064-mp_log-INFO-菲梵经典模板操作成功,模板名称1130 商家正式版
2018-12-01 19:06:59,768-mp_log-INFO-悦芳泉SPA模板操作成功,模板名称1130 商家正式版
2018-12-01 19:07:00,109-mp_log-INFO-爱美丽模板操作成功,模板名称1130 商家正式版
2018-12-01 19:07:00,545-mp_log-INFO-漂亮如你模板操作成功,模板名称1130 商家正式版
2018-12-01 19:07:01,135-mp_log-INFO-广西宝宝爱模板操作成功,模板名称1130 商家正式版
2018-12-01 19:07:01,613-mp_log-INFO-虞诗蔓模板操作成功,模板名称1130 商家正式版
2018-12-01 19:07:02,089-mp_log-INFO-Goonbeauty模板操作成功,模板名称1130 商家正式版
2018-12-01 19:07:02,603-mp_log-INFO-唯艳美模板操作成功,模板名称1130 商家正式版
2018-12-01 19:07:03,110-mp_log-INFO-吉美妍丽模板操作成功,模板名称1130 商家正式版
2018-12-01 19:07:03,656-mp_log-INFO-雪依氏模板操作成功,模板名称1130 商家正式版
2018-12-01 19:07:04,170-mp_log-INFO-书白美企模板操作成功,模板名称1130 商家正式版
2018-12-01 19:07:04,476-mp_log-INFO-星美国际模板操作成功,模板名称1130 商家正式版
2018-12-01 19:07:05,006-mp_log-INFO-霭伦恩美模板操作成功,模板名称1130 商家正式版
2018-12-01 19:07:05,576-mp_log-INFO-来美吧模板操作成功,模板名称1130 商家正式版
2018-12-01 19:07:06,070-mp_log-INFO-伊美朗模板操作成功,模板名称1130 商家正式版
2018-12-01 19:07:06,486-mp_log-INFO-美美一生模板操作成功,模板名称1130 商家正式版
2018-12-01 19:07:07,001-mp_log-INFO-佳婳天美模板操作成功,模板名称1130 商家正式版
2018-12-01 19:07:07,533-mp_log-INFO-兴美源模板操作成功,模板名称1130 商家正式版
2018-12-01 19:07:08,018-mp_log-INFO-优年轻模板操作成功,模板名称1130 商家正式版
2018-12-01 19:07:08,579-mp_log-INFO-易康国际模板操作成功,模板名称1130 商家正式版
2018-12-01 19:07:09,048-mp_log-INFO-美美昭妍模板操作成功,模板名称1130 商家正式版
2018-12-01 19:07:09,514-mp_log-INFO-佐登妮丝模板操作成功,模板名称1130 商家正式版
2018-12-01 19:07:10,183-mp_log-INFO-阿星国际模板操作成功,模板名称1130 商家正式版
2018-12-01 19:07:10,449-mp_log-INFO-娇阑美颜模板操作成功,模板名称1130 商家正式版
2018-12-01 19:07:11,386-mp_log-INFO-爱女士模板操作成功,模板名称1130 商家正式版
2018-12-01 19:07:11,627-mp_log-INFO-PS智能美肤模板操作成功,模板名称1130 商家正式版
2018-12-01 19:07:12,122-mp_log-INFO-艾妍整形模板操作成功,模板名称1130 商家正式版
2018-12-01 19:07:12,667-mp_log-INFO-珍珍美容模板操作成功,模板名称1130 商家正式版
2018-12-01 19:07:12,863-mp_log-INFO-姿曼美容spa模板操作成功,模板名称1130 商家正式版
2018-12-01 19:07:13,562-mp_log-INFO-巴黎情缘模板操作成功,模板名称1130 商家正式版
2018-12-01 19:07:14,125-mp_log-INFO-百合春天模板操作成功,模板名称1130 商家正式版
2018-12-01 19:07:14,547-mp_log-INFO-梅兰丽人模板操作成功,模板名称1130 商家正式版
2018-12-01 19:07:15,206-mp_log-INFO-美由心生美惠模板操作成功,模板名称1130 商家正式版
2018-12-01 19:07:15,612-mp_log-INFO-燕燕尊尚美容模板操作成功,模板名称1130 商家正式版
2018-12-01 19:07:15,961-mp_log-INFO-雅致璇肌模板操作成功,模板名称1130 商家正式版
2018-12-01 19:07:16,794-mp_log-INFO-诗露丽涵模板操作成功,模板名称1130 商家正式版
2018-12-01 19:07:17,087-mp_log-INFO-东方仕典模板操作成功,模板名称1130 商家正式版
2018-12-01 19:07:17,660-mp_log-INFO-韩流美美店模板操作成功,模板名称1130 商家正式版
2018-12-01 19:07:18,028-mp_log-INFO-GOGO宝迪模板操作成功,模板名称1130 商家正式版
2018-12-01 19:07:18,462-mp_log-INFO-月瘦月美模板操作成功,模板名称1130 商家正式版
2018-12-01 19:07:19,249-mp_log-INFO-启程金典美业模板操作成功,模板名称1130 商家正式版
2018-12-01 19:07:19,718-mp_log-INFO-年轻我可以模板操作成功,模板名称1130 商家正式版
2018-12-01 19:07:20,174-mp_log-INFO-精工皇族模板操作成功,模板名称1130 商家正式版
2018-12-01 19:07:20,579-mp_log-INFO-明剪一秀模板操作成功,模板名称1130 商家正式版
2018-12-01 19:07:21,021-mp_log-INFO-深圳丝客富模板操作成功,模板名称1130 商家正式版
2018-12-01 19:07:21,579-mp_log-INFO-DuDuBeauty模板操作成功,模板名称1130 商家正式版
2018-12-01 19:07:22,060-mp_log-INFO-琉璃水城模板操作成功,模板名称1130 商家正式版
2018-12-01 19:07:22,500-mp_log-INFO-栢草源模板操作成功,模板名称1130 商家正式版
2018-12-01 19:07:22,922-mp_log-INFO-杭州东方整形模板操作成功,模板名称1130 商家正式版
2018-12-01 19:07:23,931-mp_log-INFO-ONI速美模板操作成功,模板名称1130 商家正式版
2018-12-01 19:07:24,079-mp_log-INFO-YAN健康•美+模板操作成功,模板名称1130 商家正式版
2018-12-01 19:07:24,651-mp_log-INFO-MMbeauty模板操作成功,模板名称1130 商家正式版
2018-12-01 19:07:25,084-mp_log-INFO-美共享模板操作成功,模板名称1130 商家正式版
2018-12-01 19:07:25,546-mp_log-INFO-靓佳人模板操作成功,模板名称1130 商家正式版
2018-12-01 19:07:25,993-mp_log-INFO-ME智慧美店模板操作成功,模板名称1130 商家正式版
2018-12-01 19:07:26,548-mp_log-INFO-二院美丽之约模板操作成功,模板名称1130 商家正式版
2018-12-01 19:07:27,150-mp_log-INFO-紫舟美业模板操作成功,模板名称1130 商家正式版
2018-12-01 19:07:27,667-mp_log-INFO-南洋beauty模板操作成功,模板名称1130 商家正式版
2018-12-01 19:07:28,230-mp_log-INFO-阿芙洛蒂模板操作成功,模板名称1130 商家正式版
2018-12-01 19:07:28,485-mp_log-INFO-来了美标榜店模板操作成功,模板名称1130 商家正式版
2018-12-01 19:07:29,199-mp_log-INFO-美德福模板操作成功,模板名称1130 商家正式版
2018-12-01 19:07:29,676-mp_log-INFO-岳灵生发模板操作成功,模板名称1130 商家正式版
2018-12-01 19:07:30,249-mp_log-INFO-美姿源模板操作成功,模板名称1130 商家正式版
2018-12-01 19:07:30,623-mp_log-INFO-维多丽雅模板操作成功,模板名称1130 商家正式版
2018-12-01 19:07:31,023-mp_log-ERROR-光速美操作失败,失败原因{'status': 500, 'msg': '此管理中心未授权开放平台'}
2018-12-01 19:07:31,208-mp_log-INFO-雅典娜模板操作成功,模板名称1130 商家正式版
2018-12-01 19:07:31,675-mp_log-INFO-杭州桐雅模板操作成功,模板名称1130 商家正式版
2018-12-01 19:07:32,512-mp_log-INFO-妃香伊丹模板操作成功,模板名称1130 商家正式版
2018-12-01 19:07:33,045-mp_log-INFO-张氏纳然姬朵模板操作成功,模板名称1130 商家正式版
2018-12-01 19:07:33,573-mp_log-INFO-魅力华健模板操作成功,模板名称1130 商家正式版
2018-12-01 19:07:34,235-mp_log-INFO-圣水伊人模板操作成功,模板名称1130 商家正式版
2018-12-01 19:07:34,544-mp_log-INFO-窈窕淑女模板操作成功,模板名称1130 商家正式版
2018-12-01 19:07:35,208-mp_log-INFO-绮莉尔智能美模板操作成功,模板名称1130 商家正式版
2018-12-01 19:07:35,578-mp_log-INFO-香密雅CIMIA模板操作成功,模板名称1130 商家正式版
2018-12-01 19:07:36,411-mp_log-INFO-妍雅媛模板操作成功,模板名称1130 商家正式版
2018-12-01 19:07:36,597-mp_log-INFO-来了美模板操作成功,模板名称1130 商家正式版
2018-12-01 19:07:37,042-mp_log-INFO-云立方模板操作成功,模板名称1130 商家正式版
2018-12-01 19:07:37,706-mp_log-INFO-轻医美模板操作成功,模板名称1130 商家正式版
2018-12-01 19:07:38,200-mp_log-INFO-世纪春天模板操作成功,模板名称1130 商家正式版
2018-12-01 19:07:38,773-mp_log-INFO-贵妇人模板操作成功,模板名称1130 商家正式版
2018-12-01 19:07:39,495-mp_log-INFO-BabyBeauty模板操作成功,模板名称1130 商家正式版
2018-12-01 19:07:39,697-mp_log-INFO-奇遇青春模板操作成功,模板名称1130 商家正式版
2018-12-01 19:07:40,195-mp_log-INFO-来了美韩尚恩模板操作成功,模板名称1130 商家正式版
2018-12-01 19:07:40,566-mp_log-INFO-纤指百媚模板操作成功,模板名称1130 商家正式版
2018-12-01 19:07:41,138-mp_log-INFO-美之颜模板操作成功,模板名称1130 商家正式版
2018-12-01 19:07:41,675-mp_log-INFO-GOGOBeauty模板操作成功,模板名称1130 商家正式版
2018-12-01 19:07:42,144-mp_log-INFO-贝琳菲美业模板操作成功,模板名称1130 商家正式版
2018-12-01 19:07:42,683-mp_log-INFO-郦芙蓉beauty模板操作成功,模板名称1130 商家正式版
2018-12-01 19:07:42,879-mp_log-ERROR-服务商账号操作失败,失败原因{'status': 'error', 'msg': 'component is not authorized by this account hint: [QNaIWa0485b101]'}
2018-12-01 19:07:43,126-mp_log-INFO-氢颜轻奢美肤模板操作成功,模板名称1130 商家正式版
2018-12-01 19:07:43,732-mp_log-INFO-玫香源模板操作成功,模板名称1130 商家正式版
2018-12-01 19:07:44,752-mp_log-INFO-香住SPA模板操作成功,模板名称1130 商家正式版
2018-12-01 19:07:45,110-mp_log-INFO-依蔻依美模板操作成功,模板名称1130 商家正式版
2018-12-01 19:07:45,864-mp_log-INFO-佰味女人模板操作成功,模板名称1130 商家正式版
2018-12-01 19:07:46,057-mp_log-INFO-黄氏百佳模板操作成功,模板名称1130 商家正式版
2018-12-01 19:07:46,760-mp_log-INFO-创美雅香莱模板操作成功,模板名称1130 商家正式版
2018-12-01 19:07:47,239-mp_log-INFO-艾面一族 模板操作成功,模板名称1130 商家正式版
2018-12-01 19:07:47,581-mp_log-INFO-涣美医疗模板操作成功,模板名称1130 商家正式版
2018-12-01 19:07:48,049-mp_log-INFO-植美SPA模板操作成功,模板名称1130 商家正式版
2018-12-01 19:07:48,670-mp_log-INFO-曼姿模板操作成功,模板名称1130 商家正式版
2018-12-01 19:07:49,174-mp_log-INFO-美丽九九模板操作成功,模板名称1130 商家正式版
2018-12-01 19:07:50,105-mp_log-INFO-百分国际美容模板操作成功,模板名称1130 商家正式版
2018-12-01 19:07:50,614-mp_log-INFO-南国西子模板操作成功,模板名称1130 商家正式版
2018-12-01 19:07:50,758-mp_log-INFO-千颂伊美学中心模板操作成功,模板名称1130 商家正式版
2018-12-01 19:07:51,433-mp_log-INFO-艾尚美美哒模板操作成功,模板名称1130 商家正式版
2018-12-01 19:07:51,718-mp_log-INFO-玉颜堂模板操作成功,模板名称1130 商家正式版
2018-12-01 19:07:52,051-mp_log-INFO-金美源模板操作成功,模板名称1130 商家正式版
2018-12-01 19:07:52,763-mp_log-INFO-爱玛仕嘉模板操作成功,模板名称1130 商家正式版
2018-12-01 19:07:53,433-mp_log-INFO-智能科技美店模板操作成功,模板名称1130 商家正式版
2018-12-01 19:07:53,824-mp_log-INFO-欧妮薇模板操作成功,模板名称1130 商家正式版
2018-12-01 19:07:54,277-mp_log-INFO-成都净美天使模板操作成功,模板名称1130 商家正式版
2018-12-01 19:07:54,647-mp_log-INFO-美姿来就美模板操作成功,模板名称1130 商家正式版
2018-12-01 19:07:55,323-mp_log-INFO-IVY艾菲芭模板操作成功,模板名称1130 商家正式版
2018-12-01 19:07:55,677-mp_log-INFO-引导美体验店模板操作成功,模板名称1130 商家正式版
2018-12-01 19:07:56,315-mp_log-INFO-来了美雲会所模板操作成功,模板名称1130 商家正式版
2018-12-01 19:07:56,700-mp_log-INFO-SoBeauty模板操作成功,模板名称1130 商家正式版
2018-12-01 19:07:57,096-mp_log-INFO-蒙妮莎新美容模板操作成功,模板名称1130 商家正式版
2018-12-01 19:07:57,797-mp_log-INFO-筋生美模板操作成功,模板名称1130 商家正式版
2018-12-01 19:07:58,195-mp_log-INFO-来了美美吧模板操作成功,模板名称1130 商家正式版
2018-12-01 19:07:58,591-mp_log-INFO-金柏丽模板操作成功,模板名称1130 商家正式版
2018-12-01 19:07:59,268-mp_log-INFO-长江九号模板操作成功,模板名称1130 商家正式版
2018-12-01 19:07:59,716-mp_log-INFO-优文专业脱毛模板操作成功,模板名称1130 商家正式版
2018-12-01 19:08:00,148-mp_log-INFO-天使国际模板操作成功,模板名称1130 商家正式版
2018-12-01 19:08:00,654-mp_log-INFO-如生堂模板操作成功,模板名称1130 商家正式版
2018-12-01 19:08:01,282-mp_log-INFO-梦田芳香Spa模板操作成功,模板名称1130 商家正式版
2018-12-01 19:08:01,667-mp_log-INFO-贝施纤体模板操作成功,模板名称1130 商家正式版
2018-12-01 19:08:02,312-mp_log-INFO-色彩纯姬模板操作成功,模板名称1130 商家正式版
2018-12-01 19:08:02,766-mp_log-INFO-红妆倾城模板操作成功,模板名称1130 商家正式版
2018-12-01 19:08:03,469-mp_log-INFO-丹阳圣莉斯歌模板操作成功,模板名称1130 商家正式版
2018-12-01 19:08:03,817-mp_log-INFO-金贵人Beauty模板操作成功,模板名称1130 商家正式版
2018-12-01 19:08:04,228-mp_log-INFO-芯语芳心模板操作成功,模板名称1130 商家正式版
2018-12-01 19:08:04,782-mp_log-INFO-还原美模板操作成功,模板名称1130 商家正式版
2018-12-01 19:08:05,283-mp_log-INFO-延颜美容模板操作成功,模板名称1130 商家正式版
2018-12-01 19:08:05,715-mp_log-INFO-缘临医疗美容模板操作成功,模板名称1130 商家正式版
2018-12-01 19:08:06,182-mp_log-INFO-梦圆皇宫模板操作成功,模板名称1130 商家正式版
2018-12-01 19:08:06,886-mp_log-INFO-美了就来模板操作成功,模板名称1130 商家正式版
2018-12-01 19:08:07,240-mp_log-INFO-恩雅模板操作成功,模板名称1130 商家正式版
2018-12-01 19:08:07,631-mp_log-INFO-俏丽屋模板操作成功,模板名称1130 商家正式版
2018-12-01 19:08:08,214-mp_log-INFO-YoungDream模板操作成功,模板名称1130 商家正式版
2018-12-01 19:08:08,687-mp_log-INFO-DR美研博士模板操作成功,模板名称1130 商家正式版
2018-12-01 19:08:09,244-mp_log-INFO-女秀才模板操作成功,模板名称1130 商家正式版
2018-12-01 19:08:09,761-mp_log-INFO-東美人儿模板操作成功,模板名称1130 商家正式版
2018-12-01 19:08:10,255-mp_log-INFO-承昱医疗模板操作成功,模板名称1130 商家正式版
2018-12-01 19:08:10,699-mp_log-INFO-斓悦庭模板操作成功,模板名称1130 商家正式版
2018-12-01 19:08:11,062-mp_log-INFO-美迩美整形模板操作成功,模板名称1130 商家正式版
2018-12-01 19:08:11,862-mp_log-INFO-唯美童妍模板操作成功,模板名称1130 商家正式版
2018-12-01 19:08:12,324-mp_log-INFO-BV美聚模板操作成功,模板名称1130 商家正式版
2018-12-01 19:08:12,693-mp_log-INFO-健丽宝美容模板操作成功,模板名称1130 商家正式版
2018-12-01 19:08:13,166-mp_log-INFO-掌上美管家A模板操作成功,模板名称1130 商家正式版
2018-12-01 19:08:13,873-mp_log-INFO-博妍集美模板操作成功,模板名称1130 商家正式版
2018-12-01 19:08:14,270-mp_log-INFO-雅涛世家模板操作成功,模板名称1130 商家正式版
2018-12-01 19:08:14,717-mp_log-INFO-双妹美容模板操作成功,模板名称1130 商家正式版
2018-12-01 19:08:15,152-mp_log-INFO-呈悦医疗模板操作成功,模板名称1130 商家正式版
2018-12-01 19:08:15,625-mp_log-INFO-来了美千丝美模板操作成功,模板名称1130 商家正式版
2018-12-01 19:08:16,426-mp_log-INFO-世纪之春模板操作成功,模板名称1130 商家正式版
2018-12-01 19:08:16,625-mp_log-INFO-雅梵GO美模板操作成功,模板名称1130 商家正式版
2018-12-01 19:08:17,141-mp_log-INFO-女主角美容模板操作成功,模板名称1130 商家正式版
2018-12-01 19:08:17,659-mp_log-INFO-来了就体验账模板操作成功,模板名称1130 商家正式版
2018-12-01 19:08:18,169-mp_log-INFO-弘粹堂模板操作成功,模板名称1130 商家正式版
2018-12-01 19:08:18,806-mp_log-INFO-环球美容模板操作成功,模板名称1130 商家正式版
2018-12-01 19:08:19,289-mp_log-INFO-乐聚模板操作成功,模板名称1130 商家正式版
2018-12-01 19:08:19,502-mp_log-INFO-诗芙侬模板操作成功,模板名称1130 商家正式版
2018-12-01 19:08:20,225-mp_log-INFO-沧州美美达模板操作成功,模板名称1130 商家正式版
2018-12-01 19:08:20,847-mp_log-INFO-妮娜形象管理模板操作成功,模板名称1130 商家正式版
2018-12-01 19:08:21,304-mp_log-INFO-赢美肌模板操作成功,模板名称1130 商家正式版
2018-12-01 19:08:21,644-mp_log-INFO-馨境堂模板操作成功,模板名称1130 商家正式版
2018-12-01 19:08:22,241-mp_log-INFO-良沐健康管理模板操作成功,模板名称1130 商家正式版
2018-12-01 19:08:22,785-mp_log-INFO-果蔬美容模板操作成功,模板名称1130 商家正式版
2018-12-01 19:08:23,190-mp_log-INFO-贝兰思模板操作成功,模板名称1130 商家正式版
2018-12-01 19:08:23,788-mp_log-INFO-东方秀丽模板操作成功,模板名称1130 商家正式版
2018-12-01 19:08:24,250-mp_log-INFO-缔罗嘉佳模板操作成功,模板名称1130 商家正式版
2018-12-01 19:08:24,748-mp_log-INFO-文轩专业美容模板操作成功,模板名称1130 商家正式版
2018-12-01 19:08:25,252-mp_log-INFO-欧丽薇模板操作成功,模板名称1130 商家正式版
