2018-12-12 20:19:43,533-Getlogin-ERROR-'token'
2018-12-12 20:19:43,534-mp_log-INFO-token获取成功......
2018-12-12 20:20:02,067-mp_log-INFO-获取所有小程序信息成功......
2018-12-12 20:20:02,622-mp_log-INFO-获取最新模板信息成功.......
2018-12-12 20:20:04,798-mp_log-INFO-环亚美容模板操作成功,模板名称12-12 18:16 商家最新版1.1.39
2018-12-12 20:20:05,471-mp_log-INFO-诺研皮肤管理模板操作成功,模板名称12-12 18:16 商家最新版1.1.39
2018-12-12 20:20:06,298-mp_log-INFO-绿苑女子模板操作成功,模板名称12-12 18:16 商家最新版1.1.39
2018-12-12 20:20:06,388-mp_log-INFO-广州七号驻颜模板操作成功,模板名称12-12 18:16 商家最新版1.1.39
2018-12-12 20:20:06,754-mp_log-INFO-曼奇莎模板操作成功,模板名称12-12 18:16 商家最新版1.1.39
2018-12-12 20:20:07,394-mp_log-INFO-诗美逸模板操作成功,模板名称12-12 18:16 商家最新版1.1.39
2018-12-12 20:20:07,836-mp_log-INFO-颐和美容模板操作成功,模板名称12-12 18:16 商家最新版1.1.39
2018-12-12 20:20:08,347-mp_log-INFO-草木缘模板操作成功,模板名称12-12 18:16 商家最新版1.1.39
2018-12-12 20:20:08,843-mp_log-INFO-梦颜科美模板操作成功,模板名称12-12 18:16 商家最新版1.1.39
2018-12-12 20:20:09,251-mp_log-INFO-来了美佳澜店模板操作成功,模板名称12-12 18:16 商家最新版1.1.39
2018-12-12 20:20:10,008-mp_log-INFO-润妃国际模板操作成功,模板名称12-12 18:16 商家最新版1.1.39
2018-12-12 20:20:10,437-mp_log-INFO-灵动模板操作成功,模板名称12-12 18:16 商家最新版1.1.39
2018-12-12 20:20:10,829-mp_log-INFO-康丽皇家模板操作成功,模板名称12-12 18:16 商家最新版1.1.39
2018-12-12 20:20:11,350-mp_log-INFO-iBEATA贝娅塔模板操作成功,模板名称12-12 18:16 商家最新版1.1.39
2018-12-12 20:20:11,990-mp_log-INFO-玫瑰坊模板操作成功,模板名称12-12 18:16 商家最新版1.1.39
2018-12-12 20:20:12,384-mp_log-INFO-芊思雅莎莎模板操作成功,模板名称12-12 18:16 商家最新版1.1.39
2018-12-12 20:20:12,849-mp_log-INFO-恒美世纪模板操作成功,模板名称12-12 18:16 商家最新版1.1.39
2018-12-12 20:20:13,378-mp_log-INFO-漂亮如你模板操作成功,模板名称12-12 18:16 商家最新版1.1.39
2018-12-12 20:20:13,849-mp_log-INFO-雪依氏模板操作成功,模板名称12-12 18:16 商家最新版1.1.39
2018-12-12 20:20:14,579-mp_log-INFO-星美国际模板操作成功,模板名称12-12 18:16 商家最新版1.1.39
2018-12-12 20:20:14,780-mp_log-INFO-霭伦恩美模板操作成功,模板名称12-12 18:16 商家最新版1.1.39
2018-12-12 20:20:15,340-mp_log-INFO-佳婳天美模板操作成功,模板名称12-12 18:16 商家最新版1.1.39
2018-12-12 20:20:15,767-mp_log-INFO-佐登妮丝模板操作成功,模板名称12-12 18:16 商家最新版1.1.39
2018-12-12 20:20:16,335-mp_log-INFO-娇阑美颜模板操作成功,模板名称12-12 18:16 商家最新版1.1.39
2018-12-12 20:20:16,909-mp_log-INFO-爱女士模板操作成功,模板名称12-12 18:16 商家最新版1.1.39
2018-12-12 20:20:17,297-mp_log-INFO-艾妍整形模板操作成功,模板名称12-12 18:16 商家最新版1.1.39
2018-12-12 20:20:17,884-mp_log-INFO-珍珍美容模板操作成功,模板名称12-12 18:16 商家最新版1.1.39
2018-12-12 20:20:18,305-mp_log-INFO-姿曼美容spa模板操作成功,模板名称12-12 18:16 商家最新版1.1.39
2018-12-12 20:20:18,978-mp_log-INFO-百合春天模板操作成功,模板名称12-12 18:16 商家最新版1.1.39
2018-12-12 20:20:19,622-mp_log-INFO-梅兰丽人模板操作成功,模板名称12-12 18:16 商家最新版1.1.39
2018-12-12 20:20:19,977-mp_log-INFO-东方仕典模板操作成功,模板名称12-12 18:16 商家最新版1.1.39
2018-12-12 20:20:20,435-mp_log-INFO-明剪一秀模板操作成功,模板名称12-12 18:16 商家最新版1.1.39
2018-12-12 20:20:20,752-mp_log-INFO-杭州东方整形模板操作成功,模板名称12-12 18:16 商家最新版1.1.39
2018-12-12 20:20:21,473-mp_log-INFO-美共享模板操作成功,模板名称12-12 18:16 商家最新版1.1.39
2018-12-12 20:20:21,767-mp_log-INFO-南洋beauty模板操作成功,模板名称12-12 18:16 商家最新版1.1.39
2018-12-12 20:20:22,360-mp_log-INFO-云立方模板操作成功,模板名称12-12 18:16 商家最新版1.1.39
2018-12-12 20:20:22,807-mp_log-INFO-佰味女人模板操作成功,模板名称12-12 18:16 商家最新版1.1.39
2018-12-12 20:20:23,298-mp_log-INFO-黄氏百佳模板操作成功,模板名称12-12 18:16 商家最新版1.1.39
2018-12-12 20:20:24,214-mp_log-INFO-艾尚美美哒模板操作成功,模板名称12-12 18:16 商家最新版1.1.39
2018-12-12 20:20:24,400-mp_log-INFO-玉颜堂模板操作成功,模板名称12-12 18:16 商家最新版1.1.39
2018-12-12 20:20:25,296-mp_log-INFO-美姿来就美模板操作成功,模板名称12-12 18:16 商家最新版1.1.39
2018-12-12 20:20:25,630-mp_log-INFO-来了美雲会所模板操作成功,模板名称12-12 18:16 商家最新版1.1.39
2018-12-12 20:20:26,345-mp_log-INFO-长江九号模板操作成功,模板名称12-12 18:16 商家最新版1.1.39
2018-12-12 20:20:26,532-mp_log-INFO-天使国际模板操作成功,模板名称12-12 18:16 商家最新版1.1.39
2018-12-12 20:20:26,835-mp_log-INFO-如生堂模板操作成功,模板名称12-12 18:16 商家最新版1.1.39
2018-12-12 20:20:27,489-mp_log-INFO-梦田芳香Spa模板操作成功,模板名称12-12 18:16 商家最新版1.1.39
2018-12-12 20:20:27,890-mp_log-INFO-红妆倾城模板操作成功,模板名称12-12 18:16 商家最新版1.1.39
2018-12-12 20:20:28,285-mp_log-INFO-丹阳圣莉斯歌模板操作成功,模板名称12-12 18:16 商家最新版1.1.39
2018-12-12 20:20:28,940-mp_log-INFO-金贵人Beauty模板操作成功,模板名称12-12 18:16 商家最新版1.1.39
2018-12-12 20:20:29,380-mp_log-INFO-芯语芳心模板操作成功,模板名称12-12 18:16 商家最新版1.1.39
2018-12-12 20:20:30,069-mp_log-INFO-还原美模板操作成功,模板名称12-12 18:16 商家最新版1.1.39
2018-12-12 20:20:30,767-mp_log-INFO-延颜美容模板操作成功,模板名称12-12 18:16 商家最新版1.1.39
2018-12-12 20:20:30,795-mp_log-INFO-美迩美整形模板操作成功,模板名称12-12 18:16 商家最新版1.1.39
2018-12-12 20:20:31,474-mp_log-INFO-唯美童妍模板操作成功,模板名称12-12 18:16 商家最新版1.1.39
2018-12-12 20:20:31,906-mp_log-INFO-乐聚模板操作成功,模板名称12-12 18:16 商家最新版1.1.39
2018-12-12 20:20:32,524-mp_log-INFO-良沐健康管理模板操作成功,模板名称12-12 18:16 商家最新版1.1.39
