2018-12-14 10:43:57,335-Getlogin-ERROR-'token'
2018-12-14 10:43:57,337-mp_log-INFO-token获取成功......
2018-12-14 10:44:13,903-mp_log-INFO-获取所有小程序信息成功......
2018-12-14 10:44:14,601-mp_log-INFO-获取最新模板信息成功.......
2018-12-14 10:44:17,509-mp_log-INFO-环亚美容提交成功
2018-12-14 10:44:18,030-mp_log-ERROR-sdfdsfdsf提交失败
2018-12-14 10:44:18,192-mp_log-INFO-诺研皮肤管理提交成功
2018-12-14 10:44:18,459-mp_log-INFO-芳妍美容提交成功
2018-12-14 10:44:19,257-mp_log-INFO-绿苑女子提交成功
2018-12-14 10:44:20,376-mp_log-INFO-伊之花美容提交成功
2018-12-14 10:44:20,704-mp_log-INFO-广州七号驻颜提交成功
2018-12-14 10:44:21,346-mp_log-INFO-曼奇莎提交成功
2018-12-14 10:44:21,825-mp_log-INFO-诗美逸提交成功
2018-12-14 10:44:22,266-mp_log-INFO-颐和美容提交成功
2018-12-14 10:44:22,842-mp_log-ERROR-漂亮宝贝提交失败
2018-12-14 10:44:22,887-mp_log-INFO-赫阁尔提交成功
2018-12-14 10:44:23,196-mp_log-INFO-草木缘提交成功
2018-12-14 10:44:24,287-mp_log-INFO-梦颜科美提交成功
2018-12-14 10:44:24,637-mp_log-INFO-都市点点提交成功
2018-12-14 10:44:25,212-mp_log-INFO-来了美佳澜店提交成功
2018-12-14 10:44:26,101-mp_log-INFO-木子美甲美睫提交成功
2018-12-14 10:44:26,251-mp_log-INFO-润妃国际提交成功
2018-12-14 10:44:26,681-mp_log-INFO-灵动提交成功
2018-12-14 10:44:27,138-mp_log-INFO-康丽皇家提交成功
2018-12-14 10:44:27,862-mp_log-INFO-美丽驿站提交成功
2018-12-14 10:44:28,039-mp_log-ERROR-市场演示专用提交失败
2018-12-14 10:44:28,140-mp_log-INFO-美美昭彦提交成功
2018-12-14 10:44:28,660-mp_log-INFO-匠美JMBEAUTY提交成功
2018-12-14 10:44:29,290-mp_log-INFO-HB美尚荟提交成功
2018-12-14 10:44:30,270-mp_log-INFO-Youngface提交成功
2018-12-14 10:44:30,876-mp_log-INFO-爱睿熙国际提交成功
2018-12-14 10:44:31,291-mp_log-INFO-当今悦美提交成功
2018-12-14 10:44:32,233-mp_log-INFO-谦和国际提交成功
2018-12-14 10:44:32,429-mp_log-INFO-米蝶·快美吧提交成功
2018-12-14 10:44:32,591-mp_log-INFO-iBEATA贝娅塔提交成功
2018-12-14 10:44:33,220-mp_log-INFO-菲常美提交成功
2018-12-14 10:44:33,790-mp_log-INFO-当代经典提交成功
2018-12-14 10:44:34,140-mp_log-INFO-东方丽人提交成功
2018-12-14 10:44:34,488-mp_log-INFO-盛士兰提交成功
2018-12-14 10:44:35,027-mp_log-INFO-玫瑰坊提交成功
2018-12-14 10:44:35,625-mp_log-INFO-悠兰lyj提交成功
2018-12-14 10:44:35,828-mp_log-ERROR-来就健康提交失败
2018-12-14 10:44:36,071-mp_log-INFO-芊思雅莎莎提交成功
2018-12-14 10:44:36,701-mp_log-ERROR-美人记Diary提交失败
2018-12-14 10:44:37,102-mp_log-INFO-恒美世纪提交成功
2018-12-14 10:44:38,207-mp_log-INFO-美范·珺之屋提交成功
2018-12-14 10:44:38,635-mp_log-INFO-菲梵经典提交成功
2018-12-14 10:44:39,405-mp_log-INFO-悦芳泉SPA提交成功
2018-12-14 10:44:39,525-mp_log-INFO-爱美丽提交成功
2018-12-14 10:44:40,378-mp_log-INFO-漂亮如你提交成功
2018-12-14 10:44:40,682-mp_log-INFO-广西宝宝爱提交成功
2018-12-14 10:44:41,168-mp_log-INFO-虞诗蔓提交成功
2018-12-14 10:44:41,659-mp_log-INFO-D5 season提交成功
2018-12-14 10:44:42,336-mp_log-INFO-唯艳美提交成功
2018-12-14 10:44:42,468-mp_log-INFO-吉美妍丽提交成功
2018-12-14 10:44:43,308-mp_log-INFO-雪依氏提交成功
2018-12-14 10:44:43,739-mp_log-INFO-书白美企提交成功
2018-12-14 10:44:44,222-mp_log-INFO-星美国际提交成功
2018-12-14 10:44:44,785-mp_log-INFO-霭伦恩美提交成功
2018-12-14 10:44:45,171-mp_log-INFO-来美吧提交成功
2018-12-14 10:44:45,445-mp_log-INFO-伊美朗提交成功
2018-12-14 10:44:46,195-mp_log-INFO-美美一生提交成功
2018-12-14 10:44:46,658-mp_log-INFO-佳婳天美提交成功
2018-12-14 10:44:47,335-mp_log-INFO-兴美源提交成功
2018-12-14 10:44:47,560-mp_log-INFO-优年轻提交成功
2018-12-14 10:44:48,120-mp_log-INFO-易康国际提交成功
2018-12-14 10:44:48,735-mp_log-INFO-美美昭妍提交成功
2018-12-14 10:44:49,131-mp_log-INFO-佐登妮丝提交成功
2018-12-14 10:44:49,862-mp_log-INFO-阿星国际提交成功
2018-12-14 10:44:50,254-mp_log-INFO-娇阑美颜提交成功
2018-12-14 10:44:50,706-mp_log-INFO-爱女士提交成功
2018-12-14 10:44:51,301-mp_log-INFO-PS智能美肤提交成功
2018-12-14 10:44:51,691-mp_log-INFO-艾妍整形提交成功
2018-12-14 10:44:52,125-mp_log-INFO-珍珍美容提交成功
2018-12-14 10:44:52,557-mp_log-INFO-姿曼美容spa提交成功
2018-12-14 10:44:53,002-mp_log-INFO-巴黎情缘提交成功
2018-12-14 10:44:53,868-mp_log-INFO-百合春天提交成功
2018-12-14 10:44:54,418-mp_log-INFO-梅兰丽人提交成功
2018-12-14 10:44:56,121-mp_log-INFO-美由心生提交成功
2018-12-14 10:44:56,599-mp_log-INFO-雅致璇肌提交成功
2018-12-14 10:44:56,810-mp_log-ERROR-GOGO宝迪提交失败
2018-12-14 10:44:56,839-mp_log-INFO-诗露丽涵提交成功
2018-12-14 10:44:56,880-mp_log-INFO-燕燕尊尚美容提交成功
2018-12-14 10:44:57,058-mp_log-INFO-东方仕典提交成功
2018-12-14 10:44:57,226-mp_log-INFO-韩流美美店提交成功
2018-12-14 10:44:58,428-mp_log-INFO-月瘦月美提交成功
2018-12-14 10:44:58,596-mp_log-INFO-启程金典美业提交成功
2018-12-14 10:44:59,149-mp_log-INFO-年轻我可以提交成功
2018-12-14 10:44:59,840-mp_log-INFO-精工皇族提交成功
2018-12-14 10:45:00,357-mp_log-INFO-明剪一秀提交成功
2018-12-14 10:45:00,609-mp_log-INFO-深圳丝客富提交成功
2018-12-14 10:45:01,118-mp_log-INFO-DuDuBeauty提交成功
2018-12-14 10:45:01,930-mp_log-INFO-琉璃水城提交成功
2018-12-14 10:45:02,118-mp_log-INFO-栢草源提交成功
2018-12-14 10:45:02,590-mp_log-INFO-杭州东方整形提交成功
2018-12-14 10:45:03,104-mp_log-INFO-ONI速美提交成功
2018-12-14 10:45:03,597-mp_log-INFO-YAN健康•美+提交成功
2018-12-14 10:45:04,293-mp_log-INFO-MMbeauty提交成功
2018-12-14 10:45:04,614-mp_log-INFO-美共享提交成功
2018-12-14 10:45:05,438-mp_log-INFO-靓佳人提交成功
2018-12-14 10:45:05,787-mp_log-INFO-ME智慧美店提交成功
2018-12-14 10:45:06,523-mp_log-INFO-二院美丽之约提交成功
2018-12-14 10:45:06,788-mp_log-INFO-紫舟美业提交成功
2018-12-14 10:45:07,044-mp_log-INFO-南洋beauty提交成功
2018-12-14 10:45:07,597-mp_log-INFO-阿芙洛蒂提交成功
2018-12-14 10:45:08,201-mp_log-INFO-来了美标榜店提交成功
2018-12-14 10:45:09,567-mp_log-INFO-美德福提交成功
2018-12-14 10:45:09,575-mp_log-INFO-岳灵生发提交成功
2018-12-14 10:45:09,683-mp_log-INFO-美姿源提交成功
2018-12-14 10:45:10,176-mp_log-INFO-维多丽雅提交成功
2018-12-14 10:45:10,779-mp_log-INFO-雅典娜提交成功
2018-12-14 10:45:11,074-mp_log-ERROR-光速美提交失败
2018-12-14 10:45:12,014-mp_log-INFO-妃香伊丹提交成功
2018-12-14 10:45:12,290-mp_log-INFO-杭州桐雅提交成功
2018-12-14 10:45:12,302-mp_log-INFO-王海棠养生馆提交成功
2018-12-14 10:45:13,212-mp_log-INFO-张氏纳然姬朵提交成功
2018-12-14 10:45:13,495-mp_log-INFO-魅力华健提交成功
2018-12-14 10:45:14,137-mp_log-INFO-圣水伊人提交成功
2018-12-14 10:45:14,651-mp_log-INFO-窈窕淑女提交成功
2018-12-14 10:45:15,358-mp_log-INFO-绮莉尔智能美提交成功
2018-12-14 10:45:15,690-mp_log-INFO-香密雅CIMIA提交成功
2018-12-14 10:45:16,172-mp_log-INFO-妍雅媛提交成功
2018-12-14 10:45:16,661-mp_log-ERROR-轻医美提交失败
2018-12-14 10:45:16,698-mp_log-INFO-来了美提交成功
2018-12-14 10:45:17,073-mp_log-INFO-云立方提交成功
2018-12-14 10:45:18,168-mp_log-INFO-世纪春天提交成功
2018-12-14 10:45:18,782-mp_log-INFO-贵妇人提交成功
2018-12-14 10:45:19,369-mp_log-INFO-BabyBeauty提交成功
2018-12-14 10:45:19,808-mp_log-INFO-奇遇青春提交成功
2018-12-14 10:45:20,152-mp_log-INFO-来了美韩尚恩提交成功
2018-12-14 10:45:20,768-mp_log-INFO-纤指百媚提交成功
2018-12-14 10:45:21,097-mp_log-INFO-美之颜提交成功
2018-12-14 10:45:21,621-mp_log-INFO-贝琳菲美业提交成功
2018-12-14 10:45:22,227-mp_log-INFO-郦芙蓉beauty提交成功
2018-12-14 10:45:22,668-mp_log-INFO-玫香源提交成功
2018-12-14 10:45:22,688-mp_log-ERROR-服务商账号提交失败
2018-12-14 10:45:23,915-mp_log-INFO-香住SPA提交成功
2018-12-14 10:45:24,255-mp_log-INFO-依蔻依美提交成功
2018-12-14 10:45:24,740-mp_log-INFO-佰味女人提交成功
2018-12-14 10:45:25,388-mp_log-INFO-黄氏百佳提交成功
2018-12-14 10:45:25,670-mp_log-INFO-创美雅香莱提交成功
2018-12-14 10:45:25,785-mp_log-ERROR-涣美医疗提交失败
2018-12-14 10:45:26,263-mp_log-INFO-艾面一族 提交成功
2018-12-14 10:45:27,091-mp_log-INFO-植美SPA提交成功
2018-12-14 10:45:27,719-mp_log-INFO-曼姿提交成功
2018-12-14 10:45:28,145-mp_log-INFO-美丽九九提交成功
2018-12-14 10:45:28,522-mp_log-INFO-南国西子提交成功
2018-12-14 10:45:29,207-mp_log-INFO-百分国际美容提交成功
2018-12-14 10:45:29,853-mp_log-INFO-千颂伊美学中心提交成功
2018-12-14 10:45:30,290-mp_log-INFO-艾尚美美哒提交成功
2018-12-14 10:45:30,845-mp_log-INFO-玉颜堂提交成功
2018-12-14 10:45:31,376-mp_log-INFO-金美源提交成功
2018-12-14 10:45:31,666-mp_log-INFO-爱玛仕嘉提交成功
2018-12-14 10:45:32,327-mp_log-INFO-智能科技美店提交成功
2018-12-14 10:45:32,782-mp_log-INFO-欧妮薇提交成功
2018-12-14 10:45:33,261-mp_log-INFO-成都净美天使提交成功
2018-12-14 10:45:33,858-mp_log-INFO-美姿来就美提交成功
2018-12-14 10:45:34,169-mp_log-INFO-IVY艾菲芭提交成功
2018-12-14 10:45:34,650-mp_log-INFO-引导美体验店提交成功
2018-12-14 10:45:35,230-mp_log-INFO-来了美雲会所提交成功
2018-12-14 10:45:35,571-mp_log-INFO-SoBeauty提交成功
2018-12-14 10:45:36,239-mp_log-INFO-蒙妮莎新美容提交成功
2018-12-14 10:45:36,850-mp_log-INFO-筋生美提交成功
2018-12-14 10:45:37,130-mp_log-INFO-来了美美吧提交成功
2018-12-14 10:45:37,655-mp_log-INFO-金柏丽提交成功
2018-12-14 10:45:38,189-mp_log-INFO-长江九号提交成功
2018-12-14 10:45:38,810-mp_log-INFO-优文专业脱毛提交成功
2018-12-14 10:45:39,265-mp_log-INFO-天使国际提交成功
2018-12-14 10:45:39,631-mp_log-INFO-如生堂提交成功
2018-12-14 10:45:40,774-mp_log-INFO-梦田芳香Spa提交成功
2018-12-14 10:45:40,885-mp_log-INFO-贝施纤体提交成功
2018-12-14 10:45:41,510-mp_log-INFO-色彩纯姬提交成功
2018-12-14 10:45:41,781-mp_log-INFO-红妆倾城提交成功
2018-12-14 10:45:42,356-mp_log-INFO-丹阳圣莉斯歌提交成功
2018-12-14 10:45:42,719-mp_log-INFO-金贵人Beauty提交成功
2018-12-14 10:45:43,297-mp_log-INFO-芯语芳心提交成功
2018-12-14 10:45:44,963-mp_log-INFO-延颜美容提交成功
2018-12-14 10:45:45,077-mp_log-INFO-缘临医疗美容提交成功
2018-12-14 10:45:45,126-mp_log-INFO-还原美提交成功
2018-12-14 10:45:45,173-mp_log-INFO-梦圆皇宫提交成功
2018-12-14 10:45:45,744-mp_log-INFO-美了就来提交成功
2018-12-14 10:45:45,799-mp_log-ERROR-董萍智慧美店提交失败
2018-12-14 10:45:46,280-mp_log-INFO-恩雅提交成功
2018-12-14 10:45:46,953-mp_log-INFO-俏丽屋提交成功
2018-12-14 10:45:47,831-mp_log-INFO-YoungDream提交成功
2018-12-14 10:45:48,445-mp_log-INFO-DR美研博士提交成功
2018-12-14 10:45:48,719-mp_log-INFO-女秀才提交成功
2018-12-14 10:45:49,300-mp_log-INFO-東美人儿提交成功
2018-12-14 10:45:49,593-mp_log-INFO-承昱医疗提交成功
2018-12-14 10:45:50,284-mp_log-INFO-斓悦庭提交成功
2018-12-14 10:45:51,002-mp_log-INFO-美迩美整形提交成功
2018-12-14 10:45:51,273-mp_log-INFO-唯美童妍提交成功
2018-12-14 10:45:51,917-mp_log-INFO-BV美聚提交成功
2018-12-14 10:45:52,216-mp_log-INFO-健丽宝美容提交成功
2018-12-14 10:45:52,830-mp_log-INFO-掌上美管家A提交成功
2018-12-14 10:45:53,387-mp_log-INFO-博妍集美提交成功
2018-12-14 10:45:53,907-mp_log-INFO-雅涛世家提交成功
2018-12-14 10:45:53,968-mp_log-ERROR-呈悦医疗提交失败
2018-12-14 10:45:54,317-mp_log-INFO-双妹美容提交成功
2018-12-14 10:45:55,179-mp_log-INFO-来了美千丝美提交成功
2018-12-14 10:45:55,751-mp_log-INFO-世纪之春提交成功
2018-12-14 10:45:56,358-mp_log-INFO-雅梵GO美提交成功
2018-12-14 10:45:56,793-mp_log-INFO-女主角美容提交成功
2018-12-14 10:45:56,888-mp_log-ERROR-弘粹堂提交失败
2018-12-14 10:45:57,433-mp_log-INFO-来了就体验账提交成功
2018-12-14 10:45:58,285-mp_log-INFO-环球美容提交成功
2018-12-14 10:45:58,960-mp_log-INFO-乐聚提交成功
2018-12-14 10:45:59,159-mp_log-INFO-诗芙侬提交成功
2018-12-14 10:45:59,889-mp_log-INFO-沧州美美达提交成功
2018-12-14 10:46:00,576-mp_log-INFO-妮娜形象管理提交成功
2018-12-14 10:46:00,825-mp_log-INFO-赢美肌提交成功
2018-12-14 10:46:01,355-mp_log-INFO-馨境堂提交成功
2018-12-14 10:46:01,932-mp_log-INFO-良沐健康管理提交成功
2018-12-14 10:46:02,357-mp_log-INFO-果蔬美容提交成功
2018-12-14 10:46:02,893-mp_log-INFO-贝兰思提交成功
2018-12-14 10:46:03,454-mp_log-INFO-东方秀丽提交成功
2018-12-14 10:46:03,857-mp_log-INFO-缔罗嘉佳提交成功
2018-12-14 10:46:04,786-mp_log-INFO-文轩专业美容提交成功
2018-12-14 10:46:04,881-mp_log-INFO-欧丽薇提交成功
