2018-12-12 20:17:24,153-Getlogin-ERROR-'token'
2018-12-12 20:17:24,155-mp_log-INFO-token获取成功......
2018-12-12 20:17:42,332-mp_log-INFO-获取所有小程序信息成功......
2018-12-12 20:17:42,803-mp_log-INFO-获取最新模板信息成功.......
2018-12-12 20:17:44,824-mp_log-INFO-芳妍美容模板操作成功,模板名称12-12 18:16 商家最新版1.1.39
2018-12-12 20:17:45,565-mp_log-INFO-伊之花美容模板操作成功,模板名称12-12 18:16 商家最新版1.1.39
2018-12-12 20:17:46,221-mp_log-INFO-赫阁尔模板操作成功,模板名称12-12 18:16 商家最新版1.1.39
2018-12-12 20:17:46,647-mp_log-INFO-漂亮宝贝模板操作成功,模板名称12-12 18:16 商家最新版1.1.39
2018-12-12 20:17:47,212-mp_log-INFO-都市点点模板操作成功,模板名称12-12 18:16 商家最新版1.1.39
2018-12-12 20:17:47,519-mp_log-INFO-木子美甲美睫模板操作成功,模板名称12-12 18:16 商家最新版1.1.39
2018-12-12 20:17:48,004-mp_log-INFO-美丽驿站模板操作成功,模板名称12-12 18:16 商家最新版1.1.39
2018-12-12 20:17:48,700-mp_log-INFO-美美昭彦模板操作成功,模板名称12-12 18:16 商家最新版1.1.39
2018-12-12 20:17:48,960-mp_log-INFO-匠美JMBEAUTY模板操作成功,模板名称12-12 18:16 商家最新版1.1.39
2018-12-12 20:17:49,439-mp_log-INFO-HB美尚荟模板操作成功,模板名称12-12 18:16 商家最新版1.1.39
2018-12-12 20:17:50,050-mp_log-INFO-Youngface模板操作成功,模板名称12-12 18:16 商家最新版1.1.39
2018-12-12 20:17:50,775-mp_log-INFO-爱睿熙国际模板操作成功,模板名称12-12 18:16 商家最新版1.1.39
2018-12-12 20:17:51,126-mp_log-INFO-当今悦美模板操作成功,模板名称12-12 18:16 商家最新版1.1.39
2018-12-12 20:17:51,688-mp_log-INFO-谦和国际模板操作成功,模板名称12-12 18:16 商家最新版1.1.39
2018-12-12 20:17:51,999-mp_log-INFO-米蝶·快美吧模板操作成功,模板名称12-12 18:16 商家最新版1.1.39
2018-12-12 20:17:52,485-mp_log-INFO-菲常美模板操作成功,模板名称12-12 18:16 商家最新版1.1.39
2018-12-12 20:17:53,033-mp_log-INFO-当代经典模板操作成功,模板名称12-12 18:16 商家最新版1.1.39
2018-12-12 20:17:53,669-mp_log-INFO-东方丽人模板操作成功,模板名称12-12 18:16 商家最新版1.1.39
2018-12-12 20:17:54,200-mp_log-INFO-盛士兰模板操作成功,模板名称12-12 18:16 商家最新版1.1.39
2018-12-12 20:17:54,582-mp_log-INFO-悠兰lyj模板操作成功,模板名称12-12 18:16 商家最新版1.1.39
2018-12-12 20:17:55,758-mp_log-INFO-美人记Diary模板操作成功,模板名称12-12 18:16 商家最新版1.1.39
2018-12-12 20:17:55,758-mp_log-INFO-来就健康模板操作成功,模板名称12-12 18:16 商家最新版1.1.39
2018-12-12 20:17:55,996-mp_log-INFO-美范·珺之屋模板操作成功,模板名称12-12 18:16 商家最新版1.1.39
2018-12-12 20:17:56,479-mp_log-INFO-菲梵经典模板操作成功,模板名称12-12 18:16 商家最新版1.1.39
2018-12-12 20:17:57,335-mp_log-INFO-悦芳泉SPA模板操作成功,模板名称12-12 18:16 商家最新版1.1.39
2018-12-12 20:17:57,852-mp_log-INFO-爱美丽模板操作成功,模板名称12-12 18:16 商家最新版1.1.39
2018-12-12 20:17:58,120-mp_log-INFO-广西宝宝爱模板操作成功,模板名称12-12 18:16 商家最新版1.1.39
2018-12-12 20:17:58,902-mp_log-INFO-虞诗蔓模板操作成功,模板名称12-12 18:16 商家最新版1.1.39
2018-12-12 20:17:59,099-mp_log-INFO-D5 season模板操作成功,模板名称12-12 18:16 商家最新版1.1.39
2018-12-12 20:18:00,248-mp_log-INFO-唯艳美模板操作成功,模板名称12-12 18:16 商家最新版1.1.39
2018-12-12 20:18:00,284-mp_log-INFO-吉美妍丽模板操作成功,模板名称12-12 18:16 商家最新版1.1.39
2018-12-12 20:18:00,930-mp_log-INFO-书白美企模板操作成功,模板名称12-12 18:16 商家最新版1.1.39
2018-12-12 20:18:01,329-mp_log-INFO-来美吧模板操作成功,模板名称12-12 18:16 商家最新版1.1.39
2018-12-12 20:18:01,746-mp_log-INFO-伊美朗模板操作成功,模板名称12-12 18:16 商家最新版1.1.39
2018-12-12 20:18:02,148-mp_log-INFO-美美一生模板操作成功,模板名称12-12 18:16 商家最新版1.1.39
2018-12-12 20:18:02,639-mp_log-INFO-兴美源模板操作成功,模板名称12-12 18:16 商家最新版1.1.39
2018-12-12 20:18:03,060-mp_log-INFO-优年轻模板操作成功,模板名称12-12 18:16 商家最新版1.1.39
2018-12-12 20:18:03,581-mp_log-INFO-易康国际模板操作成功,模板名称12-12 18:16 商家最新版1.1.39
2018-12-12 20:18:04,917-mp_log-INFO-阿星国际模板操作成功,模板名称12-12 18:16 商家最新版1.1.39
2018-12-12 20:18:04,925-mp_log-INFO-美美昭妍模板操作成功,模板名称12-12 18:16 商家最新版1.1.39
2018-12-12 20:18:04,943-mp_log-INFO-PS智能美肤模板操作成功,模板名称12-12 18:16 商家最新版1.1.39
2018-12-12 20:18:05,424-mp_log-INFO-巴黎情缘模板操作成功,模板名称12-12 18:16 商家最新版1.1.39
2018-12-12 20:18:06,220-mp_log-INFO-美由心生模板操作成功,模板名称12-12 18:16 商家最新版1.1.39
2018-12-12 20:18:06,616-mp_log-INFO-燕燕尊尚美容模板操作成功,模板名称12-12 18:16 商家最新版1.1.39
2018-12-12 20:18:06,993-mp_log-INFO-雅致璇肌模板操作成功,模板名称12-12 18:16 商家最新版1.1.39
2018-12-12 20:18:07,444-mp_log-INFO-诗露丽涵模板操作成功,模板名称12-12 18:16 商家最新版1.1.39
2018-12-12 20:18:08,194-mp_log-INFO-韩流美美店模板操作成功,模板名称12-12 18:16 商家最新版1.1.39
2018-12-12 20:18:08,419-mp_log-INFO-GOGO宝迪模板操作成功,模板名称12-12 18:16 商家最新版1.1.39
2018-12-12 20:18:08,909-mp_log-INFO-月瘦月美模板操作成功,模板名称12-12 18:16 商家最新版1.1.39
2018-12-12 20:18:09,394-mp_log-INFO-启程金典美业模板操作成功,模板名称12-12 18:16 商家最新版1.1.39
2018-12-12 20:18:09,934-mp_log-INFO-年轻我可以模板操作成功,模板名称12-12 18:16 商家最新版1.1.39
2018-12-12 20:18:10,376-mp_log-INFO-精工皇族模板操作成功,模板名称12-12 18:16 商家最新版1.1.39
2018-12-12 20:18:10,877-mp_log-INFO-深圳丝客富模板操作成功,模板名称12-12 18:16 商家最新版1.1.39
2018-12-12 20:18:11,542-mp_log-INFO-DuDuBeauty模板操作成功,模板名称12-12 18:16 商家最新版1.1.39
2018-12-12 20:18:11,925-mp_log-INFO-琉璃水城模板操作成功,模板名称12-12 18:16 商家最新版1.1.39
2018-12-12 20:18:12,381-mp_log-INFO-栢草源模板操作成功,模板名称12-12 18:16 商家最新版1.1.39
2018-12-12 20:18:13,278-mp_log-INFO-ONI速美模板操作成功,模板名称12-12 18:16 商家最新版1.1.39
2018-12-12 20:18:13,548-mp_log-INFO-YAN健康•美+模板操作成功,模板名称12-12 18:16 商家最新版1.1.39
2018-12-12 20:18:14,079-mp_log-INFO-MMbeauty模板操作成功,模板名称12-12 18:16 商家最新版1.1.39
2018-12-12 20:18:14,681-mp_log-INFO-靓佳人模板操作成功,模板名称12-12 18:16 商家最新版1.1.39
2018-12-12 20:18:15,112-mp_log-INFO-ME智慧美店模板操作成功,模板名称12-12 18:16 商家最新版1.1.39
2018-12-12 20:18:15,501-mp_log-INFO-二院美丽之约模板操作成功,模板名称12-12 18:16 商家最新版1.1.39
2018-12-12 20:18:15,819-mp_log-INFO-紫舟美业模板操作成功,模板名称12-12 18:16 商家最新版1.1.39
2018-12-12 20:18:16,449-mp_log-INFO-阿芙洛蒂模板操作成功,模板名称12-12 18:16 商家最新版1.1.39
2018-12-12 20:18:16,899-mp_log-INFO-来了美标榜店模板操作成功,模板名称12-12 18:16 商家最新版1.1.39
2018-12-12 20:18:17,470-mp_log-INFO-美德福模板操作成功,模板名称12-12 18:16 商家最新版1.1.39
2018-12-12 20:18:18,124-mp_log-INFO-岳灵生发模板操作成功,模板名称12-12 18:16 商家最新版1.1.39
2018-12-12 20:18:18,468-mp_log-INFO-美姿源模板操作成功,模板名称12-12 18:16 商家最新版1.1.39
2018-12-12 20:18:19,144-mp_log-INFO-维多丽雅模板操作成功,模板名称12-12 18:16 商家最新版1.1.39
2018-12-12 20:18:19,536-mp_log-INFO-雅典娜模板操作成功,模板名称12-12 18:16 商家最新版1.1.39
2018-12-12 20:18:19,844-mp_log-INFO-杭州桐雅模板操作成功,模板名称12-12 18:16 商家最新版1.1.39
2018-12-12 20:18:20,491-mp_log-INFO-妃香伊丹模板操作成功,模板名称12-12 18:16 商家最新版1.1.39
2018-12-12 20:18:20,982-mp_log-INFO-王海棠养生馆模板操作成功,模板名称12-12 18:16 商家最新版1.1.39
2018-12-12 20:18:21,561-mp_log-INFO-张氏纳然姬朵模板操作成功,模板名称12-12 18:16 商家最新版1.1.39
2018-12-12 20:18:22,001-mp_log-INFO-魅力华健模板操作成功,模板名称12-12 18:16 商家最新版1.1.39
2018-12-12 20:18:22,458-mp_log-INFO-圣水伊人模板操作成功,模板名称12-12 18:16 商家最新版1.1.39
2018-12-12 20:18:23,207-mp_log-INFO-窈窕淑女模板操作成功,模板名称12-12 18:16 商家最新版1.1.39
2018-12-12 20:18:24,086-mp_log-INFO-绮莉尔智能美模板操作成功,模板名称12-12 18:16 商家最新版1.1.39
2018-12-12 20:18:24,330-mp_log-INFO-香密雅CIMIA模板操作成功,模板名称12-12 18:16 商家最新版1.1.39
2018-12-12 20:18:24,668-mp_log-INFO-妍雅媛模板操作成功,模板名称12-12 18:16 商家最新版1.1.39
2018-12-12 20:18:25,165-mp_log-INFO-来了美模板操作成功,模板名称12-12 18:16 商家最新版1.1.39
2018-12-12 20:18:25,635-mp_log-INFO-轻医美模板操作成功,模板名称12-12 18:16 商家最新版1.1.39
2018-12-12 20:18:26,429-mp_log-INFO-世纪春天模板操作成功,模板名称12-12 18:16 商家最新版1.1.39
2018-12-12 20:18:26,785-mp_log-INFO-贵妇人模板操作成功,模板名称12-12 18:16 商家最新版1.1.39
2018-12-12 20:18:27,227-mp_log-INFO-BabyBeauty模板操作成功,模板名称12-12 18:16 商家最新版1.1.39
2018-12-12 20:18:27,551-mp_log-INFO-奇遇青春模板操作成功,模板名称12-12 18:16 商家最新版1.1.39
2018-12-12 20:18:28,008-mp_log-INFO-来了美韩尚恩模板操作成功,模板名称12-12 18:16 商家最新版1.1.39
2018-12-12 20:18:28,745-mp_log-INFO-纤指百媚模板操作成功,模板名称12-12 18:16 商家最新版1.1.39
2018-12-12 20:18:29,153-mp_log-INFO-美之颜模板操作成功,模板名称12-12 18:16 商家最新版1.1.39
2018-12-12 20:18:29,652-mp_log-INFO-GOGOBeauty模板操作成功,模板名称12-12 18:16 商家最新版1.1.39
2018-12-12 20:18:30,181-mp_log-INFO-贝琳菲美业模板操作成功,模板名称12-12 18:16 商家最新版1.1.39
2018-12-12 20:18:30,858-mp_log-INFO-郦芙蓉beauty模板操作成功,模板名称12-12 18:16 商家最新版1.1.39
2018-12-12 20:18:31,122-mp_log-INFO-玫香源模板操作成功,模板名称12-12 18:16 商家最新版1.1.39
2018-12-12 20:18:31,732-mp_log-INFO-香住SPA模板操作成功,模板名称12-12 18:16 商家最新版1.1.39
2018-12-12 20:18:31,934-mp_log-INFO-依蔻依美模板操作成功,模板名称12-12 18:16 商家最新版1.1.39
2018-12-12 20:18:32,488-mp_log-INFO-创美雅香莱模板操作成功,模板名称12-12 18:16 商家最新版1.1.39
2018-12-12 20:18:33,510-mp_log-INFO-涣美医疗模板操作成功,模板名称12-12 18:16 商家最新版1.1.39
2018-12-12 20:18:33,584-mp_log-INFO-艾面一族 模板操作成功,模板名称12-12 18:16 商家最新版1.1.39
2018-12-12 20:18:34,264-mp_log-INFO-植美SPA模板操作成功,模板名称12-12 18:16 商家最新版1.1.39
2018-12-12 20:18:34,663-mp_log-INFO-曼姿模板操作成功,模板名称12-12 18:16 商家最新版1.1.39
2018-12-12 20:18:35,214-mp_log-INFO-美丽九九模板操作成功,模板名称12-12 18:16 商家最新版1.1.39
2018-12-12 20:18:35,709-mp_log-INFO-南国西子模板操作成功,模板名称12-12 18:16 商家最新版1.1.39
2018-12-12 20:18:36,232-mp_log-INFO-百分国际美容模板操作成功,模板名称12-12 18:16 商家最新版1.1.39
2018-12-12 20:18:36,696-mp_log-INFO-千颂伊美学中心模板操作成功,模板名称12-12 18:16 商家最新版1.1.39
2018-12-12 20:18:36,941-mp_log-INFO-金美源模板操作成功,模板名称12-12 18:16 商家最新版1.1.39
2018-12-12 20:18:37,759-mp_log-INFO-爱玛仕嘉模板操作成功,模板名称12-12 18:16 商家最新版1.1.39
2018-12-12 20:18:37,879-mp_log-INFO-智能科技美店模板操作成功,模板名称12-12 18:16 商家最新版1.1.39
2018-12-12 20:18:38,749-mp_log-INFO-欧妮薇模板操作成功,模板名称12-12 18:16 商家最新版1.1.39
2018-12-12 20:18:39,082-mp_log-INFO-成都净美天使模板操作成功,模板名称12-12 18:16 商家最新版1.1.39
2018-12-12 20:18:39,705-mp_log-INFO-IVY艾菲芭模板操作成功,模板名称12-12 18:16 商家最新版1.1.39
2018-12-12 20:18:40,356-mp_log-INFO-引导美体验店模板操作成功,模板名称12-12 18:16 商家最新版1.1.39
2018-12-12 20:18:40,781-mp_log-INFO-SoBeauty模板操作成功,模板名称12-12 18:16 商家最新版1.1.39
2018-12-12 20:18:41,480-mp_log-INFO-蒙妮莎新美容模板操作成功,模板名称12-12 18:16 商家最新版1.1.39
2018-12-12 20:18:41,484-mp_log-INFO-筋生美模板操作成功,模板名称12-12 18:16 商家最新版1.1.39
2018-12-12 20:18:41,959-mp_log-INFO-来了美美吧模板操作成功,模板名称12-12 18:16 商家最新版1.1.39
2018-12-12 20:18:42,561-mp_log-INFO-金柏丽模板操作成功,模板名称12-12 18:16 商家最新版1.1.39
2018-12-12 20:18:43,241-mp_log-INFO-优文专业脱毛模板操作成功,模板名称12-12 18:16 商家最新版1.1.39
2018-12-12 20:18:43,772-mp_log-INFO-贝施纤体模板操作成功,模板名称12-12 18:16 商家最新版1.1.39
2018-12-12 20:18:44,014-mp_log-INFO-色彩纯姬模板操作成功,模板名称12-12 18:16 商家最新版1.1.39
2018-12-12 20:18:44,750-mp_log-INFO-缘临医疗美容模板操作成功,模板名称12-12 18:16 商家最新版1.1.39
2018-12-12 20:18:45,198-mp_log-INFO-梦圆皇宫模板操作成功,模板名称12-12 18:16 商家最新版1.1.39
2018-12-12 20:18:45,737-mp_log-INFO-美了就来模板操作成功,模板名称12-12 18:16 商家最新版1.1.39
2018-12-12 20:18:45,913-mp_log-INFO-恩雅模板操作成功,模板名称12-12 18:16 商家最新版1.1.39
2018-12-12 20:18:46,659-mp_log-INFO-俏丽屋模板操作成功,模板名称12-12 18:16 商家最新版1.1.39
2018-12-12 20:18:47,159-mp_log-INFO-YoungDream模板操作成功,模板名称12-12 18:16 商家最新版1.1.39
2018-12-12 20:18:47,668-mp_log-INFO-DR美研博士模板操作成功,模板名称12-12 18:16 商家最新版1.1.39
2018-12-12 20:18:48,231-mp_log-INFO-女秀才模板操作成功,模板名称12-12 18:16 商家最新版1.1.39
2018-12-12 20:18:48,855-mp_log-INFO-東美人儿模板操作成功,模板名称12-12 18:16 商家最新版1.1.39
2018-12-12 20:18:49,055-mp_log-INFO-承昱医疗模板操作成功,模板名称12-12 18:16 商家最新版1.1.39
2018-12-12 20:18:49,554-mp_log-INFO-斓悦庭模板操作成功,模板名称12-12 18:16 商家最新版1.1.39
2018-12-12 20:18:50,579-mp_log-INFO-BV美聚模板操作成功,模板名称12-12 18:16 商家最新版1.1.39
2018-12-12 20:18:50,866-mp_log-INFO-健丽宝美容模板操作成功,模板名称12-12 18:16 商家最新版1.1.39
2018-12-12 20:18:50,969-mp_log-INFO-掌上美管家A模板操作成功,模板名称12-12 18:16 商家最新版1.1.39
2018-12-12 20:18:51,645-mp_log-INFO-博妍集美模板操作成功,模板名称12-12 18:16 商家最新版1.1.39
2018-12-12 20:18:52,185-mp_log-INFO-雅涛世家模板操作成功,模板名称12-12 18:16 商家最新版1.1.39
2018-12-12 20:18:52,530-mp_log-INFO-双妹美容模板操作成功,模板名称12-12 18:16 商家最新版1.1.39
2018-12-12 20:18:53,461-mp_log-INFO-来了美千丝美模板操作成功,模板名称12-12 18:16 商家最新版1.1.39
2018-12-12 20:18:53,893-mp_log-INFO-世纪之春模板操作成功,模板名称12-12 18:16 商家最新版1.1.39
2018-12-12 20:18:54,304-mp_log-INFO-雅梵GO美模板操作成功,模板名称12-12 18:16 商家最新版1.1.39
2018-12-12 20:18:54,785-mp_log-INFO-女主角美容模板操作成功,模板名称12-12 18:16 商家最新版1.1.39
2018-12-12 20:18:55,220-mp_log-INFO-弘粹堂模板操作成功,模板名称12-12 18:16 商家最新版1.1.39
2018-12-12 20:18:55,870-mp_log-INFO-环球美容模板操作成功,模板名称12-12 18:16 商家最新版1.1.39
2018-12-12 20:18:56,230-mp_log-INFO-诗芙侬模板操作成功,模板名称12-12 18:16 商家最新版1.1.39
2018-12-12 20:18:57,236-mp_log-INFO-沧州美美达模板操作成功,模板名称12-12 18:16 商家最新版1.1.39
2018-12-12 20:18:57,438-mp_log-INFO-妮娜形象管理模板操作成功,模板名称12-12 18:16 商家最新版1.1.39
2018-12-12 20:18:58,005-mp_log-INFO-赢美肌模板操作成功,模板名称12-12 18:16 商家最新版1.1.39
2018-12-12 20:18:58,505-mp_log-INFO-馨境堂模板操作成功,模板名称12-12 18:16 商家最新版1.1.39
2018-12-12 20:18:59,022-mp_log-INFO-果蔬美容模板操作成功,模板名称12-12 18:16 商家最新版1.1.39
2018-12-12 20:18:59,381-mp_log-INFO-贝兰思模板操作成功,模板名称12-12 18:16 商家最新版1.1.39
2018-12-12 20:19:00,187-mp_log-INFO-缔罗嘉佳模板操作成功,模板名称12-12 18:16 商家最新版1.1.39
2018-12-12 20:19:00,541-mp_log-INFO-东方秀丽模板操作成功,模板名称12-12 18:16 商家最新版1.1.39
2018-12-12 20:19:00,870-mp_log-INFO-文轩专业美容模板操作成功,模板名称12-12 18:16 商家最新版1.1.39
2018-12-12 20:19:01,516-mp_log-INFO-欧丽薇模板操作成功,模板名称12-12 18:16 商家最新版1.1.39
