2018-12-14 10:35:22,472-Getlogin-ERROR-'token'
2018-12-14 10:35:22,476-mp_log-INFO-token获取成功......
2018-12-14 10:35:38,988-mp_log-INFO-获取所有小程序信息成功......
2018-12-14 10:35:39,432-mp_log-INFO-获取最新模板信息成功.......
2018-12-14 10:35:41,518-mp_log-ERROR-GOGOBeauty操作失败,失败原因{'status': 500, 'msg': '此管理中心未授权开放平台'}
2018-12-14 10:35:41,630-mp_log-INFO-环亚美容模板操作成功,模板名称12-14 10:11 商家最新版1.1.40
2018-12-14 10:35:42,110-mp_log-INFO-诺研皮肤管理模板操作成功,模板名称12-14 10:11 商家最新版1.1.40
2018-12-14 10:35:42,529-mp_log-ERROR-sdfdsfdsf操作失败,失败原因{'status': 500, 'msg': '此管理中心未授权开放平台'}
2018-12-14 10:35:42,641-mp_log-INFO-芳妍美容模板操作成功,模板名称12-14 10:11 商家最新版1.1.40
2018-12-14 10:35:43,539-mp_log-INFO-绿苑女子模板操作成功,模板名称12-14 10:11 商家最新版1.1.40
2018-12-14 10:35:44,504-mp_log-INFO-伊之花美容模板操作成功,模板名称12-14 10:11 商家最新版1.1.40
2018-12-14 10:35:45,233-mp_log-INFO-广州七号驻颜模板操作成功,模板名称12-14 10:11 商家最新版1.1.40
2018-12-14 10:35:45,621-mp_log-INFO-曼奇莎模板操作成功,模板名称12-14 10:11 商家最新版1.1.40
2018-12-14 10:35:46,024-mp_log-INFO-诗美逸模板操作成功,模板名称12-14 10:11 商家最新版1.1.40
2018-12-14 10:35:46,797-mp_log-INFO-颐和美容模板操作成功,模板名称12-14 10:11 商家最新版1.1.40
2018-12-14 10:35:47,054-mp_log-INFO-赫阁尔模板操作成功,模板名称12-14 10:11 商家最新版1.1.40
2018-12-14 10:35:47,523-mp_log-INFO-草木缘模板操作成功,模板名称12-14 10:11 商家最新版1.1.40
2018-12-14 10:35:48,162-mp_log-INFO-漂亮宝贝模板操作成功,模板名称12-14 10:11 商家最新版1.1.40
2018-12-14 10:35:48,553-mp_log-INFO-梦颜科美模板操作成功,模板名称12-14 10:11 商家最新版1.1.40
2018-12-14 10:35:49,263-mp_log-INFO-都市点点模板操作成功,模板名称12-14 10:11 商家最新版1.1.40
2018-12-14 10:35:49,831-mp_log-INFO-来了美佳澜店模板操作成功,模板名称12-14 10:11 商家最新版1.1.40
2018-12-14 10:35:50,702-mp_log-INFO-木子美甲美睫模板操作成功,模板名称12-14 10:11 商家最新版1.1.40
2018-12-14 10:35:50,906-mp_log-INFO-润妃国际模板操作成功,模板名称12-14 10:11 商家最新版1.1.40
2018-12-14 10:35:51,843-mp_log-INFO-灵动模板操作成功,模板名称12-14 10:11 商家最新版1.1.40
2018-12-14 10:35:52,024-mp_log-INFO-康丽皇家模板操作成功,模板名称12-14 10:11 商家最新版1.1.40
2018-12-14 10:35:52,409-mp_log-INFO-美丽驿站模板操作成功,模板名称12-14 10:11 商家最新版1.1.40
2018-12-14 10:35:52,993-mp_log-ERROR-市场演示专用操作失败,失败原因{'status': 500, 'msg': '此管理中心未授权开放平台'}
2018-12-14 10:35:53,032-mp_log-INFO-美美昭彦模板操作成功,模板名称12-14 10:11 商家最新版1.1.40
2018-12-14 10:35:53,486-mp_log-INFO-匠美JMBEAUTY模板操作成功,模板名称12-14 10:11 商家最新版1.1.40
2018-12-14 10:35:54,141-mp_log-INFO-HB美尚荟模板操作成功,模板名称12-14 10:11 商家最新版1.1.40
2018-12-14 10:35:55,278-mp_log-INFO-Youngface模板操作成功,模板名称12-14 10:11 商家最新版1.1.40
2018-12-14 10:35:55,652-mp_log-INFO-爱睿熙国际模板操作成功,模板名称12-14 10:11 商家最新版1.1.40
2018-12-14 10:35:56,008-mp_log-INFO-当今悦美模板操作成功,模板名称12-14 10:11 商家最新版1.1.40
2018-12-14 10:35:56,690-mp_log-INFO-谦和国际模板操作成功,模板名称12-14 10:11 商家最新版1.1.40
2018-12-14 10:35:57,109-mp_log-INFO-米蝶·快美吧模板操作成功,模板名称12-14 10:11 商家最新版1.1.40
2018-12-14 10:35:57,445-mp_log-INFO-iBEATA贝娅塔模板操作成功,模板名称12-14 10:11 商家最新版1.1.40
2018-12-14 10:35:58,002-mp_log-INFO-菲常美模板操作成功,模板名称12-14 10:11 商家最新版1.1.40
2018-12-14 10:35:58,733-mp_log-INFO-当代经典模板操作成功,模板名称12-14 10:11 商家最新版1.1.40
2018-12-14 10:35:59,039-mp_log-INFO-东方丽人模板操作成功,模板名称12-14 10:11 商家最新版1.1.40
2018-12-14 10:35:59,270-mp_log-INFO-盛士兰模板操作成功,模板名称12-14 10:11 商家最新版1.1.40
2018-12-14 10:35:59,870-mp_log-INFO-玫瑰坊模板操作成功,模板名称12-14 10:11 商家最新版1.1.40
2018-12-14 10:36:00,433-mp_log-INFO-悠兰lyj模板操作成功,模板名称12-14 10:11 商家最新版1.1.40
2018-12-14 10:36:01,227-mp_log-INFO-芊思雅莎莎模板操作成功,模板名称12-14 10:11 商家最新版1.1.40
2018-12-14 10:36:01,450-mp_log-INFO-来就健康模板操作成功,模板名称12-14 10:11 商家最新版1.1.40
2018-12-14 10:36:02,004-mp_log-INFO-恒美世纪模板操作成功,模板名称12-14 10:11 商家最新版1.1.40
2018-12-14 10:36:02,568-mp_log-INFO-美人记Diary模板操作成功,模板名称12-14 10:11 商家最新版1.1.40
2018-12-14 10:36:02,907-mp_log-INFO-美范·珺之屋模板操作成功,模板名称12-14 10:11 商家最新版1.1.40
2018-12-14 10:36:03,524-mp_log-INFO-菲梵经典模板操作成功,模板名称12-14 10:11 商家最新版1.1.40
2018-12-14 10:36:03,895-mp_log-INFO-悦芳泉SPA模板操作成功,模板名称12-14 10:11 商家最新版1.1.40
2018-12-14 10:36:04,424-mp_log-INFO-爱美丽模板操作成功,模板名称12-14 10:11 商家最新版1.1.40
2018-12-14 10:36:05,338-mp_log-INFO-漂亮如你模板操作成功,模板名称12-14 10:11 商家最新版1.1.40
2018-12-14 10:36:05,510-mp_log-INFO-广西宝宝爱模板操作成功,模板名称12-14 10:11 商家最新版1.1.40
2018-12-14 10:36:05,939-mp_log-INFO-虞诗蔓模板操作成功,模板名称12-14 10:11 商家最新版1.1.40
2018-12-14 10:36:06,482-mp_log-INFO-D5 season模板操作成功,模板名称12-14 10:11 商家最新版1.1.40
2018-12-14 10:36:07,019-mp_log-INFO-唯艳美模板操作成功,模板名称12-14 10:11 商家最新版1.1.40
2018-12-14 10:36:07,489-mp_log-INFO-吉美妍丽模板操作成功,模板名称12-14 10:11 商家最新版1.1.40
2018-12-14 10:36:07,997-mp_log-INFO-雪依氏模板操作成功,模板名称12-14 10:11 商家最新版1.1.40
2018-12-14 10:36:08,727-mp_log-INFO-书白美企模板操作成功,模板名称12-14 10:11 商家最新版1.1.40
2018-12-14 10:36:09,801-mp_log-INFO-星美国际模板操作成功,模板名称12-14 10:11 商家最新版1.1.40
2018-12-14 10:36:09,830-mp_log-INFO-霭伦恩美模板操作成功,模板名称12-14 10:11 商家最新版1.1.40
2018-12-14 10:36:09,971-mp_log-INFO-来美吧模板操作成功,模板名称12-14 10:11 商家最新版1.1.40
2018-12-14 10:36:10,484-mp_log-INFO-伊美朗模板操作成功,模板名称12-14 10:11 商家最新版1.1.40
2018-12-14 10:36:10,847-mp_log-INFO-美美一生模板操作成功,模板名称12-14 10:11 商家最新版1.1.40
2018-12-14 10:36:11,412-mp_log-INFO-佳婳天美模板操作成功,模板名称12-14 10:11 商家最新版1.1.40
2018-12-14 10:36:11,982-mp_log-INFO-兴美源模板操作成功,模板名称12-14 10:11 商家最新版1.1.40
2018-12-14 10:36:12,413-mp_log-INFO-优年轻模板操作成功,模板名称12-14 10:11 商家最新版1.1.40
2018-12-14 10:36:13,264-mp_log-INFO-易康国际模板操作成功,模板名称12-14 10:11 商家最新版1.1.40
2018-12-14 10:36:13,379-mp_log-INFO-美美昭妍模板操作成功,模板名称12-14 10:11 商家最新版1.1.40
2018-12-14 10:36:14,101-mp_log-INFO-佐登妮丝模板操作成功,模板名称12-14 10:11 商家最新版1.1.40
2018-12-14 10:36:14,834-mp_log-INFO-娇阑美颜模板操作成功,模板名称12-14 10:11 商家最新版1.1.40
2018-12-14 10:36:14,964-mp_log-INFO-阿星国际模板操作成功,模板名称12-14 10:11 商家最新版1.1.40
2018-12-14 10:36:15,457-mp_log-INFO-爱女士模板操作成功,模板名称12-14 10:11 商家最新版1.1.40
2018-12-14 10:36:15,965-mp_log-INFO-PS智能美肤模板操作成功,模板名称12-14 10:11 商家最新版1.1.40
2018-12-14 10:36:16,682-mp_log-INFO-艾妍整形模板操作成功,模板名称12-14 10:11 商家最新版1.1.40
2018-12-14 10:36:16,997-mp_log-INFO-珍珍美容模板操作成功,模板名称12-14 10:11 商家最新版1.1.40
2018-12-14 10:36:17,688-mp_log-INFO-姿曼美容spa模板操作成功,模板名称12-14 10:11 商家最新版1.1.40
2018-12-14 10:36:18,070-mp_log-INFO-巴黎情缘模板操作成功,模板名称12-14 10:11 商家最新版1.1.40
2018-12-14 10:36:18,435-mp_log-INFO-百合春天模板操作成功,模板名称12-14 10:11 商家最新版1.1.40
2018-12-14 10:36:19,143-mp_log-INFO-梅兰丽人模板操作成功,模板名称12-14 10:11 商家最新版1.1.40
2018-12-14 10:36:19,588-mp_log-INFO-美由心生模板操作成功,模板名称12-14 10:11 商家最新版1.1.40
2018-12-14 10:36:20,428-mp_log-INFO-燕燕尊尚美容模板操作成功,模板名称12-14 10:11 商家最新版1.1.40
2018-12-14 10:36:21,045-mp_log-INFO-诗露丽涵模板操作成功,模板名称12-14 10:11 商家最新版1.1.40
2018-12-14 10:36:21,223-mp_log-INFO-雅致璇肌模板操作成功,模板名称12-14 10:11 商家最新版1.1.40
2018-12-14 10:36:21,492-mp_log-INFO-东方仕典模板操作成功,模板名称12-14 10:11 商家最新版1.1.40
2018-12-14 10:36:22,355-mp_log-INFO-韩流美美店模板操作成功,模板名称12-14 10:11 商家最新版1.1.40
2018-12-14 10:36:22,407-mp_log-INFO-GOGO宝迪模板操作成功,模板名称12-14 10:11 商家最新版1.1.40
2018-12-14 10:36:22,967-mp_log-INFO-月瘦月美模板操作成功,模板名称12-14 10:11 商家最新版1.1.40
2018-12-14 10:36:23,473-mp_log-INFO-启程金典美业模板操作成功,模板名称12-14 10:11 商家最新版1.1.40
2018-12-14 10:36:24,407-mp_log-INFO-年轻我可以模板操作成功,模板名称12-14 10:11 商家最新版1.1.40
2018-12-14 10:36:24,541-mp_log-INFO-精工皇族模板操作成功,模板名称12-14 10:11 商家最新版1.1.40
2018-12-14 10:36:25,228-mp_log-INFO-明剪一秀模板操作成功,模板名称12-14 10:11 商家最新版1.1.40
2018-12-14 10:36:25,386-mp_log-INFO-深圳丝客富模板操作成功,模板名称12-14 10:11 商家最新版1.1.40
2018-12-14 10:36:26,132-mp_log-INFO-DuDuBeauty模板操作成功,模板名称12-14 10:11 商家最新版1.1.40
2018-12-14 10:36:26,904-mp_log-INFO-栢草源模板操作成功,模板名称12-14 10:11 商家最新版1.1.40
2018-12-14 10:36:26,975-mp_log-INFO-琉璃水城模板操作成功,模板名称12-14 10:11 商家最新版1.1.40
2018-12-14 10:36:27,616-mp_log-INFO-杭州东方整形模板操作成功,模板名称12-14 10:11 商家最新版1.1.40
2018-12-14 10:36:28,007-mp_log-INFO-ONI速美模板操作成功,模板名称12-14 10:11 商家最新版1.1.40
2018-12-14 10:36:29,027-mp_log-INFO-MMbeauty模板操作成功,模板名称12-14 10:11 商家最新版1.1.40
2018-12-14 10:36:29,436-mp_log-INFO-美共享模板操作成功,模板名称12-14 10:11 商家最新版1.1.40
2018-12-14 10:36:29,929-mp_log-INFO-靓佳人模板操作成功,模板名称12-14 10:11 商家最新版1.1.40
2018-12-14 10:36:30,592-mp_log-INFO-ME智慧美店模板操作成功,模板名称12-14 10:11 商家最新版1.1.40
2018-12-14 10:36:30,850-mp_log-INFO-二院美丽之约模板操作成功,模板名称12-14 10:11 商家最新版1.1.40
2018-12-14 10:36:31,564-mp_log-INFO-YAN健康•美+模板操作成功,模板名称12-14 10:11 商家最新版1.1.40
2018-12-14 10:36:31,867-mp_log-INFO-南洋beauty模板操作成功,模板名称12-14 10:11 商家最新版1.1.40
2018-12-14 10:36:33,024-mp_log-INFO-紫舟美业模板操作成功,模板名称12-14 10:11 商家最新版1.1.40
2018-12-14 10:36:33,028-mp_log-INFO-来了美标榜店模板操作成功,模板名称12-14 10:11 商家最新版1.1.40
2018-12-14 10:36:33,484-mp_log-INFO-美德福模板操作成功,模板名称12-14 10:11 商家最新版1.1.40
2018-12-14 10:36:34,074-mp_log-INFO-岳灵生发模板操作成功,模板名称12-14 10:11 商家最新版1.1.40
2018-12-14 10:36:35,021-mp_log-INFO-维多丽雅模板操作成功,模板名称12-14 10:11 商家最新版1.1.40
2018-12-14 10:36:35,853-mp_log-INFO-阿芙洛蒂模板操作成功,模板名称12-14 10:11 商家最新版1.1.40
2018-12-14 10:36:36,028-mp_log-ERROR-光速美操作失败,失败原因{'status': 500, 'msg': '此管理中心未授权开放平台'}
2018-12-14 10:36:36,049-mp_log-INFO-雅典娜模板操作成功,模板名称12-14 10:11 商家最新版1.1.40
2018-12-14 10:36:36,059-mp_log-INFO-杭州桐雅模板操作成功,模板名称12-14 10:11 商家最新版1.1.40
2018-12-14 10:36:36,476-mp_log-INFO-妃香伊丹模板操作成功,模板名称12-14 10:11 商家最新版1.1.40
2018-12-14 10:36:36,938-mp_log-INFO-王海棠养生馆模板操作成功,模板名称12-14 10:11 商家最新版1.1.40
2018-12-14 10:36:37,517-mp_log-INFO-美姿源模板操作成功,模板名称12-14 10:11 商家最新版1.1.40
2018-12-14 10:36:37,965-mp_log-INFO-张氏纳然姬朵模板操作成功,模板名称12-14 10:11 商家最新版1.1.40
2018-12-14 10:36:38,390-mp_log-INFO-魅力华健模板操作成功,模板名称12-14 10:11 商家最新版1.1.40
2018-12-14 10:36:38,934-mp_log-INFO-圣水伊人模板操作成功,模板名称12-14 10:11 商家最新版1.1.40
2018-12-14 10:36:39,511-mp_log-INFO-窈窕淑女模板操作成功,模板名称12-14 10:11 商家最新版1.1.40
2018-12-14 10:36:40,176-mp_log-INFO-绮莉尔智能美模板操作成功,模板名称12-14 10:11 商家最新版1.1.40
2018-12-14 10:36:40,586-mp_log-INFO-香密雅CIMIA模板操作成功,模板名称12-14 10:11 商家最新版1.1.40
2018-12-14 10:36:41,093-mp_log-INFO-妍雅媛模板操作成功,模板名称12-14 10:11 商家最新版1.1.40
2018-12-14 10:36:41,471-mp_log-INFO-来了美模板操作成功,模板名称12-14 10:11 商家最新版1.1.40
2018-12-14 10:36:41,949-mp_log-INFO-云立方模板操作成功,模板名称12-14 10:11 商家最新版1.1.40
2018-12-14 10:36:42,603-mp_log-INFO-轻医美模板操作成功,模板名称12-14 10:11 商家最新版1.1.40
2018-12-14 10:36:43,006-mp_log-INFO-世纪春天模板操作成功,模板名称12-14 10:11 商家最新版1.1.40
2018-12-14 10:36:43,579-mp_log-INFO-贵妇人模板操作成功,模板名称12-14 10:11 商家最新版1.1.40
2018-12-14 10:36:44,072-mp_log-INFO-BabyBeauty模板操作成功,模板名称12-14 10:11 商家最新版1.1.40
2018-12-14 10:36:44,452-mp_log-INFO-奇遇青春模板操作成功,模板名称12-14 10:11 商家最新版1.1.40
2018-12-14 10:36:45,017-mp_log-INFO-来了美韩尚恩模板操作成功,模板名称12-14 10:11 商家最新版1.1.40
2018-12-14 10:36:45,508-mp_log-INFO-纤指百媚模板操作成功,模板名称12-14 10:11 商家最新版1.1.40
2018-12-14 10:36:46,049-mp_log-INFO-美之颜模板操作成功,模板名称12-14 10:11 商家最新版1.1.40
2018-12-14 10:36:46,543-mp_log-INFO-GOGOBeauty模板操作成功,模板名称12-14 10:11 商家最新版1.1.40
2018-12-14 10:36:47,190-mp_log-INFO-贝琳菲美业模板操作成功,模板名称12-14 10:11 商家最新版1.1.40
2018-12-14 10:36:47,377-mp_log-ERROR-服务商账号操作失败,失败原因{'status': 'error', 'msg': 'component is not authorized by this account hint: [EMcZmA00143064]'}
2018-12-14 10:36:47,548-mp_log-INFO-郦芙蓉beauty模板操作成功,模板名称12-14 10:11 商家最新版1.1.40
2018-12-14 10:36:47,897-mp_log-INFO-玫香源模板操作成功,模板名称12-14 10:11 商家最新版1.1.40
2018-12-14 10:36:49,101-mp_log-INFO-香住SPA模板操作成功,模板名称12-14 10:11 商家最新版1.1.40
2018-12-14 10:36:49,577-mp_log-INFO-依蔻依美模板操作成功,模板名称12-14 10:11 商家最新版1.1.40
2018-12-14 10:36:49,977-mp_log-INFO-佰味女人模板操作成功,模板名称12-14 10:11 商家最新版1.1.40
2018-12-14 10:36:50,354-mp_log-INFO-黄氏百佳模板操作成功,模板名称12-14 10:11 商家最新版1.1.40
2018-12-14 10:36:51,119-mp_log-INFO-创美雅香莱模板操作成功,模板名称12-14 10:11 商家最新版1.1.40
2018-12-14 10:36:51,609-mp_log-INFO-艾面一族 模板操作成功,模板名称12-14 10:11 商家最新版1.1.40
2018-12-14 10:36:52,017-mp_log-INFO-涣美医疗模板操作成功,模板名称12-14 10:11 商家最新版1.1.40
2018-12-14 10:36:52,404-mp_log-INFO-植美SPA模板操作成功,模板名称12-14 10:11 商家最新版1.1.40
2018-12-14 10:36:53,000-mp_log-INFO-曼姿模板操作成功,模板名称12-14 10:11 商家最新版1.1.40
2018-12-14 10:36:53,583-mp_log-INFO-美丽九九模板操作成功,模板名称12-14 10:11 商家最新版1.1.40
2018-12-14 10:36:54,153-mp_log-INFO-南国西子模板操作成功,模板名称12-14 10:11 商家最新版1.1.40
2018-12-14 10:36:54,482-mp_log-INFO-百分国际美容模板操作成功,模板名称12-14 10:11 商家最新版1.1.40
2018-12-14 10:36:55,102-mp_log-INFO-千颂伊美学中心模板操作成功,模板名称12-14 10:11 商家最新版1.1.40
2018-12-14 10:36:55,603-mp_log-INFO-艾尚美美哒模板操作成功,模板名称12-14 10:11 商家最新版1.1.40
2018-12-14 10:36:56,232-mp_log-INFO-玉颜堂模板操作成功,模板名称12-14 10:11 商家最新版1.1.40
2018-12-14 10:36:56,718-mp_log-INFO-金美源模板操作成功,模板名称12-14 10:11 商家最新版1.1.40
2018-12-14 10:36:57,028-mp_log-INFO-爱玛仕嘉模板操作成功,模板名称12-14 10:11 商家最新版1.1.40
2018-12-14 10:36:57,619-mp_log-INFO-智能科技美店模板操作成功,模板名称12-14 10:11 商家最新版1.1.40
2018-12-14 10:36:58,110-mp_log-INFO-欧妮薇模板操作成功,模板名称12-14 10:11 商家最新版1.1.40
2018-12-14 10:36:58,651-mp_log-INFO-成都净美天使模板操作成功,模板名称12-14 10:11 商家最新版1.1.40
2018-12-14 10:36:58,914-mp_log-INFO-美姿来就美模板操作成功,模板名称12-14 10:11 商家最新版1.1.40
2018-12-14 10:36:59,550-mp_log-INFO-IVY艾菲芭模板操作成功,模板名称12-14 10:11 商家最新版1.1.40
2018-12-14 10:37:00,411-mp_log-INFO-引导美体验店模板操作成功,模板名称12-14 10:11 商家最新版1.1.40
2018-12-14 10:37:00,845-mp_log-INFO-来了美雲会所模板操作成功,模板名称12-14 10:11 商家最新版1.1.40
2018-12-14 10:37:01,121-mp_log-INFO-SoBeauty模板操作成功,模板名称12-14 10:11 商家最新版1.1.40
2018-12-14 10:37:01,451-mp_log-INFO-蒙妮莎新美容模板操作成功,模板名称12-14 10:11 商家最新版1.1.40
2018-12-14 10:37:01,936-mp_log-INFO-筋生美模板操作成功,模板名称12-14 10:11 商家最新版1.1.40
2018-12-14 10:37:02,542-mp_log-INFO-来了美美吧模板操作成功,模板名称12-14 10:11 商家最新版1.1.40
2018-12-14 10:37:03,262-mp_log-INFO-金柏丽模板操作成功,模板名称12-14 10:11 商家最新版1.1.40
2018-12-14 10:37:03,425-mp_log-INFO-长江九号模板操作成功,模板名称12-14 10:11 商家最新版1.1.40
2018-12-14 10:37:04,118-mp_log-INFO-优文专业脱毛模板操作成功,模板名称12-14 10:11 商家最新版1.1.40
2018-12-14 10:37:04,570-mp_log-INFO-天使国际模板操作成功,模板名称12-14 10:11 商家最新版1.1.40
2018-12-14 10:37:05,422-mp_log-INFO-如生堂模板操作成功,模板名称12-14 10:11 商家最新版1.1.40
2018-12-14 10:37:05,505-mp_log-INFO-梦田芳香Spa模板操作成功,模板名称12-14 10:11 商家最新版1.1.40
2018-12-14 10:37:06,204-mp_log-INFO-贝施纤体模板操作成功,模板名称12-14 10:11 商家最新版1.1.40
2018-12-14 10:37:06,811-mp_log-INFO-色彩纯姬模板操作成功,模板名称12-14 10:11 商家最新版1.1.40
2018-12-14 10:37:07,199-mp_log-INFO-红妆倾城模板操作成功,模板名称12-14 10:11 商家最新版1.1.40
2018-12-14 10:37:07,639-mp_log-INFO-丹阳圣莉斯歌模板操作成功,模板名称12-14 10:11 商家最新版1.1.40
2018-12-14 10:37:08,207-mp_log-INFO-金贵人Beauty模板操作成功,模板名称12-14 10:11 商家最新版1.1.40
2018-12-14 10:37:08,544-mp_log-INFO-芯语芳心模板操作成功,模板名称12-14 10:11 商家最新版1.1.40
2018-12-14 10:37:09,226-mp_log-INFO-还原美模板操作成功,模板名称12-14 10:11 商家最新版1.1.40
2018-12-14 10:37:09,467-mp_log-INFO-延颜美容模板操作成功,模板名称12-14 10:11 商家最新版1.1.40
2018-12-14 10:37:10,527-mp_log-INFO-缘临医疗美容模板操作成功,模板名称12-14 10:11 商家最新版1.1.40
2018-12-14 10:37:10,573-mp_log-INFO-梦圆皇宫模板操作成功,模板名称12-14 10:11 商家最新版1.1.40
2018-12-14 10:37:10,912-mp_log-INFO-美了就来模板操作成功,模板名称12-14 10:11 商家最新版1.1.40
2018-12-14 10:37:11,547-mp_log-INFO-恩雅模板操作成功,模板名称12-14 10:11 商家最新版1.1.40
2018-12-14 10:37:12,318-mp_log-INFO-董萍智慧美店模板操作成功,模板名称12-14 10:11 商家最新版1.1.40
2018-12-14 10:37:12,451-mp_log-INFO-俏丽屋模板操作成功,模板名称12-14 10:11 商家最新版1.1.40
2018-12-14 10:37:13,286-mp_log-INFO-YoungDream模板操作成功,模板名称12-14 10:11 商家最新版1.1.40
2018-12-14 10:37:13,606-mp_log-INFO-DR美研博士模板操作成功,模板名称12-14 10:11 商家最新版1.1.40
2018-12-14 10:37:14,200-mp_log-INFO-女秀才模板操作成功,模板名称12-14 10:11 商家最新版1.1.40
2018-12-14 10:37:14,424-mp_log-INFO-東美人儿模板操作成功,模板名称12-14 10:11 商家最新版1.1.40
2018-12-14 10:37:15,038-mp_log-INFO-承昱医疗模板操作成功,模板名称12-14 10:11 商家最新版1.1.40
2018-12-14 10:37:15,609-mp_log-INFO-斓悦庭模板操作成功,模板名称12-14 10:11 商家最新版1.1.40
2018-12-14 10:37:16,154-mp_log-INFO-美迩美整形模板操作成功,模板名称12-14 10:11 商家最新版1.1.40
2018-12-14 10:37:16,492-mp_log-INFO-唯美童妍模板操作成功,模板名称12-14 10:11 商家最新版1.1.40
2018-12-14 10:37:16,997-mp_log-INFO-BV美聚模板操作成功,模板名称12-14 10:11 商家最新版1.1.40
2018-12-14 10:37:17,680-mp_log-INFO-健丽宝美容模板操作成功,模板名称12-14 10:11 商家最新版1.1.40
2018-12-14 10:37:18,361-mp_log-INFO-掌上美管家A模板操作成功,模板名称12-14 10:11 商家最新版1.1.40
2018-12-14 10:37:18,642-mp_log-INFO-博妍集美模板操作成功,模板名称12-14 10:11 商家最新版1.1.40
2018-12-14 10:37:19,036-mp_log-INFO-雅涛世家模板操作成功,模板名称12-14 10:11 商家最新版1.1.40
2018-12-14 10:37:19,691-mp_log-INFO-双妹美容模板操作成功,模板名称12-14 10:11 商家最新版1.1.40
2018-12-14 10:37:20,067-mp_log-INFO-呈悦医疗模板操作成功,模板名称12-14 10:11 商家最新版1.1.40
2018-12-14 10:37:20,562-mp_log-INFO-来了美千丝美模板操作成功,模板名称12-14 10:11 商家最新版1.1.40
2018-12-14 10:37:21,045-mp_log-INFO-世纪之春模板操作成功,模板名称12-14 10:11 商家最新版1.1.40
2018-12-14 10:37:21,630-mp_log-INFO-雅梵GO美模板操作成功,模板名称12-14 10:11 商家最新版1.1.40
2018-12-14 10:37:21,951-mp_log-INFO-女主角美容模板操作成功,模板名称12-14 10:11 商家最新版1.1.40
2018-12-14 10:37:22,593-mp_log-INFO-来了就体验账模板操作成功,模板名称12-14 10:11 商家最新版1.1.40
2018-12-14 10:37:22,918-mp_log-INFO-弘粹堂模板操作成功,模板名称12-14 10:11 商家最新版1.1.40
2018-12-14 10:37:23,511-mp_log-INFO-环球美容模板操作成功,模板名称12-14 10:11 商家最新版1.1.40
2018-12-14 10:37:23,941-mp_log-INFO-乐聚模板操作成功,模板名称12-14 10:11 商家最新版1.1.40
2018-12-14 10:37:24,399-mp_log-INFO-诗芙侬模板操作成功,模板名称12-14 10:11 商家最新版1.1.40
2018-12-14 10:37:24,971-mp_log-INFO-沧州美美达模板操作成功,模板名称12-14 10:11 商家最新版1.1.40
2018-12-14 10:37:25,790-mp_log-INFO-妮娜形象管理模板操作成功,模板名称12-14 10:11 商家最新版1.1.40
2018-12-14 10:37:25,999-mp_log-INFO-赢美肌模板操作成功,模板名称12-14 10:11 商家最新版1.1.40
2018-12-14 10:37:26,566-mp_log-INFO-馨境堂模板操作成功,模板名称12-14 10:11 商家最新版1.1.40
2018-12-14 10:37:26,952-mp_log-INFO-良沐健康管理模板操作成功,模板名称12-14 10:11 商家最新版1.1.40
2018-12-14 10:37:27,557-mp_log-INFO-果蔬美容模板操作成功,模板名称12-14 10:11 商家最新版1.1.40
2018-12-14 10:37:28,168-mp_log-INFO-贝兰思模板操作成功,模板名称12-14 10:11 商家最新版1.1.40
2018-12-14 10:37:28,714-mp_log-INFO-东方秀丽模板操作成功,模板名称12-14 10:11 商家最新版1.1.40
2018-12-14 10:37:29,062-mp_log-INFO-缔罗嘉佳模板操作成功,模板名称12-14 10:11 商家最新版1.1.40
2018-12-14 10:37:30,602-mp_log-INFO-欧丽薇模板操作成功,模板名称12-14 10:11 商家最新版1.1.40
2018-12-14 10:37:30,635-mp_log-INFO-文轩专业美容模板操作成功,模板名称12-14 10:11 商家最新版1.1.40
