2018-12-01 19:04:13,669-Getlogin-ERROR-'token'
2018-12-01 19:04:13,672-mp_log-INFO-token获取成功......
2018-12-01 19:04:33,771-mp_log-INFO-获取所有小程序信息成功......
2018-12-01 19:04:34,280-mp_log-INFO-获取最新模板信息成功.......
2018-12-01 19:04:35,418-mp_log-INFO-审核失败
2018-12-01 19:04:35,808-mp_log-INFO-审核失败
2018-12-01 19:04:36,037-mp_log-INFO-已审核
2018-12-01 19:04:36,732-mp_log-INFO-已审核
2018-12-01 19:04:37,275-mp_log-INFO-已审核
2018-12-01 19:04:37,702-mp_log-INFO-审核失败
2018-12-01 19:04:38,215-mp_log-INFO-审核失败
2018-12-01 19:04:38,617-mp_log-INFO-审核失败
2018-12-01 19:04:39,183-mp_log-INFO-审核失败
2018-12-01 19:04:39,680-mp_log-INFO-已审核
2018-12-01 19:04:39,908-mp_log-INFO-已审核
2018-12-01 19:04:40,358-mp_log-INFO-已审核
2018-12-01 19:04:40,490-mp_log-INFO-已审核
2018-12-01 19:04:40,945-mp_log-INFO-审核失败
2018-12-01 19:04:41,347-mp_log-INFO-审核失败
2018-12-01 19:04:41,692-mp_log-INFO-已审核
2018-12-01 19:04:42,152-mp_log-INFO-已审核
2018-12-01 19:04:42,511-mp_log-INFO-已审核
2018-12-01 19:04:42,880-mp_log-INFO-已审核
2018-12-01 19:04:43,169-mp_log-INFO-已审核
2018-12-01 19:04:43,543-mp_log-INFO-已审核
2018-12-01 19:04:44,030-mp_log-INFO-已审核
2018-12-01 19:04:44,507-mp_log-INFO-已审核
2018-12-01 19:04:45,084-mp_log-INFO-已审核
2018-12-01 19:04:45,473-mp_log-INFO-已审核
2018-12-01 19:04:45,961-mp_log-INFO-审核失败
2018-12-01 19:04:46,184-mp_log-INFO-已审核
2018-12-01 19:04:46,524-mp_log-INFO-已审核
2018-12-01 19:04:47,010-mp_log-INFO-审核失败
2018-12-01 19:04:47,293-mp_log-INFO-审核失败
2018-12-01 19:04:47,653-mp_log-INFO-审核失败
2018-12-01 19:04:47,863-mp_log-INFO-已审核
2018-12-01 19:04:48,298-mp_log-INFO-已审核
2018-12-01 19:04:48,517-mp_log-INFO-已审核
2018-12-01 19:04:48,866-mp_log-INFO-已审核
2018-12-01 19:04:49,042-mp_log-INFO-审核失败
2018-12-01 19:04:49,421-mp_log-INFO-已审核
2018-12-01 19:04:49,663-mp_log-INFO-已审核
2018-12-01 19:04:49,936-mp_log-INFO-已审核
2018-12-01 19:04:50,332-mp_log-INFO-已审核
2018-12-01 19:04:50,642-mp_log-INFO-已审核
2018-12-01 19:04:50,908-mp_log-INFO-审核失败
2018-12-01 19:04:51,184-mp_log-INFO-已审核
2018-12-01 19:04:51,611-mp_log-INFO-审核失败
2018-12-01 19:04:51,847-mp_log-INFO-已审核
2018-12-01 19:04:52,098-mp_log-INFO-审核失败
2018-12-01 19:04:52,340-mp_log-INFO-已审核
2018-12-01 19:04:52,764-mp_log-INFO-已审核
2018-12-01 19:04:53,031-mp_log-INFO-已审核
2018-12-01 19:04:53,353-mp_log-INFO-审核失败
2018-12-01 19:04:53,689-mp_log-INFO-已审核
2018-12-01 19:04:53,921-mp_log-INFO-审核中
2018-12-01 19:04:54,219-mp_log-INFO-审核失败
2018-12-01 19:04:54,520-mp_log-INFO-已审核
2018-12-01 19:04:54,806-mp_log-INFO-已审核
2018-12-01 19:04:55,109-mp_log-INFO-已审核
2018-12-01 19:04:55,370-mp_log-INFO-已审核
2018-12-01 19:04:55,702-mp_log-INFO-已审核
2018-12-01 19:04:55,999-mp_log-INFO-已审核
2018-12-01 19:04:56,381-mp_log-INFO-已审核
2018-12-01 19:04:56,733-mp_log-INFO-审核失败
2018-12-01 19:04:56,913-mp_log-INFO-审核失败
2018-12-01 19:04:57,260-mp_log-INFO-已审核
2018-12-01 19:04:57,516-mp_log-INFO-已审核
2018-12-01 19:04:57,825-mp_log-INFO-审核失败
2018-12-01 19:04:58,163-mp_log-INFO-已审核
2018-12-01 19:04:58,426-mp_log-INFO-审核失败
2018-12-01 19:04:58,746-mp_log-INFO-审核失败
2018-12-01 19:04:59,042-mp_log-INFO-审核失败
2018-12-01 19:04:59,332-mp_log-INFO-审核失败
2018-12-01 19:04:59,551-mp_log-INFO-审核失败
2018-12-01 19:04:59,929-mp_log-INFO-审核失败
2018-12-01 19:05:00,226-mp_log-INFO-已审核
2018-12-01 19:05:00,523-mp_log-INFO-已审核
2018-12-01 19:05:00,769-mp_log-INFO-已审核
2018-12-01 19:05:01,110-mp_log-INFO-审核失败
2018-12-01 19:05:01,435-mp_log-INFO-已审核
2018-12-01 19:05:01,759-mp_log-INFO-已审核
2018-12-01 19:05:02,031-mp_log-INFO-已审核
2018-12-01 19:05:02,324-mp_log-INFO-已审核
2018-12-01 19:05:02,918-mp_log-INFO-已审核
2018-12-01 19:05:02,923-mp_log-INFO-已审核
2018-12-01 19:05:03,208-mp_log-INFO-已审核
2018-12-01 19:05:03,593-mp_log-INFO-审核失败
2018-12-01 19:05:04,131-mp_log-INFO-已审核
2018-12-01 19:05:04,161-mp_log-INFO-已审核
2018-12-01 19:05:04,422-mp_log-INFO-已审核
2018-12-01 19:05:04,812-mp_log-INFO-已审核
2018-12-01 19:05:05,025-mp_log-INFO-审核失败
2018-12-01 19:05:05,337-mp_log-INFO-已审核
2018-12-01 19:05:05,631-mp_log-INFO-已审核
2018-12-01 19:05:05,925-mp_log-INFO-已审核
2018-12-01 19:05:06,285-mp_log-INFO-已审核
2018-12-01 19:05:06,575-mp_log-INFO-审核失败
2018-12-01 19:05:06,924-mp_log-INFO-审核失败
2018-12-01 19:05:07,128-mp_log-INFO-审核失败
2018-12-01 19:05:07,477-mp_log-INFO-已审核
2018-12-01 19:05:07,761-mp_log-INFO-审核失败
2018-12-01 19:05:08,005-mp_log-INFO-已审核
2018-12-01 19:05:08,350-mp_log-INFO-审核失败
2018-12-01 19:05:08,633-mp_log-INFO-已审核
2018-12-01 19:05:08,992-mp_log-INFO-已审核
2018-12-01 19:05:09,254-mp_log-INFO-已审核
2018-12-01 19:05:09,558-mp_log-INFO-审核失败
2018-12-01 19:05:09,909-mp_log-INFO-审核失败
2018-12-01 19:05:10,140-mp_log-INFO-审核失败
2018-12-01 19:05:10,440-mp_log-INFO-审核失败
2018-12-01 19:05:11,280-mp_log-INFO-审核失败
2018-12-01 19:05:11,447-mp_log-INFO-审核失败
2018-12-01 19:05:11,693-mp_log-INFO-已审核
2018-12-01 19:05:11,971-mp_log-INFO-审核中
2018-12-01 19:05:12,276-mp_log-INFO-已审核
2018-12-01 19:05:12,708-mp_log-INFO-已审核
2018-12-01 19:05:12,908-mp_log-INFO-审核失败
2018-12-01 19:05:13,177-mp_log-INFO-已审核
2018-12-01 19:05:13,491-mp_log-INFO-已审核
2018-12-01 19:05:13,787-mp_log-INFO-已审核
2018-12-01 19:05:14,093-mp_log-INFO-已审核
2018-12-01 19:05:14,366-mp_log-INFO-已审核
2018-12-01 19:05:14,740-mp_log-INFO-审核失败
2018-12-01 19:05:15,004-mp_log-INFO-已审核
2018-12-01 19:05:15,320-mp_log-INFO-已审核
2018-12-01 19:05:15,682-mp_log-INFO-已审核
2018-12-01 19:05:15,993-mp_log-INFO-审核失败
2018-12-01 19:05:16,337-mp_log-INFO-审核中
2018-12-01 19:05:16,559-mp_log-INFO-已审核
2018-12-01 19:05:16,868-mp_log-INFO-已审核
2018-12-01 19:05:17,072-mp_log-INFO-已审核
2018-12-01 19:05:17,500-mp_log-INFO-已审核
2018-12-01 19:05:18,098-mp_log-INFO-审核失败
2018-12-01 19:05:18,425-mp_log-INFO-已审核
2018-12-01 19:05:18,714-mp_log-INFO-审核失败
2018-12-01 19:05:19,075-mp_log-INFO-审核失败
2018-12-01 19:05:19,320-mp_log-INFO-审核失败
2018-12-01 19:05:19,673-mp_log-INFO-已审核
2018-12-01 19:05:19,933-mp_log-INFO-已审核
2018-12-01 19:05:20,168-mp_log-INFO-已审核
2018-12-01 19:05:20,547-mp_log-INFO-审核失败
2018-12-01 19:05:20,850-mp_log-INFO-已审核
2018-12-01 19:05:21,061-mp_log-INFO-已审核
2018-12-01 19:05:21,420-mp_log-INFO-已审核
2018-12-01 19:05:21,821-mp_log-INFO-已审核
2018-12-01 19:05:22,087-mp_log-INFO-审核失败
2018-12-01 19:05:22,378-mp_log-INFO-审核失败
2018-12-01 19:05:22,727-mp_log-INFO-已审核
2018-12-01 19:05:23,061-mp_log-INFO-已审核
2018-12-01 19:05:23,392-mp_log-INFO-已审核
2018-12-01 19:05:23,647-mp_log-INFO-已审核
2018-12-01 19:05:23,920-mp_log-INFO-已审核
2018-12-01 19:05:24,233-mp_log-INFO-审核失败
2018-12-01 19:05:24,819-mp_log-INFO-已审核
2018-12-01 19:05:24,886-mp_log-INFO-已审核
2018-12-01 19:05:25,304-mp_log-INFO-审核失败
2018-12-01 19:05:25,623-mp_log-INFO-已审核
2018-12-01 19:05:26,031-mp_log-INFO-已审核
2018-12-01 19:05:26,357-mp_log-INFO-已审核
2018-12-01 19:05:26,535-mp_log-INFO-审核失败
2018-12-01 19:05:26,921-mp_log-INFO-已审核
2018-12-01 19:05:27,238-mp_log-INFO-审核失败
2018-12-01 19:05:27,549-mp_log-INFO-已审核
2018-12-01 19:05:27,906-mp_log-INFO-审核失败
2018-12-01 19:05:28,299-mp_log-INFO-审核失败
2018-12-01 19:05:28,697-mp_log-INFO-已审核
2018-12-01 19:05:29,022-mp_log-INFO-已审核
2018-12-01 19:05:29,656-mp_log-INFO-已审核
2018-12-01 19:05:29,759-mp_log-INFO-审核中
2018-12-01 19:05:30,292-mp_log-INFO-已审核
2018-12-01 19:05:30,557-mp_log-INFO-审核失败
2018-12-01 19:05:31,018-mp_log-INFO-审核失败
2018-12-01 19:05:31,627-mp_log-INFO-审核失败
2018-12-01 19:05:31,916-mp_log-INFO-已审核
2018-12-01 19:05:32,396-mp_log-INFO-已审核
2018-12-01 19:05:32,556-mp_log-INFO-已审核
2018-12-01 19:05:32,893-mp_log-INFO-已审核
2018-12-01 19:05:33,187-mp_log-INFO-已审核
2018-12-01 19:05:33,629-mp_log-INFO-已审核
2018-12-01 19:05:33,775-mp_log-INFO-已审核
2018-12-01 19:05:34,208-mp_log-INFO-已审核
2018-12-01 19:05:34,374-mp_log-INFO-审核失败
2018-12-01 19:05:34,735-mp_log-INFO-已审核
2018-12-01 19:05:34,974-mp_log-INFO-已审核
2018-12-01 19:05:35,483-mp_log-INFO-审核失败
2018-12-01 19:05:35,570-mp_log-INFO-审核失败
2018-12-01 19:05:35,863-mp_log-INFO-审核失败
2018-12-01 19:05:36,278-mp_log-INFO-已审核
2018-12-01 19:05:36,479-mp_log-INFO-已审核
2018-12-01 19:05:36,736-mp_log-INFO-审核中
2018-12-01 19:05:37,118-mp_log-INFO-已审核
2018-12-01 19:05:37,436-mp_log-INFO-已审核
2018-12-01 19:05:37,784-mp_log-INFO-已审核
2018-12-01 19:05:38,272-mp_log-INFO-已审核
2018-12-01 19:05:38,499-mp_log-INFO-已审核
2018-12-01 19:05:38,689-mp_log-INFO-已审核
2018-12-01 19:05:39,151-mp_log-INFO-已审核
2018-12-01 19:05:39,207-mp_log-INFO-已审核
2018-12-01 19:05:39,530-mp_log-INFO-审核中
2018-12-01 19:05:40,181-mp_log-INFO-已审核
2018-12-01 19:05:40,346-mp_log-INFO-已审核
2018-12-01 19:05:40,555-mp_log-INFO-已审核
2018-12-01 19:05:40,993-mp_log-INFO-已审核
2018-12-01 19:05:41,134-mp_log-INFO-已审核
2018-12-01 19:05:41,375-mp_log-INFO-审核中
2018-12-01 19:05:41,737-mp_log-INFO-已审核
2018-12-01 19:05:41,915-mp_log-INFO-审核失败
2018-12-01 19:05:42,250-mp_log-INFO-审核失败
2018-12-01 19:05:42,531-mp_log-INFO-已审核
2018-12-01 19:05:42,866-mp_log-INFO-已审核
2018-12-01 19:05:43,172-mp_log-INFO-已审核
2018-12-01 19:05:43,500-mp_log-INFO-已审核
2018-12-01 19:05:43,759-mp_log-INFO-已审核
2018-12-01 19:05:44,059-mp_log-INFO-已审核
