2018-12-04 20:57:49,966-Getlogin-ERROR-'token'
2018-12-04 20:57:49,967-mp_log-INFO-token获取成功......
2018-12-04 20:57:58,503-Getlogin-ERROR-'token'
2018-12-04 20:57:58,504-mp_log-INFO-token获取成功......
2018-12-04 20:58:21,994-mp_log-INFO-获取所有小程序信息成功......
2018-12-04 20:58:22,560-mp_log-INFO-获取最新模板信息成功.......
2018-12-04 20:58:23,827-mp_log-INFO-审核失败
2018-12-04 20:58:24,179-mp_log-INFO-审核失败
2018-12-04 20:58:24,712-mp_log-INFO-已审核
2018-12-04 20:58:25,477-mp_log-INFO-审核失败
2018-12-04 20:58:26,197-mp_log-INFO-已审核
2018-12-04 20:58:26,384-mp_log-INFO-审核失败
2018-12-04 20:58:26,705-mp_log-INFO-审核失败
2018-12-04 20:58:27,314-mp_log-INFO-审核失败
2018-12-04 20:58:27,742-mp_log-INFO-审核失败
2018-12-04 20:58:28,009-mp_log-INFO-已审核
2018-12-04 20:58:28,376-mp_log-INFO-审核失败
2018-12-04 20:58:28,842-mp_log-INFO-已审核
2018-12-04 20:58:28,993-mp_log-INFO-审核失败
2018-12-04 20:58:29,445-mp_log-INFO-已审核
2018-12-04 20:58:29,704-mp_log-INFO-审核失败
2018-12-04 20:58:30,133-mp_log-INFO-已审核
2018-12-04 20:58:30,970-mp_log-INFO-审核失败
2018-12-04 20:58:31,098-mp_log-INFO-审核失败
2018-12-04 20:58:31,144-mp_log-INFO-审核失败
2018-12-04 20:58:31,498-mp_log-INFO-已审核
2018-12-04 20:58:31,803-mp_log-INFO-已审核
2018-12-04 20:58:32,200-mp_log-INFO-已审核
2018-12-04 20:58:32,378-mp_log-INFO-已审核
2018-12-04 20:58:32,995-mp_log-INFO-已审核
2018-12-04 20:58:34,004-mp_log-INFO-已审核
2018-12-04 20:58:34,066-mp_log-INFO-已审核
2018-12-04 20:58:34,476-mp_log-INFO-已审核
2018-12-04 20:58:34,691-mp_log-INFO-已审核
2018-12-04 20:58:35,185-mp_log-INFO-审核失败
2018-12-04 20:58:35,392-mp_log-INFO-已审核
2018-12-04 20:58:36,043-mp_log-INFO-已审核
2018-12-04 20:58:36,204-mp_log-INFO-已审核
2018-12-04 20:58:36,424-mp_log-INFO-已审核
2018-12-04 20:58:36,801-mp_log-INFO-审核失败
2018-12-04 20:58:37,430-mp_log-INFO-已审核
2018-12-04 20:58:37,632-mp_log-INFO-审核失败
2018-12-04 20:58:38,193-mp_log-INFO-已审核
2018-12-04 20:58:38,886-mp_log-INFO-审核失败
2018-12-04 20:58:39,025-mp_log-INFO-已审核
2018-12-04 20:58:39,261-mp_log-INFO-已审核
2018-12-04 20:58:39,657-mp_log-INFO-已审核
2018-12-04 20:58:40,185-mp_log-INFO-已审核
2018-12-04 20:58:41,121-mp_log-INFO-已审核
2018-12-04 20:58:41,540-mp_log-INFO-审核失败
2018-12-04 20:58:42,012-mp_log-INFO-已审核
2018-12-04 20:58:43,139-mp_log-INFO-已审核
2018-12-04 20:58:43,334-mp_log-INFO-已审核
2018-12-04 20:58:43,583-mp_log-INFO-已审核
2018-12-04 20:58:43,797-mp_log-INFO-已审核
2018-12-04 20:58:44,134-mp_log-INFO-审核失败
2018-12-04 20:58:44,426-mp_log-INFO-已审核
2018-12-04 20:58:44,930-mp_log-INFO-审核失败
2018-12-04 20:58:45,062-mp_log-INFO-审核失败
2018-12-04 20:58:45,319-mp_log-INFO-已审核
2018-12-04 20:58:45,577-mp_log-INFO-已审核
2018-12-04 20:58:45,817-mp_log-INFO-已审核
2018-12-04 20:58:46,146-mp_log-INFO-审核失败
2018-12-04 20:58:46,474-mp_log-INFO-已审核
2018-12-04 20:58:46,837-mp_log-INFO-已审核
2018-12-04 20:58:47,108-mp_log-INFO-已审核
2018-12-04 20:58:47,439-mp_log-INFO-已审核
2018-12-04 20:58:47,682-mp_log-INFO-审核失败
2018-12-04 20:58:48,009-mp_log-INFO-已审核
2018-12-04 20:58:48,277-mp_log-INFO-审核失败
2018-12-04 20:58:48,645-mp_log-INFO-审核失败
2018-12-04 20:58:48,931-mp_log-INFO-已审核
2018-12-04 20:58:49,302-mp_log-INFO-审核失败
2018-12-04 20:58:49,453-mp_log-INFO-审核失败
2018-12-04 20:58:50,023-mp_log-INFO-审核失败
2018-12-04 20:58:50,103-mp_log-INFO-已审核
2018-12-04 20:58:50,432-mp_log-INFO-审核失败
2018-12-04 20:58:50,773-mp_log-INFO-审核失败
2018-12-04 20:58:51,020-mp_log-INFO-已审核
2018-12-04 20:58:51,264-mp_log-INFO-已审核
2018-12-04 20:58:51,584-mp_log-INFO-已审核
2018-12-04 20:58:51,884-mp_log-INFO-已审核
2018-12-04 20:58:52,248-mp_log-INFO-审核失败
2018-12-04 20:58:52,558-mp_log-INFO-已审核
2018-12-04 20:58:52,882-mp_log-INFO-已审核
2018-12-04 20:58:53,133-mp_log-INFO-已审核
2018-12-04 20:58:53,426-mp_log-INFO-已审核
2018-12-04 20:58:53,713-mp_log-INFO-已审核
2018-12-04 20:58:54,097-mp_log-INFO-已审核
2018-12-04 20:58:54,340-mp_log-INFO-审核失败
2018-12-04 20:58:54,582-mp_log-INFO-已审核
2018-12-04 20:58:54,899-mp_log-INFO-已审核
2018-12-04 20:58:55,237-mp_log-INFO-已审核
2018-12-04 20:58:55,601-mp_log-INFO-已审核
2018-12-04 20:58:55,857-mp_log-INFO-审核失败
2018-12-04 20:58:56,132-mp_log-INFO-已审核
2018-12-04 20:58:56,463-mp_log-INFO-已审核
2018-12-04 20:58:56,776-mp_log-INFO-已审核
2018-12-04 20:58:57,065-mp_log-INFO-审核失败
2018-12-04 20:58:57,346-mp_log-INFO-已审核
2018-12-04 20:58:57,606-mp_log-INFO-已审核
2018-12-04 20:58:57,875-mp_log-INFO-已审核
2018-12-04 20:58:58,347-mp_log-INFO-已审核
2018-12-04 20:58:58,692-mp_log-INFO-审核失败
2018-12-04 20:58:58,959-mp_log-INFO-已审核
2018-12-04 20:58:59,253-mp_log-INFO-已审核
2018-12-04 20:58:59,429-mp_log-INFO-已审核
2018-12-04 20:58:59,728-mp_log-INFO-已审核
2018-12-04 20:59:00,023-mp_log-INFO-已审核
2018-12-04 20:59:00,364-mp_log-INFO-已审核
2018-12-04 20:59:00,664-mp_log-INFO-已审核
2018-12-04 20:59:00,934-mp_log-INFO-已审核
2018-12-04 20:59:01,296-mp_log-INFO-已审核
2018-12-04 20:59:01,886-mp_log-INFO-已审核
2018-12-04 20:59:02,148-mp_log-INFO-已审核
2018-12-04 20:59:02,496-mp_log-INFO-已审核
2018-12-04 20:59:02,824-mp_log-INFO-已审核
2018-12-04 20:59:03,057-mp_log-INFO-已审核
2018-12-04 20:59:03,337-mp_log-INFO-已审核
2018-12-04 20:59:03,649-mp_log-INFO-已审核
2018-12-04 20:59:04,031-mp_log-INFO-已审核
2018-12-04 20:59:04,220-mp_log-INFO-审核失败
2018-12-04 20:59:04,499-mp_log-INFO-已审核
2018-12-04 20:59:04,876-mp_log-INFO-已审核
2018-12-04 20:59:05,138-mp_log-INFO-已审核
2018-12-04 20:59:05,470-mp_log-INFO-已审核
2018-12-04 20:59:05,775-mp_log-INFO-已审核
2018-12-04 20:59:06,002-mp_log-INFO-已审核
2018-12-04 20:59:06,435-mp_log-INFO-已审核
2018-12-04 20:59:06,656-mp_log-INFO-已审核
2018-12-04 20:59:06,938-mp_log-INFO-已审核
2018-12-04 20:59:07,258-mp_log-INFO-已审核
2018-12-04 20:59:07,555-mp_log-INFO-已审核
2018-12-04 20:59:07,915-mp_log-INFO-已审核
2018-12-04 20:59:08,240-mp_log-INFO-已审核
2018-12-04 20:59:08,751-mp_log-INFO-已审核
2018-12-04 20:59:09,082-mp_log-INFO-已审核
2018-12-04 20:59:09,397-mp_log-INFO-审核失败
2018-12-04 20:59:09,624-mp_log-INFO-审核失败
2018-12-04 20:59:09,921-mp_log-INFO-已审核
2018-12-04 20:59:10,312-mp_log-INFO-已审核
2018-12-04 20:59:10,556-mp_log-INFO-已审核
2018-12-04 20:59:10,860-mp_log-INFO-已审核
2018-12-04 20:59:11,137-mp_log-INFO-已审核
2018-12-04 20:59:11,478-mp_log-INFO-已审核
2018-12-04 20:59:11,795-mp_log-INFO-已审核
2018-12-04 20:59:12,077-mp_log-INFO-已审核
2018-12-04 20:59:12,383-mp_log-INFO-已审核
2018-12-04 20:59:12,703-mp_log-INFO-审核失败
2018-12-04 20:59:13,077-mp_log-INFO-审核失败
2018-12-04 20:59:13,262-mp_log-INFO-已审核
2018-12-04 20:59:13,673-mp_log-INFO-已审核
2018-12-04 20:59:13,905-mp_log-INFO-已审核
2018-12-04 20:59:14,178-mp_log-INFO-已审核
2018-12-04 20:59:14,554-mp_log-INFO-已审核
2018-12-04 20:59:14,740-mp_log-INFO-审核失败
2018-12-04 20:59:15,095-mp_log-INFO-已审核
2018-12-04 20:59:15,408-mp_log-INFO-已审核
2018-12-04 20:59:15,687-mp_log-INFO-审核失败
2018-12-04 20:59:16,110-mp_log-INFO-已审核
2018-12-04 20:59:16,233-mp_log-INFO-已审核
2018-12-04 20:59:16,705-mp_log-INFO-已审核
2018-12-04 20:59:16,815-mp_log-INFO-已审核
2018-12-04 20:59:17,163-mp_log-INFO-已审核
2018-12-04 20:59:17,490-mp_log-INFO-审核失败
2018-12-04 20:59:17,802-mp_log-INFO-已审核
2018-12-04 20:59:18,121-mp_log-INFO-审核失败
2018-12-04 20:59:18,360-mp_log-INFO-审核失败
2018-12-04 20:59:18,664-mp_log-INFO-审核失败
2018-12-04 20:59:19,189-mp_log-INFO-已审核
2018-12-04 20:59:19,332-mp_log-INFO-已审核
2018-12-04 20:59:20,095-mp_log-INFO-审核失败
2018-12-04 20:59:20,400-mp_log-INFO-审核失败
2018-12-04 20:59:20,717-mp_log-INFO-审核失败
2018-12-04 20:59:20,791-mp_log-INFO-审核失败
2018-12-04 20:59:21,060-mp_log-INFO-审核失败
2018-12-04 20:59:21,957-mp_log-INFO-审核失败
2018-12-04 20:59:22,249-mp_log-INFO-已审核
2018-12-04 20:59:23,334-mp_log-INFO-已审核
2018-12-04 20:59:23,612-mp_log-INFO-已审核
2018-12-04 20:59:24,101-mp_log-INFO-已审核
2018-12-04 20:59:24,583-mp_log-INFO-已审核
2018-12-04 20:59:24,688-mp_log-INFO-已审核
2018-12-04 20:59:24,961-mp_log-INFO-已审核
2018-12-04 20:59:25,215-mp_log-INFO-已审核
2018-12-04 20:59:25,480-mp_log-INFO-已审核
2018-12-04 20:59:25,779-mp_log-INFO-已审核
2018-12-04 20:59:26,069-mp_log-INFO-已审核
2018-12-04 20:59:26,427-mp_log-INFO-审核失败
2018-12-04 20:59:26,725-mp_log-INFO-审核失败
2018-12-04 20:59:27,004-mp_log-INFO-已审核
2018-12-04 20:59:27,329-mp_log-INFO-已审核
2018-12-04 20:59:27,608-mp_log-INFO-审核失败
2018-12-04 20:59:27,881-mp_log-INFO-已审核
2018-12-04 20:59:28,263-mp_log-INFO-已审核
2018-12-04 20:59:28,462-mp_log-INFO-已审核
2018-12-04 20:59:28,896-mp_log-INFO-已审核
2018-12-04 20:59:29,056-mp_log-INFO-已审核
2018-12-04 20:59:29,435-mp_log-INFO-已审核
2018-12-04 20:59:29,725-mp_log-INFO-已审核
2018-12-04 20:59:29,988-mp_log-INFO-已审核
2018-12-04 20:59:30,353-mp_log-INFO-审核中
2018-12-04 20:59:30,592-mp_log-INFO-已审核
2018-12-04 20:59:30,971-mp_log-INFO-已审核
2018-12-04 20:59:31,299-mp_log-INFO-审核失败
2018-12-04 20:59:31,514-mp_log-INFO-已审核
2018-12-04 20:59:31,773-mp_log-INFO-已审核
2018-12-04 20:59:32,190-mp_log-INFO-已审核
2018-12-04 20:59:32,482-mp_log-INFO-已审核
2018-12-04 20:59:32,663-mp_log-INFO-已审核
2018-12-04 20:59:33,029-mp_log-INFO-审核失败
2018-12-04 20:59:33,320-mp_log-INFO-已审核
2018-12-04 20:59:33,663-mp_log-INFO-已审核
2018-12-04 20:59:34,027-mp_log-INFO-已审核
2018-12-04 20:59:34,209-mp_log-INFO-已审核
2018-12-04 20:59:34,526-mp_log-INFO-已审核
2018-12-04 20:59:34,803-mp_log-INFO-已审核
