2018-12-17 13:55:20,202-Getlogin-ERROR-'token'
2018-12-17 13:55:20,204-mp_log-INFO-token获取成功......
2018-12-17 13:55:41,209-mp_log-INFO-获取所有小程序信息成功......
2018-12-17 13:55:41,679-mp_log-INFO-获取最新模板信息成功.......
2018-12-17 13:55:42,867-mp_log-INFO-已审核
2018-12-17 13:55:43,015-mp_log-INFO-审核失败
2018-12-17 13:55:43,517-mp_log-INFO-已审核
2018-12-17 13:55:43,941-mp_log-INFO-已审核
2018-12-17 13:55:44,668-mp_log-INFO-已审核
2018-12-17 13:55:45,041-mp_log-INFO-审核失败
2018-12-17 13:55:45,285-mp_log-INFO-审核失败
2018-12-17 13:55:45,568-mp_log-INFO-已审核
2018-12-17 13:55:45,855-mp_log-INFO-已审核
2018-12-17 13:55:46,209-mp_log-INFO-审核失败
2018-12-17 13:55:46,504-mp_log-INFO-审核失败
2018-12-17 13:55:46,970-mp_log-INFO-已审核
2018-12-17 13:55:47,135-mp_log-INFO-已审核
2018-12-17 13:55:47,482-mp_log-INFO-审核失败
2018-12-17 13:55:48,106-mp_log-INFO-审核失败
2018-12-17 13:55:48,114-mp_log-INFO-已审核
2018-12-17 13:55:48,696-mp_log-INFO-审核失败
2018-12-17 13:55:48,873-mp_log-INFO-审核失败
2018-12-17 13:55:49,111-mp_log-INFO-审核失败
2018-12-17 13:55:49,531-mp_log-INFO-已审核
2018-12-17 13:55:50,245-mp_log-INFO-已审核
2018-12-17 13:55:50,287-mp_log-INFO-已审核
2018-12-17 13:55:50,567-mp_log-INFO-已审核
2018-12-17 13:55:51,178-mp_log-INFO-已审核
2018-12-17 13:55:51,524-mp_log-INFO-已审核
2018-12-17 13:55:52,005-mp_log-INFO-审核失败
2018-12-17 13:55:52,156-mp_log-INFO-已审核
2018-12-17 13:55:52,474-mp_log-INFO-已审核
2018-12-17 13:55:52,787-mp_log-INFO-审核失败
2018-12-17 13:55:53,111-mp_log-INFO-已审核
2018-12-17 13:55:53,582-mp_log-INFO-审核失败
2018-12-17 13:55:53,824-mp_log-INFO-已审核
2018-12-17 13:55:54,107-mp_log-INFO-已审核
2018-12-17 13:55:54,411-mp_log-INFO-审核失败
2018-12-17 13:55:54,647-mp_log-INFO-已审核
2018-12-17 13:55:55,086-mp_log-INFO-审核失败
2018-12-17 13:55:55,514-mp_log-INFO-已审核
2018-12-17 13:55:56,276-mp_log-INFO-已审核
2018-12-17 13:55:56,395-mp_log-INFO-已审核
2018-12-17 13:55:57,048-mp_log-INFO-已审核
2018-12-17 13:55:57,241-mp_log-INFO-已审核
2018-12-17 13:55:57,585-mp_log-INFO-已审核
2018-12-17 13:55:57,903-mp_log-INFO-已审核
2018-12-17 13:55:58,190-mp_log-INFO-已审核
2018-12-17 13:55:58,667-mp_log-INFO-已审核
2018-12-17 13:55:59,275-mp_log-INFO-审核失败
2018-12-17 13:55:59,527-mp_log-INFO-已审核
2018-12-17 13:56:00,296-mp_log-INFO-已审核
2018-12-17 13:56:00,307-mp_log-INFO-已审核
2018-12-17 13:56:00,725-mp_log-INFO-审核失败
2018-12-17 13:56:01,033-mp_log-INFO-审核失败
2018-12-17 13:56:01,292-mp_log-INFO-审核失败
2018-12-17 13:56:01,850-mp_log-INFO-审核失败
2018-12-17 13:56:02,191-mp_log-INFO-已审核
2018-12-17 13:56:02,588-mp_log-INFO-已审核
2018-12-17 13:56:02,723-mp_log-INFO-已审核
2018-12-17 13:56:03,182-mp_log-INFO-已审核
2018-12-17 13:56:03,800-mp_log-INFO-已审核
2018-12-17 13:56:03,820-mp_log-INFO-已审核
2018-12-17 13:56:04,794-mp_log-INFO-已审核
2018-12-17 13:56:04,879-mp_log-INFO-已审核
2018-12-17 13:56:06,234-mp_log-INFO-已审核
2018-12-17 13:56:06,312-mp_log-INFO-已审核
2018-12-17 13:56:07,085-mp_log-INFO-审核失败
2018-12-17 13:56:07,752-mp_log-INFO-已审核
2018-12-17 13:56:08,299-mp_log-INFO-审核失败
2018-12-17 13:56:08,911-mp_log-INFO-已审核
2018-12-17 13:56:09,241-mp_log-INFO-已审核
2018-12-17 13:56:09,533-mp_log-INFO-审核失败
2018-12-17 13:56:09,860-mp_log-INFO-审核失败
2018-12-17 13:56:10,089-mp_log-INFO-审核失败
2018-12-17 13:56:10,493-mp_log-INFO-已审核
2018-12-17 13:56:10,706-mp_log-INFO-已审核
2018-12-17 13:56:11,056-mp_log-INFO-已审核
2018-12-17 13:56:11,682-mp_log-INFO-已审核
2018-12-17 13:56:12,188-mp_log-INFO-审核失败
2018-12-17 13:56:13,913-mp_log-INFO-审核失败
2018-12-17 13:56:14,002-mp_log-INFO-已审核
2018-12-17 13:56:14,229-mp_log-INFO-已审核
2018-12-17 13:56:14,584-mp_log-INFO-已审核
2018-12-17 13:56:14,896-mp_log-INFO-已审核
2018-12-17 13:56:15,214-mp_log-INFO-已审核
2018-12-17 13:56:15,461-mp_log-INFO-已审核
2018-12-17 13:56:15,709-mp_log-INFO-已审核
2018-12-17 13:56:16,101-mp_log-INFO-已审核
2018-12-17 13:56:16,341-mp_log-INFO-已审核
2018-12-17 13:56:16,698-mp_log-INFO-已审核
2018-12-17 13:56:16,985-mp_log-INFO-已审核
2018-12-17 13:56:17,138-mp_log-INFO-审核失败
2018-12-17 13:56:17,556-mp_log-INFO-已审核
2018-12-17 13:56:17,964-mp_log-INFO-已审核
2018-12-17 13:56:18,166-mp_log-INFO-已审核
2018-12-17 13:56:18,428-mp_log-INFO-审核失败
2018-12-17 13:56:18,881-mp_log-INFO-已审核
2018-12-17 13:56:19,023-mp_log-INFO-审核失败
2018-12-17 13:56:19,305-mp_log-INFO-已审核
2018-12-17 13:56:19,736-mp_log-INFO-已审核
2018-12-17 13:56:19,980-mp_log-INFO-审核失败
2018-12-17 13:56:20,282-mp_log-INFO-已审核
2018-12-17 13:56:20,548-mp_log-INFO-审核失败
2018-12-17 13:56:20,934-mp_log-INFO-审核失败
2018-12-17 13:56:21,193-mp_log-INFO-已审核
2018-12-17 13:56:21,517-mp_log-INFO-已审核
2018-12-17 13:56:21,809-mp_log-INFO-已审核
2018-12-17 13:56:22,070-mp_log-INFO-已审核
2018-12-17 13:56:22,418-mp_log-INFO-审核失败
2018-12-17 13:56:22,667-mp_log-INFO-已审核
2018-12-17 13:56:23,028-mp_log-INFO-已审核
2018-12-17 13:56:23,535-mp_log-INFO-已审核
2018-12-17 13:56:23,902-mp_log-INFO-已审核
2018-12-17 13:56:24,263-mp_log-INFO-已审核
2018-12-17 13:56:24,538-mp_log-INFO-审核失败
2018-12-17 13:56:24,794-mp_log-INFO-已审核
2018-12-17 13:56:25,076-mp_log-INFO-已审核
2018-12-17 13:56:25,369-mp_log-INFO-已审核
2018-12-17 13:56:25,743-mp_log-INFO-已审核
2018-12-17 13:56:26,027-mp_log-INFO-已审核
2018-12-17 13:56:26,283-mp_log-INFO-已审核
2018-12-17 13:56:26,662-mp_log-INFO-已审核
2018-12-17 13:56:26,857-mp_log-INFO-已审核
2018-12-17 13:56:27,157-mp_log-INFO-已审核
2018-12-17 13:56:27,580-mp_log-INFO-已审核
2018-12-17 13:56:27,771-mp_log-INFO-已审核
2018-12-17 13:56:28,024-mp_log-INFO-已审核
2018-12-17 13:56:28,387-mp_log-INFO-已审核
2018-12-17 13:56:28,858-mp_log-INFO-已审核
2018-12-17 13:56:29,001-mp_log-INFO-已审核
2018-12-17 13:56:29,273-mp_log-INFO-已审核
2018-12-17 13:56:29,640-mp_log-INFO-已审核
2018-12-17 13:56:30,167-mp_log-INFO-审核失败
2018-12-17 13:56:30,587-mp_log-INFO-已审核
2018-12-17 13:56:30,778-mp_log-INFO-审核失败
2018-12-17 13:56:31,122-mp_log-INFO-审核失败
2018-12-17 13:56:31,590-mp_log-INFO-审核失败
2018-12-17 13:56:31,706-mp_log-INFO-审核失败
2018-12-17 13:56:31,956-mp_log-INFO-已审核
2018-12-17 13:56:32,326-mp_log-INFO-审核失败
2018-12-17 13:56:32,618-mp_log-INFO-已审核
2018-12-17 13:56:32,983-mp_log-INFO-已审核
2018-12-17 13:56:33,172-mp_log-INFO-已审核
2018-12-17 13:56:33,544-mp_log-INFO-已审核
2018-12-17 13:56:33,867-mp_log-INFO-已审核
2018-12-17 13:56:34,178-mp_log-INFO-审核失败
2018-12-17 13:56:34,394-mp_log-INFO-审核失败
2018-12-17 13:56:34,939-mp_log-INFO-已审核
2018-12-17 13:56:34,980-mp_log-INFO-已审核
2018-12-17 13:56:35,325-mp_log-INFO-已审核
2018-12-17 13:56:35,609-mp_log-INFO-审核失败
2018-12-17 13:56:35,894-mp_log-INFO-已审核
2018-12-17 13:56:36,220-mp_log-INFO-审核失败
2018-12-17 13:56:36,508-mp_log-INFO-已审核
2018-12-17 13:56:36,826-mp_log-INFO-已审核
2018-12-17 13:56:37,226-mp_log-INFO-已审核
2018-12-17 13:56:37,424-mp_log-INFO-已审核
2018-12-17 13:56:37,655-mp_log-INFO-已审核
2018-12-17 13:56:38,042-mp_log-INFO-已审核
2018-12-17 13:56:38,349-mp_log-INFO-已审核
2018-12-17 13:56:38,637-mp_log-INFO-已审核
2018-12-17 13:56:38,860-mp_log-INFO-审核失败
2018-12-17 13:56:39,216-mp_log-INFO-已审核
2018-12-17 13:56:39,483-mp_log-INFO-已审核
2018-12-17 13:56:39,748-mp_log-INFO-审核失败
2018-12-17 13:56:40,198-mp_log-INFO-审核失败
2018-12-17 13:56:40,487-mp_log-INFO-已审核
2018-12-17 13:56:40,692-mp_log-INFO-已审核
2018-12-17 13:56:41,018-mp_log-INFO-已审核
2018-12-17 13:56:41,283-mp_log-INFO-已审核
2018-12-17 13:56:41,966-mp_log-INFO-审核失败
2018-12-17 13:56:42,010-mp_log-INFO-已审核
2018-12-17 13:56:42,209-mp_log-INFO-已审核
2018-12-17 13:56:42,609-mp_log-INFO-审核失败
2018-12-17 13:56:42,857-mp_log-INFO-审核失败
2018-12-17 13:56:43,239-mp_log-INFO-审核失败
2018-12-17 13:56:43,404-mp_log-INFO-已审核
2018-12-17 13:56:43,671-mp_log-INFO-已审核
2018-12-17 13:56:43,987-mp_log-INFO-已审核
2018-12-17 13:56:44,319-mp_log-INFO-已审核
2018-12-17 13:56:44,681-mp_log-INFO-已审核
2018-12-17 13:56:44,892-mp_log-INFO-审核失败
2018-12-17 13:56:45,225-mp_log-INFO-审核失败
2018-12-17 13:56:45,510-mp_log-INFO-审核失败
2018-12-17 13:56:45,797-mp_log-INFO-已审核
2018-12-17 13:56:46,157-mp_log-INFO-已审核
2018-12-17 13:56:46,428-mp_log-INFO-审核失败
2018-12-17 13:56:46,670-mp_log-INFO-审核失败
2018-12-17 13:56:47,131-mp_log-INFO-已审核
2018-12-17 13:56:47,347-mp_log-INFO-已审核
2018-12-17 13:56:47,680-mp_log-INFO-审核失败
2018-12-17 13:56:48,100-mp_log-INFO-审核失败
2018-12-17 13:56:48,323-mp_log-INFO-已审核
2018-12-17 13:56:48,611-mp_log-INFO-已审核
2018-12-17 13:56:48,898-mp_log-INFO-已审核
2018-12-17 13:56:49,193-mp_log-INFO-审核失败
2018-12-17 13:56:49,516-mp_log-INFO-审核失败
2018-12-17 13:56:49,729-mp_log-INFO-已审核
2018-12-17 13:56:50,038-mp_log-INFO-已审核
2018-12-17 13:56:50,267-mp_log-INFO-已审核
2018-12-17 13:56:50,649-mp_log-INFO-已审核
2018-12-17 13:56:50,897-mp_log-INFO-已审核
2018-12-17 13:56:51,253-mp_log-INFO-已审核
2018-12-17 13:56:51,825-mp_log-INFO-已审核
2018-12-17 13:56:51,847-mp_log-INFO-已审核
2018-12-17 13:56:52,181-mp_log-INFO-已审核
2018-12-17 13:56:52,442-mp_log-INFO-已审核
2018-12-17 13:56:52,713-mp_log-INFO-审核失败
2018-12-17 13:56:52,977-mp_log-INFO-审核失败
2018-12-17 13:56:53,406-mp_log-INFO-审核失败
2018-12-17 13:56:53,643-mp_log-INFO-审核失败
2018-12-17 13:56:53,964-mp_log-INFO-审核失败
2018-12-17 13:56:54,235-mp_log-INFO-已审核
2018-12-17 13:56:54,465-mp_log-INFO-审核失败
2018-12-17 13:56:54,814-mp_log-INFO-已审核
2018-12-17 13:56:55,131-mp_log-INFO-审核失败
