2018-12-10 14:52:46,818-Getlogin-ERROR-'token'
2018-12-10 14:52:46,821-mp_log-INFO-token获取成功......
2018-12-10 14:53:03,958-mp_log-INFO-获取所有小程序信息成功......
2018-12-10 14:53:04,672-mp_log-INFO-获取最新模板信息成功.......
2018-12-10 14:53:06,045-mp_log-INFO-审核失败
2018-12-10 14:53:06,373-mp_log-INFO-已审核
2018-12-10 14:53:06,694-mp_log-INFO-审核失败
2018-12-10 14:53:07,769-mp_log-INFO-已审核
2018-12-10 14:53:07,967-mp_log-INFO-审核失败
2018-12-10 14:53:08,047-mp_log-INFO-审核失败
2018-12-10 14:53:08,115-mp_log-INFO-审核失败
2018-12-10 14:53:08,478-mp_log-INFO-审核失败
2018-12-10 14:53:08,699-mp_log-INFO-审核失败
2018-12-10 14:53:09,011-mp_log-INFO-已审核
2018-12-10 14:53:09,535-mp_log-INFO-审核失败
2018-12-10 14:53:09,630-mp_log-INFO-已审核
2018-12-10 14:53:09,961-mp_log-INFO-审核失败
2018-12-10 14:53:10,246-mp_log-INFO-已审核
2018-12-10 14:53:10,610-mp_log-INFO-审核失败
2018-12-10 14:53:11,199-mp_log-INFO-审核失败
2018-12-10 14:53:11,442-mp_log-INFO-审核失败
2018-12-10 14:53:11,748-mp_log-INFO-审核失败
2018-12-10 14:53:11,847-mp_log-INFO-已审核
2018-12-10 14:53:12,044-mp_log-INFO-已审核
2018-12-10 14:53:12,387-mp_log-INFO-已审核
2018-12-10 14:53:12,608-mp_log-INFO-已审核
2018-12-10 14:53:12,921-mp_log-INFO-已审核
2018-12-10 14:53:13,683-mp_log-INFO-已审核
2018-12-10 14:53:13,850-mp_log-INFO-已审核
2018-12-10 14:53:14,140-mp_log-INFO-已审核
2018-12-10 14:53:14,423-mp_log-INFO-已审核
2018-12-10 14:53:15,031-mp_log-INFO-审核失败
2018-12-10 14:53:15,089-mp_log-INFO-已审核
2018-12-10 14:53:15,355-mp_log-INFO-已审核
2018-12-10 14:53:15,637-mp_log-INFO-已审核
2018-12-10 14:53:16,021-mp_log-INFO-已审核
2018-12-10 14:53:16,248-mp_log-INFO-已审核
2018-12-10 14:53:16,579-mp_log-INFO-审核失败
2018-12-10 14:53:17,073-mp_log-INFO-已审核
2018-12-10 14:53:17,185-mp_log-INFO-审核失败
2018-12-10 14:53:17,426-mp_log-INFO-已审核
2018-12-10 14:53:17,782-mp_log-INFO-审核失败
2018-12-10 14:53:18,073-mp_log-INFO-已审核
2018-12-10 14:53:18,362-mp_log-INFO-已审核
2018-12-10 14:53:18,634-mp_log-INFO-已审核
2018-12-10 14:53:18,980-mp_log-INFO-已审核
2018-12-10 14:53:19,237-mp_log-INFO-已审核
2018-12-10 14:53:19,582-mp_log-INFO-审核失败
2018-12-10 14:53:19,811-mp_log-INFO-已审核
2018-12-10 14:53:20,170-mp_log-INFO-已审核
2018-12-10 14:53:20,430-mp_log-INFO-已审核
2018-12-10 14:53:20,817-mp_log-INFO-已审核
2018-12-10 14:53:21,056-mp_log-INFO-已审核
2018-12-10 14:53:21,423-mp_log-INFO-审核失败
2018-12-10 14:53:21,669-mp_log-INFO-已审核
2018-12-10 14:53:21,983-mp_log-INFO-审核失败
2018-12-10 14:53:22,320-mp_log-INFO-审核失败
2018-12-10 14:53:22,705-mp_log-INFO-已审核
2018-12-10 14:53:22,878-mp_log-INFO-已审核
2018-12-10 14:53:23,194-mp_log-INFO-已审核
2018-12-10 14:53:23,509-mp_log-INFO-审核失败
2018-12-10 14:53:23,792-mp_log-INFO-已审核
2018-12-10 14:53:24,102-mp_log-INFO-已审核
2018-12-10 14:53:24,350-mp_log-INFO-已审核
2018-12-10 14:53:24,698-mp_log-INFO-已审核
2018-12-10 14:53:24,944-mp_log-INFO-审核失败
2018-12-10 14:53:25,358-mp_log-INFO-已审核
2018-12-10 14:53:25,629-mp_log-INFO-审核失败
2018-12-10 14:53:25,820-mp_log-INFO-审核失败
2018-12-10 14:53:26,211-mp_log-INFO-已审核
2018-12-10 14:53:26,771-mp_log-INFO-审核失败
2018-12-10 14:53:26,829-mp_log-INFO-审核失败
2018-12-10 14:53:27,082-mp_log-INFO-审核失败
2018-12-10 14:53:27,580-mp_log-INFO-已审核
2018-12-10 14:53:27,664-mp_log-INFO-审核失败
2018-12-10 14:53:27,972-mp_log-INFO-审核失败
2018-12-10 14:53:28,341-mp_log-INFO-已审核
2018-12-10 14:53:28,608-mp_log-INFO-已审核
2018-12-10 14:53:28,843-mp_log-INFO-已审核
2018-12-10 14:53:29,128-mp_log-INFO-已审核
2018-12-10 14:53:29,467-mp_log-INFO-审核失败
2018-12-10 14:53:29,809-mp_log-INFO-已审核
2018-12-10 14:53:30,200-mp_log-INFO-已审核
2018-12-10 14:53:30,396-mp_log-INFO-已审核
2018-12-10 14:53:30,728-mp_log-INFO-已审核
2018-12-10 14:53:31,047-mp_log-INFO-已审核
2018-12-10 14:53:31,361-mp_log-INFO-已审核
2018-12-10 14:53:31,732-mp_log-INFO-审核失败
2018-12-10 14:53:31,876-mp_log-INFO-已审核
2018-12-10 14:53:32,260-mp_log-INFO-已审核
2018-12-10 14:53:32,540-mp_log-INFO-已审核
2018-12-10 14:53:32,804-mp_log-INFO-已审核
2018-12-10 14:53:33,134-mp_log-INFO-审核失败
2018-12-10 14:53:33,400-mp_log-INFO-已审核
2018-12-10 14:53:33,641-mp_log-INFO-已审核
2018-12-10 14:53:34,061-mp_log-INFO-已审核
2018-12-10 14:53:34,280-mp_log-INFO-审核失败
2018-12-10 14:53:34,609-mp_log-INFO-已审核
2018-12-10 14:53:34,887-mp_log-INFO-已审核
2018-12-10 14:53:35,216-mp_log-INFO-已审核
2018-12-10 14:53:35,526-mp_log-INFO-已审核
2018-12-10 14:53:35,768-mp_log-INFO-审核失败
2018-12-10 14:53:36,148-mp_log-INFO-已审核
2018-12-10 14:53:36,392-mp_log-INFO-已审核
2018-12-10 14:53:36,719-mp_log-INFO-已审核
2018-12-10 14:53:37,422-mp_log-INFO-已审核
2018-12-10 14:53:37,438-mp_log-INFO-已审核
2018-12-10 14:53:37,759-mp_log-INFO-已审核
2018-12-10 14:53:37,852-mp_log-INFO-已审核
2018-12-10 14:53:38,512-mp_log-INFO-已审核
2018-12-10 14:53:38,692-mp_log-INFO-已审核
2018-12-10 14:53:38,814-mp_log-INFO-已审核
2018-12-10 14:53:39,441-mp_log-INFO-已审核
2018-12-10 14:53:39,681-mp_log-INFO-已审核
2018-12-10 14:53:39,963-mp_log-INFO-已审核
2018-12-10 14:53:40,416-mp_log-INFO-已审核
2018-12-10 14:53:40,599-mp_log-INFO-已审核
2018-12-10 14:53:41,102-mp_log-INFO-已审核
2018-12-10 14:53:41,238-mp_log-INFO-已审核
2018-12-10 14:53:41,533-mp_log-INFO-已审核
2018-12-10 14:53:41,986-mp_log-INFO-审核失败
2018-12-10 14:53:42,211-mp_log-INFO-已审核
2018-12-10 14:53:42,504-mp_log-INFO-已审核
2018-12-10 14:53:42,838-mp_log-INFO-已审核
2018-12-10 14:53:43,015-mp_log-INFO-已审核
2018-12-10 14:53:43,252-mp_log-INFO-已审核
2018-12-10 14:53:43,642-mp_log-INFO-已审核
2018-12-10 14:53:43,949-mp_log-INFO-已审核
2018-12-10 14:53:44,244-mp_log-INFO-已审核
2018-12-10 14:53:44,576-mp_log-INFO-已审核
2018-12-10 14:53:44,815-mp_log-INFO-已审核
2018-12-10 14:53:45,257-mp_log-INFO-已审核
2018-12-10 14:53:45,710-mp_log-INFO-已审核
2018-12-10 14:53:46,013-mp_log-INFO-已审核
2018-12-10 14:53:46,290-mp_log-INFO-已审核
2018-12-10 14:53:46,718-mp_log-INFO-审核失败
2018-12-10 14:53:47,075-mp_log-INFO-审核失败
2018-12-10 14:53:47,477-mp_log-INFO-已审核
2018-12-10 14:53:47,758-mp_log-INFO-已审核
2018-12-10 14:53:47,879-mp_log-INFO-已审核
2018-12-10 14:53:48,189-mp_log-INFO-已审核
2018-12-10 14:53:48,633-mp_log-INFO-已审核
2018-12-10 14:53:48,794-mp_log-INFO-已审核
2018-12-10 14:53:49,010-mp_log-INFO-已审核
2018-12-10 14:53:49,404-mp_log-INFO-已审核
2018-12-10 14:53:49,677-mp_log-INFO-已审核
2018-12-10 14:53:50,021-mp_log-INFO-审核失败
2018-12-10 14:53:50,251-mp_log-INFO-审核失败
2018-12-10 14:53:50,598-mp_log-INFO-已审核
2018-12-10 14:53:50,865-mp_log-INFO-已审核
2018-12-10 14:53:51,237-mp_log-INFO-已审核
2018-12-10 14:53:51,487-mp_log-INFO-已审核
2018-12-10 14:53:51,939-mp_log-INFO-已审核
2018-12-10 14:53:52,089-mp_log-INFO-审核失败
2018-12-10 14:53:52,371-mp_log-INFO-已审核
2018-12-10 14:53:52,744-mp_log-INFO-已审核
2018-12-10 14:53:52,938-mp_log-INFO-审核失败
2018-12-10 14:53:53,292-mp_log-INFO-已审核
2018-12-10 14:53:53,662-mp_log-INFO-已审核
2018-12-10 14:53:53,905-mp_log-INFO-已审核
2018-12-10 14:53:54,213-mp_log-INFO-已审核
2018-12-10 14:53:54,456-mp_log-INFO-已审核
2018-12-10 14:53:54,720-mp_log-INFO-审核失败
2018-12-10 14:53:55,301-mp_log-INFO-已审核
2018-12-10 14:53:55,361-mp_log-INFO-审核失败
2018-12-10 14:53:55,658-mp_log-INFO-审核失败
2018-12-10 14:53:55,961-mp_log-INFO-审核失败
2018-12-10 14:53:56,272-mp_log-INFO-已审核
2018-12-10 14:53:56,611-mp_log-INFO-已审核
2018-12-10 14:53:56,900-mp_log-INFO-审核失败
2018-12-10 14:53:57,202-mp_log-INFO-审核失败
2018-12-10 14:53:57,427-mp_log-INFO-审核失败
2018-12-10 14:53:57,779-mp_log-INFO-审核失败
2018-12-10 14:53:58,039-mp_log-INFO-审核失败
2018-12-10 14:53:58,378-mp_log-INFO-审核失败
2018-12-10 14:53:58,668-mp_log-INFO-已审核
2018-12-10 14:53:58,984-mp_log-INFO-已审核
2018-12-10 14:53:59,344-mp_log-INFO-已审核
2018-12-10 14:53:59,956-mp_log-INFO-审核中
2018-12-10 14:54:00,032-mp_log-INFO-已审核
2018-12-10 14:54:00,169-mp_log-INFO-已审核
2018-12-10 14:54:00,581-mp_log-INFO-已审核
2018-12-10 14:54:00,841-mp_log-INFO-已审核
2018-12-10 14:54:01,114-mp_log-INFO-已审核
2018-12-10 14:54:01,442-mp_log-INFO-已审核
2018-12-10 14:54:01,670-mp_log-INFO-已审核
2018-12-10 14:54:02,159-mp_log-INFO-已审核
2018-12-10 14:54:02,394-mp_log-INFO-审核失败
2018-12-10 14:54:02,812-mp_log-INFO-审核失败
2018-12-10 14:54:03,281-mp_log-INFO-已审核
2018-12-10 14:54:03,484-mp_log-INFO-已审核
2018-12-10 14:54:03,923-mp_log-INFO-已审核
2018-12-10 14:54:04,016-mp_log-INFO-已审核
2018-12-10 14:54:04,183-mp_log-INFO-已审核
2018-12-10 14:54:04,360-mp_log-INFO-已审核
2018-12-10 14:54:04,717-mp_log-INFO-已审核
2018-12-10 14:54:04,971-mp_log-INFO-已审核
2018-12-10 14:54:05,374-mp_log-INFO-已审核
2018-12-10 14:54:05,616-mp_log-INFO-已审核
2018-12-10 14:54:05,874-mp_log-INFO-已审核
2018-12-10 14:54:06,446-mp_log-INFO-已审核
2018-12-10 14:54:06,779-mp_log-INFO-已审核
2018-12-10 14:54:07,141-mp_log-INFO-审核失败
2018-12-10 14:54:07,300-mp_log-INFO-审核中
2018-12-10 14:54:07,679-mp_log-INFO-已审核
2018-12-10 14:54:07,685-mp_log-INFO-已审核
2018-12-10 14:54:08,069-mp_log-INFO-已审核
2018-12-10 14:54:08,294-mp_log-INFO-已审核
2018-12-10 14:54:08,602-mp_log-INFO-已审核
2018-12-10 14:54:09,111-mp_log-INFO-审核失败
2018-12-10 14:54:09,253-mp_log-INFO-已审核
2018-12-10 14:54:09,518-mp_log-INFO-已审核
2018-12-10 14:54:09,848-mp_log-INFO-已审核
2018-12-10 14:54:10,183-mp_log-INFO-已审核
2018-12-10 14:54:10,431-mp_log-INFO-已审核
2018-12-10 14:54:10,748-mp_log-INFO-已审核
