2019-01-15 11:27:27,957-Getlogin-ERROR-'token'
2019-01-15 11:27:27,958-mp_log-INFO-token获取成功......
2019-01-15 11:27:35,123-mp_log-INFO-获取所有小程序信息成功......
2019-01-15 11:27:36,728-mp_log-INFO-获取最新模板信息成功.......
2019-01-15 11:27:38,837-mp_log-ERROR-GOGOBeauty操作失败,失败原因{'status': 500, 'msg': '此管理中心未授权开放平台'}
2019-01-15 11:27:39,142-mp_log-INFO-环亚美容模板操作成功,模板名称20190115 商家正式版
2019-01-15 11:27:39,692-mp_log-INFO-诺研皮肤管理模板操作成功,模板名称20190115 商家正式版
2019-01-15 11:27:39,840-mp_log-ERROR-sdfdsfdsf操作失败,失败原因{'status': 500, 'msg': '此管理中心未授权开放平台'}
2019-01-15 11:27:39,932-mp_log-INFO-芳妍美容模板操作成功,模板名称20190115 商家正式版
2019-01-15 11:27:41,131-mp_log-INFO-绿苑女子模板操作成功,模板名称20190115 商家正式版
2019-01-15 11:27:41,936-mp_log-INFO-伊之花美容模板操作成功,模板名称20190115 商家正式版
2019-01-15 11:27:42,620-mp_log-INFO-广州七号驻颜模板操作成功,模板名称20190115 商家正式版
2019-01-15 11:27:43,444-mp_log-INFO-曼奇莎模板操作成功,模板名称20190115 商家正式版
2019-01-15 11:27:43,452-mp_log-INFO-诗美逸模板操作成功,模板名称20190115 商家正式版
2019-01-15 11:27:43,791-mp_log-INFO-颐和美容模板操作成功,模板名称20190115 商家正式版
2019-01-15 11:27:44,419-mp_log-INFO-赫阁尔模板操作成功,模板名称20190115 商家正式版
2019-01-15 11:27:44,809-mp_log-INFO-草木缘模板操作成功,模板名称20190115 商家正式版
2019-01-15 11:27:45,534-mp_log-INFO-漂亮宝贝模板操作成功,模板名称20190115 商家正式版
2019-01-15 11:27:46,260-mp_log-INFO-梦颜科美模板操作成功,模板名称20190115 商家正式版
2019-01-15 11:27:46,471-mp_log-INFO-都市点点模板操作成功,模板名称20190115 商家正式版
2019-01-15 11:27:47,037-mp_log-INFO-来了美佳澜店模板操作成功,模板名称20190115 商家正式版
2019-01-15 11:27:47,697-mp_log-INFO-木子美甲美睫模板操作成功,模板名称20190115 商家正式版
2019-01-15 11:27:47,951-mp_log-INFO-润妃国际模板操作成功,模板名称20190115 商家正式版
2019-01-15 11:27:48,484-mp_log-INFO-灵动模板操作成功,模板名称20190115 商家正式版
2019-01-15 11:27:49,084-mp_log-INFO-康丽皇家模板操作成功,模板名称20190115 商家正式版
2019-01-15 11:27:49,868-mp_log-ERROR-市场演示专用操作失败,失败原因{'status': 500, 'msg': '此管理中心未授权开放平台'}
2019-01-15 11:27:50,147-mp_log-INFO-美丽驿站模板操作成功,模板名称20190115 商家正式版
2019-01-15 11:27:50,170-mp_log-INFO-美美昭彦模板操作成功,模板名称20190115 商家正式版
2019-01-15 11:27:50,467-mp_log-INFO-匠美JMBEAUTY模板操作成功,模板名称20190115 商家正式版
2019-01-15 11:27:50,929-mp_log-INFO-HB美尚荟模板操作成功,模板名称20190115 商家正式版
2019-01-15 11:27:51,838-mp_log-INFO-Youngface模板操作成功,模板名称20190115 商家正式版
2019-01-15 11:27:52,652-mp_log-INFO-爱睿熙国际模板操作成功,模板名称20190115 商家正式版
2019-01-15 11:27:53,088-mp_log-INFO-当今悦美模板操作成功,模板名称20190115 商家正式版
2019-01-15 11:27:53,533-mp_log-INFO-谦和国际模板操作成功,模板名称20190115 商家正式版
2019-01-15 11:27:54,176-mp_log-INFO-米蝶·快美吧模板操作成功,模板名称20190115 商家正式版
2019-01-15 11:27:55,027-mp_log-INFO-菲常美模板操作成功,模板名称20190115 商家正式版
2019-01-15 11:27:55,371-mp_log-INFO-当代经典模板操作成功,模板名称20190115 商家正式版
2019-01-15 11:27:55,406-mp_log-INFO-iBEATA贝娅塔模板操作成功,模板名称20190115 商家正式版
2019-01-15 11:27:55,810-mp_log-INFO-东方丽人模板操作成功,模板名称20190115 商家正式版
2019-01-15 11:27:56,500-mp_log-INFO-盛士兰模板操作成功,模板名称20190115 商家正式版
2019-01-15 11:27:56,889-mp_log-INFO-玫瑰坊模板操作成功,模板名称20190115 商家正式版
2019-01-15 11:27:57,491-mp_log-INFO-悠兰lyj模板操作成功,模板名称20190115 商家正式版
2019-01-15 11:27:58,000-mp_log-INFO-芊思雅莎莎模板操作成功,模板名称20190115 商家正式版
2019-01-15 11:27:58,479-mp_log-INFO-来就健康模板操作成功,模板名称20190115 商家正式版
2019-01-15 11:27:59,118-mp_log-INFO-恒美世纪模板操作成功,模板名称20190115 商家正式版
2019-01-15 11:27:59,836-mp_log-INFO-美人记Diary模板操作成功,模板名称20190115 商家正式版
2019-01-15 11:28:00,302-mp_log-INFO-美范·珺之屋模板操作成功,模板名称20190115 商家正式版
2019-01-15 11:28:00,756-mp_log-INFO-菲梵经典模板操作成功,模板名称20190115 商家正式版
2019-01-15 11:28:01,038-mp_log-INFO-悦芳泉SPA模板操作成功,模板名称20190115 商家正式版
2019-01-15 11:28:01,475-mp_log-INFO-爱美丽模板操作成功,模板名称20190115 商家正式版
2019-01-15 11:28:01,903-mp_log-INFO-漂亮如你模板操作成功,模板名称20190115 商家正式版
2019-01-15 11:28:02,510-mp_log-INFO-广西宝宝爱模板操作成功,模板名称20190115 商家正式版
2019-01-15 11:28:03,193-mp_log-INFO-虞诗蔓模板操作成功,模板名称20190115 商家正式版
2019-01-15 11:28:03,580-mp_log-INFO-D5 season模板操作成功,模板名称20190115 商家正式版
2019-01-15 11:28:04,034-mp_log-INFO-唯艳美模板操作成功,模板名称20190115 商家正式版
2019-01-15 11:28:04,388-mp_log-INFO-吉美妍丽模板操作成功,模板名称20190115 商家正式版
2019-01-15 11:28:05,079-mp_log-INFO-雪依氏模板操作成功,模板名称20190115 商家正式版
2019-01-15 11:28:05,698-mp_log-INFO-书白美企模板操作成功,模板名称20190115 商家正式版
2019-01-15 11:28:05,798-mp_log-INFO-星美国际模板操作成功,模板名称20190115 商家正式版
2019-01-15 11:28:07,087-mp_log-INFO-霭伦恩美模板操作成功,模板名称20190115 商家正式版
2019-01-15 11:28:07,133-mp_log-INFO-来美吧模板操作成功,模板名称20190115 商家正式版
2019-01-15 11:28:07,409-mp_log-INFO-伊美朗模板操作成功,模板名称20190115 商家正式版
2019-01-15 11:28:07,874-mp_log-INFO-美美一生模板操作成功,模板名称20190115 商家正式版
2019-01-15 11:28:08,550-mp_log-INFO-佳婳天美模板操作成功,模板名称20190115 商家正式版
2019-01-15 11:28:08,860-mp_log-INFO-兴美源模板操作成功,模板名称20190115 商家正式版
2019-01-15 11:28:09,433-mp_log-INFO-优年轻模板操作成功,模板名称20190115 商家正式版
2019-01-15 11:28:09,952-mp_log-INFO-易康国际模板操作成功,模板名称20190115 商家正式版
2019-01-15 11:28:10,691-mp_log-INFO-美美昭妍模板操作成功,模板名称20190115 商家正式版
2019-01-15 11:28:10,852-mp_log-INFO-佐登妮丝模板操作成功,模板名称20190115 商家正式版
2019-01-15 11:28:11,559-mp_log-INFO-阿星国际模板操作成功,模板名称20190115 商家正式版
2019-01-15 11:28:11,925-mp_log-INFO-娇阑美颜模板操作成功,模板名称20190115 商家正式版
2019-01-15 11:28:12,473-mp_log-INFO-爱女士模板操作成功,模板名称20190115 商家正式版
2019-01-15 11:28:13,201-mp_log-INFO-PS智能美肤模板操作成功,模板名称20190115 商家正式版
2019-01-15 11:28:13,520-mp_log-INFO-艾妍整形模板操作成功,模板名称20190115 商家正式版
2019-01-15 11:28:14,189-mp_log-INFO-珍珍美容模板操作成功,模板名称20190115 商家正式版
2019-01-15 11:28:14,870-mp_log-INFO-姿曼美容spa模板操作成功,模板名称20190115 商家正式版
2019-01-15 11:28:14,952-mp_log-INFO-巴黎情缘模板操作成功,模板名称20190115 商家正式版
2019-01-15 11:28:15,389-mp_log-INFO-百合春天模板操作成功,模板名称20190115 商家正式版
2019-01-15 11:28:16,052-mp_log-INFO-梅兰丽人模板操作成功,模板名称20190115 商家正式版
2019-01-15 11:28:16,577-mp_log-INFO-美由心生模板操作成功,模板名称20190115 商家正式版
2019-01-15 11:28:17,026-mp_log-INFO-燕燕尊尚美容模板操作成功,模板名称20190115 商家正式版
2019-01-15 11:28:17,562-mp_log-INFO-雅致璇肌模板操作成功,模板名称20190115 商家正式版
2019-01-15 11:28:17,952-mp_log-INFO-诗露丽涵模板操作成功,模板名称20190115 商家正式版
2019-01-15 11:28:18,871-mp_log-INFO-蓝蒂蔻模板操作成功,模板名称20190115 商家正式版
2019-01-15 11:28:19,176-mp_log-INFO-东方仕典模板操作成功,模板名称20190115 商家正式版
2019-01-15 11:28:19,462-mp_log-INFO-韩流美美店模板操作成功,模板名称20190115 商家正式版
2019-01-15 11:28:20,245-mp_log-INFO-GOGO宝迪模板操作成功,模板名称20190115 商家正式版
2019-01-15 11:28:20,476-mp_log-INFO-月瘦月美模板操作成功,模板名称20190115 商家正式版
2019-01-15 11:28:21,153-mp_log-INFO-启程金典美业模板操作成功,模板名称20190115 商家正式版
2019-01-15 11:28:21,744-mp_log-INFO-年轻我可以模板操作成功,模板名称20190115 商家正式版
2019-01-15 11:28:22,123-mp_log-INFO-精工皇族模板操作成功,模板名称20190115 商家正式版
2019-01-15 11:28:22,491-mp_log-INFO-明剪一秀模板操作成功,模板名称20190115 商家正式版
2019-01-15 11:28:23,328-mp_log-INFO-深圳丝客富模板操作成功,模板名称20190115 商家正式版
2019-01-15 11:28:23,740-mp_log-INFO-DuDuBeauty模板操作成功,模板名称20190115 商家正式版
2019-01-15 11:28:23,916-mp_log-INFO-琉璃水城模板操作成功,模板名称20190115 商家正式版
2019-01-15 11:28:24,500-mp_log-INFO-栢草源模板操作成功,模板名称20190115 商家正式版
2019-01-15 11:28:25,108-mp_log-INFO-杭州东方整形模板操作成功,模板名称20190115 商家正式版
2019-01-15 11:28:25,709-mp_log-INFO-ONI速美模板操作成功,模板名称20190115 商家正式版
2019-01-15 11:28:25,997-mp_log-INFO-YAN健康•美+模板操作成功,模板名称20190115 商家正式版
2019-01-15 11:28:26,874-mp_log-INFO-MMbeauty模板操作成功,模板名称20190115 商家正式版
2019-01-15 11:28:27,120-mp_log-INFO-美共享模板操作成功,模板名称20190115 商家正式版
2019-01-15 11:28:28,027-mp_log-INFO-靓佳人模板操作成功,模板名称20190115 商家正式版
2019-01-15 11:28:28,084-mp_log-INFO-ME智慧美店模板操作成功,模板名称20190115 商家正式版
2019-01-15 11:28:28,940-mp_log-INFO-二院美丽之约模板操作成功,模板名称20190115 商家正式版
2019-01-15 11:28:29,106-mp_log-INFO-紫舟美业模板操作成功,模板名称20190115 商家正式版
2019-01-15 11:28:29,483-mp_log-INFO-南洋beauty模板操作成功,模板名称20190115 商家正式版
2019-01-15 11:28:30,034-mp_log-INFO-阿芙洛蒂模板操作成功,模板名称20190115 商家正式版
2019-01-15 11:28:30,567-mp_log-INFO-来了美标榜店模板操作成功,模板名称20190115 商家正式版
2019-01-15 11:28:31,177-mp_log-INFO-美德福模板操作成功,模板名称20190115 商家正式版
2019-01-15 11:28:31,818-mp_log-INFO-岳灵生发模板操作成功,模板名称20190115 商家正式版
2019-01-15 11:28:32,399-mp_log-INFO-美姿源模板操作成功,模板名称20190115 商家正式版
2019-01-15 11:28:32,658-mp_log-INFO-维多丽雅模板操作成功,模板名称20190115 商家正式版
2019-01-15 11:28:33,183-mp_log-INFO-雅典娜模板操作成功,模板名称20190115 商家正式版
2019-01-15 11:28:33,582-mp_log-INFO-杭州桐雅模板操作成功,模板名称20190115 商家正式版
2019-01-15 11:28:33,596-mp_log-ERROR-光速美操作失败,失败原因{'status': 500, 'msg': '此管理中心未授权开放平台'}
2019-01-15 11:28:34,203-mp_log-INFO-妃香伊丹模板操作成功,模板名称20190115 商家正式版
2019-01-15 11:28:34,665-mp_log-INFO-王海棠养生馆模板操作成功,模板名称20190115 商家正式版
2019-01-15 11:28:35,570-mp_log-INFO-张氏纳然姬朵模板操作成功,模板名称20190115 商家正式版
2019-01-15 11:28:35,945-mp_log-INFO-魅力华健模板操作成功,模板名称20190115 商家正式版
2019-01-15 11:28:36,736-mp_log-INFO-圣水伊人模板操作成功,模板名称20190115 商家正式版
2019-01-15 11:28:37,469-mp_log-INFO-窈窕淑女模板操作成功,模板名称20190115 商家正式版
2019-01-15 11:28:37,726-mp_log-INFO-绮莉尔智能美模板操作成功,模板名称20190115 商家正式版
2019-01-15 11:28:38,206-mp_log-INFO-香密雅CIMIA模板操作成功,模板名称20190115 商家正式版
2019-01-15 11:28:38,458-mp_log-INFO-妍雅媛模板操作成功,模板名称20190115 商家正式版
2019-01-15 11:28:39,453-mp_log-INFO-来了美模板操作成功,模板名称20190115 商家正式版
2019-01-15 11:28:39,586-mp_log-INFO-云SPA模板操作成功,模板名称20190115 商家正式版
2019-01-15 11:28:40,089-mp_log-INFO-轻医美模板操作成功,模板名称20190115 商家正式版
2019-01-15 11:28:40,820-mp_log-INFO-世纪春天模板操作成功,模板名称20190115 商家正式版
2019-01-15 11:28:41,318-mp_log-INFO-贵妇人模板操作成功,模板名称20190115 商家正式版
2019-01-15 11:28:41,694-mp_log-INFO-BabyBeauty模板操作成功,模板名称20190115 商家正式版
2019-01-15 11:28:42,012-mp_log-INFO-奇遇青春模板操作成功,模板名称20190115 商家正式版
2019-01-15 11:28:42,668-mp_log-INFO-来了美韩尚恩模板操作成功,模板名称20190115 商家正式版
2019-01-15 11:28:43,413-mp_log-INFO-纤指百媚模板操作成功,模板名称20190115 商家正式版
2019-01-15 11:28:43,628-mp_log-INFO-美之颜模板操作成功,模板名称20190115 商家正式版
2019-01-15 11:28:44,051-mp_log-INFO-GOGOBeauty模板操作成功,模板名称20190115 商家正式版
2019-01-15 11:28:44,726-mp_log-INFO-贝琳菲美业模板操作成功,模板名称20190115 商家正式版
2019-01-15 11:28:45,087-mp_log-INFO-郦芙蓉beauty模板操作成功,模板名称20190115 商家正式版
2019-01-15 11:28:45,458-mp_log-ERROR-服务商账号操作失败,失败原因{'status': 'error', 'msg': 'component is not authorized by this account hint: [F10r0927hb92]'}
2019-01-15 11:28:45,765-mp_log-INFO-指妃模板操作成功,模板名称20190115 商家正式版
2019-01-15 11:28:46,366-mp_log-INFO-羽梦蝶模板操作成功,模板名称20190115 商家正式版
2019-01-15 11:28:47,312-mp_log-INFO-香住SPA模板操作成功,模板名称20190115 商家正式版
2019-01-15 11:28:47,963-mp_log-INFO-依蔻依美模板操作成功,模板名称20190115 商家正式版
2019-01-15 11:28:48,026-mp_log-INFO-佰味女人模板操作成功,模板名称20190115 商家正式版
2019-01-15 11:28:48,722-mp_log-INFO-黄氏百佳模板操作成功,模板名称20190115 商家正式版
2019-01-15 11:28:49,308-mp_log-INFO-创美雅香莱模板操作成功,模板名称20190115 商家正式版
2019-01-15 11:28:49,670-mp_log-INFO-艾面一族 模板操作成功,模板名称20190115 商家正式版
2019-01-15 11:28:51,129-mp_log-INFO-曼姿模板操作成功,模板名称20190115 商家正式版
2019-01-15 11:28:51,129-mp_log-INFO-植美SPA模板操作成功,模板名称20190115 商家正式版
2019-01-15 11:28:51,195-mp_log-INFO-涣美医疗模板操作成功,模板名称20190115 商家正式版
2019-01-15 11:28:51,757-mp_log-INFO-圣婕美甲美睫模板操作成功,模板名称20190115 商家正式版
2019-01-15 11:28:52,100-mp_log-INFO-美丽九九模板操作成功,模板名称20190115 商家正式版
2019-01-15 11:28:52,854-mp_log-INFO-南国西子模板操作成功,模板名称20190115 商家正式版
2019-01-15 11:28:53,499-mp_log-INFO-百分国际美容模板操作成功,模板名称20190115 商家正式版
2019-01-15 11:28:53,892-mp_log-INFO-千颂伊美学中心模板操作成功,模板名称20190115 商家正式版
2019-01-15 11:28:54,211-mp_log-INFO-艾尚美美哒模板操作成功,模板名称20190115 商家正式版
2019-01-15 11:28:54,681-mp_log-INFO-玉颜堂模板操作成功,模板名称20190115 商家正式版
2019-01-15 11:28:55,384-mp_log-INFO-金美源模板操作成功,模板名称20190115 商家正式版
2019-01-15 11:28:55,911-mp_log-INFO-爱玛仕嘉模板操作成功,模板名称20190115 商家正式版
2019-01-15 11:28:56,356-mp_log-INFO-智能科技美店模板操作成功,模板名称20190115 商家正式版
2019-01-15 11:28:56,772-mp_log-INFO-欧妮薇模板操作成功,模板名称20190115 商家正式版
2019-01-15 11:28:57,188-mp_log-INFO-成都净美天使模板操作成功,模板名称20190115 商家正式版
2019-01-15 11:28:57,796-mp_log-INFO-美姿来就美模板操作成功,模板名称20190115 商家正式版
2019-01-15 11:28:58,209-mp_log-INFO-IVY艾菲芭模板操作成功,模板名称20190115 商家正式版
2019-01-15 11:28:58,707-mp_log-INFO-引导美体验店模板操作成功,模板名称20190115 商家正式版
2019-01-15 11:28:59,268-mp_log-INFO-来了美雲会所模板操作成功,模板名称20190115 商家正式版
2019-01-15 11:29:00,375-mp_log-INFO-SoBeauty模板操作成功,模板名称20190115 商家正式版
2019-01-15 11:29:00,574-mp_log-INFO-蒙妮莎新美容模板操作成功,模板名称20190115 商家正式版
2019-01-15 11:29:00,847-mp_log-INFO-筋生美模板操作成功,模板名称20190115 商家正式版
2019-01-15 11:29:01,337-mp_log-INFO-来了美美吧模板操作成功,模板名称20190115 商家正式版
2019-01-15 11:29:01,787-mp_log-INFO-金柏丽模板操作成功,模板名称20190115 商家正式版
2019-01-15 11:29:02,215-mp_log-INFO-长江九号模板操作成功,模板名称20190115 商家正式版
2019-01-15 11:29:03,145-mp_log-INFO-优文专业脱毛模板操作成功,模板名称20190115 商家正式版
2019-01-15 11:29:03,225-mp_log-INFO-天使国际模板操作成功,模板名称20190115 商家正式版
2019-01-15 11:29:03,701-mp_log-INFO-如生堂模板操作成功,模板名称20190115 商家正式版
2019-01-15 11:29:04,201-mp_log-INFO-梦田芳香Spa模板操作成功,模板名称20190115 商家正式版
2019-01-15 11:29:04,874-mp_log-INFO-贝施纤体模板操作成功,模板名称20190115 商家正式版
2019-01-15 11:29:05,097-mp_log-INFO-色彩纯姬模板操作成功,模板名称20190115 商家正式版
2019-01-15 11:29:05,676-mp_log-INFO-红妆倾城模板操作成功,模板名称20190115 商家正式版
2019-01-15 11:29:06,527-mp_log-INFO-丹阳圣莉斯歌模板操作成功,模板名称20190115 商家正式版
2019-01-15 11:29:07,167-mp_log-INFO-金贵人Beauty模板操作成功,模板名称20190115 商家正式版
2019-01-15 11:29:07,388-mp_log-INFO-芯语芳心模板操作成功,模板名称20190115 商家正式版
2019-01-15 11:29:08,032-mp_log-INFO-广西快来美模板操作成功,模板名称20190115 商家正式版
2019-01-15 11:29:08,593-mp_log-INFO-还原美模板操作成功,模板名称20190115 商家正式版
2019-01-15 11:29:09,024-mp_log-INFO-延颜美容模板操作成功,模板名称20190115 商家正式版
2019-01-15 11:29:09,131-mp_log-INFO-缘临医疗美容模板操作成功,模板名称20190115 商家正式版
2019-01-15 11:29:09,757-mp_log-INFO-梦圆皇宫模板操作成功,模板名称20190115 商家正式版
2019-01-15 11:29:10,356-mp_log-INFO-美了就来模板操作成功,模板名称20190115 商家正式版
2019-01-15 11:29:10,823-mp_log-INFO-恩雅模板操作成功,模板名称20190115 商家正式版
2019-01-15 11:29:11,422-mp_log-INFO-董萍智慧美店模板操作成功,模板名称20190115 商家正式版
2019-01-15 11:29:11,898-mp_log-INFO-俏丽屋模板操作成功,模板名称20190115 商家正式版
2019-01-15 11:29:12,595-mp_log-INFO-YoungDream模板操作成功,模板名称20190115 商家正式版
2019-01-15 11:29:12,704-mp_log-INFO-DR美研博士模板操作成功,模板名称20190115 商家正式版
2019-01-15 11:29:13,184-mp_log-INFO-女秀才模板操作成功,模板名称20190115 商家正式版
2019-01-15 11:29:13,907-mp_log-INFO-東美人儿模板操作成功,模板名称20190115 商家正式版
2019-01-15 11:29:14,407-mp_log-INFO-承昱医疗模板操作成功,模板名称20190115 商家正式版
2019-01-15 11:29:14,907-mp_log-INFO-斓悦庭模板操作成功,模板名称20190115 商家正式版
2019-01-15 11:29:15,430-mp_log-INFO-美迩美整形模板操作成功,模板名称20190115 商家正式版
2019-01-15 11:29:15,910-mp_log-INFO-唯美童妍模板操作成功,模板名称20190115 商家正式版
2019-01-15 11:29:16,358-mp_log-INFO-BV美聚模板操作成功,模板名称20190115 商家正式版
2019-01-15 11:29:16,956-mp_log-INFO-健丽宝美容模板操作成功,模板名称20190115 商家正式版
2019-01-15 11:29:17,399-mp_log-INFO-掌上美管家A模板操作成功,模板名称20190115 商家正式版
2019-01-15 11:29:18,092-mp_log-INFO-博妍集美模板操作成功,模板名称20190115 商家正式版
2019-01-15 11:29:18,229-mp_log-INFO-雅涛世家模板操作成功,模板名称20190115 商家正式版
2019-01-15 11:29:18,783-mp_log-INFO-双妹美容模板操作成功,模板名称20190115 商家正式版
2019-01-15 11:29:19,368-mp_log-INFO-呈悦医疗模板操作成功,模板名称20190115 商家正式版
2019-01-15 11:29:20,109-mp_log-INFO-来了美千丝美模板操作成功,模板名称20190115 商家正式版
2019-01-15 11:29:20,233-mp_log-INFO-世纪之春模板操作成功,模板名称20190115 商家正式版
2019-01-15 11:29:20,923-mp_log-INFO-雅梵GO美模板操作成功,模板名称20190115 商家正式版
2019-01-15 11:29:21,321-mp_log-INFO-女主角美容模板操作成功,模板名称20190115 商家正式版
2019-01-15 11:29:21,940-mp_log-INFO-来了就体验账模板操作成功,模板名称20190115 商家正式版
2019-01-15 11:29:22,448-mp_log-INFO-弘粹堂模板操作成功,模板名称20190115 商家正式版
2019-01-15 11:29:22,974-mp_log-INFO-环球美容模板操作成功,模板名称20190115 商家正式版
2019-01-15 11:29:23,646-mp_log-INFO-乐聚模板操作成功,模板名称20190115 商家正式版
2019-01-15 11:29:24,043-mp_log-ERROR-灰姑娘美甲操作失败,失败原因{'status': 'error', 'msg': 'component is not authorized by this account hint: [0309652067]'}
2019-01-15 11:29:24,207-mp_log-INFO-沧州美美达模板操作成功,模板名称20190115 商家正式版
2019-01-15 11:29:24,700-mp_log-INFO-诗芙侬模板操作成功,模板名称20190115 商家正式版
2019-01-15 11:29:24,946-mp_log-INFO-妮娜形象管理模板操作成功,模板名称20190115 商家正式版
2019-01-15 11:29:25,959-mp_log-INFO-赢美肌模板操作成功,模板名称20190115 商家正式版
2019-01-15 11:29:26,345-mp_log-INFO-馨境堂模板操作成功,模板名称20190115 商家正式版
2019-01-15 11:29:26,998-mp_log-INFO-良沐健康管理模板操作成功,模板名称20190115 商家正式版
2019-01-15 11:29:27,203-mp_log-INFO-果蔬美容模板操作成功,模板名称20190115 商家正式版
2019-01-15 11:29:28,159-mp_log-INFO-东方秀丽模板操作成功,模板名称20190115 商家正式版
2019-01-15 11:29:28,189-mp_log-INFO-贝兰思模板操作成功,模板名称20190115 商家正式版
2019-01-15 11:29:29,031-mp_log-INFO-缔罗嘉佳模板操作成功,模板名称20190115 商家正式版
2019-01-15 11:29:29,655-mp_log-INFO-欧丽薇模板操作成功,模板名称20190115 商家正式版
2019-01-15 11:29:29,772-mp_log-INFO-文轩专业美容模板操作成功,模板名称20190115 商家正式版
