2019-01-15 13:41:45,937-Getlogin-ERROR-'token'
2019-01-15 13:41:45,938-mp_log-INFO-token获取成功......
2019-01-15 13:41:53,849-mp_log-INFO-获取所有小程序信息成功......
2019-01-15 13:41:54,469-mp_log-INFO-获取最新模板信息成功.......
2019-01-15 13:41:57,521-mp_log-INFO-环亚美容提交成功
2019-01-15 13:41:57,929-mp_log-INFO-诺研皮肤管理提交成功
2019-01-15 13:41:58,025-mp_log-ERROR-sdfdsfdsf提交失败
2019-01-15 13:41:58,577-mp_log-INFO-芳妍美容提交成功
2019-01-15 13:41:59,592-mp_log-INFO-绿苑女子提交成功
2019-01-15 13:42:00,660-mp_log-INFO-伊之花美容提交成功
2019-01-15 13:42:00,964-mp_log-INFO-广州七号驻颜提交成功
2019-01-15 13:42:01,284-mp_log-INFO-曼奇莎提交成功
2019-01-15 13:42:01,712-mp_log-INFO-诗美逸提交成功
2019-01-15 13:42:02,147-mp_log-INFO-颐和美容提交成功
2019-01-15 13:42:02,619-mp_log-INFO-赫阁尔提交成功
2019-01-15 13:42:02,956-mp_log-ERROR-漂亮宝贝提交失败
2019-01-15 13:42:03,050-mp_log-INFO-草木缘提交成功
2019-01-15 13:42:04,140-mp_log-INFO-梦颜科美提交成功
2019-01-15 13:42:04,487-mp_log-INFO-都市点点提交成功
2019-01-15 13:42:05,190-mp_log-INFO-来了美佳澜店提交成功
2019-01-15 13:42:05,557-mp_log-INFO-木子美甲美睫提交成功
2019-01-15 13:42:06,292-mp_log-INFO-润妃国际提交成功
2019-01-15 13:42:07,304-mp_log-INFO-康丽皇家提交成功
2019-01-15 13:42:07,513-mp_log-INFO-灵动提交成功
2019-01-15 13:42:07,564-mp_log-INFO-美丽驿站提交成功
2019-01-15 13:42:08,011-mp_log-ERROR-市场演示专用提交失败
2019-01-15 13:42:08,130-mp_log-INFO-美美昭彦提交成功
2019-01-15 13:42:08,669-mp_log-INFO-匠美JMBEAUTY提交成功
2019-01-15 13:42:09,224-mp_log-INFO-HB美尚荟提交成功
2019-01-15 13:42:10,642-mp_log-INFO-爱睿熙国际提交成功
2019-01-15 13:42:10,789-mp_log-INFO-Youngface提交成功
2019-01-15 13:42:11,116-mp_log-INFO-当今悦美提交成功
2019-01-15 13:42:11,567-mp_log-INFO-谦和国际提交成功
2019-01-15 13:42:12,021-mp_log-INFO-米蝶·快美吧提交成功
2019-01-15 13:42:12,854-mp_log-INFO-iBEATA贝娅塔提交成功
2019-01-15 13:42:13,100-mp_log-INFO-菲常美提交成功
2019-01-15 13:42:13,685-mp_log-INFO-当代经典提交成功
2019-01-15 13:42:14,368-mp_log-INFO-东方丽人提交成功
2019-01-15 13:42:14,552-mp_log-INFO-盛士兰提交成功
2019-01-15 13:42:15,180-mp_log-INFO-玫瑰坊提交成功
2019-01-15 13:42:16,501-mp_log-INFO-芊思雅莎莎提交成功
2019-01-15 13:42:16,603-mp_log-INFO-悠兰lyj提交成功
2019-01-15 13:42:16,820-mp_log-ERROR-美人记Diary提交失败
2019-01-15 13:42:17,218-mp_log-INFO-来就健康提交成功
2019-01-15 13:42:17,250-mp_log-INFO-恒美世纪提交成功
2019-01-15 13:42:18,104-mp_log-INFO-美范·珺之屋提交成功
2019-01-15 13:42:18,638-mp_log-INFO-菲梵经典提交成功
2019-01-15 13:42:19,074-mp_log-INFO-悦芳泉SPA提交成功
2019-01-15 13:42:19,908-mp_log-INFO-爱美丽提交成功
2019-01-15 13:42:20,256-mp_log-INFO-漂亮如你提交成功
2019-01-15 13:42:20,645-mp_log-INFO-广西宝宝爱提交成功
2019-01-15 13:42:21,298-mp_log-INFO-虞诗蔓提交成功
2019-01-15 13:42:21,521-mp_log-INFO-D5 season提交成功
2019-01-15 13:42:22,415-mp_log-INFO-唯艳美提交成功
2019-01-15 13:42:22,643-mp_log-INFO-吉美妍丽提交成功
2019-01-15 13:42:23,244-mp_log-INFO-雪依氏提交成功
2019-01-15 13:42:23,465-mp_log-INFO-书白美企提交成功
2019-01-15 13:42:24,211-mp_log-INFO-星美国际提交成功
2019-01-15 13:42:24,674-mp_log-INFO-霭伦恩美提交成功
2019-01-15 13:42:25,186-mp_log-INFO-来美吧提交成功
2019-01-15 13:42:25,685-mp_log-INFO-伊美朗提交成功
2019-01-15 13:42:26,513-mp_log-INFO-美美一生提交成功
2019-01-15 13:42:26,888-mp_log-INFO-佳婳天美提交成功
2019-01-15 13:42:27,099-mp_log-INFO-兴美源提交成功
2019-01-15 13:42:27,539-mp_log-INFO-优年轻提交成功
2019-01-15 13:42:28,176-mp_log-INFO-易康国际提交成功
2019-01-15 13:42:28,756-mp_log-INFO-美美昭妍提交成功
2019-01-15 13:42:29,182-mp_log-INFO-佐登妮丝提交成功
2019-01-15 13:42:29,687-mp_log-INFO-阿星国际提交成功
2019-01-15 13:42:30,295-mp_log-INFO-娇阑美颜提交成功
2019-01-15 13:42:30,740-mp_log-INFO-爱女士提交成功
2019-01-15 13:42:31,547-mp_log-INFO-PS智能美肤提交成功
2019-01-15 13:42:31,689-mp_log-INFO-艾妍整形提交成功
2019-01-15 13:42:32,090-mp_log-INFO-珍珍美容提交成功
2019-01-15 13:42:32,559-mp_log-INFO-姿曼美容spa提交成功
2019-01-15 13:42:33,366-mp_log-INFO-巴黎情缘提交成功
2019-01-15 13:42:33,730-mp_log-INFO-百合春天提交成功
2019-01-15 13:42:34,076-mp_log-INFO-梅兰丽人提交成功
2019-01-15 13:42:34,580-mp_log-INFO-美由心生提交成功
2019-01-15 13:42:35,386-mp_log-INFO-燕燕尊尚美容提交成功
2019-01-15 13:42:35,862-mp_log-INFO-雅致璇肌提交成功
2019-01-15 13:42:36,061-mp_log-INFO-诗露丽涵提交成功
2019-01-15 13:42:37,228-mp_log-INFO-东方仕典提交成功
2019-01-15 13:42:37,380-mp_log-ERROR-GOGO宝迪提交失败
2019-01-15 13:42:37,546-mp_log-INFO-韩流美美店提交成功
2019-01-15 13:42:37,559-mp_log-INFO-蓝蒂蔻提交成功
2019-01-15 13:42:38,671-mp_log-INFO-月瘦月美提交成功
2019-01-15 13:42:39,077-mp_log-INFO-启程金典美业提交成功
2019-01-15 13:42:39,542-mp_log-INFO-年轻我可以提交成功
2019-01-15 13:42:40,458-mp_log-INFO-精工皇族提交成功
2019-01-15 13:42:41,257-mp_log-INFO-深圳丝客富提交成功
2019-01-15 13:42:41,601-mp_log-INFO-DuDuBeauty提交成功
2019-01-15 13:42:42,049-mp_log-INFO-明剪一秀提交成功
2019-01-15 13:42:42,574-mp_log-INFO-琉璃水城提交成功
2019-01-15 13:42:42,684-mp_log-INFO-栢草源提交成功
2019-01-15 13:42:43,249-mp_log-INFO-杭州东方整形提交成功
2019-01-15 13:42:43,754-mp_log-INFO-ONI速美提交成功
2019-01-15 13:42:44,025-mp_log-INFO-YAN健康•美+提交成功
2019-01-15 13:42:44,619-mp_log-INFO-MMbeauty提交成功
2019-01-15 13:42:45,221-mp_log-INFO-美共享提交成功
2019-01-15 13:42:46,313-mp_log-INFO-ME智慧美店提交成功
2019-01-15 13:42:46,623-mp_log-INFO-二院美丽之约提交成功
2019-01-15 13:42:46,703-mp_log-INFO-靓佳人提交成功
2019-01-15 13:42:47,129-mp_log-INFO-紫舟美业提交成功
2019-01-15 13:42:47,672-mp_log-INFO-南洋beauty提交成功
2019-01-15 13:42:48,190-mp_log-INFO-阿芙洛蒂提交成功
2019-01-15 13:42:48,623-mp_log-INFO-来了美标榜店提交成功
2019-01-15 13:42:49,113-mp_log-INFO-美德福提交成功
2019-01-15 13:42:49,678-mp_log-INFO-岳灵生发提交成功
2019-01-15 13:42:50,175-mp_log-INFO-美姿源提交成功
2019-01-15 13:42:50,752-mp_log-INFO-维多丽雅提交成功
2019-01-15 13:42:51,227-mp_log-INFO-雅典娜提交成功
2019-01-15 13:42:51,613-mp_log-ERROR-光速美提交失败
2019-01-15 13:42:51,729-mp_log-INFO-杭州桐雅提交成功
2019-01-15 13:42:52,271-mp_log-INFO-妃香伊丹提交成功
2019-01-15 13:42:52,812-mp_log-INFO-王海棠养生馆提交成功
2019-01-15 13:42:53,737-mp_log-INFO-张氏纳然姬朵提交成功
2019-01-15 13:42:54,043-mp_log-INFO-魅力华健提交成功
2019-01-15 13:42:54,670-mp_log-INFO-圣水伊人提交成功
2019-01-15 13:42:55,154-mp_log-INFO-窈窕淑女提交成功
2019-01-15 13:42:55,671-mp_log-INFO-绮莉尔智能美提交成功
2019-01-15 13:42:56,408-mp_log-INFO-香密雅CIMIA提交成功
2019-01-15 13:42:56,656-mp_log-INFO-妍雅媛提交成功
2019-01-15 13:42:57,441-mp_log-ERROR-轻医美提交失败
2019-01-15 13:42:57,808-mp_log-INFO-云SPA提交成功
2019-01-15 13:42:57,984-mp_log-INFO-来了美提交成功
2019-01-15 13:42:59,087-mp_log-INFO-世纪春天提交成功
2019-01-15 13:42:59,655-mp_log-INFO-贵妇人提交成功
2019-01-15 13:42:59,864-mp_log-INFO-BabyBeauty提交成功
2019-01-15 13:43:00,522-mp_log-INFO-奇遇青春提交成功
2019-01-15 13:43:00,777-mp_log-INFO-来了美韩尚恩提交成功
2019-01-15 13:43:01,337-mp_log-INFO-纤指百媚提交成功
2019-01-15 13:43:01,893-mp_log-INFO-美之颜提交成功
2019-01-15 13:43:02,275-mp_log-INFO-贝琳菲美业提交成功
2019-01-15 13:43:02,781-mp_log-INFO-郦芙蓉beauty提交成功
2019-01-15 13:43:03,004-mp_log-ERROR-服务商账号提交失败
2019-01-15 13:43:03,360-mp_log-INFO-指妃提交成功
2019-01-15 13:43:03,841-mp_log-INFO-羽梦蝶提交成功
2019-01-15 13:43:04,887-mp_log-INFO-香住SPA提交成功
2019-01-15 13:43:05,220-mp_log-INFO-依蔻依美提交成功
2019-01-15 13:43:05,474-mp_log-ERROR-黄氏百佳提交失败
2019-01-15 13:43:05,792-mp_log-INFO-佰味女人提交成功
2019-01-15 13:43:07,058-mp_log-ERROR-涣美医疗提交失败
2019-01-15 13:43:07,277-mp_log-INFO-艾面一族 提交成功
2019-01-15 13:43:08,479-mp_log-INFO-创美雅香莱提交成功
2019-01-15 13:43:08,770-mp_log-INFO-曼姿提交成功
2019-01-15 13:43:09,014-mp_log-INFO-植美SPA提交成功
2019-01-15 13:43:09,404-mp_log-INFO-圣婕美甲美睫提交成功
2019-01-15 13:43:09,759-mp_log-INFO-美丽九九提交成功
2019-01-15 13:43:10,255-mp_log-INFO-南国西子提交成功
2019-01-15 13:43:10,626-mp_log-INFO-百分国际美容提交成功
2019-01-15 13:43:11,238-mp_log-INFO-千颂伊美学中心提交成功
2019-01-15 13:43:12,379-mp_log-INFO-玉颜堂提交成功
2019-01-15 13:43:12,734-mp_log-INFO-金美源提交成功
2019-01-15 13:43:12,757-mp_log-INFO-艾尚美美哒提交成功
2019-01-15 13:43:13,287-mp_log-INFO-爱玛仕嘉提交成功
2019-01-15 13:43:14,325-mp_log-INFO-欧妮薇提交成功
2019-01-15 13:43:14,757-mp_log-INFO-成都净美天使提交成功
2019-01-15 13:43:15,522-mp_log-INFO-美姿来就美提交成功
2019-01-15 13:43:16,013-mp_log-INFO-IVY艾菲芭提交成功
2019-01-15 13:43:16,705-mp_log-INFO-来了美雲会所提交成功
2019-01-15 13:43:17,188-mp_log-INFO-SoBeauty提交成功
2019-01-15 13:43:17,611-mp_log-INFO-智能科技美店提交成功
2019-01-15 13:43:17,619-mp_log-INFO-引导美体验店提交成功
2019-01-15 13:43:17,939-mp_log-INFO-蒙妮莎新美容提交成功
2019-01-15 13:43:18,260-mp_log-INFO-筋生美提交成功
2019-01-15 13:43:18,694-mp_log-INFO-来了美美吧提交成功
2019-01-15 13:43:19,265-mp_log-INFO-金柏丽提交成功
2019-01-15 13:43:19,659-mp_log-INFO-长江九号提交成功
2019-01-15 13:43:20,480-mp_log-INFO-优文专业脱毛提交成功
2019-01-15 13:43:20,873-mp_log-INFO-天使国际提交成功
2019-01-15 13:43:21,119-mp_log-INFO-如生堂提交成功
2019-01-15 13:43:21,907-mp_log-INFO-梦田芳香Spa提交成功
2019-01-15 13:43:22,248-mp_log-INFO-贝施纤体提交成功
2019-01-15 13:43:22,754-mp_log-INFO-色彩纯姬提交成功
2019-01-15 13:43:23,383-mp_log-INFO-红妆倾城提交成功
2019-01-15 13:43:23,678-mp_log-INFO-丹阳圣莉斯歌提交成功
2019-01-15 13:43:24,138-mp_log-INFO-金贵人Beauty提交成功
2019-01-15 13:43:24,738-mp_log-INFO-芯语芳心提交成功
2019-01-15 13:43:25,327-mp_log-INFO-广西快来美提交成功
2019-01-15 13:43:25,862-mp_log-INFO-还原美提交成功
2019-01-15 13:43:26,116-mp_log-INFO-延颜美容提交成功
2019-01-15 13:43:26,850-mp_log-INFO-缘临医疗美容提交成功
2019-01-15 13:43:27,280-mp_log-INFO-梦圆皇宫提交成功
2019-01-15 13:43:27,836-mp_log-INFO-美了就来提交成功
2019-01-15 13:43:28,328-mp_log-ERROR-董萍智慧美店提交失败
2019-01-15 13:43:28,454-mp_log-INFO-恩雅提交成功
2019-01-15 13:43:29,256-mp_log-INFO-俏丽屋提交成功
2019-01-15 13:43:29,850-mp_log-INFO-YoungDream提交成功
2019-01-15 13:43:30,799-mp_log-INFO-女秀才提交成功
2019-01-15 13:43:31,323-mp_log-INFO-DR美研博士提交成功
2019-01-15 13:43:31,895-mp_log-INFO-承昱医疗提交成功
2019-01-15 13:43:32,259-mp_log-INFO-東美人儿提交成功
2019-01-15 13:43:32,448-mp_log-INFO-斓悦庭提交成功
2019-01-15 13:43:32,943-mp_log-INFO-美迩美整形提交成功
2019-01-15 13:43:33,140-mp_log-INFO-唯美童妍提交成功
2019-01-15 13:43:33,958-mp_log-INFO-BV美聚提交成功
2019-01-15 13:43:34,306-mp_log-INFO-健丽宝美容提交成功
2019-01-15 13:43:34,784-mp_log-INFO-掌上美管家A提交成功
2019-01-15 13:43:35,431-mp_log-INFO-博妍集美提交成功
2019-01-15 13:43:35,859-mp_log-INFO-雅涛世家提交成功
2019-01-15 13:43:36,050-mp_log-ERROR-呈悦医疗提交失败
2019-01-15 13:43:36,111-mp_log-INFO-双妹美容提交成功
2019-01-15 13:43:37,298-mp_log-INFO-来了美千丝美提交成功
2019-01-15 13:43:37,881-mp_log-INFO-世纪之春提交成功
2019-01-15 13:43:38,170-mp_log-INFO-雅梵GO美提交成功
2019-01-15 13:43:38,814-mp_log-INFO-女主角美容提交成功
2019-01-15 13:43:39,056-mp_log-ERROR-弘粹堂提交失败
2019-01-15 13:43:39,262-mp_log-INFO-来了就体验账提交成功
2019-01-15 13:43:40,223-mp_log-INFO-环球美容提交成功
2019-01-15 13:43:40,889-mp_log-INFO-乐聚提交成功
2019-01-15 13:43:41,164-mp_log-INFO-诗芙侬提交成功
2019-01-15 13:43:41,637-mp_log-ERROR-灰姑娘美甲提交失败
2019-01-15 13:43:42,226-mp_log-INFO-沧州美美达提交成功
2019-01-15 13:43:42,315-mp_log-INFO-妮娜形象管理提交成功
2019-01-15 13:43:43,378-mp_log-INFO-赢美肌提交成功
2019-01-15 13:43:43,868-mp_log-INFO-馨境堂提交成功
2019-01-15 13:43:44,401-mp_log-INFO-良沐健康管理提交成功
2019-01-15 13:43:44,811-mp_log-INFO-果蔬美容提交成功
2019-01-15 13:43:45,281-mp_log-INFO-贝兰思提交成功
2019-01-15 13:43:45,815-mp_log-INFO-东方秀丽提交成功
2019-01-15 13:43:46,496-mp_log-INFO-缔罗嘉佳提交成功
2019-01-15 13:43:46,938-mp_log-INFO-文轩专业美容提交成功
2019-01-15 13:43:47,258-mp_log-INFO-欧丽薇提交成功
