2019-01-29 19:55:01,996-Getlogin-ERROR-'token'
2019-01-29 19:55:01,998-mp_log-INFO-token获取成功......
2019-01-29 19:55:09,197-mp_log-INFO-获取所有小程序信息成功......
2019-01-29 19:55:09,739-mp_log-INFO-获取最新模板信息成功.......
2019-01-29 19:55:10,841-mp_log-INFO-审核失败
2019-01-29 19:55:11,126-mp_log-INFO-审核失败
2019-01-29 19:55:11,510-mp_log-INFO-已审核
2019-01-29 19:55:12,247-mp_log-INFO-审核失败
2019-01-29 19:55:12,683-mp_log-INFO-已审核
2019-01-29 19:55:13,242-mp_log-INFO-审核失败
2019-01-29 19:55:13,501-mp_log-INFO-已审核
2019-01-29 19:55:13,656-mp_log-INFO-已审核
2019-01-29 19:55:14,096-mp_log-INFO-审核失败
2019-01-29 19:55:14,303-mp_log-INFO-已审核
2019-01-29 19:55:14,534-mp_log-INFO-已审核
2019-01-29 19:55:14,746-mp_log-INFO-已审核
2019-01-29 19:55:15,134-mp_log-INFO-已审核
2019-01-29 19:55:15,555-mp_log-INFO-审核失败
2019-01-29 19:55:15,707-mp_log-INFO-已审核
2019-01-29 19:55:15,994-mp_log-INFO-已审核
2019-01-29 19:55:16,335-mp_log-INFO-审核失败
2019-01-29 19:55:16,796-mp_log-INFO-已审核
2019-01-29 19:55:16,944-mp_log-INFO-已审核
2019-01-29 19:55:17,228-mp_log-INFO-审核失败
2019-01-29 19:55:17,603-mp_log-INFO-已审核
2019-01-29 19:55:17,983-mp_log-INFO-审核失败
2019-01-29 19:55:18,210-mp_log-INFO-已审核
2019-01-29 19:55:18,702-mp_log-INFO-已审核
2019-01-29 19:55:19,012-mp_log-INFO-已审核
2019-01-29 19:55:19,293-mp_log-INFO-已审核
2019-01-29 19:55:19,563-mp_log-INFO-已审核
2019-01-29 19:55:19,897-mp_log-INFO-已审核
2019-01-29 19:55:20,266-mp_log-INFO-已审核
2019-01-29 19:55:20,594-mp_log-INFO-审核失败
2019-01-29 19:55:20,912-mp_log-INFO-审核失败
2019-01-29 19:55:21,142-mp_log-INFO-已审核
2019-01-29 19:55:21,485-mp_log-INFO-已审核
2019-01-29 19:55:21,804-mp_log-INFO-已审核
2019-01-29 19:55:21,992-mp_log-INFO-已审核
2019-01-29 19:55:22,330-mp_log-INFO-审核失败
2019-01-29 19:55:22,728-mp_log-INFO-已审核
2019-01-29 19:55:22,966-mp_log-INFO-审核失败
2019-01-29 19:55:23,341-mp_log-INFO-已审核
2019-01-29 19:55:23,519-mp_log-INFO-已审核
2019-01-29 19:55:23,847-mp_log-INFO-已审核
2019-01-29 19:55:24,274-mp_log-INFO-审核失败
2019-01-29 19:55:24,533-mp_log-INFO-审核失败
2019-01-29 19:55:24,871-mp_log-INFO-已审核
2019-01-29 19:55:25,037-mp_log-INFO-已审核
2019-01-29 19:55:25,290-mp_log-INFO-已审核
2019-01-29 19:55:25,636-mp_log-INFO-已审核
2019-01-29 19:55:25,944-mp_log-INFO-已审核
2019-01-29 19:55:26,243-mp_log-INFO-已审核
2019-01-29 19:55:26,586-mp_log-INFO-审核失败
2019-01-29 19:55:26,900-mp_log-INFO-已审核
2019-01-29 19:55:27,147-mp_log-INFO-审核失败
2019-01-29 19:55:27,530-mp_log-INFO-已审核
2019-01-29 19:55:27,769-mp_log-INFO-已审核
2019-01-29 19:55:27,993-mp_log-INFO-已审核
2019-01-29 19:55:28,379-mp_log-INFO-已审核
2019-01-29 19:55:28,815-mp_log-INFO-审核失败
2019-01-29 19:55:28,905-mp_log-INFO-已审核
2019-01-29 19:55:29,303-mp_log-INFO-已审核
2019-01-29 19:55:29,547-mp_log-INFO-已审核
2019-01-29 19:55:29,859-mp_log-INFO-已审核
2019-01-29 19:55:30,149-mp_log-INFO-审核失败
2019-01-29 19:55:30,410-mp_log-INFO-已审核
2019-01-29 19:55:30,792-mp_log-INFO-已审核
2019-01-29 19:55:31,054-mp_log-INFO-已审核
2019-01-29 19:55:31,365-mp_log-INFO-已审核
2019-01-29 19:55:31,757-mp_log-INFO-审核失败
2019-01-29 19:55:32,017-mp_log-INFO-已审核
2019-01-29 19:55:32,264-mp_log-INFO-审核失败
2019-01-29 19:55:32,598-mp_log-INFO-已审核
2019-01-29 19:55:32,861-mp_log-INFO-审核失败
2019-01-29 19:55:33,236-mp_log-INFO-已审核
2019-01-29 19:55:33,532-mp_log-INFO-已审核
2019-01-29 19:55:33,798-mp_log-INFO-已审核
2019-01-29 19:55:34,125-mp_log-INFO-审核失败
2019-01-29 19:55:34,318-mp_log-INFO-审核失败
2019-01-29 19:55:34,652-mp_log-INFO-已审核
2019-01-29 19:55:34,971-mp_log-INFO-审核失败
2019-01-29 19:55:35,287-mp_log-INFO-已审核
2019-01-29 19:55:35,552-mp_log-INFO-审核失败
2019-01-29 19:55:35,881-mp_log-INFO-已审核
2019-01-29 19:55:36,261-mp_log-INFO-已审核
2019-01-29 19:55:36,463-mp_log-INFO-已审核
2019-01-29 19:55:36,858-mp_log-INFO-审核失败
2019-01-29 19:55:37,107-mp_log-INFO-审核失败
2019-01-29 19:55:37,442-mp_log-INFO-已审核
2019-01-29 19:55:37,694-mp_log-INFO-已审核
2019-01-29 19:55:38,007-mp_log-INFO-审核失败
2019-01-29 19:55:38,263-mp_log-INFO-已审核
2019-01-29 19:55:38,598-mp_log-INFO-审核失败
2019-01-29 19:55:38,879-mp_log-INFO-已审核
2019-01-29 19:55:39,222-mp_log-INFO-已审核
2019-01-29 19:55:39,522-mp_log-INFO-审核失败
2019-01-29 19:55:39,799-mp_log-INFO-审核失败
2019-01-29 19:55:40,120-mp_log-INFO-审核失败
2019-01-29 19:55:40,529-mp_log-INFO-审核失败
2019-01-29 19:55:40,740-mp_log-INFO-已审核
2019-01-29 19:55:41,056-mp_log-INFO-已审核
2019-01-29 19:55:41,264-mp_log-INFO-审核失败
2019-01-29 19:55:41,613-mp_log-INFO-已审核
2019-01-29 19:55:41,898-mp_log-INFO-已审核
2019-01-29 19:55:42,273-mp_log-INFO-已审核
2019-01-29 19:55:42,659-mp_log-INFO-已审核
2019-01-29 19:55:42,883-mp_log-INFO-已审核
2019-01-29 19:55:43,101-mp_log-INFO-审核失败
2019-01-29 19:55:43,551-mp_log-INFO-审核失败
2019-01-29 19:55:43,786-mp_log-INFO-已审核
2019-01-29 19:55:44,062-mp_log-INFO-已审核
2019-01-29 19:55:44,339-mp_log-INFO-已审核
2019-01-29 19:55:44,647-mp_log-INFO-已审核
2019-01-29 19:55:45,286-mp_log-INFO-已审核
2019-01-29 19:55:45,511-mp_log-INFO-已审核
2019-01-29 19:55:45,887-mp_log-INFO-已审核
2019-01-29 19:55:46,182-mp_log-INFO-已审核
2019-01-29 19:55:46,517-mp_log-INFO-已审核
2019-01-29 19:55:46,812-mp_log-INFO-已审核
2019-01-29 19:55:47,270-mp_log-INFO-已审核
2019-01-29 19:55:47,332-mp_log-INFO-已审核
2019-01-29 19:55:47,643-mp_log-INFO-审核失败
2019-01-29 19:55:47,978-mp_log-INFO-已审核
2019-01-29 19:55:48,265-mp_log-INFO-审核失败
2019-01-29 19:55:48,599-mp_log-INFO-已审核
2019-01-29 19:55:48,905-mp_log-INFO-已审核
2019-01-29 19:55:49,259-mp_log-INFO-已审核
2019-01-29 19:55:49,477-mp_log-INFO-审核失败
2019-01-29 19:55:49,784-mp_log-INFO-已审核
2019-01-29 19:55:50,129-mp_log-INFO-已审核
2019-01-29 19:55:50,296-mp_log-INFO-已审核
2019-01-29 19:55:50,634-mp_log-INFO-已审核
2019-01-29 19:55:50,869-mp_log-INFO-已审核
2019-01-29 19:55:51,252-mp_log-INFO-已审核
2019-01-29 19:55:51,571-mp_log-INFO-已审核
2019-01-29 19:55:52,450-mp_log-INFO-已审核
2019-01-29 19:55:52,543-mp_log-INFO-已审核
2019-01-29 19:55:52,806-mp_log-INFO-审核失败
2019-01-29 19:55:53,095-mp_log-INFO-审核失败
2019-01-29 19:55:53,552-mp_log-INFO-已审核
2019-01-29 19:55:53,784-mp_log-INFO-已审核
2019-01-29 19:55:54,124-mp_log-INFO-已审核
2019-01-29 19:55:54,271-mp_log-INFO-已审核
2019-01-29 19:55:54,619-mp_log-INFO-已审核
2019-01-29 19:55:54,935-mp_log-INFO-已审核
2019-01-29 19:55:55,205-mp_log-INFO-审核失败
2019-01-29 19:55:55,548-mp_log-INFO-已审核
2019-01-29 19:55:55,852-mp_log-INFO-审核失败
2019-01-29 19:55:56,217-mp_log-INFO-审核失败
2019-01-29 19:55:56,393-mp_log-INFO-审核失败
2019-01-29 19:55:56,712-mp_log-INFO-已审核
2019-01-29 19:55:57,031-mp_log-INFO-已审核
2019-01-29 19:55:57,384-mp_log-INFO-已审核
2019-01-29 19:55:57,622-mp_log-INFO-审核失败
2019-01-29 19:55:57,876-mp_log-INFO-审核失败
2019-01-29 19:55:58,296-mp_log-INFO-已审核
2019-01-29 19:55:58,660-mp_log-INFO-已审核
2019-01-29 19:55:58,882-mp_log-INFO-审核失败
2019-01-29 19:55:59,192-mp_log-INFO-已审核
2019-01-29 19:55:59,567-mp_log-INFO-审核失败
2019-01-29 19:55:59,758-mp_log-INFO-审核失败
2019-01-29 19:56:00,246-mp_log-INFO-已审核
2019-01-29 19:56:00,553-mp_log-INFO-已审核
2019-01-29 19:56:00,760-mp_log-INFO-审核失败
2019-01-29 19:56:00,974-mp_log-INFO-已审核
2019-01-29 19:56:02,538-mp_log-INFO-审核失败
2019-01-29 19:56:02,857-mp_log-INFO-已审核
2019-01-29 19:56:02,921-mp_log-INFO-已审核
2019-01-29 19:56:02,944-mp_log-INFO-已审核
2019-01-29 19:56:03,013-mp_log-INFO-已审核
2019-01-29 19:56:03,147-mp_log-INFO-已审核
2019-01-29 19:56:03,246-mp_log-INFO-审核失败
2019-01-29 19:56:03,310-mp_log-INFO-审核失败
2019-01-29 19:56:03,668-mp_log-INFO-审核失败
2019-01-29 19:56:03,921-mp_log-INFO-审核失败
2019-01-29 19:56:04,286-mp_log-INFO-审核失败
2019-01-29 19:56:04,548-mp_log-INFO-已审核
2019-01-29 19:56:04,842-mp_log-INFO-已审核
2019-01-29 19:56:05,125-mp_log-INFO-已审核
2019-01-29 19:56:05,401-mp_log-INFO-审核失败
2019-01-29 19:56:05,797-mp_log-INFO-审核失败
2019-01-29 19:56:06,081-mp_log-INFO-已审核
2019-01-29 19:56:06,514-mp_log-INFO-审核失败
2019-01-29 19:56:06,704-mp_log-INFO-已审核
2019-01-29 19:56:06,958-mp_log-INFO-已审核
2019-01-29 19:56:07,276-mp_log-INFO-已审核
2019-01-29 19:56:07,568-mp_log-INFO-已审核
2019-01-29 19:56:07,978-mp_log-INFO-审核失败
2019-01-29 19:56:08,154-mp_log-INFO-已审核
2019-01-29 19:56:08,505-mp_log-INFO-审核失败
2019-01-29 19:56:08,836-mp_log-INFO-审核失败
2019-01-29 19:56:09,065-mp_log-INFO-审核失败
2019-01-29 19:56:09,343-mp_log-INFO-已审核
2019-01-29 19:56:09,657-mp_log-INFO-已审核
2019-01-29 19:56:10,071-mp_log-INFO-已审核
2019-01-29 19:56:10,255-mp_log-INFO-已审核
2019-01-29 19:56:10,595-mp_log-INFO-已审核
2019-01-29 19:56:10,921-mp_log-INFO-已审核
2019-01-29 19:56:11,157-mp_log-INFO-审核失败
2019-01-29 19:56:11,517-mp_log-INFO-已审核
2019-01-29 19:56:11,857-mp_log-INFO-已审核
2019-01-29 19:56:12,089-mp_log-INFO-已审核
2019-01-29 19:56:12,427-mp_log-INFO-已审核
2019-01-29 19:56:12,751-mp_log-INFO-已审核
2019-01-29 19:56:13,039-mp_log-INFO-已审核
2019-01-29 19:56:13,348-mp_log-INFO-审核失败
2019-01-29 19:56:13,788-mp_log-INFO-已审核
2019-01-29 19:56:14,030-mp_log-INFO-已审核
2019-01-29 19:56:14,173-mp_log-INFO-已审核
2019-01-29 19:56:14,603-mp_log-INFO-已审核
2019-01-29 19:56:14,791-mp_log-INFO-已审核
2019-01-29 19:56:15,163-mp_log-INFO-审核失败
2019-01-29 19:56:15,924-mp_log-INFO-已审核
2019-01-29 19:56:16,053-mp_log-INFO-已审核
2019-01-29 19:56:16,336-mp_log-INFO-审核失败
2019-01-29 19:56:16,830-mp_log-INFO-审核失败
2019-01-29 19:56:17,077-mp_log-INFO-审核失败
2019-01-29 19:56:17,208-mp_log-INFO-已审核
2019-01-29 19:56:17,764-mp_log-INFO-已审核
2019-01-29 19:56:17,895-mp_log-INFO-已审核
2019-01-29 19:56:18,224-mp_log-INFO-已审核
