2019-01-29 19:54:44,730-Getlogin-ERROR-'token'
2019-01-29 19:54:44,732-mp_log-INFO-token获取成功......
2019-01-29 19:54:53,144-mp_log-INFO-获取所有小程序信息成功......
2019-01-29 19:54:53,751-mp_log-INFO-获取最新模板信息成功.......
2019-01-29 19:54:55,161-mp_log-INFO-审核失败
2019-01-29 19:54:55,334-mp_log-INFO-审核失败
2019-01-29 19:54:55,653-mp_log-INFO-已审核
2019-01-29 19:54:56,257-mp_log-INFO-审核失败
2019-01-29 19:54:56,895-mp_log-INFO-已审核
2019-01-29 19:54:57,017-mp_log-INFO-审核失败
2019-01-29 19:54:57,586-mp_log-INFO-已审核
2019-01-29 19:54:57,829-mp_log-INFO-已审核
2019-01-29 19:54:58,001-mp_log-INFO-审核失败
2019-01-29 19:54:58,347-mp_log-INFO-已审核
2019-01-29 19:54:58,631-mp_log-INFO-已审核
2019-01-29 19:54:59,048-mp_log-INFO-已审核
2019-01-29 19:54:59,410-mp_log-INFO-已审核
2019-01-29 19:54:59,744-mp_log-INFO-审核失败
2019-01-29 19:55:00,213-mp_log-INFO-已审核
2019-01-29 19:55:00,490-mp_log-INFO-已审核
2019-01-29 19:55:00,647-mp_log-INFO-审核失败
2019-01-29 19:55:01,059-mp_log-INFO-已审核
2019-01-29 19:55:01,183-mp_log-INFO-已审核
2019-01-29 19:55:01,342-mp_log-INFO-审核失败
2019-01-29 19:55:01,816-mp_log-INFO-已审核
2019-01-29 19:55:02,046-mp_log-INFO-审核失败
2019-01-29 19:55:02,307-mp_log-INFO-已审核
2019-01-29 19:55:02,948-mp_log-INFO-已审核
2019-01-29 19:55:03,218-mp_log-INFO-已审核
2019-01-29 19:55:03,531-mp_log-INFO-已审核
2019-01-29 19:55:03,765-mp_log-INFO-已审核
2019-01-29 19:55:04,039-mp_log-INFO-已审核
2019-01-29 19:55:04,444-mp_log-INFO-已审核
2019-01-29 19:55:04,608-mp_log-INFO-审核失败
2019-01-29 19:55:04,943-mp_log-INFO-审核失败
2019-01-29 19:55:05,309-mp_log-INFO-已审核
2019-01-29 19:55:05,589-mp_log-INFO-已审核
2019-01-29 19:55:05,885-mp_log-INFO-已审核
2019-01-29 19:55:06,228-mp_log-INFO-已审核
2019-01-29 19:55:06,478-mp_log-INFO-审核失败
2019-01-29 19:55:07,002-mp_log-INFO-已审核
2019-01-29 19:55:07,075-mp_log-INFO-审核失败
2019-01-29 19:55:07,443-mp_log-INFO-已审核
2019-01-29 19:55:07,717-mp_log-INFO-已审核
2019-01-29 19:55:08,070-mp_log-INFO-已审核
2019-01-29 19:55:08,312-mp_log-INFO-审核失败
2019-01-29 19:55:08,624-mp_log-INFO-审核失败
2019-01-29 19:55:08,910-mp_log-INFO-已审核
2019-01-29 19:55:09,132-mp_log-INFO-已审核
2019-01-29 19:55:09,554-mp_log-INFO-已审核
2019-01-29 19:55:09,656-mp_log-INFO-已审核
2019-01-29 19:55:10,094-mp_log-INFO-已审核
2019-01-29 19:55:10,416-mp_log-INFO-已审核
2019-01-29 19:55:10,798-mp_log-INFO-审核失败
2019-01-29 19:55:11,096-mp_log-INFO-已审核
2019-01-29 19:55:11,412-mp_log-INFO-审核失败
2019-01-29 19:55:11,708-mp_log-INFO-已审核
2019-01-29 19:55:12,070-mp_log-INFO-已审核
2019-01-29 19:55:12,329-mp_log-INFO-已审核
2019-01-29 19:55:12,706-mp_log-INFO-已审核
2019-01-29 19:55:12,879-mp_log-INFO-审核失败
2019-01-29 19:55:13,284-mp_log-INFO-已审核
2019-01-29 19:55:13,492-mp_log-INFO-已审核
2019-01-29 19:55:13,840-mp_log-INFO-已审核
2019-01-29 19:55:14,350-mp_log-INFO-已审核
2019-01-29 19:55:14,551-mp_log-INFO-审核失败
2019-01-29 19:55:14,779-mp_log-INFO-已审核
2019-01-29 19:55:15,137-mp_log-INFO-已审核
2019-01-29 19:55:15,438-mp_log-INFO-已审核
2019-01-29 19:55:15,540-mp_log-INFO-已审核
2019-01-29 19:55:16,002-mp_log-INFO-审核失败
2019-01-29 19:55:16,204-mp_log-INFO-已审核
2019-01-29 19:55:16,531-mp_log-INFO-审核失败
2019-01-29 19:55:16,901-mp_log-INFO-已审核
2019-01-29 19:55:17,332-mp_log-INFO-审核失败
2019-01-29 19:55:17,494-mp_log-INFO-已审核
2019-01-29 19:55:17,737-mp_log-INFO-已审核
2019-01-29 19:55:18,033-mp_log-INFO-已审核
2019-01-29 19:55:18,369-mp_log-INFO-审核失败
2019-01-29 19:55:18,787-mp_log-INFO-审核失败
2019-01-29 19:55:18,908-mp_log-INFO-已审核
2019-01-29 19:55:19,236-mp_log-INFO-审核失败
2019-01-29 19:55:19,556-mp_log-INFO-已审核
2019-01-29 19:55:19,861-mp_log-INFO-审核失败
2019-01-29 19:55:20,097-mp_log-INFO-已审核
2019-01-29 19:55:20,438-mp_log-INFO-已审核
2019-01-29 19:55:20,718-mp_log-INFO-已审核
2019-01-29 19:55:21,275-mp_log-INFO-审核失败
2019-01-29 19:55:21,437-mp_log-INFO-审核失败
2019-01-29 19:55:21,667-mp_log-INFO-已审核
2019-01-29 19:55:22,064-mp_log-INFO-已审核
2019-01-29 19:55:22,389-mp_log-INFO-审核失败
2019-01-29 19:55:22,563-mp_log-INFO-已审核
2019-01-29 19:55:22,852-mp_log-INFO-审核失败
2019-01-29 19:55:23,143-mp_log-INFO-已审核
2019-01-29 19:55:23,375-mp_log-INFO-已审核
2019-01-29 19:55:23,821-mp_log-INFO-审核失败
2019-01-29 19:55:24,046-mp_log-INFO-审核失败
2019-01-29 19:55:24,374-mp_log-INFO-审核失败
2019-01-29 19:55:24,849-mp_log-INFO-审核失败
2019-01-29 19:55:25,294-mp_log-INFO-已审核
2019-01-29 19:55:25,404-mp_log-INFO-已审核
2019-01-29 19:55:25,610-mp_log-INFO-审核失败
2019-01-29 19:55:26,114-mp_log-INFO-已审核
2019-01-29 19:55:26,293-mp_log-INFO-已审核
2019-01-29 19:55:26,436-mp_log-INFO-已审核
2019-01-29 19:55:26,942-mp_log-INFO-已审核
2019-01-29 19:55:27,175-mp_log-INFO-已审核
2019-01-29 19:55:27,610-mp_log-INFO-审核失败
2019-01-29 19:55:27,737-mp_log-INFO-审核失败
2019-01-29 19:55:27,952-mp_log-INFO-已审核
2019-01-29 19:55:28,385-mp_log-INFO-已审核
2019-01-29 19:55:28,515-mp_log-INFO-已审核
2019-01-29 19:55:28,896-mp_log-INFO-已审核
2019-01-29 19:55:29,515-mp_log-INFO-已审核
2019-01-29 19:55:29,767-mp_log-INFO-已审核
2019-01-29 19:55:30,110-mp_log-INFO-已审核
2019-01-29 19:55:30,368-mp_log-INFO-已审核
2019-01-29 19:55:30,656-mp_log-INFO-已审核
2019-01-29 19:55:31,245-mp_log-INFO-已审核
2019-01-29 19:55:31,394-mp_log-INFO-已审核
2019-01-29 19:55:31,628-mp_log-INFO-已审核
2019-01-29 19:55:32,023-mp_log-INFO-审核失败
2019-01-29 19:55:32,194-mp_log-INFO-已审核
2019-01-29 19:55:32,555-mp_log-INFO-审核失败
2019-01-29 19:55:32,771-mp_log-INFO-已审核
2019-01-29 19:55:33,057-mp_log-INFO-已审核
2019-01-29 19:55:33,419-mp_log-INFO-已审核
2019-01-29 19:55:33,864-mp_log-INFO-审核失败
2019-01-29 19:55:34,015-mp_log-INFO-已审核
2019-01-29 19:55:34,333-mp_log-INFO-已审核
2019-01-29 19:55:34,524-mp_log-INFO-已审核
2019-01-29 19:55:34,874-mp_log-INFO-已审核
2019-01-29 19:55:35,202-mp_log-INFO-已审核
2019-01-29 19:55:35,552-mp_log-INFO-已审核
2019-01-29 19:55:35,716-mp_log-INFO-已审核
2019-01-29 19:55:36,371-mp_log-INFO-已审核
2019-01-29 19:55:36,643-mp_log-INFO-已审核
2019-01-29 19:55:37,026-mp_log-INFO-审核失败
2019-01-29 19:55:37,352-mp_log-INFO-审核失败
2019-01-29 19:55:37,600-mp_log-INFO-已审核
2019-01-29 19:55:37,942-mp_log-INFO-已审核
2019-01-29 19:55:38,223-mp_log-INFO-已审核
2019-01-29 19:55:38,511-mp_log-INFO-已审核
2019-01-29 19:55:38,830-mp_log-INFO-已审核
2019-01-29 19:55:39,164-mp_log-INFO-已审核
2019-01-29 19:55:39,654-mp_log-INFO-审核失败
2019-01-29 19:55:39,765-mp_log-INFO-已审核
2019-01-29 19:55:40,123-mp_log-INFO-审核失败
2019-01-29 19:55:40,385-mp_log-INFO-审核失败
2019-01-29 19:55:40,584-mp_log-INFO-审核失败
2019-01-29 19:55:40,985-mp_log-INFO-已审核
2019-01-29 19:55:41,285-mp_log-INFO-已审核
2019-01-29 19:55:41,641-mp_log-INFO-已审核
2019-01-29 19:55:41,854-mp_log-INFO-审核失败
2019-01-29 19:55:42,205-mp_log-INFO-审核失败
2019-01-29 19:55:42,462-mp_log-INFO-已审核
2019-01-29 19:55:42,718-mp_log-INFO-已审核
2019-01-29 19:55:43,046-mp_log-INFO-审核失败
2019-01-29 19:55:43,407-mp_log-INFO-已审核
2019-01-29 19:55:43,596-mp_log-INFO-审核失败
2019-01-29 19:55:43,940-mp_log-INFO-审核失败
2019-01-29 19:55:44,264-mp_log-INFO-已审核
2019-01-29 19:55:44,609-mp_log-INFO-已审核
2019-01-29 19:55:44,897-mp_log-INFO-审核失败
2019-01-29 19:55:45,120-mp_log-INFO-已审核
2019-01-29 19:55:45,549-mp_log-INFO-审核失败
2019-01-29 19:55:45,767-mp_log-INFO-已审核
2019-01-29 19:55:46,018-mp_log-INFO-已审核
2019-01-29 19:55:46,460-mp_log-INFO-已审核
2019-01-29 19:55:46,590-mp_log-INFO-审核失败
2019-01-29 19:55:46,947-mp_log-INFO-已审核
2019-01-29 19:55:47,335-mp_log-INFO-已审核
2019-01-29 19:55:47,733-mp_log-INFO-审核失败
2019-01-29 19:55:47,875-mp_log-INFO-审核失败
2019-01-29 19:55:48,137-mp_log-INFO-审核失败
2019-01-29 19:55:48,508-mp_log-INFO-审核失败
2019-01-29 19:55:48,846-mp_log-INFO-已审核
2019-01-29 19:55:49,050-mp_log-INFO-已审核
2019-01-29 19:55:49,402-mp_log-INFO-已审核
2019-01-29 19:55:49,618-mp_log-INFO-审核失败
2019-01-29 19:55:50,016-mp_log-INFO-审核失败
2019-01-29 19:55:50,320-mp_log-INFO-已审核
2019-01-29 19:55:50,690-mp_log-INFO-审核失败
2019-01-29 19:55:50,883-mp_log-INFO-已审核
2019-01-29 19:55:51,147-mp_log-INFO-已审核
2019-01-29 19:55:51,609-mp_log-INFO-已审核
2019-01-29 19:55:51,877-mp_log-INFO-已审核
2019-01-29 19:55:52,307-mp_log-INFO-审核失败
2019-01-29 19:55:52,371-mp_log-INFO-已审核
2019-01-29 19:55:52,738-mp_log-INFO-审核失败
2019-01-29 19:55:52,932-mp_log-INFO-审核失败
2019-01-29 19:55:53,301-mp_log-INFO-审核失败
2019-01-29 19:55:53,618-mp_log-INFO-已审核
2019-01-29 19:55:53,986-mp_log-INFO-已审核
2019-01-29 19:55:54,231-mp_log-INFO-已审核
2019-01-29 19:55:54,437-mp_log-INFO-已审核
2019-01-29 19:55:54,965-mp_log-INFO-已审核
2019-01-29 19:55:55,415-mp_log-INFO-已审核
2019-01-29 19:55:55,519-mp_log-INFO-审核失败
2019-01-29 19:55:55,701-mp_log-INFO-已审核
2019-01-29 19:55:56,016-mp_log-INFO-已审核
2019-01-29 19:55:56,322-mp_log-INFO-已审核
2019-01-29 19:55:56,569-mp_log-INFO-已审核
2019-01-29 19:55:57,019-mp_log-INFO-已审核
2019-01-29 19:55:57,469-mp_log-INFO-已审核
2019-01-29 19:55:57,485-mp_log-INFO-审核失败
2019-01-29 19:55:57,868-mp_log-INFO-已审核
2019-01-29 19:55:58,198-mp_log-INFO-已审核
2019-01-29 19:55:58,447-mp_log-INFO-已审核
2019-01-29 19:55:58,755-mp_log-INFO-已审核
2019-01-29 19:55:59,088-mp_log-INFO-已审核
2019-01-29 19:55:59,372-mp_log-INFO-审核失败
2019-01-29 19:56:00,085-mp_log-INFO-已审核
2019-01-29 19:56:00,308-mp_log-INFO-已审核
2019-01-29 19:56:00,683-mp_log-INFO-审核失败
2019-01-29 19:56:00,974-mp_log-INFO-审核失败
2019-01-29 19:56:01,405-mp_log-INFO-审核失败
2019-01-29 19:56:02,949-mp_log-INFO-已审核
2019-01-29 19:56:02,973-mp_log-INFO-已审核
2019-01-29 19:56:03,085-mp_log-INFO-已审核
2019-01-29 19:56:03,091-mp_log-INFO-已审核
