2019-01-15 14:19:06,798-Getlogin-ERROR-'token'
2019-01-15 14:19:06,801-mp_log-INFO-token获取成功......
2019-01-15 14:19:13,848-mp_log-INFO-获取所有小程序信息成功......
2019-01-15 14:19:14,441-mp_log-INFO-获取最新模板信息成功.......
2019-01-15 14:19:16,546-mp_log-ERROR-GOGOBeauty操作失败,失败原因{'status': 500, 'msg': '此管理中心未授权开放平台'}
2019-01-15 14:19:16,710-mp_log-INFO-环亚美容模板操作成功,模板名称20190115 商家正式版
2019-01-15 14:19:17,047-mp_log-INFO-诺研皮肤管理模板操作成功,模板名称20190115 商家正式版
2019-01-15 14:19:17,551-mp_log-ERROR-sdfdsfdsf操作失败,失败原因{'status': 500, 'msg': '此管理中心未授权开放平台'}
2019-01-15 14:19:17,660-mp_log-INFO-芳妍美容模板操作成功,模板名称20190115 商家正式版
2019-01-15 14:19:18,906-mp_log-INFO-绿苑女子模板操作成功,模板名称20190115 商家正式版
2019-01-15 14:19:19,833-mp_log-INFO-伊之花美容模板操作成功,模板名称20190115 商家正式版
2019-01-15 14:19:19,966-mp_log-INFO-广州七号驻颜模板操作成功,模板名称20190115 商家正式版
2019-01-15 14:19:20,626-mp_log-INFO-曼奇莎模板操作成功,模板名称20190115 商家正式版
2019-01-15 14:19:21,170-mp_log-INFO-诗美逸模板操作成功,模板名称20190115 商家正式版
2019-01-15 14:19:21,676-mp_log-INFO-颐和美容模板操作成功,模板名称20190115 商家正式版
2019-01-15 14:19:22,112-mp_log-INFO-赫阁尔模板操作成功,模板名称20190115 商家正式版
2019-01-15 14:19:22,683-mp_log-INFO-草木缘模板操作成功,模板名称20190115 商家正式版
2019-01-15 14:19:23,085-mp_log-INFO-漂亮宝贝模板操作成功,模板名称20190115 商家正式版
2019-01-15 14:19:23,661-mp_log-INFO-梦颜科美模板操作成功,模板名称20190115 商家正式版
2019-01-15 14:19:24,067-mp_log-INFO-都市点点模板操作成功,模板名称20190115 商家正式版
2019-01-15 14:19:24,476-mp_log-INFO-来了美佳澜店模板操作成功,模板名称20190115 商家正式版
2019-01-15 14:19:25,119-mp_log-INFO-木子美甲美睫模板操作成功,模板名称20190115 商家正式版
2019-01-15 14:19:25,704-mp_log-INFO-润妃国际模板操作成功,模板名称20190115 商家正式版
2019-01-15 14:19:26,100-mp_log-INFO-灵动模板操作成功,模板名称20190115 商家正式版
2019-01-15 14:19:26,639-mp_log-INFO-康丽皇家模板操作成功,模板名称20190115 商家正式版
2019-01-15 14:19:27,109-mp_log-INFO-美丽驿站模板操作成功,模板名称20190115 商家正式版
2019-01-15 14:19:27,580-mp_log-ERROR-市场演示专用操作失败,失败原因{'status': 500, 'msg': '此管理中心未授权开放平台'}
2019-01-15 14:19:28,091-mp_log-INFO-美美昭彦模板操作成功,模板名称20190115 商家正式版
2019-01-15 14:19:28,264-mp_log-INFO-匠美JMBEAUTY模板操作成功,模板名称20190115 商家正式版
2019-01-15 14:19:28,674-mp_log-INFO-HB美尚荟模板操作成功,模板名称20190115 商家正式版
2019-01-15 14:19:29,676-mp_log-INFO-Youngface模板操作成功,模板名称20190115 商家正式版
2019-01-15 14:19:30,149-mp_log-INFO-爱睿熙国际模板操作成功,模板名称20190115 商家正式版
2019-01-15 14:19:30,628-mp_log-INFO-当今悦美模板操作成功,模板名称20190115 商家正式版
2019-01-15 14:19:30,967-mp_log-INFO-谦和国际模板操作成功,模板名称20190115 商家正式版
2019-01-15 14:19:31,733-mp_log-INFO-米蝶·快美吧模板操作成功,模板名称20190115 商家正式版
2019-01-15 14:19:32,271-mp_log-INFO-iBEATA贝娅塔模板操作成功,模板名称20190115 商家正式版
2019-01-15 14:19:32,545-mp_log-INFO-菲常美模板操作成功,模板名称20190115 商家正式版
2019-01-15 14:19:33,068-mp_log-INFO-当代经典模板操作成功,模板名称20190115 商家正式版
2019-01-15 14:19:33,503-mp_log-INFO-东方丽人模板操作成功,模板名称20190115 商家正式版
2019-01-15 14:19:34,519-mp_log-INFO-玫瑰坊模板操作成功,模板名称20190115 商家正式版
2019-01-15 14:19:35,118-mp_log-INFO-盛士兰模板操作成功,模板名称20190115 商家正式版
2019-01-15 14:19:35,323-mp_log-INFO-悠兰lyj模板操作成功,模板名称20190115 商家正式版
2019-01-15 14:19:35,782-mp_log-INFO-芊思雅莎莎模板操作成功,模板名称20190115 商家正式版
2019-01-15 14:19:36,212-mp_log-INFO-来就健康模板操作成功,模板名称20190115 商家正式版
2019-01-15 14:19:36,847-mp_log-INFO-恒美世纪模板操作成功,模板名称20190115 商家正式版
2019-01-15 14:19:37,004-mp_log-INFO-美人记Diary模板操作成功,模板名称20190115 商家正式版
2019-01-15 14:19:37,611-mp_log-INFO-美范·珺之屋模板操作成功,模板名称20190115 商家正式版
2019-01-15 14:19:38,287-mp_log-INFO-菲梵经典模板操作成功,模板名称20190115 商家正式版
2019-01-15 14:19:38,476-mp_log-INFO-悦芳泉SPA模板操作成功,模板名称20190115 商家正式版
2019-01-15 14:19:39,214-mp_log-INFO-爱美丽模板操作成功,模板名称20190115 商家正式版
2019-01-15 14:19:39,551-mp_log-INFO-漂亮如你模板操作成功,模板名称20190115 商家正式版
2019-01-15 14:19:40,215-mp_log-INFO-广西宝宝爱模板操作成功,模板名称20190115 商家正式版
2019-01-15 14:19:40,655-mp_log-INFO-虞诗蔓模板操作成功,模板名称20190115 商家正式版
2019-01-15 14:19:41,220-mp_log-INFO-D5 season模板操作成功,模板名称20190115 商家正式版
2019-01-15 14:19:41,707-mp_log-INFO-唯艳美模板操作成功,模板名称20190115 商家正式版
2019-01-15 14:19:41,999-mp_log-INFO-吉美妍丽模板操作成功,模板名称20190115 商家正式版
2019-01-15 14:19:42,715-mp_log-INFO-雪依氏模板操作成功,模板名称20190115 商家正式版
2019-01-15 14:19:43,199-mp_log-INFO-书白美企模板操作成功,模板名称20190115 商家正式版
2019-01-15 14:19:43,990-mp_log-INFO-星美国际模板操作成功,模板名称20190115 商家正式版
2019-01-15 14:19:44,272-mp_log-INFO-霭伦恩美模板操作成功,模板名称20190115 商家正式版
2019-01-15 14:19:44,834-mp_log-INFO-来美吧模板操作成功,模板名称20190115 商家正式版
2019-01-15 14:19:45,388-mp_log-INFO-伊美朗模板操作成功,模板名称20190115 商家正式版
2019-01-15 14:19:45,620-mp_log-INFO-美美一生模板操作成功,模板名称20190115 商家正式版
2019-01-15 14:19:45,934-mp_log-INFO-佳婳天美模板操作成功,模板名称20190115 商家正式版
2019-01-15 14:19:46,697-mp_log-INFO-兴美源模板操作成功,模板名称20190115 商家正式版
2019-01-15 14:19:47,156-mp_log-INFO-优年轻模板操作成功,模板名称20190115 商家正式版
2019-01-15 14:19:47,714-mp_log-INFO-易康国际模板操作成功,模板名称20190115 商家正式版
2019-01-15 14:19:48,145-mp_log-INFO-美美昭妍模板操作成功,模板名称20190115 商家正式版
2019-01-15 14:19:48,628-mp_log-INFO-佐登妮丝模板操作成功,模板名称20190115 商家正式版
2019-01-15 14:19:49,285-mp_log-INFO-阿星国际模板操作成功,模板名称20190115 商家正式版
2019-01-15 14:19:49,740-mp_log-INFO-娇阑美颜模板操作成功,模板名称20190115 商家正式版
2019-01-15 14:19:50,130-mp_log-INFO-爱女士模板操作成功,模板名称20190115 商家正式版
2019-01-15 14:19:50,657-mp_log-INFO-PS智能美肤模板操作成功,模板名称20190115 商家正式版
2019-01-15 14:19:51,204-mp_log-INFO-艾妍整形模板操作成功,模板名称20190115 商家正式版
2019-01-15 14:19:51,745-mp_log-INFO-珍珍美容模板操作成功,模板名称20190115 商家正式版
2019-01-15 14:19:52,236-mp_log-INFO-姿曼美容spa模板操作成功,模板名称20190115 商家正式版
2019-01-15 14:19:52,691-mp_log-INFO-巴黎情缘模板操作成功,模板名称20190115 商家正式版
2019-01-15 14:19:53,206-mp_log-INFO-百合春天模板操作成功,模板名称20190115 商家正式版
2019-01-15 14:19:53,717-mp_log-INFO-梅兰丽人模板操作成功,模板名称20190115 商家正式版
2019-01-15 14:19:54,450-mp_log-INFO-美由心生模板操作成功,模板名称20190115 商家正式版
2019-01-15 14:19:54,663-mp_log-INFO-燕燕尊尚美容模板操作成功,模板名称20190115 商家正式版
2019-01-15 14:19:55,186-mp_log-INFO-雅致璇肌模板操作成功,模板名称20190115 商家正式版
2019-01-15 14:19:55,601-mp_log-INFO-诗露丽涵模板操作成功,模板名称20190115 商家正式版
2019-01-15 14:19:56,029-mp_log-INFO-蓝蒂蔻模板操作成功,模板名称20190115 商家正式版
2019-01-15 14:19:56,732-mp_log-INFO-东方仕典模板操作成功,模板名称20190115 商家正式版
2019-01-15 14:19:57,147-mp_log-INFO-韩流美美店模板操作成功,模板名称20190115 商家正式版
2019-01-15 14:19:57,835-mp_log-INFO-GOGO宝迪模板操作成功,模板名称20190115 商家正式版
2019-01-15 14:19:58,433-mp_log-INFO-月瘦月美模板操作成功,模板名称20190115 商家正式版
2019-01-15 14:19:58,958-mp_log-INFO-启程金典美业模板操作成功,模板名称20190115 商家正式版
2019-01-15 14:19:59,164-mp_log-INFO-年轻我可以模板操作成功,模板名称20190115 商家正式版
2019-01-15 14:20:00,137-mp_log-INFO-精工皇族模板操作成功,模板名称20190115 商家正式版
2019-01-15 14:20:00,392-mp_log-INFO-明剪一秀模板操作成功,模板名称20190115 商家正式版
2019-01-15 14:20:01,110-mp_log-INFO-深圳丝客富模板操作成功,模板名称20190115 商家正式版
2019-01-15 14:20:01,417-mp_log-INFO-DuDuBeauty模板操作成功,模板名称20190115 商家正式版
2019-01-15 14:20:01,840-mp_log-INFO-琉璃水城模板操作成功,模板名称20190115 商家正式版
2019-01-15 14:20:02,147-mp_log-INFO-栢草源模板操作成功,模板名称20190115 商家正式版
2019-01-15 14:20:02,844-mp_log-INFO-杭州东方整形模板操作成功,模板名称20190115 商家正式版
2019-01-15 14:20:03,400-mp_log-INFO-ONI速美模板操作成功,模板名称20190115 商家正式版
2019-01-15 14:20:03,779-mp_log-INFO-YAN健康•美+模板操作成功,模板名称20190115 商家正式版
2019-01-15 14:20:04,695-mp_log-INFO-美共享模板操作成功,模板名称20190115 商家正式版
2019-01-15 14:20:05,144-mp_log-INFO-靓佳人模板操作成功,模板名称20190115 商家正式版
2019-01-15 14:20:05,330-mp_log-INFO-MMbeauty模板操作成功,模板名称20190115 商家正式版
2019-01-15 14:20:05,473-mp_log-INFO-ME智慧美店模板操作成功,模板名称20190115 商家正式版
2019-01-15 14:20:06,456-mp_log-INFO-二院美丽之约模板操作成功,模板名称20190115 商家正式版
2019-01-15 14:20:06,604-mp_log-INFO-紫舟美业模板操作成功,模板名称20190115 商家正式版
2019-01-15 14:20:07,140-mp_log-INFO-南洋beauty模板操作成功,模板名称20190115 商家正式版
2019-01-15 14:20:07,585-mp_log-INFO-阿芙洛蒂模板操作成功,模板名称20190115 商家正式版
2019-01-15 14:20:08,102-mp_log-INFO-来了美标榜店模板操作成功,模板名称20190115 商家正式版
2019-01-15 14:20:08,630-mp_log-INFO-美德福模板操作成功,模板名称20190115 商家正式版
2019-01-15 14:20:09,104-mp_log-INFO-岳灵生发模板操作成功,模板名称20190115 商家正式版
2019-01-15 14:20:09,823-mp_log-INFO-美姿源模板操作成功,模板名称20190115 商家正式版
2019-01-15 14:20:10,104-mp_log-INFO-维多丽雅模板操作成功,模板名称20190115 商家正式版
2019-01-15 14:20:10,705-mp_log-INFO-雅典娜模板操作成功,模板名称20190115 商家正式版
2019-01-15 14:20:11,081-mp_log-INFO-杭州桐雅模板操作成功,模板名称20190115 商家正式版
2019-01-15 14:20:11,761-mp_log-INFO-妃香伊丹模板操作成功,模板名称20190115 商家正式版
2019-01-15 14:20:12,152-mp_log-INFO-王海棠养生馆模板操作成功,模板名称20190115 商家正式版
2019-01-15 14:20:12,161-mp_log-ERROR-光速美操作失败,失败原因{'status': 500, 'msg': '此管理中心未授权开放平台'}
2019-01-15 14:20:13,301-mp_log-INFO-张氏纳然姬朵模板操作成功,模板名称20190115 商家正式版
2019-01-15 14:20:13,614-mp_log-INFO-魅力华健模板操作成功,模板名称20190115 商家正式版
2019-01-15 14:20:14,037-mp_log-INFO-圣水伊人模板操作成功,模板名称20190115 商家正式版
2019-01-15 14:20:14,605-mp_log-INFO-窈窕淑女模板操作成功,模板名称20190115 商家正式版
2019-01-15 14:20:15,371-mp_log-INFO-绮莉尔智能美模板操作成功,模板名称20190115 商家正式版
2019-01-15 14:20:15,652-mp_log-INFO-香密雅CIMIA模板操作成功,模板名称20190115 商家正式版
2019-01-15 14:20:16,260-mp_log-INFO-妍雅媛模板操作成功,模板名称20190115 商家正式版
2019-01-15 14:20:16,825-mp_log-INFO-来了美模板操作成功,模板名称20190115 商家正式版
2019-01-15 14:20:17,202-mp_log-INFO-云SPA模板操作成功,模板名称20190115 商家正式版
2019-01-15 14:20:17,664-mp_log-INFO-轻医美模板操作成功,模板名称20190115 商家正式版
2019-01-15 14:20:18,159-mp_log-INFO-世纪春天模板操作成功,模板名称20190115 商家正式版
2019-01-15 14:20:18,707-mp_log-INFO-贵妇人模板操作成功,模板名称20190115 商家正式版
2019-01-15 14:20:19,356-mp_log-INFO-BabyBeauty模板操作成功,模板名称20190115 商家正式版
2019-01-15 14:20:19,658-mp_log-INFO-奇遇青春模板操作成功,模板名称20190115 商家正式版
2019-01-15 14:20:20,251-mp_log-INFO-来了美韩尚恩模板操作成功,模板名称20190115 商家正式版
2019-01-15 14:20:20,673-mp_log-INFO-纤指百媚模板操作成功,模板名称20190115 商家正式版
2019-01-15 14:20:21,253-mp_log-INFO-美之颜模板操作成功,模板名称20190115 商家正式版
2019-01-15 14:20:21,869-mp_log-INFO-GOGOBeauty模板操作成功,模板名称20190115 商家正式版
2019-01-15 14:20:22,160-mp_log-INFO-贝琳菲美业模板操作成功,模板名称20190115 商家正式版
2019-01-15 14:20:22,883-mp_log-INFO-郦芙蓉beauty模板操作成功,模板名称20190115 商家正式版
2019-01-15 14:20:23,039-mp_log-ERROR-服务商账号操作失败,失败原因{'status': 'error', 'msg': 'component is not authorized by this account hint: [1NaGhA02243064]'}
2019-01-15 14:20:23,180-mp_log-INFO-指妃模板操作成功,模板名称20190115 商家正式版
2019-01-15 14:20:23,520-mp_log-INFO-羽梦蝶模板操作成功,模板名称20190115 商家正式版
2019-01-15 14:20:24,711-mp_log-INFO-香住SPA模板操作成功,模板名称20190115 商家正式版
2019-01-15 14:20:25,524-mp_log-INFO-依蔻依美模板操作成功,模板名称20190115 商家正式版
2019-01-15 14:20:25,637-mp_log-INFO-佰味女人模板操作成功,模板名称20190115 商家正式版
2019-01-15 14:20:26,243-mp_log-INFO-黄氏百佳模板操作成功,模板名称20190115 商家正式版
2019-01-15 14:20:26,805-mp_log-INFO-创美雅香莱模板操作成功,模板名称20190115 商家正式版
2019-01-15 14:20:27,335-mp_log-INFO-艾面一族 模板操作成功,模板名称20190115 商家正式版
2019-01-15 14:20:27,602-mp_log-INFO-涣美医疗模板操作成功,模板名称20190115 商家正式版
2019-01-15 14:20:28,189-mp_log-INFO-植美SPA模板操作成功,模板名称20190115 商家正式版
2019-01-15 14:20:28,854-mp_log-INFO-曼姿模板操作成功,模板名称20190115 商家正式版
2019-01-15 14:20:29,194-mp_log-INFO-圣婕美甲美睫模板操作成功,模板名称20190115 商家正式版
2019-01-15 14:20:29,775-mp_log-INFO-美丽九九模板操作成功,模板名称20190115 商家正式版
2019-01-15 14:20:30,145-mp_log-INFO-南国西子模板操作成功,模板名称20190115 商家正式版
2019-01-15 14:20:30,867-mp_log-INFO-百分国际美容模板操作成功,模板名称20190115 商家正式版
2019-01-15 14:20:31,242-mp_log-INFO-千颂伊美学中心模板操作成功,模板名称20190115 商家正式版
2019-01-15 14:20:31,800-mp_log-INFO-艾尚美美哒模板操作成功,模板名称20190115 商家正式版
2019-01-15 14:20:32,273-mp_log-INFO-玉颜堂模板操作成功,模板名称20190115 商家正式版
2019-01-15 14:20:32,771-mp_log-INFO-金美源模板操作成功,模板名称20190115 商家正式版
2019-01-15 14:20:33,108-mp_log-INFO-爱玛仕嘉模板操作成功,模板名称20190115 商家正式版
2019-01-15 14:20:33,714-mp_log-INFO-智能科技美店模板操作成功,模板名称20190115 商家正式版
2019-01-15 14:20:34,387-mp_log-INFO-欧妮薇模板操作成功,模板名称20190115 商家正式版
2019-01-15 14:20:34,699-mp_log-INFO-成都净美天使模板操作成功,模板名称20190115 商家正式版
2019-01-15 14:20:35,295-mp_log-INFO-美姿来就美模板操作成功,模板名称20190115 商家正式版
2019-01-15 14:20:36,123-mp_log-INFO-引导美体验店模板操作成功,模板名称20190115 商家正式版
2019-01-15 14:20:36,145-mp_log-INFO-IVY艾菲芭模板操作成功,模板名称20190115 商家正式版
2019-01-15 14:20:36,759-mp_log-INFO-来了美雲会所模板操作成功,模板名称20190115 商家正式版
2019-01-15 14:20:37,216-mp_log-INFO-SoBeauty模板操作成功,模板名称20190115 商家正式版
2019-01-15 14:20:37,972-mp_log-INFO-蒙妮莎新美容模板操作成功,模板名称20190115 商家正式版
2019-01-15 14:20:38,223-mp_log-INFO-筋生美模板操作成功,模板名称20190115 商家正式版
2019-01-15 14:20:38,812-mp_log-INFO-来了美美吧模板操作成功,模板名称20190115 商家正式版
2019-01-15 14:20:39,166-mp_log-INFO-金柏丽模板操作成功,模板名称20190115 商家正式版
2019-01-15 14:20:39,573-mp_log-INFO-长江九号模板操作成功,模板名称20190115 商家正式版
2019-01-15 14:20:40,282-mp_log-INFO-优文专业脱毛模板操作成功,模板名称20190115 商家正式版
2019-01-15 14:20:40,717-mp_log-INFO-天使国际模板操作成功,模板名称20190115 商家正式版
2019-01-15 14:20:41,227-mp_log-INFO-如生堂模板操作成功,模板名称20190115 商家正式版
2019-01-15 14:20:41,688-mp_log-INFO-梦田芳香Spa模板操作成功,模板名称20190115 商家正式版
2019-01-15 14:20:42,356-mp_log-INFO-贝施纤体模板操作成功,模板名称20190115 商家正式版
2019-01-15 14:20:42,787-mp_log-INFO-色彩纯姬模板操作成功,模板名称20190115 商家正式版
2019-01-15 14:20:43,182-mp_log-INFO-红妆倾城模板操作成功,模板名称20190115 商家正式版
2019-01-15 14:20:43,904-mp_log-INFO-丹阳圣莉斯歌模板操作成功,模板名称20190115 商家正式版
2019-01-15 14:20:44,364-mp_log-INFO-金贵人Beauty模板操作成功,模板名称20190115 商家正式版
2019-01-15 14:20:44,857-mp_log-INFO-芯语芳心模板操作成功,模板名称20190115 商家正式版
2019-01-15 14:20:45,394-mp_log-INFO-广西快来美模板操作成功,模板名称20190115 商家正式版
2019-01-15 14:20:45,951-mp_log-INFO-还原美模板操作成功,模板名称20190115 商家正式版
2019-01-15 14:20:46,168-mp_log-INFO-延颜美容模板操作成功,模板名称20190115 商家正式版
2019-01-15 14:20:46,697-mp_log-INFO-缘临医疗美容模板操作成功,模板名称20190115 商家正式版
2019-01-15 14:20:47,684-mp_log-INFO-梦圆皇宫模板操作成功,模板名称20190115 商家正式版
2019-01-15 14:20:47,911-mp_log-INFO-美了就来模板操作成功,模板名称20190115 商家正式版
2019-01-15 14:20:48,362-mp_log-INFO-恩雅模板操作成功,模板名称20190115 商家正式版
2019-01-15 14:20:48,904-mp_log-INFO-董萍智慧美店模板操作成功,模板名称20190115 商家正式版
2019-01-15 14:20:49,303-mp_log-INFO-俏丽屋模板操作成功,模板名称20190115 商家正式版
2019-01-15 14:20:49,776-mp_log-INFO-YoungDream模板操作成功,模板名称20190115 商家正式版
2019-01-15 14:20:50,154-mp_log-INFO-DR美研博士模板操作成功,模板名称20190115 商家正式版
2019-01-15 14:20:50,649-mp_log-INFO-女秀才模板操作成功,模板名称20190115 商家正式版
2019-01-15 14:20:51,117-mp_log-INFO-東美人儿模板操作成功,模板名称20190115 商家正式版
2019-01-15 14:20:51,980-mp_log-INFO-承昱医疗模板操作成功,模板名称20190115 商家正式版
2019-01-15 14:20:52,361-mp_log-INFO-斓悦庭模板操作成功,模板名称20190115 商家正式版
2019-01-15 14:20:52,681-mp_log-INFO-美迩美整形模板操作成功,模板名称20190115 商家正式版
2019-01-15 14:20:53,391-mp_log-INFO-唯美童妍模板操作成功,模板名称20190115 商家正式版
2019-01-15 14:20:54,132-mp_log-INFO-健丽宝美容模板操作成功,模板名称20190115 商家正式版
2019-01-15 14:20:54,836-mp_log-INFO-BV美聚模板操作成功,模板名称20190115 商家正式版
2019-01-15 14:20:54,881-mp_log-INFO-掌上美管家A模板操作成功,模板名称20190115 商家正式版
2019-01-15 14:20:55,238-mp_log-INFO-博妍集美模板操作成功,模板名称20190115 商家正式版
2019-01-15 14:20:55,841-mp_log-INFO-雅涛世家模板操作成功,模板名称20190115 商家正式版
2019-01-15 14:20:56,456-mp_log-INFO-双妹美容模板操作成功,模板名称20190115 商家正式版
2019-01-15 14:20:56,833-mp_log-INFO-呈悦医疗模板操作成功,模板名称20190115 商家正式版
2019-01-15 14:20:57,130-mp_log-INFO-来了美千丝美模板操作成功,模板名称20190115 商家正式版
2019-01-15 14:20:57,825-mp_log-INFO-世纪之春模板操作成功,模板名称20190115 商家正式版
2019-01-15 14:20:58,297-mp_log-INFO-雅梵GO美模板操作成功,模板名称20190115 商家正式版
2019-01-15 14:20:58,824-mp_log-INFO-女主角美容模板操作成功,模板名称20190115 商家正式版
2019-01-15 14:20:59,247-mp_log-INFO-来了就体验账模板操作成功,模板名称20190115 商家正式版
2019-01-15 14:20:59,827-mp_log-INFO-弘粹堂模板操作成功,模板名称20190115 商家正式版
2019-01-15 14:21:00,586-mp_log-INFO-环球美容模板操作成功,模板名称20190115 商家正式版
2019-01-15 14:21:00,778-mp_log-INFO-乐聚模板操作成功,模板名称20190115 商家正式版
2019-01-15 14:21:01,489-mp_log-INFO-诗芙侬模板操作成功,模板名称20190115 商家正式版
2019-01-15 14:21:01,627-mp_log-ERROR-灰姑娘美甲操作失败,失败原因{'status': 'error', 'msg': 'component is not authorized by this account hint: [DtL72a02632994]'}
2019-01-15 14:21:02,226-mp_log-INFO-沧州美美达模板操作成功,模板名称20190115 商家正式版
2019-01-15 14:21:02,432-mp_log-INFO-妮娜形象管理模板操作成功,模板名称20190115 商家正式版
2019-01-15 14:21:03,296-mp_log-INFO-赢美肌模板操作成功,模板名称20190115 商家正式版
2019-01-15 14:21:03,793-mp_log-INFO-馨境堂模板操作成功,模板名称20190115 商家正式版
2019-01-15 14:21:04,232-mp_log-INFO-良沐健康管理模板操作成功,模板名称20190115 商家正式版
2019-01-15 14:21:04,879-mp_log-INFO-果蔬美容模板操作成功,模板名称20190115 商家正式版
2019-01-15 14:21:05,203-mp_log-INFO-贝兰思模板操作成功,模板名称20190115 商家正式版
2019-01-15 14:21:05,851-mp_log-INFO-东方秀丽模板操作成功,模板名称20190115 商家正式版
2019-01-15 14:21:06,690-mp_log-INFO-缔罗嘉佳模板操作成功,模板名称20190115 商家正式版
2019-01-15 14:21:07,075-mp_log-INFO-文轩专业美容模板操作成功,模板名称20190115 商家正式版
2019-01-15 14:21:07,591-mp_log-INFO-欧丽薇模板操作成功,模板名称20190115 商家正式版
