2019-01-15 13:43:57,450-Getlogin-ERROR-'token'
2019-01-15 13:43:57,450-mp_log-INFO-token获取成功......
2019-01-15 13:44:04,400-mp_log-INFO-获取所有小程序信息成功......
2019-01-15 13:44:04,868-mp_log-INFO-获取最新模板信息成功.......
2019-01-15 13:44:05,999-mp_log-INFO-审核中
2019-01-15 13:44:06,274-mp_log-INFO-审核中
2019-01-15 13:44:06,685-mp_log-INFO-审核中
2019-01-15 13:44:07,176-mp_log-INFO-审核中
2019-01-15 13:44:07,864-mp_log-INFO-审核中
2019-01-15 13:44:08,459-mp_log-INFO-审核中
2019-01-15 13:44:08,734-mp_log-INFO-审核中
2019-01-15 13:44:08,996-mp_log-INFO-审核中
2019-01-15 13:44:09,059-mp_log-INFO-审核中
2019-01-15 13:44:09,380-mp_log-INFO-审核中
2019-01-15 13:44:09,834-mp_log-INFO-审核中
2019-01-15 13:44:09,920-mp_log-INFO-已审核
2019-01-15 13:44:10,457-mp_log-INFO-审核中
2019-01-15 13:44:10,631-mp_log-INFO-审核中
2019-01-15 13:44:11,597-mp_log-INFO-审核中
2019-01-15 13:44:11,662-mp_log-INFO-审核中
2019-01-15 13:44:11,915-mp_log-INFO-审核中
2019-01-15 13:44:11,971-mp_log-INFO-审核中
2019-01-15 13:44:12,100-mp_log-INFO-审核中
2019-01-15 13:44:12,330-mp_log-INFO-审核中
2019-01-15 13:44:12,600-mp_log-INFO-审核中
2019-01-15 13:44:12,901-mp_log-INFO-审核中
2019-01-15 13:44:13,442-mp_log-INFO-审核中
2019-01-15 13:44:14,069-mp_log-INFO-审核中
2019-01-15 13:44:14,087-mp_log-INFO-审核中
2019-01-15 13:44:14,451-mp_log-INFO-审核中
2019-01-15 13:44:14,985-mp_log-INFO-审核中
2019-01-15 13:44:15,302-mp_log-INFO-审核中
2019-01-15 13:44:15,343-mp_log-INFO-审核中
2019-01-15 13:44:15,596-mp_log-INFO-审核中
2019-01-15 13:44:15,884-mp_log-INFO-审核中
2019-01-15 13:44:16,267-mp_log-INFO-审核中
2019-01-15 13:44:16,561-mp_log-INFO-审核中
2019-01-15 13:44:16,884-mp_log-INFO-审核中
2019-01-15 13:44:17,111-mp_log-INFO-审核中
2019-01-15 13:44:17,380-mp_log-INFO-审核中
2019-01-15 13:44:17,748-mp_log-INFO-审核中
2019-01-15 13:44:17,991-mp_log-INFO-审核中
2019-01-15 13:44:18,401-mp_log-INFO-已审核
2019-01-15 13:44:18,637-mp_log-INFO-审核中
2019-01-15 13:44:18,950-mp_log-INFO-审核中
2019-01-15 13:44:19,153-mp_log-INFO-审核中
2019-01-15 13:44:19,618-mp_log-INFO-审核中
2019-01-15 13:44:19,856-mp_log-INFO-审核中
2019-01-15 13:44:20,144-mp_log-INFO-审核中
2019-01-15 13:44:20,444-mp_log-INFO-审核中
2019-01-15 13:44:20,700-mp_log-INFO-审核中
2019-01-15 13:44:21,077-mp_log-INFO-审核中
2019-01-15 13:44:21,321-mp_log-INFO-审核中
2019-01-15 13:44:21,663-mp_log-INFO-审核中
2019-01-15 13:44:21,976-mp_log-INFO-审核中
2019-01-15 13:44:22,258-mp_log-INFO-审核中
2019-01-15 13:44:22,569-mp_log-INFO-审核中
2019-01-15 13:44:22,903-mp_log-INFO-审核中
2019-01-15 13:44:23,055-mp_log-INFO-审核中
2019-01-15 13:44:23,423-mp_log-INFO-审核中
2019-01-15 13:44:23,778-mp_log-INFO-审核中
2019-01-15 13:44:24,050-mp_log-INFO-审核中
2019-01-15 13:44:24,323-mp_log-INFO-审核中
2019-01-15 13:44:24,687-mp_log-INFO-审核中
2019-01-15 13:44:24,945-mp_log-INFO-审核中
2019-01-15 13:44:25,261-mp_log-INFO-审核中
2019-01-15 13:44:25,589-mp_log-INFO-审核中
2019-01-15 13:44:25,842-mp_log-INFO-审核中
2019-01-15 13:44:26,189-mp_log-INFO-审核中
2019-01-15 13:44:26,472-mp_log-INFO-审核中
2019-01-15 13:44:26,804-mp_log-INFO-审核中
2019-01-15 13:44:27,096-mp_log-INFO-审核中
2019-01-15 13:44:27,672-mp_log-INFO-审核中
2019-01-15 13:44:27,714-mp_log-INFO-审核中
2019-01-15 13:44:27,954-mp_log-INFO-审核中
2019-01-15 13:44:28,602-mp_log-INFO-审核中
2019-01-15 13:44:28,966-mp_log-INFO-审核中
2019-01-15 13:44:29,122-mp_log-INFO-审核中
2019-01-15 13:44:29,231-mp_log-INFO-审核中
2019-01-15 13:44:29,443-mp_log-INFO-审核中
2019-01-15 13:44:29,726-mp_log-INFO-审核中
2019-01-15 13:44:30,144-mp_log-INFO-审核中
2019-01-15 13:44:30,467-mp_log-INFO-审核中
2019-01-15 13:44:30,672-mp_log-INFO-已审核
2019-01-15 13:44:30,988-mp_log-INFO-审核中
2019-01-15 13:44:31,271-mp_log-INFO-审核中
2019-01-15 13:44:31,714-mp_log-INFO-审核中
2019-01-15 13:44:32,012-mp_log-INFO-审核中
2019-01-15 13:44:32,133-mp_log-INFO-审核中
2019-01-15 13:44:32,487-mp_log-INFO-审核中
2019-01-15 13:44:32,803-mp_log-INFO-审核中
2019-01-15 13:44:33,253-mp_log-INFO-审核中
2019-01-15 13:44:33,444-mp_log-INFO-审核中
2019-01-15 13:44:33,756-mp_log-INFO-审核中
2019-01-15 13:44:34,016-mp_log-INFO-审核中
2019-01-15 13:44:34,359-mp_log-INFO-审核中
2019-01-15 13:44:34,596-mp_log-INFO-审核中
2019-01-15 13:44:34,981-mp_log-INFO-审核中
2019-01-15 13:44:35,246-mp_log-INFO-审核中
2019-01-15 13:44:35,441-mp_log-INFO-审核中
2019-01-15 13:44:35,843-mp_log-INFO-审核中
2019-01-15 13:44:36,092-mp_log-INFO-审核中
2019-01-15 13:44:36,392-mp_log-INFO-审核中
2019-01-15 13:44:36,635-mp_log-INFO-审核中
2019-01-15 13:44:37,008-mp_log-INFO-审核中
2019-01-15 13:44:37,222-mp_log-INFO-审核中
2019-01-15 13:44:37,614-mp_log-INFO-审核中
2019-01-15 13:44:37,914-mp_log-INFO-审核中
2019-01-15 13:44:38,209-mp_log-INFO-审核中
2019-01-15 13:44:38,470-mp_log-INFO-审核中
2019-01-15 13:44:38,796-mp_log-INFO-审核中
2019-01-15 13:44:39,078-mp_log-INFO-审核中
2019-01-15 13:44:39,483-mp_log-INFO-审核中
2019-01-15 13:44:40,105-mp_log-INFO-审核中
2019-01-15 13:44:40,323-mp_log-INFO-审核中
2019-01-15 13:44:40,662-mp_log-INFO-审核中
2019-01-15 13:44:40,877-mp_log-INFO-审核中
2019-01-15 13:44:41,289-mp_log-INFO-审核中
2019-01-15 13:44:41,615-mp_log-INFO-审核中
2019-01-15 13:44:41,864-mp_log-INFO-审核中
2019-01-15 13:44:42,502-mp_log-INFO-审核中
2019-01-15 13:44:42,811-mp_log-INFO-已审核
2019-01-15 13:44:43,031-mp_log-INFO-审核中
2019-01-15 13:44:43,203-mp_log-INFO-审核中
2019-01-15 13:44:43,697-mp_log-INFO-审核中
2019-01-15 13:44:43,928-mp_log-INFO-审核中
2019-01-15 13:44:44,134-mp_log-INFO-审核中
2019-01-15 13:44:44,298-mp_log-INFO-审核中
2019-01-15 13:44:44,605-mp_log-INFO-审核中
2019-01-15 13:44:44,883-mp_log-INFO-审核中
2019-01-15 13:44:45,115-mp_log-INFO-已审核
2019-01-15 13:44:45,441-mp_log-INFO-审核中
2019-01-15 13:44:45,744-mp_log-INFO-审核中
2019-01-15 13:44:46,114-mp_log-INFO-审核中
2019-01-15 13:44:46,373-mp_log-INFO-审核中
2019-01-15 13:44:46,877-mp_log-INFO-审核中
2019-01-15 13:44:47,226-mp_log-INFO-审核中
2019-01-15 13:44:47,615-mp_log-INFO-审核中
2019-01-15 13:44:47,856-mp_log-INFO-审核失败
2019-01-15 13:44:48,107-mp_log-INFO-审核中
2019-01-15 13:44:48,544-mp_log-INFO-审核中
2019-01-15 13:44:48,746-mp_log-INFO-已审核
2019-01-15 13:44:49,100-mp_log-INFO-审核中
2019-01-15 13:44:49,365-mp_log-INFO-审核中
2019-01-15 13:44:49,754-mp_log-INFO-审核中
2019-01-15 13:44:49,939-mp_log-INFO-审核中
2019-01-15 13:44:50,275-mp_log-INFO-审核中
2019-01-15 13:44:50,833-mp_log-INFO-审核中
2019-01-15 13:44:50,882-mp_log-INFO-审核中
2019-01-15 13:44:51,154-mp_log-INFO-审核中
2019-01-15 13:44:51,486-mp_log-INFO-审核中
2019-01-15 13:44:51,764-mp_log-INFO-审核中
2019-01-15 13:44:52,200-mp_log-INFO-审核中
2019-01-15 13:44:52,432-mp_log-INFO-审核中
2019-01-15 13:44:52,710-mp_log-INFO-审核中
2019-01-15 13:44:52,993-mp_log-INFO-审核中
2019-01-15 13:44:53,223-mp_log-INFO-审核中
2019-01-15 13:44:53,621-mp_log-INFO-审核中
2019-01-15 13:44:53,891-mp_log-INFO-审核中
2019-01-15 13:44:54,236-mp_log-INFO-审核中
2019-01-15 13:44:54,540-mp_log-INFO-审核中
2019-01-15 13:44:54,758-mp_log-INFO-审核中
2019-01-15 13:44:55,094-mp_log-INFO-审核中
2019-01-15 13:44:55,441-mp_log-INFO-审核中
2019-01-15 13:44:55,661-mp_log-INFO-审核中
2019-01-15 13:44:56,016-mp_log-INFO-审核中
2019-01-15 13:44:56,309-mp_log-INFO-审核中
2019-01-15 13:44:56,634-mp_log-INFO-审核中
2019-01-15 13:44:56,924-mp_log-INFO-审核中
2019-01-15 13:44:57,255-mp_log-INFO-审核中
2019-01-15 13:44:57,492-mp_log-INFO-审核中
2019-01-15 13:44:57,778-mp_log-INFO-审核中
2019-01-15 13:44:58,168-mp_log-INFO-审核中
2019-01-15 13:44:58,433-mp_log-INFO-审核中
2019-01-15 13:44:58,913-mp_log-INFO-审核中
2019-01-15 13:44:59,629-mp_log-INFO-审核中
2019-01-15 13:44:59,911-mp_log-INFO-审核中
2019-01-15 13:45:00,359-mp_log-INFO-审核中
2019-01-15 13:45:00,566-mp_log-INFO-审核中
2019-01-15 13:45:00,774-mp_log-INFO-审核中
2019-01-15 13:45:01,001-mp_log-INFO-审核中
2019-01-15 13:45:01,159-mp_log-INFO-审核中
2019-01-15 13:45:01,268-mp_log-INFO-审核中
2019-01-15 13:45:01,837-mp_log-INFO-已审核
2019-01-15 13:45:01,877-mp_log-INFO-审核中
2019-01-15 13:45:02,099-mp_log-INFO-审核中
2019-01-15 13:45:02,332-mp_log-INFO-审核中
2019-01-15 13:45:02,704-mp_log-INFO-审核中
2019-01-15 13:45:02,902-mp_log-INFO-审核中
2019-01-15 13:45:03,267-mp_log-INFO-审核中
2019-01-15 13:45:03,559-mp_log-INFO-审核中
2019-01-15 13:45:03,868-mp_log-INFO-审核中
2019-01-15 13:45:04,141-mp_log-INFO-审核中
2019-01-15 13:45:04,547-mp_log-INFO-审核中
2019-01-15 13:45:04,767-mp_log-INFO-审核中
2019-01-15 13:45:05,070-mp_log-INFO-审核中
2019-01-15 13:45:05,295-mp_log-INFO-审核中
2019-01-15 13:45:05,658-mp_log-INFO-审核中
2019-01-15 13:45:06,177-mp_log-INFO-审核中
2019-01-15 13:45:06,360-mp_log-INFO-已审核
2019-01-15 13:45:06,603-mp_log-INFO-审核中
2019-01-15 13:45:06,842-mp_log-INFO-审核中
2019-01-15 13:45:07,138-mp_log-INFO-审核中
2019-01-15 13:45:07,446-mp_log-INFO-审核中
2019-01-15 13:45:07,730-mp_log-INFO-审核中
2019-01-15 13:45:08,011-mp_log-INFO-已审核
2019-01-15 13:45:08,350-mp_log-INFO-审核中
2019-01-15 13:45:08,667-mp_log-INFO-审核中
2019-01-15 13:45:08,947-mp_log-INFO-审核中
2019-01-15 13:45:09,235-mp_log-INFO-审核中
2019-01-15 13:45:09,618-mp_log-INFO-审核中
2019-01-15 13:45:10,575-mp_log-INFO-审核中
2019-01-15 13:45:10,798-mp_log-INFO-审核中
2019-01-15 13:45:10,840-mp_log-INFO-审核中
2019-01-15 13:45:11,054-mp_log-INFO-审核中
2019-01-15 13:45:11,434-mp_log-INFO-审核中
2019-01-15 13:45:11,634-mp_log-INFO-审核中
2019-01-15 13:45:12,116-mp_log-INFO-审核中
2019-01-15 13:45:12,284-mp_log-INFO-审核中
2019-01-15 13:45:12,939-mp_log-INFO-审核中
