2019-01-15 15:06:17,134-Getlogin-ERROR-'token'
2019-01-15 15:06:17,136-mp_log-INFO-token获取成功......
2019-01-15 15:06:24,026-mp_log-INFO-获取所有小程序信息成功......
2019-01-15 15:06:24,586-mp_log-INFO-获取最新模板信息成功.......
2019-01-15 15:06:27,009-mp_log-ERROR-环亚美容提交失败
2019-01-15 15:06:27,532-mp_log-ERROR-诺研皮肤管理提交失败
2019-01-15 15:06:28,072-mp_log-ERROR-芳妍美容提交失败
2019-01-15 15:06:28,170-mp_log-ERROR-sdfdsfdsf提交失败
2019-01-15 15:06:28,644-mp_log-ERROR-绿苑女子提交失败
2019-01-15 15:06:29,492-mp_log-ERROR-伊之花美容提交失败
2019-01-15 15:06:30,102-mp_log-ERROR-广州七号驻颜提交失败
2019-01-15 15:06:30,971-mp_log-ERROR-曼奇莎提交失败
2019-01-15 15:06:31,019-mp_log-ERROR-诗美逸提交失败
2019-01-15 15:06:31,726-mp_log-ERROR-颐和美容提交失败
2019-01-15 15:06:32,016-mp_log-ERROR-赫阁尔提交失败
2019-01-15 15:06:32,585-mp_log-ERROR-草木缘提交失败
2019-01-15 15:06:33,011-mp_log-ERROR-漂亮宝贝提交失败
2019-01-15 15:06:33,530-mp_log-ERROR-梦颜科美提交失败
2019-01-15 15:06:34,035-mp_log-ERROR-都市点点提交失败
2019-01-15 15:06:34,511-mp_log-ERROR-来了美佳澜店提交失败
2019-01-15 15:06:34,908-mp_log-ERROR-木子美甲美睫提交失败
2019-01-15 15:06:35,493-mp_log-ERROR-润妃国际提交失败
2019-01-15 15:06:36,038-mp_log-ERROR-灵动提交失败
2019-01-15 15:06:36,502-mp_log-ERROR-康丽皇家提交失败
2019-01-15 15:06:37,045-mp_log-ERROR-美丽驿站提交失败
2019-01-15 15:06:37,510-mp_log-ERROR-美美昭彦提交失败
2019-01-15 15:06:38,068-mp_log-ERROR-匠美JMBEAUTY提交失败
2019-01-15 15:06:38,409-mp_log-ERROR-市场演示专用提交失败
2019-01-15 15:06:39,515-mp_log-INFO-HB美尚荟提交成功
2019-01-15 15:06:39,531-mp_log-ERROR-Youngface提交失败
2019-01-15 15:06:40,210-mp_log-ERROR-爱睿熙国际提交失败
2019-01-15 15:06:40,718-mp_log-ERROR-当今悦美提交失败
2019-01-15 15:06:41,525-mp_log-ERROR-米蝶·快美吧提交失败
2019-01-15 15:06:41,955-mp_log-ERROR-谦和国际提交失败
2019-01-15 15:06:42,017-mp_log-ERROR-iBEATA贝娅塔提交失败
2019-01-15 15:06:42,618-mp_log-ERROR-菲常美提交失败
2019-01-15 15:06:43,005-mp_log-ERROR-当代经典提交失败
2019-01-15 15:06:43,553-mp_log-ERROR-东方丽人提交失败
2019-01-15 15:06:44,478-mp_log-ERROR-玫瑰坊提交失败
2019-01-15 15:06:44,914-mp_log-INFO-盛士兰提交成功
2019-01-15 15:06:44,993-mp_log-ERROR-悠兰lyj提交失败
2019-01-15 15:06:45,526-mp_log-ERROR-芊思雅莎莎提交失败
2019-01-15 15:06:46,025-mp_log-ERROR-来就健康提交失败
2019-01-15 15:06:46,570-mp_log-ERROR-恒美世纪提交失败
2019-01-15 15:06:46,908-mp_log-ERROR-美人记Diary提交失败
2019-01-15 15:06:47,465-mp_log-ERROR-美范·珺之屋提交失败
2019-01-15 15:06:48,034-mp_log-ERROR-菲梵经典提交失败
2019-01-15 15:06:48,542-mp_log-ERROR-悦芳泉SPA提交失败
2019-01-15 15:06:49,191-mp_log-ERROR-爱美丽提交失败
2019-01-15 15:06:49,652-mp_log-ERROR-漂亮如你提交失败
2019-01-15 15:06:49,961-mp_log-ERROR-广西宝宝爱提交失败
2019-01-15 15:06:50,554-mp_log-ERROR-虞诗蔓提交失败
2019-01-15 15:06:51,007-mp_log-ERROR-D5 season提交失败
2019-01-15 15:06:51,494-mp_log-ERROR-唯艳美提交失败
2019-01-15 15:06:52,027-mp_log-ERROR-吉美妍丽提交失败
2019-01-15 15:06:52,495-mp_log-ERROR-雪依氏提交失败
2019-01-15 15:06:53,065-mp_log-ERROR-书白美企提交失败
2019-01-15 15:06:53,458-mp_log-ERROR-星美国际提交失败
2019-01-15 15:06:54,030-mp_log-ERROR-霭伦恩美提交失败
2019-01-15 15:06:55,020-mp_log-ERROR-伊美朗提交失败
2019-01-15 15:06:55,292-mp_log-INFO-来美吧提交成功
2019-01-15 15:06:55,448-mp_log-ERROR-美美一生提交失败
2019-01-15 15:06:56,030-mp_log-ERROR-佳婳天美提交失败
2019-01-15 15:06:56,496-mp_log-ERROR-兴美源提交失败
2019-01-15 15:06:57,053-mp_log-ERROR-优年轻提交失败
2019-01-15 15:06:57,484-mp_log-ERROR-易康国际提交失败
2019-01-15 15:06:57,968-mp_log-ERROR-美美昭妍提交失败
2019-01-15 15:06:58,784-mp_log-ERROR-佐登妮丝提交失败
2019-01-15 15:06:59,738-mp_log-ERROR-娇阑美颜提交失败
2019-01-15 15:07:00,085-mp_log-ERROR-爱女士提交失败
2019-01-15 15:07:00,436-mp_log-INFO-阿星国际提交成功
2019-01-15 15:07:00,648-mp_log-ERROR-PS智能美肤提交失败
2019-01-15 15:07:01,433-mp_log-ERROR-艾妍整形提交失败
2019-01-15 15:07:01,563-mp_log-ERROR-珍珍美容提交失败
2019-01-15 15:07:02,015-mp_log-ERROR-姿曼美容spa提交失败
2019-01-15 15:07:02,812-mp_log-ERROR-巴黎情缘提交失败
2019-01-15 15:07:02,999-mp_log-ERROR-百合春天提交失败
2019-01-15 15:07:03,562-mp_log-ERROR-梅兰丽人提交失败
2019-01-15 15:07:03,957-mp_log-ERROR-美由心生提交失败
2019-01-15 15:07:04,578-mp_log-ERROR-燕燕尊尚美容提交失败
2019-01-15 15:07:05,069-mp_log-ERROR-雅致璇肌提交失败
2019-01-15 15:07:05,731-mp_log-ERROR-诗露丽涵提交失败
2019-01-15 15:07:06,362-mp_log-ERROR-蓝蒂蔻提交失败
2019-01-15 15:07:06,566-mp_log-ERROR-东方仕典提交失败
2019-01-15 15:07:07,482-mp_log-ERROR-GOGO宝迪提交失败
2019-01-15 15:07:07,572-mp_log-INFO-韩流美美店提交成功
2019-01-15 15:07:08,303-mp_log-ERROR-月瘦月美提交失败
2019-01-15 15:07:08,630-mp_log-ERROR-启程金典美业提交失败
2019-01-15 15:07:09,063-mp_log-ERROR-年轻我可以提交失败
2019-01-15 15:07:09,552-mp_log-ERROR-精工皇族提交失败
2019-01-15 15:07:10,077-mp_log-ERROR-明剪一秀提交失败
2019-01-15 15:07:11,050-mp_log-ERROR-DuDuBeauty提交失败
2019-01-15 15:07:11,512-mp_log-INFO-深圳丝客富提交成功
2019-01-15 15:07:11,584-mp_log-ERROR-琉璃水城提交失败
2019-01-15 15:07:12,071-mp_log-ERROR-栢草源提交失败
2019-01-15 15:07:12,518-mp_log-ERROR-杭州东方整形提交失败
2019-01-15 15:07:13,055-mp_log-ERROR-ONI速美提交失败
2019-01-15 15:07:13,528-mp_log-ERROR-YAN健康•美+提交失败
2019-01-15 15:07:13,999-mp_log-ERROR-MMbeauty提交失败
2019-01-15 15:07:14,509-mp_log-ERROR-美共享提交失败
2019-01-15 15:07:15,105-mp_log-ERROR-靓佳人提交失败
2019-01-15 15:07:15,484-mp_log-ERROR-ME智慧美店提交失败
2019-01-15 15:07:16,074-mp_log-ERROR-二院美丽之约提交失败
2019-01-15 15:07:17,036-mp_log-ERROR-南洋beauty提交失败
2019-01-15 15:07:17,362-mp_log-INFO-紫舟美业提交成功
2019-01-15 15:07:18,065-mp_log-ERROR-来了美标榜店提交失败
2019-01-15 15:07:18,415-mp_log-INFO-阿芙洛蒂提交成功
2019-01-15 15:07:18,598-mp_log-ERROR-美德福提交失败
2019-01-15 15:07:19,182-mp_log-ERROR-岳灵生发提交失败
2019-01-15 15:07:19,537-mp_log-ERROR-美姿源提交失败
2019-01-15 15:07:20,223-mp_log-ERROR-维多丽雅提交失败
2019-01-15 15:07:20,475-mp_log-ERROR-雅典娜提交失败
2019-01-15 15:07:21,148-mp_log-ERROR-杭州桐雅提交失败
2019-01-15 15:07:21,647-mp_log-ERROR-妃香伊丹提交失败
2019-01-15 15:07:21,805-mp_log-ERROR-光速美提交失败
2019-01-15 15:07:22,109-mp_log-ERROR-王海棠养生馆提交失败
2019-01-15 15:07:23,130-mp_log-ERROR-张氏纳然姬朵提交失败
2019-01-15 15:07:23,522-mp_log-ERROR-魅力华健提交失败
2019-01-15 15:07:24,046-mp_log-ERROR-圣水伊人提交失败
2019-01-15 15:07:24,643-mp_log-ERROR-窈窕淑女提交失败
2019-01-15 15:07:25,224-mp_log-ERROR-绮莉尔智能美提交失败
2019-01-15 15:07:25,578-mp_log-ERROR-香密雅CIMIA提交失败
2019-01-15 15:07:26,212-mp_log-ERROR-妍雅媛提交失败
2019-01-15 15:07:27,133-mp_log-ERROR-云SPA提交失败
2019-01-15 15:07:27,444-mp_log-INFO-来了美提交成功
2019-01-15 15:07:27,647-mp_log-ERROR-轻医美提交失败
2019-01-15 15:07:28,112-mp_log-ERROR-世纪春天提交失败
2019-01-15 15:07:28,560-mp_log-ERROR-贵妇人提交失败
2019-01-15 15:07:29,088-mp_log-ERROR-BabyBeauty提交失败
2019-01-15 15:07:29,654-mp_log-ERROR-奇遇青春提交失败
2019-01-15 15:07:30,393-mp_log-ERROR-来了美韩尚恩提交失败
2019-01-15 15:07:31,151-mp_log-ERROR-美之颜提交失败
2019-01-15 15:07:32,205-mp_log-ERROR-郦芙蓉beauty提交失败
2019-01-15 15:07:32,295-mp_log-INFO-贝琳菲美业提交成功
2019-01-15 15:07:32,316-mp_log-INFO-纤指百媚提交成功
2019-01-15 15:07:33,083-mp_log-ERROR-羽梦蝶提交失败
2019-01-15 15:07:33,136-mp_log-ERROR-服务商账号提交失败
2019-01-15 15:07:33,475-mp_log-INFO-指妃提交成功
2019-01-15 15:07:34,106-mp_log-ERROR-香住SPA提交失败
2019-01-15 15:07:34,642-mp_log-ERROR-依蔻依美提交失败
2019-01-15 15:07:35,165-mp_log-ERROR-佰味女人提交失败
2019-01-15 15:07:35,604-mp_log-ERROR-黄氏百佳提交失败
2019-01-15 15:07:36,571-mp_log-ERROR-创美雅香莱提交失败
2019-01-15 15:07:36,708-mp_log-ERROR-艾面一族 提交失败
2019-01-15 15:07:37,074-mp_log-ERROR-涣美医疗提交失败
2019-01-15 15:07:37,630-mp_log-ERROR-植美SPA提交失败
2019-01-15 15:07:38,205-mp_log-ERROR-曼姿提交失败
2019-01-15 15:07:38,693-mp_log-ERROR-圣婕美甲美睫提交失败
2019-01-15 15:07:39,164-mp_log-ERROR-美丽九九提交失败
2019-01-15 15:07:39,651-mp_log-ERROR-南国西子提交失败
2019-01-15 15:07:40,157-mp_log-ERROR-百分国际美容提交失败
2019-01-15 15:07:40,645-mp_log-ERROR-千颂伊美学中心提交失败
2019-01-15 15:07:41,134-mp_log-ERROR-艾尚美美哒提交失败
2019-01-15 15:07:41,666-mp_log-ERROR-玉颜堂提交失败
2019-01-15 15:07:42,686-mp_log-ERROR-爱玛仕嘉提交失败
2019-01-15 15:07:42,887-mp_log-INFO-金美源提交成功
2019-01-15 15:07:43,287-mp_log-ERROR-智能科技美店提交失败
2019-01-15 15:07:43,679-mp_log-ERROR-欧妮薇提交失败
2019-01-15 15:07:44,163-mp_log-ERROR-成都净美天使提交失败
2019-01-15 15:07:44,693-mp_log-ERROR-美姿来就美提交失败
2019-01-15 15:07:45,178-mp_log-ERROR-IVY艾菲芭提交失败
2019-01-15 15:07:45,750-mp_log-ERROR-引导美体验店提交失败
2019-01-15 15:07:46,219-mp_log-ERROR-来了美雲会所提交失败
2019-01-15 15:07:46,679-mp_log-ERROR-SoBeauty提交失败
2019-01-15 15:07:47,161-mp_log-ERROR-蒙妮莎新美容提交失败
2019-01-15 15:07:47,689-mp_log-ERROR-筋生美提交失败
2019-01-15 15:07:48,281-mp_log-ERROR-来了美美吧提交失败
2019-01-15 15:07:48,646-mp_log-ERROR-金柏丽提交失败
2019-01-15 15:07:49,177-mp_log-ERROR-长江九号提交失败
2019-01-15 15:07:49,665-mp_log-ERROR-优文专业脱毛提交失败
2019-01-15 15:07:50,231-mp_log-ERROR-天使国际提交失败
2019-01-15 15:07:50,749-mp_log-ERROR-如生堂提交失败
2019-01-15 15:07:51,164-mp_log-ERROR-梦田芳香Spa提交失败
2019-01-15 15:07:51,718-mp_log-ERROR-贝施纤体提交失败
2019-01-15 15:07:52,714-mp_log-ERROR-红妆倾城提交失败
2019-01-15 15:07:53,061-mp_log-INFO-色彩纯姬提交成功
2019-01-15 15:07:53,226-mp_log-ERROR-丹阳圣莉斯歌提交失败
2019-01-15 15:07:53,678-mp_log-ERROR-金贵人Beauty提交失败
2019-01-15 15:07:54,213-mp_log-ERROR-芯语芳心提交失败
2019-01-15 15:07:54,743-mp_log-ERROR-广西快来美提交失败
2019-01-15 15:07:55,202-mp_log-ERROR-还原美提交失败
2019-01-15 15:07:55,744-mp_log-ERROR-延颜美容提交失败
2019-01-15 15:07:56,155-mp_log-ERROR-缘临医疗美容提交失败
2019-01-15 15:07:56,727-mp_log-ERROR-梦圆皇宫提交失败
2019-01-15 15:07:57,229-mp_log-ERROR-美了就来提交失败
2019-01-15 15:07:57,740-mp_log-ERROR-恩雅提交失败
2019-01-15 15:07:58,450-mp_log-ERROR-董萍智慧美店提交失败
2019-01-15 15:07:59,350-mp_log-ERROR-YoungDream提交失败
2019-01-15 15:07:59,841-mp_log-ERROR-DR美研博士提交失败
2019-01-15 15:07:59,843-mp_log-INFO-俏丽屋提交成功
2019-01-15 15:08:00,217-mp_log-ERROR-女秀才提交失败
2019-01-15 15:08:00,717-mp_log-ERROR-東美人儿提交失败
2019-01-15 15:08:01,763-mp_log-ERROR-斓悦庭提交失败
2019-01-15 15:08:01,901-mp_log-INFO-承昱医疗提交成功
2019-01-15 15:08:02,316-mp_log-ERROR-美迩美整形提交失败
2019-01-15 15:08:02,750-mp_log-ERROR-唯美童妍提交失败
2019-01-15 15:08:03,262-mp_log-ERROR-BV美聚提交失败
2019-01-15 15:08:03,755-mp_log-ERROR-健丽宝美容提交失败
2019-01-15 15:08:04,257-mp_log-ERROR-掌上美管家A提交失败
2019-01-15 15:08:04,806-mp_log-ERROR-博妍集美提交失败
2019-01-15 15:08:05,384-mp_log-ERROR-雅涛世家提交失败
2019-01-15 15:08:05,741-mp_log-ERROR-双妹美容提交失败
2019-01-15 15:08:06,772-mp_log-ERROR-来了美千丝美提交失败
2019-01-15 15:08:06,874-mp_log-ERROR-呈悦医疗提交失败
2019-01-15 15:08:07,256-mp_log-ERROR-世纪之春提交失败
2019-01-15 15:08:07,664-mp_log-ERROR-雅梵GO美提交失败
2019-01-15 15:08:08,728-mp_log-ERROR-来了就体验账提交失败
2019-01-15 15:08:08,974-mp_log-INFO-女主角美容提交成功
2019-01-15 15:08:09,202-mp_log-ERROR-弘粹堂提交失败
2019-01-15 15:08:09,914-mp_log-ERROR-环球美容提交失败
2019-01-15 15:08:10,300-mp_log-ERROR-乐聚提交失败
2019-01-15 15:08:11,044-mp_log-ERROR-诗芙侬提交失败
2019-01-15 15:08:11,250-mp_log-ERROR-沧州美美达提交失败
2019-01-15 15:08:11,808-mp_log-ERROR-妮娜形象管理提交失败
2019-01-15 15:08:11,829-mp_log-ERROR-灰姑娘美甲提交失败
2019-01-15 15:08:12,822-mp_log-ERROR-赢美肌提交失败
2019-01-15 15:08:13,328-mp_log-ERROR-馨境堂提交失败
2019-01-15 15:08:13,739-mp_log-ERROR-良沐健康管理提交失败
2019-01-15 15:08:14,412-mp_log-ERROR-果蔬美容提交失败
2019-01-15 15:08:14,745-mp_log-ERROR-贝兰思提交失败
2019-01-15 15:08:15,732-mp_log-ERROR-缔罗嘉佳提交失败
2019-01-15 15:08:16,014-mp_log-INFO-东方秀丽提交成功
2019-01-15 15:08:16,283-mp_log-ERROR-文轩专业美容提交失败
2019-01-15 15:08:16,833-mp_log-ERROR-欧丽薇提交失败
