2019-01-15 15:10:10,290-Getlogin-ERROR-'token'
2019-01-15 15:10:10,292-mp_log-INFO-token获取成功......
2019-01-15 15:10:17,545-mp_log-INFO-获取所有小程序信息成功......
2019-01-15 15:10:18,075-mp_log-INFO-获取最新模板信息成功.......
2019-01-15 15:10:19,191-mp_log-INFO-审核中
2019-01-15 15:10:19,525-mp_log-INFO-审核中
2019-01-15 15:10:19,766-mp_log-INFO-审核中
2019-01-15 15:10:20,461-mp_log-INFO-审核中
2019-01-15 15:10:21,013-mp_log-INFO-审核中
2019-01-15 15:10:21,312-mp_log-INFO-审核中
2019-01-15 15:10:21,599-mp_log-INFO-审核中
2019-01-15 15:10:21,934-mp_log-INFO-审核中
2019-01-15 15:10:22,211-mp_log-INFO-审核中
2019-01-15 15:10:22,526-mp_log-INFO-审核中
2019-01-15 15:10:22,864-mp_log-INFO-审核中
2019-01-15 15:10:23,268-mp_log-INFO-审核中
2019-01-15 15:10:23,487-mp_log-INFO-审核中
2019-01-15 15:10:23,766-mp_log-INFO-审核中
2019-01-15 15:10:24,079-mp_log-INFO-审核中
2019-01-15 15:10:24,288-mp_log-INFO-审核中
2019-01-15 15:10:24,641-mp_log-INFO-审核中
2019-01-15 15:10:24,925-mp_log-INFO-审核中
2019-01-15 15:10:25,235-mp_log-INFO-审核中
2019-01-15 15:10:25,562-mp_log-INFO-审核中
2019-01-15 15:10:25,827-mp_log-INFO-审核中
2019-01-15 15:10:26,131-mp_log-INFO-审核中
2019-01-15 15:10:26,434-mp_log-INFO-审核中
2019-01-15 15:10:27,048-mp_log-INFO-审核中
2019-01-15 15:10:27,292-mp_log-INFO-审核中
2019-01-15 15:10:27,674-mp_log-INFO-审核中
2019-01-15 15:10:27,996-mp_log-INFO-审核中
2019-01-15 15:10:28,247-mp_log-INFO-审核中
2019-01-15 15:10:28,559-mp_log-INFO-审核中
2019-01-15 15:10:28,872-mp_log-INFO-审核中
2019-01-15 15:10:29,205-mp_log-INFO-审核中
2019-01-15 15:10:29,797-mp_log-INFO-审核中
2019-01-15 15:10:29,864-mp_log-INFO-审核中
2019-01-15 15:10:30,033-mp_log-INFO-审核中
2019-01-15 15:10:30,321-mp_log-INFO-审核中
2019-01-15 15:10:30,594-mp_log-INFO-审核中
2019-01-15 15:10:30,911-mp_log-INFO-审核中
2019-01-15 15:10:31,415-mp_log-INFO-审核中
2019-01-15 15:10:31,504-mp_log-INFO-已审核
2019-01-15 15:10:31,849-mp_log-INFO-审核中
2019-01-15 15:10:32,132-mp_log-INFO-审核中
2019-01-15 15:10:32,412-mp_log-INFO-审核中
2019-01-15 15:10:32,790-mp_log-INFO-审核中
2019-01-15 15:10:33,045-mp_log-INFO-审核中
2019-01-15 15:10:33,365-mp_log-INFO-审核中
2019-01-15 15:10:33,666-mp_log-INFO-审核中
2019-01-15 15:10:33,917-mp_log-INFO-审核中
2019-01-15 15:10:34,279-mp_log-INFO-审核中
2019-01-15 15:10:34,538-mp_log-INFO-审核中
2019-01-15 15:10:34,822-mp_log-INFO-审核中
2019-01-15 15:10:35,144-mp_log-INFO-审核中
2019-01-15 15:10:35,487-mp_log-INFO-审核中
2019-01-15 15:10:35,789-mp_log-INFO-审核中
2019-01-15 15:10:36,082-mp_log-INFO-审核中
2019-01-15 15:10:36,382-mp_log-INFO-审核中
2019-01-15 15:10:36,686-mp_log-INFO-审核中
2019-01-15 15:10:36,990-mp_log-INFO-审核中
2019-01-15 15:10:37,231-mp_log-INFO-审核中
2019-01-15 15:10:37,540-mp_log-INFO-审核中
2019-01-15 15:10:37,849-mp_log-INFO-审核中
2019-01-15 15:10:38,368-mp_log-INFO-审核中
2019-01-15 15:10:38,494-mp_log-INFO-审核中
2019-01-15 15:10:38,905-mp_log-INFO-审核中
2019-01-15 15:10:39,186-mp_log-INFO-审核中
2019-01-15 15:10:39,430-mp_log-INFO-审核中
2019-01-15 15:10:39,726-mp_log-INFO-审核中
2019-01-15 15:10:39,969-mp_log-INFO-审核中
2019-01-15 15:10:40,328-mp_log-INFO-审核中
2019-01-15 15:10:40,544-mp_log-INFO-审核中
2019-01-15 15:10:41,016-mp_log-INFO-审核中
2019-01-15 15:10:41,151-mp_log-INFO-审核中
2019-01-15 15:10:41,469-mp_log-INFO-审核中
2019-01-15 15:10:41,845-mp_log-INFO-审核中
2019-01-15 15:10:42,041-mp_log-INFO-审核中
2019-01-15 15:10:42,367-mp_log-INFO-审核中
2019-01-15 15:10:42,703-mp_log-INFO-审核中
2019-01-15 15:10:43,019-mp_log-INFO-审核中
2019-01-15 15:10:43,387-mp_log-INFO-审核中
2019-01-15 15:10:43,640-mp_log-INFO-审核中
2019-01-15 15:10:43,903-mp_log-INFO-审核中
2019-01-15 15:10:44,177-mp_log-INFO-审核中
2019-01-15 15:10:44,599-mp_log-INFO-审核中
2019-01-15 15:10:44,873-mp_log-INFO-审核中
2019-01-15 15:10:45,097-mp_log-INFO-审核中
2019-01-15 15:10:45,471-mp_log-INFO-审核中
2019-01-15 15:10:45,788-mp_log-INFO-审核中
2019-01-15 15:10:46,014-mp_log-INFO-审核中
2019-01-15 15:10:46,267-mp_log-INFO-审核中
2019-01-15 15:10:46,660-mp_log-INFO-审核中
2019-01-15 15:10:46,952-mp_log-INFO-审核中
2019-01-15 15:10:47,164-mp_log-INFO-审核中
2019-01-15 15:10:47,500-mp_log-INFO-审核中
2019-01-15 15:10:47,782-mp_log-INFO-审核中
2019-01-15 15:10:48,052-mp_log-INFO-审核中
2019-01-15 15:10:48,403-mp_log-INFO-审核中
2019-01-15 15:10:48,643-mp_log-INFO-审核中
2019-01-15 15:10:49,116-mp_log-INFO-审核中
2019-01-15 15:10:49,405-mp_log-INFO-审核中
2019-01-15 15:10:49,541-mp_log-INFO-审核中
2019-01-15 15:10:49,941-mp_log-INFO-审核中
2019-01-15 15:10:50,151-mp_log-INFO-审核中
2019-01-15 15:10:50,424-mp_log-INFO-审核中
2019-01-15 15:10:50,821-mp_log-INFO-审核中
2019-01-15 15:10:51,149-mp_log-INFO-审核中
2019-01-15 15:10:51,411-mp_log-INFO-审核中
2019-01-15 15:10:51,751-mp_log-INFO-审核中
2019-01-15 15:10:51,993-mp_log-INFO-审核中
2019-01-15 15:10:52,391-mp_log-INFO-审核中
2019-01-15 15:10:52,602-mp_log-INFO-审核中
2019-01-15 15:10:53,421-mp_log-INFO-审核中
2019-01-15 15:10:53,594-mp_log-INFO-审核中
2019-01-15 15:10:53,893-mp_log-INFO-审核中
2019-01-15 15:10:54,140-mp_log-INFO-审核中
2019-01-15 15:10:54,476-mp_log-INFO-审核中
2019-01-15 15:10:54,714-mp_log-INFO-审核中
2019-01-15 15:10:54,944-mp_log-INFO-审核中
2019-01-15 15:10:55,332-mp_log-INFO-审核中
2019-01-15 15:10:55,614-mp_log-INFO-审核中
2019-01-15 15:10:56,104-mp_log-INFO-已审核
2019-01-15 15:10:56,296-mp_log-INFO-审核中
2019-01-15 15:10:56,579-mp_log-INFO-审核中
2019-01-15 15:10:56,910-mp_log-INFO-审核中
2019-01-15 15:10:57,186-mp_log-INFO-审核中
2019-01-15 15:10:57,524-mp_log-INFO-审核中
2019-01-15 15:10:57,762-mp_log-INFO-审核中
2019-01-15 15:10:58,118-mp_log-INFO-审核中
2019-01-15 15:10:58,333-mp_log-INFO-审核中
2019-01-15 15:10:58,717-mp_log-INFO-审核中
2019-01-15 15:10:59,055-mp_log-INFO-审核中
2019-01-15 15:10:59,440-mp_log-INFO-审核中
2019-01-15 15:10:59,629-mp_log-INFO-审核中
2019-01-15 15:11:00,208-mp_log-INFO-审核中
2019-01-15 15:11:00,550-mp_log-INFO-审核中
2019-01-15 15:11:00,803-mp_log-INFO-审核中
2019-01-15 15:11:01,420-mp_log-INFO-审核失败
2019-01-15 15:11:01,754-mp_log-INFO-审核中
2019-01-15 15:11:01,846-mp_log-INFO-审核中
2019-01-15 15:11:02,081-mp_log-INFO-审核中
2019-01-15 15:11:02,347-mp_log-INFO-审核中
2019-01-15 15:11:02,577-mp_log-INFO-审核中
2019-01-15 15:11:02,929-mp_log-INFO-审核中
2019-01-15 15:11:03,245-mp_log-INFO-审核中
2019-01-15 15:11:03,450-mp_log-INFO-审核中
2019-01-15 15:11:03,788-mp_log-INFO-审核中
2019-01-15 15:11:04,082-mp_log-INFO-审核中
2019-01-15 15:11:04,337-mp_log-INFO-审核中
2019-01-15 15:11:04,801-mp_log-INFO-审核中
2019-01-15 15:11:05,083-mp_log-INFO-审核中
2019-01-15 15:11:05,471-mp_log-INFO-审核中
2019-01-15 15:11:05,681-mp_log-INFO-审核中
2019-01-15 15:11:05,897-mp_log-INFO-审核中
2019-01-15 15:11:06,203-mp_log-INFO-审核中
2019-01-15 15:11:06,500-mp_log-INFO-审核中
2019-01-15 15:11:06,834-mp_log-INFO-审核中
2019-01-15 15:11:07,176-mp_log-INFO-审核中
2019-01-15 15:11:07,422-mp_log-INFO-审核中
2019-01-15 15:11:07,834-mp_log-INFO-审核中
2019-01-15 15:11:08,019-mp_log-INFO-审核中
2019-01-15 15:11:08,710-mp_log-INFO-审核中
2019-01-15 15:11:08,903-mp_log-INFO-审核中
2019-01-15 15:11:09,394-mp_log-INFO-审核中
2019-01-15 15:11:09,465-mp_log-INFO-审核中
2019-01-15 15:11:09,512-mp_log-INFO-审核中
2019-01-15 15:11:09,981-mp_log-INFO-审核中
2019-01-15 15:11:10,135-mp_log-INFO-审核中
2019-01-15 15:11:10,500-mp_log-INFO-审核中
2019-01-15 15:11:10,950-mp_log-INFO-审核中
2019-01-15 15:11:10,971-mp_log-INFO-审核中
2019-01-15 15:11:11,283-mp_log-INFO-审核中
2019-01-15 15:11:11,659-mp_log-INFO-审核中
2019-01-15 15:11:11,961-mp_log-INFO-审核中
2019-01-15 15:11:12,212-mp_log-INFO-审核中
2019-01-15 15:11:12,534-mp_log-INFO-审核中
2019-01-15 15:11:12,832-mp_log-INFO-审核中
2019-01-15 15:11:13,098-mp_log-INFO-审核中
2019-01-15 15:11:13,470-mp_log-INFO-审核中
2019-01-15 15:11:13,770-mp_log-INFO-审核中
2019-01-15 15:11:14,027-mp_log-INFO-审核中
2019-01-15 15:11:14,408-mp_log-INFO-审核中
2019-01-15 15:11:14,700-mp_log-INFO-审核中
2019-01-15 15:11:14,932-mp_log-INFO-审核中
2019-01-15 15:11:15,284-mp_log-INFO-审核中
2019-01-15 15:11:15,532-mp_log-INFO-审核中
2019-01-15 15:11:15,832-mp_log-INFO-审核中
2019-01-15 15:11:16,147-mp_log-INFO-审核中
2019-01-15 15:11:16,456-mp_log-INFO-审核中
2019-01-15 15:11:16,812-mp_log-INFO-审核中
2019-01-15 15:11:17,320-mp_log-INFO-审核中
2019-01-15 15:11:17,357-mp_log-INFO-审核中
2019-01-15 15:11:17,716-mp_log-INFO-审核中
2019-01-15 15:11:17,993-mp_log-INFO-审核中
2019-01-15 15:11:18,277-mp_log-INFO-审核中
2019-01-15 15:11:18,510-mp_log-INFO-审核中
2019-01-15 15:11:19,141-mp_log-INFO-审核中
2019-01-15 15:11:19,299-mp_log-INFO-审核中
2019-01-15 15:11:19,495-mp_log-INFO-审核中
2019-01-15 15:11:19,772-mp_log-INFO-审核中
2019-01-15 15:11:20,050-mp_log-INFO-审核中
2019-01-15 15:11:20,389-mp_log-INFO-审核中
2019-01-15 15:11:20,950-mp_log-INFO-审核中
2019-01-15 15:11:20,954-mp_log-INFO-审核中
2019-01-15 15:11:21,294-mp_log-INFO-已审核
2019-01-15 15:11:21,552-mp_log-INFO-审核中
2019-01-15 15:11:21,883-mp_log-INFO-审核中
2019-01-15 15:11:22,150-mp_log-INFO-审核中
2019-01-15 15:11:22,478-mp_log-INFO-审核中
2019-01-15 15:11:22,856-mp_log-INFO-审核中
2019-01-15 15:11:23,450-mp_log-INFO-审核中
2019-01-15 15:11:23,671-mp_log-INFO-审核中
2019-01-15 15:11:24,284-mp_log-INFO-审核中
2019-01-15 15:11:24,576-mp_log-INFO-审核中
2019-01-15 15:11:24,705-mp_log-INFO-审核中
2019-01-15 15:11:24,960-mp_log-INFO-审核中
2019-01-15 15:11:25,221-mp_log-INFO-审核中
2019-01-15 15:11:25,635-mp_log-INFO-审核中
2019-01-15 15:11:25,798-mp_log-INFO-审核中
