2019-01-17 09:30:10,086-Getlogin-ERROR-'token'
2019-01-17 09:30:10,089-mp_log-INFO-token获取成功......
2019-01-17 09:30:17,052-mp_log-INFO-获取所有小程序信息成功......
2019-01-17 09:30:17,620-mp_log-INFO-获取最新模板信息成功.......
2019-01-17 09:30:18,827-mp_log-INFO-审核失败
2019-01-17 09:30:19,010-mp_log-INFO-审核失败
2019-01-17 09:30:19,361-mp_log-INFO-已审核
2019-01-17 09:30:19,982-mp_log-INFO-审核失败
2019-01-17 09:30:20,541-mp_log-INFO-已审核
2019-01-17 09:30:20,836-mp_log-INFO-审核失败
2019-01-17 09:30:21,236-mp_log-INFO-审核失败
2019-01-17 09:30:21,542-mp_log-INFO-审核失败
2019-01-17 09:30:21,702-mp_log-INFO-审核失败
2019-01-17 09:30:22,085-mp_log-INFO-已审核
2019-01-17 09:30:22,272-mp_log-INFO-审核失败
2019-01-17 09:30:22,646-mp_log-INFO-已审核
2019-01-17 09:30:23,043-mp_log-INFO-审核失败
2019-01-17 09:30:23,374-mp_log-INFO-审核失败
2019-01-17 09:30:23,594-mp_log-INFO-审核失败
2019-01-17 09:30:23,925-mp_log-INFO-已审核
2019-01-17 09:30:24,156-mp_log-INFO-审核失败
2019-01-17 09:30:24,450-mp_log-INFO-已审核
2019-01-17 09:30:24,750-mp_log-INFO-审核失败
2019-01-17 09:30:25,063-mp_log-INFO-审核失败
2019-01-17 09:30:25,399-mp_log-INFO-已审核
2019-01-17 09:30:25,704-mp_log-INFO-审核失败
2019-01-17 09:30:25,877-mp_log-INFO-已审核
2019-01-17 09:30:26,614-mp_log-INFO-已审核
2019-01-17 09:30:26,870-mp_log-INFO-已审核
2019-01-17 09:30:27,208-mp_log-INFO-审核失败
2019-01-17 09:30:27,522-mp_log-INFO-已审核
2019-01-17 09:30:27,785-mp_log-INFO-已审核
2019-01-17 09:30:28,060-mp_log-INFO-审核失败
2019-01-17 09:30:28,335-mp_log-INFO-审核失败
2019-01-17 09:30:28,985-mp_log-INFO-审核失败
2019-01-17 09:30:29,018-mp_log-INFO-已审核
2019-01-17 09:30:29,334-mp_log-INFO-已审核
2019-01-17 09:30:29,650-mp_log-INFO-已审核
2019-01-17 09:30:29,855-mp_log-INFO-已审核
2019-01-17 09:30:30,219-mp_log-INFO-审核失败
2019-01-17 09:30:30,551-mp_log-INFO-已审核
2019-01-17 09:30:30,825-mp_log-INFO-审核失败
2019-01-17 09:30:31,077-mp_log-INFO-已审核
2019-01-17 09:30:31,398-mp_log-INFO-已审核
2019-01-17 09:30:31,691-mp_log-INFO-已审核
2019-01-17 09:30:32,026-mp_log-INFO-审核失败
2019-01-17 09:30:32,405-mp_log-INFO-审核失败
2019-01-17 09:30:32,663-mp_log-INFO-已审核
2019-01-17 09:30:32,889-mp_log-INFO-已审核
2019-01-17 09:30:33,218-mp_log-INFO-审核失败
2019-01-17 09:30:33,466-mp_log-INFO-已审核
2019-01-17 09:30:33,869-mp_log-INFO-审核失败
2019-01-17 09:30:34,237-mp_log-INFO-已审核
2019-01-17 09:30:34,478-mp_log-INFO-审核失败
2019-01-17 09:30:34,701-mp_log-INFO-已审核
2019-01-17 09:30:35,013-mp_log-INFO-审核失败
2019-01-17 09:30:35,359-mp_log-INFO-审核失败
2019-01-17 09:30:35,570-mp_log-INFO-已审核
2019-01-17 09:30:35,874-mp_log-INFO-已审核
2019-01-17 09:30:36,173-mp_log-INFO-已审核
2019-01-17 09:30:36,479-mp_log-INFO-审核失败
2019-01-17 09:30:36,809-mp_log-INFO-已审核
2019-01-17 09:30:37,151-mp_log-INFO-已审核
2019-01-17 09:30:37,482-mp_log-INFO-已审核
2019-01-17 09:30:37,665-mp_log-INFO-已审核
2019-01-17 09:30:38,084-mp_log-INFO-审核失败
2019-01-17 09:30:38,330-mp_log-INFO-已审核
2019-01-17 09:30:38,702-mp_log-INFO-已审核
2019-01-17 09:30:38,935-mp_log-INFO-已审核
2019-01-17 09:30:39,166-mp_log-INFO-已审核
2019-01-17 09:30:39,482-mp_log-INFO-审核失败
2019-01-17 09:30:39,785-mp_log-INFO-审核失败
2019-01-17 09:30:40,054-mp_log-INFO-审核失败
2019-01-17 09:30:40,473-mp_log-INFO-已审核
2019-01-17 09:30:40,826-mp_log-INFO-审核失败
2019-01-17 09:30:41,046-mp_log-INFO-审核失败
2019-01-17 09:30:41,261-mp_log-INFO-已审核
2019-01-17 09:30:41,917-mp_log-INFO-已审核
2019-01-17 09:30:41,976-mp_log-INFO-审核失败
2019-01-17 09:30:42,192-mp_log-INFO-审核失败
2019-01-17 09:30:42,538-mp_log-INFO-已审核
2019-01-17 09:30:43,051-mp_log-INFO-审核失败
2019-01-17 09:30:43,168-mp_log-INFO-已审核
2019-01-17 09:30:43,425-mp_log-INFO-审核失败
2019-01-17 09:30:43,747-mp_log-INFO-已审核
2019-01-17 09:30:43,981-mp_log-INFO-已审核
2019-01-17 09:30:44,306-mp_log-INFO-已审核
2019-01-17 09:30:44,716-mp_log-INFO-审核失败
2019-01-17 09:30:45,193-mp_log-INFO-审核失败
2019-01-17 09:30:45,350-mp_log-INFO-已审核
2019-01-17 09:30:45,880-mp_log-INFO-审核失败
2019-01-17 09:30:46,019-mp_log-INFO-已审核
2019-01-17 09:30:46,229-mp_log-INFO-已审核
2019-01-17 09:30:46,445-mp_log-INFO-审核失败
2019-01-17 09:30:46,984-mp_log-INFO-已审核
2019-01-17 09:30:47,053-mp_log-INFO-已审核
2019-01-17 09:30:47,378-mp_log-INFO-审核失败
2019-01-17 09:30:47,658-mp_log-INFO-审核失败
2019-01-17 09:30:47,939-mp_log-INFO-审核失败
2019-01-17 09:30:48,380-mp_log-INFO-审核失败
2019-01-17 09:30:48,685-mp_log-INFO-已审核
2019-01-17 09:30:49,103-mp_log-INFO-已审核
2019-01-17 09:30:49,141-mp_log-INFO-审核失败
2019-01-17 09:30:49,465-mp_log-INFO-已审核
2019-01-17 09:30:49,741-mp_log-INFO-已审核
2019-01-17 09:30:50,106-mp_log-INFO-审核失败
2019-01-17 09:30:50,461-mp_log-INFO-已审核
2019-01-17 09:30:50,642-mp_log-INFO-审核失败
2019-01-17 09:30:50,985-mp_log-INFO-审核失败
2019-01-17 09:30:51,324-mp_log-INFO-审核失败
2019-01-17 09:30:51,524-mp_log-INFO-已审核
2019-01-17 09:30:51,913-mp_log-INFO-审核失败
2019-01-17 09:30:52,184-mp_log-INFO-已审核
2019-01-17 09:30:52,740-mp_log-INFO-已审核
2019-01-17 09:30:53,040-mp_log-INFO-审核失败
2019-01-17 09:30:53,385-mp_log-INFO-已审核
2019-01-17 09:30:53,688-mp_log-INFO-已审核
2019-01-17 09:30:53,979-mp_log-INFO-已审核
2019-01-17 09:30:54,336-mp_log-INFO-已审核
2019-01-17 09:30:54,556-mp_log-INFO-审核失败
2019-01-17 09:30:54,928-mp_log-INFO-已审核
2019-01-17 09:30:55,178-mp_log-INFO-审核失败
2019-01-17 09:30:55,657-mp_log-INFO-已审核
2019-01-17 09:30:55,848-mp_log-INFO-审核失败
2019-01-17 09:30:56,128-mp_log-INFO-已审核
2019-01-17 09:30:56,407-mp_log-INFO-已审核
2019-01-17 09:30:56,845-mp_log-INFO-已审核
2019-01-17 09:30:57,051-mp_log-INFO-审核失败
2019-01-17 09:30:57,279-mp_log-INFO-已审核
2019-01-17 09:30:57,784-mp_log-INFO-已审核
2019-01-17 09:30:57,949-mp_log-INFO-已审核
2019-01-17 09:30:58,206-mp_log-INFO-已审核
2019-01-17 09:30:58,530-mp_log-INFO-已审核
2019-01-17 09:30:58,865-mp_log-INFO-已审核
2019-01-17 09:30:59,152-mp_log-INFO-已审核
2019-01-17 09:30:59,716-mp_log-INFO-已审核
2019-01-17 09:31:00,284-mp_log-INFO-审核失败
2019-01-17 09:31:00,548-mp_log-INFO-审核失败
2019-01-17 09:31:00,899-mp_log-INFO-审核失败
2019-01-17 09:31:00,986-mp_log-INFO-已审核
2019-01-17 09:31:01,225-mp_log-INFO-已审核
2019-01-17 09:31:01,410-mp_log-INFO-已审核
2019-01-17 09:31:01,764-mp_log-INFO-已审核
2019-01-17 09:31:02,155-mp_log-INFO-已审核
2019-01-17 09:31:02,495-mp_log-INFO-已审核
2019-01-17 09:31:02,684-mp_log-INFO-审核失败
2019-01-17 09:31:02,909-mp_log-INFO-已审核
2019-01-17 09:31:03,364-mp_log-INFO-审核失败
2019-01-17 09:31:03,575-mp_log-INFO-审核失败
2019-01-17 09:31:03,974-mp_log-INFO-审核失败
2019-01-17 09:31:04,274-mp_log-INFO-已审核
2019-01-17 09:31:04,780-mp_log-INFO-已审核
2019-01-17 09:31:04,911-mp_log-INFO-已审核
2019-01-17 09:31:05,159-mp_log-INFO-审核失败
2019-01-17 09:31:05,473-mp_log-INFO-审核失败
2019-01-17 09:31:05,990-mp_log-INFO-审核失败
2019-01-17 09:31:06,419-mp_log-INFO-审核失败
2019-01-17 09:31:06,597-mp_log-INFO-已审核
2019-01-17 09:31:06,694-mp_log-INFO-已审核
2019-01-17 09:31:06,944-mp_log-INFO-审核失败
2019-01-17 09:31:07,223-mp_log-INFO-审核失败
2019-01-17 09:31:07,525-mp_log-INFO-已审核
2019-01-17 09:31:07,859-mp_log-INFO-审核失败
2019-01-17 09:31:08,205-mp_log-INFO-审核失败
2019-01-17 09:31:08,699-mp_log-INFO-审核失败
2019-01-17 09:31:09,071-mp_log-INFO-已审核
2019-01-17 09:31:09,293-mp_log-INFO-已审核
2019-01-17 09:31:09,456-mp_log-INFO-已审核
2019-01-17 09:31:09,711-mp_log-INFO-已审核
2019-01-17 09:31:09,893-mp_log-INFO-审核失败
2019-01-17 09:31:10,208-mp_log-INFO-已审核
2019-01-17 09:31:10,552-mp_log-INFO-已审核
2019-01-17 09:31:10,992-mp_log-INFO-审核失败
2019-01-17 09:31:11,330-mp_log-INFO-审核失败
2019-01-17 09:31:11,438-mp_log-INFO-审核失败
2019-01-17 09:31:11,766-mp_log-INFO-审核失败
2019-01-17 09:31:12,096-mp_log-INFO-已审核
2019-01-17 09:31:12,336-mp_log-INFO-已审核
2019-01-17 09:31:12,574-mp_log-INFO-审核失败
2019-01-17 09:31:13,426-mp_log-INFO-审核失败
2019-01-17 09:31:13,521-mp_log-INFO-已审核
2019-01-17 09:31:13,858-mp_log-INFO-审核失败
2019-01-17 09:31:13,955-mp_log-INFO-审核失败
2019-01-17 09:31:14,337-mp_log-INFO-已审核
2019-01-17 09:31:14,477-mp_log-INFO-已审核
2019-01-17 09:31:14,711-mp_log-INFO-已审核
2019-01-17 09:31:15,082-mp_log-INFO-已审核
2019-01-17 09:31:15,384-mp_log-INFO-审核失败
2019-01-17 09:31:15,930-mp_log-INFO-审核失败
2019-01-17 09:31:16,243-mp_log-INFO-审核失败
2019-01-17 09:31:16,243-mp_log-INFO-审核失败
2019-01-17 09:31:16,584-mp_log-INFO-审核失败
2019-01-17 09:31:16,890-mp_log-INFO-已审核
2019-01-17 09:31:17,258-mp_log-INFO-已审核
2019-01-17 09:31:17,723-mp_log-INFO-已审核
2019-01-17 09:31:17,826-mp_log-INFO-已审核
2019-01-17 09:31:18,046-mp_log-INFO-已审核
2019-01-17 09:31:18,390-mp_log-INFO-审核失败
2019-01-17 09:31:18,644-mp_log-INFO-已审核
2019-01-17 09:31:18,929-mp_log-INFO-已审核
2019-01-17 09:31:19,324-mp_log-INFO-已审核
2019-01-17 09:31:19,570-mp_log-INFO-已审核
2019-01-17 09:31:19,936-mp_log-INFO-已审核
2019-01-17 09:31:20,179-mp_log-INFO-已审核
2019-01-17 09:31:20,496-mp_log-INFO-审核失败
2019-01-17 09:31:20,799-mp_log-INFO-已审核
2019-01-17 09:31:21,080-mp_log-INFO-已审核
2019-01-17 09:31:21,319-mp_log-INFO-已审核
2019-01-17 09:31:21,669-mp_log-INFO-已审核
2019-01-17 09:31:22,052-mp_log-INFO-已审核
2019-01-17 09:31:22,342-mp_log-INFO-审核失败
2019-01-17 09:31:22,938-mp_log-INFO-审核失败
2019-01-17 09:31:23,159-mp_log-INFO-已审核
2019-01-17 09:31:23,505-mp_log-INFO-审核失败
2019-01-17 09:31:23,837-mp_log-INFO-审核失败
2019-01-17 09:31:24,141-mp_log-INFO-审核失败
2019-01-17 09:31:24,471-mp_log-INFO-已审核
2019-01-17 09:31:24,670-mp_log-INFO-审核失败
2019-01-17 09:31:25,054-mp_log-INFO-已审核
2019-01-17 09:31:25,367-mp_log-INFO-审核失败
