2019-01-17 09:26:19,789-Getlogin-ERROR-'token'
2019-01-17 09:26:19,790-mp_log-INFO-token获取成功......
2019-01-17 09:26:27,536-mp_log-INFO-获取所有小程序信息成功......
2019-01-17 09:26:28,137-mp_log-INFO-获取最新模板信息成功.......
2019-01-17 09:26:29,320-mp_log-INFO-审核失败
2019-01-17 09:26:29,707-mp_log-INFO-审核失败
2019-01-17 09:26:29,992-mp_log-INFO-已审核
2019-01-17 09:26:30,607-mp_log-INFO-审核失败
2019-01-17 09:26:31,078-mp_log-INFO-已审核
2019-01-17 09:26:31,451-mp_log-INFO-审核失败
2019-01-17 09:26:31,786-mp_log-INFO-审核失败
2019-01-17 09:26:31,990-mp_log-INFO-审核失败
2019-01-17 09:26:32,317-mp_log-INFO-审核失败
2019-01-17 09:26:32,642-mp_log-INFO-已审核
2019-01-17 09:26:32,918-mp_log-INFO-审核失败
2019-01-17 09:26:33,176-mp_log-INFO-已审核
2019-01-17 09:26:33,529-mp_log-INFO-审核失败
2019-01-17 09:26:33,731-mp_log-INFO-审核失败
2019-01-17 09:26:34,160-mp_log-INFO-审核失败
2019-01-17 09:26:34,699-mp_log-INFO-已审核
2019-01-17 09:26:34,784-mp_log-INFO-审核失败
2019-01-17 09:26:35,069-mp_log-INFO-已审核
2019-01-17 09:26:35,250-mp_log-INFO-审核失败
2019-01-17 09:26:35,556-mp_log-INFO-审核失败
2019-01-17 09:26:35,994-mp_log-INFO-已审核
2019-01-17 09:26:36,316-mp_log-INFO-审核失败
2019-01-17 09:26:36,521-mp_log-INFO-已审核
2019-01-17 09:26:37,131-mp_log-INFO-已审核
2019-01-17 09:26:37,452-mp_log-INFO-已审核
2019-01-17 09:26:37,841-mp_log-INFO-审核失败
2019-01-17 09:26:38,059-mp_log-INFO-已审核
2019-01-17 09:26:38,301-mp_log-INFO-已审核
2019-01-17 09:26:38,689-mp_log-INFO-审核失败
2019-01-17 09:26:38,908-mp_log-INFO-审核失败
2019-01-17 09:26:39,274-mp_log-INFO-审核失败
2019-01-17 09:26:39,539-mp_log-INFO-已审核
2019-01-17 09:26:39,875-mp_log-INFO-已审核
2019-01-17 09:26:40,124-mp_log-INFO-已审核
2019-01-17 09:26:40,448-mp_log-INFO-已审核
2019-01-17 09:26:40,776-mp_log-INFO-审核失败
2019-01-17 09:26:41,095-mp_log-INFO-已审核
2019-01-17 09:26:41,315-mp_log-INFO-审核失败
2019-01-17 09:26:41,688-mp_log-INFO-已审核
2019-01-17 09:26:41,859-mp_log-INFO-已审核
2019-01-17 09:26:42,295-mp_log-INFO-已审核
2019-01-17 09:26:42,547-mp_log-INFO-审核失败
2019-01-17 09:26:42,822-mp_log-INFO-审核失败
2019-01-17 09:26:43,189-mp_log-INFO-已审核
2019-01-17 09:26:43,416-mp_log-INFO-已审核
2019-01-17 09:26:43,784-mp_log-INFO-审核失败
2019-01-17 09:26:44,036-mp_log-INFO-已审核
2019-01-17 09:26:44,424-mp_log-INFO-审核失败
2019-01-17 09:26:44,758-mp_log-INFO-已审核
2019-01-17 09:26:44,958-mp_log-INFO-审核失败
2019-01-17 09:26:45,305-mp_log-INFO-已审核
2019-01-17 09:26:45,482-mp_log-INFO-审核失败
2019-01-17 09:26:45,878-mp_log-INFO-审核失败
2019-01-17 09:26:46,417-mp_log-INFO-已审核
2019-01-17 09:26:46,424-mp_log-INFO-已审核
2019-01-17 09:26:46,759-mp_log-INFO-已审核
2019-01-17 09:26:47,074-mp_log-INFO-审核失败
2019-01-17 09:26:47,386-mp_log-INFO-已审核
2019-01-17 09:26:47,732-mp_log-INFO-已审核
2019-01-17 09:26:47,941-mp_log-INFO-已审核
2019-01-17 09:26:48,284-mp_log-INFO-已审核
2019-01-17 09:26:48,777-mp_log-INFO-审核失败
2019-01-17 09:26:48,868-mp_log-INFO-已审核
2019-01-17 09:26:49,165-mp_log-INFO-已审核
2019-01-17 09:26:49,539-mp_log-INFO-已审核
2019-01-17 09:26:49,751-mp_log-INFO-已审核
2019-01-17 09:26:50,015-mp_log-INFO-审核失败
2019-01-17 09:26:50,320-mp_log-INFO-审核失败
2019-01-17 09:26:50,631-mp_log-INFO-审核失败
2019-01-17 09:26:50,991-mp_log-INFO-已审核
2019-01-17 09:26:51,224-mp_log-INFO-审核失败
2019-01-17 09:26:51,552-mp_log-INFO-审核失败
2019-01-17 09:26:51,806-mp_log-INFO-已审核
2019-01-17 09:26:52,105-mp_log-INFO-已审核
2019-01-17 09:26:52,446-mp_log-INFO-审核失败
2019-01-17 09:26:53,046-mp_log-INFO-审核失败
2019-01-17 09:26:53,047-mp_log-INFO-已审核
2019-01-17 09:26:53,325-mp_log-INFO-审核失败
2019-01-17 09:26:53,670-mp_log-INFO-已审核
2019-01-17 09:26:53,993-mp_log-INFO-审核失败
2019-01-17 09:26:54,342-mp_log-INFO-已审核
2019-01-17 09:26:54,861-mp_log-INFO-已审核
2019-01-17 09:26:54,874-mp_log-INFO-已审核
2019-01-17 09:26:55,224-mp_log-INFO-审核失败
2019-01-17 09:26:55,556-mp_log-INFO-审核失败
2019-01-17 09:26:55,821-mp_log-INFO-已审核
2019-01-17 09:26:56,175-mp_log-INFO-已审核
2019-01-17 09:26:56,450-mp_log-INFO-审核失败
2019-01-17 09:26:56,754-mp_log-INFO-已审核
2019-01-17 09:26:57,045-mp_log-INFO-审核失败
2019-01-17 09:26:57,356-mp_log-INFO-已审核
2019-01-17 09:26:57,754-mp_log-INFO-已审核
2019-01-17 09:26:58,028-mp_log-INFO-审核失败
2019-01-17 09:26:58,356-mp_log-INFO-审核失败
2019-01-17 09:26:58,630-mp_log-INFO-审核失败
2019-01-17 09:26:58,804-mp_log-INFO-审核失败
2019-01-17 09:26:59,199-mp_log-INFO-已审核
2019-01-17 09:26:59,414-mp_log-INFO-已审核
2019-01-17 09:26:59,673-mp_log-INFO-审核失败
2019-01-17 09:27:00,047-mp_log-INFO-已审核
2019-01-17 09:27:00,300-mp_log-INFO-已审核
2019-01-17 09:27:00,589-mp_log-INFO-审核失败
2019-01-17 09:27:00,871-mp_log-INFO-已审核
2019-01-17 09:27:01,209-mp_log-INFO-审核失败
2019-01-17 09:27:01,541-mp_log-INFO-审核失败
2019-01-17 09:27:01,806-mp_log-INFO-审核失败
2019-01-17 09:27:02,194-mp_log-INFO-已审核
2019-01-17 09:27:02,633-mp_log-INFO-审核失败
2019-01-17 09:27:02,875-mp_log-INFO-已审核
2019-01-17 09:27:03,349-mp_log-INFO-已审核
2019-01-17 09:27:03,646-mp_log-INFO-审核失败
2019-01-17 09:27:03,911-mp_log-INFO-已审核
2019-01-17 09:27:04,341-mp_log-INFO-已审核
2019-01-17 09:27:04,560-mp_log-INFO-已审核
2019-01-17 09:27:05,163-mp_log-INFO-已审核
2019-01-17 09:27:05,164-mp_log-INFO-审核失败
2019-01-17 09:27:05,466-mp_log-INFO-已审核
2019-01-17 09:27:06,089-mp_log-INFO-已审核
2019-01-17 09:27:06,393-mp_log-INFO-审核失败
2019-01-17 09:27:06,709-mp_log-INFO-审核失败
2019-01-17 09:27:06,894-mp_log-INFO-已审核
2019-01-17 09:27:07,349-mp_log-INFO-已审核
2019-01-17 09:27:08,229-mp_log-INFO-已审核
2019-01-17 09:27:08,521-mp_log-INFO-已审核
2019-01-17 09:27:09,041-mp_log-INFO-已审核
2019-01-17 09:27:09,048-mp_log-INFO-已审核
2019-01-17 09:27:09,171-mp_log-INFO-已审核
2019-01-17 09:27:09,545-mp_log-INFO-已审核
2019-01-17 09:27:10,681-mp_log-INFO-已审核
2019-01-17 09:27:10,800-mp_log-INFO-已审核
2019-01-17 09:27:10,926-mp_log-INFO-已审核
2019-01-17 09:27:10,936-mp_log-INFO-审核失败
2019-01-17 09:27:11,653-mp_log-INFO-审核失败
2019-01-17 09:27:11,696-mp_log-INFO-已审核
2019-01-17 09:27:12,185-mp_log-INFO-已审核
2019-01-17 09:27:12,336-mp_log-INFO-审核失败
2019-01-17 09:27:12,520-mp_log-INFO-已审核
2019-01-17 09:27:12,872-mp_log-INFO-已审核
2019-01-17 09:27:12,894-mp_log-INFO-审核失败
2019-01-17 09:27:12,928-mp_log-INFO-已审核
2019-01-17 09:27:13,186-mp_log-INFO-已审核
2019-01-17 09:27:13,411-mp_log-INFO-审核失败
2019-01-17 09:27:13,716-mp_log-INFO-已审核
2019-01-17 09:27:14,090-mp_log-INFO-审核失败
2019-01-17 09:27:14,481-mp_log-INFO-审核失败
2019-01-17 09:27:14,703-mp_log-INFO-审核失败
2019-01-17 09:27:14,978-mp_log-INFO-已审核
2019-01-17 09:27:15,243-mp_log-INFO-已审核
2019-01-17 09:27:15,525-mp_log-INFO-已审核
2019-01-17 09:27:15,799-mp_log-INFO-审核失败
2019-01-17 09:27:16,093-mp_log-INFO-审核失败
2019-01-17 09:27:16,475-mp_log-INFO-已审核
2019-01-17 09:27:16,731-mp_log-INFO-审核失败
2019-01-17 09:27:17,102-mp_log-INFO-审核失败
2019-01-17 09:27:17,373-mp_log-INFO-已审核
2019-01-17 09:27:17,588-mp_log-INFO-审核失败
2019-01-17 09:27:17,958-mp_log-INFO-审核失败
2019-01-17 09:27:18,178-mp_log-INFO-已审核
2019-01-17 09:27:18,568-mp_log-INFO-审核失败
2019-01-17 09:27:18,852-mp_log-INFO-审核失败
2019-01-17 09:27:19,132-mp_log-INFO-已审核
2019-01-17 09:27:19,432-mp_log-INFO-审核失败
2019-01-17 09:27:19,756-mp_log-INFO-已审核
2019-01-17 09:27:20,016-mp_log-INFO-已审核
2019-01-17 09:27:20,351-mp_log-INFO-已审核
2019-01-17 09:27:20,706-mp_log-INFO-审核失败
2019-01-17 09:27:21,045-mp_log-INFO-已审核
2019-01-17 09:27:21,229-mp_log-INFO-已审核
2019-01-17 09:27:21,551-mp_log-INFO-审核失败
2019-01-17 09:27:21,899-mp_log-INFO-审核失败
2019-01-17 09:27:22,234-mp_log-INFO-审核失败
2019-01-17 09:27:22,493-mp_log-INFO-审核失败
2019-01-17 09:27:22,779-mp_log-INFO-已审核
2019-01-17 09:27:23,057-mp_log-INFO-已审核
2019-01-17 09:27:23,325-mp_log-INFO-审核失败
2019-01-17 09:27:23,640-mp_log-INFO-审核失败
2019-01-17 09:27:23,974-mp_log-INFO-审核失败
2019-01-17 09:27:24,337-mp_log-INFO-已审核
2019-01-17 09:27:24,562-mp_log-INFO-审核失败
2019-01-17 09:27:24,874-mp_log-INFO-已审核
2019-01-17 09:27:25,239-mp_log-INFO-已审核
2019-01-17 09:27:25,515-mp_log-INFO-已审核
2019-01-17 09:27:25,830-mp_log-INFO-已审核
2019-01-17 09:27:26,157-mp_log-INFO-审核失败
2019-01-17 09:27:26,393-mp_log-INFO-审核失败
2019-01-17 09:27:26,751-mp_log-INFO-审核失败
2019-01-17 09:27:26,987-mp_log-INFO-审核失败
2019-01-17 09:27:27,314-mp_log-INFO-审核失败
2019-01-17 09:27:27,853-mp_log-INFO-已审核
2019-01-17 09:27:28,195-mp_log-INFO-已审核
2019-01-17 09:27:28,485-mp_log-INFO-已审核
2019-01-17 09:27:28,564-mp_log-INFO-已审核
2019-01-17 09:27:28,755-mp_log-INFO-已审核
2019-01-17 09:27:29,064-mp_log-INFO-审核失败
2019-01-17 09:27:29,650-mp_log-INFO-已审核
2019-01-17 09:27:29,671-mp_log-INFO-已审核
2019-01-17 09:27:29,982-mp_log-INFO-已审核
2019-01-17 09:27:30,370-mp_log-INFO-已审核
2019-01-17 09:27:30,648-mp_log-INFO-已审核
2019-01-17 09:27:31,045-mp_log-INFO-已审核
2019-01-17 09:27:31,201-mp_log-INFO-审核失败
2019-01-17 09:27:31,549-mp_log-INFO-已审核
2019-01-17 09:27:31,812-mp_log-INFO-已审核
2019-01-17 09:27:32,151-mp_log-INFO-已审核
2019-01-17 09:27:32,375-mp_log-INFO-已审核
2019-01-17 09:27:32,793-mp_log-INFO-已审核
2019-01-17 09:27:33,193-mp_log-INFO-审核失败
2019-01-17 09:27:33,616-mp_log-INFO-审核失败
2019-01-17 09:27:33,837-mp_log-INFO-已审核
2019-01-17 09:27:34,230-mp_log-INFO-审核失败
2019-01-17 09:27:34,615-mp_log-INFO-审核失败
2019-01-17 09:27:34,896-mp_log-INFO-审核失败
2019-01-17 09:27:35,163-mp_log-INFO-已审核
2019-01-17 09:27:35,374-mp_log-INFO-审核失败
2019-01-17 09:27:35,742-mp_log-INFO-已审核
2019-01-17 09:27:35,991-mp_log-INFO-审核失败
