2019-01-17 09:31:46,508-Getlogin-ERROR-'token'
2019-01-17 09:31:46,510-mp_log-INFO-token获取成功......
2019-01-17 09:31:53,517-mp_log-INFO-获取所有小程序信息成功......
2019-01-17 09:31:54,038-mp_log-INFO-获取最新模板信息成功.......
2019-01-17 09:31:55,164-mp_log-INFO-审核失败
2019-01-17 09:31:55,736-mp_log-INFO-审核失败
2019-01-17 09:31:55,889-mp_log-INFO-已审核
2019-01-17 09:31:56,477-mp_log-INFO-审核失败
2019-01-17 09:31:57,050-mp_log-INFO-已审核
2019-01-17 09:31:57,298-mp_log-INFO-审核失败
2019-01-17 09:31:57,955-mp_log-INFO-审核失败
2019-01-17 09:31:58,150-mp_log-INFO-审核失败
2019-01-17 09:31:58,188-mp_log-INFO-审核失败
2019-01-17 09:31:58,519-mp_log-INFO-已审核
2019-01-17 09:31:58,754-mp_log-INFO-审核失败
2019-01-17 09:31:59,184-mp_log-INFO-已审核
2019-01-17 09:31:59,442-mp_log-INFO-审核失败
2019-01-17 09:31:59,688-mp_log-INFO-审核失败
2019-01-17 09:31:59,943-mp_log-INFO-审核失败
2019-01-17 09:32:00,246-mp_log-INFO-已审核
2019-01-17 09:32:00,602-mp_log-INFO-审核失败
2019-01-17 09:32:00,999-mp_log-INFO-已审核
2019-01-17 09:32:01,150-mp_log-INFO-审核失败
2019-01-17 09:32:01,571-mp_log-INFO-审核失败
2019-01-17 09:32:01,820-mp_log-INFO-已审核
2019-01-17 09:32:02,181-mp_log-INFO-审核失败
2019-01-17 09:32:02,396-mp_log-INFO-已审核
2019-01-17 09:32:02,999-mp_log-INFO-已审核
2019-01-17 09:32:03,293-mp_log-INFO-已审核
2019-01-17 09:32:03,576-mp_log-INFO-审核失败
2019-01-17 09:32:03,841-mp_log-INFO-已审核
2019-01-17 09:32:04,233-mp_log-INFO-已审核
2019-01-17 09:32:04,597-mp_log-INFO-审核失败
2019-01-17 09:32:04,795-mp_log-INFO-审核失败
2019-01-17 09:32:05,132-mp_log-INFO-审核失败
2019-01-17 09:32:05,486-mp_log-INFO-已审核
2019-01-17 09:32:05,717-mp_log-INFO-已审核
2019-01-17 09:32:06,187-mp_log-INFO-已审核
2019-01-17 09:32:06,345-mp_log-INFO-已审核
2019-01-17 09:32:06,686-mp_log-INFO-审核失败
2019-01-17 09:32:07,018-mp_log-INFO-已审核
2019-01-17 09:32:07,223-mp_log-INFO-审核失败
2019-01-17 09:32:07,548-mp_log-INFO-已审核
2019-01-17 09:32:07,789-mp_log-INFO-已审核
2019-01-17 09:32:08,099-mp_log-INFO-已审核
2019-01-17 09:32:08,418-mp_log-INFO-审核失败
2019-01-17 09:32:08,715-mp_log-INFO-审核失败
2019-01-17 09:32:08,988-mp_log-INFO-已审核
2019-01-17 09:32:09,366-mp_log-INFO-已审核
2019-01-17 09:32:09,602-mp_log-INFO-审核失败
2019-01-17 09:32:09,998-mp_log-INFO-已审核
2019-01-17 09:32:10,270-mp_log-INFO-审核失败
2019-01-17 09:32:10,479-mp_log-INFO-已审核
2019-01-17 09:32:10,862-mp_log-INFO-审核失败
2019-01-17 09:32:11,127-mp_log-INFO-已审核
2019-01-17 09:32:11,446-mp_log-INFO-审核失败
2019-01-17 09:32:11,853-mp_log-INFO-审核失败
2019-01-17 09:32:12,087-mp_log-INFO-已审核
2019-01-17 09:32:12,299-mp_log-INFO-已审核
2019-01-17 09:32:12,608-mp_log-INFO-已审核
2019-01-17 09:32:12,971-mp_log-INFO-审核失败
2019-01-17 09:32:13,210-mp_log-INFO-已审核
2019-01-17 09:32:13,559-mp_log-INFO-已审核
2019-01-17 09:32:13,796-mp_log-INFO-已审核
2019-01-17 09:32:14,136-mp_log-INFO-已审核
2019-01-17 09:32:14,456-mp_log-INFO-审核失败
2019-01-17 09:32:14,672-mp_log-INFO-已审核
2019-01-17 09:32:15,002-mp_log-INFO-已审核
2019-01-17 09:32:15,330-mp_log-INFO-已审核
2019-01-17 09:32:15,626-mp_log-INFO-已审核
2019-01-17 09:32:15,997-mp_log-INFO-审核失败
2019-01-17 09:32:16,288-mp_log-INFO-审核失败
2019-01-17 09:32:16,527-mp_log-INFO-审核失败
2019-01-17 09:32:17,131-mp_log-INFO-已审核
2019-01-17 09:32:17,163-mp_log-INFO-审核失败
2019-01-17 09:32:17,457-mp_log-INFO-审核失败
2019-01-17 09:32:17,770-mp_log-INFO-已审核
2019-01-17 09:32:18,020-mp_log-INFO-已审核
2019-01-17 09:32:18,364-mp_log-INFO-审核失败
2019-01-17 09:32:18,722-mp_log-INFO-审核失败
2019-01-17 09:32:18,966-mp_log-INFO-已审核
2019-01-17 09:32:19,299-mp_log-INFO-审核失败
2019-01-17 09:32:19,607-mp_log-INFO-已审核
2019-01-17 09:32:19,895-mp_log-INFO-审核失败
2019-01-17 09:32:20,113-mp_log-INFO-已审核
2019-01-17 09:32:20,450-mp_log-INFO-已审核
2019-01-17 09:32:20,747-mp_log-INFO-已审核
2019-01-17 09:32:21,112-mp_log-INFO-审核失败
2019-01-17 09:32:21,383-mp_log-INFO-审核失败
2019-01-17 09:32:21,977-mp_log-INFO-已审核
2019-01-17 09:32:22,259-mp_log-INFO-审核失败
2019-01-17 09:32:22,605-mp_log-INFO-已审核
2019-01-17 09:32:22,653-mp_log-INFO-已审核
2019-01-17 09:32:22,911-mp_log-INFO-审核失败
2019-01-17 09:32:23,165-mp_log-INFO-已审核
2019-01-17 09:32:23,439-mp_log-INFO-已审核
2019-01-17 09:32:23,779-mp_log-INFO-审核失败
2019-01-17 09:32:24,024-mp_log-INFO-审核失败
2019-01-17 09:32:24,440-mp_log-INFO-审核失败
2019-01-17 09:32:24,693-mp_log-INFO-审核失败
2019-01-17 09:32:25,049-mp_log-INFO-已审核
2019-01-17 09:32:25,546-mp_log-INFO-审核失败
2019-01-17 09:32:25,669-mp_log-INFO-已审核
2019-01-17 09:32:25,854-mp_log-INFO-已审核
2019-01-17 09:32:26,213-mp_log-INFO-已审核
2019-01-17 09:32:26,544-mp_log-INFO-审核失败
2019-01-17 09:32:26,768-mp_log-INFO-已审核
2019-01-17 09:32:27,103-mp_log-INFO-审核失败
2019-01-17 09:32:27,398-mp_log-INFO-审核失败
2019-01-17 09:32:28,030-mp_log-INFO-已审核
2019-01-17 09:32:28,577-mp_log-INFO-已审核
2019-01-17 09:32:28,708-mp_log-INFO-审核失败
2019-01-17 09:32:29,218-mp_log-INFO-已审核
2019-01-17 09:32:29,296-mp_log-INFO-审核失败
2019-01-17 09:32:29,434-mp_log-INFO-审核失败
2019-01-17 09:32:29,801-mp_log-INFO-已审核
2019-01-17 09:32:30,085-mp_log-INFO-已审核
2019-01-17 09:32:30,362-mp_log-INFO-已审核
2019-01-17 09:32:30,905-mp_log-INFO-已审核
2019-01-17 09:32:30,936-mp_log-INFO-审核失败
2019-01-17 09:32:31,344-mp_log-INFO-已审核
2019-01-17 09:32:31,753-mp_log-INFO-审核失败
2019-01-17 09:32:31,848-mp_log-INFO-已审核
2019-01-17 09:32:32,529-mp_log-INFO-已审核
2019-01-17 09:32:32,827-mp_log-INFO-已审核
2019-01-17 09:32:33,214-mp_log-INFO-审核失败
2019-01-17 09:32:33,291-mp_log-INFO-已审核
2019-01-17 09:32:33,416-mp_log-INFO-审核失败
2019-01-17 09:32:33,799-mp_log-INFO-已审核
2019-01-17 09:32:34,004-mp_log-INFO-已审核
2019-01-17 09:32:34,561-mp_log-INFO-已审核
2019-01-17 09:32:35,233-mp_log-INFO-已审核
2019-01-17 09:32:35,333-mp_log-INFO-已审核
2019-01-17 09:32:35,496-mp_log-INFO-已审核
2019-01-17 09:32:35,942-mp_log-INFO-已审核
2019-01-17 09:32:36,077-mp_log-INFO-已审核
2019-01-17 09:32:36,399-mp_log-INFO-已审核
2019-01-17 09:32:36,688-mp_log-INFO-审核失败
2019-01-17 09:32:36,976-mp_log-INFO-审核失败
2019-01-17 09:32:37,255-mp_log-INFO-审核失败
2019-01-17 09:32:37,599-mp_log-INFO-已审核
2019-01-17 09:32:37,863-mp_log-INFO-已审核
2019-01-17 09:32:38,201-mp_log-INFO-已审核
2019-01-17 09:32:38,484-mp_log-INFO-已审核
2019-01-17 09:32:38,893-mp_log-INFO-已审核
2019-01-17 09:32:39,126-mp_log-INFO-审核失败
2019-01-17 09:32:39,474-mp_log-INFO-已审核
2019-01-17 09:32:39,807-mp_log-INFO-审核失败
2019-01-17 09:32:40,033-mp_log-INFO-审核失败
2019-01-17 09:32:40,323-mp_log-INFO-审核失败
2019-01-17 09:32:40,711-mp_log-INFO-已审核
2019-01-17 09:32:40,973-mp_log-INFO-已审核
2019-01-17 09:32:41,269-mp_log-INFO-已审核
2019-01-17 09:32:41,552-mp_log-INFO-审核失败
2019-01-17 09:32:41,860-mp_log-INFO-审核失败
2019-01-17 09:32:42,064-mp_log-INFO-已审核
2019-01-17 09:32:42,703-mp_log-INFO-审核失败
2019-01-17 09:32:42,733-mp_log-INFO-审核失败
2019-01-17 09:32:43,112-mp_log-INFO-已审核
2019-01-17 09:32:43,548-mp_log-INFO-审核失败
2019-01-17 09:32:43,876-mp_log-INFO-已审核
2019-01-17 09:32:44,269-mp_log-INFO-审核失败
2019-01-17 09:32:44,534-mp_log-INFO-审核失败
2019-01-17 09:32:44,593-mp_log-INFO-审核失败
2019-01-17 09:32:44,803-mp_log-INFO-已审核
2019-01-17 09:32:45,114-mp_log-INFO-审核失败
2019-01-17 09:32:45,436-mp_log-INFO-已审核
2019-01-17 09:32:46,059-mp_log-INFO-已审核
2019-01-17 09:32:46,357-mp_log-INFO-审核失败
2019-01-17 09:32:46,635-mp_log-INFO-已审核
2019-01-17 09:32:46,752-mp_log-INFO-已审核
2019-01-17 09:32:46,955-mp_log-INFO-已审核
2019-01-17 09:32:47,214-mp_log-INFO-审核失败
2019-01-17 09:32:47,548-mp_log-INFO-审核失败
2019-01-17 09:32:47,779-mp_log-INFO-审核失败
2019-01-17 09:32:48,115-mp_log-INFO-审核失败
2019-01-17 09:32:48,496-mp_log-INFO-已审核
2019-01-17 09:32:48,793-mp_log-INFO-已审核
2019-01-17 09:32:49,331-mp_log-INFO-审核失败
2019-01-17 09:32:49,380-mp_log-INFO-审核失败
2019-01-17 09:32:49,624-mp_log-INFO-审核失败
2019-01-17 09:32:50,234-mp_log-INFO-已审核
2019-01-17 09:32:50,247-mp_log-INFO-审核失败
2019-01-17 09:32:50,551-mp_log-INFO-已审核
2019-01-17 09:32:51,091-mp_log-INFO-已审核
2019-01-17 09:32:51,192-mp_log-INFO-已审核
2019-01-17 09:32:51,440-mp_log-INFO-已审核
2019-01-17 09:32:51,751-mp_log-INFO-审核失败
2019-01-17 09:32:52,138-mp_log-INFO-审核失败
2019-01-17 09:32:52,420-mp_log-INFO-审核失败
2019-01-17 09:32:52,642-mp_log-INFO-审核失败
2019-01-17 09:32:52,961-mp_log-INFO-审核失败
2019-01-17 09:32:53,244-mp_log-INFO-已审核
2019-01-17 09:32:53,591-mp_log-INFO-已审核
2019-01-17 09:32:53,896-mp_log-INFO-已审核
2019-01-17 09:32:54,179-mp_log-INFO-已审核
2019-01-17 09:32:54,381-mp_log-INFO-已审核
2019-01-17 09:32:54,769-mp_log-INFO-审核失败
2019-01-17 09:32:55,149-mp_log-INFO-已审核
2019-01-17 09:32:55,437-mp_log-INFO-已审核
2019-01-17 09:32:55,859-mp_log-INFO-已审核
2019-01-17 09:32:56,144-mp_log-INFO-已审核
2019-01-17 09:32:56,336-mp_log-INFO-已审核
2019-01-17 09:32:56,645-mp_log-INFO-已审核
2019-01-17 09:32:56,893-mp_log-INFO-审核失败
2019-01-17 09:32:57,381-mp_log-INFO-已审核
2019-01-17 09:32:57,534-mp_log-INFO-已审核
2019-01-17 09:32:57,917-mp_log-INFO-已审核
2019-01-17 09:32:58,145-mp_log-INFO-已审核
2019-01-17 09:32:58,566-mp_log-INFO-已审核
2019-01-17 09:32:58,703-mp_log-INFO-审核失败
2019-01-17 09:32:59,356-mp_log-INFO-审核失败
2019-01-17 09:32:59,571-mp_log-INFO-已审核
2019-01-17 09:33:00,205-mp_log-INFO-审核失败
2019-01-17 09:33:00,233-mp_log-INFO-审核失败
2019-01-17 09:33:00,485-mp_log-INFO-审核失败
2019-01-17 09:33:00,836-mp_log-INFO-已审核
2019-01-17 09:33:01,079-mp_log-INFO-审核失败
2019-01-17 09:33:01,492-mp_log-INFO-已审核
2019-01-17 09:33:01,695-mp_log-INFO-审核失败
