2019-01-15 11:17:19,964-Getlogin-ERROR-'token'
2019-01-15 11:17:19,968-mp_log-INFO-token获取成功......
2019-01-15 11:17:27,874-mp_log-INFO-获取所有小程序信息成功......
2019-01-15 11:17:28,496-mp_log-INFO-获取最新模板信息成功.......
2019-01-15 11:17:30,099-mp_log-INFO-审核失败
2019-01-15 11:17:30,291-mp_log-INFO-已审核
2019-01-15 11:17:31,007-mp_log-INFO-已审核
2019-01-15 11:17:31,505-mp_log-INFO-已审核
2019-01-15 11:17:31,693-mp_log-INFO-已审核
2019-01-15 11:17:31,820-mp_log-INFO-审核失败
2019-01-15 11:17:32,231-mp_log-INFO-审核失败
2019-01-15 11:17:32,542-mp_log-INFO-已审核
2019-01-15 11:17:32,708-mp_log-INFO-已审核
2019-01-15 11:17:32,987-mp_log-INFO-审核失败
2019-01-15 11:17:33,607-mp_log-INFO-已审核
2019-01-15 11:17:33,958-mp_log-INFO-已审核
2019-01-15 11:17:34,241-mp_log-INFO-审核失败
2019-01-15 11:17:34,498-mp_log-INFO-审核失败
2019-01-15 11:17:34,502-mp_log-INFO-审核失败
2019-01-15 11:17:34,779-mp_log-INFO-已审核
2019-01-15 11:17:35,114-mp_log-INFO-审核失败
2019-01-15 11:17:35,392-mp_log-INFO-审核失败
2019-01-15 11:17:35,639-mp_log-INFO-审核失败
2019-01-15 11:17:36,255-mp_log-INFO-已审核
2019-01-15 11:17:36,299-mp_log-INFO-已审核
2019-01-15 11:17:36,718-mp_log-INFO-已审核
2019-01-15 11:17:36,938-mp_log-INFO-已审核
2019-01-15 11:17:37,524-mp_log-INFO-已审核
2019-01-15 11:17:37,861-mp_log-INFO-已审核
2019-01-15 11:17:38,066-mp_log-INFO-审核失败
2019-01-15 11:17:38,374-mp_log-INFO-已审核
2019-01-15 11:17:38,807-mp_log-INFO-已审核
2019-01-15 11:17:39,227-mp_log-INFO-已审核
2019-01-15 11:17:39,331-mp_log-INFO-已审核
2019-01-15 11:17:39,725-mp_log-INFO-审核失败
2019-01-15 11:17:39,931-mp_log-INFO-已审核
2019-01-15 11:17:40,340-mp_log-INFO-已审核
2019-01-15 11:17:40,470-mp_log-INFO-审核失败
2019-01-15 11:17:40,822-mp_log-INFO-已审核
2019-01-15 11:17:41,133-mp_log-INFO-审核失败
2019-01-15 11:17:41,414-mp_log-INFO-已审核
2019-01-15 11:17:41,691-mp_log-INFO-已审核
2019-01-15 11:17:41,957-mp_log-INFO-已审核
2019-01-15 11:17:42,325-mp_log-INFO-已审核
2019-01-15 11:17:42,630-mp_log-INFO-已审核
2019-01-15 11:17:42,839-mp_log-INFO-已审核
2019-01-15 11:17:43,167-mp_log-INFO-已审核
2019-01-15 11:17:43,514-mp_log-INFO-已审核
2019-01-15 11:17:43,810-mp_log-INFO-已审核
2019-01-15 11:17:44,065-mp_log-INFO-审核失败
2019-01-15 11:17:44,388-mp_log-INFO-已审核
2019-01-15 11:17:44,832-mp_log-INFO-已审核
2019-01-15 11:17:44,986-mp_log-INFO-已审核
2019-01-15 11:17:45,326-mp_log-INFO-审核失败
2019-01-15 11:17:45,624-mp_log-INFO-审核失败
2019-01-15 11:17:45,930-mp_log-INFO-审核失败
2019-01-15 11:17:46,295-mp_log-INFO-审核失败
2019-01-15 11:17:46,473-mp_log-INFO-已审核
2019-01-15 11:17:46,806-mp_log-INFO-已审核
2019-01-15 11:17:47,096-mp_log-INFO-已审核
2019-01-15 11:17:47,389-mp_log-INFO-已审核
2019-01-15 11:17:47,719-mp_log-INFO-已审核
2019-01-15 11:17:47,962-mp_log-INFO-已审核
2019-01-15 11:17:48,248-mp_log-INFO-已审核
2019-01-15 11:17:48,609-mp_log-INFO-已审核
2019-01-15 11:17:48,912-mp_log-INFO-已审核
2019-01-15 11:17:49,245-mp_log-INFO-已审核
2019-01-15 11:17:49,555-mp_log-INFO-审核失败
2019-01-15 11:17:49,827-mp_log-INFO-已审核
2019-01-15 11:17:50,095-mp_log-INFO-审核失败
2019-01-15 11:17:50,469-mp_log-INFO-已审核
2019-01-15 11:17:50,703-mp_log-INFO-已审核
2019-01-15 11:17:51,039-mp_log-INFO-审核失败
2019-01-15 11:17:51,292-mp_log-INFO-审核失败
2019-01-15 11:17:51,658-mp_log-INFO-审核失败
2019-01-15 11:17:51,887-mp_log-INFO-已审核
2019-01-15 11:17:52,323-mp_log-INFO-已审核
2019-01-15 11:17:52,485-mp_log-INFO-已审核
2019-01-15 11:17:52,795-mp_log-INFO-已审核
2019-01-15 11:17:53,326-mp_log-INFO-审核失败
2019-01-15 11:17:53,376-mp_log-INFO-已审核
2019-01-15 11:17:53,896-mp_log-INFO-审核失败
2019-01-15 11:17:54,024-mp_log-INFO-已审核
2019-01-15 11:17:54,242-mp_log-INFO-已审核
2019-01-15 11:17:54,606-mp_log-INFO-已审核
2019-01-15 11:17:55,156-mp_log-INFO-已审核
2019-01-15 11:17:55,288-mp_log-INFO-已审核
2019-01-15 11:17:55,611-mp_log-INFO-已审核
2019-01-15 11:17:55,974-mp_log-INFO-已审核
2019-01-15 11:17:56,156-mp_log-INFO-已审核
2019-01-15 11:17:56,522-mp_log-INFO-已审核
2019-01-15 11:17:56,742-mp_log-INFO-已审核
2019-01-15 11:17:57,081-mp_log-INFO-已审核
2019-01-15 11:17:57,356-mp_log-INFO-审核失败
2019-01-15 11:17:57,547-mp_log-INFO-已审核
2019-01-15 11:17:57,972-mp_log-INFO-已审核
2019-01-15 11:17:58,346-mp_log-INFO-已审核
2019-01-15 11:17:58,569-mp_log-INFO-审核失败
2019-01-15 11:17:59,036-mp_log-INFO-已审核
2019-01-15 11:17:59,272-mp_log-INFO-审核失败
2019-01-15 11:17:59,593-mp_log-INFO-已审核
2019-01-15 11:17:59,878-mp_log-INFO-已审核
2019-01-15 11:18:00,150-mp_log-INFO-审核失败
2019-01-15 11:18:00,388-mp_log-INFO-已审核
2019-01-15 11:18:00,739-mp_log-INFO-审核失败
2019-01-15 11:18:00,999-mp_log-INFO-审核失败
2019-01-15 11:18:01,374-mp_log-INFO-已审核
2019-01-15 11:18:01,646-mp_log-INFO-已审核
2019-01-15 11:18:01,960-mp_log-INFO-已审核
2019-01-15 11:18:02,214-mp_log-INFO-已审核
2019-01-15 11:18:02,538-mp_log-INFO-审核失败
2019-01-15 11:18:02,825-mp_log-INFO-已审核
2019-01-15 11:18:03,076-mp_log-INFO-已审核
2019-01-15 11:18:03,647-mp_log-INFO-已审核
2019-01-15 11:18:04,004-mp_log-INFO-已审核
2019-01-15 11:18:04,301-mp_log-INFO-已审核
2019-01-15 11:18:04,562-mp_log-INFO-审核失败
2019-01-15 11:18:04,851-mp_log-INFO-已审核
2019-01-15 11:18:05,164-mp_log-INFO-已审核
2019-01-15 11:18:05,462-mp_log-INFO-已审核
2019-01-15 11:18:06,053-mp_log-INFO-已审核
2019-01-15 11:18:06,484-mp_log-INFO-已审核
2019-01-15 11:18:06,557-mp_log-INFO-已审核
2019-01-15 11:18:06,634-mp_log-INFO-已审核
2019-01-15 11:18:06,940-mp_log-INFO-已审核
2019-01-15 11:18:07,253-mp_log-INFO-已审核
2019-01-15 11:18:07,572-mp_log-INFO-已审核
2019-01-15 11:18:07,881-mp_log-INFO-已审核
2019-01-15 11:18:08,137-mp_log-INFO-已审核
2019-01-15 11:18:08,446-mp_log-INFO-已审核
2019-01-15 11:18:08,757-mp_log-INFO-已审核
2019-01-15 11:18:09,122-mp_log-INFO-已审核
2019-01-15 11:18:09,450-mp_log-INFO-已审核
2019-01-15 11:18:09,739-mp_log-INFO-已审核
2019-01-15 11:18:09,834-mp_log-INFO-已审核
2019-01-15 11:18:10,595-mp_log-INFO-审核失败
2019-01-15 11:18:10,963-mp_log-INFO-已审核
2019-01-15 11:18:11,392-mp_log-INFO-审核失败
2019-01-15 11:18:11,549-mp_log-INFO-审核失败
2019-01-15 11:18:11,781-mp_log-INFO-审核失败
2019-01-15 11:18:12,142-mp_log-INFO-审核失败
2019-01-15 11:18:12,588-mp_log-INFO-已审核
2019-01-15 11:18:12,658-mp_log-INFO-审核失败
2019-01-15 11:18:12,975-mp_log-INFO-已审核
2019-01-15 11:18:13,313-mp_log-INFO-已审核
2019-01-15 11:18:13,650-mp_log-INFO-已审核
2019-01-15 11:18:13,851-mp_log-INFO-已审核
2019-01-15 11:18:14,277-mp_log-INFO-已审核
2019-01-15 11:18:14,547-mp_log-INFO-已审核
2019-01-15 11:18:14,897-mp_log-INFO-审核失败
2019-01-15 11:18:15,268-mp_log-INFO-审核失败
2019-01-15 11:18:15,395-mp_log-INFO-已审核
2019-01-15 11:18:15,767-mp_log-INFO-已审核
2019-01-15 11:18:16,042-mp_log-INFO-已审核
2019-01-15 11:18:16,323-mp_log-INFO-审核失败
2019-01-15 11:18:16,621-mp_log-INFO-已审核
2019-01-15 11:18:16,899-mp_log-INFO-审核失败
2019-01-15 11:18:17,257-mp_log-INFO-已审核
2019-01-15 11:18:17,632-mp_log-INFO-已审核
2019-01-15 11:18:17,775-mp_log-INFO-已审核
2019-01-15 11:18:18,148-mp_log-INFO-审核失败
2019-01-15 11:18:18,377-mp_log-INFO-已审核
2019-01-15 11:18:19,037-mp_log-INFO-已审核
2019-01-15 11:18:19,075-mp_log-INFO-已审核
2019-01-15 11:18:19,466-mp_log-INFO-已审核
2019-01-15 11:18:19,879-mp_log-INFO-审核失败
2019-01-15 11:18:20,164-mp_log-INFO-已审核
2019-01-15 11:18:20,341-mp_log-INFO-已审核
2019-01-15 11:18:20,596-mp_log-INFO-审核失败
2019-01-15 11:18:20,935-mp_log-INFO-审核失败
2019-01-15 11:18:21,210-mp_log-INFO-已审核
2019-01-15 11:18:21,518-mp_log-INFO-已审核
2019-01-15 11:18:21,811-mp_log-INFO-已审核
2019-01-15 11:18:22,083-mp_log-INFO-已审核
2019-01-15 11:18:22,407-mp_log-INFO-已审核
2019-01-15 11:18:22,823-mp_log-INFO-审核失败
2019-01-15 11:18:23,065-mp_log-INFO-已审核
2019-01-15 11:18:23,517-mp_log-INFO-已审核
2019-01-15 11:18:23,983-mp_log-INFO-审核失败
2019-01-15 11:18:24,304-mp_log-INFO-审核失败
2019-01-15 11:18:24,546-mp_log-INFO-已审核
2019-01-15 11:18:24,649-mp_log-INFO-审核失败
2019-01-15 11:18:24,962-mp_log-INFO-已审核
2019-01-15 11:18:25,201-mp_log-INFO-已审核
2019-01-15 11:18:25,452-mp_log-INFO-已审核
2019-01-15 11:18:25,980-mp_log-INFO-已审核
2019-01-15 11:18:26,222-mp_log-INFO-审核失败
2019-01-15 11:18:26,504-mp_log-INFO-审核失败
2019-01-15 11:18:26,800-mp_log-INFO-审核失败
2019-01-15 11:18:27,121-mp_log-INFO-已审核
2019-01-15 11:18:27,680-mp_log-INFO-已审核
2019-01-15 11:18:27,720-mp_log-INFO-审核失败
2019-01-15 11:18:28,125-mp_log-INFO-审核失败
2019-01-15 11:18:28,594-mp_log-INFO-已审核
2019-01-15 11:18:28,700-mp_log-INFO-已审核
2019-01-15 11:18:28,995-mp_log-INFO-审核失败
2019-01-15 11:18:29,300-mp_log-INFO-审核失败
2019-01-15 11:18:29,584-mp_log-INFO-已审核
2019-01-15 11:18:29,888-mp_log-INFO-已审核
2019-01-15 11:18:30,193-mp_log-INFO-已审核
2019-01-15 11:18:30,491-mp_log-INFO-审核失败
2019-01-15 11:18:30,788-mp_log-INFO-审核失败
2019-01-15 11:18:31,158-mp_log-INFO-审核失败
2019-01-15 11:18:31,626-mp_log-INFO-已审核
2019-01-15 11:18:31,673-mp_log-INFO-已审核
2019-01-15 11:18:31,937-mp_log-INFO-已审核
2019-01-15 11:18:32,551-mp_log-INFO-已审核
2019-01-15 11:18:32,763-mp_log-INFO-已审核
2019-01-15 11:18:32,850-mp_log-INFO-已审核
2019-01-15 11:18:33,170-mp_log-INFO-已审核
2019-01-15 11:18:33,560-mp_log-INFO-已审核
2019-01-15 11:18:34,117-mp_log-INFO-审核失败
2019-01-15 11:18:34,320-mp_log-INFO-审核失败
2019-01-15 11:18:34,978-mp_log-INFO-审核失败
2019-01-15 11:18:35,288-mp_log-INFO-审核失败
2019-01-15 11:18:35,605-mp_log-INFO-已审核
2019-01-15 11:18:35,695-mp_log-INFO-审核失败
2019-01-15 11:18:35,819-mp_log-INFO-审核失败
2019-01-15 11:18:36,239-mp_log-INFO-已审核
2019-01-15 11:18:36,486-mp_log-INFO-审核失败
