2019-02-20 16:50:10,011-Getlogin-ERROR-'token'
2019-02-20 16:50:10,012-mp_log-INFO-token获取成功......
2019-02-20 16:50:19,735-mp_log-INFO-获取所有小程序信息成功......
2019-02-20 16:50:20,343-mp_log-INFO-获取最新模板信息成功.......
2019-02-20 16:50:21,821-mp_log-INFO-审核失败
2019-02-20 16:50:22,249-mp_log-INFO-审核失败
2019-02-20 16:50:22,532-mp_log-INFO-审核失败
2019-02-20 16:50:22,972-mp_log-INFO-审核失败
2019-02-20 16:50:23,470-mp_log-INFO-已审核
2019-02-20 16:50:24,236-mp_log-INFO-已审核
2019-02-20 16:50:24,242-mp_log-INFO-审核失败
2019-02-20 16:50:24,878-mp_log-INFO-审核失败
2019-02-20 16:50:24,975-mp_log-INFO-审核失败
2019-02-20 16:50:25,177-mp_log-INFO-审核失败
2019-02-20 16:50:25,215-mp_log-INFO-审核失败
2019-02-20 16:50:25,667-mp_log-INFO-已审核
2019-02-20 16:50:25,755-mp_log-INFO-已审核
2019-02-20 16:50:26,127-mp_log-INFO-已审核
2019-02-20 16:50:26,459-mp_log-INFO-审核失败
2019-02-20 16:50:26,642-mp_log-INFO-已审核
2019-02-20 16:50:26,963-mp_log-INFO-审核失败
2019-02-20 16:50:27,688-mp_log-INFO-审核失败
2019-02-20 16:50:27,834-mp_log-INFO-已审核
2019-02-20 16:50:28,055-mp_log-INFO-审核失败
2019-02-20 16:50:28,085-mp_log-INFO-已审核
2019-02-20 16:50:28,742-mp_log-INFO-审核失败
2019-02-20 16:50:28,806-mp_log-INFO-已审核
2019-02-20 16:50:29,331-mp_log-INFO-已审核
2019-02-20 16:50:29,769-mp_log-INFO-已审核
2019-02-20 16:50:30,079-mp_log-INFO-已审核
2019-02-20 16:50:30,464-mp_log-INFO-已审核
2019-02-20 16:50:30,572-mp_log-INFO-已审核
2019-02-20 16:50:30,828-mp_log-INFO-已审核
2019-02-20 16:50:31,301-mp_log-INFO-审核失败
2019-02-20 16:50:31,735-mp_log-INFO-审核失败
2019-02-20 16:50:31,897-mp_log-INFO-已审核
2019-02-20 16:50:32,381-mp_log-INFO-审核失败
2019-02-20 16:50:32,499-mp_log-INFO-审核失败
2019-02-20 16:50:32,891-mp_log-INFO-审核失败
2019-02-20 16:50:32,930-mp_log-INFO-审核失败
2019-02-20 16:50:33,258-mp_log-INFO-已审核
2019-02-20 16:50:33,761-mp_log-INFO-已审核
2019-02-20 16:50:33,794-mp_log-INFO-已审核
2019-02-20 16:50:34,165-mp_log-INFO-已审核
2019-02-20 16:50:34,434-mp_log-INFO-审核失败
2019-02-20 16:50:34,733-mp_log-INFO-审核失败
2019-02-20 16:50:35,077-mp_log-INFO-审核失败
2019-02-20 16:50:35,682-mp_log-INFO-已审核
2019-02-20 16:50:35,766-mp_log-INFO-已审核
2019-02-20 16:50:36,112-mp_log-INFO-已审核
2019-02-20 16:50:36,292-mp_log-INFO-审核失败
2019-02-20 16:50:36,568-mp_log-INFO-已审核
2019-02-20 16:50:36,792-mp_log-INFO-审核失败
2019-02-20 16:50:37,119-mp_log-INFO-审核失败
2019-02-20 16:50:37,470-mp_log-INFO-审核失败
2019-02-20 16:50:37,659-mp_log-INFO-审核失败
2019-02-20 16:50:38,117-mp_log-INFO-已审核
2019-02-20 16:50:38,464-mp_log-INFO-已审核
2019-02-20 16:50:38,601-mp_log-INFO-已审核
2019-02-20 16:50:39,047-mp_log-INFO-已审核
2019-02-20 16:50:39,772-mp_log-INFO-审核失败
2019-02-20 16:50:39,834-mp_log-INFO-已审核
2019-02-20 16:50:39,887-mp_log-INFO-已审核
2019-02-20 16:50:40,458-mp_log-INFO-审核失败
2019-02-20 16:50:40,515-mp_log-INFO-审核失败
2019-02-20 16:50:40,893-mp_log-INFO-审核失败
2019-02-20 16:50:41,314-mp_log-INFO-审核失败
2019-02-20 16:50:41,457-mp_log-INFO-审核失败
2019-02-20 16:50:41,760-mp_log-INFO-审核失败
2019-02-20 16:50:42,114-mp_log-INFO-审核失败
2019-02-20 16:50:42,304-mp_log-INFO-审核失败
2019-02-20 16:50:42,516-mp_log-INFO-审核失败
2019-02-20 16:50:43,127-mp_log-INFO-已审核
2019-02-20 16:50:43,129-mp_log-INFO-审核失败
2019-02-20 16:50:43,661-mp_log-INFO-审核失败
2019-02-20 16:50:43,753-mp_log-INFO-审核失败
2019-02-20 16:50:44,090-mp_log-INFO-已审核
2019-02-20 16:50:44,356-mp_log-INFO-审核失败
2019-02-20 16:50:44,591-mp_log-INFO-审核失败
2019-02-20 16:50:45,260-mp_log-INFO-已审核
2019-02-20 16:50:45,285-mp_log-INFO-已审核
2019-02-20 16:50:45,927-mp_log-INFO-已审核
2019-02-20 16:50:45,971-mp_log-INFO-审核失败
2019-02-20 16:50:46,159-mp_log-INFO-审核失败
2019-02-20 16:50:46,590-mp_log-INFO-已审核
2019-02-20 16:50:46,793-mp_log-INFO-审核失败
2019-02-20 16:50:47,087-mp_log-INFO-已审核
2019-02-20 16:50:47,756-mp_log-INFO-审核失败
2019-02-20 16:50:47,797-mp_log-INFO-审核失败
2019-02-20 16:50:47,975-mp_log-INFO-已审核
2019-02-20 16:50:48,321-mp_log-INFO-已审核
2019-02-20 16:50:48,586-mp_log-INFO-审核失败
2019-02-20 16:50:48,909-mp_log-INFO-已审核
2019-02-20 16:50:49,257-mp_log-INFO-审核失败
2019-02-20 16:50:49,530-mp_log-INFO-已审核
2019-02-20 16:50:49,746-mp_log-INFO-已审核
2019-02-20 16:50:50,107-mp_log-INFO-已审核
2019-02-20 16:50:50,355-mp_log-INFO-审核失败
2019-02-20 16:50:50,647-mp_log-INFO-审核失败
2019-02-20 16:50:50,939-mp_log-INFO-审核失败
2019-02-20 16:50:51,255-mp_log-INFO-审核失败
2019-02-20 16:50:51,851-mp_log-INFO-已审核
2019-02-20 16:50:51,859-mp_log-INFO-审核失败
2019-02-20 16:50:52,271-mp_log-INFO-已审核
2019-02-20 16:50:52,543-mp_log-INFO-审核失败
2019-02-20 16:50:52,802-mp_log-INFO-已审核
2019-02-20 16:50:53,165-mp_log-INFO-已审核
2019-02-20 16:50:53,373-mp_log-INFO-审核失败
2019-02-20 16:50:53,717-mp_log-INFO-审核失败
2019-02-20 16:50:53,978-mp_log-INFO-审核失败
2019-02-20 16:50:54,352-mp_log-INFO-已审核
2019-02-20 16:50:54,638-mp_log-INFO-审核失败
2019-02-20 16:50:54,921-mp_log-INFO-已审核
2019-02-20 16:50:55,231-mp_log-INFO-已审核
2019-02-20 16:50:55,828-mp_log-INFO-审核失败
2019-02-20 16:50:56,353-mp_log-INFO-审核失败
2019-02-20 16:50:56,653-mp_log-INFO-已审核
2019-02-20 16:50:56,720-mp_log-INFO-审核失败
2019-02-20 16:50:57,077-mp_log-INFO-已审核
2019-02-20 16:50:57,446-mp_log-INFO-已审核
2019-02-20 16:50:57,621-mp_log-INFO-审核失败
2019-02-20 16:50:58,004-mp_log-INFO-已审核
2019-02-20 16:50:58,311-mp_log-INFO-审核失败
2019-02-20 16:50:58,647-mp_log-INFO-已审核
2019-02-20 16:50:58,863-mp_log-INFO-审核失败
2019-02-20 16:50:59,138-mp_log-INFO-审核失败
2019-02-20 16:50:59,429-mp_log-INFO-已审核
2019-02-20 16:50:59,809-mp_log-INFO-审核失败
2019-02-20 16:51:00,069-mp_log-INFO-审核失败
2019-02-20 16:51:00,308-mp_log-INFO-已审核
2019-02-20 16:51:00,801-mp_log-INFO-已审核
2019-02-20 16:51:00,960-mp_log-INFO-已审核
2019-02-20 16:51:01,262-mp_log-INFO-已审核
2019-02-20 16:51:01,575-mp_log-INFO-已审核
2019-02-20 16:51:02,114-mp_log-INFO-已审核
2019-02-20 16:51:02,292-mp_log-INFO-已审核
2019-02-20 16:51:02,742-mp_log-INFO-审核失败
2019-02-20 16:51:02,940-mp_log-INFO-已审核
2019-02-20 16:51:03,366-mp_log-INFO-审核失败
2019-02-20 16:51:03,691-mp_log-INFO-审核失败
2019-02-20 16:51:03,970-mp_log-INFO-已审核
2019-02-20 16:51:04,227-mp_log-INFO-已审核
2019-02-20 16:51:04,560-mp_log-INFO-审核失败
2019-02-20 16:51:04,840-mp_log-INFO-审核失败
2019-02-20 16:51:05,218-mp_log-INFO-已审核
2019-02-20 16:51:05,494-mp_log-INFO-已审核
2019-02-20 16:51:05,731-mp_log-INFO-审核失败
2019-02-20 16:51:06,030-mp_log-INFO-已审核
2019-02-20 16:51:06,370-mp_log-INFO-审核失败
2019-02-20 16:51:06,612-mp_log-INFO-审核失败
2019-02-20 16:51:06,913-mp_log-INFO-审核失败
2019-02-20 16:51:07,247-mp_log-INFO-审核失败
2019-02-20 16:51:07,534-mp_log-INFO-已审核
2019-02-20 16:51:07,813-mp_log-INFO-已审核
2019-02-20 16:51:08,165-mp_log-INFO-审核失败
2019-02-20 16:51:08,451-mp_log-INFO-审核失败
2019-02-20 16:51:08,807-mp_log-INFO-已审核
2019-02-20 16:51:09,034-mp_log-INFO-审核失败
2019-02-20 16:51:09,377-mp_log-INFO-审核失败
2019-02-20 16:51:09,725-mp_log-INFO-已审核
2019-02-20 16:51:09,952-mp_log-INFO-审核失败
2019-02-20 16:51:10,233-mp_log-INFO-审核失败
2019-02-20 16:51:10,600-mp_log-INFO-已审核
2019-02-20 16:51:10,868-mp_log-INFO-审核失败
2019-02-20 16:51:11,285-mp_log-INFO-审核失败
2019-02-20 16:51:11,478-mp_log-INFO-审核失败
2019-02-20 16:51:12,034-mp_log-INFO-审核失败
2019-02-20 16:51:12,128-mp_log-INFO-已审核
2019-02-20 16:51:12,365-mp_log-INFO-审核失败
2019-02-20 16:51:12,748-mp_log-INFO-已审核
2019-02-20 16:51:13,001-mp_log-INFO-审核失败
2019-02-20 16:51:13,268-mp_log-INFO-已审核
2019-02-20 16:51:13,558-mp_log-INFO-已审核
2019-02-20 16:51:13,910-mp_log-INFO-审核失败
2019-02-20 16:51:14,216-mp_log-INFO-审核失败
2019-02-20 16:51:14,491-mp_log-INFO-审核失败
2019-02-20 16:51:14,851-mp_log-INFO-审核失败
2019-02-20 16:51:15,151-mp_log-INFO-已审核
2019-02-20 16:51:15,446-mp_log-INFO-审核失败
2019-02-20 16:51:15,709-mp_log-INFO-审核失败
2019-02-20 16:51:15,983-mp_log-INFO-审核失败
2019-02-20 16:51:16,304-mp_log-INFO-审核失败
2019-02-20 16:51:16,595-mp_log-INFO-审核失败
2019-02-20 16:51:16,888-mp_log-INFO-审核失败
2019-02-20 16:51:17,569-mp_log-INFO-已审核
2019-02-20 16:51:17,577-mp_log-INFO-审核失败
2019-02-20 16:51:17,852-mp_log-INFO-已审核
2019-02-20 16:51:18,400-mp_log-INFO-审核失败
2019-02-20 16:51:18,499-mp_log-INFO-审核失败
2019-02-20 16:51:18,914-mp_log-INFO-审核失败
2019-02-20 16:51:19,116-mp_log-INFO-审核失败
2019-02-20 16:51:19,281-mp_log-INFO-审核失败
2019-02-20 16:51:19,586-mp_log-INFO-审核失败
2019-02-20 16:51:19,894-mp_log-INFO-审核失败
2019-02-20 16:51:20,386-mp_log-INFO-已审核
2019-02-20 16:51:20,850-mp_log-INFO-已审核
2019-02-20 16:51:20,967-mp_log-INFO-审核失败
2019-02-20 16:51:21,297-mp_log-INFO-审核失败
2019-02-20 16:51:21,520-mp_log-INFO-已审核
2019-02-20 16:51:22,096-mp_log-INFO-审核失败
2019-02-20 16:51:22,271-mp_log-INFO-已审核
2019-02-20 16:51:22,536-mp_log-INFO-已审核
2019-02-20 16:51:22,729-mp_log-INFO-审核失败
2019-02-20 16:51:23,200-mp_log-INFO-审核失败
2019-02-20 16:51:23,266-mp_log-INFO-审核失败
2019-02-20 16:51:23,583-mp_log-INFO-已审核
2019-02-20 16:51:24,318-mp_log-INFO-审核失败
2019-02-20 16:51:24,588-mp_log-INFO-审核失败
2019-02-20 16:51:24,630-mp_log-INFO-已审核
2019-02-20 16:51:24,954-mp_log-INFO-已审核
2019-02-20 16:51:25,500-mp_log-INFO-已审核
2019-02-20 16:51:25,515-mp_log-INFO-审核失败
2019-02-20 16:51:26,229-mp_log-INFO-审核失败
2019-02-20 16:51:26,230-mp_log-INFO-已审核
2019-02-20 16:51:26,539-mp_log-INFO-审核失败
2019-02-20 16:51:26,831-mp_log-INFO-审核失败
2019-02-20 16:51:27,193-mp_log-INFO-审核失败
2019-02-20 16:51:27,774-mp_log-INFO-已审核
2019-02-20 16:51:28,453-mp_log-INFO-已审核
2019-02-20 16:51:28,482-mp_log-INFO-审核失败
2019-02-20 16:51:28,733-mp_log-INFO-审核失败
2019-02-20 16:51:28,767-mp_log-INFO-审核失败
