2019-02-15 18:16:08,469-Getlogin-ERROR-'token'
2019-02-15 18:16:08,471-mp_log-INFO-token获取成功......
2019-02-15 18:16:15,822-mp_log-INFO-获取所有小程序信息成功......
2019-02-15 18:16:16,392-mp_log-INFO-获取最新模板信息成功.......
2019-02-15 18:16:18,572-mp_log-ERROR-GOGOBeauty操作失败,失败原因{'status': 500, 'msg': '此管理中心未授权开放平台'}
2019-02-15 18:16:18,821-mp_log-INFO-环亚美容模板操作成功,模板名称20190215 商家正式版
2019-02-15 18:16:19,063-mp_log-INFO-诺研皮肤管理模板操作成功,模板名称20190215 商家正式版
2019-02-15 18:16:19,527-mp_log-ERROR-sdfdsfdsf操作失败,失败原因{'status': 500, 'msg': '此管理中心未授权开放平台'}
2019-02-15 18:16:19,829-mp_log-INFO-芳妍美容模板操作成功,模板名称20190215 商家正式版
2019-02-15 18:16:20,646-mp_log-INFO-绿苑女子模板操作成功,模板名称20190215 商家正式版
2019-02-15 18:16:21,708-mp_log-INFO-伊之花美容模板操作成功,模板名称20190215 商家正式版
2019-02-15 18:16:22,122-mp_log-INFO-广州七号驻颜模板操作成功,模板名称20190215 商家正式版
2019-02-15 18:16:22,726-mp_log-INFO-曼奇莎模板操作成功,模板名称20190215 商家正式版
2019-02-15 18:16:23,240-mp_log-INFO-诗美逸模板操作成功,模板名称20190215 商家正式版
2019-02-15 18:16:23,718-mp_log-INFO-颐和美容模板操作成功,模板名称20190215 商家正式版
2019-02-15 18:16:24,167-mp_log-INFO-赫阁尔模板操作成功,模板名称20190215 商家正式版
2019-02-15 18:16:24,633-mp_log-INFO-草木缘模板操作成功,模板名称20190215 商家正式版
2019-02-15 18:16:25,088-mp_log-INFO-漂亮宝贝模板操作成功,模板名称20190215 商家正式版
2019-02-15 18:16:25,887-mp_log-INFO-梦颜科美模板操作成功,模板名称20190215 商家正式版
2019-02-15 18:16:26,146-mp_log-INFO-都市点点模板操作成功,模板名称20190215 商家正式版
2019-02-15 18:16:26,689-mp_log-INFO-来了美佳澜店模板操作成功,模板名称20190215 商家正式版
2019-02-15 18:16:27,132-mp_log-INFO-木子美甲美睫模板操作成功,模板名称20190215 商家正式版
2019-02-15 18:16:27,627-mp_log-INFO-润妃国际模板操作成功,模板名称20190215 商家正式版
2019-02-15 18:16:28,255-mp_log-INFO-灵动模板操作成功,模板名称20190215 商家正式版
2019-02-15 18:16:29,238-mp_log-INFO-美丽驿站模板操作成功,模板名称20190215 商家正式版
2019-02-15 18:16:29,564-mp_log-INFO-美美昭彦模板操作成功,模板名称20190215 商家正式版
2019-02-15 18:16:29,566-mp_log-ERROR-市场演示专用操作失败,失败原因{'status': 500, 'msg': '此管理中心未授权开放平台'}
2019-02-15 18:16:30,103-mp_log-INFO-匠美JMBEAUTY模板操作成功,模板名称20190215 商家正式版
2019-02-15 18:16:30,692-mp_log-INFO-HB美尚荟模板操作成功,模板名称20190215 商家正式版
2019-02-15 18:16:31,682-mp_log-INFO-Youngface模板操作成功,模板名称20190215 商家正式版
2019-02-15 18:16:32,362-mp_log-INFO-爱睿熙国际模板操作成功,模板名称20190215 商家正式版
2019-02-15 18:16:32,791-mp_log-INFO-当今悦美模板操作成功,模板名称20190215 商家正式版
2019-02-15 18:16:33,347-mp_log-INFO-谦和国际模板操作成功,模板名称20190215 商家正式版
2019-02-15 18:16:33,879-mp_log-INFO-米蝶·快美吧模板操作成功,模板名称20190215 商家正式版
2019-02-15 18:16:34,810-mp_log-INFO-菲常美模板操作成功,模板名称20190215 商家正式版
2019-02-15 18:16:34,875-mp_log-INFO-iBEATA贝娅塔模板操作成功,模板名称20190215 商家正式版
2019-02-15 18:16:35,271-mp_log-INFO-当代经典模板操作成功,模板名称20190215 商家正式版
2019-02-15 18:16:35,765-mp_log-INFO-东方丽人模板操作成功,模板名称20190215 商家正式版
2019-02-15 18:16:36,114-mp_log-INFO-盛士兰模板操作成功,模板名称20190215 商家正式版
2019-02-15 18:16:36,719-mp_log-INFO-玫瑰坊模板操作成功,模板名称20190215 商家正式版
2019-02-15 18:16:36,999-mp_log-INFO-悠兰lyj模板操作成功,模板名称20190215 商家正式版
2019-02-15 18:16:37,629-mp_log-INFO-芊思雅莎莎模板操作成功,模板名称20190215 商家正式版
2019-02-15 18:16:38,211-mp_log-INFO-来就健康模板操作成功,模板名称20190215 商家正式版
2019-02-15 18:16:38,727-mp_log-INFO-恒美世纪模板操作成功,模板名称20190215 商家正式版
2019-02-15 18:16:39,070-mp_log-INFO-美人记Diary模板操作成功,模板名称20190215 商家正式版
2019-02-15 18:16:39,583-mp_log-INFO-美范·珺之屋模板操作成功,模板名称20190215 商家正式版
2019-02-15 18:16:40,100-mp_log-INFO-菲梵经典模板操作成功,模板名称20190215 商家正式版
2019-02-15 18:16:40,649-mp_log-INFO-悦芳泉SPA模板操作成功,模板名称20190215 商家正式版
2019-02-15 18:16:41,195-mp_log-INFO-爱美丽模板操作成功,模板名称20190215 商家正式版
2019-02-15 18:16:41,883-mp_log-INFO-漂亮如你模板操作成功,模板名称20190215 商家正式版
2019-02-15 18:16:42,221-mp_log-INFO-广西宝宝爱模板操作成功,模板名称20190215 商家正式版
2019-02-15 18:16:42,610-mp_log-INFO-虞诗蔓模板操作成功,模板名称20190215 商家正式版
2019-02-15 18:16:43,196-mp_log-INFO-D5 season模板操作成功,模板名称20190215 商家正式版
2019-02-15 18:16:43,588-mp_log-INFO-唯艳美模板操作成功,模板名称20190215 商家正式版
2019-02-15 18:16:44,235-mp_log-INFO-吉美妍丽模板操作成功,模板名称20190215 商家正式版
2019-02-15 18:16:44,683-mp_log-INFO-雪依氏模板操作成功,模板名称20190215 商家正式版
2019-02-15 18:16:45,292-mp_log-INFO-书白美企模板操作成功,模板名称20190215 商家正式版
2019-02-15 18:16:45,691-mp_log-INFO-星美国际模板操作成功,模板名称20190215 商家正式版
2019-02-15 18:16:46,224-mp_log-INFO-霭伦恩美模板操作成功,模板名称20190215 商家正式版
2019-02-15 18:16:46,683-mp_log-INFO-来美吧模板操作成功,模板名称20190215 商家正式版
2019-02-15 18:16:47,101-mp_log-INFO-伊美朗模板操作成功,模板名称20190215 商家正式版
2019-02-15 18:16:47,717-mp_log-INFO-美美一生模板操作成功,模板名称20190215 商家正式版
2019-02-15 18:16:47,989-mp_log-ERROR-康丽皇家模板设置失败
2019-02-15 18:16:48,170-mp_log-INFO-佳婳天美模板操作成功,模板名称20190215 商家正式版
2019-02-15 18:16:48,851-mp_log-INFO-兴美源模板操作成功,模板名称20190215 商家正式版
2019-02-15 18:16:49,252-mp_log-INFO-优年轻模板操作成功,模板名称20190215 商家正式版
2019-02-15 18:16:49,818-mp_log-INFO-易康国际模板操作成功,模板名称20190215 商家正式版
2019-02-15 18:16:50,118-mp_log-INFO-美美昭妍模板操作成功,模板名称20190215 商家正式版
2019-02-15 18:16:50,697-mp_log-INFO-佐登妮丝模板操作成功,模板名称20190215 商家正式版
2019-02-15 18:16:51,152-mp_log-INFO-阿星国际模板操作成功,模板名称20190215 商家正式版
2019-02-15 18:16:51,764-mp_log-INFO-娇阑美颜模板操作成功,模板名称20190215 商家正式版
2019-02-15 18:16:52,256-mp_log-INFO-爱女士模板操作成功,模板名称20190215 商家正式版
2019-02-15 18:16:52,760-mp_log-INFO-PS智能美肤模板操作成功,模板名称20190215 商家正式版
2019-02-15 18:16:53,474-mp_log-INFO-艾妍整形模板操作成功,模板名称20190215 商家正式版
2019-02-15 18:16:53,595-mp_log-INFO-珍珍美容会所模板操作成功,模板名称20190215 商家正式版
2019-02-15 18:16:54,429-mp_log-INFO-姿曼美容spa模板操作成功,模板名称20190215 商家正式版
2019-02-15 18:16:54,796-mp_log-INFO-巴黎情缘模板操作成功,模板名称20190215 商家正式版
2019-02-15 18:16:55,254-mp_log-INFO-百合春天模板操作成功,模板名称20190215 商家正式版
2019-02-15 18:16:55,678-mp_log-INFO-梅兰丽人模板操作成功,模板名称20190215 商家正式版
2019-02-15 18:16:56,073-mp_log-INFO-美由心生模板操作成功,模板名称20190215 商家正式版
2019-02-15 18:16:57,191-mp_log-INFO-燕燕尊尚美容模板操作成功,模板名称20190215 商家正式版
2019-02-15 18:16:57,276-mp_log-INFO-雅致璇肌模板操作成功,模板名称20190215 商家正式版
2019-02-15 18:16:57,508-mp_log-INFO-诗露丽涵模板操作成功,模板名称20190215 商家正式版
2019-02-15 18:16:58,085-mp_log-INFO-蓝蒂蔻模板操作成功,模板名称20190215 商家正式版
2019-02-15 18:16:59,106-mp_log-INFO-东方仕典模板操作成功,模板名称20190215 商家正式版
2019-02-15 18:16:59,360-mp_log-INFO-韩流美美店模板操作成功,模板名称20190215 商家正式版
2019-02-15 18:16:59,719-mp_log-INFO-GOGO宝迪模板操作成功,模板名称20190215 商家正式版
2019-02-15 18:17:00,098-mp_log-INFO-月瘦月美模板操作成功,模板名称20190215 商家正式版
2019-02-15 18:17:00,594-mp_log-INFO-启程金典美业模板操作成功,模板名称20190215 商家正式版
2019-02-15 18:17:01,167-mp_log-INFO-年轻我可以模板操作成功,模板名称20190215 商家正式版
2019-02-15 18:17:01,683-mp_log-INFO-精工皇族模板操作成功,模板名称20190215 商家正式版
2019-02-15 18:17:02,190-mp_log-INFO-明剪一秀模板操作成功,模板名称20190215 商家正式版
2019-02-15 18:17:02,585-mp_log-INFO-深圳丝客富模板操作成功,模板名称20190215 商家正式版
2019-02-15 18:17:03,282-mp_log-INFO-DuDuBeauty模板操作成功,模板名称20190215 商家正式版
2019-02-15 18:17:03,644-mp_log-INFO-琉璃水城模板操作成功,模板名称20190215 商家正式版
2019-02-15 18:17:04,155-mp_log-INFO-栢草源模板操作成功,模板名称20190215 商家正式版
2019-02-15 18:17:04,741-mp_log-INFO-杭州东方整形模板操作成功,模板名称20190215 商家正式版
2019-02-15 18:17:05,182-mp_log-INFO-ONI速美模板操作成功,模板名称20190215 商家正式版
2019-02-15 18:17:05,664-mp_log-INFO-YAN健康•美+模板操作成功,模板名称20190215 商家正式版
2019-02-15 18:17:06,193-mp_log-INFO-MMbeauty模板操作成功,模板名称20190215 商家正式版
2019-02-15 18:17:06,654-mp_log-INFO-美共享模板操作成功,模板名称20190215 商家正式版
2019-02-15 18:17:07,192-mp_log-INFO-靓佳人模板操作成功,模板名称20190215 商家正式版
2019-02-15 18:17:07,637-mp_log-INFO-ME智慧美店模板操作成功,模板名称20190215 商家正式版
2019-02-15 18:17:08,235-mp_log-INFO-二院美丽之约模板操作成功,模板名称20190215 商家正式版
2019-02-15 18:17:08,633-mp_log-INFO-紫舟美业模板操作成功,模板名称20190215 商家正式版
2019-02-15 18:17:09,268-mp_log-INFO-南洋beauty模板操作成功,模板名称20190215 商家正式版
2019-02-15 18:17:09,907-mp_log-INFO-阿芙洛蒂模板操作成功,模板名称20190215 商家正式版
2019-02-15 18:17:10,448-mp_log-INFO-来了美标榜店模板操作成功,模板名称20190215 商家正式版
2019-02-15 18:17:10,682-mp_log-INFO-美德福模板操作成功,模板名称20190215 商家正式版
2019-02-15 18:17:11,050-mp_log-INFO-岳灵生发模板操作成功,模板名称20190215 商家正式版
2019-02-15 18:17:11,691-mp_log-INFO-美姿源模板操作成功,模板名称20190215 商家正式版
2019-02-15 18:17:12,203-mp_log-INFO-维多丽雅模板操作成功,模板名称20190215 商家正式版
2019-02-15 18:17:12,825-mp_log-INFO-雅典娜模板操作成功,模板名称20190215 商家正式版
2019-02-15 18:17:13,238-mp_log-INFO-杭州桐雅模板操作成功,模板名称20190215 商家正式版
2019-02-15 18:17:13,677-mp_log-ERROR-光速美操作失败,失败原因{'status': 500, 'msg': '此管理中心未授权开放平台'}
2019-02-15 18:17:13,946-mp_log-INFO-妃香伊丹模板操作成功,模板名称20190215 商家正式版
2019-02-15 18:17:14,163-mp_log-INFO-王海棠养生馆模板操作成功,模板名称20190215 商家正式版
2019-02-15 18:17:14,679-mp_log-INFO-祐美祐康模板操作成功,模板名称20190215 商家正式版
2019-02-15 18:17:15,698-mp_log-INFO-张氏纳然姬朵模板操作成功,模板名称20190215 商家正式版
2019-02-15 18:17:16,380-mp_log-INFO-魅力华健模板操作成功,模板名称20190215 商家正式版
2019-02-15 18:17:16,809-mp_log-INFO-圣水伊人模板操作成功,模板名称20190215 商家正式版
2019-02-15 18:17:17,479-mp_log-INFO-窈窕淑女模板操作成功,模板名称20190215 商家正式版
2019-02-15 18:17:17,866-mp_log-INFO-绮莉尔智能美模板操作成功,模板名称20190215 商家正式版
2019-02-15 18:17:18,139-mp_log-INFO-香密雅CIMIA模板操作成功,模板名称20190215 商家正式版
2019-02-15 18:17:18,987-mp_log-INFO-妍雅媛模板操作成功,模板名称20190215 商家正式版
2019-02-15 18:17:19,781-mp_log-INFO-云SPA模板操作成功,模板名称20190215 商家正式版
2019-02-15 18:17:19,828-mp_log-INFO-来了美模板操作成功,模板名称20190215 商家正式版
2019-02-15 18:17:20,400-mp_log-INFO-轻医美模板操作成功,模板名称20190215 商家正式版
2019-02-15 18:17:20,831-mp_log-INFO-世纪春天模板操作成功,模板名称20190215 商家正式版
2019-02-15 18:17:21,291-mp_log-INFO-贵妇人模板操作成功,模板名称20190215 商家正式版
2019-02-15 18:17:21,894-mp_log-INFO-BabyBeauty模板操作成功,模板名称20190215 商家正式版
2019-02-15 18:17:22,281-mp_log-INFO-奇遇青春模板操作成功,模板名称20190215 商家正式版
2019-02-15 18:17:22,799-mp_log-INFO-来了美韩尚恩模板操作成功,模板名称20190215 商家正式版
2019-02-15 18:17:23,589-mp_log-INFO-纤指百媚模板操作成功,模板名称20190215 商家正式版
2019-02-15 18:17:23,649-mp_log-INFO-美之颜模板操作成功,模板名称20190215 商家正式版
2019-02-15 18:17:24,322-mp_log-INFO-GOGOBeauty模板操作成功,模板名称20190215 商家正式版
2019-02-15 18:17:24,723-mp_log-INFO-贝琳菲美业模板操作成功,模板名称20190215 商家正式版
2019-02-15 18:17:25,263-mp_log-INFO-郦芙蓉beauty模板操作成功,模板名称20190215 商家正式版
2019-02-15 18:17:25,619-mp_log-ERROR-服务商账号操作失败,失败原因{'status': 'error', 'msg': 'component is not authorized by this account hint: [NGN0wa08753612]'}
2019-02-15 18:17:25,886-mp_log-INFO-指妃模板操作成功,模板名称20190215 商家正式版
2019-02-15 18:17:26,324-mp_log-INFO-羽梦蝶模板操作成功,模板名称20190215 商家正式版
2019-02-15 18:17:27,576-mp_log-INFO-香住SPA模板操作成功,模板名称20190215 商家正式版
2019-02-15 18:17:27,903-mp_log-INFO-狮子卫士模板操作成功,模板名称20190215 商家正式版
2019-02-15 18:17:28,257-mp_log-INFO-佰味女人模板操作成功,模板名称20190215 商家正式版
2019-02-15 18:17:28,928-mp_log-INFO-黄氏百佳模板操作成功,模板名称20190215 商家正式版
2019-02-15 18:17:29,341-mp_log-INFO-创美雅香莱模板操作成功,模板名称20190215 商家正式版
2019-02-15 18:17:29,778-mp_log-INFO-艾面一族 模板操作成功,模板名称20190215 商家正式版
2019-02-15 18:17:30,165-mp_log-INFO-涣美医疗模板操作成功,模板名称20190215 商家正式版
2019-02-15 18:17:30,786-mp_log-INFO-植美SPA模板操作成功,模板名称20190215 商家正式版
2019-02-15 18:17:31,296-mp_log-INFO-曼姿模板操作成功,模板名称20190215 商家正式版
2019-02-15 18:17:32,118-mp_log-INFO-圣婕美甲美睫模板操作成功,模板名称20190215 商家正式版
2019-02-15 18:17:32,598-mp_log-INFO-美丽九九模板操作成功,模板名称20190215 商家正式版
2019-02-15 18:17:33,121-mp_log-INFO-南国西子模板操作成功,模板名称20190215 商家正式版
2019-02-15 18:17:33,998-mp_log-INFO-百分国际美容模板操作成功,模板名称20190215 商家正式版
2019-02-15 18:17:34,277-mp_log-INFO-千颂伊美学中心模板操作成功,模板名称20190215 商家正式版
2019-02-15 18:17:34,494-mp_log-INFO-艾尚美美哒模板操作成功,模板名称20190215 商家正式版
2019-02-15 18:17:35,034-mp_log-INFO-玉颜堂模板操作成功,模板名称20190215 商家正式版
2019-02-15 18:17:35,283-mp_log-INFO-金美源模板操作成功,模板名称20190215 商家正式版
2019-02-15 18:17:35,863-mp_log-INFO-爱玛仕嘉模板操作成功,模板名称20190215 商家正式版
2019-02-15 18:17:36,364-mp_log-INFO-智能科技美店模板操作成功,模板名称20190215 商家正式版
2019-02-15 18:17:36,827-mp_log-INFO-欧妮薇模板操作成功,模板名称20190215 商家正式版
2019-02-15 18:17:37,322-mp_log-INFO-成都净美天使模板操作成功,模板名称20190215 商家正式版
2019-02-15 18:17:37,827-mp_log-INFO-美姿来就美模板操作成功,模板名称20190215 商家正式版
2019-02-15 18:17:38,302-mp_log-INFO-IVY艾菲芭模板操作成功,模板名称20190215 商家正式版
2019-02-15 18:17:38,847-mp_log-INFO-引导美体验店模板操作成功,模板名称20190215 商家正式版
2019-02-15 18:17:39,215-mp_log-INFO-来了美雲会所模板操作成功,模板名称20190215 商家正式版
2019-02-15 18:17:39,701-mp_log-INFO-SoBeauty模板操作成功,模板名称20190215 商家正式版
2019-02-15 18:17:40,295-mp_log-INFO-蒙妮莎新美容模板操作成功,模板名称20190215 商家正式版
2019-02-15 18:17:40,737-mp_log-INFO-筋生美模板操作成功,模板名称20190215 商家正式版
2019-02-15 18:17:41,465-mp_log-INFO-来了美美吧模板操作成功,模板名称20190215 商家正式版
2019-02-15 18:17:41,794-mp_log-INFO-金柏丽模板操作成功,模板名称20190215 商家正式版
2019-02-15 18:17:42,271-mp_log-INFO-长江九号模板操作成功,模板名称20190215 商家正式版
2019-02-15 18:17:42,816-mp_log-INFO-优文专业脱毛模板操作成功,模板名称20190215 商家正式版
2019-02-15 18:17:43,306-mp_log-INFO-天使国际模板操作成功,模板名称20190215 商家正式版
2019-02-15 18:17:43,759-mp_log-INFO-如生堂模板操作成功,模板名称20190215 商家正式版
2019-02-15 18:17:44,281-mp_log-INFO-梦田芳香Spa模板操作成功,模板名称20190215 商家正式版
2019-02-15 18:17:44,961-mp_log-INFO-贝施纤体模板操作成功,模板名称20190215 商家正式版
2019-02-15 18:17:45,295-mp_log-INFO-色彩纯姬模板操作成功,模板名称20190215 商家正式版
2019-02-15 18:17:45,950-mp_log-INFO-红妆倾城模板操作成功,模板名称20190215 商家正式版
2019-02-15 18:17:46,196-mp_log-INFO-丹阳圣莉斯歌模板操作成功,模板名称20190215 商家正式版
2019-02-15 18:17:46,855-mp_log-INFO-金贵人Beauty模板操作成功,模板名称20190215 商家正式版
2019-02-15 18:17:47,364-mp_log-INFO-芯语芳心模板操作成功,模板名称20190215 商家正式版
2019-02-15 18:17:47,924-mp_log-INFO-广西快来美模板操作成功,模板名称20190215 商家正式版
2019-02-15 18:17:48,441-mp_log-INFO-还原美模板操作成功,模板名称20190215 商家正式版
2019-02-15 18:17:48,824-mp_log-INFO-延颜美容模板操作成功,模板名称20190215 商家正式版
2019-02-15 18:17:49,308-mp_log-INFO-缘临医疗美容模板操作成功,模板名称20190215 商家正式版
2019-02-15 18:17:49,795-mp_log-INFO-梦圆皇宫模板操作成功,模板名称20190215 商家正式版
2019-02-15 18:17:50,387-mp_log-INFO-美了就来模板操作成功,模板名称20190215 商家正式版
2019-02-15 18:17:50,819-mp_log-INFO-恩雅模板操作成功,模板名称20190215 商家正式版
2019-02-15 18:17:51,366-mp_log-INFO-董萍智慧美店模板操作成功,模板名称20190215 商家正式版
2019-02-15 18:17:51,916-mp_log-INFO-俏丽屋模板操作成功,模板名称20190215 商家正式版
2019-02-15 18:17:52,410-mp_log-INFO-YoungDream模板操作成功,模板名称20190215 商家正式版
2019-02-15 18:17:52,864-mp_log-INFO-DR美研博士模板操作成功,模板名称20190215 商家正式版
2019-02-15 18:17:53,394-mp_log-INFO-女秀才模板操作成功,模板名称20190215 商家正式版
2019-02-15 18:17:53,948-mp_log-INFO-東美人儿模板操作成功,模板名称20190215 商家正式版
2019-02-15 18:17:54,315-mp_log-INFO-承昱医疗模板操作成功,模板名称20190215 商家正式版
2019-02-15 18:17:55,052-mp_log-INFO-斓悦庭模板操作成功,模板名称20190215 商家正式版
2019-02-15 18:17:55,324-mp_log-INFO-美迩美整形模板操作成功,模板名称20190215 商家正式版
2019-02-15 18:17:56,026-mp_log-INFO-唯美童妍模板操作成功,模板名称20190215 商家正式版
2019-02-15 18:17:56,576-mp_log-INFO-BV美聚模板操作成功,模板名称20190215 商家正式版
2019-02-15 18:17:56,989-mp_log-INFO-健丽宝美容模板操作成功,模板名称20190215 商家正式版
2019-02-15 18:17:57,250-mp_log-INFO-掌上美管家A模板操作成功,模板名称20190215 商家正式版
2019-02-15 18:17:57,730-mp_log-INFO-博妍集美模板操作成功,模板名称20190215 商家正式版
2019-02-15 18:17:58,349-mp_log-INFO-荷塘韵色模板操作成功,模板名称20190215 商家正式版
2019-02-15 18:17:58,889-mp_log-INFO-雅涛世家模板操作成功,模板名称20190215 商家正式版
2019-02-15 18:17:59,383-mp_log-INFO-双妹美容模板操作成功,模板名称20190215 商家正式版
2019-02-15 18:18:00,027-mp_log-INFO-呈悦医疗模板操作成功,模板名称20190215 商家正式版
2019-02-15 18:18:00,459-mp_log-INFO-来了美千丝美模板操作成功,模板名称20190215 商家正式版
2019-02-15 18:18:00,744-mp_log-INFO-世纪之春模板操作成功,模板名称20190215 商家正式版
2019-02-15 18:18:01,582-mp_log-INFO-雅梵GO美模板操作成功,模板名称20190215 商家正式版
2019-02-15 18:18:01,906-mp_log-INFO-女主角美容模板操作成功,模板名称20190215 商家正式版
2019-02-15 18:18:02,429-mp_log-INFO-来了就体验账模板操作成功,模板名称20190215 商家正式版
2019-02-15 18:18:02,826-mp_log-INFO-弘粹堂模板操作成功,模板名称20190215 商家正式版
2019-02-15 18:18:03,528-mp_log-INFO-环球美容模板操作成功,模板名称20190215 商家正式版
2019-02-15 18:18:03,972-mp_log-INFO-乐聚模板操作成功,模板名称20190215 商家正式版
2019-02-15 18:18:04,453-mp_log-INFO-诗芙侬模板操作成功,模板名称20190215 商家正式版
2019-02-15 18:18:04,628-mp_log-ERROR-灰姑娘美甲操作失败,失败原因{'status': 'error', 'msg': 'component is not authorized by this account hint: [fm5ynA09142067]'}
2019-02-15 18:18:05,057-mp_log-INFO-沧州美美达模板操作成功,模板名称20190215 商家正式版
2019-02-15 18:18:05,523-mp_log-INFO-妮娜形象管理模板操作成功,模板名称20190215 商家正式版
2019-02-15 18:18:06,445-mp_log-INFO-赢美肌模板操作成功,模板名称20190215 商家正式版
2019-02-15 18:18:06,760-mp_log-INFO-馨境堂模板操作成功,模板名称20190215 商家正式版
2019-02-15 18:18:07,339-mp_log-INFO-良沐健康管理模板操作成功,模板名称20190215 商家正式版
2019-02-15 18:18:07,891-mp_log-INFO-果蔬美容模板操作成功,模板名称20190215 商家正式版
2019-02-15 18:18:08,564-mp_log-INFO-贝兰思模板操作成功,模板名称20190215 商家正式版
2019-02-15 18:18:09,084-mp_log-INFO-东方秀丽模板操作成功,模板名称20190215 商家正式版
2019-02-15 18:18:09,280-mp_log-INFO-缔罗嘉佳模板操作成功,模板名称20190215 商家正式版
2019-02-15 18:18:09,954-mp_log-INFO-文轩专业美容模板操作成功,模板名称20190215 商家正式版
2019-02-15 18:18:10,312-mp_log-INFO-欧丽薇模板操作成功,模板名称20190215 商家正式版
