2019-02-19 09:54:03,357-Getlogin-ERROR-'token'
2019-02-19 09:54:03,357-mp_log-INFO-token获取成功......
2019-02-19 09:54:10,611-mp_log-INFO-获取所有小程序信息成功......
2019-02-19 09:54:11,235-mp_log-INFO-获取最新模板信息成功.......
2019-02-19 09:54:12,405-mp_log-INFO-审核失败
2019-02-19 09:54:12,779-mp_log-INFO-审核失败
2019-02-19 09:54:13,091-mp_log-INFO-审核中
2019-02-19 09:54:13,793-mp_log-INFO-审核失败
2019-02-19 09:54:14,433-mp_log-INFO-已审核
2019-02-19 09:54:14,636-mp_log-INFO-审核失败
2019-02-19 09:54:15,072-mp_log-INFO-已审核
2019-02-19 09:54:15,603-mp_log-INFO-审核失败
2019-02-19 09:54:15,650-mp_log-INFO-审核失败
2019-02-19 09:54:16,071-mp_log-INFO-审核失败
2019-02-19 09:54:16,461-mp_log-INFO-已审核
2019-02-19 09:54:16,648-mp_log-INFO-审核失败
2019-02-19 09:54:17,194-mp_log-INFO-已审核
2019-02-19 09:54:17,350-mp_log-INFO-已审核
2019-02-19 09:54:17,428-mp_log-INFO-审核失败
2019-02-19 09:54:17,740-mp_log-INFO-已审核
2019-02-19 09:54:18,270-mp_log-INFO-审核失败
2019-02-19 09:54:18,660-mp_log-INFO-已审核
2019-02-19 09:54:18,676-mp_log-INFO-审核失败
2019-02-19 09:54:19,019-mp_log-INFO-审核失败
2019-02-19 09:54:19,394-mp_log-INFO-已审核
2019-02-19 09:54:19,612-mp_log-INFO-审核失败
2019-02-19 09:54:20,049-mp_log-INFO-已审核
2019-02-19 09:54:20,532-mp_log-INFO-已审核
2019-02-19 09:54:20,985-mp_log-INFO-已审核
2019-02-19 09:54:21,156-mp_log-INFO-已审核
2019-02-19 09:54:21,671-mp_log-INFO-已审核
2019-02-19 09:54:21,812-mp_log-INFO-已审核
2019-02-19 09:54:22,202-mp_log-INFO-已审核
2019-02-19 09:54:22,529-mp_log-INFO-审核失败
2019-02-19 09:54:22,748-mp_log-INFO-审核失败
2019-02-19 09:54:23,184-mp_log-INFO-已审核
2019-02-19 09:54:23,465-mp_log-INFO-审核中
2019-02-19 09:54:24,120-mp_log-INFO-审核失败
2019-02-19 09:54:24,198-mp_log-INFO-审核失败
2019-02-19 09:54:24,370-mp_log-INFO-审核失败
2019-02-19 09:54:25,103-mp_log-INFO-已审核
2019-02-19 09:54:25,259-mp_log-INFO-已审核
2019-02-19 09:54:25,540-mp_log-INFO-已审核
2019-02-19 09:54:25,821-mp_log-INFO-已审核
2019-02-19 09:54:26,273-mp_log-INFO-审核失败
2019-02-19 09:54:26,585-mp_log-INFO-审核失败
2019-02-19 09:54:27,615-mp_log-INFO-审核失败
2019-02-19 09:54:27,708-mp_log-INFO-已审核
2019-02-19 09:54:27,771-mp_log-INFO-已审核
2019-02-19 09:54:27,911-mp_log-INFO-审核失败
2019-02-19 09:54:28,083-mp_log-INFO-已审核
2019-02-19 09:54:28,145-mp_log-INFO-已审核
2019-02-19 09:54:28,317-mp_log-INFO-审核失败
2019-02-19 09:54:28,660-mp_log-INFO-审核失败
2019-02-19 09:54:29,097-mp_log-INFO-审核中
2019-02-19 09:54:29,409-mp_log-INFO-审核失败
2019-02-19 09:54:29,690-mp_log-INFO-已审核
2019-02-19 09:54:30,220-mp_log-INFO-已审核
2019-02-19 09:54:30,563-mp_log-INFO-已审核
2019-02-19 09:54:30,891-mp_log-INFO-已审核
2019-02-19 09:54:31,125-mp_log-INFO-审核失败
2019-02-19 09:54:31,250-mp_log-INFO-已审核
2019-02-19 09:54:31,484-mp_log-INFO-已审核
2019-02-19 09:54:31,796-mp_log-INFO-审核失败
2019-02-19 09:54:32,030-mp_log-INFO-审核失败
2019-02-19 09:54:32,373-mp_log-INFO-审核失败
2019-02-19 09:54:32,841-mp_log-INFO-审核中
2019-02-19 09:54:33,153-mp_log-INFO-审核中
2019-02-19 09:54:33,340-mp_log-INFO-审核失败
2019-02-19 09:54:33,558-mp_log-INFO-审核失败
2019-02-19 09:54:34,011-mp_log-INFO-审核失败
2019-02-19 09:54:34,276-mp_log-INFO-审核失败
2019-02-19 09:54:34,838-mp_log-INFO-已审核
2019-02-19 09:54:34,900-mp_log-INFO-审核失败
2019-02-19 09:54:35,196-mp_log-INFO-审核失败
2019-02-19 09:54:35,633-mp_log-INFO-审核失败
2019-02-19 09:54:35,820-mp_log-INFO-已审核
2019-02-19 09:54:36,179-mp_log-INFO-审核中
2019-02-19 09:54:36,476-mp_log-INFO-审核失败
2019-02-19 09:54:36,803-mp_log-INFO-已审核
2019-02-19 09:54:37,053-mp_log-INFO-已审核
2019-02-19 09:54:37,458-mp_log-INFO-审核失败
2019-02-19 09:54:37,708-mp_log-INFO-已审核
2019-02-19 09:54:38,020-mp_log-INFO-审核失败
2019-02-19 09:54:38,301-mp_log-INFO-已审核
2019-02-19 09:54:38,613-mp_log-INFO-审核失败
2019-02-19 09:54:38,925-mp_log-INFO-已审核
2019-02-19 09:54:39,362-mp_log-INFO-审核失败
2019-02-19 09:54:39,533-mp_log-INFO-审核失败
2019-02-19 09:54:39,876-mp_log-INFO-已审核
2019-02-19 09:54:40,173-mp_log-INFO-已审核
2019-02-19 09:54:40,532-mp_log-INFO-审核失败
2019-02-19 09:54:40,844-mp_log-INFO-已审核
2019-02-19 09:54:41,124-mp_log-INFO-审核失败
2019-02-19 09:54:41,468-mp_log-INFO-已审核
2019-02-19 09:54:41,764-mp_log-INFO-已审核
2019-02-19 09:54:42,310-mp_log-INFO-已审核
2019-02-19 09:54:42,310-mp_log-INFO-审核失败
2019-02-19 09:54:42,747-mp_log-INFO-审核中
2019-02-19 09:54:43,230-mp_log-INFO-审核失败
2019-02-19 09:54:43,574-mp_log-INFO-审核失败
2019-02-19 09:54:43,667-mp_log-INFO-已审核
2019-02-19 09:54:43,995-mp_log-INFO-审核失败
2019-02-19 09:54:44,244-mp_log-INFO-已审核
2019-02-19 09:54:44,556-mp_log-INFO-审核失败
2019-02-19 09:54:44,759-mp_log-INFO-已审核
2019-02-19 09:54:45,227-mp_log-INFO-已审核
2019-02-19 09:54:45,446-mp_log-INFO-审核失败
2019-02-19 09:54:45,789-mp_log-INFO-审核失败
2019-02-19 09:54:46,101-mp_log-INFO-审核失败
2019-02-19 09:54:46,678-mp_log-INFO-已审核
2019-02-19 09:54:46,756-mp_log-INFO-审核失败
2019-02-19 09:54:47,068-mp_log-INFO-已审核
2019-02-19 09:54:47,848-mp_log-INFO-已审核
2019-02-19 09:54:48,051-mp_log-INFO-审核失败
2019-02-19 09:54:48,300-mp_log-INFO-审核失败
2019-02-19 09:54:48,597-mp_log-INFO-已审核
2019-02-19 09:54:48,987-mp_log-INFO-审核中
2019-02-19 09:54:49,361-mp_log-INFO-已审核
2019-02-19 09:54:49,580-mp_log-INFO-已审核
2019-02-19 09:54:49,892-mp_log-INFO-审核失败
2019-02-19 09:54:50,313-mp_log-INFO-已审核
2019-02-19 09:54:50,578-mp_log-INFO-审核失败
2019-02-19 09:54:50,796-mp_log-INFO-已审核
2019-02-19 09:54:51,124-mp_log-INFO-审核失败
2019-02-19 09:54:51,436-mp_log-INFO-审核失败
2019-02-19 09:54:52,138-mp_log-INFO-审核失败
2019-02-19 09:54:52,200-mp_log-INFO-审核中
2019-02-19 09:54:52,684-mp_log-INFO-已审核
2019-02-19 09:54:52,871-mp_log-INFO-审核失败
2019-02-19 09:54:52,980-mp_log-INFO-已审核
2019-02-19 09:54:53,214-mp_log-INFO-已审核
2019-02-19 09:54:53,558-mp_log-INFO-已审核
2019-02-19 09:54:53,901-mp_log-INFO-已审核
2019-02-19 09:54:54,291-mp_log-INFO-已审核
2019-02-19 09:54:54,572-mp_log-INFO-已审核
2019-02-19 09:54:55,258-mp_log-INFO-审核失败
2019-02-19 09:54:55,398-mp_log-INFO-已审核
2019-02-19 09:54:55,820-mp_log-INFO-审核失败
2019-02-19 09:54:56,225-mp_log-INFO-审核失败
2019-02-19 09:54:56,412-mp_log-INFO-已审核
2019-02-19 09:54:56,865-mp_log-INFO-已审核
2019-02-19 09:54:57,052-mp_log-INFO-审核失败
2019-02-19 09:54:57,395-mp_log-INFO-审核失败
2019-02-19 09:54:57,754-mp_log-INFO-已审核
2019-02-19 09:54:58,066-mp_log-INFO-已审核
2019-02-19 09:54:58,362-mp_log-INFO-审核失败
2019-02-19 09:54:58,518-mp_log-INFO-已审核
2019-02-19 09:54:58,986-mp_log-INFO-审核失败
2019-02-19 09:54:59,283-mp_log-INFO-审核失败
2019-02-19 09:54:59,501-mp_log-INFO-审核失败
2019-02-19 09:54:59,829-mp_log-INFO-审核失败
2019-02-19 09:55:00,141-mp_log-INFO-已审核
2019-02-19 09:55:00,500-mp_log-INFO-已审核
2019-02-19 09:55:00,890-mp_log-INFO-审核失败
2019-02-19 09:55:01,092-mp_log-INFO-审核失败
2019-02-19 09:55:01,420-mp_log-INFO-已审核
2019-02-19 09:55:01,763-mp_log-INFO-审核失败
2019-02-19 09:55:02,122-mp_log-INFO-审核失败
2019-02-19 09:55:02,403-mp_log-INFO-已审核
2019-02-19 09:55:02,949-mp_log-INFO-审核中
2019-02-19 09:55:03,042-mp_log-INFO-审核失败
2019-02-19 09:55:03,401-mp_log-INFO-已审核
2019-02-19 09:55:03,698-mp_log-INFO-审核失败
2019-02-19 09:55:03,885-mp_log-INFO-审核失败
2019-02-19 09:55:04,181-mp_log-INFO-审核失败
2019-02-19 09:55:04,493-mp_log-INFO-审核失败
2019-02-19 09:55:04,930-mp_log-INFO-已审核
2019-02-19 09:55:05,133-mp_log-INFO-审核失败
2019-02-19 09:55:05,398-mp_log-INFO-已审核
2019-02-19 09:55:05,694-mp_log-INFO-审核失败
2019-02-19 09:55:06,131-mp_log-INFO-已审核
2019-02-19 09:55:06,287-mp_log-INFO-已审核
2019-02-19 09:55:06,677-mp_log-INFO-审核失败
2019-02-19 09:55:07,067-mp_log-INFO-审核失败
2019-02-19 09:55:07,426-mp_log-INFO-审核失败
2019-02-19 09:55:07,691-mp_log-INFO-审核失败
2019-02-19 09:55:07,910-mp_log-INFO-已审核
2019-02-19 09:55:08,315-mp_log-INFO-审核失败
2019-02-19 09:55:08,534-mp_log-INFO-审核失败
2019-02-19 09:55:08,892-mp_log-INFO-审核失败
2019-02-19 09:55:09,220-mp_log-INFO-审核失败
2019-02-19 09:55:09,579-mp_log-INFO-审核失败
2019-02-19 09:55:09,828-mp_log-INFO-审核失败
2019-02-19 09:55:10,109-mp_log-INFO-审核失败
2019-02-19 09:55:10,452-mp_log-INFO-已审核
2019-02-19 09:55:10,764-mp_log-INFO-已审核
2019-02-19 09:55:11,139-mp_log-INFO-审核失败
2019-02-19 09:55:11,404-mp_log-INFO-审核失败
2019-02-19 09:55:11,747-mp_log-INFO-审核中
2019-02-19 09:55:11,981-mp_log-INFO-审核失败
2019-02-19 09:55:12,324-mp_log-INFO-审核失败
2019-02-19 09:55:12,543-mp_log-INFO-审核失败
2019-02-19 09:55:13,042-mp_log-INFO-审核失败
2019-02-19 09:55:13,260-mp_log-INFO-已审核
2019-02-19 09:55:13,853-mp_log-INFO-审核失败
2019-02-19 09:55:14,212-mp_log-INFO-审核失败
2019-02-19 09:55:14,540-mp_log-INFO-已审核
2019-02-19 09:55:14,586-mp_log-INFO-已审核
2019-02-19 09:55:14,836-mp_log-INFO-审核失败
2019-02-19 09:55:15,132-mp_log-INFO-已审核
2019-02-19 09:55:15,476-mp_log-INFO-已审核
2019-02-19 09:55:16,084-mp_log-INFO-审核失败
2019-02-19 09:55:16,458-mp_log-INFO-审核中
2019-02-19 09:55:16,521-mp_log-INFO-审核失败
2019-02-19 09:55:16,677-mp_log-INFO-审核失败
2019-02-19 09:55:17,067-mp_log-INFO-已审核
2019-02-19 09:55:17,348-mp_log-INFO-审核中
2019-02-19 09:55:17,628-mp_log-INFO-审核失败
2019-02-19 09:55:17,894-mp_log-INFO-已审核
2019-02-19 09:55:18,174-mp_log-INFO-已审核
2019-02-19 09:55:18,642-mp_log-INFO-审核失败
2019-02-19 09:55:18,908-mp_log-INFO-审核失败
2019-02-19 09:55:19,610-mp_log-INFO-已审核
2019-02-19 09:55:19,812-mp_log-INFO-审核失败
2019-02-19 09:55:20,312-mp_log-INFO-审核失败
2019-02-19 09:55:20,468-mp_log-INFO-审核失败
2019-02-19 09:55:20,748-mp_log-INFO-审核失败
2019-02-19 09:55:21,014-mp_log-INFO-已审核
2019-02-19 09:55:21,388-mp_log-INFO-审核失败
2019-02-19 09:55:21,762-mp_log-INFO-已审核
2019-02-19 09:55:21,965-mp_log-INFO-审核失败
