2019-02-18 19:06:44,008-Getlogin-ERROR-'token'
2019-02-18 19:06:44,009-mp_log-INFO-token获取成功......
2019-02-18 19:06:50,091-mp_log-INFO-获取所有小程序信息成功......
2019-02-18 19:06:50,702-mp_log-INFO-获取最新模板信息成功.......
2019-02-18 19:06:53,819-mp_log-INFO-芳妍美容提交成功
2019-02-18 19:06:54,676-mp_log-INFO-伊之花美容提交成功
2019-02-18 19:06:55,209-mp_log-INFO-曼奇莎提交成功
2019-02-18 19:06:55,854-mp_log-ERROR-漂亮宝贝提交失败
2019-02-18 19:06:56,005-mp_log-INFO-赫阁尔提交成功
2019-02-18 19:06:56,332-mp_log-INFO-诗美逸提交成功
2019-02-18 19:06:56,962-mp_log-INFO-梦颜科美提交成功
2019-02-18 19:06:57,353-mp_log-INFO-都市点点提交成功
2019-02-18 19:06:57,883-mp_log-INFO-木子美甲美睫提交成功
2019-02-18 19:06:58,321-mp_log-INFO-灵动提交成功
2019-02-18 19:06:58,966-mp_log-INFO-美美昭彦提交成功
2019-02-18 19:06:59,395-mp_log-INFO-HB美尚荟提交成功
2019-02-18 19:07:00,063-mp_log-INFO-Youngface提交成功
2019-02-18 19:07:00,330-mp_log-INFO-爱睿熙国际提交成功
2019-02-18 19:07:01,061-mp_log-INFO-当今悦美提交成功
2019-02-18 19:07:01,476-mp_log-INFO-谦和国际提交成功
2019-02-18 19:07:01,804-mp_log-INFO-米蝶·快美吧提交成功
2019-02-18 19:07:02,390-mp_log-INFO-iBEATA贝娅塔提交成功
2019-02-18 19:07:02,997-mp_log-INFO-东方丽人提交成功
2019-02-18 19:07:03,442-mp_log-INFO-盛士兰提交成功
2019-02-18 19:07:03,707-mp_log-INFO-玫瑰坊提交成功
2019-02-18 19:07:05,028-mp_log-ERROR-美人记Diary提交失败
2019-02-18 19:07:05,211-mp_log-INFO-悠兰lyj提交成功
2019-02-18 19:07:05,442-mp_log-INFO-来就健康提交成功
2019-02-18 19:07:05,562-mp_log-INFO-恒美世纪提交成功
2019-02-18 19:07:06,349-mp_log-INFO-美范·珺之屋提交成功
2019-02-18 19:07:06,848-mp_log-INFO-菲梵经典提交成功
2019-02-18 19:07:07,485-mp_log-INFO-爱美丽提交成功
2019-02-18 19:07:07,828-mp_log-INFO-漂亮如你提交成功
2019-02-18 19:07:08,450-mp_log-INFO-广西宝宝爱提交成功
2019-02-18 19:07:08,805-mp_log-INFO-虞诗蔓提交成功
2019-02-18 19:07:09,352-mp_log-INFO-D5 season提交成功
2019-02-18 19:07:09,563-mp_log-INFO-唯艳美提交成功
2019-02-18 19:07:10,281-mp_log-INFO-吉美妍丽提交成功
2019-02-18 19:07:11,044-mp_log-INFO-书白美企提交成功
2019-02-18 19:07:11,293-mp_log-INFO-霭伦恩美提交成功
2019-02-18 19:07:11,856-mp_log-INFO-来美吧提交成功
2019-02-18 19:07:12,410-mp_log-INFO-伊美朗提交成功
2019-02-18 19:07:12,681-mp_log-INFO-美美一生提交成功
2019-02-18 19:07:13,536-mp_log-INFO-佳婳天美提交成功
2019-02-18 19:07:13,832-mp_log-INFO-兴美源提交成功
2019-02-18 19:07:14,104-mp_log-INFO-优年轻提交成功
2019-02-18 19:07:14,878-mp_log-INFO-美美昭妍提交成功
2019-02-18 19:07:15,808-mp_log-INFO-娇阑美颜提交成功
2019-02-18 19:07:16,486-mp_log-INFO-PS智能美肤提交成功
2019-02-18 19:07:16,497-mp_log-INFO-阿星国际提交成功
2019-02-18 19:07:16,920-mp_log-INFO-巴黎情缘提交成功
2019-02-18 19:07:17,326-mp_log-INFO-梅兰丽人提交成功
2019-02-18 19:07:18,254-mp_log-INFO-燕燕尊尚美容提交成功
2019-02-18 19:07:18,401-mp_log-INFO-美由心生提交成功
2019-02-18 19:07:19,153-mp_log-INFO-诗露丽涵提交成功
2019-02-18 19:07:19,454-mp_log-INFO-蓝蒂蔻提交成功
2019-02-18 19:07:19,941-mp_log-INFO-东方仕典提交成功
2019-02-18 19:07:19,989-mp_log-ERROR-GOGO宝迪提交失败
2019-02-18 19:07:20,407-mp_log-INFO-韩流美美店提交成功
2019-02-18 19:07:21,326-mp_log-INFO-月瘦月美提交成功
2019-02-18 19:07:22,154-mp_log-INFO-启程金典美业提交成功
2019-02-18 19:07:22,516-mp_log-INFO-年轻我可以提交成功
2019-02-18 19:07:22,939-mp_log-INFO-明剪一秀提交成功
2019-02-18 19:07:23,556-mp_log-INFO-深圳丝客富提交成功
2019-02-18 19:07:23,902-mp_log-INFO-DuDuBeauty提交成功
2019-02-18 19:07:24,606-mp_log-INFO-栢草源提交成功
2019-02-18 19:07:24,983-mp_log-INFO-ONI速美提交成功
2019-02-18 19:07:25,363-mp_log-INFO-YAN健康•美+提交成功
2019-02-18 19:07:25,928-mp_log-INFO-MMbeauty提交成功
2019-02-18 19:07:26,523-mp_log-INFO-靓佳人提交成功
2019-02-18 19:07:27,175-mp_log-INFO-ME智慧美店提交成功
2019-02-18 19:07:27,932-mp_log-INFO-二院美丽之约提交成功
2019-02-18 19:07:28,505-mp_log-INFO-紫舟美业提交成功
2019-02-18 19:07:28,741-mp_log-INFO-阿芙洛蒂提交成功
2019-02-18 19:07:29,086-mp_log-INFO-来了美标榜店提交成功
2019-02-18 19:07:29,777-mp_log-INFO-美德福提交成功
2019-02-18 19:07:30,169-mp_log-INFO-岳灵生发提交成功
2019-02-18 19:07:30,443-mp_log-INFO-美姿源提交成功
2019-02-18 19:07:30,975-mp_log-INFO-维多丽雅提交成功
2019-02-18 19:07:31,480-mp_log-INFO-杭州桐雅提交成功
2019-02-18 19:07:31,595-mp_log-ERROR-祐美祐康提交失败
2019-02-18 19:07:32,083-mp_log-INFO-王海棠养生馆提交成功
2019-02-18 19:07:32,950-mp_log-INFO-圣水伊人提交成功
2019-02-18 19:07:33,566-mp_log-INFO-窈窕淑女提交成功
2019-02-18 19:07:34,015-mp_log-INFO-绮莉尔智能美提交成功
2019-02-18 19:07:34,537-mp_log-INFO-香密雅CIMIA提交成功
2019-02-18 19:07:35,062-mp_log-ERROR-轻医美提交失败
2019-02-18 19:07:35,120-mp_log-INFO-来了美提交成功
2019-02-18 19:07:35,605-mp_log-INFO-云SPA提交成功
2019-02-18 19:07:36,337-mp_log-INFO-世纪春天提交成功
2019-02-18 19:07:36,947-mp_log-INFO-BabyBeauty提交成功
2019-02-18 19:07:37,482-mp_log-INFO-纤指百媚提交成功
2019-02-18 19:07:37,853-mp_log-INFO-美之颜提交成功
2019-02-18 19:07:38,346-mp_log-INFO-贝琳菲美业提交成功
2019-02-18 19:07:38,736-mp_log-INFO-郦芙蓉beauty提交成功
2019-02-18 19:07:39,106-mp_log-ERROR-服务商账号提交失败
2019-02-18 19:07:39,481-mp_log-INFO-指妃提交成功
2019-02-18 19:07:39,869-mp_log-INFO-羽梦蝶提交成功
2019-02-18 19:07:41,089-mp_log-INFO-狮子卫士提交成功
2019-02-18 19:07:41,355-mp_log-INFO-创美雅香莱提交成功
2019-02-18 19:07:41,541-mp_log-ERROR-涣美医疗提交失败
2019-02-18 19:07:42,052-mp_log-INFO-艾面一族 提交成功
2019-02-18 19:07:42,908-mp_log-INFO-曼姿提交成功
2019-02-18 19:07:43,612-mp_log-INFO-圣婕美甲美睫提交成功
2019-02-18 19:07:44,250-mp_log-INFO-美丽九九提交成功
2019-02-18 19:07:44,423-mp_log-INFO-南国西子提交成功
2019-02-18 19:07:45,036-mp_log-INFO-玉颜堂提交成功
2019-02-18 19:07:45,636-mp_log-INFO-金美源提交成功
2019-02-18 19:07:46,015-mp_log-INFO-爱玛仕嘉提交成功
2019-02-18 19:07:46,527-mp_log-INFO-成都净美天使提交成功
2019-02-18 19:07:46,886-mp_log-INFO-美姿来就美提交成功
2019-02-18 19:07:47,419-mp_log-INFO-IVY艾菲芭提交成功
2019-02-18 19:07:48,128-mp_log-INFO-引导美体验店提交成功
2019-02-18 19:07:48,803-mp_log-INFO-来了美雲会所提交成功
2019-02-18 19:07:49,107-mp_log-INFO-SoBeauty提交成功
2019-02-18 19:07:49,745-mp_log-INFO-蒙妮莎新美容提交成功
2019-02-18 19:07:50,046-mp_log-INFO-来了美美吧提交成功
2019-02-18 19:07:50,564-mp_log-INFO-优文专业脱毛提交成功
2019-02-18 19:07:50,831-mp_log-INFO-如生堂提交成功
2019-02-18 19:07:51,668-mp_log-INFO-贝施纤体提交成功
2019-02-18 19:07:51,947-mp_log-INFO-色彩纯姬提交成功
2019-02-18 19:07:52,456-mp_log-INFO-红妆倾城提交成功
2019-02-18 19:07:52,964-mp_log-INFO-广西快来美提交成功
2019-02-18 19:07:53,260-mp_log-ERROR-董萍智慧美店提交失败
2019-02-18 19:07:53,407-mp_log-INFO-美了就来提交成功
2019-02-18 19:07:54,554-mp_log-INFO-俏丽屋提交成功
2019-02-18 19:07:54,955-mp_log-INFO-YoungDream提交成功
2019-02-18 19:07:55,503-mp_log-INFO-女秀才提交成功
2019-02-18 19:07:56,036-mp_log-INFO-東美人儿提交成功
2019-02-18 19:07:56,653-mp_log-INFO-唯美童妍提交成功
2019-02-18 19:07:57,724-mp_log-INFO-健丽宝美容提交成功
2019-02-18 19:07:57,958-mp_log-INFO-掌上美管家A提交成功
2019-02-18 19:07:57,972-mp_log-INFO-BV美聚提交成功
2019-02-18 19:07:58,568-mp_log-INFO-荷塘韵色提交成功
2019-02-18 19:07:59,125-mp_log-INFO-雅涛世家提交成功
2019-02-18 19:07:59,247-mp_log-ERROR-呈悦医疗提交失败
2019-02-18 19:07:59,727-mp_log-INFO-双妹美容提交成功
2019-02-18 19:08:00,877-mp_log-INFO-来了美千丝美提交成功
2019-02-18 19:08:01,086-mp_log-ERROR-弘粹堂提交失败
2019-02-18 19:08:01,165-mp_log-INFO-女主角美容提交成功
2019-02-18 19:08:01,584-mp_log-INFO-来了就体验账提交成功
2019-02-18 19:08:02,575-mp_log-INFO-环球美容提交成功
2019-02-18 19:08:03,106-mp_log-INFO-乐聚提交成功
2019-02-18 19:08:03,612-mp_log-INFO-诗芙侬提交成功
2019-02-18 19:08:04,266-mp_log-INFO-雅梵GOGO提交成功
2019-02-18 19:08:04,383-mp_log-INFO-妮娜形象管理提交成功
2019-02-18 19:08:05,061-mp_log-INFO-赢美肌提交成功
2019-02-18 19:08:05,564-mp_log-INFO-馨境堂提交成功
2019-02-18 19:08:06,020-mp_log-INFO-果蔬美容提交成功
2019-02-18 19:08:06,887-mp_log-INFO-东方秀丽提交成功
2019-02-18 19:08:07,082-mp_log-INFO-文轩专业美容提交成功
