2019-02-18 11:29:44,938-Getlogin-ERROR-'token'
2019-02-18 11:29:44,941-mp_log-INFO-token获取成功......
2019-02-18 11:29:52,237-mp_log-INFO-获取所有小程序信息成功......
2019-02-18 11:29:52,823-mp_log-INFO-获取最新模板信息成功.......
2019-02-18 11:29:54,218-mp_log-INFO-审核失败
2019-02-18 11:29:54,658-mp_log-INFO-已审核
2019-02-18 11:29:54,698-mp_log-INFO-审核失败
2019-02-18 11:29:55,249-mp_log-INFO-审核失败
2019-02-18 11:29:55,749-mp_log-INFO-已审核
2019-02-18 11:29:56,440-mp_log-INFO-已审核
2019-02-18 11:29:56,446-mp_log-INFO-审核失败
2019-02-18 11:29:56,834-mp_log-INFO-已审核
2019-02-18 11:29:57,049-mp_log-INFO-审核失败
2019-02-18 11:29:57,532-mp_log-INFO-审核失败
2019-02-18 11:29:57,545-mp_log-INFO-已审核
2019-02-18 11:29:57,840-mp_log-INFO-已审核
2019-02-18 11:29:58,314-mp_log-INFO-已审核
2019-02-18 11:29:58,595-mp_log-INFO-已审核
2019-02-18 11:29:58,825-mp_log-INFO-审核失败
2019-02-18 11:29:59,267-mp_log-INFO-已审核
2019-02-18 11:29:59,717-mp_log-INFO-已审核
2019-02-18 11:29:59,778-mp_log-INFO-审核失败
2019-02-18 11:30:00,305-mp_log-INFO-审核失败
2019-02-18 11:30:00,464-mp_log-INFO-审核失败
2019-02-18 11:30:00,694-mp_log-INFO-已审核
2019-02-18 11:30:00,954-mp_log-INFO-审核失败
2019-02-18 11:30:01,820-mp_log-INFO-已审核
2019-02-18 11:30:01,924-mp_log-INFO-已审核
2019-02-18 11:30:02,149-mp_log-INFO-已审核
2019-02-18 11:30:02,547-mp_log-INFO-已审核
2019-02-18 11:30:02,713-mp_log-INFO-已审核
2019-02-18 11:30:03,082-mp_log-INFO-已审核
2019-02-18 11:30:03,247-mp_log-INFO-已审核
2019-02-18 11:30:03,697-mp_log-INFO-审核失败
2019-02-18 11:30:03,897-mp_log-INFO-审核失败
2019-02-18 11:30:04,278-mp_log-INFO-已审核
2019-02-18 11:30:04,566-mp_log-INFO-已审核
2019-02-18 11:30:04,768-mp_log-INFO-已审核
2019-02-18 11:30:05,152-mp_log-INFO-已审核
2019-02-18 11:30:05,406-mp_log-INFO-审核失败
2019-02-18 11:30:05,682-mp_log-INFO-已审核
2019-02-18 11:30:06,128-mp_log-INFO-已审核
2019-02-18 11:30:06,386-mp_log-INFO-已审核
2019-02-18 11:30:06,664-mp_log-INFO-已审核
2019-02-18 11:30:06,937-mp_log-INFO-已审核
2019-02-18 11:30:07,244-mp_log-INFO-审核失败
2019-02-18 11:30:07,618-mp_log-INFO-已审核
2019-02-18 11:30:07,831-mp_log-INFO-已审核
2019-02-18 11:30:08,078-mp_log-INFO-已审核
2019-02-18 11:30:08,481-mp_log-INFO-已审核
2019-02-18 11:30:08,773-mp_log-INFO-已审核
2019-02-18 11:30:09,144-mp_log-INFO-已审核
2019-02-18 11:30:09,382-mp_log-INFO-已审核
2019-02-18 11:30:10,020-mp_log-INFO-审核失败
2019-02-18 11:30:10,095-mp_log-INFO-已审核
2019-02-18 11:30:10,322-mp_log-INFO-审核失败
2019-02-18 11:30:10,573-mp_log-INFO-已审核
2019-02-18 11:30:10,907-mp_log-INFO-已审核
2019-02-18 11:30:11,180-mp_log-INFO-已审核
2019-02-18 11:30:11,490-mp_log-INFO-已审核
2019-02-18 11:30:11,881-mp_log-INFO-已审核
2019-02-18 11:30:12,086-mp_log-INFO-已审核
2019-02-18 11:30:12,385-mp_log-INFO-已审核
2019-02-18 11:30:12,753-mp_log-INFO-审核失败
2019-02-18 11:30:12,973-mp_log-INFO-已审核
2019-02-18 11:30:13,240-mp_log-INFO-审核失败
2019-02-18 11:30:13,563-mp_log-INFO-已审核
2019-02-18 11:30:14,020-mp_log-INFO-已审核
2019-02-18 11:30:14,127-mp_log-INFO-审核失败
2019-02-18 11:30:14,471-mp_log-INFO-已审核
2019-02-18 11:30:14,714-mp_log-INFO-审核失败
2019-02-18 11:30:15,106-mp_log-INFO-审核失败
2019-02-18 11:30:15,394-mp_log-INFO-审核失败
2019-02-18 11:30:15,848-mp_log-INFO-已审核
2019-02-18 11:30:15,970-mp_log-INFO-审核失败
2019-02-18 11:30:16,226-mp_log-INFO-已审核
2019-02-18 11:30:16,665-mp_log-INFO-已审核
2019-02-18 11:30:16,842-mp_log-INFO-已审核
2019-02-18 11:30:17,329-mp_log-INFO-审核失败
2019-02-18 11:30:17,483-mp_log-INFO-已审核
2019-02-18 11:30:17,736-mp_log-INFO-已审核
2019-02-18 11:30:18,190-mp_log-INFO-已审核
2019-02-18 11:30:18,440-mp_log-INFO-已审核
2019-02-18 11:30:18,773-mp_log-INFO-已审核
2019-02-18 11:30:19,055-mp_log-INFO-已审核
2019-02-18 11:30:19,319-mp_log-INFO-已审核
2019-02-18 11:30:19,720-mp_log-INFO-已审核
2019-02-18 11:30:19,944-mp_log-INFO-审核失败
2019-02-18 11:30:20,342-mp_log-INFO-已审核
2019-02-18 11:30:20,581-mp_log-INFO-已审核
2019-02-18 11:30:20,862-mp_log-INFO-已审核
2019-02-18 11:30:21,216-mp_log-INFO-审核失败
2019-02-18 11:30:21,621-mp_log-INFO-已审核
2019-02-18 11:30:21,698-mp_log-INFO-审核失败
2019-02-18 11:30:22,027-mp_log-INFO-已审核
2019-02-18 11:30:22,366-mp_log-INFO-已审核
2019-02-18 11:30:22,633-mp_log-INFO-已审核
2019-02-18 11:30:22,969-mp_log-INFO-审核失败
2019-02-18 11:30:23,311-mp_log-INFO-已审核
2019-02-18 11:30:23,491-mp_log-INFO-已审核
2019-02-18 11:30:23,854-mp_log-INFO-已审核
2019-02-18 11:30:24,146-mp_log-INFO-已审核
2019-02-18 11:30:24,400-mp_log-INFO-审核失败
2019-02-18 11:30:24,778-mp_log-INFO-已审核
2019-02-18 11:30:25,030-mp_log-INFO-已审核
2019-02-18 11:30:25,405-mp_log-INFO-已审核
2019-02-18 11:30:25,710-mp_log-INFO-已审核
2019-02-18 11:30:25,934-mp_log-INFO-已审核
2019-02-18 11:30:26,291-mp_log-INFO-已审核
2019-02-18 11:30:26,600-mp_log-INFO-审核失败
2019-02-18 11:30:27,121-mp_log-INFO-已审核
2019-02-18 11:30:27,557-mp_log-INFO-审核失败
2019-02-18 11:30:27,755-mp_log-INFO-已审核
2019-02-18 11:30:27,931-mp_log-INFO-已审核
2019-02-18 11:30:28,510-mp_log-INFO-审核失败
2019-02-18 11:30:29,104-mp_log-INFO-审核失败
2019-02-18 11:30:29,272-mp_log-INFO-已审核
2019-02-18 11:30:29,425-mp_log-INFO-已审核
2019-02-18 11:30:29,883-mp_log-INFO-已审核
2019-02-18 11:30:30,010-mp_log-INFO-已审核
2019-02-18 11:30:30,273-mp_log-INFO-审核失败
2019-02-18 11:30:30,506-mp_log-INFO-已审核
2019-02-18 11:30:30,892-mp_log-INFO-已审核
2019-02-18 11:30:31,350-mp_log-INFO-已审核
2019-02-18 11:30:31,433-mp_log-INFO-已审核
2019-02-18 11:30:31,781-mp_log-INFO-审核失败
2019-02-18 11:30:32,149-mp_log-INFO-已审核
2019-02-18 11:30:32,322-mp_log-INFO-审核失败
2019-02-18 11:30:32,742-mp_log-INFO-审核失败
2019-02-18 11:30:32,785-mp_log-INFO-已审核
2019-02-18 11:30:33,454-mp_log-INFO-已审核
2019-02-18 11:30:33,457-mp_log-INFO-已审核
2019-02-18 11:30:33,850-mp_log-INFO-已审核
2019-02-18 11:30:34,102-mp_log-INFO-已审核
2019-02-18 11:30:34,418-mp_log-INFO-已审核
2019-02-18 11:30:34,646-mp_log-INFO-已审核
2019-02-18 11:30:35,427-mp_log-INFO-审核失败
2019-02-18 11:30:35,574-mp_log-INFO-已审核
2019-02-18 11:30:35,895-mp_log-INFO-审核失败
2019-02-18 11:30:36,244-mp_log-INFO-审核失败
2019-02-18 11:30:36,519-mp_log-INFO-已审核
2019-02-18 11:30:36,743-mp_log-INFO-已审核
2019-02-18 11:30:37,135-mp_log-INFO-已审核
2019-02-18 11:30:37,442-mp_log-INFO-审核失败
2019-02-18 11:30:37,769-mp_log-INFO-已审核
2019-02-18 11:30:38,092-mp_log-INFO-已审核
2019-02-18 11:30:38,253-mp_log-INFO-已审核
2019-02-18 11:30:38,571-mp_log-INFO-已审核
2019-02-18 11:30:38,942-mp_log-INFO-审核失败
2019-02-18 11:30:39,193-mp_log-INFO-审核失败
2019-02-18 11:30:39,467-mp_log-INFO-审核失败
2019-02-18 11:30:40,011-mp_log-INFO-已审核
2019-02-18 11:30:40,067-mp_log-INFO-已审核
2019-02-18 11:30:40,378-mp_log-INFO-已审核
2019-02-18 11:30:40,764-mp_log-INFO-审核失败
2019-02-18 11:30:40,938-mp_log-INFO-审核失败
2019-02-18 11:30:41,315-mp_log-INFO-已审核
2019-02-18 11:30:41,637-mp_log-INFO-已审核
2019-02-18 11:30:41,943-mp_log-INFO-已审核
2019-02-18 11:30:42,305-mp_log-INFO-已审核
2019-02-18 11:30:42,470-mp_log-INFO-已审核
2019-02-18 11:30:42,813-mp_log-INFO-已审核
2019-02-18 11:30:43,115-mp_log-INFO-已审核
2019-02-18 11:30:43,469-mp_log-INFO-审核失败
2019-02-18 11:30:43,700-mp_log-INFO-已审核
2019-02-18 11:30:43,985-mp_log-INFO-审核失败
2019-02-18 11:30:44,330-mp_log-INFO-审核失败
2019-02-18 11:30:44,675-mp_log-INFO-已审核
2019-02-18 11:30:44,994-mp_log-INFO-审核失败
2019-02-18 11:30:45,210-mp_log-INFO-已审核
2019-02-18 11:30:45,497-mp_log-INFO-审核失败
2019-02-18 11:30:45,743-mp_log-INFO-已审核
2019-02-18 11:30:46,164-mp_log-INFO-已审核
2019-02-18 11:30:46,631-mp_log-INFO-已审核
2019-02-18 11:30:47,133-mp_log-INFO-审核失败
2019-02-18 11:30:47,135-mp_log-INFO-审核失败
2019-02-18 11:30:47,550-mp_log-INFO-审核失败
2019-02-18 11:30:47,804-mp_log-INFO-已审核
2019-02-18 11:30:48,184-mp_log-INFO-审核失败
2019-02-18 11:30:48,291-mp_log-INFO-审核失败
2019-02-18 11:30:48,761-mp_log-INFO-审核失败
2019-02-18 11:30:48,948-mp_log-INFO-审核失败
2019-02-18 11:30:49,302-mp_log-INFO-已审核
2019-02-18 11:30:49,562-mp_log-INFO-审核失败
2019-02-18 11:30:49,821-mp_log-INFO-已审核
2019-02-18 11:30:50,194-mp_log-INFO-已审核
2019-02-18 11:30:50,464-mp_log-INFO-已审核
2019-02-18 11:30:50,708-mp_log-INFO-审核失败
2019-02-18 11:30:50,942-mp_log-INFO-已审核
2019-02-18 11:30:51,474-mp_log-INFO-已审核
2019-02-18 11:30:51,691-mp_log-INFO-审核失败
2019-02-18 11:30:51,883-mp_log-INFO-审核失败
2019-02-18 11:30:52,421-mp_log-INFO-已审核
2019-02-18 11:30:52,519-mp_log-INFO-审核失败
2019-02-18 11:30:53,033-mp_log-INFO-已审核
2019-02-18 11:30:53,117-mp_log-INFO-已审核
2019-02-18 11:30:53,459-mp_log-INFO-已审核
2019-02-18 11:30:53,781-mp_log-INFO-审核失败
2019-02-18 11:30:54,009-mp_log-INFO-已审核
2019-02-18 11:30:54,328-mp_log-INFO-已审核
2019-02-18 11:30:54,879-mp_log-INFO-已审核
2019-02-18 11:30:54,987-mp_log-INFO-已审核
2019-02-18 11:30:55,778-mp_log-INFO-审核失败
2019-02-18 11:30:55,905-mp_log-INFO-已审核
2019-02-18 11:30:56,149-mp_log-INFO-已审核
2019-02-18 11:30:56,330-mp_log-INFO-已审核
2019-02-18 11:30:56,568-mp_log-INFO-已审核
2019-02-18 11:30:56,738-mp_log-INFO-已审核
2019-02-18 11:30:57,087-mp_log-INFO-已审核
2019-02-18 11:30:57,233-mp_log-INFO-已审核
2019-02-18 11:30:57,551-mp_log-INFO-已审核
2019-02-18 11:30:58,017-mp_log-INFO-审核失败
2019-02-18 11:30:58,253-mp_log-INFO-已审核
2019-02-18 11:30:58,823-mp_log-INFO-已审核
2019-02-18 11:30:59,134-mp_log-INFO-已审核
2019-02-18 11:30:59,500-mp_log-INFO-审核失败
2019-02-18 11:30:59,897-mp_log-INFO-已审核
2019-02-18 11:31:00,148-mp_log-INFO-审核失败
2019-02-18 11:31:00,271-mp_log-INFO-已审核
2019-02-18 11:31:00,643-mp_log-INFO-审核失败
2019-02-18 11:31:01,098-mp_log-INFO-已审核
2019-02-18 11:31:01,531-mp_log-INFO-审核失败
