2019-02-18 11:27:39,828-Getlogin-ERROR-'token'
2019-02-18 11:27:39,830-mp_log-INFO-token获取成功......
2019-02-18 11:27:47,563-mp_log-INFO-获取所有小程序信息成功......
2019-02-18 11:27:48,388-mp_log-INFO-获取最新模板信息成功.......
2019-02-18 11:27:49,658-mp_log-INFO-审核失败
2019-02-18 11:27:50,048-mp_log-INFO-审核失败
2019-02-18 11:27:50,271-mp_log-INFO-已审核
2019-02-18 11:27:50,783-mp_log-INFO-审核失败
2019-02-18 11:27:51,554-mp_log-INFO-已审核
2019-02-18 11:27:52,007-mp_log-INFO-审核失败
2019-02-18 11:27:52,132-mp_log-INFO-已审核
2019-02-18 11:27:52,388-mp_log-INFO-已审核
2019-02-18 11:27:52,668-mp_log-INFO-审核失败
2019-02-18 11:27:52,991-mp_log-INFO-已审核
2019-02-18 11:27:53,477-mp_log-INFO-已审核
2019-02-18 11:27:53,477-mp_log-INFO-审核失败
2019-02-18 11:27:53,887-mp_log-INFO-已审核
2019-02-18 11:27:54,115-mp_log-INFO-已审核
2019-02-18 11:27:54,474-mp_log-INFO-审核失败
2019-02-18 11:27:54,799-mp_log-INFO-已审核
2019-02-18 11:27:55,128-mp_log-INFO-审核失败
2019-02-18 11:27:55,310-mp_log-INFO-已审核
2019-02-18 11:27:55,879-mp_log-INFO-审核失败
2019-02-18 11:27:55,899-mp_log-INFO-审核失败
2019-02-18 11:27:56,310-mp_log-INFO-已审核
2019-02-18 11:27:56,481-mp_log-INFO-审核失败
2019-02-18 11:27:56,857-mp_log-INFO-已审核
2019-02-18 11:27:57,523-mp_log-INFO-已审核
2019-02-18 11:27:57,728-mp_log-INFO-已审核
2019-02-18 11:27:58,303-mp_log-INFO-已审核
2019-02-18 11:27:58,370-mp_log-INFO-已审核
2019-02-18 11:27:58,755-mp_log-INFO-已审核
2019-02-18 11:27:58,977-mp_log-INFO-已审核
2019-02-18 11:27:59,227-mp_log-INFO-审核失败
2019-02-18 11:27:59,669-mp_log-INFO-审核失败
2019-02-18 11:28:00,142-mp_log-INFO-已审核
2019-02-18 11:28:00,205-mp_log-INFO-已审核
2019-02-18 11:28:00,483-mp_log-INFO-已审核
2019-02-18 11:28:01,004-mp_log-INFO-已审核
2019-02-18 11:28:01,113-mp_log-INFO-审核失败
2019-02-18 11:28:01,444-mp_log-INFO-已审核
2019-02-18 11:28:01,688-mp_log-INFO-已审核
2019-02-18 11:28:02,098-mp_log-INFO-已审核
2019-02-18 11:28:02,360-mp_log-INFO-已审核
2019-02-18 11:28:02,616-mp_log-INFO-已审核
2019-02-18 11:28:02,755-mp_log-INFO-审核失败
2019-02-18 11:28:03,274-mp_log-INFO-已审核
2019-02-18 11:28:03,437-mp_log-INFO-已审核
2019-02-18 11:28:03,908-mp_log-INFO-已审核
2019-02-18 11:28:04,101-mp_log-INFO-已审核
2019-02-18 11:28:04,502-mp_log-INFO-已审核
2019-02-18 11:28:04,868-mp_log-INFO-已审核
2019-02-18 11:28:04,990-mp_log-INFO-已审核
2019-02-18 11:28:05,479-mp_log-INFO-审核失败
2019-02-18 11:28:05,642-mp_log-INFO-已审核
2019-02-18 11:28:05,819-mp_log-INFO-审核失败
2019-02-18 11:28:06,167-mp_log-INFO-已审核
2019-02-18 11:28:06,494-mp_log-INFO-已审核
2019-02-18 11:28:07,084-mp_log-INFO-已审核
2019-02-18 11:28:07,403-mp_log-INFO-已审核
2019-02-18 11:28:07,648-mp_log-INFO-已审核
2019-02-18 11:28:07,814-mp_log-INFO-已审核
2019-02-18 11:28:08,008-mp_log-INFO-已审核
2019-02-18 11:28:08,295-mp_log-INFO-审核失败
2019-02-18 11:28:08,576-mp_log-INFO-已审核
2019-02-18 11:28:09,042-mp_log-INFO-审核失败
2019-02-18 11:28:09,480-mp_log-INFO-已审核
2019-02-18 11:28:09,722-mp_log-INFO-已审核
2019-02-18 11:28:09,775-mp_log-INFO-审核失败
2019-02-18 11:28:10,488-mp_log-INFO-审核失败
2019-02-18 11:28:10,690-mp_log-INFO-审核失败
2019-02-18 11:28:10,804-mp_log-INFO-已审核
2019-02-18 11:28:10,938-mp_log-INFO-审核失败
2019-02-18 11:28:11,196-mp_log-INFO-已审核
2019-02-18 11:28:11,642-mp_log-INFO-审核失败
2019-02-18 11:28:11,880-mp_log-INFO-已审核
2019-02-18 11:28:12,233-mp_log-INFO-已审核
2019-02-18 11:28:12,513-mp_log-INFO-已审核
2019-02-18 11:28:12,896-mp_log-INFO-审核失败
2019-02-18 11:28:13,177-mp_log-INFO-已审核
2019-02-18 11:28:13,389-mp_log-INFO-已审核
2019-02-18 11:28:13,974-mp_log-INFO-已审核
2019-02-18 11:28:14,298-mp_log-INFO-已审核
2019-02-18 11:28:14,398-mp_log-INFO-已审核
2019-02-18 11:28:14,691-mp_log-INFO-已审核
2019-02-18 11:28:14,923-mp_log-INFO-已审核
2019-02-18 11:28:15,284-mp_log-INFO-已审核
2019-02-18 11:28:15,586-mp_log-INFO-审核失败
2019-02-18 11:28:15,854-mp_log-INFO-已审核
2019-02-18 11:28:16,263-mp_log-INFO-已审核
2019-02-18 11:28:16,512-mp_log-INFO-已审核
2019-02-18 11:28:16,895-mp_log-INFO-审核失败
2019-02-18 11:28:17,093-mp_log-INFO-已审核
2019-02-18 11:28:17,449-mp_log-INFO-审核失败
2019-02-18 11:28:17,669-mp_log-INFO-已审核
2019-02-18 11:28:18,151-mp_log-INFO-已审核
2019-02-18 11:28:18,240-mp_log-INFO-已审核
2019-02-18 11:28:18,581-mp_log-INFO-审核失败
2019-02-18 11:28:18,964-mp_log-INFO-已审核
2019-02-18 11:28:19,147-mp_log-INFO-已审核
2019-02-18 11:28:19,661-mp_log-INFO-已审核
2019-02-18 11:28:20,040-mp_log-INFO-已审核
2019-02-18 11:28:20,234-mp_log-INFO-审核失败
2019-02-18 11:28:20,566-mp_log-INFO-已审核
2019-02-18 11:28:20,634-mp_log-INFO-已审核
2019-02-18 11:28:21,045-mp_log-INFO-已审核
2019-02-18 11:28:21,985-mp_log-INFO-已审核
2019-02-18 11:28:21,988-mp_log-INFO-已审核
2019-02-18 11:28:22,459-mp_log-INFO-已审核
2019-02-18 11:28:22,685-mp_log-INFO-审核失败
2019-02-18 11:28:22,885-mp_log-INFO-已审核
2019-02-18 11:28:23,043-mp_log-INFO-审核失败
2019-02-18 11:28:23,207-mp_log-INFO-已审核
2019-02-18 11:28:23,934-mp_log-INFO-审核失败
2019-02-18 11:28:24,398-mp_log-INFO-已审核
2019-02-18 11:28:24,447-mp_log-INFO-审核失败
2019-02-18 11:28:24,622-mp_log-INFO-已审核
2019-02-18 11:28:25,106-mp_log-INFO-已审核
2019-02-18 11:28:25,307-mp_log-INFO-已审核
2019-02-18 11:28:25,638-mp_log-INFO-已审核
2019-02-18 11:28:25,899-mp_log-INFO-审核失败
2019-02-18 11:28:26,201-mp_log-INFO-已审核
2019-02-18 11:28:26,788-mp_log-INFO-已审核
2019-02-18 11:28:27,036-mp_log-INFO-已审核
2019-02-18 11:28:27,242-mp_log-INFO-已审核
2019-02-18 11:28:27,542-mp_log-INFO-审核失败
2019-02-18 11:28:27,990-mp_log-INFO-已审核
2019-02-18 11:28:28,407-mp_log-INFO-审核失败
2019-02-18 11:28:28,601-mp_log-INFO-已审核
2019-02-18 11:28:28,607-mp_log-INFO-审核失败
2019-02-18 11:28:29,036-mp_log-INFO-已审核
2019-02-18 11:28:29,160-mp_log-INFO-已审核
2019-02-18 11:28:29,774-mp_log-INFO-已审核
2019-02-18 11:28:29,782-mp_log-INFO-已审核
2019-02-18 11:28:30,017-mp_log-INFO-已审核
2019-02-18 11:28:30,329-mp_log-INFO-已审核
2019-02-18 11:28:31,020-mp_log-INFO-审核失败
2019-02-18 11:28:31,547-mp_log-INFO-已审核
2019-02-18 11:28:31,616-mp_log-INFO-审核失败
2019-02-18 11:28:32,059-mp_log-INFO-审核失败
2019-02-18 11:28:32,084-mp_log-INFO-已审核
2019-02-18 11:28:32,521-mp_log-INFO-已审核
2019-02-18 11:28:32,858-mp_log-INFO-已审核
2019-02-18 11:28:33,023-mp_log-INFO-审核失败
2019-02-18 11:28:33,471-mp_log-INFO-已审核
2019-02-18 11:28:33,750-mp_log-INFO-已审核
2019-02-18 11:28:33,961-mp_log-INFO-已审核
2019-02-18 11:28:34,372-mp_log-INFO-已审核
2019-02-18 11:28:34,546-mp_log-INFO-审核失败
2019-02-18 11:28:34,904-mp_log-INFO-审核失败
2019-02-18 11:28:35,287-mp_log-INFO-审核失败
2019-02-18 11:28:35,688-mp_log-INFO-已审核
2019-02-18 11:28:35,743-mp_log-INFO-已审核
2019-02-18 11:28:36,144-mp_log-INFO-已审核
2019-02-18 11:28:36,496-mp_log-INFO-审核失败
2019-02-18 11:28:36,719-mp_log-INFO-审核失败
2019-02-18 11:28:36,936-mp_log-INFO-已审核
2019-02-18 11:28:37,261-mp_log-INFO-已审核
2019-02-18 11:28:37,675-mp_log-INFO-已审核
2019-02-18 11:28:37,951-mp_log-INFO-已审核
2019-02-18 11:28:38,180-mp_log-INFO-已审核
2019-02-18 11:28:38,580-mp_log-INFO-已审核
2019-02-18 11:28:38,704-mp_log-INFO-已审核
2019-02-18 11:28:39,194-mp_log-INFO-审核失败
2019-02-18 11:28:39,516-mp_log-INFO-已审核
2019-02-18 11:28:39,716-mp_log-INFO-审核失败
2019-02-18 11:28:39,941-mp_log-INFO-审核失败
2019-02-18 11:28:40,349-mp_log-INFO-已审核
2019-02-18 11:28:40,614-mp_log-INFO-审核失败
2019-02-18 11:28:40,830-mp_log-INFO-已审核
2019-02-18 11:28:41,185-mp_log-INFO-审核失败
2019-02-18 11:28:41,481-mp_log-INFO-已审核
2019-02-18 11:28:41,745-mp_log-INFO-已审核
2019-02-18 11:28:42,070-mp_log-INFO-已审核
2019-02-18 11:28:42,342-mp_log-INFO-审核失败
2019-02-18 11:28:42,808-mp_log-INFO-审核失败
2019-02-18 11:28:42,966-mp_log-INFO-审核失败
2019-02-18 11:28:43,221-mp_log-INFO-已审核
2019-02-18 11:28:43,580-mp_log-INFO-审核失败
2019-02-18 11:28:43,903-mp_log-INFO-审核失败
2019-02-18 11:28:44,263-mp_log-INFO-审核失败
2019-02-18 11:28:44,514-mp_log-INFO-审核失败
2019-02-18 11:28:44,766-mp_log-INFO-已审核
2019-02-18 11:28:45,098-mp_log-INFO-审核失败
2019-02-18 11:28:45,533-mp_log-INFO-已审核
2019-02-18 11:28:45,729-mp_log-INFO-已审核
2019-02-18 11:28:46,065-mp_log-INFO-已审核
2019-02-18 11:28:46,247-mp_log-INFO-审核失败
2019-02-18 11:28:46,844-mp_log-INFO-已审核
2019-02-18 11:28:47,155-mp_log-INFO-已审核
2019-02-18 11:28:47,405-mp_log-INFO-审核失败
2019-02-18 11:28:47,758-mp_log-INFO-审核失败
2019-02-18 11:28:47,836-mp_log-INFO-审核失败
2019-02-18 11:28:48,164-mp_log-INFO-已审核
2019-02-18 11:28:48,622-mp_log-INFO-已审核
2019-02-18 11:28:48,739-mp_log-INFO-已审核
2019-02-18 11:28:49,103-mp_log-INFO-已审核
2019-02-18 11:28:49,395-mp_log-INFO-审核失败
2019-02-18 11:28:49,768-mp_log-INFO-已审核
2019-02-18 11:28:49,970-mp_log-INFO-已审核
2019-02-18 11:28:50,198-mp_log-INFO-已审核
2019-02-18 11:28:50,578-mp_log-INFO-已审核
2019-02-18 11:28:51,152-mp_log-INFO-审核失败
2019-02-18 11:28:51,207-mp_log-INFO-已审核
2019-02-18 11:28:51,679-mp_log-INFO-已审核
2019-02-18 11:28:51,740-mp_log-INFO-已审核
2019-02-18 11:28:52,140-mp_log-INFO-已审核
2019-02-18 11:28:52,333-mp_log-INFO-已审核
2019-02-18 11:28:52,626-mp_log-INFO-已审核
2019-02-18 11:28:52,916-mp_log-INFO-已审核
2019-02-18 11:28:53,426-mp_log-INFO-已审核
2019-02-18 11:28:53,679-mp_log-INFO-审核失败
2019-02-18 11:28:53,806-mp_log-INFO-已审核
2019-02-18 11:28:54,469-mp_log-INFO-已审核
2019-02-18 11:28:54,804-mp_log-INFO-已审核
2019-02-18 11:28:55,116-mp_log-INFO-审核失败
2019-02-18 11:28:55,513-mp_log-INFO-已审核
2019-02-18 11:28:55,702-mp_log-INFO-审核失败
2019-02-18 11:28:55,988-mp_log-INFO-已审核
2019-02-18 11:28:56,270-mp_log-INFO-审核失败
2019-02-18 11:28:56,606-mp_log-INFO-已审核
2019-02-18 11:28:56,888-mp_log-INFO-审核失败
