2019-02-16 14:25:29,024-Getlogin-ERROR-'token'
2019-02-16 14:25:29,024-mp_log-INFO-token获取成功......
2019-02-16 14:25:45,887-Getlogin-ERROR-'token'
2019-02-16 14:25:45,887-mp_log-INFO-token获取成功......
2019-02-16 14:25:53,063-mp_log-INFO-获取所有小程序信息成功......
2019-02-16 14:25:53,640-mp_log-INFO-获取最新模板信息成功.......
2019-02-16 14:25:56,589-mp_log-INFO-环亚美容提交成功
2019-02-16 14:25:57,291-mp_log-ERROR-sdfdsfdsf提交失败
2019-02-16 14:25:57,587-mp_log-INFO-诺研皮肤管理提交成功
2019-02-16 14:25:57,899-mp_log-INFO-芳妍美容提交成功
2019-02-16 14:25:58,180-mp_log-INFO-绿苑女子提交成功
2019-02-16 14:25:59,646-mp_log-INFO-广州七号驻颜提交成功
2019-02-16 14:26:00,302-mp_log-INFO-伊之花美容提交成功
2019-02-16 14:26:01,066-mp_log-INFO-曼奇莎提交成功
2019-02-16 14:26:01,269-mp_log-INFO-颐和美容提交成功
2019-02-16 14:26:02,096-mp_log-INFO-诗美逸提交成功
2019-02-16 14:26:02,158-mp_log-INFO-赫阁尔提交成功
2019-02-16 14:26:02,735-mp_log-INFO-草木缘提交成功
2019-02-16 14:26:03,359-mp_log-ERROR-漂亮宝贝提交失败
2019-02-16 14:26:03,531-mp_log-INFO-梦颜科美提交成功
2019-02-16 14:26:04,030-mp_log-INFO-都市点点提交成功
2019-02-16 14:26:04,498-mp_log-INFO-来了美佳澜店提交成功
2019-02-16 14:26:05,013-mp_log-INFO-木子美甲美睫提交成功
2019-02-16 14:26:05,559-mp_log-INFO-润妃国际提交成功
2019-02-16 14:26:05,933-mp_log-INFO-灵动提交成功
2019-02-16 14:26:06,464-mp_log-INFO-康丽皇家提交成功
2019-02-16 14:26:07,166-mp_log-INFO-美丽驿站提交成功
2019-02-16 14:26:07,478-mp_log-ERROR-市场演示专用提交失败
2019-02-16 14:26:07,618-mp_log-INFO-美美昭彦提交成功
2019-02-16 14:26:08,242-mp_log-INFO-匠美JMBEAUTY提交成功
2019-02-16 14:26:08,632-mp_log-INFO-HB美尚荟提交成功
2019-02-16 14:26:09,584-mp_log-INFO-Youngface提交成功
2019-02-16 14:26:10,005-mp_log-INFO-爱睿熙国际提交成功
2019-02-16 14:26:10,613-mp_log-INFO-当今悦美提交成功
2019-02-16 14:26:10,988-mp_log-INFO-谦和国际提交成功
2019-02-16 14:26:12,267-mp_log-INFO-米蝶·快美吧提交成功
2019-02-16 14:26:12,360-mp_log-INFO-iBEATA贝娅塔提交成功
2019-02-16 14:26:13,484-mp_log-INFO-当代经典提交成功
2019-02-16 14:26:13,718-mp_log-INFO-菲常美提交成功
2019-02-16 14:26:14,326-mp_log-INFO-盛士兰提交成功
2019-02-16 14:26:14,732-mp_log-INFO-玫瑰坊提交成功
2019-02-16 14:26:15,044-mp_log-INFO-东方丽人提交成功
2019-02-16 14:26:15,137-mp_log-INFO-悠兰lyj提交成功
2019-02-16 14:26:15,902-mp_log-INFO-芊思雅莎莎提交成功
2019-02-16 14:26:16,463-mp_log-ERROR-美人记Diary提交失败
2019-02-16 14:26:16,557-mp_log-INFO-来就健康提交成功
2019-02-16 14:26:16,994-mp_log-INFO-恒美世纪提交成功
2019-02-16 14:26:18,054-mp_log-INFO-美范·珺之屋提交成功
2019-02-16 14:26:18,522-mp_log-INFO-菲梵经典提交成功
2019-02-16 14:26:19,505-mp_log-INFO-爱美丽提交成功
2019-02-16 14:26:19,926-mp_log-INFO-漂亮如你提交成功
2019-02-16 14:26:19,942-mp_log-INFO-悦芳泉SPA提交成功
2019-02-16 14:26:20,453-mp_log-INFO-广西宝宝爱提交成功
2019-02-16 14:26:21,064-mp_log-INFO-虞诗蔓提交成功
2019-02-16 14:26:21,707-mp_log-INFO-D5 season提交成功
2019-02-16 14:26:22,010-mp_log-INFO-唯艳美提交成功
2019-02-16 14:26:22,539-mp_log-INFO-吉美妍丽提交成功
2019-02-16 14:26:23,108-mp_log-INFO-雪依氏提交成功
2019-02-16 14:26:23,547-mp_log-INFO-书白美企提交成功
2019-02-16 14:26:24,374-mp_log-INFO-星美国际提交成功
2019-02-16 14:26:24,664-mp_log-INFO-霭伦恩美提交成功
2019-02-16 14:26:24,901-mp_log-INFO-来美吧提交成功
2019-02-16 14:26:25,489-mp_log-INFO-伊美朗提交成功
2019-02-16 14:26:26,331-mp_log-INFO-美美一生提交成功
2019-02-16 14:26:26,649-mp_log-INFO-佳婳天美提交成功
2019-02-16 14:26:27,083-mp_log-INFO-兴美源提交成功
2019-02-16 14:26:27,457-mp_log-INFO-优年轻提交成功
2019-02-16 14:26:27,925-mp_log-INFO-易康国际提交成功
2019-02-16 14:26:28,735-mp_log-INFO-美美昭妍提交成功
2019-02-16 14:26:29,128-mp_log-INFO-佐登妮丝提交成功
2019-02-16 14:26:29,923-mp_log-INFO-阿星国际提交成功
2019-02-16 14:26:30,719-mp_log-INFO-娇阑美颜提交成功
2019-02-16 14:26:31,203-mp_log-INFO-爱女士提交成功
2019-02-16 14:26:31,421-mp_log-INFO-PS智能美肤提交成功
2019-02-16 14:26:32,029-mp_log-INFO-艾妍整形提交成功
2019-02-16 14:26:32,778-mp_log-INFO-姿曼美容spa提交成功
2019-02-16 14:26:32,841-mp_log-INFO-珍珍美容会所提交成功
2019-02-16 14:26:33,184-mp_log-INFO-巴黎情缘提交成功
2019-02-16 14:26:34,026-mp_log-INFO-百合春天提交成功
2019-02-16 14:26:34,245-mp_log-INFO-梅兰丽人提交成功
2019-02-16 14:26:34,884-mp_log-INFO-美由心生提交成功
2019-02-16 14:26:35,524-mp_log-INFO-燕燕尊尚美容提交成功
2019-02-16 14:26:36,070-mp_log-INFO-雅致璇肌提交成功
2019-02-16 14:26:36,538-mp_log-INFO-诗露丽涵提交成功
2019-02-16 14:26:36,865-mp_log-INFO-蓝蒂蔻提交成功
2019-02-16 14:26:37,380-mp_log-INFO-东方仕典提交成功
2019-02-16 14:26:37,661-mp_log-ERROR-GOGO宝迪提交失败
2019-02-16 14:26:38,113-mp_log-INFO-韩流美美店提交成功
2019-02-16 14:26:38,987-mp_log-INFO-月瘦月美提交成功
2019-02-16 14:26:39,564-mp_log-INFO-启程金典美业提交成功
2019-02-16 14:26:40,157-mp_log-INFO-年轻我可以提交成功
2019-02-16 14:26:40,734-mp_log-INFO-精工皇族提交成功
2019-02-16 14:26:41,031-mp_log-INFO-明剪一秀提交成功
2019-02-16 14:26:41,561-mp_log-INFO-深圳丝客富提交成功
2019-02-16 14:26:41,920-mp_log-INFO-DuDuBeauty提交成功
2019-02-16 14:26:42,544-mp_log-INFO-琉璃水城提交成功
2019-02-16 14:26:42,965-mp_log-INFO-栢草源提交成功
2019-02-16 14:26:43,776-mp_log-INFO-杭州东方整形提交成功
2019-02-16 14:26:44,041-mp_log-INFO-ONI速美提交成功
2019-02-16 14:26:44,697-mp_log-INFO-YAN健康•美+提交成功
2019-02-16 14:26:45,321-mp_log-INFO-MMbeauty提交成功
2019-02-16 14:26:45,695-mp_log-INFO-美共享提交成功
2019-02-16 14:26:46,194-mp_log-INFO-靓佳人提交成功
2019-02-16 14:26:46,553-mp_log-INFO-ME智慧美店提交成功
2019-02-16 14:26:47,817-mp_log-INFO-紫舟美业提交成功
2019-02-16 14:26:48,331-mp_log-INFO-二院美丽之约提交成功
2019-02-16 14:26:48,409-mp_log-INFO-南洋beauty提交成功
2019-02-16 14:26:48,846-mp_log-INFO-阿芙洛蒂提交成功
2019-02-16 14:26:49,751-mp_log-INFO-美德福提交成功
2019-02-16 14:26:49,751-mp_log-INFO-来了美标榜店提交成功
2019-02-16 14:26:50,344-mp_log-INFO-岳灵生发提交成功
2019-02-16 14:26:50,765-mp_log-INFO-美姿源提交成功
2019-02-16 14:26:51,327-mp_log-INFO-维多丽雅提交成功
2019-02-16 14:26:52,075-mp_log-INFO-雅典娜提交成功
2019-02-16 14:26:52,450-mp_log-INFO-杭州桐雅提交成功
2019-02-16 14:26:52,933-mp_log-ERROR-光速美提交失败
2019-02-16 14:26:53,058-mp_log-INFO-妃香伊丹提交成功
2019-02-16 14:26:53,089-mp_log-ERROR-祐美祐康提交失败
2019-02-16 14:26:53,729-mp_log-INFO-王海棠养生馆提交成功
2019-02-16 14:26:54,930-mp_log-INFO-张氏纳然姬朵提交成功
2019-02-16 14:26:55,476-mp_log-INFO-魅力华健提交成功
2019-02-16 14:26:55,882-mp_log-INFO-圣水伊人提交成功
2019-02-16 14:26:56,615-mp_log-INFO-窈窕淑女提交成功
2019-02-16 14:26:57,239-mp_log-INFO-绮莉尔智能美提交成功
2019-02-16 14:26:57,629-mp_log-INFO-香密雅CIMIA提交成功
2019-02-16 14:26:58,035-mp_log-INFO-妍雅媛提交成功
2019-02-16 14:26:58,581-mp_log-INFO-来了美提交成功
2019-02-16 14:26:58,799-mp_log-ERROR-轻医美提交失败
2019-02-16 14:26:59,049-mp_log-INFO-云SPA提交成功
2019-02-16 14:27:00,141-mp_log-INFO-世纪春天提交成功
2019-02-16 14:27:00,468-mp_log-INFO-贵妇人提交成功
2019-02-16 14:27:01,623-mp_log-INFO-奇遇提交成功
2019-02-16 14:27:02,200-mp_log-INFO-BabyBeauty提交成功
2019-02-16 14:27:02,231-mp_log-INFO-来了美韩尚恩提交成功
2019-02-16 14:27:02,995-mp_log-INFO-纤指百媚提交成功
2019-02-16 14:27:03,432-mp_log-INFO-美之颜提交成功
2019-02-16 14:27:03,697-mp_log-INFO-贝琳菲美业提交成功
2019-02-16 14:27:04,056-mp_log-INFO-郦芙蓉beauty提交成功
2019-02-16 14:27:04,540-mp_log-ERROR-服务商账号提交失败
2019-02-16 14:27:04,899-mp_log-INFO-指妃提交成功
2019-02-16 14:27:05,725-mp_log-INFO-羽梦蝶提交成功
2019-02-16 14:27:06,396-mp_log-INFO-香住SPA提交成功
2019-02-16 14:27:06,911-mp_log-INFO-狮子卫士提交成功
2019-02-16 14:27:07,036-mp_log-ERROR-黄氏百佳提交失败
2019-02-16 14:27:07,348-mp_log-INFO-佰味女人提交成功
2019-02-16 14:27:08,331-mp_log-INFO-创美雅香莱提交成功
2019-02-16 14:27:08,596-mp_log-ERROR-涣美医疗提交失败
2019-02-16 14:27:08,674-mp_log-INFO-艾面一族 提交成功
2019-02-16 14:27:09,906-mp_log-INFO-植美SPA提交成功
2019-02-16 14:27:10,515-mp_log-INFO-曼姿提交成功
2019-02-16 14:27:11,076-mp_log-INFO-圣婕美甲美睫提交成功
2019-02-16 14:27:11,310-mp_log-INFO-美丽九九提交成功
2019-02-16 14:27:11,856-mp_log-INFO-南国西子提交成功
2019-02-16 14:27:12,543-mp_log-INFO-百分国际美容提交成功
2019-02-16 14:27:13,042-mp_log-INFO-千颂伊美学中心提交成功
2019-02-16 14:27:13,494-mp_log-INFO-艾尚美美哒提交成功
2019-02-16 14:27:14,118-mp_log-INFO-玉颜堂提交成功
2019-02-16 14:27:14,680-mp_log-INFO-金美源提交成功
2019-02-16 14:27:14,992-mp_log-INFO-爱玛仕嘉提交成功
2019-02-16 14:27:15,663-mp_log-INFO-智能科技美店提交成功
2019-02-16 14:27:16,131-mp_log-INFO-欧妮薇提交成功
2019-02-16 14:27:16,567-mp_log-INFO-成都净美天使提交成功
2019-02-16 14:27:17,004-mp_log-INFO-美姿来就美提交成功
2019-02-16 14:27:17,675-mp_log-INFO-IVY艾菲芭提交成功
2019-02-16 14:27:18,190-mp_log-INFO-引导美体验店提交成功
2019-02-16 14:27:18,798-mp_log-INFO-来了美雲会所提交成功
2019-02-16 14:27:19,157-mp_log-INFO-SoBeauty提交成功
2019-02-16 14:27:19,719-mp_log-INFO-蒙妮莎新美容提交成功
2019-02-16 14:27:20,265-mp_log-INFO-筋生美提交成功
2019-02-16 14:27:20,733-mp_log-INFO-来了美美吧提交成功
2019-02-16 14:27:21,169-mp_log-INFO-金柏丽提交成功
2019-02-16 14:27:21,825-mp_log-INFO-长江九号提交成功
2019-02-16 14:27:22,308-mp_log-INFO-优文专业脱毛提交成功
2019-02-16 14:27:22,761-mp_log-INFO-天使国际提交成功
2019-02-16 14:27:23,525-mp_log-INFO-如生堂提交成功
2019-02-16 14:27:24,414-mp_log-INFO-梦田芳香Spa提交成功
2019-02-16 14:27:24,414-mp_log-INFO-贝施纤体提交成功
2019-02-16 14:27:24,851-mp_log-INFO-色彩纯姬提交成功
2019-02-16 14:27:25,350-mp_log-INFO-红妆倾城提交成功
2019-02-16 14:27:25,740-mp_log-INFO-丹阳圣莉斯歌提交成功
2019-02-16 14:27:26,411-mp_log-INFO-金贵人Beauty提交成功
2019-02-16 14:27:26,817-mp_log-INFO-芯语芳心提交成功
2019-02-16 14:27:27,207-mp_log-INFO-广西快来美提交成功
2019-02-16 14:27:28,127-mp_log-INFO-还原美提交成功
2019-02-16 14:27:28,283-mp_log-INFO-延颜美容提交成功
2019-02-16 14:27:28,985-mp_log-INFO-缘临医疗美容提交成功
2019-02-16 14:27:29,859-mp_log-INFO-梦圆皇宫提交成功
2019-02-16 14:27:30,295-mp_log-INFO-美了就来提交成功
2019-02-16 14:27:30,467-mp_log-ERROR-董萍智慧美店提交失败
2019-02-16 14:27:30,888-mp_log-INFO-恩雅提交成功
2019-02-16 14:27:31,699-mp_log-INFO-俏丽屋提交成功
2019-02-16 14:27:32,729-mp_log-INFO-YoungDream提交成功
2019-02-16 14:27:33,337-mp_log-INFO-DR美研博士提交成功
2019-02-16 14:27:33,649-mp_log-INFO-東美人儿提交成功
2019-02-16 14:27:33,790-mp_log-INFO-女秀才提交成功
2019-02-16 14:27:34,273-mp_log-INFO-承昱医疗提交成功
2019-02-16 14:27:34,710-mp_log-INFO-斓悦庭提交成功
2019-02-16 14:27:35,194-mp_log-INFO-美迩美整形提交成功
2019-02-16 14:27:35,584-mp_log-INFO-唯美童妍提交成功
2019-02-16 14:27:36,052-mp_log-INFO-BV美聚提交成功
2019-02-16 14:27:36,629-mp_log-INFO-健丽宝美容提交成功
2019-02-16 14:27:37,128-mp_log-INFO-掌上美管家A提交成功
2019-02-16 14:27:37,612-mp_log-INFO-博妍集美提交成功
2019-02-16 14:27:38,298-mp_log-INFO-荷塘韵色提交成功
2019-02-16 14:27:38,688-mp_log-INFO-雅涛世家提交成功
2019-02-16 14:27:39,016-mp_log-ERROR-呈悦医疗提交失败
2019-02-16 14:27:39,297-mp_log-INFO-双妹美容提交成功
2019-02-16 14:27:40,186-mp_log-INFO-来了美千丝美提交成功
2019-02-16 14:27:40,763-mp_log-INFO-世纪之春提交成功
2019-02-16 14:27:41,247-mp_log-INFO-雅梵GO美提交成功
2019-02-16 14:27:41,855-mp_log-INFO-女主角美容提交成功
2019-02-16 14:27:42,042-mp_log-ERROR-弘粹堂提交失败
2019-02-16 14:27:42,401-mp_log-INFO-来了就体验账提交成功
2019-02-16 14:27:43,275-mp_log-INFO-环球美容提交成功
2019-02-16 14:27:43,930-mp_log-INFO-乐聚提交成功
2019-02-16 14:27:44,507-mp_log-INFO-诗芙侬提交成功
2019-02-16 14:27:44,725-mp_log-ERROR-灰姑娘美甲提交失败
2019-02-16 14:27:44,866-mp_log-INFO-沧州美美达提交成功
2019-02-16 14:27:45,287-mp_log-INFO-妮娜形象管理提交成功
2019-02-16 14:27:46,426-mp_log-INFO-赢美肌提交成功
2019-02-16 14:27:47,019-mp_log-INFO-馨境堂提交成功
2019-02-16 14:27:47,409-mp_log-INFO-良沐健康管理提交成功
2019-02-16 14:27:48,064-mp_log-INFO-果蔬美容提交成功
2019-02-16 14:27:48,750-mp_log-INFO-贝兰思提交成功
2019-02-16 14:27:49,047-mp_log-INFO-东方秀丽提交成功
2019-02-16 14:27:49,905-mp_log-INFO-缔罗嘉佳提交成功
2019-02-16 14:27:50,170-mp_log-INFO-文轩专业美容提交成功
2019-02-16 14:27:50,529-mp_log-INFO-欧丽薇提交成功
