2019-02-16 14:22:54,431-Getlogin-ERROR-'token'
2019-02-16 14:22:54,431-mp_log-INFO-token获取成功......
2019-02-16 14:23:01,357-mp_log-INFO-获取所有小程序信息成功......
2019-02-16 14:23:01,997-mp_log-INFO-获取最新模板信息成功.......
2019-02-16 14:23:04,165-mp_log-ERROR-GOGOBeauty操作失败,失败原因{'status': 500, 'msg': '此管理中心未授权开放平台'}
2019-02-16 14:23:04,197-mp_log-INFO-环亚美容模板操作成功,模板名称20190216 商家正式版
2019-02-16 14:23:04,805-mp_log-INFO-诺研皮肤管理模板操作成功,模板名称20190216 商家正式版
2019-02-16 14:23:05,179-mp_log-ERROR-sdfdsfdsf操作失败,失败原因{'status': 500, 'msg': '此管理中心未授权开放平台'}
2019-02-16 14:23:05,413-mp_log-INFO-芳妍美容模板操作成功,模板名称20190216 商家正式版
2019-02-16 14:23:06,287-mp_log-INFO-绿苑女子模板操作成功,模板名称20190216 商家正式版
2019-02-16 14:23:07,410-mp_log-INFO-伊之花美容模板操作成功,模板名称20190216 商家正式版
2019-02-16 14:23:07,878-mp_log-INFO-广州七号驻颜模板操作成功,模板名称20190216 商家正式版
2019-02-16 14:23:08,315-mp_log-INFO-曼奇莎模板操作成功,模板名称20190216 商家正式版
2019-02-16 14:23:08,877-mp_log-INFO-诗美逸模板操作成功,模板名称20190216 商家正式版
2019-02-16 14:23:09,360-mp_log-INFO-颐和美容模板操作成功,模板名称20190216 商家正式版
2019-02-16 14:23:09,891-mp_log-INFO-赫阁尔模板操作成功,模板名称20190216 商家正式版
2019-02-16 14:23:10,421-mp_log-INFO-草木缘模板操作成功,模板名称20190216 商家正式版
2019-02-16 14:23:11,482-mp_log-INFO-梦颜科美模板操作成功,模板名称20190216 商家正式版
2019-02-16 14:23:11,919-mp_log-INFO-都市点点模板操作成功,模板名称20190216 商家正式版
2019-02-16 14:23:11,965-mp_log-INFO-漂亮宝贝模板操作成功,模板名称20190216 商家正式版
2019-02-16 14:23:12,418-mp_log-INFO-来了美佳澜店模板操作成功,模板名称20190216 商家正式版
2019-02-16 14:23:13,057-mp_log-INFO-木子美甲美睫模板操作成功,模板名称20190216 商家正式版
2019-02-16 14:23:13,822-mp_log-INFO-润妃国际模板操作成功,模板名称20190216 商家正式版
2019-02-16 14:23:13,978-mp_log-INFO-灵动模板操作成功,模板名称20190216 商家正式版
2019-02-16 14:23:14,493-mp_log-INFO-康丽皇家模板操作成功,模板名称20190216 商家正式版
2019-02-16 14:23:14,867-mp_log-INFO-美丽驿站模板操作成功,模板名称20190216 商家正式版
2019-02-16 14:23:15,491-mp_log-ERROR-市场演示专用操作失败,失败原因{'status': 500, 'msg': '此管理中心未授权开放平台'}
2019-02-16 14:23:15,522-mp_log-INFO-美美昭彦模板操作成功,模板名称20190216 商家正式版
2019-02-16 14:23:16,084-mp_log-INFO-匠美JMBEAUTY模板操作成功,模板名称20190216 商家正式版
2019-02-16 14:23:16,692-mp_log-INFO-HB美尚荟模板操作成功,模板名称20190216 商家正式版
2019-02-16 14:23:17,613-mp_log-INFO-Youngface模板操作成功,模板名称20190216 商家正式版
2019-02-16 14:23:18,018-mp_log-INFO-爱睿熙国际模板操作成功,模板名称20190216 商家正式版
2019-02-16 14:23:18,751-mp_log-INFO-当今悦美模板操作成功,模板名称20190216 商家正式版
2019-02-16 14:23:19,329-mp_log-INFO-谦和国际模板操作成功,模板名称20190216 商家正式版
2019-02-16 14:23:19,999-mp_log-INFO-米蝶·快美吧模板操作成功,模板名称20190216 商家正式版
2019-02-16 14:23:20,592-mp_log-INFO-菲常美模板操作成功,模板名称20190216 商家正式版
2019-02-16 14:23:20,655-mp_log-INFO-iBEATA贝娅塔模板操作成功,模板名称20190216 商家正式版
2019-02-16 14:23:21,341-mp_log-INFO-当代经典模板操作成功,模板名称20190216 商家正式版
2019-02-16 14:23:21,591-mp_log-INFO-东方丽人模板操作成功,模板名称20190216 商家正式版
2019-02-16 14:23:22,230-mp_log-INFO-盛士兰模板操作成功,模板名称20190216 商家正式版
2019-02-16 14:23:22,807-mp_log-INFO-玫瑰坊模板操作成功,模板名称20190216 商家正式版
2019-02-16 14:23:23,619-mp_log-INFO-悠兰lyj模板操作成功,模板名称20190216 商家正式版
2019-02-16 14:23:23,884-mp_log-INFO-芊思雅莎莎模板操作成功,模板名称20190216 商家正式版
2019-02-16 14:23:24,274-mp_log-INFO-来就健康模板操作成功,模板名称20190216 商家正式版
2019-02-16 14:23:24,835-mp_log-INFO-恒美世纪模板操作成功,模板名称20190216 商家正式版
2019-02-16 14:23:25,350-mp_log-INFO-美人记Diary模板操作成功,模板名称20190216 商家正式版
2019-02-16 14:23:25,787-mp_log-INFO-美范·珺之屋模板操作成功,模板名称20190216 商家正式版
2019-02-16 14:23:26,146-mp_log-INFO-菲梵经典模板操作成功,模板名称20190216 商家正式版
2019-02-16 14:23:26,801-mp_log-INFO-悦芳泉SPA模板操作成功,模板名称20190216 商家正式版
2019-02-16 14:23:27,347-mp_log-INFO-爱美丽模板操作成功,模板名称20190216 商家正式版
2019-02-16 14:23:27,862-mp_log-INFO-漂亮如你模板操作成功,模板名称20190216 商家正式版
2019-02-16 14:23:28,673-mp_log-INFO-广西宝宝爱模板操作成功,模板名称20190216 商家正式版
2019-02-16 14:23:28,938-mp_log-INFO-虞诗蔓模板操作成功,模板名称20190216 商家正式版
2019-02-16 14:23:29,453-mp_log-INFO-D5 season模板操作成功,模板名称20190216 商家正式版
2019-02-16 14:23:30,233-mp_log-INFO-唯艳美模板操作成功,模板名称20190216 商家正式版
2019-02-16 14:23:30,717-mp_log-INFO-吉美妍丽模板操作成功,模板名称20190216 商家正式版
2019-02-16 14:23:31,481-mp_log-INFO-雪依氏模板操作成功,模板名称20190216 商家正式版
2019-02-16 14:23:31,715-mp_log-INFO-书白美企模板操作成功,模板名称20190216 商家正式版
2019-02-16 14:23:32,152-mp_log-INFO-星美国际模板操作成功,模板名称20190216 商家正式版
2019-02-16 14:23:32,807-mp_log-INFO-霭伦恩美模板操作成功,模板名称20190216 商家正式版
2019-02-16 14:23:33,571-mp_log-INFO-来美吧模板操作成功,模板名称20190216 商家正式版
2019-02-16 14:23:33,821-mp_log-INFO-伊美朗模板操作成功,模板名称20190216 商家正式版
2019-02-16 14:23:34,149-mp_log-INFO-美美一生模板操作成功,模板名称20190216 商家正式版
2019-02-16 14:23:34,632-mp_log-INFO-佳婳天美模板操作成功,模板名称20190216 商家正式版
2019-02-16 14:23:35,194-mp_log-INFO-兴美源模板操作成功,模板名称20190216 商家正式版
2019-02-16 14:23:35,662-mp_log-INFO-优年轻模板操作成功,模板名称20190216 商家正式版
2019-02-16 14:23:36,130-mp_log-INFO-易康国际模板操作成功,模板名称20190216 商家正式版
2019-02-16 14:23:36,723-mp_log-INFO-美美昭妍模板操作成功,模板名称20190216 商家正式版
2019-02-16 14:23:37,128-mp_log-INFO-佐登妮丝模板操作成功,模板名称20190216 商家正式版
2019-02-16 14:23:37,674-mp_log-INFO-阿星国际模板操作成功,模板名称20190216 商家正式版
2019-02-16 14:23:38,283-mp_log-INFO-娇阑美颜模板操作成功,模板名称20190216 商家正式版
2019-02-16 14:23:38,626-mp_log-INFO-爱女士模板操作成功,模板名称20190216 商家正式版
2019-02-16 14:23:39,312-mp_log-INFO-PS智能美肤模板操作成功,模板名称20190216 商家正式版
2019-02-16 14:23:39,796-mp_log-INFO-艾妍整形模板操作成功,模板名称20190216 商家正式版
2019-02-16 14:23:40,279-mp_log-INFO-珍珍美容会所模板操作成功,模板名称20190216 商家正式版
2019-02-16 14:23:40,591-mp_log-INFO-姿曼美容spa模板操作成功,模板名称20190216 商家正式版
2019-02-16 14:23:41,293-mp_log-INFO-巴黎情缘模板操作成功,模板名称20190216 商家正式版
2019-02-16 14:23:41,746-mp_log-INFO-百合春天模板操作成功,模板名称20190216 商家正式版
2019-02-16 14:23:42,276-mp_log-INFO-梅兰丽人模板操作成功,模板名称20190216 商家正式版
2019-02-16 14:23:42,838-mp_log-INFO-美由心生模板操作成功,模板名称20190216 商家正式版
2019-02-16 14:23:43,228-mp_log-INFO-燕燕尊尚美容模板操作成功,模板名称20190216 商家正式版
2019-02-16 14:23:44,039-mp_log-INFO-雅致璇肌模板操作成功,模板名称20190216 商家正式版
2019-02-16 14:23:44,289-mp_log-INFO-诗露丽涵模板操作成功,模板名称20190216 商家正式版
2019-02-16 14:23:44,991-mp_log-INFO-蓝蒂蔻模板操作成功,模板名称20190216 商家正式版
2019-02-16 14:23:45,287-mp_log-INFO-东方仕典模板操作成功,模板名称20190216 商家正式版
2019-02-16 14:23:45,786-mp_log-INFO-韩流美美店模板操作成功,模板名称20190216 商家正式版
2019-02-16 14:23:46,332-mp_log-INFO-GOGO宝迪模板操作成功,模板名称20190216 商家正式版
2019-02-16 14:23:47,034-mp_log-INFO-月瘦月美模板操作成功,模板名称20190216 商家正式版
2019-02-16 14:23:47,377-mp_log-INFO-启程金典美业模板操作成功,模板名称20190216 商家正式版
2019-02-16 14:23:48,220-mp_log-INFO-年轻我可以模板操作成功,模板名称20190216 商家正式版
2019-02-16 14:23:48,391-mp_log-INFO-精工皇族模板操作成功,模板名称20190216 商家正式版
2019-02-16 14:23:48,953-mp_log-INFO-明剪一秀模板操作成功,模板名称20190216 商家正式版
2019-02-16 14:23:49,655-mp_log-INFO-深圳丝客富模板操作成功,模板名称20190216 商家正式版
2019-02-16 14:23:49,936-mp_log-INFO-DuDuBeauty模板操作成功,模板名称20190216 商家正式版
2019-02-16 14:23:50,466-mp_log-INFO-琉璃水城模板操作成功,模板名称20190216 商家正式版
2019-02-16 14:23:50,981-mp_log-INFO-栢草源模板操作成功,模板名称20190216 商家正式版
2019-02-16 14:23:51,449-mp_log-INFO-杭州东方整形模板操作成功,模板名称20190216 商家正式版
2019-02-16 14:23:51,995-mp_log-INFO-ONI速美模板操作成功,模板名称20190216 商家正式版
2019-02-16 14:23:52,525-mp_log-INFO-YAN健康•美+模板操作成功,模板名称20190216 商家正式版
2019-02-16 14:23:53,181-mp_log-INFO-MMbeauty模板操作成功,模板名称20190216 商家正式版
2019-02-16 14:23:53,664-mp_log-INFO-美共享模板操作成功,模板名称20190216 商家正式版
2019-02-16 14:23:54,163-mp_log-INFO-靓佳人模板操作成功,模板名称20190216 商家正式版
2019-02-16 14:23:54,772-mp_log-INFO-ME智慧美店模板操作成功,模板名称20190216 商家正式版
2019-02-16 14:23:55,115-mp_log-INFO-二院美丽之约模板操作成功,模板名称20190216 商家正式版
2019-02-16 14:23:55,677-mp_log-INFO-紫舟美业模板操作成功,模板名称20190216 商家正式版
2019-02-16 14:23:56,223-mp_log-INFO-南洋beauty模板操作成功,模板名称20190216 商家正式版
2019-02-16 14:23:56,831-mp_log-INFO-阿芙洛蒂模板操作成功,模板名称20190216 商家正式版
2019-02-16 14:23:57,237-mp_log-INFO-来了美标榜店模板操作成功,模板名称20190216 商家正式版
2019-02-16 14:23:57,751-mp_log-INFO-美德福模板操作成功,模板名称20190216 商家正式版
2019-02-16 14:23:58,516-mp_log-INFO-岳灵生发模板操作成功,模板名称20190216 商家正式版
2019-02-16 14:23:58,953-mp_log-INFO-美姿源模板操作成功,模板名称20190216 商家正式版
2019-02-16 14:23:59,265-mp_log-INFO-维多丽雅模板操作成功,模板名称20190216 商家正式版
2019-02-16 14:23:59,873-mp_log-INFO-雅典娜模板操作成功,模板名称20190216 商家正式版
2019-02-16 14:24:00,294-mp_log-INFO-杭州桐雅模板操作成功,模板名称20190216 商家正式版
2019-02-16 14:24:00,762-mp_log-INFO-妃香伊丹模板操作成功,模板名称20190216 商家正式版
2019-02-16 14:24:00,887-mp_log-ERROR-光速美操作失败,失败原因{'status': 500, 'msg': '此管理中心未授权开放平台'}
2019-02-16 14:24:01,355-mp_log-INFO-王海棠养生馆模板操作成功,模板名称20190216 商家正式版
2019-02-16 14:24:01,901-mp_log-INFO-祐美祐康模板操作成功,模板名称20190216 商家正式版
2019-02-16 14:24:02,790-mp_log-INFO-张氏纳然姬朵模板操作成功,模板名称20190216 商家正式版
2019-02-16 14:24:03,539-mp_log-INFO-魅力华健模板操作成功,模板名称20190216 商家正式版
2019-02-16 14:24:04,225-mp_log-INFO-圣水伊人模板操作成功,模板名称20190216 商家正式版
2019-02-16 14:24:04,444-mp_log-INFO-窈窕淑女模板操作成功,模板名称20190216 商家正式版
2019-02-16 14:24:05,005-mp_log-INFO-绮莉尔智能美模板操作成功,模板名称20190216 商家正式版
2019-02-16 14:24:05,442-mp_log-INFO-香密雅CIMIA模板操作成功,模板名称20190216 商家正式版
2019-02-16 14:24:05,863-mp_log-INFO-妍雅媛模板操作成功,模板名称20190216 商家正式版
2019-02-16 14:24:06,581-mp_log-INFO-来了美模板操作成功,模板名称20190216 商家正式版
2019-02-16 14:24:06,987-mp_log-INFO-云SPA模板操作成功,模板名称20190216 商家正式版
2019-02-16 14:24:07,595-mp_log-INFO-轻医美模板操作成功,模板名称20190216 商家正式版
2019-02-16 14:24:08,110-mp_log-INFO-世纪春天模板操作成功,模板名称20190216 商家正式版
2019-02-16 14:24:08,937-mp_log-INFO-贵妇人模板操作成功,模板名称20190216 商家正式版
2019-02-16 14:24:09,046-mp_log-INFO-BabyBeauty模板操作成功,模板名称20190216 商家正式版
2019-02-16 14:24:09,467-mp_log-INFO-奇遇模板操作成功,模板名称20190216 商家正式版
2019-02-16 14:24:10,668-mp_log-INFO-纤指百媚模板操作成功,模板名称20190216 商家正式版
2019-02-16 14:24:10,965-mp_log-INFO-来了美韩尚恩模板操作成功,模板名称20190216 商家正式版
2019-02-16 14:24:11,027-mp_log-INFO-美之颜模板操作成功,模板名称20190216 商家正式版
2019-02-16 14:24:12,072-mp_log-INFO-贝琳菲美业模板操作成功,模板名称20190216 商家正式版
2019-02-16 14:24:12,525-mp_log-INFO-GOGOBeauty模板操作成功,模板名称20190216 商家正式版
2019-02-16 14:24:12,587-mp_log-INFO-郦芙蓉beauty模板操作成功,模板名称20190216 商家正式版
2019-02-16 14:24:13,024-mp_log-ERROR-服务商账号操作失败,失败原因{'status': 'error', 'msg': 'component is not authorized by this account hint: [_bw_NA0283hb96]'}
2019-02-16 14:24:13,195-mp_log-INFO-指妃模板操作成功,模板名称20190216 商家正式版
2019-02-16 14:24:13,679-mp_log-INFO-羽梦蝶模板操作成功,模板名称20190216 商家正式版
2019-02-16 14:24:14,740-mp_log-INFO-香住SPA模板操作成功,模板名称20190216 商家正式版
2019-02-16 14:24:15,286-mp_log-INFO-狮子卫士模板操作成功,模板名称20190216 商家正式版
2019-02-16 14:24:15,660-mp_log-INFO-佰味女人模板操作成功,模板名称20190216 商家正式版
2019-02-16 14:24:16,315-mp_log-INFO-黄氏百佳模板操作成功,模板名称20190216 商家正式版
2019-02-16 14:24:17,314-mp_log-INFO-艾面一族 模板操作成功,模板名称20190216 商家正式版
2019-02-16 14:24:17,345-mp_log-INFO-创美雅香莱模板操作成功,模板名称20190216 商家正式版
2019-02-16 14:24:17,969-mp_log-INFO-涣美医疗模板操作成功,模板名称20190216 商家正式版
2019-02-16 14:24:18,484-mp_log-INFO-植美SPA模板操作成功,模板名称20190216 商家正式版
2019-02-16 14:24:18,780-mp_log-INFO-曼姿模板操作成功,模板名称20190216 商家正式版
2019-02-16 14:24:19,420-mp_log-INFO-圣婕美甲美睫模板操作成功,模板名称20190216 商家正式版
2019-02-16 14:24:20,153-mp_log-INFO-美丽九九模板操作成功,模板名称20190216 商家正式版
2019-02-16 14:24:20,309-mp_log-INFO-南国西子模板操作成功,模板名称20190216 商家正式版
2019-02-16 14:24:21,510-mp_log-INFO-千颂伊美学中心模板操作成功,模板名称20190216 商家正式版
2019-02-16 14:24:21,651-mp_log-INFO-百分国际美容模板操作成功,模板名称20190216 商家正式版
2019-02-16 14:24:21,838-mp_log-INFO-艾尚美美哒模板操作成功,模板名称20190216 商家正式版
2019-02-16 14:24:23,101-mp_log-INFO-金美源模板操作成功,模板名称20190216 商家正式版
2019-02-16 14:24:23,398-mp_log-INFO-爱玛仕嘉模板操作成功,模板名称20190216 商家正式版
2019-02-16 14:24:23,632-mp_log-INFO-玉颜堂模板操作成功,模板名称20190216 商家正式版
2019-02-16 14:24:23,913-mp_log-INFO-智能科技美店模板操作成功,模板名称20190216 商家正式版
2019-02-16 14:24:24,615-mp_log-INFO-欧妮薇模板操作成功,模板名称20190216 商家正式版
2019-02-16 14:24:25,098-mp_log-INFO-成都净美天使模板操作成功,模板名称20190216 商家正式版
2019-02-16 14:24:25,519-mp_log-INFO-美姿来就美模板操作成功,模板名称20190216 商家正式版
2019-02-16 14:24:26,050-mp_log-INFO-IVY艾菲芭模板操作成功,模板名称20190216 商家正式版
2019-02-16 14:24:26,580-mp_log-INFO-引导美体验店模板操作成功,模板名称20190216 商家正式版
2019-02-16 14:24:26,923-mp_log-INFO-来了美雲会所模板操作成功,模板名称20190216 商家正式版
2019-02-16 14:24:27,672-mp_log-INFO-SoBeauty模板操作成功,模板名称20190216 商家正式版
2019-02-16 14:24:28,171-mp_log-INFO-蒙妮莎新美容模板操作成功,模板名称20190216 商家正式版
2019-02-16 14:24:28,702-mp_log-INFO-筋生美模板操作成功,模板名称20190216 商家正式版
2019-02-16 14:24:29,014-mp_log-INFO-来了美美吧模板操作成功,模板名称20190216 商家正式版
2019-02-16 14:24:29,716-mp_log-INFO-金柏丽模板操作成功,模板名称20190216 商家正式版
2019-02-16 14:24:30,262-mp_log-INFO-长江九号模板操作成功,模板名称20190216 商家正式版
2019-02-16 14:24:30,792-mp_log-INFO-优文专业脱毛模板操作成功,模板名称20190216 商家正式版
2019-02-16 14:24:32,025-mp_log-INFO-天使国际模板操作成功,模板名称20190216 商家正式版
2019-02-16 14:24:32,181-mp_log-INFO-如生堂模板操作成功,模板名称20190216 商家正式版
2019-02-16 14:24:33,085-mp_log-INFO-贝施纤体模板操作成功,模板名称20190216 商家正式版
2019-02-16 14:24:33,148-mp_log-INFO-梦田芳香Spa模板操作成功,模板名称20190216 商家正式版
2019-02-16 14:24:33,694-mp_log-INFO-色彩纯姬模板操作成功,模板名称20190216 商家正式版
2019-02-16 14:24:33,881-mp_log-INFO-红妆倾城模板操作成功,模板名称20190216 商家正式版
2019-02-16 14:24:34,349-mp_log-INFO-丹阳圣莉斯歌模板操作成功,模板名称20190216 商家正式版
2019-02-16 14:24:34,801-mp_log-INFO-金贵人Beauty模板操作成功,模板名称20190216 商家正式版
2019-02-16 14:24:35,347-mp_log-INFO-芯语芳心模板操作成功,模板名称20190216 商家正式版
2019-02-16 14:24:35,800-mp_log-INFO-广西快来美模板操作成功,模板名称20190216 商家正式版
2019-02-16 14:24:36,408-mp_log-INFO-还原美模板操作成功,模板名称20190216 商家正式版
2019-02-16 14:24:36,907-mp_log-INFO-延颜美容模板操作成功,模板名称20190216 商家正式版
2019-02-16 14:24:37,360-mp_log-INFO-缘临医疗美容模板操作成功,模板名称20190216 商家正式版
2019-02-16 14:24:37,906-mp_log-INFO-梦圆皇宫模板操作成功,模板名称20190216 商家正式版
2019-02-16 14:24:38,233-mp_log-INFO-美了就来模板操作成功,模板名称20190216 商家正式版
2019-02-16 14:24:39,138-mp_log-INFO-恩雅模板操作成功,模板名称20190216 商家正式版
2019-02-16 14:24:39,435-mp_log-INFO-董萍智慧美店模板操作成功,模板名称20190216 商家正式版
2019-02-16 14:24:39,825-mp_log-INFO-俏丽屋模板操作成功,模板名称20190216 商家正式版
2019-02-16 14:24:40,464-mp_log-INFO-YoungDream模板操作成功,模板名称20190216 商家正式版
2019-02-16 14:24:40,948-mp_log-INFO-DR美研博士模板操作成功,模板名称20190216 商家正式版
2019-02-16 14:24:41,541-mp_log-INFO-女秀才模板操作成功,模板名称20190216 商家正式版
2019-02-16 14:24:42,149-mp_log-INFO-東美人儿模板操作成功,模板名称20190216 商家正式版
2019-02-16 14:24:42,601-mp_log-INFO-承昱医疗模板操作成功,模板名称20190216 商家正式版
2019-02-16 14:24:42,976-mp_log-INFO-斓悦庭模板操作成功,模板名称20190216 商家正式版
2019-02-16 14:24:43,444-mp_log-INFO-美迩美整形模板操作成功,模板名称20190216 商家正式版
2019-02-16 14:24:44,021-mp_log-INFO-唯美童妍模板操作成功,模板名称20190216 商家正式版
2019-02-16 14:24:44,692-mp_log-INFO-BV美聚模板操作成功,模板名称20190216 商家正式版
2019-02-16 14:24:45,082-mp_log-INFO-健丽宝美容模板操作成功,模板名称20190216 商家正式版
2019-02-16 14:24:45,706-mp_log-INFO-掌上美管家A模板操作成功,模板名称20190216 商家正式版
2019-02-16 14:24:46,018-mp_log-INFO-博妍集美模板操作成功,模板名称20190216 商家正式版
2019-02-16 14:24:46,579-mp_log-INFO-荷塘韵色模板操作成功,模板名称20190216 商家正式版
2019-02-16 14:24:47,110-mp_log-INFO-雅涛世家模板操作成功,模板名称20190216 商家正式版
2019-02-16 14:24:47,562-mp_log-INFO-双妹美容模板操作成功,模板名称20190216 商家正式版
2019-02-16 14:24:48,280-mp_log-INFO-呈悦医疗模板操作成功,模板名称20190216 商家正式版
2019-02-16 14:24:48,763-mp_log-INFO-来了美千丝美模板操作成功,模板名称20190216 商家正式版
2019-02-16 14:24:49,341-mp_log-INFO-世纪之春模板操作成功,模板名称20190216 商家正式版
2019-02-16 14:24:49,715-mp_log-INFO-雅梵GO美模板操作成功,模板名称20190216 商家正式版
2019-02-16 14:24:50,121-mp_log-INFO-女主角美容模板操作成功,模板名称20190216 商家正式版
2019-02-16 14:24:51,181-mp_log-INFO-弘粹堂模板操作成功,模板名称20190216 商家正式版
2019-02-16 14:24:51,712-mp_log-INFO-环球美容模板操作成功,模板名称20190216 商家正式版
2019-02-16 14:24:51,774-mp_log-INFO-来了就体验账模板操作成功,模板名称20190216 商家正式版
2019-02-16 14:24:52,211-mp_log-INFO-乐聚模板操作成功,模板名称20190216 商家正式版
2019-02-16 14:24:52,757-mp_log-INFO-诗芙侬模板操作成功,模板名称20190216 商家正式版
2019-02-16 14:24:53,131-mp_log-ERROR-灰姑娘美甲操作失败,失败原因{'status': 'error', 'msg': 'component is not authorized by this account hint: [yjj7Ra03243055]'}
2019-02-16 14:24:53,319-mp_log-INFO-沧州美美达模板操作成功,模板名称20190216 商家正式版
2019-02-16 14:24:53,833-mp_log-INFO-妮娜形象管理模板操作成功,模板名称20190216 商家正式版
2019-02-16 14:24:54,847-mp_log-INFO-赢美肌模板操作成功,模板名称20190216 商家正式版
2019-02-16 14:24:55,284-mp_log-INFO-馨境堂模板操作成功,模板名称20190216 商家正式版
2019-02-16 14:24:55,955-mp_log-INFO-良沐健康管理模板操作成功,模板名称20190216 商家正式版
2019-02-16 14:24:56,470-mp_log-INFO-果蔬美容模板操作成功,模板名称20190216 商家正式版
2019-02-16 14:24:56,907-mp_log-INFO-贝兰思模板操作成功,模板名称20190216 商家正式版
2019-02-16 14:24:57,484-mp_log-INFO-东方秀丽模板操作成功,模板名称20190216 商家正式版
2019-02-16 14:24:58,014-mp_log-INFO-缔罗嘉佳模板操作成功,模板名称20190216 商家正式版
2019-02-16 14:24:58,779-mp_log-INFO-文轩专业美容模板操作成功,模板名称20190216 商家正式版
2019-02-16 14:24:59,340-mp_log-INFO-欧丽薇模板操作成功,模板名称20190216 商家正式版
