2019-02-18 17:39:29,374-Getlogin-ERROR-'token'
2019-02-18 17:39:29,375-mp_log-INFO-token获取成功......
2019-02-18 17:39:35,560-mp_log-INFO-获取所有小程序信息成功......
2019-02-18 17:39:38,417-mp_log-INFO-获取最新模板信息成功.......
2019-02-18 17:39:41,157-mp_log-INFO-伊之花美容模板操作成功,模板名称201902181712 商家正式版
2019-02-18 17:39:41,766-mp_log-INFO-曼奇莎模板操作成功,模板名称201902181712 商家正式版
2019-02-18 17:39:42,193-mp_log-INFO-诗美逸模板操作成功,模板名称201902181712 商家正式版
2019-02-18 17:39:42,454-mp_log-INFO-芳妍美容模板操作成功,模板名称201902181712 商家正式版
2019-02-18 17:39:42,580-mp_log-INFO-赫阁尔模板操作成功,模板名称201902181712 商家正式版
2019-02-18 17:39:44,189-mp_log-INFO-都市点点模板操作成功,模板名称201902181712 商家正式版
2019-02-18 17:39:44,637-mp_log-INFO-木子美甲美睫模板操作成功,模板名称201902181712 商家正式版
2019-02-18 17:39:44,862-mp_log-INFO-漂亮宝贝模板操作成功,模板名称201902181712 商家正式版
2019-02-18 17:39:45,044-mp_log-INFO-灵动模板操作成功,模板名称201902181712 商家正式版
2019-02-18 17:39:45,576-mp_log-INFO-梦颜科美模板操作成功,模板名称201902181712 商家正式版
2019-02-18 17:39:45,665-mp_log-INFO-美美昭彦模板操作成功,模板名称201902181712 商家正式版
2019-02-18 17:39:46,289-mp_log-INFO-HB美尚荟模板操作成功,模板名称201902181712 商家正式版
2019-02-18 17:39:47,187-mp_log-INFO-爱睿熙国际模板操作成功,模板名称201902181712 商家正式版
2019-02-18 17:39:47,881-mp_log-INFO-当今悦美模板操作成功,模板名称201902181712 商家正式版
2019-02-18 17:39:48,173-mp_log-INFO-谦和国际模板操作成功,模板名称201902181712 商家正式版
2019-02-18 17:39:48,723-mp_log-INFO-米蝶·快美吧模板操作成功,模板名称201902181712 商家正式版
2019-02-18 17:39:49,073-mp_log-INFO-iBEATA贝娅塔模板操作成功,模板名称201902181712 商家正式版
2019-02-18 17:39:49,441-mp_log-INFO-Youngface模板操作成功,模板名称201902181712 商家正式版
2019-02-18 17:39:49,582-mp_log-INFO-东方丽人模板操作成功,模板名称201902181712 商家正式版
2019-02-18 17:39:50,777-mp_log-INFO-玫瑰坊模板操作成功,模板名称201902181712 商家正式版
2019-02-18 17:39:51,445-mp_log-INFO-盛士兰模板操作成功,模板名称201902181712 商家正式版
2019-02-18 17:39:51,612-mp_log-INFO-来就健康模板操作成功,模板名称201902181712 商家正式版
2019-02-18 17:39:52,554-mp_log-INFO-恒美世纪模板操作成功,模板名称201902181712 商家正式版
2019-02-18 17:39:52,962-mp_log-INFO-美人记Diary模板操作成功,模板名称201902181712 商家正式版
2019-02-18 17:39:53,123-mp_log-INFO-悠兰lyj模板操作成功,模板名称201902181712 商家正式版
2019-02-18 17:39:53,387-mp_log-INFO-美范·珺之屋模板操作成功,模板名称201902181712 商家正式版
2019-02-18 17:39:53,732-mp_log-INFO-菲梵经典模板操作成功,模板名称201902181712 商家正式版
2019-02-18 17:39:54,433-mp_log-INFO-爱美丽模板操作成功,模板名称201902181712 商家正式版
2019-02-18 17:39:54,589-mp_log-INFO-漂亮如你模板操作成功,模板名称201902181712 商家正式版
2019-02-18 17:39:55,293-mp_log-INFO-广西宝宝爱模板操作成功,模板名称201902181712 商家正式版
2019-02-18 17:39:55,555-mp_log-INFO-虞诗蔓模板操作成功,模板名称201902181712 商家正式版
2019-02-18 17:39:56,267-mp_log-INFO-D5 season模板操作成功,模板名称201902181712 商家正式版
2019-02-18 17:39:56,660-mp_log-INFO-唯艳美模板操作成功,模板名称201902181712 商家正式版
2019-02-18 17:39:57,875-mp_log-INFO-书白美企模板操作成功,模板名称201902181712 商家正式版
2019-02-18 17:39:58,197-mp_log-INFO-吉美妍丽模板操作成功,模板名称201902181712 商家正式版
2019-02-18 17:39:58,258-mp_log-INFO-霭伦恩美模板操作成功,模板名称201902181712 商家正式版
2019-02-18 17:39:58,710-mp_log-INFO-来美吧模板操作成功,模板名称201902181712 商家正式版
2019-02-18 17:39:59,229-mp_log-INFO-伊美朗模板操作成功,模板名称201902181712 商家正式版
2019-02-18 17:40:00,448-mp_log-INFO-美美一生模板操作成功,模板名称201902181712 商家正式版
2019-02-18 17:40:00,616-mp_log-INFO-兴美源模板操作成功,模板名称201902181712 商家正式版
2019-02-18 17:40:01,129-mp_log-INFO-佳婳天美模板操作成功,模板名称201902181712 商家正式版
2019-02-18 17:40:01,175-mp_log-INFO-优年轻模板操作成功,模板名称201902181712 商家正式版
2019-02-18 17:40:02,144-mp_log-INFO-美美昭妍模板操作成功,模板名称201902181712 商家正式版
2019-02-18 17:40:02,229-mp_log-INFO-阿星国际模板操作成功,模板名称201902181712 商家正式版
2019-02-18 17:40:02,819-mp_log-INFO-娇阑美颜模板操作成功,模板名称201902181712 商家正式版
2019-02-18 17:40:03,117-mp_log-INFO-PS智能美肤模板操作成功,模板名称201902181712 商家正式版
2019-02-18 17:40:03,797-mp_log-INFO-巴黎情缘模板操作成功,模板名称201902181712 商家正式版
2019-02-18 17:40:04,297-mp_log-INFO-梅兰丽人模板操作成功,模板名称201902181712 商家正式版
2019-02-18 17:40:05,535-mp_log-INFO-美由心生模板操作成功,模板名称201902181712 商家正式版
2019-02-18 17:40:05,756-mp_log-INFO-燕燕尊尚美容模板操作成功,模板名称201902181712 商家正式版
2019-02-18 17:40:06,124-mp_log-INFO-蓝蒂蔻模板操作成功,模板名称201902181712 商家正式版
2019-02-18 17:40:06,657-mp_log-INFO-东方仕典模板操作成功,模板名称201902181712 商家正式版
2019-02-18 17:40:07,264-mp_log-INFO-韩流美美店模板操作成功,模板名称201902181712 商家正式版
2019-02-18 17:40:07,528-mp_log-INFO-诗露丽涵模板操作成功,模板名称201902181712 商家正式版
2019-02-18 17:40:07,609-mp_log-INFO-GOGO宝迪模板操作成功,模板名称201902181712 商家正式版
2019-02-18 17:40:08,042-mp_log-INFO-月瘦月美模板操作成功,模板名称201902181712 商家正式版
2019-02-18 17:40:08,634-mp_log-INFO-启程金典美业模板操作成功,模板名称201902181712 商家正式版
2019-02-18 17:40:09,289-mp_log-INFO-年轻我可以模板操作成功,模板名称201902181712 商家正式版
2019-02-18 17:40:09,658-mp_log-INFO-明剪一秀模板操作成功,模板名称201902181712 商家正式版
2019-02-18 17:40:10,170-mp_log-INFO-深圳丝客富模板操作成功,模板名称201902181712 商家正式版
2019-02-18 17:40:10,755-mp_log-INFO-DuDuBeauty模板操作成功,模板名称201902181712 商家正式版
2019-02-18 17:40:11,179-mp_log-INFO-栢草源模板操作成功,模板名称201902181712 商家正式版
2019-02-18 17:40:11,585-mp_log-INFO-ONI速美模板操作成功,模板名称201902181712 商家正式版
2019-02-18 17:40:12,076-mp_log-INFO-YAN健康•美+模板操作成功,模板名称201902181712 商家正式版
2019-02-18 17:40:12,618-mp_log-INFO-MMbeauty模板操作成功,模板名称201902181712 商家正式版
2019-02-18 17:40:13,158-mp_log-INFO-靓佳人模板操作成功,模板名称201902181712 商家正式版
2019-02-18 17:40:13,682-mp_log-INFO-ME智慧美店模板操作成功,模板名称201902181712 商家正式版
2019-02-18 17:40:14,167-mp_log-INFO-二院美丽之约模板操作成功,模板名称201902181712 商家正式版
2019-02-18 17:40:14,735-mp_log-INFO-紫舟美业模板操作成功,模板名称201902181712 商家正式版
2019-02-18 17:40:15,106-mp_log-INFO-阿芙洛蒂模板操作成功,模板名称201902181712 商家正式版
2019-02-18 17:40:15,692-mp_log-INFO-来了美标榜店模板操作成功,模板名称201902181712 商家正式版
2019-02-18 17:40:16,058-mp_log-INFO-美德福模板操作成功,模板名称201902181712 商家正式版
2019-02-18 17:40:17,045-mp_log-INFO-岳灵生发模板操作成功,模板名称201902181712 商家正式版
2019-02-18 17:40:17,287-mp_log-INFO-美姿源模板操作成功,模板名称201902181712 商家正式版
2019-02-18 17:40:17,702-mp_log-INFO-维多丽雅模板操作成功,模板名称201902181712 商家正式版
2019-02-18 17:40:18,475-mp_log-INFO-杭州桐雅模板操作成功,模板名称201902181712 商家正式版
2019-02-18 17:40:18,976-mp_log-INFO-王海棠养生馆模板操作成功,模板名称201902181712 商家正式版
2019-02-18 17:40:19,297-mp_log-INFO-祐美祐康模板操作成功,模板名称201902181712 商家正式版
2019-02-18 17:40:19,713-mp_log-INFO-圣水伊人模板操作成功,模板名称201902181712 商家正式版
2019-02-18 17:40:20,379-mp_log-INFO-窈窕淑女模板操作成功,模板名称201902181712 商家正式版
2019-02-18 17:40:20,749-mp_log-INFO-绮莉尔智能美模板操作成功,模板名称201902181712 商家正式版
2019-02-18 17:40:21,082-mp_log-INFO-香密雅CIMIA模板操作成功,模板名称201902181712 商家正式版
2019-02-18 17:40:21,928-mp_log-INFO-来了美模板操作成功,模板名称201902181712 商家正式版
2019-02-18 17:40:22,234-mp_log-INFO-云SPA模板操作成功,模板名称201902181712 商家正式版
2019-02-18 17:40:22,798-mp_log-INFO-轻医美模板操作成功,模板名称201902181712 商家正式版
2019-02-18 17:40:23,373-mp_log-INFO-世纪春天模板操作成功,模板名称201902181712 商家正式版
2019-02-18 17:40:23,977-mp_log-INFO-BabyBeauty模板操作成功,模板名称201902181712 商家正式版
2019-02-18 17:40:24,258-mp_log-INFO-纤指百媚模板操作成功,模板名称201902181712 商家正式版
2019-02-18 17:40:24,676-mp_log-INFO-美之颜模板操作成功,模板名称201902181712 商家正式版
2019-02-18 17:40:25,150-mp_log-INFO-GOGOBeauty模板操作成功,模板名称201902181712 商家正式版
2019-02-18 17:40:25,775-mp_log-INFO-贝琳菲美业模板操作成功,模板名称201902181712 商家正式版
2019-02-18 17:40:26,278-mp_log-INFO-郦芙蓉beauty模板操作成功,模板名称201902181712 商家正式版
2019-02-18 17:40:26,740-mp_log-INFO-指妃模板操作成功,模板名称201902181712 商家正式版
2019-02-18 17:40:27,548-mp_log-INFO-羽梦蝶模板操作成功,模板名称201902181712 商家正式版
2019-02-18 17:40:27,944-mp_log-INFO-狮子卫士模板操作成功,模板名称201902181712 商家正式版
2019-02-18 17:40:28,433-mp_log-INFO-创美雅香莱模板操作成功,模板名称201902181712 商家正式版
2019-02-18 17:40:28,848-mp_log-INFO-艾面一族 模板操作成功,模板名称201902181712 商家正式版
2019-02-18 17:40:29,899-mp_log-INFO-涣美医疗模板操作成功,模板名称201902181712 商家正式版
2019-02-18 17:40:29,947-mp_log-INFO-曼姿模板操作成功,模板名称201902181712 商家正式版
2019-02-18 17:40:30,849-mp_log-INFO-美丽九九模板操作成功,模板名称201902181712 商家正式版
2019-02-18 17:40:30,854-mp_log-INFO-圣婕美甲美睫模板操作成功,模板名称201902181712 商家正式版
2019-02-18 17:40:32,012-mp_log-INFO-玉颜堂模板操作成功,模板名称201902181712 商家正式版
2019-02-18 17:40:32,416-mp_log-INFO-金美源模板操作成功,模板名称201902181712 商家正式版
2019-02-18 17:40:32,689-mp_log-INFO-爱玛仕嘉模板操作成功,模板名称201902181712 商家正式版
2019-02-18 17:40:33,160-mp_log-INFO-南国西子模板操作成功,模板名称201902181712 商家正式版
2019-02-18 17:40:33,912-mp_log-INFO-美姿来就美模板操作成功,模板名称201902181712 商家正式版
2019-02-18 17:40:34,178-mp_log-INFO-IVY艾菲芭模板操作成功,模板名称201902181712 商家正式版
2019-02-18 17:40:34,249-mp_log-INFO-成都净美天使模板操作成功,模板名称201902181712 商家正式版
2019-02-18 17:40:34,781-mp_log-INFO-引导美体验店模板操作成功,模板名称201902181712 商家正式版
2019-02-18 17:40:35,600-mp_log-INFO-SoBeauty模板操作成功,模板名称201902181712 商家正式版
2019-02-18 17:40:36,300-mp_log-INFO-蒙妮莎新美容模板操作成功,模板名称201902181712 商家正式版
2019-02-18 17:40:36,461-mp_log-INFO-来了美雲会所模板操作成功,模板名称201902181712 商家正式版
2019-02-18 17:40:36,722-mp_log-INFO-来了美美吧模板操作成功,模板名称201902181712 商家正式版
2019-02-18 17:40:37,385-mp_log-INFO-优文专业脱毛模板操作成功,模板名称201902181712 商家正式版
2019-02-18 17:40:37,703-mp_log-INFO-如生堂模板操作成功,模板名称201902181712 商家正式版
2019-02-18 17:40:39,099-mp_log-INFO-贝施纤体模板操作成功,模板名称201902181712 商家正式版
2019-02-18 17:40:39,226-mp_log-INFO-红妆倾城模板操作成功,模板名称201902181712 商家正式版
2019-02-18 17:40:39,847-mp_log-INFO-广西快来美模板操作成功,模板名称201902181712 商家正式版
2019-02-18 17:40:40,163-mp_log-INFO-色彩纯姬模板操作成功,模板名称201902181712 商家正式版
2019-02-18 17:40:40,260-mp_log-INFO-美了就来模板操作成功,模板名称201902181712 商家正式版
2019-02-18 17:40:40,752-mp_log-INFO-董萍智慧美店模板操作成功,模板名称201902181712 商家正式版
2019-02-18 17:40:41,730-mp_log-INFO-YoungDream模板操作成功,模板名称201902181712 商家正式版
2019-02-18 17:40:42,528-mp_log-INFO-俏丽屋模板操作成功,模板名称201902181712 商家正式版
2019-02-18 17:40:42,554-mp_log-INFO-女秀才模板操作成功,模板名称201902181712 商家正式版
2019-02-18 17:40:42,730-mp_log-INFO-東美人儿模板操作成功,模板名称201902181712 商家正式版
2019-02-18 17:40:43,235-mp_log-INFO-唯美童妍模板操作成功,模板名称201902181712 商家正式版
2019-02-18 17:40:43,980-mp_log-INFO-BV美聚模板操作成功,模板名称201902181712 商家正式版
2019-02-18 17:40:44,238-mp_log-INFO-健丽宝美容模板操作成功,模板名称201902181712 商家正式版
2019-02-18 17:40:45,042-mp_log-INFO-掌上美管家A模板操作成功,模板名称201902181712 商家正式版
2019-02-18 17:40:45,692-mp_log-INFO-雅涛世家模板操作成功,模板名称201902181712 商家正式版
2019-02-18 17:40:46,381-mp_log-INFO-双妹美容模板操作成功,模板名称201902181712 商家正式版
2019-02-18 17:40:46,913-mp_log-INFO-呈悦医疗模板操作成功,模板名称201902181712 商家正式版
2019-02-18 17:40:47,270-mp_log-INFO-荷塘韵色模板操作成功,模板名称201902181712 商家正式版
2019-02-18 17:40:47,425-mp_log-INFO-来了美千丝美模板操作成功,模板名称201902181712 商家正式版
2019-02-18 17:40:47,972-mp_log-INFO-女主角美容模板操作成功,模板名称201902181712 商家正式版
2019-02-18 17:40:48,177-mp_log-INFO-来了就体验账模板操作成功,模板名称201902181712 商家正式版
2019-02-18 17:40:49,900-mp_log-INFO-乐聚模板操作成功,模板名称201902181712 商家正式版
2019-02-18 17:40:50,332-mp_log-INFO-诗芙侬模板操作成功,模板名称201902181712 商家正式版
2019-02-18 17:40:50,640-mp_log-INFO-弘粹堂模板操作成功,模板名称201902181712 商家正式版
2019-02-18 17:40:50,793-mp_log-ERROR-灰姑娘美业操作失败,失败原因{'status': 'error', 'msg': 'component is not authorized by this account hint: [yzZ9408841512]'}
2019-02-18 17:40:51,000-mp_log-INFO-环球美容模板操作成功,模板名称201902181712 商家正式版
2019-02-18 17:40:51,159-mp_log-INFO-雅梵GOGO模板操作成功,模板名称201902181712 商家正式版
2019-02-18 17:40:51,301-mp_log-INFO-妮娜形象管理模板操作成功,模板名称201902181712 商家正式版
2019-02-18 17:40:52,437-mp_log-INFO-赢美肌模板操作成功,模板名称201902181712 商家正式版
2019-02-18 17:40:52,873-mp_log-INFO-馨境堂模板操作成功,模板名称201902181712 商家正式版
2019-02-18 17:40:53,587-mp_log-INFO-果蔬美容模板操作成功,模板名称201902181712 商家正式版
2019-02-18 17:40:53,924-mp_log-INFO-东方秀丽模板操作成功,模板名称201902181712 商家正式版
2019-02-18 17:40:54,199-mp_log-INFO-文轩专业美容模板操作成功,模板名称201902181712 商家正式版
