2019-02-15 18:14:22,018-Getlogin-ERROR-'token'
2019-02-15 18:14:22,019-mp_log-INFO-token获取成功......
2019-02-15 18:14:30,368-mp_log-INFO-获取所有小程序信息成功......
2019-02-15 18:14:30,986-mp_log-INFO-获取最新模板信息成功.......
2019-02-15 18:14:32,475-mp_log-INFO-审核失败
2019-02-15 18:14:32,886-mp_log-INFO-审核失败
2019-02-15 18:14:33,395-mp_log-INFO-已审核
2019-02-15 18:14:33,662-mp_log-INFO-审核失败
2019-02-15 18:14:34,106-mp_log-INFO-已审核
2019-02-15 18:14:34,391-mp_log-INFO-审核失败
2019-02-15 18:14:34,743-mp_log-INFO-已审核
2019-02-15 18:14:35,193-mp_log-INFO-已审核
2019-02-15 18:14:35,260-mp_log-INFO-审核失败
2019-02-15 18:14:35,590-mp_log-INFO-已审核
2019-02-15 18:14:35,836-mp_log-INFO-已审核
2019-02-15 18:14:36,351-mp_log-INFO-已审核
2019-02-15 18:14:36,508-mp_log-INFO-已审核
2019-02-15 18:14:36,758-mp_log-INFO-审核失败
2019-02-15 18:14:36,934-mp_log-INFO-已审核
2019-02-15 18:14:37,345-mp_log-INFO-已审核
2019-02-15 18:14:37,955-mp_log-INFO-已审核
2019-02-15 18:14:38,000-mp_log-INFO-审核失败
2019-02-15 18:14:38,201-mp_log-INFO-已审核
2019-02-15 18:14:38,496-mp_log-INFO-审核失败
2019-02-15 18:14:38,768-mp_log-INFO-已审核
2019-02-15 18:14:39,340-mp_log-INFO-已审核
2019-02-15 18:14:39,548-mp_log-INFO-审核失败
2019-02-15 18:14:40,025-mp_log-INFO-已审核
2019-02-15 18:14:40,401-mp_log-INFO-已审核
2019-02-15 18:14:40,899-mp_log-INFO-已审核
2019-02-15 18:14:41,312-mp_log-INFO-已审核
2019-02-15 18:14:41,538-mp_log-INFO-已审核
2019-02-15 18:14:42,125-mp_log-INFO-已审核
2019-02-15 18:14:42,176-mp_log-INFO-已审核
2019-02-15 18:14:42,182-mp_log-INFO-审核失败
2019-02-15 18:14:42,430-mp_log-INFO-已审核
2019-02-15 18:14:42,871-mp_log-INFO-已审核
2019-02-15 18:14:43,059-mp_log-INFO-已审核
2019-02-15 18:14:43,343-mp_log-INFO-已审核
2019-02-15 18:14:43,713-mp_log-INFO-审核失败
2019-02-15 18:14:44,035-mp_log-INFO-已审核
2019-02-15 18:14:44,406-mp_log-INFO-审核失败
2019-02-15 18:14:44,574-mp_log-INFO-已审核
2019-02-15 18:14:44,945-mp_log-INFO-已审核
2019-02-15 18:14:45,250-mp_log-INFO-已审核
2019-02-15 18:14:45,549-mp_log-INFO-审核失败
2019-02-15 18:14:46,121-mp_log-INFO-审核失败
2019-02-15 18:14:46,246-mp_log-INFO-已审核
2019-02-15 18:14:46,531-mp_log-INFO-已审核
2019-02-15 18:14:46,968-mp_log-INFO-已审核
2019-02-15 18:14:47,012-mp_log-INFO-已审核
2019-02-15 18:14:47,285-mp_log-INFO-已审核
2019-02-15 18:14:47,716-mp_log-INFO-已审核
2019-02-15 18:14:47,895-mp_log-INFO-审核失败
2019-02-15 18:14:48,276-mp_log-INFO-已审核
2019-02-15 18:14:48,711-mp_log-INFO-审核失败
2019-02-15 18:14:48,848-mp_log-INFO-已审核
2019-02-15 18:14:49,167-mp_log-INFO-已审核
2019-02-15 18:14:49,453-mp_log-INFO-已审核
2019-02-15 18:14:49,695-mp_log-INFO-已审核
2019-02-15 18:14:50,047-mp_log-INFO-已审核
2019-02-15 18:14:50,405-mp_log-INFO-已审核
2019-02-15 18:14:50,615-mp_log-INFO-已审核
2019-02-15 18:14:51,070-mp_log-INFO-已审核
2019-02-15 18:14:51,454-mp_log-INFO-已审核
2019-02-15 18:14:51,699-mp_log-INFO-审核失败
2019-02-15 18:14:51,788-mp_log-INFO-已审核
2019-02-15 18:14:52,471-mp_log-INFO-已审核
2019-02-15 18:14:52,839-mp_log-INFO-已审核
2019-02-15 18:14:52,935-mp_log-INFO-已审核
2019-02-15 18:14:53,076-mp_log-INFO-审核失败
2019-02-15 18:14:53,344-mp_log-INFO-已审核
2019-02-15 18:14:53,687-mp_log-INFO-审核失败
2019-02-15 18:14:54,029-mp_log-INFO-已审核
2019-02-15 18:14:54,300-mp_log-INFO-审核失败
2019-02-15 18:14:54,559-mp_log-INFO-已审核
2019-02-15 18:14:54,982-mp_log-INFO-已审核
2019-02-15 18:14:55,197-mp_log-INFO-已审核
2019-02-15 18:14:55,443-mp_log-INFO-审核失败
2019-02-15 18:14:55,964-mp_log-INFO-审核失败
2019-02-15 18:14:56,049-mp_log-INFO-已审核
2019-02-15 18:14:56,403-mp_log-INFO-审核失败
2019-02-15 18:14:56,601-mp_log-INFO-已审核
2019-02-15 18:14:56,930-mp_log-INFO-已审核
2019-02-15 18:14:57,568-mp_log-INFO-已审核
2019-02-15 18:14:57,681-mp_log-INFO-已审核
2019-02-15 18:14:57,889-mp_log-INFO-已审核
2019-02-15 18:14:58,185-mp_log-INFO-审核失败
2019-02-15 18:14:58,564-mp_log-INFO-审核失败
2019-02-15 18:14:58,739-mp_log-INFO-已审核
2019-02-15 18:14:59,014-mp_log-INFO-已审核
2019-02-15 18:14:59,451-mp_log-INFO-审核失败
2019-02-15 18:14:59,681-mp_log-INFO-已审核
2019-02-15 18:15:00,209-mp_log-INFO-审核失败
2019-02-15 18:15:00,350-mp_log-INFO-已审核
2019-02-15 18:15:00,537-mp_log-INFO-已审核
2019-02-15 18:15:00,993-mp_log-INFO-审核失败
2019-02-15 18:15:01,206-mp_log-INFO-审核失败
2019-02-15 18:15:01,508-mp_log-INFO-审核失败
2019-02-15 18:15:01,867-mp_log-INFO-审核失败
2019-02-15 18:15:02,135-mp_log-INFO-已审核
2019-02-15 18:15:02,383-mp_log-INFO-已审核
2019-02-15 18:15:02,675-mp_log-INFO-审核失败
2019-02-15 18:15:03,133-mp_log-INFO-已审核
2019-02-15 18:15:03,301-mp_log-INFO-已审核
2019-02-15 18:15:03,648-mp_log-INFO-已审核
2019-02-15 18:15:03,966-mp_log-INFO-已审核
2019-02-15 18:15:04,306-mp_log-INFO-已审核
2019-02-15 18:15:04,528-mp_log-INFO-审核失败
2019-02-15 18:15:04,830-mp_log-INFO-审核失败
2019-02-15 18:15:05,146-mp_log-INFO-已审核
2019-02-15 18:15:05,466-mp_log-INFO-已审核
2019-02-15 18:15:05,926-mp_log-INFO-已审核
2019-02-15 18:15:05,939-mp_log-INFO-已审核
2019-02-15 18:15:06,572-mp_log-INFO-已审核
2019-02-15 18:15:06,872-mp_log-INFO-已审核
2019-02-15 18:15:07,244-mp_log-INFO-已审核
2019-02-15 18:15:07,416-mp_log-INFO-已审核
2019-02-15 18:15:07,801-mp_log-INFO-已审核
2019-02-15 18:15:08,096-mp_log-INFO-已审核
2019-02-15 18:15:08,734-mp_log-INFO-已审核
2019-02-15 18:15:08,787-mp_log-INFO-已审核
2019-02-15 18:15:09,102-mp_log-INFO-审核失败
2019-02-15 18:15:09,453-mp_log-INFO-已审核
2019-02-15 18:15:09,642-mp_log-INFO-审核失败
2019-02-15 18:15:09,954-mp_log-INFO-已审核
2019-02-15 18:15:10,265-mp_log-INFO-已审核
2019-02-15 18:15:10,621-mp_log-INFO-已审核
2019-02-15 18:15:11,026-mp_log-INFO-审核失败
2019-02-15 18:15:11,147-mp_log-INFO-已审核
2019-02-15 18:15:11,485-mp_log-INFO-已审核
2019-02-15 18:15:11,737-mp_log-INFO-已审核
2019-02-15 18:15:11,962-mp_log-INFO-已审核
2019-02-15 18:15:12,476-mp_log-INFO-已审核
2019-02-15 18:15:12,581-mp_log-INFO-已审核
2019-02-15 18:15:13,043-mp_log-INFO-已审核
2019-02-15 18:15:13,584-mp_log-INFO-已审核
2019-02-15 18:15:13,895-mp_log-INFO-已审核
2019-02-15 18:15:14,103-mp_log-INFO-审核失败
2019-02-15 18:15:14,462-mp_log-INFO-审核失败
2019-02-15 18:15:14,791-mp_log-INFO-已审核
2019-02-15 18:15:15,165-mp_log-INFO-已审核
2019-02-15 18:15:15,334-mp_log-INFO-已审核
2019-02-15 18:15:15,644-mp_log-INFO-已审核
2019-02-15 18:15:16,071-mp_log-INFO-已审核
2019-02-15 18:15:16,517-mp_log-INFO-审核失败
2019-02-15 18:15:16,531-mp_log-INFO-已审核
2019-02-15 18:15:16,869-mp_log-INFO-已审核
2019-02-15 18:15:17,183-mp_log-INFO-审核失败
2019-02-15 18:15:17,476-mp_log-INFO-审核失败
2019-02-15 18:15:17,753-mp_log-INFO-审核失败
2019-02-15 18:15:18,076-mp_log-INFO-已审核
2019-02-15 18:15:18,370-mp_log-INFO-已审核
2019-02-15 18:15:18,701-mp_log-INFO-已审核
2019-02-15 18:15:18,969-mp_log-INFO-审核失败
2019-02-15 18:15:19,209-mp_log-INFO-审核失败
2019-02-15 18:15:19,645-mp_log-INFO-已审核
2019-02-15 18:15:19,986-mp_log-INFO-已审核
2019-02-15 18:15:20,131-mp_log-INFO-审核失败
2019-02-15 18:15:20,842-mp_log-INFO-已审核
2019-02-15 18:15:20,849-mp_log-INFO-审核失败
2019-02-15 18:15:21,072-mp_log-INFO-审核失败
2019-02-15 18:15:21,346-mp_log-INFO-已审核
2019-02-15 18:15:21,768-mp_log-INFO-已审核
2019-02-15 18:15:22,003-mp_log-INFO-审核失败
2019-02-15 18:15:22,175-mp_log-INFO-已审核
2019-02-15 18:15:22,559-mp_log-INFO-审核失败
2019-02-15 18:15:22,982-mp_log-INFO-已审核
2019-02-15 18:15:23,141-mp_log-INFO-已审核
2019-02-15 18:15:23,517-mp_log-INFO-已审核
2019-02-15 18:15:23,777-mp_log-INFO-审核失败
2019-02-15 18:15:24,128-mp_log-INFO-已审核
2019-02-15 18:15:24,493-mp_log-INFO-已审核
2019-02-15 18:15:24,693-mp_log-INFO-审核失败
2019-02-15 18:15:24,972-mp_log-INFO-审核失败
2019-02-15 18:15:25,318-mp_log-INFO-审核失败
2019-02-15 18:15:25,611-mp_log-INFO-审核失败
2019-02-15 18:15:25,902-mp_log-INFO-已审核
2019-02-15 18:15:26,340-mp_log-INFO-已审核
2019-02-15 18:15:26,532-mp_log-INFO-已审核
2019-02-15 18:15:27,120-mp_log-INFO-审核失败
2019-02-15 18:15:27,272-mp_log-INFO-审核失败
2019-02-15 18:15:27,495-mp_log-INFO-已审核
2019-02-15 18:15:27,939-mp_log-INFO-审核失败
2019-02-15 18:15:28,197-mp_log-INFO-已审核
2019-02-15 18:15:28,315-mp_log-INFO-已审核
2019-02-15 18:15:28,751-mp_log-INFO-已审核
2019-02-15 18:15:29,041-mp_log-INFO-已审核
2019-02-15 18:15:29,264-mp_log-INFO-审核失败
2019-02-15 18:15:29,774-mp_log-INFO-已审核
2019-02-15 18:15:29,907-mp_log-INFO-审核失败
2019-02-15 18:15:30,120-mp_log-INFO-已审核
2019-02-15 18:15:30,675-mp_log-INFO-审核失败
2019-02-15 18:15:30,826-mp_log-INFO-已审核
2019-02-15 18:15:31,116-mp_log-INFO-已审核
2019-02-15 18:15:31,910-mp_log-INFO-已审核
2019-02-15 18:15:32,025-mp_log-INFO-已审核
2019-02-15 18:15:32,194-mp_log-INFO-已审核
2019-02-15 18:15:32,485-mp_log-INFO-已审核
2019-02-15 18:15:32,822-mp_log-INFO-没提交审核
2019-02-15 18:15:33,320-mp_log-INFO-已审核
2019-02-15 18:15:33,854-mp_log-INFO-已审核
2019-02-15 18:15:34,000-mp_log-INFO-已审核
2019-02-15 18:15:34,015-mp_log-INFO-已审核
2019-02-15 18:15:34,115-mp_log-INFO-已审核
2019-02-15 18:15:34,370-mp_log-INFO-已审核
2019-02-15 18:15:34,607-mp_log-INFO-审核失败
2019-02-15 18:15:35,148-mp_log-INFO-已审核
2019-02-15 18:15:35,188-mp_log-INFO-已审核
2019-02-15 18:15:35,523-mp_log-INFO-已审核
2019-02-15 18:15:36,213-mp_log-INFO-已审核
2019-02-15 18:15:36,216-mp_log-INFO-已审核
2019-02-15 18:15:36,460-mp_log-INFO-审核失败
2019-02-15 18:15:37,095-mp_log-INFO-已审核
2019-02-15 18:15:37,626-mp_log-INFO-审核失败
2019-02-15 18:15:37,940-mp_log-INFO-审核失败
2019-02-15 18:15:38,272-mp_log-INFO-已审核
2019-02-15 18:15:38,327-mp_log-INFO-审核失败
2019-02-15 18:15:38,593-mp_log-INFO-已审核
2019-02-15 18:15:38,892-mp_log-INFO-已审核
2019-02-15 18:15:39,121-mp_log-INFO-已审核
2019-02-15 18:15:39,528-mp_log-INFO-已审核
