2019-02-22 14:46:37,653-Getlogin-INFO-登录成功，获取mp端token.....
2019-02-22 14:46:37,657-mp_log-INFO-token获取成功......
2019-02-22 14:46:47,672-mp_log-INFO-获取所有小程序信息成功......
2019-02-22 14:46:49,147-mp_log-INFO-审核失败
2019-02-22 14:46:49,525-mp_log-INFO-审核失败
2019-02-22 14:46:50,050-mp_log-INFO-审核失败
2019-02-22 14:46:50,765-mp_log-INFO-已审核
2019-02-22 14:46:50,936-mp_log-INFO-审核失败
2019-02-22 14:46:51,390-mp_log-INFO-已审核
2019-02-22 14:46:51,674-mp_log-INFO-审核失败
2019-02-22 14:46:52,132-mp_log-INFO-审核失败
2019-02-22 14:46:52,171-mp_log-INFO-审核失败
2019-02-22 14:46:52,279-mp_log-INFO-审核失败
2019-02-22 14:46:52,643-mp_log-INFO-审核失败
2019-02-22 14:46:52,849-mp_log-INFO-已审核
2019-02-22 14:46:53,245-mp_log-INFO-已审核
2019-02-22 14:46:54,267-mp_log-INFO-已审核
2019-02-22 14:46:54,311-mp_log-INFO-已审核
2019-02-22 14:46:54,317-mp_log-INFO-审核失败
2019-02-22 14:46:54,827-mp_log-INFO-审核失败
2019-02-22 14:46:55,401-mp_log-INFO-审核失败
2019-02-22 14:46:55,537-mp_log-INFO-已审核
2019-02-22 14:46:55,637-mp_log-INFO-已审核
2019-02-22 14:46:56,381-mp_log-INFO-已审核
2019-02-22 14:46:56,575-mp_log-INFO-审核失败
2019-02-22 14:46:56,820-mp_log-INFO-已审核
2019-02-22 14:46:56,988-mp_log-INFO-已审核
2019-02-22 14:46:57,915-mp_log-INFO-已审核
2019-02-22 14:46:57,922-mp_log-INFO-已审核
2019-02-22 14:46:58,019-mp_log-INFO-审核失败
2019-02-22 14:46:58,316-mp_log-INFO-已审核
2019-02-22 14:46:59,068-mp_log-INFO-审核失败
2019-02-22 14:46:59,158-mp_log-INFO-已审核
2019-02-22 14:46:59,493-mp_log-INFO-审核失败
2019-02-22 14:46:59,766-mp_log-INFO-审核失败
2019-02-22 14:46:59,823-mp_log-INFO-审核失败
2019-02-22 14:47:00,383-mp_log-INFO-审核失败
2019-02-22 14:47:00,514-mp_log-INFO-审核失败
2019-02-22 14:47:00,618-mp_log-INFO-已审核
2019-02-22 14:47:00,623-mp_log-INFO-已审核
2019-02-22 14:47:01,020-mp_log-INFO-已审核
2019-02-22 14:47:01,206-mp_log-INFO-已审核
2019-02-22 14:47:01,599-mp_log-INFO-已审核
2019-02-22 14:47:01,881-mp_log-INFO-审核失败
2019-02-22 14:47:02,390-mp_log-INFO-审核失败
2019-02-22 14:47:02,527-mp_log-INFO-审核失败
2019-02-22 14:47:02,731-mp_log-INFO-已审核
2019-02-22 14:47:02,963-mp_log-INFO-已审核
2019-02-22 14:47:03,311-mp_log-INFO-已审核
2019-02-22 14:47:03,593-mp_log-INFO-审核失败
2019-02-22 14:47:03,835-mp_log-INFO-已审核
2019-02-22 14:47:04,144-mp_log-INFO-审核失败
2019-02-22 14:47:04,557-mp_log-INFO-审核失败
2019-02-22 14:47:05,220-mp_log-INFO-审核失败
2019-02-22 14:47:05,321-mp_log-INFO-审核失败
2019-02-22 14:47:05,399-mp_log-INFO-已审核
2019-02-22 14:47:06,032-mp_log-INFO-已审核
2019-02-22 14:47:06,297-mp_log-INFO-已审核
2019-02-22 14:47:06,571-mp_log-INFO-已审核
2019-02-22 14:47:07,198-mp_log-INFO-已审核
2019-02-22 14:47:07,437-mp_log-INFO-已审核
2019-02-22 14:47:07,620-mp_log-INFO-审核失败
2019-02-22 14:47:07,748-mp_log-INFO-审核失败
2019-02-22 14:47:07,865-mp_log-INFO-审核失败
2019-02-22 14:47:08,301-mp_log-INFO-审核失败
2019-02-22 14:47:08,708-mp_log-INFO-审核失败
2019-02-22 14:47:08,709-mp_log-INFO-审核失败
2019-02-22 14:47:09,217-mp_log-INFO-审核失败
2019-02-22 14:47:09,306-mp_log-INFO-审核失败
2019-02-22 14:47:09,615-mp_log-INFO-审核失败
2019-02-22 14:47:09,905-mp_log-INFO-审核失败
2019-02-22 14:47:10,451-mp_log-INFO-已审核
2019-02-22 14:47:10,475-mp_log-INFO-审核失败
2019-02-22 14:47:11,135-mp_log-INFO-审核失败
2019-02-22 14:47:11,208-mp_log-INFO-审核失败
2019-02-22 14:47:11,470-mp_log-INFO-已审核
2019-02-22 14:47:11,753-mp_log-INFO-审核失败
2019-02-22 14:47:11,944-mp_log-INFO-审核失败
2019-02-22 14:47:12,331-mp_log-INFO-已审核
2019-02-22 14:47:12,616-mp_log-INFO-已审核
2019-02-22 14:47:13,502-mp_log-INFO-审核失败
2019-02-22 14:47:13,584-mp_log-INFO-已审核
2019-02-22 14:47:14,136-mp_log-INFO-审核失败
2019-02-22 14:47:14,181-mp_log-INFO-已审核
2019-02-22 14:47:14,375-mp_log-INFO-已审核
2019-02-22 14:47:14,828-mp_log-INFO-审核失败
2019-02-22 14:47:15,065-mp_log-INFO-审核失败
2019-02-22 14:47:15,348-mp_log-INFO-已审核
2019-02-22 14:47:15,872-mp_log-INFO-审核失败
2019-02-22 14:47:15,942-mp_log-INFO-已审核
2019-02-22 14:47:15,956-mp_log-INFO-审核失败
2019-02-22 14:47:16,252-mp_log-INFO-已审核
2019-02-22 14:47:16,465-mp_log-INFO-审核失败
2019-02-22 14:47:17,149-mp_log-INFO-已审核
2019-02-22 14:47:18,372-mp_log-INFO-审核失败
2019-02-22 14:47:18,616-mp_log-INFO-已审核
2019-02-22 14:47:18,625-mp_log-INFO-审核失败
2019-02-22 14:47:18,651-mp_log-INFO-审核失败
2019-02-22 14:47:19,163-mp_log-INFO-已审核
2019-02-22 14:47:19,459-mp_log-INFO-审核失败
2019-02-22 14:47:19,773-mp_log-INFO-已审核
2019-02-22 14:47:20,105-mp_log-INFO-审核失败
2019-02-22 14:47:20,715-mp_log-INFO-已审核
2019-02-22 14:47:21,375-mp_log-INFO-审核失败
2019-02-22 14:47:21,389-mp_log-INFO-审核失败
2019-02-22 14:47:21,561-mp_log-INFO-审核失败
2019-02-22 14:47:22,324-mp_log-INFO-已审核
2019-02-22 14:47:22,414-mp_log-INFO-已审核
2019-02-22 14:47:22,681-mp_log-INFO-已审核
2019-02-22 14:47:23,141-mp_log-INFO-已审核
2019-02-22 14:47:23,189-mp_log-INFO-审核失败
2019-02-22 14:47:23,193-mp_log-INFO-已审核
2019-02-22 14:47:23,783-mp_log-INFO-已审核
2019-02-22 14:47:24,494-mp_log-INFO-审核失败
2019-02-22 14:47:24,837-mp_log-INFO-已审核
2019-02-22 14:47:25,039-mp_log-INFO-审核失败
2019-02-22 14:47:25,134-mp_log-INFO-审核失败
2019-02-22 14:47:25,355-mp_log-INFO-已审核
2019-02-22 14:47:25,608-mp_log-INFO-已审核
2019-02-22 14:47:25,929-mp_log-INFO-审核失败
2019-02-22 14:47:25,956-mp_log-INFO-已审核
2019-02-22 14:47:26,494-mp_log-INFO-审核失败
2019-02-22 14:47:26,836-mp_log-INFO-已审核
2019-02-22 14:47:26,947-mp_log-INFO-审核失败
2019-02-22 14:47:27,463-mp_log-INFO-审核失败
2019-02-22 14:47:27,566-mp_log-INFO-审核失败
2019-02-22 14:47:27,773-mp_log-INFO-审核失败
2019-02-22 14:47:28,030-mp_log-INFO-已审核
2019-02-22 14:47:28,277-mp_log-INFO-已审核
2019-02-22 14:47:28,855-mp_log-INFO-已审核
2019-02-22 14:47:28,866-mp_log-INFO-已审核
2019-02-22 14:47:28,995-mp_log-INFO-已审核
2019-02-22 14:47:29,281-mp_log-INFO-已审核
2019-02-22 14:47:29,298-mp_log-INFO-审核失败
2019-02-22 14:47:29,448-mp_log-INFO-已审核
2019-02-22 14:47:30,444-mp_log-INFO-审核失败
2019-02-22 14:47:31,295-mp_log-INFO-审核失败
2019-02-22 14:47:31,883-mp_log-INFO-已审核
2019-02-22 14:47:31,968-mp_log-INFO-审核失败
2019-02-22 14:47:32,436-mp_log-INFO-审核失败
2019-02-22 14:47:32,744-mp_log-INFO-已审核
2019-02-22 14:47:33,121-mp_log-INFO-已审核
2019-02-22 14:47:33,139-mp_log-INFO-审核失败
2019-02-22 14:47:33,442-mp_log-INFO-已审核
2019-02-22 14:47:33,577-mp_log-INFO-已审核
2019-02-22 14:47:33,685-mp_log-INFO-审核失败
2019-02-22 14:47:34,247-mp_log-INFO-审核失败
2019-02-22 14:47:34,389-mp_log-INFO-审核失败
2019-02-22 14:47:34,491-mp_log-INFO-已审核
2019-02-22 14:47:34,630-mp_log-INFO-审核失败
2019-02-22 14:47:34,882-mp_log-INFO-已审核
2019-02-22 14:47:35,262-mp_log-INFO-已审核
2019-02-22 14:47:35,708-mp_log-INFO-审核失败
2019-02-22 14:47:35,793-mp_log-INFO-审核失败
2019-02-22 14:47:36,471-mp_log-INFO-审核失败
2019-02-22 14:47:36,722-mp_log-INFO-审核失败
2019-02-22 14:47:36,783-mp_log-INFO-审核失败
2019-02-22 14:47:37,026-mp_log-INFO-已审核
2019-02-22 14:47:37,109-mp_log-INFO-已审核
2019-02-22 14:47:37,377-mp_log-INFO-审核失败
2019-02-22 14:47:37,942-mp_log-INFO-已审核
2019-02-22 14:47:38,264-mp_log-INFO-审核失败
2019-02-22 14:47:38,631-mp_log-INFO-审核失败
2019-02-22 14:47:38,854-mp_log-INFO-审核失败
2019-02-22 14:47:39,152-mp_log-INFO-审核失败
2019-02-22 14:47:39,521-mp_log-INFO-已审核
2019-02-22 14:47:39,823-mp_log-INFO-审核失败
2019-02-22 14:47:40,030-mp_log-INFO-已审核
2019-02-22 14:47:40,446-mp_log-INFO-审核失败
2019-02-22 14:47:40,611-mp_log-INFO-审核失败
2019-02-22 14:47:40,729-mp_log-INFO-已审核
2019-02-22 14:47:40,993-mp_log-INFO-已审核
2019-02-22 14:47:41,243-mp_log-INFO-审核失败
2019-02-22 14:47:41,607-mp_log-INFO-审核失败
2019-02-22 14:47:41,883-mp_log-INFO-审核失败
2019-02-22 14:47:42,478-mp_log-INFO-审核失败
2019-02-22 14:47:42,533-mp_log-INFO-已审核
2019-02-22 14:47:42,799-mp_log-INFO-审核失败
2019-02-22 14:47:43,029-mp_log-INFO-审核失败
2019-02-22 14:47:43,392-mp_log-INFO-审核失败
2019-02-22 14:47:43,988-mp_log-INFO-审核失败
2019-02-22 14:47:44,234-mp_log-INFO-审核失败
2019-02-22 14:47:44,647-mp_log-INFO-审核失败
2019-02-22 14:47:44,830-mp_log-INFO-已审核
2019-02-22 14:47:45,242-mp_log-INFO-已审核
2019-02-22 14:47:45,569-mp_log-INFO-审核失败
2019-02-22 14:47:45,797-mp_log-INFO-审核失败
2019-02-22 14:47:46,296-mp_log-INFO-审核失败
2019-02-22 14:47:46,438-mp_log-INFO-审核失败
2019-02-22 14:47:46,708-mp_log-INFO-审核失败
2019-02-22 14:47:47,252-mp_log-INFO-审核失败
2019-02-22 14:47:47,651-mp_log-INFO-审核失败
2019-02-22 14:47:47,711-mp_log-INFO-审核失败
2019-02-22 14:47:47,740-mp_log-INFO-已审核
2019-02-22 14:47:48,073-mp_log-INFO-已审核
2019-02-22 14:47:48,231-mp_log-INFO-审核失败
2019-02-22 14:47:48,634-mp_log-INFO-审核失败
2019-02-22 14:47:49,005-mp_log-INFO-已审核
2019-02-22 14:47:49,214-mp_log-INFO-审核失败
2019-02-22 14:47:50,045-mp_log-INFO-已审核
2019-02-22 14:47:50,329-mp_log-INFO-审核失败
2019-02-22 14:47:50,368-mp_log-INFO-审核失败
2019-02-22 14:47:50,600-mp_log-INFO-审核失败
2019-02-22 14:47:50,992-mp_log-INFO-已审核
2019-02-22 14:47:51,221-mp_log-INFO-已审核
2019-02-22 14:47:51,632-mp_log-INFO-审核失败
2019-02-22 14:47:52,402-mp_log-INFO-已审核
2019-02-22 14:47:52,889-mp_log-INFO-已审核
2019-02-22 14:47:53,057-mp_log-INFO-审核失败
2019-02-22 14:47:53,077-mp_log-INFO-审核失败
2019-02-22 14:47:53,333-mp_log-INFO-已审核
2019-02-22 14:47:53,716-mp_log-INFO-已审核
2019-02-22 14:47:53,923-mp_log-INFO-审核失败
2019-02-22 14:47:53,950-mp_log-INFO-审核失败
2019-02-22 14:47:54,244-mp_log-INFO-审核失败
2019-02-22 14:47:54,568-mp_log-INFO-审核失败
2019-02-22 14:47:54,942-mp_log-INFO-审核失败
2019-02-22 14:47:55,105-mp_log-INFO-已审核
2019-02-22 14:47:55,597-mp_log-INFO-审核失败
2019-02-22 14:47:56,173-mp_log-INFO-已审核
2019-02-22 14:47:56,202-mp_log-INFO-审核失败
