2019-02-18 17:22:45,001-Getlogin-ERROR-'token'
2019-02-18 17:22:45,002-mp_log-INFO-token获取成功......
2019-02-18 17:22:51,302-mp_log-INFO-获取所有小程序信息成功......
2019-02-18 17:22:52,060-mp_log-INFO-获取最新模板信息成功.......
2019-02-18 17:22:53,508-mp_log-INFO-审核失败
2019-02-18 17:22:53,917-mp_log-INFO-审核失败
2019-02-18 17:22:53,971-mp_log-INFO-已审核
2019-02-18 17:22:54,521-mp_log-INFO-审核失败
2019-02-18 17:22:55,208-mp_log-INFO-已审核
2019-02-18 17:22:55,391-mp_log-INFO-审核失败
2019-02-18 17:22:55,705-mp_log-INFO-已审核
2019-02-18 17:22:56,380-mp_log-INFO-审核失败
2019-02-18 17:22:56,383-mp_log-INFO-已审核
2019-02-18 17:22:56,618-mp_log-INFO-已审核
2019-02-18 17:22:56,972-mp_log-INFO-审核失败
2019-02-18 17:22:57,188-mp_log-INFO-已审核
2019-02-18 17:22:57,560-mp_log-INFO-已审核
2019-02-18 17:22:58,057-mp_log-INFO-已审核
2019-02-18 17:22:58,332-mp_log-INFO-审核失败
2019-02-18 17:22:58,713-mp_log-INFO-已审核
2019-02-18 17:22:58,777-mp_log-INFO-审核失败
2019-02-18 17:22:59,233-mp_log-INFO-已审核
2019-02-18 17:22:59,388-mp_log-INFO-审核失败
2019-02-18 17:22:59,604-mp_log-INFO-审核失败
2019-02-18 17:22:59,938-mp_log-INFO-已审核
2019-02-18 17:23:00,346-mp_log-INFO-审核失败
2019-02-18 17:23:00,681-mp_log-INFO-已审核
2019-02-18 17:23:01,106-mp_log-INFO-已审核
2019-02-18 17:23:01,438-mp_log-INFO-已审核
2019-02-18 17:23:01,857-mp_log-INFO-已审核
2019-02-18 17:23:02,095-mp_log-INFO-已审核
2019-02-18 17:23:02,473-mp_log-INFO-已审核
2019-02-18 17:23:02,613-mp_log-INFO-已审核
2019-02-18 17:23:02,923-mp_log-INFO-审核失败
2019-02-18 17:23:03,422-mp_log-INFO-审核失败
2019-02-18 17:23:03,655-mp_log-INFO-已审核
2019-02-18 17:23:03,859-mp_log-INFO-已审核
2019-02-18 17:23:04,009-mp_log-INFO-已审核
2019-02-18 17:23:04,486-mp_log-INFO-已审核
2019-02-18 17:23:04,736-mp_log-INFO-审核失败
2019-02-18 17:23:05,057-mp_log-INFO-已审核
2019-02-18 17:23:05,233-mp_log-INFO-已审核
2019-02-18 17:23:05,812-mp_log-INFO-已审核
2019-02-18 17:23:05,941-mp_log-INFO-已审核
2019-02-18 17:23:06,263-mp_log-INFO-已审核
2019-02-18 17:23:06,501-mp_log-INFO-审核失败
2019-02-18 17:23:06,819-mp_log-INFO-已审核
2019-02-18 17:23:07,154-mp_log-INFO-已审核
2019-02-18 17:23:07,427-mp_log-INFO-已审核
2019-02-18 17:23:07,606-mp_log-INFO-已审核
2019-02-18 17:23:08,007-mp_log-INFO-已审核
2019-02-18 17:23:08,424-mp_log-INFO-已审核
2019-02-18 17:23:08,685-mp_log-INFO-已审核
2019-02-18 17:23:08,835-mp_log-INFO-审核失败
2019-02-18 17:23:09,178-mp_log-INFO-已审核
2019-02-18 17:23:09,566-mp_log-INFO-审核失败
2019-02-18 17:23:09,831-mp_log-INFO-已审核
2019-02-18 17:23:10,135-mp_log-INFO-已审核
2019-02-18 17:23:10,355-mp_log-INFO-已审核
2019-02-18 17:23:10,696-mp_log-INFO-已审核
2019-02-18 17:23:11,144-mp_log-INFO-已审核
2019-02-18 17:23:11,365-mp_log-INFO-已审核
2019-02-18 17:23:11,558-mp_log-INFO-已审核
2019-02-18 17:23:12,007-mp_log-INFO-审核失败
2019-02-18 17:23:12,258-mp_log-INFO-已审核
2019-02-18 17:23:12,545-mp_log-INFO-审核失败
2019-02-18 17:23:12,869-mp_log-INFO-已审核
2019-02-18 17:23:13,132-mp_log-INFO-已审核
2019-02-18 17:23:13,443-mp_log-INFO-审核失败
2019-02-18 17:23:13,649-mp_log-INFO-已审核
2019-02-18 17:23:14,040-mp_log-INFO-审核失败
2019-02-18 17:23:14,674-mp_log-INFO-审核失败
2019-02-18 17:23:14,698-mp_log-INFO-审核失败
2019-02-18 17:23:14,937-mp_log-INFO-已审核
2019-02-18 17:23:15,261-mp_log-INFO-审核失败
2019-02-18 17:23:15,574-mp_log-INFO-已审核
2019-02-18 17:23:15,836-mp_log-INFO-已审核
2019-02-18 17:23:16,222-mp_log-INFO-已审核
2019-02-18 17:23:16,358-mp_log-INFO-审核失败
2019-02-18 17:23:16,761-mp_log-INFO-已审核
2019-02-18 17:23:16,924-mp_log-INFO-已审核
2019-02-18 17:23:17,412-mp_log-INFO-已审核
2019-02-18 17:23:17,660-mp_log-INFO-已审核
2019-02-18 17:23:18,077-mp_log-INFO-已审核
2019-02-18 17:23:18,278-mp_log-INFO-已审核
2019-02-18 17:23:18,757-mp_log-INFO-已审核
2019-02-18 17:23:19,008-mp_log-INFO-已审核
2019-02-18 17:23:19,318-mp_log-INFO-审核失败
2019-02-18 17:23:19,567-mp_log-INFO-已审核
2019-02-18 17:23:19,711-mp_log-INFO-已审核
2019-02-18 17:23:20,159-mp_log-INFO-已审核
2019-02-18 17:23:20,601-mp_log-INFO-审核失败
2019-02-18 17:23:20,760-mp_log-INFO-已审核
2019-02-18 17:23:21,147-mp_log-INFO-审核失败
2019-02-18 17:23:21,217-mp_log-INFO-已审核
2019-02-18 17:23:21,815-mp_log-INFO-已审核
2019-02-18 17:23:21,981-mp_log-INFO-已审核
2019-02-18 17:23:22,457-mp_log-INFO-已审核
2019-02-18 17:23:22,535-mp_log-INFO-审核失败
2019-02-18 17:23:22,719-mp_log-INFO-已审核
2019-02-18 17:23:23,145-mp_log-INFO-已审核
2019-02-18 17:23:23,616-mp_log-INFO-已审核
2019-02-18 17:23:23,696-mp_log-INFO-审核失败
2019-02-18 17:23:24,021-mp_log-INFO-已审核
2019-02-18 17:23:24,297-mp_log-INFO-已审核
2019-02-18 17:23:24,699-mp_log-INFO-已审核
2019-02-18 17:23:24,866-mp_log-INFO-已审核
2019-02-18 17:23:25,258-mp_log-INFO-已审核
2019-02-18 17:23:25,492-mp_log-INFO-已审核
2019-02-18 17:23:25,773-mp_log-INFO-审核失败
2019-02-18 17:23:26,183-mp_log-INFO-已审核
2019-02-18 17:23:26,496-mp_log-INFO-审核失败
2019-02-18 17:23:26,904-mp_log-INFO-已审核
2019-02-18 17:23:27,233-mp_log-INFO-已审核
2019-02-18 17:23:27,797-mp_log-INFO-审核失败
2019-02-18 17:23:28,275-mp_log-INFO-审核失败
2019-02-18 17:23:28,329-mp_log-INFO-已审核
2019-02-18 17:23:28,981-mp_log-INFO-已审核
2019-02-18 17:23:29,290-mp_log-INFO-已审核
2019-02-18 17:23:29,377-mp_log-INFO-已审核
2019-02-18 17:23:30,121-mp_log-INFO-已审核
2019-02-18 17:23:30,347-mp_log-INFO-已审核
2019-02-18 17:23:30,537-mp_log-INFO-审核失败
2019-02-18 17:23:30,768-mp_log-INFO-已审核
2019-02-18 17:23:30,792-mp_log-INFO-已审核
2019-02-18 17:23:31,462-mp_log-INFO-审核失败
2019-02-18 17:23:31,583-mp_log-INFO-审核失败
2019-02-18 17:23:31,782-mp_log-INFO-审核失败
2019-02-18 17:23:32,027-mp_log-INFO-已审核
2019-02-18 17:23:32,622-mp_log-INFO-已审核
2019-02-18 17:23:32,665-mp_log-INFO-已审核
2019-02-18 17:23:33,007-mp_log-INFO-已审核
2019-02-18 17:23:33,008-mp_log-INFO-已审核
2019-02-18 17:23:33,453-mp_log-INFO-已审核
2019-02-18 17:23:33,684-mp_log-INFO-已审核
2019-02-18 17:23:34,588-mp_log-INFO-已审核
2019-02-18 17:23:34,867-mp_log-INFO-审核失败
2019-02-18 17:23:35,085-mp_log-INFO-已审核
2019-02-18 17:23:35,163-mp_log-INFO-审核失败
2019-02-18 17:23:35,407-mp_log-INFO-审核失败
2019-02-18 17:23:35,732-mp_log-INFO-已审核
2019-02-18 17:23:36,070-mp_log-INFO-已审核
2019-02-18 17:23:36,227-mp_log-INFO-已审核
2019-02-18 17:23:36,580-mp_log-INFO-审核失败
2019-02-18 17:23:36,887-mp_log-INFO-已审核
2019-02-18 17:23:37,423-mp_log-INFO-已审核
2019-02-18 17:23:37,542-mp_log-INFO-已审核
2019-02-18 17:23:37,892-mp_log-INFO-已审核
2019-02-18 17:23:38,081-mp_log-INFO-审核失败
2019-02-18 17:23:38,686-mp_log-INFO-审核失败
2019-02-18 17:23:38,911-mp_log-INFO-审核失败
2019-02-18 17:23:39,069-mp_log-INFO-已审核
2019-02-18 17:23:39,289-mp_log-INFO-已审核
2019-02-18 17:23:39,732-mp_log-INFO-已审核
2019-02-18 17:23:39,953-mp_log-INFO-审核失败
2019-02-18 17:23:40,233-mp_log-INFO-审核失败
2019-02-18 17:23:40,599-mp_log-INFO-已审核
2019-02-18 17:23:41,161-mp_log-INFO-已审核
2019-02-18 17:23:41,431-mp_log-INFO-已审核
2019-02-18 17:23:41,445-mp_log-INFO-已审核
2019-02-18 17:23:41,752-mp_log-INFO-已审核
2019-02-18 17:23:42,190-mp_log-INFO-已审核
2019-02-18 17:23:42,502-mp_log-INFO-已审核
2019-02-18 17:23:42,714-mp_log-INFO-审核失败
2019-02-18 17:23:43,024-mp_log-INFO-已审核
2019-02-18 17:23:43,271-mp_log-INFO-审核失败
2019-02-18 17:23:43,585-mp_log-INFO-审核失败
2019-02-18 17:23:43,804-mp_log-INFO-已审核
2019-02-18 17:23:44,353-mp_log-INFO-审核失败
2019-02-18 17:23:44,431-mp_log-INFO-已审核
2019-02-18 17:23:44,660-mp_log-INFO-审核失败
2019-02-18 17:23:45,018-mp_log-INFO-已审核
2019-02-18 17:23:45,315-mp_log-INFO-已审核
2019-02-18 17:23:45,565-mp_log-INFO-已审核
2019-02-18 17:23:46,329-mp_log-INFO-审核失败
2019-02-18 17:23:46,378-mp_log-INFO-审核失败
2019-02-18 17:23:46,479-mp_log-INFO-审核失败
2019-02-18 17:23:47,104-mp_log-INFO-已审核
2019-02-18 17:23:47,221-mp_log-INFO-审核失败
2019-02-18 17:23:47,371-mp_log-INFO-审核失败
2019-02-18 17:23:47,818-mp_log-INFO-审核失败
2019-02-18 17:23:48,041-mp_log-INFO-审核失败
2019-02-18 17:23:48,297-mp_log-INFO-已审核
2019-02-18 17:23:48,615-mp_log-INFO-审核失败
2019-02-18 17:23:49,181-mp_log-INFO-已审核
2019-02-18 17:23:49,265-mp_log-INFO-已审核
2019-02-18 17:23:49,555-mp_log-INFO-已审核
2019-02-18 17:23:49,819-mp_log-INFO-审核失败
2019-02-18 17:23:50,236-mp_log-INFO-已审核
2019-02-18 17:23:50,419-mp_log-INFO-已审核
2019-02-18 17:23:50,750-mp_log-INFO-审核失败
2019-02-18 17:23:51,006-mp_log-INFO-审核失败
2019-02-18 17:23:51,341-mp_log-INFO-审核失败
2019-02-18 17:23:51,695-mp_log-INFO-已审核
2019-02-18 17:23:51,877-mp_log-INFO-已审核
2019-02-18 17:23:52,641-mp_log-INFO-已审核
2019-02-18 17:23:52,804-mp_log-INFO-已审核
2019-02-18 17:23:53,133-mp_log-INFO-审核失败
2019-02-18 17:23:53,203-mp_log-INFO-已审核
2019-02-18 17:23:53,436-mp_log-INFO-已审核
2019-02-18 17:23:53,773-mp_log-INFO-已审核
2019-02-18 17:23:54,167-mp_log-INFO-已审核
2019-02-18 17:23:54,373-mp_log-INFO-已审核
2019-02-18 17:23:54,748-mp_log-INFO-审核失败
2019-02-18 17:23:55,094-mp_log-INFO-已审核
2019-02-18 17:23:55,360-mp_log-INFO-已审核
2019-02-18 17:23:55,748-mp_log-INFO-已审核
2019-02-18 17:23:56,214-mp_log-INFO-已审核
2019-02-18 17:23:56,219-mp_log-INFO-已审核
2019-02-18 17:23:56,388-mp_log-INFO-已审核
2019-02-18 17:23:56,889-mp_log-INFO-已审核
2019-02-18 17:23:57,300-mp_log-INFO-审核失败
2019-02-18 17:23:57,548-mp_log-INFO-已审核
2019-02-18 17:23:58,220-mp_log-INFO-已审核
2019-02-18 17:23:58,265-mp_log-INFO-已审核
2019-02-18 17:23:58,719-mp_log-INFO-审核失败
2019-02-18 17:23:58,950-mp_log-INFO-已审核
2019-02-18 17:23:59,301-mp_log-INFO-审核失败
2019-02-18 17:23:59,521-mp_log-INFO-已审核
2019-02-18 17:23:59,791-mp_log-INFO-审核失败
2019-02-18 17:24:00,080-mp_log-INFO-已审核
2019-02-18 17:24:00,366-mp_log-INFO-审核失败
