2019-02-20 18:09:59,287-Getlogin-ERROR-'token'
2019-02-20 18:09:59,289-mp_log-INFO-token获取成功......
2019-02-20 18:10:06,710-mp_log-INFO-获取所有小程序信息成功......
2019-02-20 18:10:07,329-mp_log-INFO-获取最新模板信息成功.......
2019-02-20 18:10:08,628-mp_log-INFO-审核失败
2019-02-20 18:10:08,905-mp_log-INFO-审核失败
2019-02-20 18:10:09,125-mp_log-INFO-审核失败
2019-02-20 18:10:09,904-mp_log-INFO-审核失败
2019-02-20 18:10:10,291-mp_log-INFO-已审核
2019-02-20 18:10:10,819-mp_log-INFO-审核失败
2019-02-20 18:10:11,064-mp_log-INFO-已审核
2019-02-20 18:10:11,175-mp_log-INFO-审核失败
2019-02-20 18:10:11,493-mp_log-INFO-审核失败
2019-02-20 18:10:11,814-mp_log-INFO-审核失败
2019-02-20 18:10:12,108-mp_log-INFO-审核失败
2019-02-20 18:10:12,473-mp_log-INFO-已审核
2019-02-20 18:10:12,808-mp_log-INFO-已审核
2019-02-20 18:10:13,138-mp_log-INFO-已审核
2019-02-20 18:10:13,375-mp_log-INFO-审核失败
2019-02-20 18:10:13,675-mp_log-INFO-已审核
2019-02-20 18:10:14,017-mp_log-INFO-审核失败
2019-02-20 18:10:14,316-mp_log-INFO-已审核
2019-02-20 18:10:14,589-mp_log-INFO-审核失败
2019-02-20 18:10:14,754-mp_log-INFO-审核失败
2019-02-20 18:10:15,166-mp_log-INFO-已审核
2019-02-20 18:10:15,477-mp_log-INFO-审核失败
2019-02-20 18:10:15,663-mp_log-INFO-已审核
2019-02-20 18:10:16,301-mp_log-INFO-已审核
2019-02-20 18:10:16,622-mp_log-INFO-已审核
2019-02-20 18:10:16,922-mp_log-INFO-已审核
2019-02-20 18:10:17,256-mp_log-INFO-已审核
2019-02-20 18:10:17,601-mp_log-INFO-已审核
2019-02-20 18:10:17,784-mp_log-INFO-已审核
2019-02-20 18:10:18,360-mp_log-INFO-审核失败
2019-02-20 18:10:18,518-mp_log-INFO-审核失败
2019-02-20 18:10:18,622-mp_log-INFO-已审核
2019-02-20 18:10:19,123-mp_log-INFO-审核失败
2019-02-20 18:10:19,350-mp_log-INFO-审核失败
2019-02-20 18:10:19,633-mp_log-INFO-审核失败
2019-02-20 18:10:19,889-mp_log-INFO-审核失败
2019-02-20 18:10:20,246-mp_log-INFO-已审核
2019-02-20 18:10:20,613-mp_log-INFO-已审核
2019-02-20 18:10:20,870-mp_log-INFO-已审核
2019-02-20 18:10:21,165-mp_log-INFO-已审核
2019-02-20 18:10:21,798-mp_log-INFO-审核失败
2019-02-20 18:10:21,809-mp_log-INFO-审核失败
2019-02-20 18:10:22,538-mp_log-INFO-审核失败
2019-02-20 18:10:22,652-mp_log-INFO-已审核
2019-02-20 18:10:22,846-mp_log-INFO-已审核
2019-02-20 18:10:23,182-mp_log-INFO-已审核
2019-02-20 18:10:23,395-mp_log-INFO-审核失败
2019-02-20 18:10:24,020-mp_log-INFO-已审核
2019-02-20 18:10:24,179-mp_log-INFO-审核失败
2019-02-20 18:10:24,412-mp_log-INFO-审核失败
2019-02-20 18:10:25,174-mp_log-INFO-审核失败
2019-02-20 18:10:25,204-mp_log-INFO-审核失败
2019-02-20 18:10:25,358-mp_log-INFO-已审核
2019-02-20 18:10:25,425-mp_log-INFO-已审核
2019-02-20 18:10:25,914-mp_log-INFO-已审核
2019-02-20 18:10:25,943-mp_log-INFO-已审核
2019-02-20 18:10:26,330-mp_log-INFO-审核失败
2019-02-20 18:10:26,650-mp_log-INFO-已审核
2019-02-20 18:10:26,810-mp_log-INFO-已审核
2019-02-20 18:10:27,307-mp_log-INFO-审核失败
2019-02-20 18:10:27,447-mp_log-INFO-审核失败
2019-02-20 18:10:27,901-mp_log-INFO-审核失败
2019-02-20 18:10:28,163-mp_log-INFO-审核失败
2019-02-20 18:10:28,402-mp_log-INFO-审核失败
2019-02-20 18:10:28,978-mp_log-INFO-审核失败
2019-02-20 18:10:29,058-mp_log-INFO-审核失败
2019-02-20 18:10:29,263-mp_log-INFO-审核失败
2019-02-20 18:10:29,715-mp_log-INFO-审核失败
2019-02-20 18:10:29,849-mp_log-INFO-审核失败
2019-02-20 18:10:30,199-mp_log-INFO-已审核
2019-02-20 18:10:30,499-mp_log-INFO-审核失败
2019-02-20 18:10:30,828-mp_log-INFO-审核失败
2019-02-20 18:10:31,050-mp_log-INFO-已审核
2019-02-20 18:10:31,392-mp_log-INFO-审核失败
2019-02-20 18:10:32,005-mp_log-INFO-已审核
2019-02-20 18:10:32,291-mp_log-INFO-已审核
2019-02-20 18:10:32,857-mp_log-INFO-审核失败
2019-02-20 18:10:32,859-mp_log-INFO-审核失败
2019-02-20 18:10:32,885-mp_log-INFO-已审核
2019-02-20 18:10:33,530-mp_log-INFO-审核失败
2019-02-20 18:10:33,960-mp_log-INFO-已审核
2019-02-20 18:10:34,177-mp_log-INFO-审核失败
2019-02-20 18:10:34,565-mp_log-INFO-已审核
2019-02-20 18:10:34,595-mp_log-INFO-审核失败
2019-02-20 18:10:34,785-mp_log-INFO-审核失败
2019-02-20 18:10:35,149-mp_log-INFO-已审核
2019-02-20 18:10:35,352-mp_log-INFO-已审核
2019-02-20 18:10:35,625-mp_log-INFO-审核失败
2019-02-20 18:10:35,943-mp_log-INFO-已审核
2019-02-20 18:10:36,245-mp_log-INFO-审核失败
2019-02-20 18:10:36,591-mp_log-INFO-已审核
2019-02-20 18:10:36,855-mp_log-INFO-已审核
2019-02-20 18:10:37,281-mp_log-INFO-已审核
2019-02-20 18:10:37,744-mp_log-INFO-审核失败
2019-02-20 18:10:37,805-mp_log-INFO-审核失败
2019-02-20 18:10:38,404-mp_log-INFO-审核失败
2019-02-20 18:10:38,627-mp_log-INFO-审核失败
2019-02-20 18:10:38,659-mp_log-INFO-已审核
2019-02-20 18:10:39,072-mp_log-INFO-审核失败
2019-02-20 18:10:39,112-mp_log-INFO-已审核
2019-02-20 18:10:39,724-mp_log-INFO-审核失败
2019-02-20 18:10:39,794-mp_log-INFO-已审核
2019-02-20 18:10:40,051-mp_log-INFO-已审核
2019-02-20 18:10:40,732-mp_log-INFO-审核失败
2019-02-20 18:10:40,868-mp_log-INFO-审核失败
2019-02-20 18:10:41,286-mp_log-INFO-审核失败
2019-02-20 18:10:41,659-mp_log-INFO-审核失败
2019-02-20 18:10:41,777-mp_log-INFO-已审核
2019-02-20 18:10:42,199-mp_log-INFO-已审核
2019-02-20 18:10:42,199-mp_log-INFO-已审核
2019-02-20 18:10:42,901-mp_log-INFO-审核失败
2019-02-20 18:10:43,050-mp_log-INFO-审核失败
2019-02-20 18:10:43,506-mp_log-INFO-已审核
2019-02-20 18:10:43,794-mp_log-INFO-审核失败
2019-02-20 18:10:44,134-mp_log-INFO-已审核
2019-02-20 18:10:44,553-mp_log-INFO-已审核
2019-02-20 18:10:44,769-mp_log-INFO-审核失败
2019-02-20 18:10:44,953-mp_log-INFO-已审核
2019-02-20 18:10:45,191-mp_log-INFO-审核失败
2019-02-20 18:10:46,026-mp_log-INFO-审核失败
2019-02-20 18:10:46,106-mp_log-INFO-审核失败
2019-02-20 18:10:46,142-mp_log-INFO-已审核
2019-02-20 18:10:46,393-mp_log-INFO-已审核
2019-02-20 18:10:46,868-mp_log-INFO-审核失败
2019-02-20 18:10:47,032-mp_log-INFO-审核失败
2019-02-20 18:10:47,501-mp_log-INFO-已审核
2019-02-20 18:10:47,645-mp_log-INFO-已审核
2019-02-20 18:10:47,995-mp_log-INFO-已审核
2019-02-20 18:10:48,426-mp_log-INFO-已审核
2019-02-20 18:10:48,522-mp_log-INFO-已审核
2019-02-20 18:10:49,054-mp_log-INFO-已审核
2019-02-20 18:10:49,186-mp_log-INFO-已审核
2019-02-20 18:10:49,674-mp_log-INFO-审核失败
2019-02-20 18:10:50,097-mp_log-INFO-已审核
2019-02-20 18:10:50,307-mp_log-INFO-审核失败
2019-02-20 18:10:50,643-mp_log-INFO-审核失败
2019-02-20 18:10:51,014-mp_log-INFO-已审核
2019-02-20 18:10:51,263-mp_log-INFO-已审核
2019-02-20 18:10:51,717-mp_log-INFO-审核失败
2019-02-20 18:10:51,942-mp_log-INFO-审核失败
2019-02-20 18:10:52,492-mp_log-INFO-已审核
2019-02-20 18:10:52,573-mp_log-INFO-已审核
2019-02-20 18:10:52,718-mp_log-INFO-审核失败
2019-02-20 18:10:53,379-mp_log-INFO-审核失败
2019-02-20 18:10:53,490-mp_log-INFO-已审核
2019-02-20 18:10:53,712-mp_log-INFO-审核失败
2019-02-20 18:10:54,184-mp_log-INFO-审核失败
2019-02-20 18:10:54,355-mp_log-INFO-审核失败
2019-02-20 18:10:54,561-mp_log-INFO-已审核
2019-02-20 18:10:55,030-mp_log-INFO-已审核
2019-02-20 18:10:55,248-mp_log-INFO-审核失败
2019-02-20 18:10:55,500-mp_log-INFO-审核失败
2019-02-20 18:10:55,715-mp_log-INFO-已审核
2019-02-20 18:10:56,152-mp_log-INFO-审核失败
2019-02-20 18:10:56,312-mp_log-INFO-审核失败
2019-02-20 18:10:56,769-mp_log-INFO-已审核
2019-02-20 18:10:57,043-mp_log-INFO-审核失败
2019-02-20 18:10:57,630-mp_log-INFO-审核失败
2019-02-20 18:10:57,727-mp_log-INFO-已审核
2019-02-20 18:10:58,047-mp_log-INFO-审核失败
2019-02-20 18:10:58,440-mp_log-INFO-审核失败
2019-02-20 18:10:58,453-mp_log-INFO-审核失败
2019-02-20 18:10:58,888-mp_log-INFO-审核失败
2019-02-20 18:10:59,105-mp_log-INFO-已审核
2019-02-20 18:10:59,459-mp_log-INFO-审核失败
2019-02-20 18:10:59,765-mp_log-INFO-已审核
2019-02-20 18:10:59,975-mp_log-INFO-审核失败
2019-02-20 18:11:00,359-mp_log-INFO-已审核
2019-02-20 18:11:00,793-mp_log-INFO-已审核
2019-02-20 18:11:01,008-mp_log-INFO-审核失败
2019-02-20 18:11:01,234-mp_log-INFO-审核失败
2019-02-20 18:11:01,422-mp_log-INFO-审核失败
2019-02-20 18:11:02,063-mp_log-INFO-已审核
2019-02-20 18:11:02,083-mp_log-INFO-审核失败
2019-02-20 18:11:02,516-mp_log-INFO-审核失败
2019-02-20 18:11:02,816-mp_log-INFO-审核失败
2019-02-20 18:11:03,351-mp_log-INFO-审核失败
2019-02-20 18:11:03,434-mp_log-INFO-审核失败
2019-02-20 18:11:03,753-mp_log-INFO-审核失败
2019-02-20 18:11:03,852-mp_log-INFO-审核失败
2019-02-20 18:11:04,167-mp_log-INFO-审核失败
2019-02-20 18:11:04,581-mp_log-INFO-已审核
2019-02-20 18:11:05,021-mp_log-INFO-已审核
2019-02-20 18:11:05,123-mp_log-INFO-审核失败
2019-02-20 18:11:05,452-mp_log-INFO-审核失败
2019-02-20 18:11:05,819-mp_log-INFO-审核失败
2019-02-20 18:11:06,073-mp_log-INFO-审核失败
2019-02-20 18:11:06,336-mp_log-INFO-审核失败
2019-02-20 18:11:06,534-mp_log-INFO-审核失败
2019-02-20 18:11:07,047-mp_log-INFO-审核失败
2019-02-20 18:11:07,302-mp_log-INFO-已审核
2019-02-20 18:11:07,629-mp_log-INFO-已审核
2019-02-20 18:11:07,837-mp_log-INFO-审核失败
2019-02-20 18:11:08,245-mp_log-INFO-审核失败
2019-02-20 18:11:08,474-mp_log-INFO-已审核
2019-02-20 18:11:08,681-mp_log-INFO-审核失败
2019-02-20 18:11:09,076-mp_log-INFO-已审核
2019-02-20 18:11:09,433-mp_log-INFO-已审核
2019-02-20 18:11:09,598-mp_log-INFO-审核失败
2019-02-20 18:11:09,925-mp_log-INFO-审核失败
2019-02-20 18:11:10,220-mp_log-INFO-审核失败
2019-02-20 18:11:10,564-mp_log-INFO-已审核
2019-02-20 18:11:10,824-mp_log-INFO-已审核
2019-02-20 18:11:11,093-mp_log-INFO-审核失败
2019-02-20 18:11:11,410-mp_log-INFO-审核失败
2019-02-20 18:11:11,666-mp_log-INFO-已审核
2019-02-20 18:11:12,197-mp_log-INFO-已审核
2019-02-20 18:11:12,241-mp_log-INFO-审核失败
2019-02-20 18:11:12,643-mp_log-INFO-审核失败
2019-02-20 18:11:13,250-mp_log-INFO-已审核
2019-02-20 18:11:13,640-mp_log-INFO-审核失败
2019-02-20 18:11:14,086-mp_log-INFO-审核失败
2019-02-20 18:11:14,173-mp_log-INFO-审核失败
2019-02-20 18:11:14,825-mp_log-INFO-审核失败
2019-02-20 18:11:15,034-mp_log-INFO-已审核
2019-02-20 18:11:15,038-mp_log-INFO-审核失败
2019-02-20 18:11:15,501-mp_log-INFO-已审核
2019-02-20 18:11:15,610-mp_log-INFO-审核失败
