2019-03-19 09:58:53,258-Getlogin-INFO-登录成功，获取mp端token.....
2019-03-19 09:58:53,261-mp_log-INFO-token获取成功......
2019-03-19 09:59:01,037-mp_log-INFO-获取所有小程序信息成功......
2019-03-19 09:59:02,298-mp_log-INFO-审核失败
2019-03-19 09:59:02,494-mp_log-INFO-审核失败
2019-03-19 09:59:02,795-mp_log-INFO-审核失败
2019-03-19 09:59:03,375-mp_log-INFO-审核失败
2019-03-19 09:59:04,323-mp_log-INFO-已审核
2019-03-19 09:59:04,441-mp_log-INFO-审核失败
2019-03-19 09:59:04,546-mp_log-INFO-已审核
2019-03-19 09:59:04,895-mp_log-INFO-审核失败
2019-03-19 09:59:05,254-mp_log-INFO-审核失败
2019-03-19 09:59:05,399-mp_log-INFO-审核中
2019-03-19 09:59:05,934-mp_log-INFO-审核失败
2019-03-19 09:59:06,053-mp_log-INFO-已审核
2019-03-19 09:59:06,398-mp_log-INFO-已审核
2019-03-19 09:59:06,667-mp_log-INFO-已审核
2019-03-19 09:59:07,045-mp_log-INFO-审核失败
2019-03-19 09:59:07,300-mp_log-INFO-已审核
2019-03-19 09:59:07,531-mp_log-INFO-审核失败
2019-03-19 09:59:08,013-mp_log-INFO-已审核
2019-03-19 09:59:08,190-mp_log-INFO-审核失败
2019-03-19 09:59:08,463-mp_log-INFO-审核失败
2019-03-19 09:59:09,022-mp_log-INFO-已审核
2019-03-19 09:59:09,117-mp_log-INFO-审核失败
2019-03-19 09:59:09,392-mp_log-INFO-已审核
2019-03-19 09:59:09,979-mp_log-INFO-已审核
2019-03-19 09:59:10,291-mp_log-INFO-已审核
2019-03-19 09:59:10,621-mp_log-INFO-已审核
2019-03-19 09:59:10,840-mp_log-INFO-已审核
2019-03-19 09:59:11,178-mp_log-INFO-已审核
2019-03-19 09:59:11,431-mp_log-INFO-已审核
2019-03-19 09:59:11,810-mp_log-INFO-审核失败
2019-03-19 09:59:12,086-mp_log-INFO-审核失败
2019-03-19 09:59:12,362-mp_log-INFO-已审核
2019-03-19 09:59:12,954-mp_log-INFO-审核失败
2019-03-19 09:59:13,110-mp_log-INFO-审核失败
2019-03-19 09:59:13,322-mp_log-INFO-审核失败
2019-03-19 09:59:13,702-mp_log-INFO-审核失败
2019-03-19 09:59:14,055-mp_log-INFO-已审核
2019-03-19 09:59:14,259-mp_log-INFO-已审核
2019-03-19 09:59:14,579-mp_log-INFO-已审核
2019-03-19 09:59:14,838-mp_log-INFO-已审核
2019-03-19 09:59:15,146-mp_log-INFO-审核失败
2019-03-19 09:59:15,312-mp_log-INFO-审核失败
2019-03-19 09:59:15,713-mp_log-INFO-审核失败
2019-03-19 09:59:16,056-mp_log-INFO-已审核
2019-03-19 09:59:16,255-mp_log-INFO-已审核
2019-03-19 09:59:16,597-mp_log-INFO-已审核
2019-03-19 09:59:16,936-mp_log-INFO-审核失败
2019-03-19 09:59:17,158-mp_log-INFO-已审核
2019-03-19 09:59:17,508-mp_log-INFO-审核失败
2019-03-19 09:59:18,031-mp_log-INFO-审核失败
2019-03-19 09:59:18,414-mp_log-INFO-审核失败
2019-03-19 09:59:18,477-mp_log-INFO-审核失败
2019-03-19 09:59:18,807-mp_log-INFO-已审核
2019-03-19 09:59:19,113-mp_log-INFO-已审核
2019-03-19 09:59:19,270-mp_log-INFO-已审核
2019-03-19 09:59:19,634-mp_log-INFO-已审核
2019-03-19 09:59:19,908-mp_log-INFO-审核失败
2019-03-19 09:59:20,205-mp_log-INFO-已审核
2019-03-19 09:59:20,531-mp_log-INFO-已审核
2019-03-19 09:59:20,765-mp_log-INFO-审核失败
2019-03-19 09:59:21,077-mp_log-INFO-审核失败
2019-03-19 09:59:21,571-mp_log-INFO-审核失败
2019-03-19 09:59:21,748-mp_log-INFO-审核失败
2019-03-19 09:59:21,952-mp_log-INFO-审核失败
2019-03-19 09:59:22,355-mp_log-INFO-审核失败
2019-03-19 09:59:22,884-mp_log-INFO-审核失败
2019-03-19 09:59:22,921-mp_log-INFO-审核失败
2019-03-19 09:59:23,169-mp_log-INFO-审核失败
2019-03-19 09:59:23,581-mp_log-INFO-审核失败
2019-03-19 09:59:23,846-mp_log-INFO-已审核
2019-03-19 09:59:24,176-mp_log-INFO-审核失败
2019-03-19 09:59:24,419-mp_log-INFO-审核失败
2019-03-19 09:59:24,717-mp_log-INFO-已审核
2019-03-19 09:59:25,088-mp_log-INFO-审核失败
2019-03-19 09:59:25,394-mp_log-INFO-审核失败
2019-03-19 09:59:25,656-mp_log-INFO-已审核
2019-03-19 09:59:25,910-mp_log-INFO-已审核
2019-03-19 09:59:26,272-mp_log-INFO-审核失败
2019-03-19 09:59:26,580-mp_log-INFO-已审核
2019-03-19 09:59:26,957-mp_log-INFO-已审核
2019-03-19 09:59:27,182-mp_log-INFO-已审核
2019-03-19 09:59:27,446-mp_log-INFO-审核失败
2019-03-19 09:59:27,797-mp_log-INFO-已审核
2019-03-19 09:59:28,050-mp_log-INFO-审核失败
2019-03-19 09:59:28,365-mp_log-INFO-审核失败
2019-03-19 09:59:28,733-mp_log-INFO-已审核
2019-03-19 09:59:28,967-mp_log-INFO-已审核
2019-03-19 09:59:29,272-mp_log-INFO-审核失败
2019-03-19 09:59:29,545-mp_log-INFO-已审核
2019-03-19 09:59:29,977-mp_log-INFO-审核失败
2019-03-19 09:59:30,203-mp_log-INFO-已审核
2019-03-19 09:59:30,418-mp_log-INFO-已审核
2019-03-19 09:59:30,795-mp_log-INFO-已审核
2019-03-19 09:59:31,034-mp_log-INFO-审核失败
2019-03-19 09:59:31,392-mp_log-INFO-审核失败
2019-03-19 09:59:31,708-mp_log-INFO-审核失败
2019-03-19 09:59:31,944-mp_log-INFO-审核失败
2019-03-19 09:59:32,207-mp_log-INFO-已审核
2019-03-19 09:59:32,510-mp_log-INFO-审核失败
2019-03-19 09:59:32,879-mp_log-INFO-已审核
2019-03-19 09:59:33,176-mp_log-INFO-审核失败
2019-03-19 09:59:33,493-mp_log-INFO-已审核
2019-03-19 09:59:33,735-mp_log-INFO-已审核
2019-03-19 09:59:34,029-mp_log-INFO-已审核
2019-03-19 09:59:34,480-mp_log-INFO-审核失败
2019-03-19 09:59:34,667-mp_log-INFO-审核失败
2019-03-19 09:59:34,995-mp_log-INFO-已审核
2019-03-19 09:59:35,289-mp_log-INFO-审核失败
2019-03-19 09:59:35,822-mp_log-INFO-已审核
2019-03-19 09:59:36,445-mp_log-INFO-审核失败
2019-03-19 09:59:36,469-mp_log-INFO-已审核
2019-03-19 09:59:36,727-mp_log-INFO-审核失败
2019-03-19 09:59:37,188-mp_log-INFO-已审核
2019-03-19 09:59:37,387-mp_log-INFO-已审核
2019-03-19 09:59:37,634-mp_log-INFO-已审核
2019-03-19 09:59:37,995-mp_log-INFO-已审核
2019-03-19 09:59:38,292-mp_log-INFO-审核失败
2019-03-19 09:59:38,567-mp_log-INFO-已审核
2019-03-19 09:59:38,871-mp_log-INFO-审核失败
2019-03-19 09:59:39,282-mp_log-INFO-已审核
2019-03-19 09:59:39,505-mp_log-INFO-已审核
2019-03-19 09:59:39,832-mp_log-INFO-审核失败
2019-03-19 09:59:40,091-mp_log-INFO-已审核
2019-03-19 09:59:40,385-mp_log-INFO-审核失败
2019-03-19 09:59:40,742-mp_log-INFO-审核失败
2019-03-19 09:59:41,009-mp_log-INFO-已审核
2019-03-19 09:59:41,547-mp_log-INFO-已审核
2019-03-19 09:59:41,559-mp_log-INFO-已审核
2019-03-19 09:59:41,849-mp_log-INFO-已审核
2019-03-19 09:59:42,142-mp_log-INFO-已审核
2019-03-19 09:59:42,468-mp_log-INFO-已审核
2019-03-19 09:59:42,732-mp_log-INFO-已审核
2019-03-19 09:59:43,338-mp_log-INFO-审核失败
2019-03-19 09:59:43,652-mp_log-INFO-已审核
2019-03-19 09:59:43,993-mp_log-INFO-审核失败
2019-03-19 09:59:44,433-mp_log-INFO-审核失败
2019-03-19 09:59:44,621-mp_log-INFO-已审核
2019-03-19 09:59:44,908-mp_log-INFO-已审核
2019-03-19 09:59:45,184-mp_log-INFO-审核失败
2019-03-19 09:59:45,525-mp_log-INFO-审核失败
2019-03-19 09:59:45,777-mp_log-INFO-已审核
2019-03-19 09:59:46,115-mp_log-INFO-已审核
2019-03-19 09:59:46,392-mp_log-INFO-审核失败
2019-03-19 09:59:46,666-mp_log-INFO-已审核
2019-03-19 09:59:47,011-mp_log-INFO-审核失败
2019-03-19 09:59:47,345-mp_log-INFO-审核失败
2019-03-19 09:59:47,744-mp_log-INFO-审核失败
2019-03-19 09:59:47,958-mp_log-INFO-已审核
2019-03-19 09:59:48,247-mp_log-INFO-已审核
2019-03-19 09:59:48,555-mp_log-INFO-已审核
2019-03-19 09:59:48,905-mp_log-INFO-审核失败
2019-03-19 09:59:49,095-mp_log-INFO-审核失败
2019-03-19 09:59:49,368-mp_log-INFO-已审核
2019-03-19 09:59:49,667-mp_log-INFO-已审核
2019-03-19 09:59:50,047-mp_log-INFO-审核失败
2019-03-19 09:59:50,582-mp_log-INFO-审核失败
2019-03-19 09:59:50,879-mp_log-INFO-审核失败
2019-03-19 09:59:51,223-mp_log-INFO-已审核
2019-03-19 09:59:51,625-mp_log-INFO-审核失败
2019-03-19 09:59:51,785-mp_log-INFO-审核失败
2019-03-19 09:59:52,066-mp_log-INFO-审核失败
2019-03-19 09:59:52,570-mp_log-INFO-审核失败
2019-03-19 09:59:52,797-mp_log-INFO-已审核
2019-03-19 09:59:53,193-mp_log-INFO-审核失败
2019-03-19 09:59:53,555-mp_log-INFO-已审核
2019-03-19 09:59:53,778-mp_log-INFO-审核失败
2019-03-19 09:59:54,021-mp_log-INFO-已审核
2019-03-19 09:59:54,384-mp_log-INFO-已审核
2019-03-19 09:59:54,592-mp_log-INFO-审核失败
2019-03-19 09:59:54,952-mp_log-INFO-审核失败
2019-03-19 09:59:55,261-mp_log-INFO-审核失败
2019-03-19 09:59:55,596-mp_log-INFO-审核失败
2019-03-19 09:59:55,971-mp_log-INFO-已审核
2019-03-19 09:59:56,253-mp_log-INFO-审核失败
2019-03-19 09:59:57,452-mp_log-INFO-审核失败
2019-03-19 09:59:59,419-mp_log-INFO-审核失败
2019-03-19 09:59:59,905-mp_log-INFO-审核失败
2019-03-19 10:00:00,087-mp_log-INFO-审核失败
2019-03-19 10:00:00,205-mp_log-INFO-审核失败
2019-03-19 10:00:00,511-mp_log-INFO-已审核
2019-03-19 10:00:01,066-mp_log-INFO-已审核
2019-03-19 10:00:01,234-mp_log-INFO-审核失败
2019-03-19 10:00:01,245-mp_log-INFO-已审核
2019-03-19 10:00:01,595-mp_log-INFO-审核失败
2019-03-19 10:00:01,681-mp_log-INFO-已审核
2019-03-19 10:00:01,942-mp_log-INFO-审核失败
2019-03-19 10:00:01,959-mp_log-INFO-审核失败
2019-03-19 10:00:02,023-mp_log-INFO-审核失败
2019-03-19 10:00:02,170-mp_log-INFO-审核失败
2019-03-19 10:00:02,187-mp_log-INFO-已审核
2019-03-19 10:00:02,349-mp_log-INFO-已审核
2019-03-19 10:00:02,733-mp_log-INFO-已审核
2019-03-19 10:00:02,932-mp_log-INFO-已审核
2019-03-19 10:00:02,973-mp_log-INFO-审核失败
2019-03-19 10:00:03,076-mp_log-INFO-已审核
2019-03-19 10:00:03,143-mp_log-INFO-审核失败
2019-03-19 10:00:03,439-mp_log-INFO-已审核
2019-03-19 10:00:04,132-mp_log-INFO-审核失败
2019-03-19 10:00:04,141-mp_log-INFO-审核失败
2019-03-19 10:00:04,273-mp_log-INFO-审核失败
2019-03-19 10:00:04,646-mp_log-INFO-已审核
2019-03-19 10:00:05,007-mp_log-INFO-审核失败
2019-03-19 10:00:05,234-mp_log-INFO-已审核
2019-03-19 10:00:05,297-mp_log-INFO-审核失败
2019-03-19 10:00:05,639-mp_log-INFO-已审核
2019-03-19 10:00:06,171-mp_log-INFO-已审核
2019-03-19 10:00:06,455-mp_log-INFO-审核失败
2019-03-19 10:00:06,568-mp_log-INFO-审核失败
2019-03-19 10:00:07,138-mp_log-INFO-已审核
2019-03-19 10:00:07,344-mp_log-INFO-审核失败
2019-03-19 10:00:07,685-mp_log-INFO-审核失败
2019-03-19 10:00:07,911-mp_log-INFO-审核失败
2019-03-19 10:00:08,520-mp_log-INFO-已审核
2019-03-19 10:00:08,870-mp_log-INFO-已审核
2019-03-19 10:00:09,179-mp_log-INFO-审核失败
2019-03-19 10:00:09,434-mp_log-INFO-已审核
2019-03-19 10:00:09,498-mp_log-INFO-审核失败
