2019-03-19 11:22:30,101-Getlogin-INFO-登录成功，获取mp端token.....
2019-03-19 11:22:30,107-mp_log-INFO-token获取成功......
2019-03-19 11:22:39,403-mp_log-INFO-获取所有小程序信息成功......
2019-03-19 11:22:40,668-mp_log-INFO-审核失败
2019-03-19 11:22:40,930-mp_log-INFO-审核失败
2019-03-19 11:22:41,244-mp_log-INFO-审核失败
2019-03-19 11:22:41,765-mp_log-INFO-审核失败
2019-03-19 11:22:42,395-mp_log-INFO-已审核
2019-03-19 11:22:42,688-mp_log-INFO-审核失败
2019-03-19 11:22:43,075-mp_log-INFO-已审核
2019-03-19 11:22:43,318-mp_log-INFO-审核失败
2019-03-19 11:22:43,902-mp_log-INFO-已审核
2019-03-19 11:22:44,255-mp_log-INFO-审核失败
2019-03-19 11:22:44,395-mp_log-INFO-已审核
2019-03-19 11:22:44,609-mp_log-INFO-审核失败
2019-03-19 11:22:44,850-mp_log-INFO-已审核
2019-03-19 11:22:45,065-mp_log-INFO-已审核
2019-03-19 11:22:45,441-mp_log-INFO-审核失败
2019-03-19 11:22:45,725-mp_log-INFO-已审核
2019-03-19 11:22:45,977-mp_log-INFO-审核失败
2019-03-19 11:22:46,372-mp_log-INFO-已审核
2019-03-19 11:22:46,648-mp_log-INFO-审核失败
2019-03-19 11:22:46,972-mp_log-INFO-审核失败
2019-03-19 11:22:47,250-mp_log-INFO-已审核
2019-03-19 11:22:47,490-mp_log-INFO-审核失败
2019-03-19 11:22:47,767-mp_log-INFO-已审核
2019-03-19 11:22:48,494-mp_log-INFO-已审核
2019-03-19 11:22:48,738-mp_log-INFO-已审核
2019-03-19 11:22:49,039-mp_log-INFO-已审核
2019-03-19 11:22:49,361-mp_log-INFO-已审核
2019-03-19 11:22:49,586-mp_log-INFO-已审核
2019-03-19 11:22:49,849-mp_log-INFO-已审核
2019-03-19 11:22:50,167-mp_log-INFO-审核失败
2019-03-19 11:22:50,542-mp_log-INFO-审核失败
2019-03-19 11:22:50,897-mp_log-INFO-已审核
2019-03-19 11:22:51,165-mp_log-INFO-审核失败
2019-03-19 11:22:51,342-mp_log-INFO-审核失败
2019-03-19 11:22:51,773-mp_log-INFO-审核失败
2019-03-19 11:22:52,087-mp_log-INFO-审核失败
2019-03-19 11:22:52,415-mp_log-INFO-已审核
2019-03-19 11:22:52,663-mp_log-INFO-已审核
2019-03-19 11:22:52,918-mp_log-INFO-已审核
2019-03-19 11:22:53,273-mp_log-INFO-已审核
2019-03-19 11:22:53,550-mp_log-INFO-审核失败
2019-03-19 11:22:53,837-mp_log-INFO-审核失败
2019-03-19 11:22:54,179-mp_log-INFO-审核失败
2019-03-19 11:22:54,412-mp_log-INFO-已审核
2019-03-19 11:22:54,706-mp_log-INFO-已审核
2019-03-19 11:22:54,965-mp_log-INFO-已审核
2019-03-19 11:22:55,284-mp_log-INFO-审核失败
2019-03-19 11:22:55,865-mp_log-INFO-已审核
2019-03-19 11:22:56,110-mp_log-INFO-审核失败
2019-03-19 11:22:56,241-mp_log-INFO-审核失败
2019-03-19 11:22:56,636-mp_log-INFO-审核失败
2019-03-19 11:22:56,991-mp_log-INFO-审核失败
2019-03-19 11:22:57,374-mp_log-INFO-已审核
2019-03-19 11:22:57,669-mp_log-INFO-已审核
2019-03-19 11:22:57,850-mp_log-INFO-已审核
2019-03-19 11:22:58,285-mp_log-INFO-已审核
2019-03-19 11:22:58,464-mp_log-INFO-审核失败
2019-03-19 11:22:58,757-mp_log-INFO-已审核
2019-03-19 11:22:59,203-mp_log-INFO-已审核
2019-03-19 11:22:59,365-mp_log-INFO-审核失败
2019-03-19 11:22:59,714-mp_log-INFO-审核失败
2019-03-19 11:23:00,024-mp_log-INFO-审核失败
2019-03-19 11:23:00,182-mp_log-INFO-审核失败
2019-03-19 11:23:00,544-mp_log-INFO-审核失败
2019-03-19 11:23:00,752-mp_log-INFO-审核失败
2019-03-19 11:23:01,046-mp_log-INFO-审核失败
2019-03-19 11:23:01,373-mp_log-INFO-审核失败
2019-03-19 11:23:01,635-mp_log-INFO-审核失败
2019-03-19 11:23:01,986-mp_log-INFO-审核失败
2019-03-19 11:23:02,295-mp_log-INFO-已审核
2019-03-19 11:23:02,797-mp_log-INFO-审核失败
2019-03-19 11:23:02,878-mp_log-INFO-审核失败
2019-03-19 11:23:03,129-mp_log-INFO-已审核
2019-03-19 11:23:03,447-mp_log-INFO-审核失败
2019-03-19 11:23:03,784-mp_log-INFO-审核失败
2019-03-19 11:23:04,042-mp_log-INFO-已审核
2019-03-19 11:23:04,418-mp_log-INFO-已审核
2019-03-19 11:23:04,591-mp_log-INFO-审核失败
2019-03-19 11:23:04,937-mp_log-INFO-已审核
2019-03-19 11:23:05,212-mp_log-INFO-已审核
2019-03-19 11:23:05,517-mp_log-INFO-已审核
2019-03-19 11:23:05,859-mp_log-INFO-审核失败
2019-03-19 11:23:06,156-mp_log-INFO-已审核
2019-03-19 11:23:06,486-mp_log-INFO-审核失败
2019-03-19 11:23:06,802-mp_log-INFO-审核失败
2019-03-19 11:23:07,077-mp_log-INFO-已审核
2019-03-19 11:23:07,427-mp_log-INFO-已审核
2019-03-19 11:23:07,633-mp_log-INFO-审核失败
2019-03-19 11:23:07,926-mp_log-INFO-已审核
2019-03-19 11:23:08,271-mp_log-INFO-审核失败
2019-03-19 11:23:08,567-mp_log-INFO-已审核
2019-03-19 11:23:08,865-mp_log-INFO-已审核
2019-03-19 11:23:09,083-mp_log-INFO-已审核
2019-03-19 11:23:09,432-mp_log-INFO-审核失败
2019-03-19 11:23:09,818-mp_log-INFO-审核失败
2019-03-19 11:23:10,102-mp_log-INFO-审核失败
2019-03-19 11:23:10,386-mp_log-INFO-审核失败
2019-03-19 11:23:10,712-mp_log-INFO-已审核
2019-03-19 11:23:10,980-mp_log-INFO-审核失败
2019-03-19 11:23:11,277-mp_log-INFO-已审核
2019-03-19 11:23:11,498-mp_log-INFO-审核失败
2019-03-19 11:23:11,905-mp_log-INFO-已审核
2019-03-19 11:23:12,065-mp_log-INFO-已审核
2019-03-19 11:23:12,488-mp_log-INFO-已审核
2019-03-19 11:23:13,161-mp_log-INFO-审核失败
2019-03-19 11:23:13,400-mp_log-INFO-已审核
2019-03-19 11:23:13,443-mp_log-INFO-审核失败
2019-03-19 11:23:13,682-mp_log-INFO-审核失败
2019-03-19 11:23:13,952-mp_log-INFO-已审核
2019-03-19 11:23:14,278-mp_log-INFO-已审核
2019-03-19 11:23:14,876-mp_log-INFO-审核失败
2019-03-19 11:23:15,319-mp_log-INFO-审核失败
2019-03-19 11:23:15,449-mp_log-INFO-已审核
2019-03-19 11:23:15,814-mp_log-INFO-已审核
2019-03-19 11:23:16,022-mp_log-INFO-已审核
2019-03-19 11:23:16,479-mp_log-INFO-已审核
2019-03-19 11:23:16,716-mp_log-INFO-审核失败
2019-03-19 11:23:17,084-mp_log-INFO-已审核
2019-03-19 11:23:17,327-mp_log-INFO-审核失败
2019-03-19 11:23:17,634-mp_log-INFO-已审核
2019-03-19 11:23:17,866-mp_log-INFO-已审核
2019-03-19 11:23:18,230-mp_log-INFO-审核失败
2019-03-19 11:23:18,576-mp_log-INFO-已审核
2019-03-19 11:23:18,844-mp_log-INFO-审核失败
2019-03-19 11:23:19,121-mp_log-INFO-审核失败
2019-03-19 11:23:19,461-mp_log-INFO-已审核
2019-03-19 11:23:19,691-mp_log-INFO-已审核
2019-03-19 11:23:20,013-mp_log-INFO-已审核
2019-03-19 11:23:20,256-mp_log-INFO-已审核
2019-03-19 11:23:20,577-mp_log-INFO-已审核
2019-03-19 11:23:20,921-mp_log-INFO-已审核
2019-03-19 11:23:21,193-mp_log-INFO-已审核
2019-03-19 11:23:21,788-mp_log-INFO-审核失败
2019-03-19 11:23:22,142-mp_log-INFO-已审核
2019-03-19 11:23:22,514-mp_log-INFO-审核失败
2019-03-19 11:23:22,729-mp_log-INFO-审核失败
2019-03-19 11:23:22,992-mp_log-INFO-已审核
2019-03-19 11:23:23,307-mp_log-INFO-已审核
2019-03-19 11:23:23,541-mp_log-INFO-审核失败
2019-03-19 11:23:23,861-mp_log-INFO-审核失败
2019-03-19 11:23:24,204-mp_log-INFO-已审核
2019-03-19 11:23:24,473-mp_log-INFO-已审核
2019-03-19 11:23:24,794-mp_log-INFO-审核失败
2019-03-19 11:23:25,066-mp_log-INFO-已审核
2019-03-19 11:23:25,470-mp_log-INFO-审核失败
2019-03-19 11:23:25,736-mp_log-INFO-审核失败
2019-03-19 11:23:25,980-mp_log-INFO-审核失败
2019-03-19 11:23:26,382-mp_log-INFO-已审核
2019-03-19 11:23:26,653-mp_log-INFO-已审核
2019-03-19 11:23:26,924-mp_log-INFO-已审核
2019-03-19 11:23:27,224-mp_log-INFO-审核失败
2019-03-19 11:23:27,483-mp_log-INFO-审核失败
2019-03-19 11:23:27,865-mp_log-INFO-已审核
2019-03-19 11:23:28,173-mp_log-INFO-已审核
2019-03-19 11:23:28,446-mp_log-INFO-审核失败
2019-03-19 11:23:28,995-mp_log-INFO-审核失败
2019-03-19 11:23:29,392-mp_log-INFO-审核失败
2019-03-19 11:23:29,660-mp_log-INFO-已审核
2019-03-19 11:23:29,907-mp_log-INFO-审核失败
2019-03-19 11:23:30,257-mp_log-INFO-审核失败
2019-03-19 11:23:30,575-mp_log-INFO-审核失败
2019-03-19 11:23:30,874-mp_log-INFO-审核失败
2019-03-19 11:23:31,065-mp_log-INFO-已审核
2019-03-19 11:23:31,465-mp_log-INFO-审核失败
2019-03-19 11:23:31,785-mp_log-INFO-已审核
2019-03-19 11:23:32,005-mp_log-INFO-审核失败
2019-03-19 11:23:32,408-mp_log-INFO-已审核
2019-03-19 11:23:32,606-mp_log-INFO-已审核
2019-03-19 11:23:32,905-mp_log-INFO-审核失败
2019-03-19 11:23:33,415-mp_log-INFO-审核失败
2019-03-19 11:23:33,603-mp_log-INFO-审核失败
2019-03-19 11:23:33,881-mp_log-INFO-审核失败
2019-03-19 11:23:34,139-mp_log-INFO-已审核
2019-03-19 11:23:34,472-mp_log-INFO-审核失败
2019-03-19 11:23:34,759-mp_log-INFO-审核失败
2019-03-19 11:23:35,039-mp_log-INFO-审核失败
2019-03-19 11:23:35,325-mp_log-INFO-审核失败
2019-03-19 11:23:35,653-mp_log-INFO-审核失败
2019-03-19 11:23:35,926-mp_log-INFO-审核失败
2019-03-19 11:23:36,348-mp_log-INFO-已审核
2019-03-19 11:23:36,535-mp_log-INFO-已审核
2019-03-19 11:23:36,819-mp_log-INFO-已审核
2019-03-19 11:23:37,412-mp_log-INFO-审核失败
2019-03-19 11:23:37,503-mp_log-INFO-审核失败
2019-03-19 11:23:37,990-mp_log-INFO-审核失败
2019-03-19 11:23:38,106-mp_log-INFO-审核失败
2019-03-19 11:23:38,391-mp_log-INFO-已审核
2019-03-19 11:23:38,702-mp_log-INFO-审核失败
2019-03-19 11:23:39,199-mp_log-INFO-审核失败
2019-03-19 11:23:39,309-mp_log-INFO-已审核
2019-03-19 11:23:39,570-mp_log-INFO-已审核
2019-03-19 11:23:39,865-mp_log-INFO-已审核
2019-03-19 11:23:40,209-mp_log-INFO-审核失败
2019-03-19 11:23:40,546-mp_log-INFO-已审核
2019-03-19 11:23:40,874-mp_log-INFO-审核失败
2019-03-19 11:23:41,075-mp_log-INFO-已审核
2019-03-19 11:23:41,350-mp_log-INFO-已审核
2019-03-19 11:23:41,798-mp_log-INFO-审核失败
2019-03-19 11:23:42,016-mp_log-INFO-审核失败
2019-03-19 11:23:42,321-mp_log-INFO-审核失败
2019-03-19 11:23:42,611-mp_log-INFO-已审核
2019-03-19 11:23:42,861-mp_log-INFO-已审核
2019-03-19 11:23:43,251-mp_log-INFO-审核失败
2019-03-19 11:23:43,446-mp_log-INFO-审核失败
2019-03-19 11:23:43,850-mp_log-INFO-已审核
2019-03-19 11:23:44,113-mp_log-INFO-已审核
2019-03-19 11:23:44,404-mp_log-INFO-审核失败
2019-03-19 11:23:44,620-mp_log-INFO-审核失败
2019-03-19 11:23:45,298-mp_log-INFO-已审核
2019-03-19 11:23:45,605-mp_log-INFO-审核失败
2019-03-19 11:23:45,906-mp_log-INFO-审核失败
2019-03-19 11:23:46,216-mp_log-INFO-审核失败
2019-03-19 11:23:46,619-mp_log-INFO-已审核
2019-03-19 11:23:46,794-mp_log-INFO-已审核
2019-03-19 11:23:47,187-mp_log-INFO-审核失败
2019-03-19 11:23:47,409-mp_log-INFO-已审核
2019-03-19 11:23:47,739-mp_log-INFO-审核失败
