2019-03-19 09:56:41,358-Getlogin-INFO-登录成功，获取mp端token.....
2019-03-19 09:56:41,359-mp_log-INFO-token获取成功......
2019-03-19 09:56:49,066-mp_log-INFO-获取所有小程序信息成功......
2019-03-19 09:56:50,442-mp_log-INFO-审核失败
2019-03-19 09:56:50,669-mp_log-INFO-审核失败
2019-03-19 09:56:50,892-mp_log-INFO-审核失败
2019-03-19 09:56:51,535-mp_log-INFO-审核失败
2019-03-19 09:56:51,981-mp_log-INFO-已审核
2019-03-19 09:56:52,369-mp_log-INFO-审核失败
2019-03-19 09:56:52,701-mp_log-INFO-已审核
2019-03-19 09:56:52,968-mp_log-INFO-审核失败
2019-03-19 09:56:53,289-mp_log-INFO-审核失败
2019-03-19 09:56:53,647-mp_log-INFO-审核中
2019-03-19 09:56:53,968-mp_log-INFO-审核失败
2019-03-19 09:56:54,118-mp_log-INFO-已审核
2019-03-19 09:56:54,525-mp_log-INFO-已审核
2019-03-19 09:56:54,766-mp_log-INFO-已审核
2019-03-19 09:56:55,159-mp_log-INFO-审核失败
2019-03-19 09:56:55,455-mp_log-INFO-已审核
2019-03-19 09:56:55,734-mp_log-INFO-审核失败
2019-03-19 09:56:55,968-mp_log-INFO-已审核
2019-03-19 09:56:56,309-mp_log-INFO-审核失败
2019-03-19 09:56:56,616-mp_log-INFO-审核失败
2019-03-19 09:56:57,120-mp_log-INFO-已审核
2019-03-19 09:56:57,267-mp_log-INFO-审核失败
2019-03-19 09:56:57,637-mp_log-INFO-已审核
2019-03-19 09:56:58,416-mp_log-INFO-已审核
2019-03-19 09:56:58,474-mp_log-INFO-已审核
2019-03-19 09:56:58,900-mp_log-INFO-已审核
2019-03-19 09:56:59,159-mp_log-INFO-已审核
2019-03-19 09:56:59,349-mp_log-INFO-已审核
2019-03-19 09:56:59,647-mp_log-INFO-已审核
2019-03-19 09:56:59,894-mp_log-INFO-审核失败
2019-03-19 09:57:00,233-mp_log-INFO-审核失败
2019-03-19 09:57:00,503-mp_log-INFO-已审核
2019-03-19 09:57:00,782-mp_log-INFO-审核失败
2019-03-19 09:57:01,044-mp_log-INFO-审核失败
2019-03-19 09:57:01,391-mp_log-INFO-审核失败
2019-03-19 09:57:01,588-mp_log-INFO-审核失败
2019-03-19 09:57:01,930-mp_log-INFO-已审核
2019-03-19 09:57:02,264-mp_log-INFO-已审核
2019-03-19 09:57:02,633-mp_log-INFO-已审核
2019-03-19 09:57:02,904-mp_log-INFO-已审核
2019-03-19 09:57:03,264-mp_log-INFO-审核失败
2019-03-19 09:57:03,497-mp_log-INFO-审核失败
2019-03-19 09:57:03,742-mp_log-INFO-审核失败
2019-03-19 09:57:04,033-mp_log-INFO-已审核
2019-03-19 09:57:04,447-mp_log-INFO-已审核
2019-03-19 09:57:04,690-mp_log-INFO-已审核
2019-03-19 09:57:04,928-mp_log-INFO-审核失败
2019-03-19 09:57:05,280-mp_log-INFO-已审核
2019-03-19 09:57:05,640-mp_log-INFO-审核失败
2019-03-19 09:57:05,854-mp_log-INFO-审核失败
2019-03-19 09:57:06,176-mp_log-INFO-审核失败
2019-03-19 09:57:06,551-mp_log-INFO-审核失败
2019-03-19 09:57:06,868-mp_log-INFO-已审核
2019-03-19 09:57:07,165-mp_log-INFO-已审核
2019-03-19 09:57:07,559-mp_log-INFO-已审核
2019-03-19 09:57:07,729-mp_log-INFO-已审核
2019-03-19 09:57:08,027-mp_log-INFO-审核失败
2019-03-19 09:57:08,324-mp_log-INFO-已审核
2019-03-19 09:57:08,558-mp_log-INFO-已审核
2019-03-19 09:57:08,923-mp_log-INFO-审核失败
2019-03-19 09:57:09,195-mp_log-INFO-审核失败
2019-03-19 09:57:09,452-mp_log-INFO-审核失败
2019-03-19 09:57:09,772-mp_log-INFO-审核失败
2019-03-19 09:57:10,092-mp_log-INFO-审核失败
2019-03-19 09:57:10,483-mp_log-INFO-审核失败
2019-03-19 09:57:10,687-mp_log-INFO-审核失败
2019-03-19 09:57:10,954-mp_log-INFO-审核失败
2019-03-19 09:57:11,362-mp_log-INFO-审核失败
2019-03-19 09:57:11,549-mp_log-INFO-审核失败
2019-03-19 09:57:11,926-mp_log-INFO-已审核
2019-03-19 09:57:12,212-mp_log-INFO-审核失败
2019-03-19 09:57:12,495-mp_log-INFO-审核失败
2019-03-19 09:57:12,848-mp_log-INFO-已审核
2019-03-19 09:57:13,126-mp_log-INFO-审核失败
2019-03-19 09:57:13,438-mp_log-INFO-审核失败
2019-03-19 09:57:13,729-mp_log-INFO-已审核
2019-03-19 09:57:14,307-mp_log-INFO-审核失败
2019-03-19 09:57:14,308-mp_log-INFO-已审核
2019-03-19 09:57:14,692-mp_log-INFO-已审核
2019-03-19 09:57:15,048-mp_log-INFO-已审核
2019-03-19 09:57:15,189-mp_log-INFO-已审核
2019-03-19 09:57:15,486-mp_log-INFO-审核失败
2019-03-19 09:57:15,865-mp_log-INFO-已审核
2019-03-19 09:57:16,146-mp_log-INFO-审核失败
2019-03-19 09:57:16,462-mp_log-INFO-审核失败
2019-03-19 09:57:16,811-mp_log-INFO-已审核
2019-03-19 09:57:17,048-mp_log-INFO-已审核
2019-03-19 09:57:17,345-mp_log-INFO-审核失败
2019-03-19 09:57:17,712-mp_log-INFO-已审核
2019-03-19 09:57:17,890-mp_log-INFO-审核失败
2019-03-19 09:57:18,237-mp_log-INFO-已审核
2019-03-19 09:57:18,490-mp_log-INFO-已审核
2019-03-19 09:57:18,781-mp_log-INFO-已审核
2019-03-19 09:57:19,366-mp_log-INFO-审核失败
2019-03-19 09:57:19,440-mp_log-INFO-审核失败
2019-03-19 09:57:19,804-mp_log-INFO-审核失败
2019-03-19 09:57:20,052-mp_log-INFO-审核失败
2019-03-19 09:57:20,374-mp_log-INFO-已审核
2019-03-19 09:57:20,680-mp_log-INFO-审核失败
2019-03-19 09:57:20,970-mp_log-INFO-已审核
2019-03-19 09:57:21,946-mp_log-INFO-已审核
2019-03-19 09:57:22,005-mp_log-INFO-已审核
2019-03-19 09:57:22,091-mp_log-INFO-已审核
2019-03-19 09:57:22,438-mp_log-INFO-审核失败
2019-03-19 09:57:22,617-mp_log-INFO-审核失败
2019-03-19 09:57:23,062-mp_log-INFO-审核失败
2019-03-19 09:57:23,312-mp_log-INFO-已审核
2019-03-19 09:57:23,442-mp_log-INFO-审核失败
2019-03-19 09:57:23,627-mp_log-INFO-已审核
2019-03-19 09:57:24,018-mp_log-INFO-已审核
2019-03-19 09:57:24,475-mp_log-INFO-审核失败
2019-03-19 09:57:24,870-mp_log-INFO-审核失败
2019-03-19 09:57:25,516-mp_log-INFO-已审核
2019-03-19 09:57:25,734-mp_log-INFO-已审核
2019-03-19 09:57:26,050-mp_log-INFO-已审核
2019-03-19 09:57:26,101-mp_log-INFO-已审核
2019-03-19 09:57:26,316-mp_log-INFO-审核失败
2019-03-19 09:57:26,698-mp_log-INFO-已审核
2019-03-19 09:57:26,899-mp_log-INFO-审核失败
2019-03-19 09:57:27,332-mp_log-INFO-已审核
2019-03-19 09:57:27,479-mp_log-INFO-已审核
2019-03-19 09:57:27,855-mp_log-INFO-审核失败
2019-03-19 09:57:28,156-mp_log-INFO-已审核
2019-03-19 09:57:28,562-mp_log-INFO-审核失败
2019-03-19 09:57:28,845-mp_log-INFO-审核失败
2019-03-19 09:57:29,134-mp_log-INFO-已审核
2019-03-19 09:57:29,355-mp_log-INFO-已审核
2019-03-19 09:57:29,642-mp_log-INFO-已审核
2019-03-19 09:57:30,094-mp_log-INFO-已审核
2019-03-19 09:57:30,257-mp_log-INFO-已审核
2019-03-19 09:57:30,573-mp_log-INFO-已审核
2019-03-19 09:57:30,771-mp_log-INFO-已审核
2019-03-19 09:57:31,419-mp_log-INFO-审核失败
2019-03-19 09:57:31,750-mp_log-INFO-已审核
2019-03-19 09:57:32,048-mp_log-INFO-审核失败
2019-03-19 09:57:32,449-mp_log-INFO-审核失败
2019-03-19 09:57:32,604-mp_log-INFO-已审核
2019-03-19 09:57:32,956-mp_log-INFO-已审核
2019-03-19 09:57:33,217-mp_log-INFO-审核失败
2019-03-19 09:57:33,531-mp_log-INFO-审核失败
2019-03-19 09:57:33,912-mp_log-INFO-已审核
2019-03-19 09:57:34,214-mp_log-INFO-已审核
2019-03-19 09:57:34,498-mp_log-INFO-审核失败
2019-03-19 09:57:34,740-mp_log-INFO-已审核
2019-03-19 09:57:35,146-mp_log-INFO-审核失败
2019-03-19 09:57:35,332-mp_log-INFO-审核失败
2019-03-19 09:57:35,642-mp_log-INFO-审核失败
2019-03-19 09:57:35,988-mp_log-INFO-已审核
2019-03-19 09:57:36,320-mp_log-INFO-已审核
2019-03-19 09:57:36,808-mp_log-INFO-已审核
2019-03-19 09:57:36,960-mp_log-INFO-审核失败
2019-03-19 09:57:37,101-mp_log-INFO-审核失败
2019-03-19 09:57:37,435-mp_log-INFO-已审核
2019-03-19 09:57:37,816-mp_log-INFO-已审核
2019-03-19 09:57:38,073-mp_log-INFO-审核失败
2019-03-19 09:57:38,829-mp_log-INFO-审核失败
2019-03-19 09:57:39,054-mp_log-INFO-审核失败
2019-03-19 09:57:39,313-mp_log-INFO-已审核
2019-03-19 09:57:39,675-mp_log-INFO-审核失败
2019-03-19 09:57:39,902-mp_log-INFO-审核失败
2019-03-19 09:57:40,181-mp_log-INFO-审核失败
2019-03-19 09:57:40,476-mp_log-INFO-审核失败
2019-03-19 09:57:40,781-mp_log-INFO-已审核
2019-03-19 09:57:41,106-mp_log-INFO-审核失败
2019-03-19 09:57:41,415-mp_log-INFO-已审核
2019-03-19 09:57:41,702-mp_log-INFO-审核失败
2019-03-19 09:57:41,955-mp_log-INFO-已审核
2019-03-19 09:57:42,278-mp_log-INFO-已审核
2019-03-19 09:57:42,620-mp_log-INFO-审核失败
2019-03-19 09:57:43,006-mp_log-INFO-审核失败
2019-03-19 09:57:43,211-mp_log-INFO-审核失败
2019-03-19 09:57:43,523-mp_log-INFO-审核失败
2019-03-19 09:57:44,014-mp_log-INFO-已审核
2019-03-19 09:57:44,221-mp_log-INFO-审核失败
2019-03-19 09:57:44,412-mp_log-INFO-审核失败
2019-03-19 09:57:44,791-mp_log-INFO-审核失败
2019-03-19 09:57:44,954-mp_log-INFO-审核失败
2019-03-19 09:57:45,278-mp_log-INFO-审核失败
2019-03-19 09:57:45,567-mp_log-INFO-审核失败
2019-03-19 09:57:45,972-mp_log-INFO-已审核
2019-03-19 09:57:46,210-mp_log-INFO-已审核
2019-03-19 09:57:46,568-mp_log-INFO-已审核
2019-03-19 09:57:46,770-mp_log-INFO-审核失败
2019-03-19 09:57:47,107-mp_log-INFO-审核失败
2019-03-19 09:57:47,690-mp_log-INFO-审核失败
2019-03-19 09:57:47,725-mp_log-INFO-审核失败
2019-03-19 09:57:48,024-mp_log-INFO-已审核
2019-03-19 09:57:48,327-mp_log-INFO-审核失败
2019-03-19 09:57:48,648-mp_log-INFO-审核失败
2019-03-19 09:57:48,959-mp_log-INFO-已审核
2019-03-19 09:57:49,278-mp_log-INFO-已审核
2019-03-19 09:57:49,543-mp_log-INFO-已审核
2019-03-19 09:57:49,852-mp_log-INFO-审核失败
2019-03-19 09:57:50,127-mp_log-INFO-已审核
2019-03-19 09:57:50,505-mp_log-INFO-审核失败
2019-03-19 09:57:50,714-mp_log-INFO-已审核
2019-03-19 09:57:50,977-mp_log-INFO-已审核
2019-03-19 09:57:51,398-mp_log-INFO-审核失败
2019-03-19 09:57:51,667-mp_log-INFO-审核失败
2019-03-19 09:57:51,994-mp_log-INFO-审核失败
2019-03-19 09:57:52,191-mp_log-INFO-已审核
2019-03-19 09:57:52,587-mp_log-INFO-已审核
2019-03-19 09:57:52,811-mp_log-INFO-审核失败
2019-03-19 09:57:53,090-mp_log-INFO-审核失败
2019-03-19 09:57:53,426-mp_log-INFO-已审核
2019-03-19 09:57:53,675-mp_log-INFO-已审核
2019-03-19 09:57:54,185-mp_log-INFO-审核失败
2019-03-19 09:57:54,337-mp_log-INFO-审核失败
2019-03-19 09:57:55,004-mp_log-INFO-已审核
2019-03-19 09:57:55,284-mp_log-INFO-审核失败
2019-03-19 09:57:55,572-mp_log-INFO-审核失败
2019-03-19 09:57:55,820-mp_log-INFO-审核失败
2019-03-19 09:57:56,248-mp_log-INFO-已审核
2019-03-19 09:57:56,579-mp_log-INFO-已审核
2019-03-19 09:57:56,922-mp_log-INFO-审核失败
2019-03-19 09:57:57,298-mp_log-INFO-已审核
2019-03-19 09:57:57,556-mp_log-INFO-审核失败
