2019-04-15 22:16:27,205-Getlogin-INFO-登录成功，获取mp端token.....
2019-04-15 22:16:27,208-mp_log-INFO-token获取成功......
2019-04-15 22:16:35,756-mp_log-INFO-获取所有小程序信息成功......
2019-04-15 22:16:36,359-mp_log-INFO-获取最新模板信息成功.......
2019-04-15 22:16:36,501-mp_log-INFO-获取所有小程序信息成功......
2019-04-15 22:16:38,608-mp_log-ERROR-gobeauty操作失败,失败原因{'status': 500, 'msg': '此管理中心未授权开放平台'}
2019-04-15 22:16:38,791-mp_log-INFO-环亚美容模板操作成功,模板名称商家正式版_V1.4.1_0415_2215
2019-04-15 22:16:39,408-mp_log-INFO-诺研皮肤管理模板操作成功,模板名称商家正式版_V1.4.1_0415_2215
2019-04-15 22:16:39,606-mp_log-ERROR-sdfdsfdsf操作失败,失败原因{'status': 500, 'msg': '此管理中心未授权开放平台'}
2019-04-15 22:16:39,935-mp_log-INFO-芳妍美容模板操作成功,模板名称商家正式版_V1.4.1_0415_2215
2019-04-15 22:16:41,000-mp_log-INFO-绿苑女子模板操作成功,模板名称商家正式版_V1.4.1_0415_2215
2019-04-15 22:16:41,689-mp_log-INFO-伊之花美容模板操作成功,模板名称商家正式版_V1.4.1_0415_2215
2019-04-15 22:16:42,229-mp_log-INFO-七号驻颜模板操作成功,模板名称商家正式版_V1.4.1_0415_2215
2019-04-15 22:16:42,719-mp_log-INFO-曼奇莎模板操作成功,模板名称商家正式版_V1.4.1_0415_2215
2019-04-15 22:16:43,354-mp_log-INFO-诗美逸模板操作成功,模板名称商家正式版_V1.4.1_0415_2215
2019-04-15 22:16:43,722-mp_log-INFO-颐和美容模板操作成功,模板名称商家正式版_V1.4.1_0415_2215
2019-04-15 22:16:44,088-mp_log-INFO-赫阁尔模板操作成功,模板名称商家正式版_V1.4.1_0415_2215
2019-04-15 22:16:44,748-mp_log-INFO-草木缘模板操作成功,模板名称商家正式版_V1.4.1_0415_2215
2019-04-15 22:16:45,297-mp_log-INFO-漂亮宝贝模板操作成功,模板名称商家正式版_V1.4.1_0415_2215
2019-04-15 22:16:45,686-mp_log-INFO-梦颜科美模板操作成功,模板名称商家正式版_V1.4.1_0415_2215
2019-04-15 22:16:46,235-mp_log-INFO-都市点点模板操作成功,模板名称商家正式版_V1.4.1_0415_2215
2019-04-15 22:16:46,731-mp_log-INFO-来了美佳澜店模板操作成功,模板名称商家正式版_V1.4.1_0415_2215
2019-04-15 22:16:47,254-mp_log-INFO-木子美甲美睫模板操作成功,模板名称商家正式版_V1.4.1_0415_2215
2019-04-15 22:16:47,700-mp_log-INFO-润妃国际模板操作成功,模板名称商家正式版_V1.4.1_0415_2215
2019-04-15 22:16:48,311-mp_log-INFO-灵动模板操作成功,模板名称商家正式版_V1.4.1_0415_2215
2019-04-15 22:16:48,745-mp_log-INFO-康丽皇家模板操作成功,模板名称商家正式版_V1.4.1_0415_2215
2019-04-15 22:16:49,217-mp_log-INFO-美丽驿站模板操作成功,模板名称商家正式版_V1.4.1_0415_2215
2019-04-15 22:16:49,624-mp_log-ERROR-市场演示专用操作失败,失败原因{'status': 500, 'msg': '此管理中心未授权开放平台'}
2019-04-15 22:16:49,742-mp_log-INFO-美美答伊丽莎模板操作成功,模板名称商家正式版_V1.4.1_0415_2215
2019-04-15 22:16:50,131-mp_log-INFO-匠美JMBEAUTY模板操作成功,模板名称商家正式版_V1.4.1_0415_2215
2019-04-15 22:16:50,788-mp_log-INFO-HB美尚荟模板操作成功,模板名称商家正式版_V1.4.1_0415_2215
2019-04-15 22:16:51,636-mp_log-INFO-Youngface模板操作成功,模板名称商家正式版_V1.4.1_0415_2215
2019-04-15 22:16:52,270-mp_log-INFO-爱睿熙国际模板操作成功,模板名称商家正式版_V1.4.1_0415_2215
2019-04-15 22:16:52,665-mp_log-INFO-当今悦美模板操作成功,模板名称商家正式版_V1.4.1_0415_2215
2019-04-15 22:16:53,303-mp_log-INFO-谦和国际模板操作成功,模板名称商家正式版_V1.4.1_0415_2215
2019-04-15 22:16:53,911-mp_log-INFO-米蝶·快美吧模板操作成功,模板名称商家正式版_V1.4.1_0415_2215
2019-04-15 22:16:54,312-mp_log-INFO-iBEATA贝娅塔模板操作成功,模板名称商家正式版_V1.4.1_0415_2215
2019-04-15 22:16:54,827-mp_log-INFO-菲常美模板操作成功,模板名称商家正式版_V1.4.1_0415_2215
2019-04-15 22:16:55,217-mp_log-INFO-当代经典模板操作成功,模板名称商家正式版_V1.4.1_0415_2215
2019-04-15 22:16:55,758-mp_log-INFO-东方丽人模板操作成功,模板名称商家正式版_V1.4.1_0415_2215
2019-04-15 22:16:56,254-mp_log-INFO-盛士兰模板操作成功,模板名称商家正式版_V1.4.1_0415_2215
2019-04-15 22:16:56,707-mp_log-INFO-玫瑰坊模板操作成功,模板名称商家正式版_V1.4.1_0415_2215
2019-04-15 22:16:57,301-mp_log-INFO-悠兰lyj模板操作成功,模板名称商家正式版_V1.4.1_0415_2215
2019-04-15 22:16:57,720-mp_log-INFO-芊思雅莎莎模板操作成功,模板名称商家正式版_V1.4.1_0415_2215
2019-04-15 22:16:58,193-mp_log-INFO-来就健康模板操作成功,模板名称商家正式版_V1.4.1_0415_2215
2019-04-15 22:16:58,596-mp_log-INFO-恒美世纪模板操作成功,模板名称商家正式版_V1.4.1_0415_2215
2019-04-15 22:16:59,203-mp_log-INFO-美人记Beauty模板操作成功,模板名称商家正式版_V1.4.1_0415_2215
2019-04-15 22:16:59,753-mp_log-INFO-珺彩秀模板操作成功,模板名称商家正式版_V1.4.1_0415_2215
2019-04-15 22:17:00,125-mp_log-INFO-菲梵经典模板操作成功,模板名称商家正式版_V1.4.1_0415_2215
2019-04-15 22:17:00,672-mp_log-INFO-悦芳泉SPA模板操作成功,模板名称商家正式版_V1.4.1_0415_2215
2019-04-15 22:17:01,307-mp_log-INFO-爱美丽模板操作成功,模板名称商家正式版_V1.4.1_0415_2215
2019-04-15 22:17:01,812-mp_log-INFO-漂亮如你模板操作成功,模板名称商家正式版_V1.4.1_0415_2215
2019-04-15 22:17:02,181-mp_log-INFO-广西宝宝爱模板操作成功,模板名称商家正式版_V1.4.1_0415_2215
2019-04-15 22:17:02,708-mp_log-INFO-虞诗蔓模板操作成功,模板名称商家正式版_V1.4.1_0415_2215
2019-04-15 22:17:03,321-mp_log-INFO-D5 season模板操作成功,模板名称商家正式版_V1.4.1_0415_2215
2019-04-15 22:17:03,762-mp_log-INFO-唯艳美模板操作成功,模板名称商家正式版_V1.4.1_0415_2215
2019-04-15 22:17:04,128-mp_log-INFO-吉美妍丽模板操作成功,模板名称商家正式版_V1.4.1_0415_2215
2019-04-15 22:17:04,635-mp_log-INFO-雪依氏模板操作成功,模板名称商家正式版_V1.4.1_0415_2215
2019-04-15 22:17:05,185-mp_log-INFO-书白美企模板操作成功,模板名称商家正式版_V1.4.1_0415_2215
2019-04-15 22:17:05,889-mp_log-INFO-美约会模板操作成功,模板名称商家正式版_V1.4.1_0415_2215
2019-04-15 22:17:06,211-mp_log-INFO-霭伦恩美模板操作成功,模板名称商家正式版_V1.4.1_0415_2215
2019-04-15 22:17:06,741-mp_log-INFO-来美吧模板操作成功,模板名称商家正式版_V1.4.1_0415_2215
2019-04-15 22:17:07,161-mp_log-INFO-伊美朗模板操作成功,模板名称商家正式版_V1.4.1_0415_2215
2019-04-15 22:17:07,913-mp_log-INFO-美美一生模板操作成功,模板名称商家正式版_V1.4.1_0415_2215
2019-04-15 22:17:08,171-mp_log-INFO-佳婳天美模板操作成功,模板名称商家正式版_V1.4.1_0415_2215
2019-04-15 22:17:08,793-mp_log-INFO-兴美源模板操作成功,模板名称商家正式版_V1.4.1_0415_2215
2019-04-15 22:17:09,302-mp_log-INFO-优年轻模板操作成功,模板名称商家正式版_V1.4.1_0415_2215
2019-04-15 22:17:09,661-mp_log-INFO-易康国际模板操作成功,模板名称商家正式版_V1.4.1_0415_2215
2019-04-15 22:17:10,207-mp_log-INFO-美美昭妍模板操作成功,模板名称商家正式版_V1.4.1_0415_2215
2019-04-15 22:17:10,716-mp_log-INFO-佐登妮丝模板操作成功,模板名称商家正式版_V1.4.1_0415_2215
2019-04-15 22:17:11,207-mp_log-INFO-阿星国际模板操作成功,模板名称商家正式版_V1.4.1_0415_2215
2019-04-15 22:17:11,788-mp_log-INFO-娇阑美颜模板操作成功,模板名称商家正式版_V1.4.1_0415_2215
2019-04-15 22:17:12,168-mp_log-INFO-爱女士模板操作成功,模板名称商家正式版_V1.4.1_0415_2215
2019-04-15 22:17:12,766-mp_log-INFO-PS智能美肤模板操作成功,模板名称商家正式版_V1.4.1_0415_2215
2019-04-15 22:17:13,357-mp_log-INFO-艾妍整形模板操作成功,模板名称商家正式版_V1.4.1_0415_2215
2019-04-15 22:17:13,807-mp_log-INFO-珍珍美容会所模板操作成功,模板名称商家正式版_V1.4.1_0415_2215
2019-04-15 22:17:14,228-mp_log-INFO-姿曼美容spa模板操作成功,模板名称商家正式版_V1.4.1_0415_2215
2019-04-15 22:17:14,766-mp_log-INFO-巴黎情缘模板操作成功,模板名称商家正式版_V1.4.1_0415_2215
2019-04-15 22:17:15,188-mp_log-INFO-百合春天模板操作成功,模板名称商家正式版_V1.4.1_0415_2215
2019-04-15 22:17:15,891-mp_log-INFO-梅兰丽人模板操作成功,模板名称商家正式版_V1.4.1_0415_2215
2019-04-15 22:17:16,206-mp_log-INFO-美由心生模板操作成功,模板名称商家正式版_V1.4.1_0415_2215
2019-04-15 22:17:16,696-mp_log-INFO-燕燕尊尚美容模板操作成功,模板名称商家正式版_V1.4.1_0415_2215
2019-04-15 22:17:17,177-mp_log-INFO-雅致璇肌模板操作成功,模板名称商家正式版_V1.4.1_0415_2215
2019-04-15 22:17:17,650-mp_log-INFO-诗露丽涵模板操作成功,模板名称商家正式版_V1.4.1_0415_2215
2019-04-15 22:17:18,208-mp_log-INFO-蓝蒂蔻模板操作成功,模板名称商家正式版_V1.4.1_0415_2215
2019-04-15 22:17:18,743-mp_log-INFO-东方仕典模板操作成功,模板名称商家正式版_V1.4.1_0415_2215
2019-04-15 22:17:19,163-mp_log-INFO-韩流美甲模板操作成功,模板名称商家正式版_V1.4.1_0415_2215
2019-04-15 22:17:19,713-mp_log-INFO-GOGO宝迪模板操作成功,模板名称商家正式版_V1.4.1_0415_2215
2019-04-15 22:17:20,296-mp_log-INFO-月瘦月美模板操作成功,模板名称商家正式版_V1.4.1_0415_2215
2019-04-15 22:17:20,792-mp_log-INFO-启程金典美业模板操作成功,模板名称商家正式版_V1.4.1_0415_2215
2019-04-15 22:17:21,150-mp_log-INFO-年轻我可以模板操作成功,模板名称商家正式版_V1.4.1_0415_2215
2019-04-15 22:17:21,706-mp_log-INFO-精工皇族模板操作成功,模板名称商家正式版_V1.4.1_0415_2215
2019-04-15 22:17:22,315-mp_log-INFO-明剪一秀模板操作成功,模板名称商家正式版_V1.4.1_0415_2215
2019-04-15 22:17:22,719-mp_log-INFO-丝客富模板操作成功,模板名称商家正式版_V1.4.1_0415_2215
2019-04-15 22:17:23,263-mp_log-INFO-DuDuBeauty模板操作成功,模板名称商家正式版_V1.4.1_0415_2215
2019-04-15 22:17:23,692-mp_log-INFO-琉璃水城模板操作成功,模板名称商家正式版_V1.4.1_0415_2215
2019-04-15 22:17:24,393-mp_log-INFO-栢草源模板操作成功,模板名称商家正式版_V1.4.1_0415_2215
2019-04-15 22:17:24,933-mp_log-INFO-杭州东方整形模板操作成功,模板名称商家正式版_V1.4.1_0415_2215
2019-04-15 22:17:25,662-mp_log-INFO-ONI速美模板操作成功,模板名称商家正式版_V1.4.1_0415_2215
2019-04-15 22:17:25,870-mp_log-INFO-YAN健康•美+模板操作成功,模板名称商家正式版_V1.4.1_0415_2215
2019-04-15 22:17:26,335-mp_log-INFO-MMbeauty模板操作成功,模板名称商家正式版_V1.4.1_0415_2215
2019-04-15 22:17:26,778-mp_log-INFO-美共享模板操作成功,模板名称商家正式版_V1.4.1_0415_2215
2019-04-15 22:17:27,209-mp_log-INFO-靓佳人模板操作成功,模板名称商家正式版_V1.4.1_0415_2215
2019-04-15 22:17:27,851-mp_log-INFO-ME智慧美店模板操作成功,模板名称商家正式版_V1.4.1_0415_2215
2019-04-15 22:17:28,120-mp_log-INFO-二院美丽之约模板操作成功,模板名称商家正式版_V1.4.1_0415_2215
2019-04-15 22:17:28,857-mp_log-INFO-紫舟美业模板操作成功,模板名称商家正式版_V1.4.1_0415_2215
2019-04-15 22:17:29,236-mp_log-INFO-南洋beauty模板操作成功,模板名称商家正式版_V1.4.1_0415_2215
2019-04-15 22:17:29,763-mp_log-INFO-阿芙洛蒂模板操作成功,模板名称商家正式版_V1.4.1_0415_2215
2019-04-15 22:17:30,202-mp_log-INFO-来了美标榜店模板操作成功,模板名称商家正式版_V1.4.1_0415_2215
2019-04-15 22:17:30,757-mp_log-INFO-美德福模板操作成功,模板名称商家正式版_V1.4.1_0415_2215
2019-04-15 22:17:31,346-mp_log-INFO-岳灵生发模板操作成功,模板名称商家正式版_V1.4.1_0415_2215
2019-04-15 22:17:31,785-mp_log-INFO-美姿源模板操作成功,模板名称商家正式版_V1.4.1_0415_2215
2019-04-15 22:17:32,342-mp_log-INFO-维多丽雅模板操作成功,模板名称商家正式版_V1.4.1_0415_2215
2019-04-15 22:17:32,703-mp_log-INFO-雅典娜模板操作成功,模板名称商家正式版_V1.4.1_0415_2215
2019-04-15 22:17:33,379-mp_log-INFO-杭州桐雅模板操作成功,模板名称商家正式版_V1.4.1_0415_2215
2019-04-15 22:17:33,700-mp_log-ERROR-光速美操作失败,失败原因{'status': 500, 'msg': '此管理中心未授权开放平台'}
2019-04-15 22:17:33,731-mp_log-INFO-妃香伊丹模板操作成功,模板名称商家正式版_V1.4.1_0415_2215
2019-04-15 22:17:34,337-mp_log-INFO-王海棠养生馆模板操作成功,模板名称商家正式版_V1.4.1_0415_2215
2019-04-15 22:17:34,779-mp_log-INFO-祐美祐康模板操作成功,模板名称商家正式版_V1.4.1_0415_2215
2019-04-15 22:17:35,776-mp_log-INFO-张氏纳然姬朵模板操作成功,模板名称商家正式版_V1.4.1_0415_2215
2019-04-15 22:17:36,198-mp_log-INFO-魅力华健模板操作成功,模板名称商家正式版_V1.4.1_0415_2215
2019-04-15 22:17:36,781-mp_log-INFO-圣水伊人模板操作成功,模板名称商家正式版_V1.4.1_0415_2215
2019-04-15 22:17:37,359-mp_log-INFO-窈窕淑女模板操作成功,模板名称商家正式版_V1.4.1_0415_2215
2019-04-15 22:17:37,727-mp_log-INFO-绮莉尔智能美模板操作成功,模板名称商家正式版_V1.4.1_0415_2215
2019-04-15 22:17:38,203-mp_log-INFO-香密雅CIMIA模板操作成功,模板名称商家正式版_V1.4.1_0415_2215
2019-04-15 22:17:38,836-mp_log-INFO-妍雅媛模板操作成功,模板名称商家正式版_V1.4.1_0415_2215
2019-04-15 22:17:39,194-mp_log-INFO-来了美模板操作成功,模板名称商家正式版_V1.4.1_0415_2215
2019-04-15 22:17:39,823-mp_log-INFO-云SPA模板操作成功,模板名称商家正式版_V1.4.1_0415_2215
2019-04-15 22:17:40,300-mp_log-INFO-轻医美模板操作成功,模板名称商家正式版_V1.4.1_0415_2215
2019-04-15 22:17:40,855-mp_log-INFO-世纪春天模板操作成功,模板名称商家正式版_V1.4.1_0415_2215
2019-04-15 22:17:41,455-mp_log-INFO-贵妇人模板操作成功,模板名称商家正式版_V1.4.1_0415_2215
2019-04-15 22:17:41,729-mp_log-INFO-BabyBeauty模板操作成功,模板名称商家正式版_V1.4.1_0415_2215
2019-04-15 22:17:42,304-mp_log-INFO-亿兴美邦模板操作成功,模板名称商家正式版_V1.4.1_0415_2215
2019-04-15 22:17:43,233-mp_log-INFO-奇遇模板操作成功,模板名称商家正式版_V1.4.1_0415_2215
2019-04-15 22:17:43,258-mp_log-INFO-来了美韩尚恩模板操作成功,模板名称商家正式版_V1.4.1_0415_2215
2019-04-15 22:17:43,832-mp_log-INFO-纤指百媚模板操作成功,模板名称商家正式版_V1.4.1_0415_2215
2019-04-15 22:17:44,279-mp_log-INFO-美之颜模板操作成功,模板名称商家正式版_V1.4.1_0415_2215
2019-04-15 22:17:44,713-mp_log-INFO-gobeauty模板操作成功,模板名称商家正式版_V1.4.1_0415_2215
2019-04-15 22:17:45,276-mp_log-INFO-贝琳菲美业模板操作成功,模板名称商家正式版_V1.4.1_0415_2215
2019-04-15 22:17:45,817-mp_log-INFO-郦芙蓉beauty模板操作成功,模板名称商家正式版_V1.4.1_0415_2215
2019-04-15 22:17:46,088-mp_log-ERROR-服务商账号操作失败,失败原因{'status': 'error', 'msg': 'component is not authorized by this account hint: [sQ0E.A09031527]'}
2019-04-15 22:17:46,113-mp_log-INFO-指妃模板操作成功,模板名称商家正式版_V1.4.1_0415_2215
2019-04-15 22:17:46,622-mp_log-INFO-羽梦蝶模板操作成功,模板名称商家正式版_V1.4.1_0415_2215
2019-04-15 22:17:47,952-mp_log-INFO-香住SPA模板操作成功,模板名称商家正式版_V1.4.1_0415_2215
2019-04-15 22:17:48,451-mp_log-INFO-狮子卫士模板操作成功,模板名称商家正式版_V1.4.1_0415_2215
2019-04-15 22:17:48,717-mp_log-INFO-佰味女人模板操作成功,模板名称商家正式版_V1.4.1_0415_2215
2019-04-15 22:17:49,343-mp_log-INFO-黄氏百佳模板操作成功,模板名称商家正式版_V1.4.1_0415_2215
2019-04-15 22:17:49,760-mp_log-INFO-创美雅香莱模板操作成功,模板名称商家正式版_V1.4.1_0415_2215
2019-04-15 22:17:50,329-mp_log-INFO-艾面一族 模板操作成功,模板名称商家正式版_V1.4.1_0415_2215
2019-04-15 22:17:50,781-mp_log-INFO-涣美医疗模板操作成功,模板名称商家正式版_V1.4.1_0415_2215
2019-04-15 22:17:51,336-mp_log-INFO-植美SPA模板操作成功,模板名称商家正式版_V1.4.1_0415_2215
2019-04-15 22:17:51,805-mp_log-INFO-曼姿模板操作成功,模板名称商家正式版_V1.4.1_0415_2215
2019-04-15 22:17:52,228-mp_log-INFO-圣婕美甲美睫模板操作成功,模板名称商家正式版_V1.4.1_0415_2215
2019-04-15 22:17:52,863-mp_log-INFO-美丽九九模板操作成功,模板名称商家正式版_V1.4.1_0415_2215
2019-04-15 22:17:53,338-mp_log-INFO-南国西子模板操作成功,模板名称商家正式版_V1.4.1_0415_2215
2019-04-15 22:17:53,904-mp_log-INFO-百分国际美容模板操作成功,模板名称商家正式版_V1.4.1_0415_2215
2019-04-15 22:17:54,315-mp_log-INFO-千颂伊美学中心模板操作成功,模板名称商家正式版_V1.4.1_0415_2215
2019-04-15 22:17:54,837-mp_log-INFO-艾尚美美哒模板操作成功,模板名称商家正式版_V1.4.1_0415_2215
2019-04-15 22:17:55,747-mp_log-INFO-玉颜堂模板操作成功,模板名称商家正式版_V1.4.1_0415_2215
2019-04-15 22:17:55,840-mp_log-INFO-金美源模板操作成功,模板名称商家正式版_V1.4.1_0415_2215
2019-04-15 22:17:56,416-mp_log-INFO-爱玛仕嘉模板操作成功,模板名称商家正式版_V1.4.1_0415_2215
2019-04-15 22:17:56,678-mp_log-INFO-智能科技美店模板操作成功,模板名称商家正式版_V1.4.1_0415_2215
2019-04-15 22:17:57,361-mp_log-INFO-欧妮薇模板操作成功,模板名称商家正式版_V1.4.1_0415_2215
2019-04-15 22:17:57,718-mp_log-INFO-成都净美天使模板操作成功,模板名称商家正式版_V1.4.1_0415_2215
2019-04-15 22:17:58,086-mp_log-ERROR-引导美体验店操作失败,失败原因{'status': 'error', 'msg': 'component is not authorized by this account hint: [x1kYOA0915b101]'}
2019-04-15 22:17:58,206-mp_log-INFO-美姿来就美模板操作成功,模板名称商家正式版_V1.4.1_0415_2215
2019-04-15 22:17:58,788-mp_log-INFO-IVY艾菲芭模板操作成功,模板名称商家正式版_V1.4.1_0415_2215
2019-04-15 22:17:59,888-mp_log-INFO-来了美雲会所模板操作成功,模板名称商家正式版_V1.4.1_0415_2215
2019-04-15 22:18:00,340-mp_log-INFO-SoBeauty模板操作成功,模板名称商家正式版_V1.4.1_0415_2215
2019-04-15 22:18:00,892-mp_log-INFO-蒙妮莎新美容模板操作成功,模板名称商家正式版_V1.4.1_0415_2215
2019-04-15 22:18:01,575-mp_log-INFO-筋生美模板操作成功,模板名称商家正式版_V1.4.1_0415_2215
2019-04-15 22:18:01,858-mp_log-INFO-来了美美吧模板操作成功,模板名称商家正式版_V1.4.1_0415_2215
2019-04-15 22:18:02,451-mp_log-INFO-金柏丽模板操作成功,模板名称商家正式版_V1.4.1_0415_2215
2019-04-15 22:18:02,780-mp_log-INFO-长江九号模板操作成功,模板名称商家正式版_V1.4.1_0415_2215
2019-04-15 22:18:03,315-mp_log-INFO-优文专业脱毛模板操作成功,模板名称商家正式版_V1.4.1_0415_2215
2019-04-15 22:18:03,832-mp_log-INFO-天使国际模板操作成功,模板名称商家正式版_V1.4.1_0415_2215
2019-04-15 22:18:04,385-mp_log-INFO-如生堂模板操作成功,模板名称商家正式版_V1.4.1_0415_2215
2019-04-15 22:18:04,849-mp_log-INFO-梦田芳香Spa模板操作成功,模板名称商家正式版_V1.4.1_0415_2215
2019-04-15 22:18:05,527-mp_log-INFO-贝施纤体模板操作成功,模板名称商家正式版_V1.4.1_0415_2215
2019-04-15 22:18:05,762-mp_log-INFO-色彩纯姬模板操作成功,模板名称商家正式版_V1.4.1_0415_2215
2019-04-15 22:18:06,480-mp_log-INFO-红妆倾城模板操作成功,模板名称商家正式版_V1.4.1_0415_2215
2019-04-15 22:18:06,838-mp_log-INFO-丹阳圣莉斯歌模板操作成功,模板名称商家正式版_V1.4.1_0415_2215
2019-04-15 22:18:07,435-mp_log-INFO-金贵人Beauty模板操作成功,模板名称商家正式版_V1.4.1_0415_2215
2019-04-15 22:18:07,958-mp_log-INFO-芯语芳心模板操作成功,模板名称商家正式版_V1.4.1_0415_2215
2019-04-15 22:18:08,302-mp_log-INFO-广西快来美模板操作成功,模板名称商家正式版_V1.4.1_0415_2215
2019-04-15 22:18:08,849-mp_log-INFO-还原美模板操作成功,模板名称商家正式版_V1.4.1_0415_2215
2019-04-15 22:18:09,348-mp_log-INFO-延颜美容模板操作成功,模板名称商家正式版_V1.4.1_0415_2215
2019-04-15 22:18:09,878-mp_log-INFO-缘临医疗美容模板操作成功,模板名称商家正式版_V1.4.1_0415_2215
2019-04-15 22:18:10,400-mp_log-INFO-梦圆皇宫模板操作成功,模板名称商家正式版_V1.4.1_0415_2215
2019-04-15 22:18:10,957-mp_log-INFO-美了就来模板操作成功,模板名称商家正式版_V1.4.1_0415_2215
2019-04-15 22:18:11,243-mp_log-INFO-恩雅模板操作成功,模板名称商家正式版_V1.4.1_0415_2215
2019-04-15 22:18:11,824-mp_log-INFO-董萍智慧美店模板操作成功,模板名称商家正式版_V1.4.1_0415_2215
2019-04-15 22:18:12,486-mp_log-INFO-俏丽屋模板操作成功,模板名称商家正式版_V1.4.1_0415_2215
2019-04-15 22:18:12,906-mp_log-INFO-YoungDream模板操作成功,模板名称商家正式版_V1.4.1_0415_2215
2019-04-15 22:18:13,378-mp_log-INFO-DR美研博士模板操作成功,模板名称商家正式版_V1.4.1_0415_2215
2019-04-15 22:18:13,839-mp_log-INFO-女秀才模板操作成功,模板名称商家正式版_V1.4.1_0415_2215
2019-04-15 22:18:14,333-mp_log-INFO-東美人儿模板操作成功,模板名称商家正式版_V1.4.1_0415_2215
2019-04-15 22:18:14,821-mp_log-INFO-承昱医疗模板操作成功,模板名称商家正式版_V1.4.1_0415_2215
2019-04-15 22:18:15,466-mp_log-INFO-斓悦庭模板操作成功,模板名称商家正式版_V1.4.1_0415_2215
2019-04-15 22:18:15,808-mp_log-INFO-美迩美模板操作成功,模板名称商家正式版_V1.4.1_0415_2215
2019-04-15 22:18:16,393-mp_log-INFO-唯美童妍模板操作成功,模板名称商家正式版_V1.4.1_0415_2215
2019-04-15 22:18:16,870-mp_log-INFO-BV美聚模板操作成功,模板名称商家正式版_V1.4.1_0415_2215
2019-04-15 22:18:17,404-mp_log-INFO-健丽宝美容模板操作成功,模板名称商家正式版_V1.4.1_0415_2215
2019-04-15 22:18:17,903-mp_log-INFO-掌上美管家A模板操作成功,模板名称商家正式版_V1.4.1_0415_2215
2019-04-15 22:18:18,374-mp_log-INFO-博妍集美模板操作成功,模板名称商家正式版_V1.4.1_0415_2215
2019-04-15 22:18:18,876-mp_log-INFO-荷塘韵色模板操作成功,模板名称商家正式版_V1.4.1_0415_2215
2019-04-15 22:18:19,390-mp_log-INFO-雅涛世家模板操作成功,模板名称商家正式版_V1.4.1_0415_2215
2019-04-15 22:18:19,814-mp_log-INFO-双妹美容模板操作成功,模板名称商家正式版_V1.4.1_0415_2215
2019-04-15 22:18:20,428-mp_log-INFO-呈悦医疗模板操作成功,模板名称商家正式版_V1.4.1_0415_2215
2019-04-15 22:18:21,010-mp_log-INFO-来了美千丝美模板操作成功,模板名称商家正式版_V1.4.1_0415_2215
2019-04-15 22:18:21,298-mp_log-INFO-世纪之春模板操作成功,模板名称商家正式版_V1.4.1_0415_2215
2019-04-15 22:18:22,007-mp_log-INFO-女主角美容模板操作成功,模板名称商家正式版_V1.4.1_0415_2215
2019-04-15 22:18:22,598-mp_log-INFO-来了就体验店模板操作成功,模板名称商家正式版_V1.4.1_0415_2215
2019-04-15 22:18:22,885-mp_log-INFO-弘粹堂模板操作成功,模板名称商家正式版_V1.4.1_0415_2215
2019-04-15 22:18:23,299-mp_log-INFO-环球美容模板操作成功,模板名称商家正式版_V1.4.1_0415_2215
2019-04-15 22:18:23,862-mp_log-INFO-乐聚模板操作成功,模板名称商家正式版_V1.4.1_0415_2215
2019-04-15 22:18:24,479-mp_log-INFO-诗芙侬模板操作成功,模板名称商家正式版_V1.4.1_0415_2215
2019-04-15 22:18:25,067-mp_log-INFO-雅梵GOGO模板操作成功,模板名称商家正式版_V1.4.1_0415_2215
2019-04-15 22:18:25,117-mp_log-ERROR-灰姑娘美业操作失败,失败原因{'status': 'error', 'msg': 'component is not authorized by this account hint: [Mec_Za09421512]'}
2019-04-15 22:18:25,581-mp_log-INFO-沧州美美达模板操作成功,模板名称商家正式版_V1.4.1_0415_2215
2019-04-15 22:18:25,764-mp_log-INFO-妮娜国际模板操作成功,模板名称商家正式版_V1.4.1_0415_2215
2019-04-15 22:18:26,869-mp_log-INFO-赢美肌模板操作成功,模板名称商家正式版_V1.4.1_0415_2215
2019-04-15 22:18:27,442-mp_log-INFO-馨境堂模板操作成功,模板名称商家正式版_V1.4.1_0415_2215
2019-04-15 22:18:27,911-mp_log-INFO-良沐健康管理模板操作成功,模板名称商家正式版_V1.4.1_0415_2215
2019-04-15 22:18:28,684-mp_log-INFO-果蔬美容模板操作成功,模板名称商家正式版_V1.4.1_0415_2215
2019-04-15 22:18:28,834-mp_log-INFO-贝兰思模板操作成功,模板名称商家正式版_V1.4.1_0415_2215
2019-04-15 22:18:29,391-mp_log-INFO-东方秀丽模板操作成功,模板名称商家正式版_V1.4.1_0415_2215
2019-04-15 22:18:29,999-mp_log-INFO-缔罗嘉佳模板操作成功,模板名称商家正式版_V1.4.1_0415_2215
2019-04-15 22:18:30,353-mp_log-INFO-文轩专业美容模板操作成功,模板名称商家正式版_V1.4.1_0415_2215
2019-04-15 22:18:30,932-mp_log-INFO-欧丽薇模板操作成功,模板名称商家正式版_V1.4.1_0415_2215
