2019-04-17 14:09:11,925-Getlogin-INFO-登录成功，获取mp端token.....
2019-04-17 14:09:11,925-mp_log-INFO-token获取成功......
2019-04-17 14:09:20,318-mp_log-INFO-获取所有小程序信息成功......
2019-04-17 14:09:21,800-mp_log-INFO-审核中
2019-04-17 14:09:22,362-mp_log-INFO-审核中
2019-04-17 14:09:22,627-mp_log-INFO-审核中
2019-04-17 14:09:22,908-mp_log-INFO-审核中
2019-04-17 14:09:23,750-mp_log-INFO-审核中
2019-04-17 14:09:24,000-mp_log-INFO-审核中
2019-04-17 14:09:24,093-mp_log-INFO-已审核
2019-04-17 14:09:24,296-mp_log-INFO-审核中
2019-04-17 14:09:24,624-mp_log-INFO-审核中
2019-04-17 14:09:24,983-mp_log-INFO-审核中
2019-04-17 14:09:25,217-mp_log-INFO-审核中
2019-04-17 14:09:25,529-mp_log-INFO-审核中
2019-04-17 14:09:25,841-mp_log-INFO-审核中
2019-04-17 14:09:26,215-mp_log-INFO-审核中
2019-04-17 14:09:26,621-mp_log-INFO-审核中
2019-04-17 14:09:26,777-mp_log-INFO-审核中
2019-04-17 14:09:27,104-mp_log-INFO-审核中
2019-04-17 14:09:27,416-mp_log-INFO-审核中
2019-04-17 14:09:27,713-mp_log-INFO-审核中
2019-04-17 14:09:28,040-mp_log-INFO-审核中
2019-04-17 14:09:28,368-mp_log-INFO-审核中
2019-04-17 14:09:28,664-mp_log-INFO-审核中
2019-04-17 14:09:28,898-mp_log-INFO-已审核
2019-04-17 14:09:29,569-mp_log-INFO-已审核
2019-04-17 14:09:29,928-mp_log-INFO-已审核
2019-04-17 14:09:30,255-mp_log-INFO-审核中
2019-04-17 14:09:30,489-mp_log-INFO-已审核
2019-04-17 14:09:30,911-mp_log-INFO-已审核
2019-04-17 14:09:31,176-mp_log-INFO-审核中
2019-04-17 14:09:31,472-mp_log-INFO-审核中
2019-04-17 14:09:31,800-mp_log-INFO-审核中
2019-04-17 14:09:32,112-mp_log-INFO-审核中
2019-04-17 14:09:32,315-mp_log-INFO-审核中
2019-04-17 14:09:32,673-mp_log-INFO-审核中
2019-04-17 14:09:33,017-mp_log-INFO-审核中
2019-04-17 14:09:33,360-mp_log-INFO-审核中
2019-04-17 14:09:33,656-mp_log-INFO-审核中
2019-04-17 14:09:33,875-mp_log-INFO-审核中
2019-04-17 14:09:34,218-mp_log-INFO-已审核
2019-04-17 14:09:34,514-mp_log-INFO-已审核
2019-04-17 14:09:34,889-mp_log-INFO-审核失败
2019-04-17 14:09:35,154-mp_log-INFO-审核中
2019-04-17 14:09:35,513-mp_log-INFO-审核中
2019-04-17 14:09:35,793-mp_log-INFO-审核中
2019-04-17 14:09:36,152-mp_log-INFO-已审核
2019-04-17 14:09:36,464-mp_log-INFO-审核中
2019-04-17 14:09:36,745-mp_log-INFO-审核失败
2019-04-17 14:09:37,135-mp_log-INFO-审核中
2019-04-17 14:09:37,369-mp_log-INFO-审核中
2019-04-17 14:09:37,712-mp_log-INFO-审核中
2019-04-17 14:09:37,993-mp_log-INFO-已审核
2019-04-17 14:09:38,399-mp_log-INFO-审核中
2019-04-17 14:09:38,679-mp_log-INFO-审核中
2019-04-17 14:09:38,945-mp_log-INFO-已审核
2019-04-17 14:09:39,569-mp_log-INFO-已审核
2019-04-17 14:09:39,803-mp_log-INFO-已审核
2019-04-17 14:09:39,834-mp_log-INFO-已审核
2019-04-17 14:09:40,271-mp_log-INFO-已审核
2019-04-17 14:09:40,551-mp_log-INFO-已审核
2019-04-17 14:09:40,832-mp_log-INFO-已审核
2019-04-17 14:09:41,144-mp_log-INFO-审核中
2019-04-17 14:09:41,425-mp_log-INFO-审核中
2019-04-17 14:09:41,815-mp_log-INFO-已审核
2019-04-17 14:09:42,065-mp_log-INFO-审核中
2019-04-17 14:09:42,361-mp_log-INFO-审核中
2019-04-17 14:09:42,689-mp_log-INFO-审核失败
2019-04-17 14:09:42,938-mp_log-INFO-审核中
2019-04-17 14:09:43,172-mp_log-INFO-审核中
2019-04-17 14:09:43,531-mp_log-INFO-审核中
2019-04-17 14:09:44,061-mp_log-INFO-审核中
2019-04-17 14:09:44,249-mp_log-INFO-审核中
2019-04-17 14:09:44,545-mp_log-INFO-审核中
2019-04-17 14:09:44,888-mp_log-INFO-已审核
2019-04-17 14:09:45,138-mp_log-INFO-审核中
2019-04-17 14:09:45,512-mp_log-INFO-审核中
2019-04-17 14:09:45,824-mp_log-INFO-审核中
2019-04-17 14:09:46,074-mp_log-INFO-已审核
2019-04-17 14:09:46,386-mp_log-INFO-审核中
2019-04-17 14:09:46,807-mp_log-INFO-已审核
2019-04-17 14:09:47,010-mp_log-INFO-已审核
2019-04-17 14:09:47,322-mp_log-INFO-审核中
2019-04-17 14:09:47,634-mp_log-INFO-审核中
2019-04-17 14:09:47,993-mp_log-INFO-已审核
2019-04-17 14:09:48,351-mp_log-INFO-审核中
2019-04-17 14:09:48,617-mp_log-INFO-审核中
2019-04-17 14:09:48,944-mp_log-INFO-已审核
2019-04-17 14:09:49,209-mp_log-INFO-审核中
2019-04-17 14:09:49,568-mp_log-INFO-审核中
2019-04-17 14:09:49,896-mp_log-INFO-审核中
2019-04-17 14:09:50,114-mp_log-INFO-审核中
2019-04-17 14:09:50,457-mp_log-INFO-已审核
2019-04-17 14:09:50,894-mp_log-INFO-已审核
2019-04-17 14:09:51,081-mp_log-INFO-审核中
2019-04-17 14:09:51,425-mp_log-INFO-审核中
2019-04-17 14:09:51,659-mp_log-INFO-审核中
2019-04-17 14:09:52,033-mp_log-INFO-审核中
2019-04-17 14:09:52,345-mp_log-INFO-审核中
2019-04-17 14:09:52,673-mp_log-INFO-已审核
2019-04-17 14:09:52,969-mp_log-INFO-审核中
2019-04-17 14:09:53,250-mp_log-INFO-已审核
2019-04-17 14:09:53,655-mp_log-INFO-审核中
2019-04-17 14:09:53,921-mp_log-INFO-审核中
2019-04-17 14:09:54,248-mp_log-INFO-已审核
2019-04-17 14:09:54,498-mp_log-INFO-已审核
2019-04-17 14:09:54,872-mp_log-INFO-审核中
2019-04-17 14:09:55,200-mp_log-INFO-审核中
2019-04-17 14:09:55,496-mp_log-INFO-审核中
2019-04-17 14:09:55,761-mp_log-INFO-审核中
2019-04-17 14:09:56,619-mp_log-INFO-审核中
2019-04-17 14:09:56,619-mp_log-INFO-已审核
2019-04-17 14:09:57,056-mp_log-INFO-审核中
2019-04-17 14:09:57,321-mp_log-INFO-审核中
2019-04-17 14:09:57,649-mp_log-INFO-审核中
2019-04-17 14:09:57,961-mp_log-INFO-审核中
2019-04-17 14:09:58,273-mp_log-INFO-已审核
2019-04-17 14:09:58,663-mp_log-INFO-审核中
2019-04-17 14:09:58,944-mp_log-INFO-审核中
2019-04-17 14:09:59,240-mp_log-INFO-已审核
2019-04-17 14:09:59,505-mp_log-INFO-审核中
2019-04-17 14:09:59,833-mp_log-INFO-已审核
2019-04-17 14:10:00,176-mp_log-INFO-已审核
2019-04-17 14:10:00,504-mp_log-INFO-审核中
2019-04-17 14:10:01,050-mp_log-INFO-已审核
2019-04-17 14:10:01,112-mp_log-INFO-审核中
2019-04-17 14:10:01,440-mp_log-INFO-审核中
2019-04-17 14:10:01,721-mp_log-INFO-审核中
2019-04-17 14:10:01,986-mp_log-INFO-已审核
2019-04-17 14:10:02,532-mp_log-INFO-审核中
2019-04-17 14:10:02,781-mp_log-INFO-已审核
2019-04-17 14:10:03,327-mp_log-INFO-已审核
2019-04-17 14:10:03,327-mp_log-INFO-审核中
2019-04-17 14:10:03,530-mp_log-INFO-已审核
2019-04-17 14:10:03,842-mp_log-INFO-已审核
2019-04-17 14:10:04,544-mp_log-INFO-审核中
2019-04-17 14:10:04,841-mp_log-INFO-已审核
2019-04-17 14:10:05,184-mp_log-INFO-审核中
2019-04-17 14:10:05,402-mp_log-INFO-审核失败
2019-04-17 14:10:05,761-mp_log-INFO-审核中
2019-04-17 14:10:06,073-mp_log-INFO-审核中
2019-04-17 14:10:06,401-mp_log-INFO-已审核
2019-04-17 14:10:06,713-mp_log-INFO-审核中
2019-04-17 14:10:07,071-mp_log-INFO-审核中
2019-04-17 14:10:07,305-mp_log-INFO-已审核
2019-04-17 14:10:07,742-mp_log-INFO-审核中
2019-04-17 14:10:08,054-mp_log-INFO-审核中
2019-04-17 14:10:08,226-mp_log-INFO-审核中
2019-04-17 14:10:08,631-mp_log-INFO-审核中
2019-04-17 14:10:08,897-mp_log-INFO-审核中
2019-04-17 14:10:09,255-mp_log-INFO-已审核
2019-04-17 14:10:09,536-mp_log-INFO-已审核
2019-04-17 14:10:09,833-mp_log-INFO-已审核
2019-04-17 14:10:10,145-mp_log-INFO-审核中
2019-04-17 14:10:10,503-mp_log-INFO-审核中
2019-04-17 14:10:10,987-mp_log-INFO-已审核
2019-04-17 14:10:11,127-mp_log-INFO-已审核
2019-04-17 14:10:11,377-mp_log-INFO-审核中
2019-04-17 14:10:12,032-mp_log-INFO-审核中
2019-04-17 14:10:12,344-mp_log-INFO-审核中
2019-04-17 14:10:12,656-mp_log-INFO-已审核
2019-04-17 14:10:12,999-mp_log-INFO-审核中
2019-04-17 14:10:13,249-mp_log-INFO-审核中
2019-04-17 14:10:13,514-mp_log-INFO-已审核
2019-04-17 14:10:13,857-mp_log-INFO-审核中
2019-04-17 14:10:14,279-mp_log-INFO-已审核
2019-04-17 14:10:14,513-mp_log-INFO-审核中
2019-04-17 14:10:14,793-mp_log-INFO-审核中
2019-04-17 14:10:15,137-mp_log-INFO-已审核
2019-04-17 14:10:15,527-mp_log-INFO-已审核
2019-04-17 14:10:15,745-mp_log-INFO-已审核
2019-04-17 14:10:16,104-mp_log-INFO-审核中
2019-04-17 14:10:16,400-mp_log-INFO-审核中
2019-04-17 14:10:16,775-mp_log-INFO-审核中
2019-04-17 14:10:16,993-mp_log-INFO-审核中
2019-04-17 14:10:17,383-mp_log-INFO-已审核
2019-04-17 14:10:17,539-mp_log-INFO-审核中
2019-04-17 14:10:17,960-mp_log-INFO-审核中
2019-04-17 14:10:18,272-mp_log-INFO-审核中
2019-04-17 14:10:18,491-mp_log-INFO-审核中
2019-04-17 14:10:18,834-mp_log-INFO-审核中
2019-04-17 14:10:19,224-mp_log-INFO-已审核
2019-04-17 14:10:19,520-mp_log-INFO-审核中
2019-04-17 14:10:19,817-mp_log-INFO-已审核
2019-04-17 14:10:20,331-mp_log-INFO-已审核
2019-04-17 14:10:20,565-mp_log-INFO-审核中
2019-04-17 14:10:20,862-mp_log-INFO-审核中
2019-04-17 14:10:21,501-mp_log-INFO-审核中
2019-04-17 14:10:21,735-mp_log-INFO-审核中
2019-04-17 14:10:21,751-mp_log-INFO-审核中
2019-04-17 14:10:22,281-mp_log-INFO-审核中
2019-04-17 14:10:22,469-mp_log-INFO-审核中
2019-04-17 14:10:22,734-mp_log-INFO-已审核
2019-04-17 14:10:22,905-mp_log-INFO-已审核
2019-04-17 14:10:23,295-mp_log-INFO-已审核
2019-04-17 14:10:23,576-mp_log-INFO-审核中
2019-04-17 14:10:23,857-mp_log-INFO-已审核
2019-04-17 14:10:24,247-mp_log-INFO-审核中
2019-04-17 14:10:24,512-mp_log-INFO-已审核
2019-04-17 14:10:24,887-mp_log-INFO-审核中
2019-04-17 14:10:25,136-mp_log-INFO-审核中
2019-04-17 14:10:25,698-mp_log-INFO-审核中
2019-04-17 14:10:25,729-mp_log-INFO-已审核
2019-04-17 14:10:26,181-mp_log-INFO-审核中
2019-04-17 14:10:26,384-mp_log-INFO-已审核
2019-04-17 14:10:26,743-mp_log-INFO-审核中
2019-04-17 14:10:27,024-mp_log-INFO-已审核
2019-04-17 14:10:27,242-mp_log-INFO-已审核
2019-04-17 14:10:27,632-mp_log-INFO-已审核
2019-04-17 14:10:27,960-mp_log-INFO-审核中
2019-04-17 14:10:28,287-mp_log-INFO-审核中
2019-04-17 14:10:28,880-mp_log-INFO-审核中
2019-04-17 14:10:29,223-mp_log-INFO-审核中
2019-04-17 14:10:29,504-mp_log-INFO-审核中
2019-04-17 14:10:29,832-mp_log-INFO-审核中
2019-04-17 14:10:30,300-mp_log-INFO-审核失败
2019-04-17 14:10:30,534-mp_log-INFO-已审核
2019-04-17 14:10:30,783-mp_log-INFO-已审核
2019-04-17 14:10:31,095-mp_log-INFO-已审核
2019-04-17 14:10:31,361-mp_log-INFO-审核中
