2019-04-15 15:20:55,962-Getlogin-INFO-登录成功，获取mp端token.....
2019-04-15 15:20:55,966-mp_log-INFO-token获取成功......
2019-04-15 15:21:09,078-mp_log-INFO-获取所有小程序信息成功......
2019-04-15 15:21:09,648-mp_log-INFO-获取最新模板信息成功.......
2019-04-15 15:21:09,869-mp_log-INFO-获取所有小程序信息成功......
2019-04-15 15:21:11,976-mp_log-ERROR-gobeauty操作失败,失败原因{'status': 500, 'msg': '此管理中心未授权开放平台'}
2019-04-15 15:21:12,044-mp_log-INFO-环亚美容模板操作成功,模板名称201902181712 商家正式版
2019-04-15 15:21:12,606-mp_log-INFO-诺研皮肤管理模板操作成功,模板名称201902181712 商家正式版
2019-04-15 15:21:12,991-mp_log-ERROR-sdfdsfdsf操作失败,失败原因{'status': 500, 'msg': '此管理中心未授权开放平台'}
2019-04-15 15:21:13,159-mp_log-INFO-芳妍美容模板操作成功,模板名称201902181712 商家正式版
2019-04-15 15:21:14,159-mp_log-INFO-绿苑女子模板操作成功,模板名称201902181712 商家正式版
2019-04-15 15:21:15,138-mp_log-INFO-伊之花美容模板操作成功,模板名称201902181712 商家正式版
2019-04-15 15:21:15,477-mp_log-INFO-七号驻颜模板操作成功,模板名称201902181712 商家正式版
2019-04-15 15:21:16,060-mp_log-INFO-曼奇莎模板操作成功,模板名称201902181712 商家正式版
2019-04-15 15:21:16,745-mp_log-INFO-诗美逸模板操作成功,模板名称201902181712 商家正式版
2019-04-15 15:21:17,070-mp_log-INFO-颐和美容模板操作成功,模板名称201902181712 商家正式版
2019-04-15 15:21:17,696-mp_log-INFO-赫阁尔模板操作成功,模板名称201902181712 商家正式版
2019-04-15 15:21:18,154-mp_log-INFO-草木缘模板操作成功,模板名称201902181712 商家正式版
2019-04-15 15:21:18,497-mp_log-INFO-漂亮宝贝模板操作成功,模板名称201902181712 商家正式版
2019-04-15 15:21:19,096-mp_log-INFO-梦颜科美模板操作成功,模板名称201902181712 商家正式版
2019-04-15 15:21:19,735-mp_log-INFO-都市点点模板操作成功,模板名称201902181712 商家正式版
2019-04-15 15:21:20,084-mp_log-INFO-来了美佳澜店模板操作成功,模板名称201902181712 商家正式版
2019-04-15 15:21:20,494-mp_log-INFO-木子美甲美睫模板操作成功,模板名称201902181712 商家正式版
2019-04-15 15:21:21,078-mp_log-INFO-润妃国际模板操作成功,模板名称201902181712 商家正式版
2019-04-15 15:21:21,553-mp_log-INFO-灵动模板操作成功,模板名称201902181712 商家正式版
2019-04-15 15:21:22,031-mp_log-INFO-康丽皇家模板操作成功,模板名称201902181712 商家正式版
2019-04-15 15:21:22,731-mp_log-INFO-美丽驿站模板操作成功,模板名称201902181712 商家正式版
2019-04-15 15:21:23,012-mp_log-ERROR-市场演示专用操作失败,失败原因{'status': 500, 'msg': '此管理中心未授权开放平台'}
2019-04-15 15:21:23,067-mp_log-INFO-美美答伊丽莎模板操作成功,模板名称201902181712 商家正式版
2019-04-15 15:21:23,526-mp_log-INFO-匠美JMBEAUTY模板操作成功,模板名称201902181712 商家正式版
2019-04-15 15:21:24,069-mp_log-INFO-HB美尚荟模板操作成功,模板名称201902181712 商家正式版
2019-04-15 15:21:25,290-mp_log-INFO-Youngface模板操作成功,模板名称201902181712 商家正式版
2019-04-15 15:21:25,707-mp_log-INFO-爱睿熙国际模板操作成功,模板名称201902181712 商家正式版
2019-04-15 15:21:26,154-mp_log-INFO-当今悦美模板操作成功,模板名称201902181712 商家正式版
2019-04-15 15:21:27,036-mp_log-INFO-米蝶·快美吧模板操作成功,模板名称201902181712 商家正式版
2019-04-15 15:21:27,048-mp_log-INFO-谦和国际模板操作成功,模板名称201902181712 商家正式版
2019-04-15 15:21:27,741-mp_log-INFO-iBEATA贝娅塔模板操作成功,模板名称201902181712 商家正式版
2019-04-15 15:21:28,161-mp_log-INFO-菲常美模板操作成功,模板名称201902181712 商家正式版
2019-04-15 15:21:28,633-mp_log-INFO-当代经典模板操作成功,模板名称201902181712 商家正式版
2019-04-15 15:21:29,205-mp_log-INFO-东方丽人模板操作成功,模板名称201902181712 商家正式版
2019-04-15 15:21:29,529-mp_log-INFO-盛士兰模板操作成功,模板名称201902181712 商家正式版
2019-04-15 15:21:30,173-mp_log-INFO-玫瑰坊模板操作成功,模板名称201902181712 商家正式版
2019-04-15 15:21:30,674-mp_log-INFO-悠兰lyj模板操作成功,模板名称201902181712 商家正式版
2019-04-15 15:21:31,051-mp_log-INFO-芊思雅莎莎模板操作成功,模板名称201902181712 商家正式版
2019-04-15 15:21:31,711-mp_log-INFO-来就健康模板操作成功,模板名称201902181712 商家正式版
2019-04-15 15:21:32,069-mp_log-INFO-恒美世纪模板操作成功,模板名称201902181712 商家正式版
2019-04-15 15:21:32,456-mp_log-INFO-美人记Beauty模板操作成功,模板名称201902181712 商家正式版
2019-04-15 15:21:33,011-mp_log-INFO-珺彩秀模板操作成功,模板名称201902181712 商家正式版
2019-04-15 15:21:33,530-mp_log-INFO-菲梵经典模板操作成功,模板名称201902181712 商家正式版
2019-04-15 15:21:33,969-mp_log-INFO-悦芳泉SPA模板操作成功,模板名称201902181712 商家正式版
2019-04-15 15:21:34,541-mp_log-INFO-爱美丽模板操作成功,模板名称201902181712 商家正式版
2019-04-15 15:21:35,108-mp_log-INFO-漂亮如你模板操作成功,模板名称201902181712 商家正式版
2019-04-15 15:21:35,541-mp_log-INFO-广西宝宝爱模板操作成功,模板名称201902181712 商家正式版
2019-04-15 15:21:36,068-mp_log-INFO-虞诗蔓模板操作成功,模板名称201902181712 商家正式版
2019-04-15 15:21:36,508-mp_log-INFO-D5 season模板操作成功,模板名称201902181712 商家正式版
2019-04-15 15:21:37,015-mp_log-INFO-唯艳美模板操作成功,模板名称201902181712 商家正式版
2019-04-15 15:21:37,914-mp_log-INFO-吉美妍丽模板操作成功,模板名称201902181712 商家正式版
2019-04-15 15:21:38,137-mp_log-INFO-雪依氏模板操作成功,模板名称201902181712 商家正式版
2019-04-15 15:21:38,790-mp_log-INFO-书白美企模板操作成功,模板名称201902181712 商家正式版
2019-04-15 15:21:39,099-mp_log-INFO-美约会模板操作成功,模板名称201902181712 商家正式版
2019-04-15 15:21:39,932-mp_log-INFO-霭伦恩美模板操作成功,模板名称201902181712 商家正式版
2019-04-15 15:21:39,947-mp_log-INFO-来美吧模板操作成功,模板名称201902181712 商家正式版
2019-04-15 15:21:40,634-mp_log-INFO-伊美朗模板操作成功,模板名称201902181712 商家正式版
2019-04-15 15:21:41,170-mp_log-INFO-美美一生模板操作成功,模板名称201902181712 商家正式版
2019-04-15 15:21:41,688-mp_log-INFO-佳婳天美模板操作成功,模板名称201902181712 商家正式版
2019-04-15 15:21:42,346-mp_log-INFO-兴美源模板操作成功,模板名称201902181712 商家正式版
2019-04-15 15:21:42,775-mp_log-INFO-优年轻模板操作成功,模板名称201902181712 商家正式版
2019-04-15 15:21:43,248-mp_log-INFO-易康国际模板操作成功,模板名称201902181712 商家正式版
2019-04-15 15:21:43,794-mp_log-INFO-美美昭妍模板操作成功,模板名称201902181712 商家正式版
2019-04-15 15:21:44,358-mp_log-INFO-佐登妮丝模板操作成功,模板名称201902181712 商家正式版
2019-04-15 15:21:44,692-mp_log-INFO-阿星国际模板操作成功,模板名称201902181712 商家正式版
2019-04-15 15:21:45,052-mp_log-INFO-娇阑美颜模板操作成功,模板名称201902181712 商家正式版
2019-04-15 15:21:45,584-mp_log-INFO-爱女士模板操作成功,模板名称201902181712 商家正式版
2019-04-15 15:21:46,397-mp_log-INFO-PS智能美肤模板操作成功,模板名称201902181712 商家正式版
2019-04-15 15:21:46,586-mp_log-INFO-艾妍整形模板操作成功,模板名称201902181712 商家正式版
2019-04-15 15:21:47,133-mp_log-INFO-珍珍美容会所模板操作成功,模板名称201902181712 商家正式版
2019-04-15 15:21:47,647-mp_log-INFO-姿曼美容spa模板操作成功,模板名称201902181712 商家正式版
2019-04-15 15:21:48,098-mp_log-INFO-巴黎情缘模板操作成功,模板名称201902181712 商家正式版
2019-04-15 15:21:48,634-mp_log-INFO-百合春天模板操作成功,模板名称201902181712 商家正式版
2019-04-15 15:21:49,114-mp_log-INFO-梅兰丽人模板操作成功,模板名称201902181712 商家正式版
2019-04-15 15:21:49,629-mp_log-INFO-美由心生模板操作成功,模板名称201902181712 商家正式版
2019-04-15 15:21:50,078-mp_log-INFO-燕燕尊尚美容模板操作成功,模板名称201902181712 商家正式版
2019-04-15 15:21:50,555-mp_log-INFO-雅致璇肌模板操作成功,模板名称201902181712 商家正式版
2019-04-15 15:21:51,071-mp_log-INFO-诗露丽涵模板操作成功,模板名称201902181712 商家正式版
2019-04-15 15:21:51,747-mp_log-INFO-蓝蒂蔻模板操作成功,模板名称201902181712 商家正式版
2019-04-15 15:21:52,078-mp_log-INFO-东方仕典模板操作成功,模板名称201902181712 商家正式版
2019-04-15 15:21:52,664-mp_log-INFO-韩流美甲模板操作成功,模板名称201902181712 商家正式版
2019-04-15 15:21:53,263-mp_log-INFO-GOGO宝迪模板操作成功,模板名称201902181712 商家正式版
2019-04-15 15:21:53,619-mp_log-INFO-月瘦月美模板操作成功,模板名称201902181712 商家正式版
2019-04-15 15:21:54,486-mp_log-INFO-启程金典美业模板操作成功,模板名称201902181712 商家正式版
2019-04-15 15:21:54,820-mp_log-INFO-年轻我可以模板操作成功,模板名称201902181712 商家正式版
2019-04-15 15:21:55,227-mp_log-INFO-精工皇族模板操作成功,模板名称201902181712 商家正式版
2019-04-15 15:21:55,613-mp_log-INFO-明剪一秀模板操作成功,模板名称201902181712 商家正式版
2019-04-15 15:21:56,098-mp_log-INFO-丝客富模板操作成功,模板名称201902181712 商家正式版
2019-04-15 15:21:56,607-mp_log-INFO-DuDuBeauty模板操作成功,模板名称201902181712 商家正式版
2019-04-15 15:21:57,168-mp_log-INFO-琉璃水城模板操作成功,模板名称201902181712 商家正式版
2019-04-15 15:21:57,540-mp_log-INFO-栢草源模板操作成功,模板名称201902181712 商家正式版
2019-04-15 15:21:58,492-mp_log-INFO-杭州东方整形模板操作成功,模板名称201902181712 商家正式版
2019-04-15 15:21:58,792-mp_log-INFO-ONI速美模板操作成功,模板名称201902181712 商家正式版
2019-04-15 15:21:59,144-mp_log-INFO-YAN健康•美+模板操作成功,模板名称201902181712 商家正式版
2019-04-15 15:21:59,677-mp_log-INFO-MMbeauty模板操作成功,模板名称201902181712 商家正式版
2019-04-15 15:22:00,203-mp_log-INFO-美共享模板操作成功,模板名称201902181712 商家正式版
2019-04-15 15:22:00,632-mp_log-INFO-靓佳人模板操作成功,模板名称201902181712 商家正式版
2019-04-15 15:22:01,182-mp_log-INFO-ME智慧美店模板操作成功,模板名称201902181712 商家正式版
2019-04-15 15:22:01,547-mp_log-INFO-二院美丽之约模板操作成功,模板名称201902181712 商家正式版
2019-04-15 15:22:02,214-mp_log-INFO-紫舟美业模板操作成功,模板名称201902181712 商家正式版
2019-04-15 15:22:02,545-mp_log-INFO-南洋beauty模板操作成功,模板名称201902181712 商家正式版
2019-04-15 15:22:03,176-mp_log-INFO-阿芙洛蒂模板操作成功,模板名称201902181712 商家正式版
2019-04-15 15:22:03,684-mp_log-INFO-来了美标榜店模板操作成功,模板名称201902181712 商家正式版
2019-04-15 15:22:04,286-mp_log-INFO-美德福模板操作成功,模板名称201902181712 商家正式版
2019-04-15 15:22:04,723-mp_log-INFO-岳灵生发模板操作成功,模板名称201902181712 商家正式版
2019-04-15 15:22:05,046-mp_log-INFO-美姿源模板操作成功,模板名称201902181712 商家正式版
2019-04-15 15:22:05,705-mp_log-INFO-维多丽雅模板操作成功,模板名称201902181712 商家正式版
2019-04-15 15:22:06,185-mp_log-INFO-雅典娜模板操作成功,模板名称201902181712 商家正式版
2019-04-15 15:22:06,639-mp_log-INFO-杭州桐雅模板操作成功,模板名称201902181712 商家正式版
2019-04-15 15:22:07,108-mp_log-ERROR-光速美操作失败,失败原因{'status': 500, 'msg': '此管理中心未授权开放平台'}
2019-04-15 15:22:07,148-mp_log-INFO-妃香伊丹模板操作成功,模板名称201902181712 商家正式版
2019-04-15 15:22:07,588-mp_log-INFO-王海棠养生馆模板操作成功,模板名称201902181712 商家正式版
2019-04-15 15:22:08,172-mp_log-INFO-祐美祐康模板操作成功,模板名称201902181712 商家正式版
2019-04-15 15:22:09,129-mp_log-INFO-张氏纳然姬朵模板操作成功,模板名称201902181712 商家正式版
2019-04-15 15:22:09,620-mp_log-INFO-魅力华健模板操作成功,模板名称201902181712 商家正式版
2019-04-15 15:22:10,141-mp_log-INFO-圣水伊人模板操作成功,模板名称201902181712 商家正式版
2019-04-15 15:22:10,698-mp_log-INFO-窈窕淑女模板操作成功,模板名称201902181712 商家正式版
2019-04-15 15:22:11,051-mp_log-INFO-绮莉尔智能美模板操作成功,模板名称201902181712 商家正式版
2019-04-15 15:22:11,867-mp_log-INFO-香密雅CIMIA模板操作成功,模板名称201902181712 商家正式版
2019-04-15 15:22:12,177-mp_log-INFO-妍雅媛模板操作成功,模板名称201902181712 商家正式版
2019-04-15 15:22:12,696-mp_log-INFO-来了美模板操作成功,模板名称201902181712 商家正式版
2019-04-15 15:22:13,182-mp_log-INFO-云SPA模板操作成功,模板名称201902181712 商家正式版
2019-04-15 15:22:13,580-mp_log-INFO-轻医美模板操作成功,模板名称201902181712 商家正式版
2019-04-15 15:22:14,172-mp_log-INFO-世纪春天模板操作成功,模板名称201902181712 商家正式版
2019-04-15 15:22:14,595-mp_log-INFO-贵妇人模板操作成功,模板名称201902181712 商家正式版
2019-04-15 15:22:15,116-mp_log-INFO-BabyBeauty模板操作成功,模板名称201902181712 商家正式版
2019-04-15 15:22:15,568-mp_log-INFO-亿兴美邦模板操作成功,模板名称201902181712 商家正式版
2019-04-15 15:22:16,126-mp_log-INFO-奇遇模板操作成功,模板名称201902181712 商家正式版
2019-04-15 15:22:16,549-mp_log-INFO-来了美韩尚恩模板操作成功,模板名称201902181712 商家正式版
2019-04-15 15:22:17,267-mp_log-INFO-纤指百媚模板操作成功,模板名称201902181712 商家正式版
2019-04-15 15:22:17,680-mp_log-INFO-美之颜模板操作成功,模板名称201902181712 商家正式版
2019-04-15 15:22:18,140-mp_log-INFO-gobeauty模板操作成功,模板名称201902181712 商家正式版
2019-04-15 15:22:18,653-mp_log-INFO-贝琳菲美业模板操作成功,模板名称201902181712 商家正式版
2019-04-15 15:22:19,246-mp_log-INFO-郦芙蓉beauty模板操作成功,模板名称201902181712 商家正式版
2019-04-15 15:22:19,718-mp_log-ERROR-服务商账号操作失败,失败原因{'status': 'error', 'msg': 'component is not authorized by this account hint: [qtw5RA09762974]'}
2019-04-15 15:22:19,825-mp_log-INFO-指妃模板操作成功,模板名称201902181712 商家正式版
2019-04-15 15:22:20,150-mp_log-INFO-羽梦蝶模板操作成功,模板名称201902181712 商家正式版
2019-04-15 15:22:21,292-mp_log-INFO-香住SPA模板操作成功,模板名称201902181712 商家正式版
2019-04-15 15:22:21,652-mp_log-INFO-狮子卫士模板操作成功,模板名称201902181712 商家正式版
2019-04-15 15:22:22,276-mp_log-INFO-佰味女人模板操作成功,模板名称201902181712 商家正式版
2019-04-15 15:22:22,648-mp_log-INFO-黄氏百佳模板操作成功,模板名称201902181712 商家正式版
2019-04-15 15:22:23,184-mp_log-INFO-创美雅香莱模板操作成功,模板名称201902181712 商家正式版
2019-04-15 15:22:23,811-mp_log-INFO-艾面一族 模板操作成功,模板名称201902181712 商家正式版
2019-04-15 15:22:24,228-mp_log-INFO-涣美医疗模板操作成功,模板名称201902181712 商家正式版
2019-04-15 15:22:24,891-mp_log-INFO-植美SPA模板操作成功,模板名称201902181712 商家正式版
2019-04-15 15:22:25,886-mp_log-INFO-圣婕美甲美睫模板操作成功,模板名称201902181712 商家正式版
2019-04-15 15:22:25,987-mp_log-INFO-曼姿模板操作成功,模板名称201902181712 商家正式版
2019-04-15 15:22:26,476-mp_log-INFO-美丽九九模板操作成功,模板名称201902181712 商家正式版
2019-04-15 15:22:26,881-mp_log-INFO-南国西子模板操作成功,模板名称201902181712 商家正式版
2019-04-15 15:22:27,174-mp_log-INFO-百分国际美容模板操作成功,模板名称201902181712 商家正式版
2019-04-15 15:22:27,826-mp_log-INFO-千颂伊美学中心模板操作成功,模板名称201902181712 商家正式版
2019-04-15 15:22:28,342-mp_log-INFO-艾尚美美哒模板操作成功,模板名称201902181712 商家正式版
2019-04-15 15:22:28,737-mp_log-INFO-玉颜堂模板操作成功,模板名称201902181712 商家正式版
2019-04-15 15:22:29,666-mp_log-INFO-爱玛仕嘉模板操作成功,模板名称201902181712 商家正式版
2019-04-15 15:22:29,697-mp_log-INFO-金美源模板操作成功,模板名称201902181712 商家正式版
2019-04-15 15:22:30,103-mp_log-INFO-智能科技美店模板操作成功,模板名称201902181712 商家正式版
2019-04-15 15:22:30,704-mp_log-INFO-欧妮薇模板操作成功,模板名称201902181712 商家正式版
2019-04-15 15:22:31,051-mp_log-INFO-成都净美天使模板操作成功,模板名称201902181712 商家正式版
2019-04-15 15:22:31,481-mp_log-ERROR-引导美体验店操作失败,失败原因{'status': 'error', 'msg': 'component is not authorized by this account hint: [Mbd.oA09882994]'}
2019-04-15 15:22:31,728-mp_log-INFO-美姿来就美模板操作成功,模板名称201902181712 商家正式版
2019-04-15 15:22:32,172-mp_log-INFO-IVY艾菲芭模板操作成功,模板名称201902181712 商家正式版
2019-04-15 15:22:33,239-mp_log-INFO-来了美雲会所模板操作成功,模板名称201902181712 商家正式版
2019-04-15 15:22:33,980-mp_log-INFO-SoBeauty模板操作成功,模板名称201902181712 商家正式版
2019-04-15 15:22:34,469-mp_log-INFO-蒙妮莎新美容模板操作成功,模板名称201902181712 商家正式版
2019-04-15 15:22:35,149-mp_log-INFO-筋生美模板操作成功,模板名称201902181712 商家正式版
2019-04-15 15:22:35,263-mp_log-INFO-来了美美吧模板操作成功,模板名称201902181712 商家正式版
2019-04-15 15:22:35,795-mp_log-INFO-金柏丽模板操作成功,模板名称201902181712 商家正式版
2019-04-15 15:22:36,196-mp_log-INFO-长江九号模板操作成功,模板名称201902181712 商家正式版
2019-04-15 15:22:36,750-mp_log-INFO-优文专业脱毛模板操作成功,模板名称201902181712 商家正式版
2019-04-15 15:22:37,219-mp_log-INFO-天使国际模板操作成功,模板名称201902181712 商家正式版
2019-04-15 15:22:37,795-mp_log-INFO-如生堂模板操作成功,模板名称201902181712 商家正式版
2019-04-15 15:22:38,213-mp_log-INFO-梦田芳香Spa模板操作成功,模板名称201902181712 商家正式版
2019-04-15 15:22:38,927-mp_log-INFO-贝施纤体模板操作成功,模板名称201902181712 商家正式版
2019-04-15 15:22:39,185-mp_log-INFO-色彩纯姬模板操作成功,模板名称201902181712 商家正式版
2019-04-15 15:22:39,795-mp_log-INFO-红妆倾城模板操作成功,模板名称201902181712 商家正式版
2019-04-15 15:22:40,218-mp_log-INFO-丹阳圣莉斯歌模板操作成功,模板名称201902181712 商家正式版
2019-04-15 15:22:40,630-mp_log-INFO-金贵人Beauty模板操作成功,模板名称201902181712 商家正式版
2019-04-15 15:22:41,216-mp_log-INFO-芯语芳心模板操作成功,模板名称201902181712 商家正式版
2019-04-15 15:22:41,802-mp_log-INFO-广西快来美模板操作成功,模板名称201902181712 商家正式版
2019-04-15 15:22:42,251-mp_log-INFO-还原美模板操作成功,模板名称201902181712 商家正式版
2019-04-15 15:22:42,778-mp_log-INFO-延颜美容模板操作成功,模板名称201902181712 商家正式版
2019-04-15 15:22:43,252-mp_log-INFO-缘临医疗美容模板操作成功,模板名称201902181712 商家正式版
2019-04-15 15:22:43,862-mp_log-INFO-梦圆皇宫模板操作成功,模板名称201902181712 商家正式版
2019-04-15 15:22:44,293-mp_log-INFO-美了就来模板操作成功,模板名称201902181712 商家正式版
2019-04-15 15:22:44,782-mp_log-INFO-恩雅模板操作成功,模板名称201902181712 商家正式版
2019-04-15 15:22:45,170-mp_log-INFO-董萍智慧美店模板操作成功,模板名称201902181712 商家正式版
2019-04-15 15:22:45,840-mp_log-INFO-俏丽屋模板操作成功,模板名称201902181712 商家正式版
2019-04-15 15:22:46,301-mp_log-INFO-YoungDream模板操作成功,模板名称201902181712 商家正式版
2019-04-15 15:22:46,816-mp_log-INFO-DR美研博士模板操作成功,模板名称201902181712 商家正式版
2019-04-15 15:22:47,174-mp_log-INFO-女秀才模板操作成功,模板名称201902181712 商家正式版
2019-04-15 15:22:47,757-mp_log-INFO-東美人儿模板操作成功,模板名称201902181712 商家正式版
2019-04-15 15:22:48,225-mp_log-INFO-承昱医疗模板操作成功,模板名称201902181712 商家正式版
2019-04-15 15:22:48,759-mp_log-INFO-斓悦庭模板操作成功,模板名称201902181712 商家正式版
2019-04-15 15:22:49,320-mp_log-INFO-美迩美模板操作成功,模板名称201902181712 商家正式版
2019-04-15 15:22:49,729-mp_log-INFO-唯美童妍模板操作成功,模板名称201902181712 商家正式版
2019-04-15 15:22:50,438-mp_log-INFO-BV美聚模板操作成功,模板名称201902181712 商家正式版
2019-04-15 15:22:50,813-mp_log-INFO-健丽宝美容模板操作成功,模板名称201902181712 商家正式版
2019-04-15 15:22:51,229-mp_log-INFO-掌上美管家A模板操作成功,模板名称201902181712 商家正式版
2019-04-15 15:22:51,715-mp_log-INFO-博妍集美模板操作成功,模板名称201902181712 商家正式版
2019-04-15 15:22:52,603-mp_log-INFO-荷塘韵色模板操作成功,模板名称201902181712 商家正式版
2019-04-15 15:22:52,686-mp_log-INFO-雅涛世家模板操作成功,模板名称201902181712 商家正式版
2019-04-15 15:22:53,346-mp_log-INFO-双妹美容模板操作成功,模板名称201902181712 商家正式版
2019-04-15 15:22:53,893-mp_log-INFO-呈悦医疗模板操作成功,模板名称201902181712 商家正式版
2019-04-15 15:22:54,335-mp_log-INFO-来了美千丝美模板操作成功,模板名称201902181712 商家正式版
2019-04-15 15:22:54,784-mp_log-INFO-世纪之春模板操作成功,模板名称201902181712 商家正式版
2019-04-15 15:22:55,314-mp_log-INFO-女主角美容模板操作成功,模板名称201902181712 商家正式版
2019-04-15 15:22:55,804-mp_log-INFO-来了就体验店模板操作成功,模板名称201902181712 商家正式版
2019-04-15 15:22:56,382-mp_log-INFO-弘粹堂模板操作成功,模板名称201902181712 商家正式版
2019-04-15 15:22:57,150-mp_log-INFO-环球美容模板操作成功,模板名称201902181712 商家正式版
2019-04-15 15:22:57,325-mp_log-INFO-乐聚模板操作成功,模板名称201902181712 商家正式版
2019-04-15 15:22:57,789-mp_log-INFO-诗芙侬模板操作成功,模板名称201902181712 商家正式版
2019-04-15 15:22:58,304-mp_log-INFO-雅梵GOGO模板操作成功,模板名称201902181712 商家正式版
2019-04-15 15:22:58,598-mp_log-ERROR-灰姑娘美业操作失败,失败原因{'status': 'error', 'msg': 'component is not authorized by this account hint: [IWLQ0015hb96]'}
2019-04-15 15:22:58,801-mp_log-INFO-沧州美美达模板操作成功,模板名称201902181712 商家正式版
2019-04-15 15:22:59,213-mp_log-INFO-妮娜国际模板操作成功,模板名称201902181712 商家正式版
2019-04-15 15:23:00,569-mp_log-INFO-赢美肌模板操作成功,模板名称201902181712 商家正式版
2019-04-15 15:23:01,046-mp_log-INFO-馨境堂模板操作成功,模板名称201902181712 商家正式版
2019-04-15 15:23:01,394-mp_log-INFO-良沐健康管理模板操作成功,模板名称201902181712 商家正式版
2019-04-15 15:23:01,813-mp_log-INFO-果蔬美容模板操作成功,模板名称201902181712 商家正式版
2019-04-15 15:23:02,311-mp_log-INFO-贝兰思模板操作成功,模板名称201902181712 商家正式版
2019-04-15 15:23:03,016-mp_log-INFO-东方秀丽模板操作成功,模板名称201902181712 商家正式版
2019-04-15 15:23:03,348-mp_log-INFO-缔罗嘉佳模板操作成功,模板名称201902181712 商家正式版
2019-04-15 15:23:04,061-mp_log-INFO-文轩专业美容模板操作成功,模板名称201902181712 商家正式版
2019-04-15 15:23:04,340-mp_log-INFO-欧丽薇模板操作成功,模板名称201902181712 商家正式版
