2019-04-17 14:16:50,037-Getlogin-INFO-登录成功，获取mp端token.....
2019-04-17 14:16:50,037-mp_log-INFO-token获取成功......
2019-04-17 14:16:58,087-mp_log-INFO-获取所有小程序信息成功......
2019-04-17 14:16:59,444-mp_log-INFO-审核中
2019-04-17 14:16:59,647-mp_log-INFO-审核中
2019-04-17 14:16:59,959-mp_log-INFO-审核中
2019-04-17 14:17:00,583-mp_log-INFO-审核中
2019-04-17 14:17:01,191-mp_log-INFO-已审核
2019-04-17 14:17:01,425-mp_log-INFO-审核中
2019-04-17 14:17:01,737-mp_log-INFO-审核中
2019-04-17 14:17:02,127-mp_log-INFO-审核中
2019-04-17 14:17:02,346-mp_log-INFO-审核中
2019-04-17 14:17:02,736-mp_log-INFO-审核失败
2019-04-17 14:17:02,954-mp_log-INFO-审核中
2019-04-17 14:17:03,219-mp_log-INFO-审核中
2019-04-17 14:17:03,594-mp_log-INFO-审核中
2019-04-17 14:17:03,937-mp_log-INFO-审核中
2019-04-17 14:17:04,233-mp_log-INFO-审核中
2019-04-17 14:17:04,561-mp_log-INFO-审核中
2019-04-17 14:17:04,920-mp_log-INFO-审核中
2019-04-17 14:17:05,247-mp_log-INFO-审核中
2019-04-17 14:17:05,466-mp_log-INFO-审核中
2019-04-17 14:17:05,809-mp_log-INFO-审核中
2019-04-17 14:17:06,168-mp_log-INFO-审核中
2019-04-17 14:17:06,464-mp_log-INFO-审核中
2019-04-17 14:17:06,714-mp_log-INFO-已审核
2019-04-17 14:17:07,322-mp_log-INFO-已审核
2019-04-17 14:17:07,681-mp_log-INFO-已审核
2019-04-17 14:17:07,993-mp_log-INFO-审核中
2019-04-17 14:17:08,305-mp_log-INFO-已审核
2019-04-17 14:17:08,586-mp_log-INFO-已审核
2019-04-17 14:17:08,882-mp_log-INFO-审核中
2019-04-17 14:17:09,194-mp_log-INFO-审核中
2019-04-17 14:17:09,585-mp_log-INFO-审核中
2019-04-17 14:17:09,804-mp_log-INFO-审核中
2019-04-17 14:17:10,240-mp_log-INFO-审核中
2019-04-17 14:17:10,428-mp_log-INFO-审核中
2019-04-17 14:17:10,725-mp_log-INFO-审核中
2019-04-17 14:17:11,037-mp_log-INFO-审核中
2019-04-17 14:17:11,396-mp_log-INFO-审核中
2019-04-17 14:17:11,692-mp_log-INFO-审核中
2019-04-17 14:17:11,989-mp_log-INFO-已审核
2019-04-17 14:17:12,347-mp_log-INFO-已审核
2019-04-17 14:17:12,706-mp_log-INFO-审核失败
2019-04-17 14:17:12,925-mp_log-INFO-审核中
2019-04-17 14:17:13,283-mp_log-INFO-审核中
2019-04-17 14:17:13,595-mp_log-INFO-审核中
2019-04-17 14:17:13,970-mp_log-INFO-已审核
2019-04-17 14:17:14,235-mp_log-INFO-审核中
2019-04-17 14:17:14,563-mp_log-INFO-审核失败
2019-04-17 14:17:14,812-mp_log-INFO-审核中
2019-04-17 14:17:15,140-mp_log-INFO-审核中
2019-04-17 14:17:15,483-mp_log-INFO-审核中
2019-04-17 14:17:15,826-mp_log-INFO-已审核
2019-04-17 14:17:16,045-mp_log-INFO-审核中
2019-04-17 14:17:16,403-mp_log-INFO-审核中
2019-04-17 14:17:16,669-mp_log-INFO-已审核
2019-04-17 14:17:17,043-mp_log-INFO-已审核
2019-04-17 14:17:17,324-mp_log-INFO-已审核
2019-04-17 14:17:17,605-mp_log-INFO-已审核
2019-04-17 14:17:17,963-mp_log-INFO-已审核
2019-04-17 14:17:18,260-mp_log-INFO-已审核
2019-04-17 14:17:18,587-mp_log-INFO-已审核
2019-04-17 14:17:18,931-mp_log-INFO-审核中
2019-04-17 14:17:19,289-mp_log-INFO-审核中
2019-04-17 14:17:19,477-mp_log-INFO-已审核
2019-04-17 14:17:19,851-mp_log-INFO-审核中
2019-04-17 14:17:20,241-mp_log-INFO-审核中
2019-04-17 14:17:20,631-mp_log-INFO-审核失败
2019-04-17 14:17:20,881-mp_log-INFO-审核中
2019-04-17 14:17:21,115-mp_log-INFO-审核中
2019-04-17 14:17:21,427-mp_log-INFO-审核中
2019-04-17 14:17:21,910-mp_log-INFO-审核中
2019-04-17 14:17:22,207-mp_log-INFO-审核中
2019-04-17 14:17:22,612-mp_log-INFO-已审核
2019-04-17 14:17:22,643-mp_log-INFO-审核中
2019-04-17 14:17:22,893-mp_log-INFO-审核中
2019-04-17 14:17:23,236-mp_log-INFO-审核中
2019-04-17 14:17:23,501-mp_log-INFO-审核中
2019-04-17 14:17:24,266-mp_log-INFO-审核中
2019-04-17 14:17:24,500-mp_log-INFO-已审核
2019-04-17 14:17:24,609-mp_log-INFO-已审核
2019-04-17 14:17:24,781-mp_log-INFO-已审核
2019-04-17 14:17:25,139-mp_log-INFO-审核中
2019-04-17 14:17:25,405-mp_log-INFO-审核中
2019-04-17 14:17:25,748-mp_log-INFO-已审核
2019-04-17 14:17:26,029-mp_log-INFO-审核中
2019-04-17 14:17:26,387-mp_log-INFO-审核中
2019-04-17 14:17:26,668-mp_log-INFO-已审核
2019-04-17 14:17:26,980-mp_log-INFO-审核中
2019-04-17 14:17:27,245-mp_log-INFO-审核中
2019-04-17 14:17:27,573-mp_log-INFO-审核中
2019-04-17 14:17:27,916-mp_log-INFO-审核中
2019-04-17 14:17:28,259-mp_log-INFO-已审核
2019-04-17 14:17:28,556-mp_log-INFO-已审核
2019-04-17 14:17:28,993-mp_log-INFO-审核中
2019-04-17 14:17:29,180-mp_log-INFO-审核中
2019-04-17 14:17:29,461-mp_log-INFO-审核中
2019-04-17 14:17:29,835-mp_log-INFO-审核中
2019-04-17 14:17:30,069-mp_log-INFO-审核中
2019-04-17 14:17:30,475-mp_log-INFO-已审核
2019-04-17 14:17:30,755-mp_log-INFO-审核中
2019-04-17 14:17:31,005-mp_log-INFO-已审核
2019-04-17 14:17:31,379-mp_log-INFO-审核中
2019-04-17 14:17:31,691-mp_log-INFO-审核中
2019-04-17 14:17:31,957-mp_log-INFO-已审核
2019-04-17 14:17:32,315-mp_log-INFO-已审核
2019-04-17 14:17:32,659-mp_log-INFO-审核中
2019-04-17 14:17:32,908-mp_log-INFO-审核中
2019-04-17 14:17:33,251-mp_log-INFO-审核中
2019-04-17 14:17:33,626-mp_log-INFO-审核中
2019-04-17 14:17:33,813-mp_log-INFO-已审核
2019-04-17 14:17:34,109-mp_log-INFO-审核中
2019-04-17 14:17:34,952-mp_log-INFO-审核中
2019-04-17 14:17:35,186-mp_log-INFO-审核中
2019-04-17 14:17:35,482-mp_log-INFO-审核中
2019-04-17 14:17:35,732-mp_log-INFO-已审核
2019-04-17 14:17:35,966-mp_log-INFO-已审核
2019-04-17 14:17:36,387-mp_log-INFO-审核中
2019-04-17 14:17:36,637-mp_log-INFO-审核中
2019-04-17 14:17:37,011-mp_log-INFO-已审核
2019-04-17 14:17:37,292-mp_log-INFO-审核中
2019-04-17 14:17:37,588-mp_log-INFO-已审核
2019-04-17 14:17:37,853-mp_log-INFO-已审核
2019-04-17 14:17:38,243-mp_log-INFO-审核中
2019-04-17 14:17:38,571-mp_log-INFO-审核中
2019-04-17 14:17:38,836-mp_log-INFO-已审核
2019-04-17 14:17:39,133-mp_log-INFO-审核中
2019-04-17 14:17:39,538-mp_log-INFO-审核中
2019-04-17 14:17:39,881-mp_log-INFO-已审核
2019-04-17 14:17:40,303-mp_log-INFO-审核中
2019-04-17 14:17:40,396-mp_log-INFO-已审核
2019-04-17 14:17:40,708-mp_log-INFO-审核中
2019-04-17 14:17:41,036-mp_log-INFO-已审核
2019-04-17 14:17:41,254-mp_log-INFO-已审核
2019-04-17 14:17:41,629-mp_log-INFO-已审核
2019-04-17 14:17:42,315-mp_log-INFO-审核中
2019-04-17 14:17:42,611-mp_log-INFO-已审核
2019-04-17 14:17:42,877-mp_log-INFO-审核中
2019-04-17 14:17:43,189-mp_log-INFO-审核失败
2019-04-17 14:17:43,610-mp_log-INFO-审核中
2019-04-17 14:17:43,844-mp_log-INFO-审核中
2019-04-17 14:17:44,187-mp_log-INFO-已审核
2019-04-17 14:17:44,437-mp_log-INFO-审核中
2019-04-17 14:17:44,795-mp_log-INFO-审核中
2019-04-17 14:17:45,170-mp_log-INFO-已审核
2019-04-17 14:17:45,544-mp_log-INFO-审核中
2019-04-17 14:17:45,731-mp_log-INFO-审核中
2019-04-17 14:17:46,028-mp_log-INFO-审核中
2019-04-17 14:17:46,277-mp_log-INFO-审核中
