2019-04-17 14:20:28,533-Getlogin-INFO-登录成功，获取mp端token.....
2019-04-17 14:20:28,533-mp_log-INFO-token获取成功......
2019-04-17 14:20:36,863-mp_log-INFO-获取所有小程序信息成功......
2019-04-17 14:20:38,096-mp_log-INFO-审核中
2019-04-17 14:20:38,377-mp_log-INFO-审核中
2019-04-17 14:20:38,657-mp_log-INFO-审核中
2019-04-17 14:20:39,235-mp_log-INFO-审核中
2019-04-17 14:20:39,921-mp_log-INFO-已审核
2019-04-17 14:20:40,264-mp_log-INFO-审核中
2019-04-17 14:20:40,545-mp_log-INFO-审核中
2019-04-17 14:20:40,779-mp_log-INFO-审核中
2019-04-17 14:20:41,138-mp_log-INFO-审核中
2019-04-17 14:20:41,481-mp_log-INFO-审核失败
2019-04-17 14:20:41,777-mp_log-INFO-审核中
2019-04-17 14:20:42,089-mp_log-INFO-审核中
2019-04-17 14:20:42,370-mp_log-INFO-审核中
2019-04-17 14:20:42,635-mp_log-INFO-审核中
2019-04-17 14:20:43,010-mp_log-INFO-审核中
2019-04-17 14:20:43,244-mp_log-INFO-审核中
2019-04-17 14:20:43,650-mp_log-INFO-审核中
2019-04-17 14:20:43,900-mp_log-INFO-审核中
2019-04-17 14:20:44,321-mp_log-INFO-审核中
2019-04-17 14:20:44,586-mp_log-INFO-审核中
2019-04-17 14:20:45,242-mp_log-INFO-审核中
2019-04-17 14:20:45,288-mp_log-INFO-审核中
2019-04-17 14:20:45,413-mp_log-INFO-已审核
2019-04-17 14:20:46,115-mp_log-INFO-已审核
2019-04-17 14:20:46,427-mp_log-INFO-已审核
2019-04-17 14:20:46,708-mp_log-INFO-审核中
2019-04-17 14:20:47,082-mp_log-INFO-已审核
2019-04-17 14:20:47,379-mp_log-INFO-已审核
2019-04-17 14:20:47,660-mp_log-INFO-审核中
2019-04-17 14:20:48,050-mp_log-INFO-审核中
2019-04-17 14:20:48,408-mp_log-INFO-审核中
2019-04-17 14:20:48,564-mp_log-INFO-审核中
2019-04-17 14:20:48,908-mp_log-INFO-审核中
2019-04-17 14:20:49,266-mp_log-INFO-审核中
2019-04-17 14:20:49,485-mp_log-INFO-审核中
2019-04-17 14:20:49,890-mp_log-INFO-审核中
2019-04-17 14:20:50,171-mp_log-INFO-审核中
2019-04-17 14:20:50,499-mp_log-INFO-审核中
2019-04-17 14:20:50,748-mp_log-INFO-已审核
2019-04-17 14:20:51,092-mp_log-INFO-已审核
2019-04-17 14:20:51,326-mp_log-INFO-审核失败
2019-04-17 14:20:51,965-mp_log-INFO-审核中
2019-04-17 14:20:52,012-mp_log-INFO-审核中
2019-04-17 14:20:52,464-mp_log-INFO-审核中
2019-04-17 14:20:52,667-mp_log-INFO-已审核
2019-04-17 14:20:52,979-mp_log-INFO-审核中
2019-04-17 14:20:53,260-mp_log-INFO-审核失败
2019-04-17 14:20:53,541-mp_log-INFO-审核中
2019-04-17 14:20:53,822-mp_log-INFO-审核中
2019-04-17 14:20:54,243-mp_log-INFO-审核中
2019-04-17 14:20:54,508-mp_log-INFO-已审核
2019-04-17 14:20:54,836-mp_log-INFO-审核中
2019-04-17 14:20:55,148-mp_log-INFO-审核中
2019-04-17 14:20:55,460-mp_log-INFO-已审核
2019-04-17 14:20:55,818-mp_log-INFO-已审核
2019-04-17 14:20:56,115-mp_log-INFO-已审核
2019-04-17 14:20:56,411-mp_log-INFO-已审核
2019-04-17 14:20:56,692-mp_log-INFO-已审核
2019-04-17 14:20:57,035-mp_log-INFO-已审核
2019-04-17 14:20:57,503-mp_log-INFO-已审核
2019-04-17 14:20:57,675-mp_log-INFO-审核中
2019-04-17 14:20:57,893-mp_log-INFO-审核中
2019-04-17 14:20:58,330-mp_log-INFO-已审核
2019-04-17 14:20:58,564-mp_log-INFO-审核中
2019-04-17 14:20:58,876-mp_log-INFO-审核中
2019-04-17 14:20:59,172-mp_log-INFO-审核失败
2019-04-17 14:20:59,531-mp_log-INFO-审核中
2019-04-17 14:20:59,843-mp_log-INFO-审核中
2019-04-17 14:21:00,155-mp_log-INFO-审核中
2019-04-17 14:21:00,420-mp_log-INFO-审核中
2019-04-17 14:21:00,764-mp_log-INFO-审核中
2019-04-17 14:21:01,107-mp_log-INFO-审核中
2019-04-17 14:21:01,419-mp_log-INFO-已审核
2019-04-17 14:21:01,700-mp_log-INFO-审核中
2019-04-17 14:21:02,152-mp_log-INFO-审核中
2019-04-17 14:21:02,402-mp_log-INFO-审核中
2019-04-17 14:21:02,573-mp_log-INFO-已审核
2019-04-17 14:21:02,994-mp_log-INFO-审核中
2019-04-17 14:21:03,260-mp_log-INFO-已审核
2019-04-17 14:21:03,494-mp_log-INFO-已审核
2019-04-17 14:21:03,899-mp_log-INFO-审核中
2019-04-17 14:21:04,164-mp_log-INFO-审核中
2019-04-17 14:21:04,523-mp_log-INFO-已审核
2019-04-17 14:21:04,773-mp_log-INFO-审核中
2019-04-17 14:21:05,100-mp_log-INFO-审核中
2019-04-17 14:21:05,397-mp_log-INFO-已审核
2019-04-17 14:21:05,756-mp_log-INFO-审核中
2019-04-17 14:21:06,068-mp_log-INFO-审核中
2019-04-17 14:21:06,411-mp_log-INFO-审核中
2019-04-17 14:21:06,707-mp_log-INFO-审核中
2019-04-17 14:21:07,050-mp_log-INFO-已审核
2019-04-17 14:21:07,347-mp_log-INFO-已审核
2019-04-17 14:21:07,628-mp_log-INFO-审核中
2019-04-17 14:21:07,924-mp_log-INFO-审核中
2019-04-17 14:21:08,252-mp_log-INFO-审核中
2019-04-17 14:21:08,579-mp_log-INFO-审核中
2019-04-17 14:21:08,844-mp_log-INFO-审核中
2019-04-17 14:21:09,234-mp_log-INFO-已审核
2019-04-17 14:21:09,500-mp_log-INFO-审核中
2019-04-17 14:21:09,812-mp_log-INFO-已审核
2019-04-17 14:21:10,092-mp_log-INFO-审核中
2019-04-17 14:21:10,373-mp_log-INFO-审核中
2019-04-17 14:21:10,779-mp_log-INFO-已审核
2019-04-17 14:21:11,060-mp_log-INFO-已审核
2019-04-17 14:21:11,387-mp_log-INFO-审核中
2019-04-17 14:21:11,715-mp_log-INFO-审核中
2019-04-17 14:21:11,933-mp_log-INFO-审核中
2019-04-17 14:21:12,339-mp_log-INFO-审核中
2019-04-17 14:21:12,604-mp_log-INFO-已审核
2019-04-17 14:21:12,900-mp_log-INFO-审核中
2019-04-17 14:21:13,556-mp_log-INFO-审核中
2019-04-17 14:21:13,883-mp_log-INFO-审核中
2019-04-17 14:21:14,242-mp_log-INFO-审核中
2019-04-17 14:21:14,538-mp_log-INFO-已审核
2019-04-17 14:21:14,788-mp_log-INFO-已审核
2019-04-17 14:21:15,131-mp_log-INFO-审核中
2019-04-17 14:21:15,350-mp_log-INFO-审核中
2019-04-17 14:21:15,880-mp_log-INFO-已审核
2019-04-17 14:21:16,067-mp_log-INFO-审核中
2019-04-17 14:21:16,301-mp_log-INFO-已审核
2019-04-17 14:21:16,629-mp_log-INFO-已审核
2019-04-17 14:21:16,988-mp_log-INFO-审核中
2019-04-17 14:21:17,268-mp_log-INFO-审核中
2019-04-17 14:21:17,627-mp_log-INFO-已审核
2019-04-17 14:21:17,892-mp_log-INFO-审核中
2019-04-17 14:21:18,204-mp_log-INFO-审核中
2019-04-17 14:21:18,548-mp_log-INFO-已审核
2019-04-17 14:21:18,922-mp_log-INFO-审核中
2019-04-17 14:21:19,187-mp_log-INFO-已审核
2019-04-17 14:21:19,406-mp_log-INFO-审核中
2019-04-17 14:21:19,998-mp_log-INFO-已审核
2019-04-17 14:21:20,513-mp_log-INFO-已审核
2019-04-17 14:21:20,778-mp_log-INFO-已审核
2019-04-17 14:21:21,090-mp_log-INFO-审核中
2019-04-17 14:21:21,512-mp_log-INFO-已审核
2019-04-17 14:21:21,699-mp_log-INFO-审核中
2019-04-17 14:21:22,058-mp_log-INFO-审核失败
2019-04-17 14:21:22,307-mp_log-INFO-审核中
2019-04-17 14:21:22,619-mp_log-INFO-审核中
2019-04-17 14:21:23,056-mp_log-INFO-已审核
2019-04-17 14:21:23,196-mp_log-INFO-审核中
2019-04-17 14:21:23,493-mp_log-INFO-审核中
2019-04-17 14:21:23,867-mp_log-INFO-已审核
2019-04-17 14:21:24,257-mp_log-INFO-审核中
2019-04-17 14:21:24,491-mp_log-INFO-审核中
2019-04-17 14:21:24,756-mp_log-INFO-审核中
2019-04-17 14:21:25,037-mp_log-INFO-审核中
2019-04-17 14:21:25,412-mp_log-INFO-审核中
2019-04-17 14:21:25,802-mp_log-INFO-已审核
2019-04-17 14:21:26,082-mp_log-INFO-已审核
2019-04-17 14:21:26,410-mp_log-INFO-已审核
2019-04-17 14:21:26,706-mp_log-INFO-审核中
2019-04-17 14:21:26,956-mp_log-INFO-审核中
2019-04-17 14:21:27,315-mp_log-INFO-已审核
2019-04-17 14:21:27,627-mp_log-INFO-已审核
2019-04-17 14:21:27,939-mp_log-INFO-审核中
2019-04-17 14:21:28,485-mp_log-INFO-审核中
2019-04-17 14:21:28,844-mp_log-INFO-审核中
2019-04-17 14:21:29,202-mp_log-INFO-已审核
2019-04-17 14:21:29,468-mp_log-INFO-审核中
2019-04-17 14:21:29,858-mp_log-INFO-审核中
2019-04-17 14:21:30,092-mp_log-INFO-已审核
2019-04-17 14:21:30,388-mp_log-INFO-审核中
2019-04-17 14:21:30,684-mp_log-INFO-已审核
2019-04-17 14:21:31,028-mp_log-INFO-审核中
2019-04-17 14:21:31,355-mp_log-INFO-审核中
2019-04-17 14:21:31,636-mp_log-INFO-已审核
2019-04-17 14:21:31,995-mp_log-INFO-已审核
2019-04-17 14:21:32,244-mp_log-INFO-已审核
2019-04-17 14:21:32,556-mp_log-INFO-审核中
2019-04-17 14:21:32,884-mp_log-INFO-审核中
2019-04-17 14:21:33,321-mp_log-INFO-审核中
2019-04-17 14:21:33,570-mp_log-INFO-审核中
2019-04-17 14:21:33,820-mp_log-INFO-已审核
2019-04-17 14:21:34,101-mp_log-INFO-审核中
2019-04-17 14:21:34,491-mp_log-INFO-审核中
2019-04-17 14:21:34,818-mp_log-INFO-审核中
2019-04-17 14:21:35,115-mp_log-INFO-审核中
2019-04-17 14:21:35,396-mp_log-INFO-审核中
2019-04-17 14:21:35,692-mp_log-INFO-已审核
2019-04-17 14:21:36,051-mp_log-INFO-审核中
2019-04-17 14:21:36,410-mp_log-INFO-已审核
2019-04-17 14:21:36,675-mp_log-INFO-已审核
2019-04-17 14:21:37,034-mp_log-INFO-审核中
2019-04-17 14:21:37,190-mp_log-INFO-审核中
2019-04-17 14:21:37,564-mp_log-INFO-审核中
2019-04-17 14:21:37,876-mp_log-INFO-审核中
2019-04-17 14:21:38,204-mp_log-INFO-审核中
2019-04-17 14:21:38,531-mp_log-INFO-审核中
2019-04-17 14:21:38,812-mp_log-INFO-审核中
2019-04-17 14:21:39,249-mp_log-INFO-已审核
2019-04-17 14:21:39,686-mp_log-INFO-已审核
2019-04-17 14:21:39,732-mp_log-INFO-已审核
2019-04-17 14:21:40,076-mp_log-INFO-审核中
2019-04-17 14:21:40,466-mp_log-INFO-已审核
2019-04-17 14:21:40,731-mp_log-INFO-审核中
2019-04-17 14:21:40,996-mp_log-INFO-已审核
2019-04-17 14:21:41,355-mp_log-INFO-审核中
2019-04-17 14:21:41,636-mp_log-INFO-审核中
2019-04-17 14:21:42,072-mp_log-INFO-审核中
2019-04-17 14:21:42,244-mp_log-INFO-已审核
2019-04-17 14:21:42,540-mp_log-INFO-审核中
2019-04-17 14:21:42,868-mp_log-INFO-已审核
2019-04-17 14:21:43,289-mp_log-INFO-审核中
2019-04-17 14:21:43,648-mp_log-INFO-已审核
2019-04-17 14:21:43,788-mp_log-INFO-已审核
2019-04-17 14:21:44,116-mp_log-INFO-已审核
2019-04-17 14:21:44,506-mp_log-INFO-审核中
2019-04-17 14:21:44,771-mp_log-INFO-审核中
2019-04-17 14:21:45,348-mp_log-INFO-审核中
2019-04-17 14:21:45,692-mp_log-INFO-审核中
2019-04-17 14:21:45,988-mp_log-INFO-审核中
2019-04-17 14:21:46,331-mp_log-INFO-审核中
2019-04-17 14:21:46,659-mp_log-INFO-审核失败
2019-04-17 14:21:47,018-mp_log-INFO-已审核
2019-04-17 14:21:47,267-mp_log-INFO-已审核
2019-04-17 14:21:47,610-mp_log-INFO-已审核
2019-04-17 14:21:47,938-mp_log-INFO-审核中
