2019-04-16 01:34:14,653-Getlogin-INFO-登录成功，获取mp端token.....
2019-04-16 01:34:14,656-mp_log-INFO-token获取成功......
2019-04-16 01:34:25,059-mp_log-INFO-获取所有小程序信息成功......
2019-04-16 01:34:25,659-mp_log-INFO-获取最新模板信息成功.......
2019-04-16 01:34:25,803-mp_log-INFO-获取所有小程序信息成功......
2019-04-16 01:34:27,856-mp_log-INFO-环亚美容模板操作成功,模板名称商家正式版_V1.4.1_0416_0132
2019-04-16 01:34:27,888-mp_log-ERROR-gobeauty操作失败,失败原因{'status': 500, 'msg': '此管理中心未授权开放平台'}
2019-04-16 01:34:28,554-mp_log-INFO-诺研皮肤管理模板操作成功,模板名称商家正式版_V1.4.1_0416_0132
2019-04-16 01:34:28,885-mp_log-ERROR-sdfdsfdsf操作失败,失败原因{'status': 500, 'msg': '此管理中心未授权开放平台'}
2019-04-16 01:34:29,029-mp_log-INFO-芳妍美容模板操作成功,模板名称商家正式版_V1.4.1_0416_0132
2019-04-16 01:34:30,066-mp_log-INFO-绿苑女子模板操作成功,模板名称商家正式版_V1.4.1_0416_0132
2019-04-16 01:34:30,845-mp_log-INFO-伊之花美容模板操作成功,模板名称商家正式版_V1.4.1_0416_0132
2019-04-16 01:34:31,401-mp_log-INFO-七号驻颜模板操作成功,模板名称商家正式版_V1.4.1_0416_0132
2019-04-16 01:34:32,125-mp_log-INFO-曼奇莎模板操作成功,模板名称商家正式版_V1.4.1_0416_0132
2019-04-16 01:34:32,559-mp_log-INFO-诗美逸模板操作成功,模板名称商家正式版_V1.4.1_0416_0132
2019-04-16 01:34:33,007-mp_log-INFO-颐和美容模板操作成功,模板名称商家正式版_V1.4.1_0416_0132
2019-04-16 01:34:33,388-mp_log-INFO-赫阁尔模板操作成功,模板名称商家正式版_V1.4.1_0416_0132
2019-04-16 01:34:34,096-mp_log-INFO-草木缘模板操作成功,模板名称商家正式版_V1.4.1_0416_0132
2019-04-16 01:34:34,752-mp_log-INFO-漂亮宝贝模板操作成功,模板名称商家正式版_V1.4.1_0416_0132
2019-04-16 01:34:35,014-mp_log-INFO-梦颜科美模板操作成功,模板名称商家正式版_V1.4.1_0416_0132
2019-04-16 01:34:35,807-mp_log-INFO-都市点点模板操作成功,模板名称商家正式版_V1.4.1_0416_0132
2019-04-16 01:34:35,915-mp_log-INFO-来了美佳澜店模板操作成功,模板名称商家正式版_V1.4.1_0416_0132
2019-04-16 01:34:36,605-mp_log-INFO-木子美甲美睫模板操作成功,模板名称商家正式版_V1.4.1_0416_0132
2019-04-16 01:34:37,072-mp_log-INFO-润妃国际模板操作成功,模板名称商家正式版_V1.4.1_0416_0132
2019-04-16 01:34:37,519-mp_log-INFO-灵动模板操作成功,模板名称商家正式版_V1.4.1_0416_0132
2019-04-16 01:34:37,806-mp_log-INFO-康丽皇家模板操作成功,模板名称商家正式版_V1.4.1_0416_0132
2019-04-16 01:34:38,511-mp_log-INFO-美丽驿站模板操作成功,模板名称商家正式版_V1.4.1_0416_0132
2019-04-16 01:34:38,959-mp_log-ERROR-市场演示专用操作失败,失败原因{'status': 500, 'msg': '此管理中心未授权开放平台'}
2019-04-16 01:34:38,987-mp_log-INFO-美美答伊丽莎模板操作成功,模板名称商家正式版_V1.4.1_0416_0132
2019-04-16 01:34:39,580-mp_log-INFO-匠美JMBEAUTY模板操作成功,模板名称商家正式版_V1.4.1_0416_0132
2019-04-16 01:34:40,273-mp_log-INFO-HB美尚荟模板操作成功,模板名称商家正式版_V1.4.1_0416_0132
2019-04-16 01:34:41,018-mp_log-INFO-Youngface模板操作成功,模板名称商家正式版_V1.4.1_0416_0132
2019-04-16 01:34:41,394-mp_log-INFO-爱睿熙国际模板操作成功,模板名称商家正式版_V1.4.1_0416_0132
2019-04-16 01:34:41,952-mp_log-INFO-当今悦美模板操作成功,模板名称商家正式版_V1.4.1_0416_0132
2019-04-16 01:34:42,395-mp_log-INFO-谦和国际模板操作成功,模板名称商家正式版_V1.4.1_0416_0132
2019-04-16 01:34:43,055-mp_log-INFO-米蝶·快美吧模板操作成功,模板名称商家正式版_V1.4.1_0416_0132
2019-04-16 01:34:43,480-mp_log-INFO-iBEATA贝娅塔模板操作成功,模板名称商家正式版_V1.4.1_0416_0132
2019-04-16 01:34:43,935-mp_log-INFO-菲常美模板操作成功,模板名称商家正式版_V1.4.1_0416_0132
2019-04-16 01:34:44,866-mp_log-INFO-当代经典模板操作成功,模板名称商家正式版_V1.4.1_0416_0132
2019-04-16 01:34:44,969-mp_log-INFO-东方丽人模板操作成功,模板名称商家正式版_V1.4.1_0416_0132
2019-04-16 01:34:45,572-mp_log-INFO-盛士兰模板操作成功,模板名称商家正式版_V1.4.1_0416_0132
2019-04-16 01:34:45,873-mp_log-INFO-玫瑰坊模板操作成功,模板名称商家正式版_V1.4.1_0416_0132
2019-04-16 01:34:46,554-mp_log-INFO-悠兰lyj模板操作成功,模板名称商家正式版_V1.4.1_0416_0132
2019-04-16 01:34:46,969-mp_log-INFO-芊思雅莎莎模板操作成功,模板名称商家正式版_V1.4.1_0416_0132
2019-04-16 01:34:47,588-mp_log-INFO-来就健康模板操作成功,模板名称商家正式版_V1.4.1_0416_0132
2019-04-16 01:34:47,937-mp_log-INFO-恒美世纪模板操作成功,模板名称商家正式版_V1.4.1_0416_0132
2019-04-16 01:34:48,470-mp_log-INFO-美人记Beauty模板操作成功,模板名称商家正式版_V1.4.1_0416_0132
2019-04-16 01:34:48,903-mp_log-INFO-珺彩秀模板操作成功,模板名称商家正式版_V1.4.1_0416_0132
2019-04-16 01:34:49,543-mp_log-INFO-菲梵经典模板操作成功,模板名称商家正式版_V1.4.1_0416_0132
2019-04-16 01:34:50,171-mp_log-INFO-悦芳泉SPA模板操作成功,模板名称商家正式版_V1.4.1_0416_0132
2019-04-16 01:34:50,523-mp_log-INFO-爱美丽模板操作成功,模板名称商家正式版_V1.4.1_0416_0132
2019-04-16 01:34:50,798-mp_log-INFO-漂亮如你模板操作成功,模板名称商家正式版_V1.4.1_0416_0132
2019-04-16 01:34:51,381-mp_log-INFO-广西宝宝爱模板操作成功,模板名称商家正式版_V1.4.1_0416_0132
2019-04-16 01:34:51,931-mp_log-INFO-虞诗蔓模板操作成功,模板名称商家正式版_V1.4.1_0416_0132
2019-04-16 01:34:52,552-mp_log-INFO-D5 season模板操作成功,模板名称商家正式版_V1.4.1_0416_0132
2019-04-16 01:34:52,978-mp_log-INFO-唯艳美模板操作成功,模板名称商家正式版_V1.4.1_0416_0132
2019-04-16 01:34:53,389-mp_log-INFO-吉美妍丽模板操作成功,模板名称商家正式版_V1.4.1_0416_0132
2019-04-16 01:34:53,994-mp_log-INFO-雪依氏模板操作成功,模板名称商家正式版_V1.4.1_0416_0132
2019-04-16 01:34:54,600-mp_log-INFO-书白美企模板操作成功,模板名称商家正式版_V1.4.1_0416_0132
2019-04-16 01:34:54,923-mp_log-INFO-美约会模板操作成功,模板名称商家正式版_V1.4.1_0416_0132
2019-04-16 01:34:55,356-mp_log-INFO-霭伦恩美模板操作成功,模板名称商家正式版_V1.4.1_0416_0132
2019-04-16 01:34:56,154-mp_log-INFO-来美吧模板操作成功,模板名称商家正式版_V1.4.1_0416_0132
2019-04-16 01:34:56,664-mp_log-INFO-伊美朗模板操作成功,模板名称商家正式版_V1.4.1_0416_0132
2019-04-16 01:34:57,098-mp_log-INFO-美美一生模板操作成功,模板名称商家正式版_V1.4.1_0416_0132
2019-04-16 01:34:57,431-mp_log-INFO-佳婳天美模板操作成功,模板名称商家正式版_V1.4.1_0416_0132
2019-04-16 01:34:57,932-mp_log-INFO-兴美源模板操作成功,模板名称商家正式版_V1.4.1_0416_0132
2019-04-16 01:34:58,575-mp_log-INFO-优年轻模板操作成功,模板名称商家正式版_V1.4.1_0416_0132
2019-04-16 01:34:58,982-mp_log-INFO-易康国际模板操作成功,模板名称商家正式版_V1.4.1_0416_0132
2019-04-16 01:34:59,608-mp_log-INFO-美美昭妍模板操作成功,模板名称商家正式版_V1.4.1_0416_0132
2019-04-16 01:34:59,961-mp_log-INFO-佐登妮丝模板操作成功,模板名称商家正式版_V1.4.1_0416_0132
2019-04-16 01:35:00,649-mp_log-INFO-阿星国际模板操作成功,模板名称商家正式版_V1.4.1_0416_0132
2019-04-16 01:35:00,936-mp_log-INFO-娇阑美颜模板操作成功,模板名称商家正式版_V1.4.1_0416_0132
2019-04-16 01:35:01,378-mp_log-INFO-爱女士模板操作成功,模板名称商家正式版_V1.4.1_0416_0132
2019-04-16 01:35:01,976-mp_log-INFO-PS智能美肤模板操作成功,模板名称商家正式版_V1.4.1_0416_0132
2019-04-16 01:35:02,698-mp_log-INFO-艾妍整形模板操作成功,模板名称商家正式版_V1.4.1_0416_0132
2019-04-16 01:35:03,128-mp_log-INFO-珍珍美容会所模板操作成功,模板名称商家正式版_V1.4.1_0416_0132
2019-04-16 01:35:03,304-mp_log-INFO-姿曼美容spa模板操作成功,模板名称商家正式版_V1.4.1_0416_0132
2019-04-16 01:35:03,881-mp_log-INFO-巴黎情缘模板操作成功,模板名称商家正式版_V1.4.1_0416_0132
2019-04-16 01:35:04,561-mp_log-INFO-百合春天模板操作成功,模板名称商家正式版_V1.4.1_0416_0132
2019-04-16 01:35:05,051-mp_log-INFO-梅兰丽人模板操作成功,模板名称商家正式版_V1.4.1_0416_0132
2019-04-16 01:35:05,503-mp_log-INFO-美由心生模板操作成功,模板名称商家正式版_V1.4.1_0416_0132
2019-04-16 01:35:05,897-mp_log-INFO-燕燕尊尚美容模板操作成功,模板名称商家正式版_V1.4.1_0416_0132
2019-04-16 01:35:06,523-mp_log-INFO-雅致璇肌模板操作成功,模板名称商家正式版_V1.4.1_0416_0132
2019-04-16 01:35:06,910-mp_log-INFO-诗露丽涵模板操作成功,模板名称商家正式版_V1.4.1_0416_0132
2019-04-16 01:35:07,526-mp_log-INFO-蓝蒂蔻模板操作成功,模板名称商家正式版_V1.4.1_0416_0132
2019-04-16 01:35:08,183-mp_log-INFO-东方仕典模板操作成功,模板名称商家正式版_V1.4.1_0416_0132
2019-04-16 01:35:08,426-mp_log-INFO-韩流美甲模板操作成功,模板名称商家正式版_V1.4.1_0416_0132
2019-04-16 01:35:09,091-mp_log-INFO-GOGO宝迪模板操作成功,模板名称商家正式版_V1.4.1_0416_0132
2019-04-16 01:35:09,451-mp_log-INFO-月瘦月美模板操作成功,模板名称商家正式版_V1.4.1_0416_0132
2019-04-16 01:35:09,858-mp_log-INFO-启程金典美业模板操作成功,模板名称商家正式版_V1.4.1_0416_0132
2019-04-16 01:35:10,664-mp_log-INFO-年轻我可以模板操作成功,模板名称商家正式版_V1.4.1_0416_0132
2019-04-16 01:35:10,944-mp_log-INFO-精工皇族模板操作成功,模板名称商家正式版_V1.4.1_0416_0132
2019-04-16 01:35:11,579-mp_log-INFO-明剪一秀模板操作成功,模板名称商家正式版_V1.4.1_0416_0132
2019-04-16 01:35:12,123-mp_log-INFO-丝客富模板操作成功,模板名称商家正式版_V1.4.1_0416_0132
2019-04-16 01:35:12,582-mp_log-INFO-DuDuBeauty模板操作成功,模板名称商家正式版_V1.4.1_0416_0132
2019-04-16 01:35:12,876-mp_log-INFO-琉璃水城模板操作成功,模板名称商家正式版_V1.4.1_0416_0132
2019-04-16 01:35:13,609-mp_log-INFO-栢草源模板操作成功,模板名称商家正式版_V1.4.1_0416_0132
2019-04-16 01:35:13,962-mp_log-INFO-杭州东方整形模板操作成功,模板名称商家正式版_V1.4.1_0416_0132
2019-04-16 01:35:14,572-mp_log-INFO-ONI速美模板操作成功,模板名称商家正式版_V1.4.1_0416_0132
2019-04-16 01:35:15,039-mp_log-INFO-YAN健康•美+模板操作成功,模板名称商家正式版_V1.4.1_0416_0132
2019-04-16 01:35:15,664-mp_log-INFO-MMbeauty模板操作成功,模板名称商家正式版_V1.4.1_0416_0132
2019-04-16 01:35:16,087-mp_log-INFO-美共享模板操作成功,模板名称商家正式版_V1.4.1_0416_0132
2019-04-16 01:35:16,602-mp_log-INFO-靓佳人模板操作成功,模板名称商家正式版_V1.4.1_0416_0132
2019-04-16 01:35:17,072-mp_log-INFO-ME智慧美店模板操作成功,模板名称商家正式版_V1.4.1_0416_0132
2019-04-16 01:35:17,380-mp_log-INFO-二院美丽之约模板操作成功,模板名称商家正式版_V1.4.1_0416_0132
2019-04-16 01:35:17,932-mp_log-INFO-紫舟美业模板操作成功,模板名称商家正式版_V1.4.1_0416_0132
2019-04-16 01:35:18,647-mp_log-INFO-南洋beauty模板操作成功,模板名称商家正式版_V1.4.1_0416_0132
2019-04-16 01:35:19,310-mp_log-INFO-阿芙洛蒂模板操作成功,模板名称商家正式版_V1.4.1_0416_0132
2019-04-16 01:35:19,441-mp_log-INFO-来了美标榜店模板操作成功,模板名称商家正式版_V1.4.1_0416_0132
2019-04-16 01:35:20,228-mp_log-INFO-美德福模板操作成功,模板名称商家正式版_V1.4.1_0416_0132
2019-04-16 01:35:20,592-mp_log-INFO-岳灵生发模板操作成功,模板名称商家正式版_V1.4.1_0416_0132
2019-04-16 01:35:20,854-mp_log-INFO-美姿源模板操作成功,模板名称商家正式版_V1.4.1_0416_0132
2019-04-16 01:35:21,768-mp_log-INFO-维多丽雅模板操作成功,模板名称商家正式版_V1.4.1_0416_0132
2019-04-16 01:35:22,015-mp_log-INFO-雅典娜模板操作成功,模板名称商家正式版_V1.4.1_0416_0132
2019-04-16 01:35:22,676-mp_log-INFO-杭州桐雅模板操作成功,模板名称商家正式版_V1.4.1_0416_0132
2019-04-16 01:35:22,928-mp_log-INFO-妃香伊丹模板操作成功,模板名称商家正式版_V1.4.1_0416_0132
2019-04-16 01:35:23,052-mp_log-ERROR-光速美操作失败,失败原因{'status': 500, 'msg': '此管理中心未授权开放平台'}
2019-04-16 01:35:23,518-mp_log-INFO-王海棠养生馆模板操作成功,模板名称商家正式版_V1.4.1_0416_0132
2019-04-16 01:35:24,216-mp_log-INFO-祐美祐康模板操作成功,模板名称商家正式版_V1.4.1_0416_0132
2019-04-16 01:35:25,103-mp_log-INFO-张氏纳然姬朵模板操作成功,模板名称商家正式版_V1.4.1_0416_0132
2019-04-16 01:35:25,792-mp_log-INFO-魅力华健模板操作成功,模板名称商家正式版_V1.4.1_0416_0132
2019-04-16 01:35:26,151-mp_log-INFO-圣水伊人模板操作成功,模板名称商家正式版_V1.4.1_0416_0132
2019-04-16 01:35:26,696-mp_log-INFO-窈窕淑女模板操作成功,模板名称商家正式版_V1.4.1_0416_0132
2019-04-16 01:35:27,294-mp_log-INFO-绮莉尔智能美模板操作成功,模板名称商家正式版_V1.4.1_0416_0132
2019-04-16 01:35:27,665-mp_log-INFO-香密雅CIMIA模板操作成功,模板名称商家正式版_V1.4.1_0416_0132
2019-04-16 01:35:28,188-mp_log-INFO-妍雅媛模板操作成功,模板名称商家正式版_V1.4.1_0416_0132
2019-04-16 01:35:28,647-mp_log-INFO-来了美模板操作成功,模板名称商家正式版_V1.4.1_0416_0132
2019-04-16 01:35:29,510-mp_log-INFO-云SPA模板操作成功,模板名称商家正式版_V1.4.1_0416_0132
2019-04-16 01:35:29,545-mp_log-INFO-轻医美模板操作成功,模板名称商家正式版_V1.4.1_0416_0132
2019-04-16 01:35:30,070-mp_log-INFO-世纪春天模板操作成功,模板名称商家正式版_V1.4.1_0416_0132
2019-04-16 01:35:30,461-mp_log-INFO-贵妇人模板操作成功,模板名称商家正式版_V1.4.1_0416_0132
2019-04-16 01:35:30,975-mp_log-INFO-BabyBeauty模板操作成功,模板名称商家正式版_V1.4.1_0416_0132
2019-04-16 01:35:31,562-mp_log-INFO-亿兴美邦模板操作成功,模板名称商家正式版_V1.4.1_0416_0132
2019-04-16 01:35:32,148-mp_log-INFO-奇遇模板操作成功,模板名称商家正式版_V1.4.1_0416_0132
2019-04-16 01:35:32,671-mp_log-INFO-来了美韩尚恩模板操作成功,模板名称商家正式版_V1.4.1_0416_0132
2019-04-16 01:35:33,022-mp_log-INFO-纤指百媚模板操作成功,模板名称商家正式版_V1.4.1_0416_0132
2019-04-16 01:35:33,751-mp_log-INFO-美之颜模板操作成功,模板名称商家正式版_V1.4.1_0416_0132
2019-04-16 01:35:34,365-mp_log-INFO-gobeauty模板操作成功,模板名称商家正式版_V1.4.1_0416_0132
2019-04-16 01:35:34,728-mp_log-INFO-贝琳菲美业模板操作成功,模板名称商家正式版_V1.4.1_0416_0132
2019-04-16 01:35:35,367-mp_log-INFO-郦芙蓉beauty模板操作成功,模板名称商家正式版_V1.4.1_0416_0132
2019-04-16 01:35:35,393-mp_log-ERROR-服务商账号操作失败,失败原因{'status': 'error', 'msg': 'component is not authorized by this account hint: [X10772b101]'}
2019-04-16 01:35:35,585-mp_log-INFO-指妃模板操作成功,模板名称商家正式版_V1.4.1_0416_0132
2019-04-16 01:35:36,231-mp_log-INFO-羽梦蝶模板操作成功,模板名称商家正式版_V1.4.1_0416_0132
2019-04-16 01:35:37,301-mp_log-INFO-香住SPA模板操作成功,模板名称商家正式版_V1.4.1_0416_0132
2019-04-16 01:35:37,753-mp_log-INFO-狮子卫士模板操作成功,模板名称商家正式版_V1.4.1_0416_0132
2019-04-16 01:35:38,263-mp_log-INFO-佰味女人模板操作成功,模板名称商家正式版_V1.4.1_0416_0132
2019-04-16 01:35:38,971-mp_log-INFO-黄氏百佳模板操作成功,模板名称商家正式版_V1.4.1_0416_0132
2019-04-16 01:35:39,335-mp_log-INFO-创美雅香莱模板操作成功,模板名称商家正式版_V1.4.1_0416_0132
2019-04-16 01:35:39,701-mp_log-INFO-艾面一族 模板操作成功,模板名称商家正式版_V1.4.1_0416_0132
2019-04-16 01:35:40,175-mp_log-INFO-涣美医疗模板操作成功,模板名称商家正式版_V1.4.1_0416_0132
2019-04-16 01:35:40,844-mp_log-INFO-植美SPA模板操作成功,模板名称商家正式版_V1.4.1_0416_0132
2019-04-16 01:35:41,154-mp_log-INFO-曼姿模板操作成功,模板名称商家正式版_V1.4.1_0416_0132
2019-04-16 01:35:41,695-mp_log-INFO-圣婕美甲美睫模板操作成功,模板名称商家正式版_V1.4.1_0416_0132
2019-04-16 01:35:42,226-mp_log-INFO-美丽九九模板操作成功,模板名称商家正式版_V1.4.1_0416_0132
2019-04-16 01:35:42,702-mp_log-INFO-南国西子模板操作成功,模板名称商家正式版_V1.4.1_0416_0132
2019-04-16 01:35:43,277-mp_log-INFO-百分国际美容模板操作成功,模板名称商家正式版_V1.4.1_0416_0132
2019-04-16 01:35:43,697-mp_log-INFO-千颂伊美学中心模板操作成功,模板名称商家正式版_V1.4.1_0416_0132
2019-04-16 01:35:44,299-mp_log-INFO-艾尚美美哒模板操作成功,模板名称商家正式版_V1.4.1_0416_0132
2019-04-16 01:35:44,795-mp_log-INFO-玉颜堂模板操作成功,模板名称商家正式版_V1.4.1_0416_0132
2019-04-16 01:35:45,197-mp_log-INFO-金美源模板操作成功,模板名称商家正式版_V1.4.1_0416_0132
2019-04-16 01:35:45,627-mp_log-INFO-爱玛仕嘉模板操作成功,模板名称商家正式版_V1.4.1_0416_0132
2019-04-16 01:35:46,250-mp_log-INFO-智能科技美店模板操作成功,模板名称商家正式版_V1.4.1_0416_0132
2019-04-16 01:35:46,858-mp_log-INFO-欧妮薇模板操作成功,模板名称商家正式版_V1.4.1_0416_0132
2019-04-16 01:35:47,221-mp_log-INFO-成都净美天使模板操作成功,模板名称商家正式版_V1.4.1_0416_0132
2019-04-16 01:35:47,594-mp_log-INFO-美姿来就美模板操作成功,模板名称商家正式版_V1.4.1_0416_0132
2019-04-16 01:35:47,678-mp_log-ERROR-引导美体验店操作失败,失败原因{'status': 'error', 'msg': 'component is not authorized by this account hint: [ncCaEa07841501]'}
2019-04-16 01:35:48,297-mp_log-INFO-IVY艾菲芭模板操作成功,模板名称商家正式版_V1.4.1_0416_0132
2019-04-16 01:35:49,136-mp_log-INFO-来了美雲会所模板操作成功,模板名称商家正式版_V1.4.1_0416_0132
2019-04-16 01:35:49,767-mp_log-INFO-SoBeauty模板操作成功,模板名称商家正式版_V1.4.1_0416_0132
2019-04-16 01:35:50,152-mp_log-INFO-蒙妮莎新美容模板操作成功,模板名称商家正式版_V1.4.1_0416_0132
2019-04-16 01:35:50,543-mp_log-INFO-筋生美模板操作成功,模板名称商家正式版_V1.4.1_0416_0132
2019-04-16 01:35:51,199-mp_log-INFO-来了美美吧模板操作成功,模板名称商家正式版_V1.4.1_0416_0132
2019-04-16 01:35:51,931-mp_log-INFO-金柏丽模板操作成功,模板名称商家正式版_V1.4.1_0416_0132
2019-04-16 01:35:52,168-mp_log-INFO-长江九号模板操作成功,模板名称商家正式版_V1.4.1_0416_0132
2019-04-16 01:35:52,629-mp_log-INFO-优文专业脱毛模板操作成功,模板名称商家正式版_V1.4.1_0416_0132
2019-04-16 01:35:53,071-mp_log-INFO-天使国际模板操作成功,模板名称商家正式版_V1.4.1_0416_0132
2019-04-16 01:35:53,741-mp_log-INFO-如生堂模板操作成功,模板名称商家正式版_V1.4.1_0416_0132
2019-04-16 01:35:54,304-mp_log-INFO-梦田芳香Spa模板操作成功,模板名称商家正式版_V1.4.1_0416_0132
2019-04-16 01:35:54,864-mp_log-INFO-贝施纤体模板操作成功,模板名称商家正式版_V1.4.1_0416_0132
2019-04-16 01:35:55,196-mp_log-INFO-色彩纯姬模板操作成功,模板名称商家正式版_V1.4.1_0416_0132
2019-04-16 01:35:55,722-mp_log-INFO-红妆倾城模板操作成功,模板名称商家正式版_V1.4.1_0416_0132
2019-04-16 01:35:56,213-mp_log-INFO-丹阳圣莉斯歌模板操作成功,模板名称商家正式版_V1.4.1_0416_0132
2019-04-16 01:35:56,820-mp_log-INFO-金贵人Beauty模板操作成功,模板名称商家正式版_V1.4.1_0416_0132
2019-04-16 01:35:57,094-mp_log-INFO-芯语芳心模板操作成功,模板名称商家正式版_V1.4.1_0416_0132
2019-04-16 01:35:57,685-mp_log-INFO-广西快来美模板操作成功,模板名称商家正式版_V1.4.1_0416_0132
2019-04-16 01:35:58,281-mp_log-INFO-还原美模板操作成功,模板名称商家正式版_V1.4.1_0416_0132
2019-04-16 01:35:58,756-mp_log-INFO-延颜美容模板操作成功,模板名称商家正式版_V1.4.1_0416_0132
2019-04-16 01:35:59,316-mp_log-INFO-缘临医疗美容模板操作成功,模板名称商家正式版_V1.4.1_0416_0132
2019-04-16 01:35:59,674-mp_log-INFO-梦圆皇宫模板操作成功,模板名称商家正式版_V1.4.1_0416_0132
2019-04-16 01:36:00,183-mp_log-INFO-美了就来模板操作成功,模板名称商家正式版_V1.4.1_0416_0132
2019-04-16 01:36:00,625-mp_log-INFO-恩雅模板操作成功,模板名称商家正式版_V1.4.1_0416_0132
2019-04-16 01:36:01,185-mp_log-INFO-董萍智慧美店模板操作成功,模板名称商家正式版_V1.4.1_0416_0132
2019-04-16 01:36:01,691-mp_log-INFO-俏丽屋模板操作成功,模板名称商家正式版_V1.4.1_0416_0132
2019-04-16 01:36:02,232-mp_log-INFO-YoungDream模板操作成功,模板名称商家正式版_V1.4.1_0416_0132
2019-04-16 01:36:02,846-mp_log-INFO-DR美研博士模板操作成功,模板名称商家正式版_V1.4.1_0416_0132
2019-04-16 01:36:03,389-mp_log-INFO-女秀才模板操作成功,模板名称商家正式版_V1.4.1_0416_0132
2019-04-16 01:36:03,773-mp_log-INFO-東美人儿模板操作成功,模板名称商家正式版_V1.4.1_0416_0132
2019-04-16 01:36:04,237-mp_log-INFO-承昱医疗模板操作成功,模板名称商家正式版_V1.4.1_0416_0132
2019-04-16 01:36:04,675-mp_log-INFO-斓悦庭模板操作成功,模板名称商家正式版_V1.4.1_0416_0132
2019-04-16 01:36:05,095-mp_log-INFO-美迩美模板操作成功,模板名称商家正式版_V1.4.1_0416_0132
2019-04-16 01:36:05,683-mp_log-INFO-唯美童妍模板操作成功,模板名称商家正式版_V1.4.1_0416_0132
2019-04-16 01:36:06,478-mp_log-INFO-BV美聚模板操作成功,模板名称商家正式版_V1.4.1_0416_0132
2019-04-16 01:36:06,938-mp_log-INFO-健丽宝美容模板操作成功,模板名称商家正式版_V1.4.1_0416_0132
2019-04-16 01:36:07,171-mp_log-INFO-掌上美管家A模板操作成功,模板名称商家正式版_V1.4.1_0416_0132
2019-04-16 01:36:07,762-mp_log-INFO-博妍集美模板操作成功,模板名称商家正式版_V1.4.1_0416_0132
2019-04-16 01:36:08,252-mp_log-INFO-荷塘韵色模板操作成功,模板名称商家正式版_V1.4.1_0416_0132
2019-04-16 01:36:08,589-mp_log-INFO-雅涛世家模板操作成功,模板名称商家正式版_V1.4.1_0416_0132
2019-04-16 01:36:09,132-mp_log-INFO-双妹美容模板操作成功,模板名称商家正式版_V1.4.1_0416_0132
2019-04-16 01:36:09,626-mp_log-INFO-呈悦医疗模板操作成功,模板名称商家正式版_V1.4.1_0416_0132
2019-04-16 01:36:10,156-mp_log-INFO-来了美千丝美模板操作成功,模板名称商家正式版_V1.4.1_0416_0132
2019-04-16 01:36:10,766-mp_log-INFO-世纪之春模板操作成功,模板名称商家正式版_V1.4.1_0416_0132
2019-04-16 01:36:11,055-mp_log-INFO-女主角美容模板操作成功,模板名称商家正式版_V1.4.1_0416_0132
2019-04-16 01:36:11,638-mp_log-INFO-来了就体验店模板操作成功,模板名称商家正式版_V1.4.1_0416_0132
2019-04-16 01:36:12,082-mp_log-INFO-弘粹堂模板操作成功,模板名称商家正式版_V1.4.1_0416_0132
2019-04-16 01:36:12,817-mp_log-INFO-环球美容模板操作成功,模板名称商家正式版_V1.4.1_0416_0132
2019-04-16 01:36:13,465-mp_log-INFO-乐聚模板操作成功,模板名称商家正式版_V1.4.1_0416_0132
2019-04-16 01:36:13,726-mp_log-INFO-诗芙侬模板操作成功,模板名称商家正式版_V1.4.1_0416_0132
2019-04-16 01:36:14,052-mp_log-INFO-雅梵GOGO模板操作成功,模板名称商家正式版_V1.4.1_0416_0132
2019-04-16 01:36:14,589-mp_log-ERROR-灰姑娘美业操作失败,失败原因{'status': 'error', 'msg': 'component is not authorized by this account hint: [2Cnwqa0811hb97]'}
2019-04-16 01:36:14,734-mp_log-INFO-沧州美美达模板操作成功,模板名称商家正式版_V1.4.1_0416_0132
2019-04-16 01:36:15,499-mp_log-INFO-妮娜国际模板操作成功,模板名称商家正式版_V1.4.1_0416_0132
2019-04-16 01:36:16,205-mp_log-INFO-赢美肌模板操作成功,模板名称商家正式版_V1.4.1_0416_0132
2019-04-16 01:36:16,761-mp_log-INFO-馨境堂模板操作成功,模板名称商家正式版_V1.4.1_0416_0132
2019-04-16 01:36:17,131-mp_log-INFO-良沐健康管理模板操作成功,模板名称商家正式版_V1.4.1_0416_0132
2019-04-16 01:36:17,761-mp_log-INFO-果蔬美容模板操作成功,模板名称商家正式版_V1.4.1_0416_0132
2019-04-16 01:36:18,394-mp_log-INFO-贝兰思模板操作成功,模板名称商家正式版_V1.4.1_0416_0132
2019-04-16 01:36:19,135-mp_log-INFO-东方秀丽模板操作成功,模板名称商家正式版_V1.4.1_0416_0132
2019-04-16 01:36:19,280-mp_log-INFO-缔罗嘉佳模板操作成功,模板名称商家正式版_V1.4.1_0416_0132
2019-04-16 01:36:19,666-mp_log-INFO-文轩专业美容模板操作成功,模板名称商家正式版_V1.4.1_0416_0132
2019-04-16 01:36:20,275-mp_log-INFO-欧丽薇模板操作成功,模板名称商家正式版_V1.4.1_0416_0132
