2019-04-15 15:06:31,878-Getlogin-INFO-登录成功，获取mp端token.....
2019-04-15 15:06:31,879-mp_log-INFO-token获取成功......
2019-04-15 15:06:40,410-mp_log-INFO-获取所有小程序信息成功......
2019-04-15 15:06:41,713-mp_log-INFO-审核失败
2019-04-15 15:06:42,013-mp_log-INFO-审核失败
2019-04-15 15:06:42,285-mp_log-INFO-审核失败
2019-04-15 15:06:43,604-mp_log-INFO-已审核
2019-04-15 15:06:43,806-mp_log-INFO-审核失败
2019-04-15 15:06:43,860-mp_log-INFO-审核失败
2019-04-15 15:06:44,088-mp_log-INFO-已审核
2019-04-15 15:06:44,387-mp_log-INFO-审核失败
2019-04-15 15:06:44,604-mp_log-INFO-审核失败
2019-04-15 15:06:44,867-mp_log-INFO-已审核
2019-04-15 15:06:45,190-mp_log-INFO-已审核
2019-04-15 15:06:45,502-mp_log-INFO-已审核
2019-04-15 15:06:45,857-mp_log-INFO-已审核
2019-04-15 15:06:46,080-mp_log-INFO-已审核
2019-04-15 15:06:46,470-mp_log-INFO-审核失败
2019-04-15 15:06:46,796-mp_log-INFO-已审核
2019-04-15 15:06:47,048-mp_log-INFO-审核失败
2019-04-15 15:06:47,415-mp_log-INFO-已审核
2019-04-15 15:06:47,699-mp_log-INFO-审核失败
2019-04-15 15:06:48,176-mp_log-INFO-审核失败
2019-04-15 15:06:48,192-mp_log-INFO-已审核
2019-04-15 15:06:48,525-mp_log-INFO-审核失败
2019-04-15 15:06:48,787-mp_log-INFO-已审核
2019-04-15 15:06:49,527-mp_log-INFO-已审核
2019-04-15 15:06:49,738-mp_log-INFO-已审核
2019-04-15 15:06:50,230-mp_log-INFO-已审核
2019-04-15 15:06:50,327-mp_log-INFO-已审核
2019-04-15 15:06:50,686-mp_log-INFO-已审核
2019-04-15 15:06:50,955-mp_log-INFO-已审核
2019-04-15 15:06:51,314-mp_log-INFO-审核失败
2019-04-15 15:06:51,693-mp_log-INFO-审核失败
2019-04-15 15:06:52,089-mp_log-INFO-已审核
2019-04-15 15:06:52,424-mp_log-INFO-审核失败
2019-04-15 15:06:52,690-mp_log-INFO-审核失败
2019-04-15 15:06:52,749-mp_log-INFO-审核失败
2019-04-15 15:06:53,113-mp_log-INFO-审核失败
2019-04-15 15:06:53,258-mp_log-INFO-已审核
2019-04-15 15:06:53,628-mp_log-INFO-已审核
2019-04-15 15:06:53,949-mp_log-INFO-已审核
2019-04-15 15:06:54,290-mp_log-INFO-已审核
2019-04-15 15:06:54,555-mp_log-INFO-已审核
2019-04-15 15:06:54,861-mp_log-INFO-审核失败
2019-04-15 15:06:55,181-mp_log-INFO-审核失败
2019-04-15 15:06:55,698-mp_log-INFO-已审核
2019-04-15 15:06:55,776-mp_log-INFO-已审核
2019-04-15 15:06:56,070-mp_log-INFO-已审核
2019-04-15 15:06:56,421-mp_log-INFO-审核失败
2019-04-15 15:06:56,688-mp_log-INFO-已审核
2019-04-15 15:06:56,947-mp_log-INFO-审核失败
2019-04-15 15:06:57,290-mp_log-INFO-审核失败
2019-04-15 15:06:57,497-mp_log-INFO-审核失败
2019-04-15 15:06:57,980-mp_log-INFO-审核失败
2019-04-15 15:06:58,242-mp_log-INFO-已审核
2019-04-15 15:06:58,697-mp_log-INFO-已审核
2019-04-15 15:06:58,985-mp_log-INFO-已审核
2019-04-15 15:06:59,356-mp_log-INFO-审核失败
2019-04-15 15:06:59,397-mp_log-INFO-已审核
2019-04-15 15:06:59,641-mp_log-INFO-已审核
2019-04-15 15:07:00,014-mp_log-INFO-已审核
2019-04-15 15:07:00,404-mp_log-INFO-审核失败
2019-04-15 15:07:00,630-mp_log-INFO-审核失败
2019-04-15 15:07:00,980-mp_log-INFO-审核失败
2019-04-15 15:07:01,293-mp_log-INFO-审核失败
2019-04-15 15:07:01,449-mp_log-INFO-审核失败
2019-04-15 15:07:01,821-mp_log-INFO-审核失败
2019-04-15 15:07:02,067-mp_log-INFO-审核失败
2019-04-15 15:07:02,372-mp_log-INFO-审核失败
2019-04-15 15:07:02,788-mp_log-INFO-审核失败
2019-04-15 15:07:03,088-mp_log-INFO-审核失败
2019-04-15 15:07:03,532-mp_log-INFO-审核失败
2019-04-15 15:07:03,901-mp_log-INFO-审核失败
2019-04-15 15:07:04,197-mp_log-INFO-已审核
2019-04-15 15:07:04,248-mp_log-INFO-已审核
2019-04-15 15:07:04,465-mp_log-INFO-审核失败
2019-04-15 15:07:04,819-mp_log-INFO-审核失败
2019-04-15 15:07:05,136-mp_log-INFO-已审核
2019-04-15 15:07:05,403-mp_log-INFO-已审核
2019-04-15 15:07:05,702-mp_log-INFO-审核失败
2019-04-15 15:07:06,266-mp_log-INFO-已审核
2019-04-15 15:07:06,287-mp_log-INFO-已审核
2019-04-15 15:07:06,582-mp_log-INFO-已审核
2019-04-15 15:07:06,902-mp_log-INFO-审核失败
2019-04-15 15:07:07,275-mp_log-INFO-已审核
2019-04-15 15:07:07,500-mp_log-INFO-审核失败
2019-04-15 15:07:07,821-mp_log-INFO-审核失败
2019-04-15 15:07:08,135-mp_log-INFO-已审核
2019-04-15 15:07:08,390-mp_log-INFO-已审核
2019-04-15 15:07:08,751-mp_log-INFO-审核失败
2019-04-15 15:07:09,029-mp_log-INFO-已审核
2019-04-15 15:07:09,442-mp_log-INFO-审核失败
2019-04-15 15:07:09,556-mp_log-INFO-已审核
2019-04-15 15:07:09,935-mp_log-INFO-已审核
2019-04-15 15:07:10,552-mp_log-INFO-审核失败
2019-04-15 15:07:10,702-mp_log-INFO-已审核
2019-04-15 15:07:10,857-mp_log-INFO-审核失败
2019-04-15 15:07:11,172-mp_log-INFO-审核失败
2019-04-15 15:07:11,454-mp_log-INFO-审核失败
2019-04-15 15:07:11,996-mp_log-INFO-审核失败
2019-04-15 15:07:12,264-mp_log-INFO-已审核
2019-04-15 15:07:12,276-mp_log-INFO-已审核
2019-04-15 15:07:12,844-mp_log-INFO-审核失败
2019-04-15 15:07:12,908-mp_log-INFO-已审核
2019-04-15 15:07:13,250-mp_log-INFO-已审核
2019-04-15 15:07:13,569-mp_log-INFO-已审核
2019-04-15 15:07:13,982-mp_log-INFO-审核失败
2019-04-15 15:07:14,126-mp_log-INFO-审核失败
2019-04-15 15:07:14,510-mp_log-INFO-已审核
2019-04-15 15:07:15,045-mp_log-INFO-审核失败
2019-04-15 15:07:15,090-mp_log-INFO-已审核
2019-04-15 15:07:15,812-mp_log-INFO-已审核
2019-04-15 15:07:16,026-mp_log-INFO-审核失败
2019-04-15 15:07:16,353-mp_log-INFO-审核失败
2019-04-15 15:07:17,235-mp_log-INFO-已审核
2019-04-15 15:07:17,576-mp_log-INFO-已审核
2019-04-15 15:07:18,052-mp_log-INFO-已审核
2019-04-15 15:07:18,110-mp_log-INFO-审核失败
2019-04-15 15:07:18,182-mp_log-INFO-已审核
2019-04-15 15:07:18,375-mp_log-INFO-已审核
2019-04-15 15:07:19,086-mp_log-INFO-已审核
2019-04-15 15:07:19,275-mp_log-INFO-审核失败
2019-04-15 15:07:19,303-mp_log-INFO-已审核
2019-04-15 15:07:19,676-mp_log-INFO-审核失败
2019-04-15 15:07:19,963-mp_log-INFO-已审核
2019-04-15 15:07:20,209-mp_log-INFO-已审核
2019-04-15 15:07:20,850-mp_log-INFO-审核失败
2019-04-15 15:07:20,870-mp_log-INFO-审核失败
2019-04-15 15:07:21,110-mp_log-INFO-已审核
2019-04-15 15:07:21,412-mp_log-INFO-已审核
2019-04-15 15:07:21,771-mp_log-INFO-已审核
2019-04-15 15:07:22,092-mp_log-INFO-已审核
2019-04-15 15:07:22,455-mp_log-INFO-已审核
2019-04-15 15:07:22,738-mp_log-INFO-已审核
2019-04-15 15:07:23,037-mp_log-INFO-已审核
2019-04-15 15:07:24,110-mp_log-INFO-审核失败
2019-04-15 15:07:24,324-mp_log-INFO-已审核
2019-04-15 15:07:24,454-mp_log-INFO-审核失败
2019-04-15 15:07:24,719-mp_log-INFO-审核失败
2019-04-15 15:07:24,966-mp_log-INFO-已审核
2019-04-15 15:07:25,261-mp_log-INFO-已审核
2019-04-15 15:07:25,579-mp_log-INFO-审核失败
2019-04-15 15:07:25,929-mp_log-INFO-审核失败
2019-04-15 15:07:26,259-mp_log-INFO-已审核
2019-04-15 15:07:26,511-mp_log-INFO-已审核
2019-04-15 15:07:26,773-mp_log-INFO-审核失败
2019-04-15 15:07:26,976-mp_log-INFO-已审核
2019-04-15 15:07:27,311-mp_log-INFO-审核失败
2019-04-15 15:07:27,602-mp_log-INFO-审核失败
2019-04-15 15:07:28,511-mp_log-INFO-已审核
2019-04-15 15:07:28,852-mp_log-INFO-已审核
2019-04-15 15:07:28,895-mp_log-INFO-已审核
2019-04-15 15:07:29,094-mp_log-INFO-审核失败
2019-04-15 15:07:29,160-mp_log-INFO-审核失败
2019-04-15 15:07:29,429-mp_log-INFO-审核失败
2019-04-15 15:07:29,662-mp_log-INFO-已审核
2019-04-15 15:07:30,006-mp_log-INFO-已审核
2019-04-15 15:07:30,249-mp_log-INFO-审核失败
2019-04-15 15:07:30,968-mp_log-INFO-审核失败
2019-04-15 15:07:31,296-mp_log-INFO-审核失败
2019-04-15 15:07:31,841-mp_log-INFO-已审核
2019-04-15 15:07:31,906-mp_log-INFO-审核失败
2019-04-15 15:07:32,412-mp_log-INFO-审核失败
2019-04-15 15:07:32,755-mp_log-INFO-审核失败
2019-04-15 15:07:33,098-mp_log-INFO-已审核
2019-04-15 15:07:33,169-mp_log-INFO-审核失败
2019-04-15 15:07:33,281-mp_log-INFO-审核失败
2019-04-15 15:07:33,662-mp_log-INFO-已审核
2019-04-15 15:07:33,973-mp_log-INFO-审核失败
2019-04-15 15:07:34,573-mp_log-INFO-已审核
2019-04-15 15:07:34,703-mp_log-INFO-已审核
2019-04-15 15:07:34,886-mp_log-INFO-审核失败
2019-04-15 15:07:35,462-mp_log-INFO-审核失败
2019-04-15 15:07:35,694-mp_log-INFO-审核失败
2019-04-15 15:07:36,107-mp_log-INFO-已审核
2019-04-15 15:07:36,200-mp_log-INFO-审核失败
2019-04-15 15:07:36,307-mp_log-INFO-审核失败
2019-04-15 15:07:36,822-mp_log-INFO-审核失败
2019-04-15 15:07:36,921-mp_log-INFO-审核失败
2019-04-15 15:07:37,191-mp_log-INFO-审核失败
2019-04-15 15:07:37,786-mp_log-INFO-审核失败
2019-04-15 15:07:37,965-mp_log-INFO-审核失败
2019-04-15 15:07:38,212-mp_log-INFO-已审核
2019-04-15 15:07:38,510-mp_log-INFO-已审核
2019-04-15 15:07:38,762-mp_log-INFO-已审核
2019-04-15 15:07:39,115-mp_log-INFO-审核失败
2019-04-15 15:07:39,292-mp_log-INFO-审核失败
2019-04-15 15:07:39,683-mp_log-INFO-审核失败
2019-04-15 15:07:39,998-mp_log-INFO-审核失败
2019-04-15 15:07:40,400-mp_log-INFO-已审核
2019-04-15 15:07:40,557-mp_log-INFO-审核失败
2019-04-15 15:07:41,273-mp_log-INFO-已审核
2019-04-15 15:07:41,481-mp_log-INFO-已审核
2019-04-15 15:07:41,758-mp_log-INFO-已审核
2019-04-15 15:07:41,873-mp_log-INFO-审核失败
2019-04-15 15:07:42,130-mp_log-INFO-审核失败
2019-04-15 15:07:42,418-mp_log-INFO-已审核
2019-04-15 15:07:42,632-mp_log-INFO-审核失败
2019-04-15 15:07:42,921-mp_log-INFO-已审核
2019-04-15 15:07:43,263-mp_log-INFO-已审核
2019-04-15 15:07:43,564-mp_log-INFO-审核失败
2019-04-15 15:07:43,870-mp_log-INFO-审核失败
2019-04-15 15:07:44,217-mp_log-INFO-审核失败
2019-04-15 15:07:44,758-mp_log-INFO-已审核
2019-04-15 15:07:44,863-mp_log-INFO-已审核
2019-04-15 15:07:45,079-mp_log-INFO-审核失败
2019-04-15 15:07:45,392-mp_log-INFO-审核失败
2019-04-15 15:07:45,657-mp_log-INFO-已审核
2019-04-15 15:07:45,938-mp_log-INFO-已审核
2019-04-15 15:07:46,267-mp_log-INFO-审核失败
2019-04-15 15:07:46,505-mp_log-INFO-审核失败
2019-04-15 15:07:47,334-mp_log-INFO-已审核
2019-04-15 15:07:47,588-mp_log-INFO-审核失败
2019-04-15 15:07:47,808-mp_log-INFO-审核失败
2019-04-15 15:07:48,099-mp_log-INFO-审核失败
2019-04-15 15:07:48,389-mp_log-INFO-已审核
2019-04-15 15:07:48,684-mp_log-INFO-已审核
2019-04-15 15:07:48,969-mp_log-INFO-审核失败
2019-04-15 15:07:49,407-mp_log-INFO-已审核
2019-04-15 15:07:49,585-mp_log-INFO-审核失败
