2019-04-17 14:05:00,128-Getlogin-INFO-登录成功，获取mp端token.....
2019-04-17 14:05:00,128-mp_log-INFO-token获取成功......
2019-04-17 14:05:08,849-mp_log-INFO-获取所有小程序信息成功......
2019-04-17 14:05:10,268-mp_log-INFO-审核中
2019-04-17 14:05:10,487-mp_log-INFO-审核中
2019-04-17 14:05:10,877-mp_log-INFO-审核中
2019-04-17 14:05:11,454-mp_log-INFO-审核中
2019-04-17 14:05:11,984-mp_log-INFO-已审核
2019-04-17 14:05:12,312-mp_log-INFO-审核中
2019-04-17 14:05:12,889-mp_log-INFO-审核中
2019-04-17 14:05:13,186-mp_log-INFO-审核中
2019-04-17 14:05:13,560-mp_log-INFO-审核中
2019-04-17 14:05:13,622-mp_log-INFO-审核中
2019-04-17 14:05:13,903-mp_log-INFO-审核中
2019-04-17 14:05:14,090-mp_log-INFO-审核中
2019-04-17 14:05:14,387-mp_log-INFO-审核中
2019-04-17 14:05:14,777-mp_log-INFO-审核中
2019-04-17 14:05:15,042-mp_log-INFO-审核中
2019-04-17 14:05:15,448-mp_log-INFO-审核中
2019-04-17 14:05:15,682-mp_log-INFO-审核中
2019-04-17 14:05:16,087-mp_log-INFO-审核中
2019-04-17 14:05:16,337-mp_log-INFO-审核中
2019-04-17 14:05:16,586-mp_log-INFO-审核中
2019-04-17 14:05:16,914-mp_log-INFO-审核中
2019-04-17 14:05:17,210-mp_log-INFO-审核中
2019-04-17 14:05:17,522-mp_log-INFO-已审核
2019-04-17 14:05:18,131-mp_log-INFO-已审核
2019-04-17 14:05:18,427-mp_log-INFO-已审核
2019-04-17 14:05:18,880-mp_log-INFO-审核中
2019-04-17 14:05:19,067-mp_log-INFO-已审核
2019-04-17 14:05:19,348-mp_log-INFO-已审核
2019-04-17 14:05:19,738-mp_log-INFO-审核中
2019-04-17 14:05:20,081-mp_log-INFO-审核中
2019-04-17 14:05:20,362-mp_log-INFO-审核中
2019-04-17 14:05:21,064-mp_log-INFO-审核中
2019-04-17 14:05:21,095-mp_log-INFO-审核中
2019-04-17 14:05:21,407-mp_log-INFO-审核中
2019-04-17 14:05:21,828-mp_log-INFO-审核中
2019-04-17 14:05:22,062-mp_log-INFO-审核中
2019-04-17 14:05:22,405-mp_log-INFO-审核中
2019-04-17 14:05:22,514-mp_log-INFO-审核中
2019-04-17 14:05:22,904-mp_log-INFO-已审核
2019-04-17 14:05:23,170-mp_log-INFO-已审核
2019-04-17 14:05:23,622-mp_log-INFO-审核失败
2019-04-17 14:05:23,872-mp_log-INFO-审核中
2019-04-17 14:05:24,106-mp_log-INFO-审核中
2019-04-17 14:05:24,402-mp_log-INFO-审核中
2019-04-17 14:05:24,823-mp_log-INFO-已审核
2019-04-17 14:05:25,198-mp_log-INFO-审核中
2019-04-17 14:05:25,385-mp_log-INFO-审核失败
2019-04-17 14:05:25,744-mp_log-INFO-审核中
2019-04-17 14:05:25,978-mp_log-INFO-审核中
2019-04-17 14:05:26,243-mp_log-INFO-审核中
2019-04-17 14:05:26,774-mp_log-INFO-已审核
2019-04-17 14:05:26,852-mp_log-INFO-审核中
2019-04-17 14:05:27,180-mp_log-INFO-审核中
2019-04-17 14:05:27,539-mp_log-INFO-已审核
2019-04-17 14:05:27,866-mp_log-INFO-已审核
2019-04-17 14:05:28,163-mp_log-INFO-已审核
2019-04-17 14:05:28,428-mp_log-INFO-已审核
2019-04-17 14:05:28,802-mp_log-INFO-已审核
2019-04-17 14:05:29,114-mp_log-INFO-已审核
2019-04-17 14:05:29,395-mp_log-INFO-已审核
2019-04-17 14:05:29,769-mp_log-INFO-审核中
2019-04-17 14:05:30,050-mp_log-INFO-审核中
2019-04-17 14:05:30,378-mp_log-INFO-已审核
2019-04-17 14:05:30,674-mp_log-INFO-审核中
2019-04-17 14:05:30,924-mp_log-INFO-审核中
2019-04-17 14:05:31,454-mp_log-INFO-审核失败
2019-04-17 14:05:31,595-mp_log-INFO-审核中
2019-04-17 14:05:31,813-mp_log-INFO-审核中
2019-04-17 14:05:32,141-mp_log-INFO-审核中
2019-04-17 14:05:32,577-mp_log-INFO-审核中
2019-04-17 14:05:32,749-mp_log-INFO-审核中
2019-04-17 14:05:33,155-mp_log-INFO-审核中
2019-04-17 14:05:33,467-mp_log-INFO-已审核
2019-04-17 14:05:33,763-mp_log-INFO-审核中
2019-04-17 14:05:34,137-mp_log-INFO-审核中
2019-04-17 14:05:34,403-mp_log-INFO-审核中
2019-04-17 14:05:34,574-mp_log-INFO-已审核
2019-04-17 14:05:35,011-mp_log-INFO-审核中
2019-04-17 14:05:35,448-mp_log-INFO-已审核
2019-04-17 14:05:35,853-mp_log-INFO-已审核
2019-04-17 14:05:36,056-mp_log-INFO-审核中
2019-04-17 14:05:36,306-mp_log-INFO-审核中
2019-04-17 14:05:36,555-mp_log-INFO-已审核
2019-04-17 14:05:36,884-mp_log-INFO-审核中
2019-04-17 14:05:37,134-mp_log-INFO-审核中
2019-04-17 14:05:37,461-mp_log-INFO-已审核
2019-04-17 14:05:37,820-mp_log-INFO-审核中
2019-04-17 14:05:38,116-mp_log-INFO-审核中
2019-04-17 14:05:38,413-mp_log-INFO-审核中
2019-04-17 14:05:38,818-mp_log-INFO-审核中
2019-04-17 14:05:39,130-mp_log-INFO-已审核
2019-04-17 14:05:39,458-mp_log-INFO-已审核
2019-04-17 14:05:39,614-mp_log-INFO-审核中
2019-04-17 14:05:39,957-mp_log-INFO-审核中
2019-04-17 14:05:40,269-mp_log-INFO-审核中
2019-04-17 14:05:40,581-mp_log-INFO-审核中
2019-04-17 14:05:40,924-mp_log-INFO-审核中
2019-04-17 14:05:41,377-mp_log-INFO-已审核
2019-04-17 14:05:41,580-mp_log-INFO-审核中
2019-04-17 14:05:41,829-mp_log-INFO-已审核
2019-04-17 14:05:42,204-mp_log-INFO-审核中
2019-04-17 14:05:42,500-mp_log-INFO-审核中
2019-04-17 14:05:42,765-mp_log-INFO-已审核
2019-04-17 14:05:43,186-mp_log-INFO-已审核
2019-04-17 14:05:43,530-mp_log-INFO-审核中
2019-04-17 14:05:43,748-mp_log-INFO-审核中
2019-04-17 14:05:44,013-mp_log-INFO-审核中
2019-04-17 14:05:44,419-mp_log-INFO-审核中
2019-04-17 14:05:44,684-mp_log-INFO-已审核
2019-04-17 14:05:44,980-mp_log-INFO-审核中
2019-04-17 14:05:45,620-mp_log-INFO-审核中
2019-04-17 14:05:46,072-mp_log-INFO-审核中
2019-04-17 14:05:46,260-mp_log-INFO-审核中
2019-04-17 14:05:46,556-mp_log-INFO-审核中
2019-04-17 14:05:46,821-mp_log-INFO-已审核
2019-04-17 14:05:47,227-mp_log-INFO-审核中
2019-04-17 14:05:47,476-mp_log-INFO-审核中
2019-04-17 14:05:47,820-mp_log-INFO-已审核
2019-04-17 14:05:48,132-mp_log-INFO-审核中
2019-04-17 14:05:48,428-mp_log-INFO-已审核
2019-04-17 14:05:48,771-mp_log-INFO-已审核
2019-04-17 14:05:49,099-mp_log-INFO-审核中
2019-04-17 14:05:49,364-mp_log-INFO-审核中
2019-04-17 14:05:49,801-mp_log-INFO-已审核
2019-04-17 14:05:50,050-mp_log-INFO-审核中
2019-04-17 14:05:50,440-mp_log-INFO-审核中
2019-04-17 14:05:50,737-mp_log-INFO-已审核
2019-04-17 14:05:51,002-mp_log-INFO-审核中
2019-04-17 14:05:51,189-mp_log-INFO-已审核
2019-04-17 14:05:51,610-mp_log-INFO-审核中
2019-04-17 14:05:51,844-mp_log-INFO-已审核
2019-04-17 14:05:52,172-mp_log-INFO-已审核
2019-04-17 14:05:52,484-mp_log-INFO-已审核
2019-04-17 14:05:53,202-mp_log-INFO-审核中
2019-04-17 14:05:53,545-mp_log-INFO-已审核
2019-04-17 14:05:53,779-mp_log-INFO-审核中
2019-04-17 14:05:54,075-mp_log-INFO-审核失败
2019-04-17 14:05:54,356-mp_log-INFO-审核中
2019-04-17 14:05:54,652-mp_log-INFO-审核中
2019-04-17 14:05:54,964-mp_log-INFO-已审核
2019-04-17 14:05:55,324-mp_log-INFO-审核中
2019-04-17 14:05:55,699-mp_log-INFO-审核中
2019-04-17 14:05:56,042-mp_log-INFO-已审核
2019-04-17 14:05:56,291-mp_log-INFO-审核中
2019-04-17 14:05:56,557-mp_log-INFO-审核中
2019-04-17 14:05:56,869-mp_log-INFO-审核中
2019-04-17 14:05:57,149-mp_log-INFO-审核中
2019-04-17 14:05:57,415-mp_log-INFO-审核中
2019-04-17 14:05:57,898-mp_log-INFO-已审核
2019-04-17 14:05:58,132-mp_log-INFO-已审核
2019-04-17 14:05:58,444-mp_log-INFO-已审核
2019-04-17 14:05:58,725-mp_log-INFO-审核中
2019-04-17 14:05:59,037-mp_log-INFO-审核中
2019-04-17 14:05:59,380-mp_log-INFO-已审核
2019-04-17 14:05:59,692-mp_log-INFO-已审核
2019-04-17 14:06:00,020-mp_log-INFO-审核中
2019-04-17 14:06:00,566-mp_log-INFO-审核中
2019-04-17 14:06:00,909-mp_log-INFO-审核中
2019-04-17 14:06:01,252-mp_log-INFO-已审核
2019-04-17 14:06:01,486-mp_log-INFO-审核中
2019-04-17 14:06:01,939-mp_log-INFO-审核中
2019-04-17 14:06:02,157-mp_log-INFO-已审核
2019-04-17 14:06:02,469-mp_log-INFO-审核中
2019-04-17 14:06:02,812-mp_log-INFO-已审核
2019-04-17 14:06:03,062-mp_log-INFO-审核中
2019-04-17 14:06:03,483-mp_log-INFO-审核中
2019-04-17 14:06:03,733-mp_log-INFO-已审核
2019-04-17 14:06:04,138-mp_log-INFO-已审核
2019-04-17 14:06:04,341-mp_log-INFO-已审核
2019-04-17 14:06:04,669-mp_log-INFO-审核中
2019-04-17 14:06:04,981-mp_log-INFO-审核中
2019-04-17 14:06:05,277-mp_log-INFO-审核中
2019-04-17 14:06:05,589-mp_log-INFO-审核中
2019-04-17 14:06:05,901-mp_log-INFO-已审核
2019-04-17 14:06:06,229-mp_log-INFO-审核中
2019-04-17 14:06:06,790-mp_log-INFO-审核中
2019-04-17 14:06:07,102-mp_log-INFO-审核中
2019-04-17 14:06:07,133-mp_log-INFO-审核中
2019-04-17 14:06:07,492-mp_log-INFO-审核中
2019-04-17 14:06:07,726-mp_log-INFO-已审核
2019-04-17 14:06:08,085-mp_log-INFO-审核中
2019-04-17 14:06:08,397-mp_log-INFO-已审核
2019-04-17 14:06:08,740-mp_log-INFO-已审核
2019-04-17 14:06:09,052-mp_log-INFO-审核中
2019-04-17 14:06:09,349-mp_log-INFO-审核中
2019-04-17 14:06:09,707-mp_log-INFO-审核中
2019-04-17 14:06:09,988-mp_log-INFO-审核中
2019-04-17 14:06:10,285-mp_log-INFO-审核中
2019-04-17 14:06:10,550-mp_log-INFO-审核中
2019-04-17 14:06:10,831-mp_log-INFO-审核中
2019-04-17 14:06:11,299-mp_log-INFO-已审核
2019-04-17 14:06:11,470-mp_log-INFO-已审核
2019-04-17 14:06:11,845-mp_log-INFO-已审核
2019-04-17 14:06:12,188-mp_log-INFO-审核中
2019-04-17 14:06:12,453-mp_log-INFO-已审核
2019-04-17 14:06:12,749-mp_log-INFO-审核中
2019-04-17 14:06:13,327-mp_log-INFO-已审核
2019-04-17 14:06:13,405-mp_log-INFO-审核中
2019-04-17 14:06:13,654-mp_log-INFO-审核中
2019-04-17 14:06:14,013-mp_log-INFO-审核中
2019-04-17 14:06:14,278-mp_log-INFO-已审核
2019-04-17 14:06:14,637-mp_log-INFO-审核中
2019-04-17 14:06:14,996-mp_log-INFO-已审核
2019-04-17 14:06:15,323-mp_log-INFO-审核中
2019-04-17 14:06:15,604-mp_log-INFO-已审核
2019-04-17 14:06:15,916-mp_log-INFO-已审核
2019-04-17 14:06:16,166-mp_log-INFO-已审核
2019-04-17 14:06:16,493-mp_log-INFO-审核中
2019-04-17 14:06:16,915-mp_log-INFO-审核中
2019-04-17 14:06:17,507-mp_log-INFO-审核中
2019-04-17 14:06:17,773-mp_log-INFO-审核中
2019-04-17 14:06:18,069-mp_log-INFO-审核中
2019-04-17 14:06:18,412-mp_log-INFO-审核中
2019-04-17 14:06:18,724-mp_log-INFO-审核失败
2019-04-17 14:06:19,067-mp_log-INFO-已审核
2019-04-17 14:06:19,270-mp_log-INFO-已审核
2019-04-17 14:06:19,676-mp_log-INFO-已审核
2019-04-17 14:06:20,097-mp_log-INFO-审核中
