2019-04-17 16:33:53,731-Getlogin-INFO-登录成功，获取mp端token.....
2019-04-17 16:33:53,731-mp_log-INFO-token获取成功......
2019-04-17 16:34:02,124-mp_log-INFO-获取所有小程序信息成功......
2019-04-17 16:34:03,403-mp_log-INFO-审核失败
2019-04-17 16:34:03,684-mp_log-INFO-审核失败
2019-04-17 16:34:04,058-mp_log-INFO-审核失败
2019-04-17 16:34:04,620-mp_log-INFO-审核失败
2019-04-17 16:34:05,259-mp_log-INFO-已审核
2019-04-17 16:34:05,540-mp_log-INFO-审核失败
2019-04-17 16:34:05,914-mp_log-INFO-审核失败
2019-04-17 16:34:06,148-mp_log-INFO-审核失败
2019-04-17 16:34:06,570-mp_log-INFO-审核失败
2019-04-17 16:34:06,772-mp_log-INFO-审核失败
2019-04-17 16:34:07,069-mp_log-INFO-审核失败
2019-04-17 16:34:07,428-mp_log-INFO-已审核
2019-04-17 16:34:07,693-mp_log-INFO-已审核
2019-04-17 16:34:08,052-mp_log-INFO-审核失败
2019-04-17 16:34:08,301-mp_log-INFO-审核失败
2019-04-17 16:34:08,598-mp_log-INFO-审核失败
2019-04-17 16:34:08,894-mp_log-INFO-审核失败
2019-04-17 16:34:09,284-mp_log-INFO-审核失败
2019-04-17 16:34:09,580-mp_log-INFO-审核失败
2019-04-17 16:34:09,846-mp_log-INFO-审核失败
2019-04-17 16:34:10,189-mp_log-INFO-审核失败
2019-04-17 16:34:10,563-mp_log-INFO-审核失败
2019-04-17 16:34:10,906-mp_log-INFO-已审核
2019-04-17 16:34:11,452-mp_log-INFO-已审核
2019-04-17 16:34:11,889-mp_log-INFO-已审核
2019-04-17 16:34:12,139-mp_log-INFO-已审核
2019-04-17 16:34:12,404-mp_log-INFO-已审核
2019-04-17 16:34:12,685-mp_log-INFO-已审核
2019-04-17 16:34:13,059-mp_log-INFO-已审核
2019-04-17 16:34:13,512-mp_log-INFO-审核失败
2019-04-17 16:34:13,636-mp_log-INFO-审核失败
2019-04-17 16:34:13,980-mp_log-INFO-审核失败
2019-04-17 16:34:14,252-mp_log-INFO-审核失败
2019-04-17 16:34:14,589-mp_log-INFO-审核失败
2019-04-17 16:34:14,972-mp_log-INFO-审核失败
2019-04-17 16:34:15,247-mp_log-INFO-审核失败
2019-04-17 16:34:15,701-mp_log-INFO-审核失败
2019-04-17 16:34:15,827-mp_log-INFO-审核失败
2019-04-17 16:34:16,128-mp_log-INFO-已审核
2019-04-17 16:34:16,535-mp_log-INFO-已审核
2019-04-17 16:34:16,779-mp_log-INFO-审核失败
2019-04-17 16:34:17,085-mp_log-INFO-审核失败
2019-04-17 16:34:17,364-mp_log-INFO-审核失败
2019-04-17 16:34:17,667-mp_log-INFO-已审核
2019-04-17 16:34:18,185-mp_log-INFO-已审核
2019-04-17 16:34:18,294-mp_log-INFO-审核失败
2019-04-17 16:34:18,543-mp_log-INFO-审核失败
2019-04-17 16:34:18,893-mp_log-INFO-审核失败
2019-04-17 16:34:19,122-mp_log-INFO-审核失败
2019-04-17 16:34:19,544-mp_log-INFO-审核失败
2019-04-17 16:34:19,842-mp_log-INFO-已审核
2019-04-17 16:34:20,331-mp_log-INFO-审核失败
2019-04-17 16:34:20,936-mp_log-INFO-已审核
2019-04-17 16:34:20,969-mp_log-INFO-已审核
2019-04-17 16:34:21,437-mp_log-INFO-已审核
2019-04-17 16:34:21,766-mp_log-INFO-已审核
2019-04-17 16:34:22,202-mp_log-INFO-已审核
2019-04-17 16:34:22,539-mp_log-INFO-已审核
2019-04-17 16:34:22,617-mp_log-INFO-已审核
2019-04-17 16:34:22,680-mp_log-INFO-已审核
2019-04-17 16:34:23,040-mp_log-INFO-审核失败
2019-04-17 16:34:23,192-mp_log-INFO-审核失败
2019-04-17 16:34:23,611-mp_log-INFO-已审核
2019-04-17 16:34:23,864-mp_log-INFO-审核失败
2019-04-17 16:34:24,091-mp_log-INFO-审核失败
2019-04-17 16:34:24,415-mp_log-INFO-审核失败
2019-04-17 16:34:24,753-mp_log-INFO-审核失败
2019-04-17 16:34:24,958-mp_log-INFO-审核失败
2019-04-17 16:34:25,289-mp_log-INFO-审核失败
2019-04-17 16:34:25,561-mp_log-INFO-审核失败
2019-04-17 16:34:25,935-mp_log-INFO-审核失败
2019-04-17 16:34:26,287-mp_log-INFO-审核失败
2019-04-17 16:34:26,564-mp_log-INFO-已审核
2019-04-17 16:34:26,822-mp_log-INFO-审核失败
2019-04-17 16:34:27,139-mp_log-INFO-审核失败
2019-04-17 16:34:27,476-mp_log-INFO-已审核
2019-04-17 16:34:27,743-mp_log-INFO-已审核
2019-04-17 16:34:28,061-mp_log-INFO-审核失败
2019-04-17 16:34:28,346-mp_log-INFO-已审核
2019-04-17 16:34:28,613-mp_log-INFO-已审核
2019-04-17 16:34:29,009-mp_log-INFO-已审核
2019-04-17 16:34:29,379-mp_log-INFO-审核失败
2019-04-17 16:34:29,638-mp_log-INFO-已审核
2019-04-17 16:34:29,950-mp_log-INFO-审核失败
2019-04-17 16:34:30,364-mp_log-INFO-审核失败
2019-04-17 16:34:30,709-mp_log-INFO-已审核
2019-04-17 16:34:30,906-mp_log-INFO-审核失败
2019-04-17 16:34:31,211-mp_log-INFO-审核失败
2019-04-17 16:34:31,552-mp_log-INFO-已审核
2019-04-17 16:34:31,888-mp_log-INFO-审核失败
2019-04-17 16:34:32,094-mp_log-INFO-已审核
2019-04-17 16:34:32,429-mp_log-INFO-已审核
2019-04-17 16:34:32,643-mp_log-INFO-审核失败
2019-04-17 16:34:33,014-mp_log-INFO-审核失败
2019-04-17 16:34:33,389-mp_log-INFO-审核失败
2019-04-17 16:34:33,658-mp_log-INFO-已审核
2019-04-17 16:34:33,960-mp_log-INFO-审核失败
2019-04-17 16:34:34,301-mp_log-INFO-已审核
2019-04-17 16:34:34,619-mp_log-INFO-审核失败
2019-04-17 16:34:34,868-mp_log-INFO-已审核
2019-04-17 16:34:35,180-mp_log-INFO-审核失败
2019-04-17 16:34:35,570-mp_log-INFO-审核失败
2019-04-17 16:34:35,789-mp_log-INFO-已审核
2019-04-17 16:34:36,116-mp_log-INFO-已审核
2019-04-17 16:34:36,506-mp_log-INFO-审核失败
2019-04-17 16:34:36,856-mp_log-INFO-审核失败
2019-04-17 16:34:37,080-mp_log-INFO-审核失败
2019-04-17 16:34:37,441-mp_log-INFO-审核失败
2019-04-17 16:34:37,747-mp_log-INFO-已审核
2019-04-17 16:34:38,018-mp_log-INFO-已审核
2019-04-17 16:34:38,694-mp_log-INFO-审核失败
2019-04-17 16:34:38,941-mp_log-INFO-审核失败
2019-04-17 16:34:39,588-mp_log-INFO-已审核
2019-04-17 16:34:39,856-mp_log-INFO-已审核
2019-04-17 16:34:40,210-mp_log-INFO-已审核
2019-04-17 16:34:40,225-mp_log-INFO-审核失败
2019-04-17 16:34:40,467-mp_log-INFO-审核失败
2019-04-17 16:34:40,783-mp_log-INFO-已审核
2019-04-17 16:34:41,234-mp_log-INFO-审核失败
2019-04-17 16:34:41,358-mp_log-INFO-已审核
2019-04-17 16:34:41,780-mp_log-INFO-已审核
2019-04-17 16:34:41,998-mp_log-INFO-审核失败
2019-04-17 16:34:42,372-mp_log-INFO-审核中
2019-04-17 16:34:42,778-mp_log-INFO-已审核
2019-04-17 16:34:42,965-mp_log-INFO-已审核
2019-04-17 16:34:43,308-mp_log-INFO-已审核
2019-04-17 16:34:43,558-mp_log-INFO-已审核
2019-04-17 16:34:43,932-mp_log-INFO-审核失败
2019-04-17 16:34:44,354-mp_log-INFO-已审核
2019-04-17 16:34:44,416-mp_log-INFO-已审核
2019-04-17 16:34:44,845-mp_log-INFO-已审核
2019-04-17 16:34:45,126-mp_log-INFO-已审核
2019-04-17 16:34:45,382-mp_log-INFO-已审核
2019-04-17 16:34:46,066-mp_log-INFO-审核失败
2019-04-17 16:34:46,463-mp_log-INFO-已审核
2019-04-17 16:34:46,650-mp_log-INFO-审核失败
2019-04-17 16:34:46,999-mp_log-INFO-审核失败
2019-04-17 16:34:47,375-mp_log-INFO-审核失败
2019-04-17 16:34:47,594-mp_log-INFO-已审核
2019-04-17 16:34:47,874-mp_log-INFO-已审核
2019-04-17 16:34:48,233-mp_log-INFO-已审核
2019-04-17 16:34:48,483-mp_log-INFO-已审核
2019-04-17 16:34:48,857-mp_log-INFO-已审核
2019-04-17 16:34:49,247-mp_log-INFO-审核失败
2019-04-17 16:34:49,481-mp_log-INFO-已审核
2019-04-17 16:34:49,762-mp_log-INFO-审核失败
2019-04-17 16:34:50,091-mp_log-INFO-审核失败
2019-04-17 16:34:50,372-mp_log-INFO-审核失败
2019-04-17 16:34:50,768-mp_log-INFO-已审核
2019-04-17 16:34:51,082-mp_log-INFO-已审核
2019-04-17 16:34:51,297-mp_log-INFO-已审核
2019-04-17 16:34:51,659-mp_log-INFO-审核失败
2019-04-17 16:34:51,933-mp_log-INFO-审核失败
2019-04-17 16:34:52,224-mp_log-INFO-已审核
2019-04-17 16:34:52,594-mp_log-INFO-已审核
2019-04-17 16:34:52,899-mp_log-INFO-审核失败
2019-04-17 16:34:53,572-mp_log-INFO-审核失败
2019-04-17 16:34:53,819-mp_log-INFO-审核失败
2019-04-17 16:34:54,134-mp_log-INFO-已审核
2019-04-17 16:34:54,415-mp_log-INFO-审核失败
2019-04-17 16:34:54,820-mp_log-INFO-审核失败
2019-04-17 16:34:55,032-mp_log-INFO-已审核
2019-04-17 16:34:55,395-mp_log-INFO-审核失败
2019-04-17 16:34:55,614-mp_log-INFO-已审核
2019-04-17 16:34:56,015-mp_log-INFO-已审核
2019-04-17 16:34:56,312-mp_log-INFO-审核失败
2019-04-17 16:34:56,564-mp_log-INFO-已审核
2019-04-17 16:34:56,970-mp_log-INFO-已审核
2019-04-17 16:34:57,251-mp_log-INFO-已审核
2019-04-17 16:34:57,516-mp_log-INFO-审核失败
2019-04-17 16:34:57,828-mp_log-INFO-审核失败
2019-04-17 16:34:58,171-mp_log-INFO-审核失败
2019-04-17 16:34:58,436-mp_log-INFO-审核失败
2019-04-17 16:34:58,795-mp_log-INFO-已审核
2019-04-17 16:34:59,029-mp_log-INFO-审核失败
2019-04-17 16:34:59,419-mp_log-INFO-审核失败
2019-04-17 16:34:59,747-mp_log-INFO-审核失败
2019-04-17 16:35:00,074-mp_log-INFO-已审核
2019-04-17 16:35:00,417-mp_log-INFO-审核失败
2019-04-17 16:35:00,651-mp_log-INFO-已审核
2019-04-17 16:35:00,948-mp_log-INFO-已审核
2019-04-17 16:35:01,260-mp_log-INFO-已审核
2019-04-17 16:35:01,587-mp_log-INFO-已审核
2019-04-17 16:35:01,915-mp_log-INFO-审核失败
2019-04-17 16:35:02,165-mp_log-INFO-审核失败
2019-04-17 16:35:02,477-mp_log-INFO-审核失败
2019-04-17 16:35:02,867-mp_log-INFO-已审核
2019-04-17 16:35:03,132-mp_log-INFO-已审核
2019-04-17 16:35:03,444-mp_log-INFO-已审核
2019-04-17 16:35:03,725-mp_log-INFO-审核失败
2019-04-17 16:35:04,099-mp_log-INFO-已审核
2019-04-17 16:35:04,364-mp_log-INFO-已审核
2019-04-17 16:35:04,739-mp_log-INFO-已审核
2019-04-17 16:35:05,051-mp_log-INFO-审核失败
2019-04-17 16:35:05,316-mp_log-INFO-已审核
2019-04-17 16:35:05,659-mp_log-INFO-审核失败
2019-04-17 16:35:05,909-mp_log-INFO-已审核
2019-04-17 16:35:06,361-mp_log-INFO-已审核
2019-04-17 16:35:06,579-mp_log-INFO-已审核
2019-04-17 16:35:06,860-mp_log-INFO-已审核
2019-04-17 16:35:07,203-mp_log-INFO-已审核
2019-04-17 16:35:07,484-mp_log-INFO-已审核
2019-04-17 16:35:07,983-mp_log-INFO-已审核
2019-04-17 16:35:08,202-mp_log-INFO-审核失败
2019-04-17 16:35:08,420-mp_log-INFO-已审核
2019-04-17 16:35:08,779-mp_log-INFO-已审核
2019-04-17 16:35:09,060-mp_log-INFO-已审核
2019-04-17 16:35:09,419-mp_log-INFO-审核失败
2019-04-17 16:35:09,762-mp_log-INFO-审核失败
2019-04-17 16:35:10,292-mp_log-INFO-已审核
2019-04-17 16:35:10,651-mp_log-INFO-审核失败
2019-04-17 16:35:11,010-mp_log-INFO-审核失败
2019-04-17 16:35:11,322-mp_log-INFO-审核失败
2019-04-17 16:35:11,649-mp_log-INFO-审核失败
2019-04-17 16:35:11,946-mp_log-INFO-已审核
2019-04-17 16:35:12,180-mp_log-INFO-已审核
2019-04-17 16:35:12,507-mp_log-INFO-已审核
2019-04-17 16:35:12,804-mp_log-INFO-审核失败
