2019-04-17 14:17:54,140-Getlogin-INFO-登录成功，获取mp端token.....
2019-04-17 14:17:54,140-mp_log-INFO-token获取成功......
2019-04-17 14:18:02,252-mp_log-INFO-获取所有小程序信息成功......
2019-04-17 14:18:03,406-mp_log-INFO-审核中
2019-04-17 14:18:03,749-mp_log-INFO-审核中
2019-04-17 14:18:04,015-mp_log-INFO-审核中
2019-04-17 14:18:04,685-mp_log-INFO-审核中
2019-04-17 14:18:05,325-mp_log-INFO-已审核
2019-04-17 14:18:05,528-mp_log-INFO-审核中
2019-04-17 14:18:05,996-mp_log-INFO-审核中
2019-04-17 14:18:06,183-mp_log-INFO-审核中
2019-04-17 14:18:06,589-mp_log-INFO-审核中
2019-04-17 14:18:06,729-mp_log-INFO-审核失败
2019-04-17 14:18:07,119-mp_log-INFO-审核中
2019-04-17 14:18:07,462-mp_log-INFO-审核中
2019-04-17 14:18:07,759-mp_log-INFO-审核中
2019-04-17 14:18:08,055-mp_log-INFO-审核中
2019-04-17 14:18:08,398-mp_log-INFO-审核中
2019-04-17 14:18:08,663-mp_log-INFO-审核中
2019-04-17 14:18:09,022-mp_log-INFO-审核中
2019-04-17 14:18:09,350-mp_log-INFO-审核中
2019-04-17 14:18:09,724-mp_log-INFO-审核中
2019-04-17 14:18:09,989-mp_log-INFO-审核中
2019-04-17 14:18:10,270-mp_log-INFO-审核中
2019-04-17 14:18:10,645-mp_log-INFO-审核中
2019-04-17 14:18:10,879-mp_log-INFO-已审核
2019-04-17 14:18:11,534-mp_log-INFO-已审核
2019-04-17 14:18:11,908-mp_log-INFO-已审核
2019-04-17 14:18:12,220-mp_log-INFO-审核中
2019-04-17 14:18:12,454-mp_log-INFO-已审核
2019-04-17 14:18:12,735-mp_log-INFO-已审核
2019-04-17 14:18:13,094-mp_log-INFO-审核中
2019-04-17 14:18:13,375-mp_log-INFO-审核中
2019-04-17 14:18:13,687-mp_log-INFO-审核中
2019-04-17 14:18:14,077-mp_log-INFO-审核中
2019-04-17 14:18:14,295-mp_log-INFO-审核中
2019-04-17 14:18:14,623-mp_log-INFO-审核中
2019-04-17 14:18:14,919-mp_log-INFO-审核中
2019-04-17 14:18:15,247-mp_log-INFO-审核中
2019-04-17 14:18:15,543-mp_log-INFO-审核中
2019-04-17 14:18:15,871-mp_log-INFO-审核中
2019-04-17 14:18:16,276-mp_log-INFO-已审核
2019-04-17 14:18:16,495-mp_log-INFO-已审核
2019-04-17 14:18:16,791-mp_log-INFO-审核失败
2019-04-17 14:18:17,103-mp_log-INFO-审核中
2019-04-17 14:18:17,384-mp_log-INFO-审核中
2019-04-17 14:18:17,743-mp_log-INFO-审核中
2019-04-17 14:18:18,101-mp_log-INFO-已审核
2019-04-17 14:18:18,367-mp_log-INFO-审核中
2019-04-17 14:18:18,601-mp_log-INFO-审核失败
2019-04-17 14:18:19,037-mp_log-INFO-审核中
2019-04-17 14:18:19,256-mp_log-INFO-审核中
2019-04-17 14:18:19,599-mp_log-INFO-审核中
2019-04-17 14:18:20,067-mp_log-INFO-已审核
2019-04-17 14:18:20,410-mp_log-INFO-审核中
2019-04-17 14:18:20,785-mp_log-INFO-审核中
2019-04-17 14:18:20,972-mp_log-INFO-已审核
2019-04-17 14:18:21,284-mp_log-INFO-已审核
2019-04-17 14:18:21,518-mp_log-INFO-已审核
2019-04-17 14:18:22,033-mp_log-INFO-已审核
2019-04-17 14:18:22,157-mp_log-INFO-已审核
2019-04-17 14:18:22,329-mp_log-INFO-已审核
2019-04-17 14:18:22,766-mp_log-INFO-已审核
2019-04-17 14:18:23,171-mp_log-INFO-审核中
2019-04-17 14:18:23,374-mp_log-INFO-审核中
2019-04-17 14:18:23,655-mp_log-INFO-已审核
2019-04-17 14:18:24,014-mp_log-INFO-审核中
2019-04-17 14:18:24,326-mp_log-INFO-审核中
2019-04-17 14:18:24,591-mp_log-INFO-审核失败
2019-04-17 14:18:24,825-mp_log-INFO-审核中
2019-04-17 14:18:25,184-mp_log-INFO-审核中
2019-04-17 14:18:25,511-mp_log-INFO-审核中
2019-04-17 14:18:25,777-mp_log-INFO-审核中
2019-04-17 14:18:26,213-mp_log-INFO-审核中
2019-04-17 14:18:26,432-mp_log-INFO-审核中
2019-04-17 14:18:26,853-mp_log-INFO-已审核
2019-04-17 14:18:27,196-mp_log-INFO-审核中
2019-04-17 14:18:27,399-mp_log-INFO-审核中
2019-04-17 14:18:27,711-mp_log-INFO-审核中
2019-04-17 14:18:28,007-mp_log-INFO-已审核
2019-04-17 14:18:28,319-mp_log-INFO-审核中
2019-04-17 14:18:28,709-mp_log-INFO-已审核
2019-04-17 14:18:28,975-mp_log-INFO-已审核
2019-04-17 14:18:29,333-mp_log-INFO-审核中
2019-04-17 14:18:29,723-mp_log-INFO-审核中
2019-04-17 14:18:29,911-mp_log-INFO-已审核
2019-04-17 14:18:30,191-mp_log-INFO-审核中
2019-04-17 14:18:30,659-mp_log-INFO-审核中
2019-04-17 14:18:30,847-mp_log-INFO-已审核
2019-04-17 14:18:31,221-mp_log-INFO-审核中
2019-04-17 14:18:31,486-mp_log-INFO-审核中
2019-04-17 14:18:31,767-mp_log-INFO-审核中
2019-04-17 14:18:32,157-mp_log-INFO-审核中
2019-04-17 14:18:32,469-mp_log-INFO-已审核
2019-04-17 14:18:32,719-mp_log-INFO-已审核
2019-04-17 14:18:33,031-mp_log-INFO-审核中
2019-04-17 14:18:33,343-mp_log-INFO-审核中
2019-04-17 14:18:33,701-mp_log-INFO-审核中
2019-04-17 14:18:34,060-mp_log-INFO-审核中
2019-04-17 14:18:34,263-mp_log-INFO-审核中
2019-04-17 14:18:34,606-mp_log-INFO-已审核
2019-04-17 14:18:34,887-mp_log-INFO-审核中
2019-04-17 14:18:35,230-mp_log-INFO-已审核
2019-04-17 14:18:35,449-mp_log-INFO-审核中
2019-04-17 14:18:35,839-mp_log-INFO-审核中
2019-04-17 14:18:36,182-mp_log-INFO-已审核
2019-04-17 14:18:36,478-mp_log-INFO-已审核
2019-04-17 14:18:36,853-mp_log-INFO-审核中
2019-04-17 14:18:37,149-mp_log-INFO-审核中
2019-04-17 14:18:37,414-mp_log-INFO-审核中
2019-04-17 14:18:37,695-mp_log-INFO-审核中
2019-04-17 14:18:38,023-mp_log-INFO-已审核
2019-04-17 14:18:38,288-mp_log-INFO-审核中
2019-04-17 14:18:39,130-mp_log-INFO-审核中
2019-04-17 14:18:39,302-mp_log-INFO-审核中
2019-04-17 14:18:39,583-mp_log-INFO-审核中
2019-04-17 14:18:39,848-mp_log-INFO-已审核
2019-04-17 14:18:40,238-mp_log-INFO-已审核
2019-04-17 14:18:40,565-mp_log-INFO-审核中
2019-04-17 14:18:40,784-mp_log-INFO-审核中
2019-04-17 14:18:41,143-mp_log-INFO-已审核
2019-04-17 14:18:41,470-mp_log-INFO-审核中
2019-04-17 14:18:41,704-mp_log-INFO-已审核
2019-04-17 14:18:42,063-mp_log-INFO-已审核
2019-04-17 14:18:42,391-mp_log-INFO-审核中
2019-04-17 14:18:42,671-mp_log-INFO-审核中
2019-04-17 14:18:42,999-mp_log-INFO-已审核
2019-04-17 14:18:43,358-mp_log-INFO-审核中
2019-04-17 14:18:43,623-mp_log-INFO-审核中
2019-04-17 14:18:43,857-mp_log-INFO-已审核
2019-04-17 14:18:44,247-mp_log-INFO-审核中
2019-04-17 14:18:44,621-mp_log-INFO-已审核
2019-04-17 14:18:44,824-mp_log-INFO-审核中
2019-04-17 14:18:45,152-mp_log-INFO-已审核
2019-04-17 14:18:45,417-mp_log-INFO-已审核
2019-04-17 14:18:45,729-mp_log-INFO-已审核
2019-04-17 14:18:46,415-mp_log-INFO-审核中
2019-04-17 14:18:46,727-mp_log-INFO-已审核
2019-04-17 14:18:47,117-mp_log-INFO-审核中
2019-04-17 14:18:47,336-mp_log-INFO-审核失败
2019-04-17 14:18:47,726-mp_log-INFO-审核中
2019-04-17 14:18:47,913-mp_log-INFO-审核中
2019-04-17 14:18:48,319-mp_log-INFO-已审核
2019-04-17 14:18:48,599-mp_log-INFO-审核中
2019-04-17 14:18:48,927-mp_log-INFO-审核中
2019-04-17 14:18:49,286-mp_log-INFO-已审核
2019-04-17 14:18:49,535-mp_log-INFO-审核中
2019-04-17 14:18:49,832-mp_log-INFO-审核中
2019-04-17 14:18:50,191-mp_log-INFO-审核中
2019-04-17 14:18:50,518-mp_log-INFO-审核中
2019-04-17 14:18:50,877-mp_log-INFO-审核中
2019-04-17 14:18:51,189-mp_log-INFO-已审核
2019-04-17 14:18:51,485-mp_log-INFO-已审核
2019-04-17 14:18:51,735-mp_log-INFO-已审核
2019-04-17 14:18:52,094-mp_log-INFO-审核中
2019-04-17 14:18:52,406-mp_log-INFO-审核中
2019-04-17 14:18:52,655-mp_log-INFO-已审核
2019-04-17 14:18:52,967-mp_log-INFO-已审核
2019-04-17 14:18:53,357-mp_log-INFO-审核中
2019-04-17 14:18:53,981-mp_log-INFO-审核中
2019-04-17 14:18:54,184-mp_log-INFO-审核中
2019-04-17 14:18:54,559-mp_log-INFO-已审核
2019-04-17 14:18:54,886-mp_log-INFO-审核中
2019-04-17 14:18:55,183-mp_log-INFO-审核中
2019-04-17 14:18:55,510-mp_log-INFO-已审核
2019-04-17 14:18:55,791-mp_log-INFO-审核中
2019-04-17 14:18:56,119-mp_log-INFO-已审核
2019-04-17 14:18:56,399-mp_log-INFO-审核中
2019-04-17 14:18:56,727-mp_log-INFO-审核中
2019-04-17 14:18:57,117-mp_log-INFO-已审核
2019-04-17 14:18:57,367-mp_log-INFO-已审核
2019-04-17 14:18:57,647-mp_log-INFO-已审核
2019-04-17 14:18:58,100-mp_log-INFO-审核中
2019-04-17 14:18:58,271-mp_log-INFO-审核中
2019-04-17 14:18:58,677-mp_log-INFO-审核中
2019-04-17 14:18:58,864-mp_log-INFO-审核中
2019-04-17 14:18:59,254-mp_log-INFO-已审核
2019-04-17 14:18:59,488-mp_log-INFO-审核中
2019-04-17 14:18:59,894-mp_log-INFO-审核中
2019-04-17 14:19:00,175-mp_log-INFO-审核中
2019-04-17 14:19:00,471-mp_log-INFO-审核中
2019-04-17 14:19:00,752-mp_log-INFO-审核中
2019-04-17 14:19:01,079-mp_log-INFO-已审核
2019-04-17 14:19:01,438-mp_log-INFO-审核中
2019-04-17 14:19:01,750-mp_log-INFO-已审核
2019-04-17 14:19:02,000-mp_log-INFO-已审核
2019-04-17 14:19:02,343-mp_log-INFO-审核中
2019-04-17 14:19:02,655-mp_log-INFO-审核中
2019-04-17 14:19:02,951-mp_log-INFO-审核中
2019-04-17 14:19:03,310-mp_log-INFO-审核中
2019-04-17 14:19:03,560-mp_log-INFO-审核中
2019-04-17 14:19:03,856-mp_log-INFO-审核中
2019-04-17 14:19:04,262-mp_log-INFO-审核中
2019-04-17 14:19:04,855-mp_log-INFO-已审核
2019-04-17 14:19:04,870-mp_log-INFO-已审核
2019-04-17 14:19:05,167-mp_log-INFO-已审核
2019-04-17 14:19:05,416-mp_log-INFO-审核中
2019-04-17 14:19:05,822-mp_log-INFO-已审核
2019-04-17 14:19:06,025-mp_log-INFO-审核中
2019-04-17 14:19:06,383-mp_log-INFO-已审核
2019-04-17 14:19:06,727-mp_log-INFO-审核中
2019-04-17 14:19:07,023-mp_log-INFO-审核中
2019-04-17 14:19:07,319-mp_log-INFO-审核中
2019-04-17 14:19:07,663-mp_log-INFO-已审核
2019-04-17 14:19:07,928-mp_log-INFO-审核中
2019-04-17 14:19:08,255-mp_log-INFO-已审核
2019-04-17 14:19:08,739-mp_log-INFO-审核中
2019-04-17 14:19:08,973-mp_log-INFO-已审核
2019-04-17 14:19:09,207-mp_log-INFO-已审核
2019-04-17 14:19:09,503-mp_log-INFO-已审核
2019-04-17 14:19:09,847-mp_log-INFO-审核中
2019-04-17 14:19:10,174-mp_log-INFO-审核中
2019-04-17 14:19:10,798-mp_log-INFO-审核中
2019-04-17 14:19:11,079-mp_log-INFO-审核中
2019-04-17 14:19:11,438-mp_log-INFO-审核中
2019-04-17 14:19:11,781-mp_log-INFO-审核中
2019-04-17 14:19:12,031-mp_log-INFO-审核失败
2019-04-17 14:19:12,311-mp_log-INFO-已审核
2019-04-17 14:19:12,639-mp_log-INFO-已审核
2019-04-17 14:19:12,982-mp_log-INFO-已审核
2019-04-17 14:19:13,232-mp_log-INFO-审核中
