2019-04-16 01:37:03,346-Getlogin-INFO-登录成功，获取mp端token.....
2019-04-16 01:37:03,350-mp_log-INFO-token获取成功......
2019-04-16 01:37:13,461-mp_log-INFO-获取所有小程序信息成功......
2019-04-16 01:37:16,444-mp_log-INFO-环亚美容提交成功
2019-04-16 01:37:17,011-mp_log-ERROR-sdfdsfdsf提交失败
2019-04-16 01:37:17,306-mp_log-INFO-诺研皮肤管理提交成功
2019-04-16 01:37:17,709-mp_log-INFO-芳妍美容提交成功
2019-04-16 01:37:18,173-mp_log-INFO-绿苑女子提交成功
2019-04-16 01:37:19,042-mp_log-INFO-伊之花美容提交成功
2019-04-16 01:37:19,564-mp_log-INFO-七号驻颜提交成功
2019-04-16 01:37:20,184-mp_log-INFO-曼奇莎提交成功
2019-04-16 01:37:20,704-mp_log-INFO-诗美逸提交成功
2019-04-16 01:37:21,437-mp_log-INFO-颐和美容提交成功
2019-04-16 01:37:21,708-mp_log-INFO-赫阁尔提交成功
2019-04-16 01:37:21,902-mp_log-ERROR-漂亮宝贝提交失败
2019-04-16 01:37:22,262-mp_log-INFO-草木缘提交成功
2019-04-16 01:37:23,017-mp_log-INFO-梦颜科美提交成功
2019-04-16 01:37:23,693-mp_log-INFO-都市点点提交成功
2019-04-16 01:37:24,284-mp_log-INFO-来了美佳澜店提交成功
2019-04-16 01:37:25,121-mp_log-INFO-木子美甲美睫提交成功
2019-04-16 01:37:25,360-mp_log-INFO-润妃国际提交成功
2019-04-16 01:37:25,665-mp_log-INFO-灵动提交成功
2019-04-16 01:37:26,098-mp_log-INFO-康丽皇家提交成功
2019-04-16 01:37:26,847-mp_log-INFO-美丽驿站提交成功
2019-04-16 01:37:27,031-mp_log-ERROR-市场演示专用提交失败
2019-04-16 01:37:27,245-mp_log-INFO-美美答伊丽莎提交成功
2019-04-16 01:37:27,597-mp_log-INFO-匠美JMBEAUTY提交成功
2019-04-16 01:37:28,118-mp_log-INFO-HB美尚荟提交成功
2019-04-16 01:37:29,238-mp_log-INFO-Youngface提交成功
2019-04-16 01:37:29,602-mp_log-INFO-爱睿熙国际提交成功
2019-04-16 01:37:30,108-mp_log-INFO-当今悦美提交成功
2019-04-16 01:37:30,701-mp_log-INFO-谦和国际提交成功
2019-04-16 01:37:31,161-mp_log-INFO-米蝶·快美吧提交成功
2019-04-16 01:37:31,736-mp_log-INFO-iBEATA贝娅塔提交成功
2019-04-16 01:37:32,190-mp_log-INFO-菲常美提交成功
2019-04-16 01:37:32,628-mp_log-INFO-当代经典提交成功
2019-04-16 01:37:33,240-mp_log-INFO-东方丽人提交成功
2019-04-16 01:37:33,792-mp_log-INFO-盛士兰提交成功
2019-04-16 01:37:34,290-mp_log-INFO-玫瑰坊提交成功
2019-04-16 01:37:34,626-mp_log-INFO-悠兰lyj提交成功
2019-04-16 01:37:35,146-mp_log-INFO-芊思雅莎莎提交成功
2019-04-16 01:37:35,658-mp_log-INFO-来就健康提交成功
2019-04-16 01:37:35,776-mp_log-ERROR-美人记Beauty提交失败
2019-04-16 01:37:36,190-mp_log-INFO-恒美世纪提交成功
2019-04-16 01:37:37,263-mp_log-INFO-珺彩秀提交成功
2019-04-16 01:37:37,622-mp_log-INFO-菲梵经典提交成功
2019-04-16 01:37:38,262-mp_log-INFO-悦芳泉SPA提交成功
2019-04-16 01:37:38,919-mp_log-INFO-爱美丽提交成功
2019-04-16 01:37:39,101-mp_log-INFO-漂亮如你提交成功
2019-04-16 01:37:39,620-mp_log-INFO-广西宝宝爱提交成功
2019-04-16 01:37:40,184-mp_log-INFO-虞诗蔓提交成功
2019-04-16 01:37:40,615-mp_log-INFO-D5 season提交成功
2019-04-16 01:37:41,078-mp_log-INFO-唯艳美提交成功
2019-04-16 01:37:41,703-mp_log-INFO-吉美妍丽提交成功
2019-04-16 01:37:42,097-mp_log-INFO-雪依氏提交成功
2019-04-16 01:37:42,618-mp_log-INFO-书白美企提交成功
2019-04-16 01:37:43,249-mp_log-INFO-美约会提交成功
2019-04-16 01:37:43,727-mp_log-INFO-霭伦恩美提交成功
2019-04-16 01:37:44,293-mp_log-INFO-来美吧提交成功
2019-04-16 01:37:44,668-mp_log-INFO-伊美朗提交成功
2019-04-16 01:37:45,691-mp_log-INFO-佳婳天美提交成功
2019-04-16 01:37:46,063-mp_log-INFO-美美一生提交成功
2019-04-16 01:37:46,171-mp_log-INFO-兴美源提交成功
2019-04-16 01:37:46,709-mp_log-INFO-优年轻提交成功
2019-04-16 01:37:47,538-mp_log-INFO-易康国际提交成功
2019-04-16 01:37:47,640-mp_log-INFO-美美昭妍提交成功
2019-04-16 01:37:48,205-mp_log-INFO-佐登妮丝提交成功
2019-04-16 01:37:48,575-mp_log-INFO-阿星国际提交成功
2019-04-16 01:37:49,552-mp_log-INFO-娇阑美颜提交成功
2019-04-16 01:37:49,871-mp_log-INFO-爱女士提交成功
2019-04-16 01:37:50,322-mp_log-INFO-PS智能美肤提交成功
2019-04-16 01:37:50,667-mp_log-INFO-艾妍整形提交成功
2019-04-16 01:37:51,283-mp_log-INFO-珍珍美容会所提交成功
2019-04-16 01:37:51,516-mp_log-INFO-姿曼美容spa提交成功
2019-04-16 01:37:52,575-mp_log-INFO-百合春天提交成功
2019-04-16 01:37:53,120-mp_log-INFO-梅兰丽人提交成功
2019-04-16 01:37:53,133-mp_log-INFO-巴黎情缘提交成功
2019-04-16 01:37:53,695-mp_log-INFO-美由心生提交成功
2019-04-16 01:37:54,216-mp_log-INFO-燕燕尊尚美容提交成功
2019-04-16 01:37:54,829-mp_log-INFO-雅致璇肌提交成功
2019-04-16 01:37:55,392-mp_log-INFO-诗露丽涵提交成功
2019-04-16 01:37:56,130-mp_log-INFO-东方仕典提交成功
2019-04-16 01:37:56,391-mp_log-ERROR-GOGO宝迪提交失败
2019-04-16 01:37:56,543-mp_log-INFO-蓝蒂蔻提交成功
2019-04-16 01:37:56,808-mp_log-INFO-韩流美甲提交成功
2019-04-16 01:37:57,722-mp_log-INFO-月瘦月美提交成功
2019-04-16 01:37:58,086-mp_log-INFO-启程金典美业提交成功
2019-04-16 01:37:59,075-mp_log-INFO-精工皇族提交成功
2019-04-16 01:37:59,639-mp_log-INFO-明剪一秀提交成功
2019-04-16 01:37:59,694-mp_log-INFO-年轻我可以提交成功
2019-04-16 01:38:00,336-mp_log-INFO-丝客富提交成功
2019-04-16 01:38:00,544-mp_log-INFO-DuDuBeauty提交成功
2019-04-16 01:38:01,216-mp_log-INFO-琉璃水城提交成功
2019-04-16 01:38:01,633-mp_log-INFO-栢草源提交成功
2019-04-16 01:38:02,235-mp_log-INFO-杭州东方整形提交成功
2019-04-16 01:38:02,597-mp_log-INFO-ONI速美提交成功
2019-04-16 01:38:03,346-mp_log-INFO-YAN健康•美+提交成功
2019-04-16 01:38:03,754-mp_log-INFO-MMbeauty提交成功
2019-04-16 01:38:04,319-mp_log-INFO-美共享提交成功
2019-04-16 01:38:04,741-mp_log-INFO-靓佳人提交成功
2019-04-16 01:38:05,423-mp_log-INFO-ME智慧美店提交成功
2019-04-16 01:38:05,699-mp_log-INFO-二院美丽之约提交成功
2019-04-16 01:38:06,289-mp_log-INFO-紫舟美业提交成功
2019-04-16 01:38:06,529-mp_log-INFO-南洋beauty提交成功
2019-04-16 01:38:07,289-mp_log-INFO-阿芙洛蒂提交成功
2019-04-16 01:38:07,644-mp_log-INFO-来了美标榜店提交成功
2019-04-16 01:38:08,208-mp_log-INFO-美德福提交成功
2019-04-16 01:38:08,737-mp_log-INFO-岳灵生发提交成功
2019-04-16 01:38:09,235-mp_log-INFO-美姿源提交成功
2019-04-16 01:38:09,724-mp_log-INFO-维多丽雅提交成功
2019-04-16 01:38:10,302-mp_log-INFO-雅典娜提交成功
2019-04-16 01:38:10,735-mp_log-INFO-杭州桐雅提交成功
2019-04-16 01:38:11,109-mp_log-ERROR-光速美提交失败
2019-04-16 01:38:11,203-mp_log-INFO-妃香伊丹提交成功
2019-04-16 01:38:11,361-mp_log-ERROR-祐美祐康提交失败
2019-04-16 01:38:11,684-mp_log-INFO-王海棠养生馆提交成功
2019-04-16 01:38:13,159-mp_log-INFO-张氏纳然姬朵提交成功
2019-04-16 01:38:13,790-mp_log-INFO-魅力华健提交成功
2019-04-16 01:38:14,442-mp_log-INFO-圣水伊人提交成功
2019-04-16 01:38:14,603-mp_log-INFO-窈窕淑女提交成功
2019-04-16 01:38:15,159-mp_log-INFO-绮莉尔智能美提交成功
2019-04-16 01:38:15,741-mp_log-INFO-香密雅CIMIA提交成功
2019-04-16 01:38:16,184-mp_log-INFO-妍雅媛提交成功
2019-04-16 01:38:16,566-mp_log-INFO-来了美提交成功
2019-04-16 01:38:16,890-mp_log-ERROR-轻医美提交失败
2019-04-16 01:38:17,177-mp_log-INFO-云SPA提交成功
2019-04-16 01:38:18,146-mp_log-INFO-世纪春天提交成功
2019-04-16 01:38:18,768-mp_log-INFO-贵妇人提交成功
2019-04-16 01:38:19,142-mp_log-INFO-BabyBeauty提交成功
2019-04-16 01:38:19,906-mp_log-INFO-亿兴美邦提交成功
2019-04-16 01:38:20,680-mp_log-INFO-奇遇提交成功
2019-04-16 01:38:20,830-mp_log-INFO-来了美韩尚恩提交成功
2019-04-16 01:38:21,169-mp_log-INFO-纤指百媚提交成功
2019-04-16 01:38:21,889-mp_log-INFO-美之颜提交成功
2019-04-16 01:38:22,248-mp_log-INFO-贝琳菲美业提交成功
2019-04-16 01:38:22,752-mp_log-INFO-郦芙蓉beauty提交成功
2019-04-16 01:38:22,984-mp_log-ERROR-服务商账号提交失败
2019-04-16 01:38:23,299-mp_log-INFO-指妃提交成功
2019-04-16 01:38:24,233-mp_log-INFO-羽梦蝶提交成功
2019-04-16 01:38:25,349-mp_log-INFO-香住SPA提交成功
2019-04-16 01:38:25,505-mp_log-INFO-狮子卫士提交成功
2019-04-16 01:38:25,526-mp_log-ERROR-黄氏百佳提交失败
2019-04-16 01:38:25,815-mp_log-INFO-佰味女人提交成功
2019-04-16 01:38:26,861-mp_log-INFO-创美雅香莱提交成功
2019-04-16 01:38:26,988-mp_log-ERROR-涣美医疗提交失败
2019-04-16 01:38:27,044-mp_log-INFO-艾面一族 提交成功
2019-04-16 01:38:28,352-mp_log-INFO-植美SPA提交成功
2019-04-16 01:38:28,762-mp_log-INFO-曼姿提交成功
2019-04-16 01:38:29,226-mp_log-INFO-圣婕美甲美睫提交成功
2019-04-16 01:38:29,783-mp_log-INFO-美丽九九提交成功
2019-04-16 01:38:30,383-mp_log-INFO-南国西子提交成功
2019-04-16 01:38:30,796-mp_log-INFO-百分国际美容提交成功
2019-04-16 01:38:31,235-mp_log-INFO-千颂伊美学中心提交成功
2019-04-16 01:38:31,762-mp_log-INFO-艾尚美美哒提交成功
2019-04-16 01:38:32,329-mp_log-INFO-玉颜堂提交成功
2019-04-16 01:38:32,799-mp_log-INFO-金美源提交成功
2019-04-16 01:38:33,365-mp_log-INFO-爱玛仕嘉提交成功
2019-04-16 01:38:33,783-mp_log-INFO-智能科技美店提交成功
2019-04-16 01:38:34,311-mp_log-INFO-欧妮薇提交成功
2019-04-16 01:38:34,638-mp_log-INFO-成都净美天使提交成功
2019-04-16 01:38:34,994-mp_log-ERROR-引导美体验店提交失败
2019-04-16 01:38:35,259-mp_log-INFO-美姿来就美提交成功
2019-04-16 01:38:35,673-mp_log-INFO-IVY艾菲芭提交成功
2019-04-16 01:38:36,892-mp_log-INFO-来了美雲会所提交成功
2019-04-16 01:38:37,179-mp_log-INFO-SoBeauty提交成功
2019-04-16 01:38:37,746-mp_log-INFO-蒙妮莎新美容提交成功
2019-04-16 01:38:38,581-mp_log-INFO-筋生美提交成功
2019-04-16 01:38:38,735-mp_log-INFO-来了美美吧提交成功
2019-04-16 01:38:39,189-mp_log-INFO-金柏丽提交成功
2019-04-16 01:38:39,778-mp_log-INFO-长江九号提交成功
2019-04-16 01:38:40,309-mp_log-INFO-优文专业脱毛提交成功
2019-04-16 01:38:40,667-mp_log-INFO-天使国际提交成功
2019-04-16 01:38:41,737-mp_log-INFO-如生堂提交成功
2019-04-16 01:38:41,778-mp_log-INFO-梦田芳香Spa提交成功
2019-04-16 01:38:42,489-mp_log-INFO-贝施纤体提交成功
2019-04-16 01:38:42,791-mp_log-INFO-色彩纯姬提交成功
2019-04-16 01:38:43,249-mp_log-INFO-红妆倾城提交成功
2019-04-16 01:38:43,785-mp_log-INFO-丹阳圣莉斯歌提交成功
2019-04-16 01:38:44,310-mp_log-INFO-金贵人Beauty提交成功
2019-04-16 01:38:44,974-mp_log-INFO-芯语芳心提交成功
2019-04-16 01:38:45,327-mp_log-INFO-广西快来美提交成功
2019-04-16 01:38:45,881-mp_log-INFO-还原美提交成功
2019-04-16 01:38:46,372-mp_log-INFO-延颜美容提交成功
2019-04-16 01:38:46,809-mp_log-INFO-缘临医疗美容提交成功
2019-04-16 01:38:47,191-mp_log-INFO-梦圆皇宫提交成功
2019-04-16 01:38:47,790-mp_log-INFO-美了就来提交成功
2019-04-16 01:38:48,020-mp_log-ERROR-董萍智慧美店提交失败
2019-04-16 01:38:48,167-mp_log-INFO-恩雅提交成功
2019-04-16 01:38:49,309-mp_log-INFO-俏丽屋提交成功
2019-04-16 01:38:49,715-mp_log-INFO-YoungDream提交成功
2019-04-16 01:38:50,434-mp_log-INFO-DR美研博士提交成功
2019-04-16 01:38:50,807-mp_log-INFO-女秀才提交成功
2019-04-16 01:38:51,287-mp_log-INFO-東美人儿提交成功
2019-04-16 01:38:51,841-mp_log-INFO-承昱医疗提交成功
2019-04-16 01:38:52,238-mp_log-INFO-斓悦庭提交成功
2019-04-16 01:38:52,795-mp_log-INFO-美迩美提交成功
2019-04-16 01:38:53,393-mp_log-INFO-唯美童妍提交成功
2019-04-16 01:38:53,764-mp_log-INFO-BV美聚提交成功
2019-04-16 01:38:54,359-mp_log-INFO-健丽宝美容提交成功
2019-04-16 01:38:54,628-mp_log-INFO-掌上美管家A提交成功
2019-04-16 01:38:55,222-mp_log-INFO-博妍集美提交成功
2019-04-16 01:38:55,971-mp_log-INFO-荷塘韵色提交成功
2019-04-16 01:38:56,189-mp_log-INFO-雅涛世家提交成功
2019-04-16 01:38:56,606-mp_log-ERROR-呈悦医疗提交失败
2019-04-16 01:38:56,806-mp_log-INFO-双妹美容提交成功
2019-04-16 01:38:57,782-mp_log-INFO-来了美千丝美提交成功
2019-04-16 01:38:58,218-mp_log-INFO-世纪之春提交成功
2019-04-16 01:38:58,806-mp_log-INFO-女主角美容提交成功
2019-04-16 01:38:59,246-mp_log-ERROR-弘粹堂提交失败
2019-04-16 01:38:59,421-mp_log-INFO-来了就体验店提交成功
2019-04-16 01:39:00,225-mp_log-INFO-环球美容提交成功
2019-04-16 01:39:00,917-mp_log-INFO-乐聚提交成功
2019-04-16 01:39:01,364-mp_log-INFO-诗芙侬提交成功
2019-04-16 01:39:01,775-mp_log-INFO-雅梵GOGO提交成功
2019-04-16 01:39:02,044-mp_log-ERROR-灰姑娘美业提交失败
2019-04-16 01:39:02,413-mp_log-INFO-沧州美美达提交成功
2019-04-16 01:39:02,839-mp_log-INFO-妮娜国际提交成功
2019-04-16 01:39:03,872-mp_log-INFO-赢美肌提交成功
2019-04-16 01:39:04,273-mp_log-INFO-馨境堂提交成功
2019-04-16 01:39:04,958-mp_log-INFO-良沐健康管理提交成功
2019-04-16 01:39:05,447-mp_log-INFO-果蔬美容提交成功
2019-04-16 01:39:05,794-mp_log-INFO-贝兰思提交成功
2019-04-16 01:39:06,377-mp_log-INFO-东方秀丽提交成功
2019-04-16 01:39:06,780-mp_log-INFO-缔罗嘉佳提交成功
2019-04-16 01:39:07,233-mp_log-INFO-文轩专业美容提交成功
2019-04-16 01:39:07,765-mp_log-INFO-欧丽薇提交成功
