2019-04-16 00:49:37,121-Getlogin-INFO-登录成功，获取mp端token.....
2019-04-16 00:49:37,123-mp_log-INFO-token获取成功......
2019-04-16 00:49:45,852-mp_log-INFO-获取所有小程序信息成功......
2019-04-16 00:49:46,435-mp_log-INFO-获取最新模板信息成功.......
2019-04-16 00:49:46,581-mp_log-INFO-获取所有小程序信息成功......
2019-04-16 00:49:48,665-mp_log-ERROR-gobeauty操作失败,失败原因{'status': 500, 'msg': '此管理中心未授权开放平台'}
2019-04-16 00:49:48,903-mp_log-INFO-环亚美容模板操作成功,模板名称商家正式版_V1.4.1_0415_2254
2019-04-16 00:49:49,358-mp_log-INFO-诺研皮肤管理模板操作成功,模板名称商家正式版_V1.4.1_0415_2254
2019-04-16 00:49:49,651-mp_log-ERROR-sdfdsfdsf操作失败,失败原因{'status': 500, 'msg': '此管理中心未授权开放平台'}
2019-04-16 00:49:49,783-mp_log-INFO-芳妍美容模板操作成功,模板名称商家正式版_V1.4.1_0415_2254
2019-04-16 00:49:50,791-mp_log-INFO-绿苑女子模板操作成功,模板名称商家正式版_V1.4.1_0415_2254
2019-04-16 00:49:51,828-mp_log-INFO-伊之花美容模板操作成功,模板名称商家正式版_V1.4.1_0415_2254
2019-04-16 00:49:52,225-mp_log-INFO-七号驻颜模板操作成功,模板名称商家正式版_V1.4.1_0415_2254
2019-04-16 00:49:52,797-mp_log-INFO-曼奇莎模板操作成功,模板名称商家正式版_V1.4.1_0415_2254
2019-04-16 00:49:53,384-mp_log-INFO-诗美逸模板操作成功,模板名称商家正式版_V1.4.1_0415_2254
2019-04-16 00:49:53,853-mp_log-INFO-颐和美容模板操作成功,模板名称商家正式版_V1.4.1_0415_2254
2019-04-16 00:49:54,258-mp_log-INFO-赫阁尔模板操作成功,模板名称商家正式版_V1.4.1_0415_2254
2019-04-16 00:49:54,859-mp_log-INFO-草木缘模板操作成功,模板名称商家正式版_V1.4.1_0415_2254
2019-04-16 00:49:55,357-mp_log-INFO-漂亮宝贝模板操作成功,模板名称商家正式版_V1.4.1_0415_2254
2019-04-16 00:49:55,715-mp_log-INFO-梦颜科美模板操作成功,模板名称商家正式版_V1.4.1_0415_2254
2019-04-16 00:49:56,196-mp_log-INFO-都市点点模板操作成功,模板名称商家正式版_V1.4.1_0415_2254
2019-04-16 00:49:56,746-mp_log-INFO-来了美佳澜店模板操作成功,模板名称商家正式版_V1.4.1_0415_2254
2019-04-16 00:49:57,192-mp_log-INFO-木子美甲美睫模板操作成功,模板名称商家正式版_V1.4.1_0415_2254
2019-04-16 00:49:57,814-mp_log-INFO-润妃国际模板操作成功,模板名称商家正式版_V1.4.1_0415_2254
2019-04-16 00:49:58,078-mp_log-INFO-灵动模板操作成功,模板名称商家正式版_V1.4.1_0415_2254
2019-04-16 00:49:58,771-mp_log-INFO-康丽皇家模板操作成功,模板名称商家正式版_V1.4.1_0415_2254
2019-04-16 00:49:59,253-mp_log-INFO-美丽驿站模板操作成功,模板名称商家正式版_V1.4.1_0415_2254
2019-04-16 00:49:59,699-mp_log-ERROR-市场演示专用操作失败,失败原因{'status': 500, 'msg': '此管理中心未授权开放平台'}
2019-04-16 00:50:00,329-mp_log-INFO-匠美JMBEAUTY模板操作成功,模板名称商家正式版_V1.4.1_0415_2254
2019-04-16 00:50:00,767-mp_log-INFO-HB美尚荟模板操作成功,模板名称商家正式版_V1.4.1_0415_2254
2019-04-16 00:50:01,159-mp_log-INFO-美美答伊丽莎模板操作成功,模板名称商家正式版_V1.4.1_0415_2254
2019-04-16 00:50:02,094-mp_log-INFO-Youngface模板操作成功,模板名称商家正式版_V1.4.1_0415_2254
2019-04-16 00:50:02,389-mp_log-INFO-爱睿熙国际模板操作成功,模板名称商家正式版_V1.4.1_0415_2254
2019-04-16 00:50:02,678-mp_log-INFO-当今悦美模板操作成功,模板名称商家正式版_V1.4.1_0415_2254
2019-04-16 00:50:03,309-mp_log-INFO-谦和国际模板操作成功,模板名称商家正式版_V1.4.1_0415_2254
2019-04-16 00:50:03,679-mp_log-INFO-米蝶·快美吧模板操作成功,模板名称商家正式版_V1.4.1_0415_2254
2019-04-16 00:50:04,217-mp_log-INFO-iBEATA贝娅塔模板操作成功,模板名称商家正式版_V1.4.1_0415_2254
2019-04-16 00:50:04,787-mp_log-INFO-菲常美模板操作成功,模板名称商家正式版_V1.4.1_0415_2254
2019-04-16 00:50:05,225-mp_log-INFO-当代经典模板操作成功,模板名称商家正式版_V1.4.1_0415_2254
2019-04-16 00:50:05,918-mp_log-INFO-东方丽人模板操作成功,模板名称商家正式版_V1.4.1_0415_2254
2019-04-16 00:50:06,448-mp_log-INFO-盛士兰模板操作成功,模板名称商家正式版_V1.4.1_0415_2254
2019-04-16 00:50:06,711-mp_log-INFO-玫瑰坊模板操作成功,模板名称商家正式版_V1.4.1_0415_2254
2019-04-16 00:50:07,407-mp_log-INFO-悠兰lyj模板操作成功,模板名称商家正式版_V1.4.1_0415_2254
2019-04-16 00:50:07,742-mp_log-INFO-芊思雅莎莎模板操作成功,模板名称商家正式版_V1.4.1_0415_2254
2019-04-16 00:50:08,166-mp_log-INFO-来就健康模板操作成功,模板名称商家正式版_V1.4.1_0415_2254
2019-04-16 00:50:08,754-mp_log-INFO-恒美世纪模板操作成功,模板名称商家正式版_V1.4.1_0415_2254
2019-04-16 00:50:09,211-mp_log-INFO-美人记Beauty模板操作成功,模板名称商家正式版_V1.4.1_0415_2254
2019-04-16 00:50:09,734-mp_log-INFO-珺彩秀模板操作成功,模板名称商家正式版_V1.4.1_0415_2254
2019-04-16 00:50:10,129-mp_log-INFO-菲梵经典模板操作成功,模板名称商家正式版_V1.4.1_0415_2254
2019-04-16 00:50:10,759-mp_log-INFO-悦芳泉SPA模板操作成功,模板名称商家正式版_V1.4.1_0415_2254
2019-04-16 00:50:11,259-mp_log-INFO-爱美丽模板操作成功,模板名称商家正式版_V1.4.1_0415_2254
2019-04-16 00:50:11,655-mp_log-INFO-漂亮如你模板操作成功,模板名称商家正式版_V1.4.1_0415_2254
2019-04-16 00:50:12,197-mp_log-INFO-广西宝宝爱模板操作成功,模板名称商家正式版_V1.4.1_0415_2254
2019-04-16 00:50:12,651-mp_log-INFO-虞诗蔓模板操作成功,模板名称商家正式版_V1.4.1_0415_2254
2019-04-16 00:50:13,265-mp_log-INFO-D5 season模板操作成功,模板名称商家正式版_V1.4.1_0415_2254
2019-04-16 00:50:13,829-mp_log-INFO-唯艳美模板操作成功,模板名称商家正式版_V1.4.1_0415_2254
2019-04-16 00:50:14,178-mp_log-INFO-吉美妍丽模板操作成功,模板名称商家正式版_V1.4.1_0415_2254
2019-04-16 00:50:14,799-mp_log-INFO-雪依氏模板操作成功,模板名称商家正式版_V1.4.1_0415_2254
2019-04-16 00:50:15,313-mp_log-INFO-书白美企模板操作成功,模板名称商家正式版_V1.4.1_0415_2254
2019-04-16 00:50:15,863-mp_log-INFO-美约会模板操作成功,模板名称商家正式版_V1.4.1_0415_2254
2019-04-16 00:50:16,332-mp_log-INFO-霭伦恩美模板操作成功,模板名称商家正式版_V1.4.1_0415_2254
2019-04-16 00:50:16,760-mp_log-INFO-来美吧模板操作成功,模板名称商家正式版_V1.4.1_0415_2254
2019-04-16 00:50:17,248-mp_log-INFO-伊美朗模板操作成功,模板名称商家正式版_V1.4.1_0415_2254
2019-04-16 00:50:17,748-mp_log-INFO-美美一生模板操作成功,模板名称商家正式版_V1.4.1_0415_2254
2019-04-16 00:50:18,222-mp_log-INFO-佳婳天美模板操作成功,模板名称商家正式版_V1.4.1_0415_2254
2019-04-16 00:50:18,676-mp_log-INFO-兴美源模板操作成功,模板名称商家正式版_V1.4.1_0415_2254
2019-04-16 00:50:19,228-mp_log-INFO-优年轻模板操作成功,模板名称商家正式版_V1.4.1_0415_2254
2019-04-16 00:50:19,721-mp_log-INFO-易康国际模板操作成功,模板名称商家正式版_V1.4.1_0415_2254
2019-04-16 00:50:20,271-mp_log-INFO-美美昭妍模板操作成功,模板名称商家正式版_V1.4.1_0415_2254
2019-04-16 00:50:20,686-mp_log-INFO-佐登妮丝模板操作成功,模板名称商家正式版_V1.4.1_0415_2254
2019-04-16 00:50:21,245-mp_log-INFO-阿星国际模板操作成功,模板名称商家正式版_V1.4.1_0415_2254
2019-04-16 00:50:21,710-mp_log-INFO-娇阑美颜模板操作成功,模板名称商家正式版_V1.4.1_0415_2254
2019-04-16 00:50:22,279-mp_log-INFO-爱女士模板操作成功,模板名称商家正式版_V1.4.1_0415_2254
2019-04-16 00:50:22,751-mp_log-INFO-PS智能美肤模板操作成功,模板名称商家正式版_V1.4.1_0415_2254
2019-04-16 00:50:23,242-mp_log-INFO-艾妍整形模板操作成功,模板名称商家正式版_V1.4.1_0415_2254
2019-04-16 00:50:23,929-mp_log-INFO-珍珍美容会所模板操作成功,模板名称商家正式版_V1.4.1_0415_2254
2019-04-16 00:50:24,560-mp_log-INFO-姿曼美容spa模板操作成功,模板名称商家正式版_V1.4.1_0415_2254
2019-04-16 00:50:24,923-mp_log-INFO-巴黎情缘模板操作成功,模板名称商家正式版_V1.4.1_0415_2254
2019-04-16 00:50:25,360-mp_log-INFO-百合春天模板操作成功,模板名称商家正式版_V1.4.1_0415_2254
2019-04-16 00:50:25,628-mp_log-INFO-梅兰丽人模板操作成功,模板名称商家正式版_V1.4.1_0415_2254
2019-04-16 00:50:26,317-mp_log-INFO-美由心生模板操作成功,模板名称商家正式版_V1.4.1_0415_2254
2019-04-16 00:50:26,794-mp_log-INFO-燕燕尊尚美容模板操作成功,模板名称商家正式版_V1.4.1_0415_2254
2019-04-16 00:50:27,408-mp_log-INFO-雅致璇肌模板操作成功,模板名称商家正式版_V1.4.1_0415_2254
2019-04-16 00:50:27,767-mp_log-INFO-诗露丽涵模板操作成功,模板名称商家正式版_V1.4.1_0415_2254
2019-04-16 00:50:28,524-mp_log-INFO-蓝蒂蔻模板操作成功,模板名称商家正式版_V1.4.1_0415_2254
2019-04-16 00:50:28,884-mp_log-INFO-东方仕典模板操作成功,模板名称商家正式版_V1.4.1_0415_2254
2019-04-16 00:50:29,255-mp_log-INFO-韩流美甲模板操作成功,模板名称商家正式版_V1.4.1_0415_2254
2019-04-16 00:50:29,735-mp_log-INFO-GOGO宝迪模板操作成功,模板名称商家正式版_V1.4.1_0415_2254
2019-04-16 00:50:30,229-mp_log-INFO-月瘦月美模板操作成功,模板名称商家正式版_V1.4.1_0415_2254
2019-04-16 00:50:30,866-mp_log-INFO-启程金典美业模板操作成功,模板名称商家正式版_V1.4.1_0415_2254
2019-04-16 00:50:31,276-mp_log-INFO-年轻我可以模板操作成功,模板名称商家正式版_V1.4.1_0415_2254
2019-04-16 00:50:31,861-mp_log-INFO-精工皇族模板操作成功,模板名称商家正式版_V1.4.1_0415_2254
2019-04-16 00:50:32,223-mp_log-INFO-明剪一秀模板操作成功,模板名称商家正式版_V1.4.1_0415_2254
2019-04-16 00:50:32,699-mp_log-INFO-丝客富模板操作成功,模板名称商家正式版_V1.4.1_0415_2254
2019-04-16 00:50:33,306-mp_log-INFO-DuDuBeauty模板操作成功,模板名称商家正式版_V1.4.1_0415_2254
2019-04-16 00:50:33,812-mp_log-INFO-琉璃水城模板操作成功,模板名称商家正式版_V1.4.1_0415_2254
2019-04-16 00:50:34,463-mp_log-INFO-栢草源模板操作成功,模板名称商家正式版_V1.4.1_0415_2254
2019-04-16 00:50:34,840-mp_log-INFO-杭州东方整形模板操作成功,模板名称商家正式版_V1.4.1_0415_2254
2019-04-16 00:50:35,285-mp_log-INFO-ONI速美模板操作成功,模板名称商家正式版_V1.4.1_0415_2254
2019-04-16 00:50:35,785-mp_log-INFO-YAN健康•美+模板操作成功,模板名称商家正式版_V1.4.1_0415_2254
2019-04-16 00:50:36,370-mp_log-INFO-MMbeauty模板操作成功,模板名称商家正式版_V1.4.1_0415_2254
2019-04-16 00:50:36,733-mp_log-INFO-美共享模板操作成功,模板名称商家正式版_V1.4.1_0415_2254
2019-04-16 00:50:37,365-mp_log-INFO-靓佳人模板操作成功,模板名称商家正式版_V1.4.1_0415_2254
2019-04-16 00:50:37,729-mp_log-INFO-ME智慧美店模板操作成功,模板名称商家正式版_V1.4.1_0415_2254
2019-04-16 00:50:38,221-mp_log-INFO-二院美丽之约模板操作成功,模板名称商家正式版_V1.4.1_0415_2254
2019-04-16 00:50:38,857-mp_log-INFO-紫舟美业模板操作成功,模板名称商家正式版_V1.4.1_0415_2254
2019-04-16 00:50:39,304-mp_log-INFO-南洋beauty模板操作成功,模板名称商家正式版_V1.4.1_0415_2254
2019-04-16 00:50:39,834-mp_log-INFO-阿芙洛蒂模板操作成功,模板名称商家正式版_V1.4.1_0415_2254
2019-04-16 00:50:40,256-mp_log-INFO-来了美标榜店模板操作成功,模板名称商家正式版_V1.4.1_0415_2254
2019-04-16 00:50:40,783-mp_log-INFO-美德福模板操作成功,模板名称商家正式版_V1.4.1_0415_2254
2019-04-16 00:50:41,333-mp_log-INFO-岳灵生发模板操作成功,模板名称商家正式版_V1.4.1_0415_2254
2019-04-16 00:50:41,962-mp_log-INFO-美姿源模板操作成功,模板名称商家正式版_V1.4.1_0415_2254
2019-04-16 00:50:42,380-mp_log-INFO-维多丽雅模板操作成功,模板名称商家正式版_V1.4.1_0415_2254
2019-04-16 00:50:42,917-mp_log-INFO-雅典娜模板操作成功,模板名称商家正式版_V1.4.1_0415_2254
2019-04-16 00:50:43,282-mp_log-INFO-杭州桐雅模板操作成功,模板名称商家正式版_V1.4.1_0415_2254
2019-04-16 00:50:43,795-mp_log-ERROR-光速美操作失败,失败原因{'status': 500, 'msg': '此管理中心未授权开放平台'}
2019-04-16 00:50:43,820-mp_log-INFO-妃香伊丹模板操作成功,模板名称商家正式版_V1.4.1_0415_2254
2019-04-16 00:50:44,330-mp_log-INFO-王海棠养生馆模板操作成功,模板名称商家正式版_V1.4.1_0415_2254
2019-04-16 00:50:44,868-mp_log-INFO-祐美祐康模板操作成功,模板名称商家正式版_V1.4.1_0415_2254
2019-04-16 00:50:45,965-mp_log-INFO-张氏纳然姬朵模板操作成功,模板名称商家正式版_V1.4.1_0415_2254
2019-04-16 00:50:46,435-mp_log-INFO-魅力华健模板操作成功,模板名称商家正式版_V1.4.1_0415_2254
2019-04-16 00:50:46,779-mp_log-INFO-圣水伊人模板操作成功,模板名称商家正式版_V1.4.1_0415_2254
2019-04-16 00:50:47,411-mp_log-INFO-窈窕淑女模板操作成功,模板名称商家正式版_V1.4.1_0415_2254
2019-04-16 00:50:47,840-mp_log-INFO-绮莉尔智能美模板操作成功,模板名称商家正式版_V1.4.1_0415_2254
2019-04-16 00:50:48,399-mp_log-INFO-香密雅CIMIA模板操作成功,模板名称商家正式版_V1.4.1_0415_2254
2019-04-16 00:50:48,782-mp_log-INFO-妍雅媛模板操作成功,模板名称商家正式版_V1.4.1_0415_2254
2019-04-16 00:50:49,299-mp_log-INFO-来了美模板操作成功,模板名称商家正式版_V1.4.1_0415_2254
2019-04-16 00:50:49,790-mp_log-INFO-云SPA模板操作成功,模板名称商家正式版_V1.4.1_0415_2254
2019-04-16 00:50:50,227-mp_log-INFO-轻医美模板操作成功,模板名称商家正式版_V1.4.1_0415_2254
2019-04-16 00:50:50,760-mp_log-INFO-世纪春天模板操作成功,模板名称商家正式版_V1.4.1_0415_2254
2019-04-16 00:50:51,308-mp_log-INFO-贵妇人模板操作成功,模板名称商家正式版_V1.4.1_0415_2254
2019-04-16 00:50:51,814-mp_log-INFO-BabyBeauty模板操作成功,模板名称商家正式版_V1.4.1_0415_2254
2019-04-16 00:50:52,368-mp_log-INFO-亿兴美邦模板操作成功,模板名称商家正式版_V1.4.1_0415_2254
2019-04-16 00:50:52,834-mp_log-INFO-奇遇模板操作成功,模板名称商家正式版_V1.4.1_0415_2254
2019-04-16 00:50:53,417-mp_log-INFO-来了美韩尚恩模板操作成功,模板名称商家正式版_V1.4.1_0415_2254
2019-04-16 00:50:53,906-mp_log-INFO-纤指百媚模板操作成功,模板名称商家正式版_V1.4.1_0415_2254
2019-04-16 00:50:54,340-mp_log-INFO-美之颜模板操作成功,模板名称商家正式版_V1.4.1_0415_2254
2019-04-16 00:50:54,790-mp_log-INFO-gobeauty模板操作成功,模板名称商家正式版_V1.4.1_0415_2254
2019-04-16 00:50:55,457-mp_log-INFO-贝琳菲美业模板操作成功,模板名称商家正式版_V1.4.1_0415_2254
2019-04-16 00:50:55,890-mp_log-INFO-郦芙蓉beauty模板操作成功,模板名称商家正式版_V1.4.1_0415_2254
2019-04-16 00:50:56,129-mp_log-ERROR-服务商账号操作失败,失败原因{'status': 'error', 'msg': 'component is not authorized by this account hint: [ZOa_eA00933055]'}
2019-04-16 00:50:56,328-mp_log-INFO-指妃模板操作成功,模板名称商家正式版_V1.4.1_0415_2254
2019-04-16 00:50:56,873-mp_log-INFO-羽梦蝶模板操作成功,模板名称商家正式版_V1.4.1_0415_2254
2019-04-16 00:50:58,038-mp_log-INFO-香住SPA模板操作成功,模板名称商家正式版_V1.4.1_0415_2254
2019-04-16 00:50:58,319-mp_log-INFO-狮子卫士模板操作成功,模板名称商家正式版_V1.4.1_0415_2254
2019-04-16 00:50:58,861-mp_log-INFO-佰味女人模板操作成功,模板名称商家正式版_V1.4.1_0415_2254
2019-04-16 00:50:59,472-mp_log-INFO-黄氏百佳模板操作成功,模板名称商家正式版_V1.4.1_0415_2254
2019-04-16 00:50:59,826-mp_log-INFO-创美雅香莱模板操作成功,模板名称商家正式版_V1.4.1_0415_2254
2019-04-16 00:51:00,254-mp_log-INFO-艾面一族 模板操作成功,模板名称商家正式版_V1.4.1_0415_2254
2019-04-16 00:51:00,868-mp_log-INFO-涣美医疗模板操作成功,模板名称商家正式版_V1.4.1_0415_2254
2019-04-16 00:51:01,306-mp_log-INFO-植美SPA模板操作成功,模板名称商家正式版_V1.4.1_0415_2254
2019-04-16 00:51:01,800-mp_log-INFO-曼姿模板操作成功,模板名称商家正式版_V1.4.1_0415_2254
2019-04-16 00:51:02,298-mp_log-INFO-圣婕美甲美睫模板操作成功,模板名称商家正式版_V1.4.1_0415_2254
2019-04-16 00:51:02,942-mp_log-INFO-美丽九九模板操作成功,模板名称商家正式版_V1.4.1_0415_2254
2019-04-16 00:51:03,357-mp_log-INFO-南国西子模板操作成功,模板名称商家正式版_V1.4.1_0415_2254
2019-04-16 00:51:03,893-mp_log-INFO-百分国际美容模板操作成功,模板名称商家正式版_V1.4.1_0415_2254
2019-04-16 00:51:04,447-mp_log-INFO-千颂伊美学中心模板操作成功,模板名称商家正式版_V1.4.1_0415_2254
2019-04-16 00:51:04,810-mp_log-INFO-艾尚美美哒模板操作成功,模板名称商家正式版_V1.4.1_0415_2254
2019-04-16 00:51:05,456-mp_log-INFO-玉颜堂模板操作成功,模板名称商家正式版_V1.4.1_0415_2254
2019-04-16 00:51:05,951-mp_log-INFO-金美源模板操作成功,模板名称商家正式版_V1.4.1_0415_2254
2019-04-16 00:51:06,270-mp_log-INFO-爱玛仕嘉模板操作成功,模板名称商家正式版_V1.4.1_0415_2254
2019-04-16 00:51:06,833-mp_log-INFO-智能科技美店模板操作成功,模板名称商家正式版_V1.4.1_0415_2254
2019-04-16 00:51:07,491-mp_log-INFO-欧妮薇模板操作成功,模板名称商家正式版_V1.4.1_0415_2254
2019-04-16 00:51:07,850-mp_log-INFO-成都净美天使模板操作成功,模板名称商家正式版_V1.4.1_0415_2254
2019-04-16 00:51:08,112-mp_log-ERROR-引导美体验店操作失败,失败原因{'status': 'error', 'msg': 'component is not authorized by this account hint: [hAvobA0105hb92]'}
2019-04-16 00:51:08,411-mp_log-INFO-美姿来就美模板操作成功,模板名称商家正式版_V1.4.1_0415_2254
2019-04-16 00:51:08,925-mp_log-INFO-IVY艾菲芭模板操作成功,模板名称商家正式版_V1.4.1_0415_2254
2019-04-16 00:51:09,797-mp_log-INFO-来了美雲会所模板操作成功,模板名称商家正式版_V1.4.1_0415_2254
2019-04-16 00:51:10,282-mp_log-INFO-SoBeauty模板操作成功,模板名称商家正式版_V1.4.1_0415_2254
2019-04-16 00:51:10,868-mp_log-INFO-蒙妮莎新美容模板操作成功,模板名称商家正式版_V1.4.1_0415_2254
2019-04-16 00:51:11,332-mp_log-INFO-筋生美模板操作成功,模板名称商家正式版_V1.4.1_0415_2254
2019-04-16 00:51:11,813-mp_log-INFO-来了美美吧模板操作成功,模板名称商家正式版_V1.4.1_0415_2254
2019-04-16 00:51:12,325-mp_log-INFO-金柏丽模板操作成功,模板名称商家正式版_V1.4.1_0415_2254
2019-04-16 00:51:12,803-mp_log-INFO-长江九号模板操作成功,模板名称商家正式版_V1.4.1_0415_2254
2019-04-16 00:51:13,574-mp_log-INFO-优文专业脱毛模板操作成功,模板名称商家正式版_V1.4.1_0415_2254
2019-04-16 00:51:13,846-mp_log-INFO-天使国际模板操作成功,模板名称商家正式版_V1.4.1_0415_2254
2019-04-16 00:51:14,296-mp_log-INFO-如生堂模板操作成功,模板名称商家正式版_V1.4.1_0415_2254
2019-04-16 00:51:14,885-mp_log-INFO-梦田芳香Spa模板操作成功,模板名称商家正式版_V1.4.1_0415_2254
2019-04-16 00:51:15,570-mp_log-INFO-贝施纤体模板操作成功,模板名称商家正式版_V1.4.1_0415_2254
2019-04-16 00:51:15,849-mp_log-INFO-色彩纯姬模板操作成功,模板名称商家正式版_V1.4.1_0415_2254
2019-04-16 00:51:16,306-mp_log-INFO-红妆倾城模板操作成功,模板名称商家正式版_V1.4.1_0415_2254
2019-04-16 00:51:16,815-mp_log-INFO-丹阳圣莉斯歌模板操作成功,模板名称商家正式版_V1.4.1_0415_2254
2019-04-16 00:51:17,498-mp_log-INFO-金贵人Beauty模板操作成功,模板名称商家正式版_V1.4.1_0415_2254
2019-04-16 00:51:17,828-mp_log-INFO-芯语芳心模板操作成功,模板名称商家正式版_V1.4.1_0415_2254
2019-04-16 00:51:18,292-mp_log-INFO-广西快来美模板操作成功,模板名称商家正式版_V1.4.1_0415_2254
2019-04-16 00:51:18,947-mp_log-INFO-还原美模板操作成功,模板名称商家正式版_V1.4.1_0415_2254
2019-04-16 00:51:19,330-mp_log-INFO-延颜美容模板操作成功,模板名称商家正式版_V1.4.1_0415_2254
2019-04-16 00:51:19,859-mp_log-INFO-缘临医疗美容模板操作成功,模板名称商家正式版_V1.4.1_0415_2254
2019-04-16 00:51:20,377-mp_log-INFO-梦圆皇宫模板操作成功,模板名称商家正式版_V1.4.1_0415_2254
2019-04-16 00:51:20,807-mp_log-INFO-美了就来模板操作成功,模板名称商家正式版_V1.4.1_0415_2254
2019-04-16 00:51:21,456-mp_log-INFO-恩雅模板操作成功,模板名称商家正式版_V1.4.1_0415_2254
2019-04-16 00:51:21,802-mp_log-INFO-董萍智慧美店模板操作成功,模板名称商家正式版_V1.4.1_0415_2254
2019-04-16 00:51:22,532-mp_log-INFO-俏丽屋模板操作成功,模板名称商家正式版_V1.4.1_0415_2254
2019-04-16 00:51:22,882-mp_log-INFO-YoungDream模板操作成功,模板名称商家正式版_V1.4.1_0415_2254
2019-04-16 00:51:23,479-mp_log-INFO-DR美研博士模板操作成功,模板名称商家正式版_V1.4.1_0415_2254
2019-04-16 00:51:23,962-mp_log-INFO-女秀才模板操作成功,模板名称商家正式版_V1.4.1_0415_2254
2019-04-16 00:51:24,680-mp_log-INFO-東美人儿模板操作成功,模板名称商家正式版_V1.4.1_0415_2254
2019-04-16 00:51:24,876-mp_log-INFO-承昱医疗模板操作成功,模板名称商家正式版_V1.4.1_0415_2254
2019-04-16 00:51:25,408-mp_log-INFO-斓悦庭模板操作成功,模板名称商家正式版_V1.4.1_0415_2254
2019-04-16 00:51:25,866-mp_log-INFO-美迩美模板操作成功,模板名称商家正式版_V1.4.1_0415_2254
2019-04-16 00:51:26,330-mp_log-INFO-唯美童妍模板操作成功,模板名称商家正式版_V1.4.1_0415_2254
2019-04-16 00:51:27,083-mp_log-INFO-BV美聚模板操作成功,模板名称商家正式版_V1.4.1_0415_2254
2019-04-16 00:51:27,463-mp_log-INFO-健丽宝美容模板操作成功,模板名称商家正式版_V1.4.1_0415_2254
2019-04-16 00:51:27,969-mp_log-INFO-掌上美管家A模板操作成功,模板名称商家正式版_V1.4.1_0415_2254
2019-04-16 00:51:28,392-mp_log-INFO-博妍集美模板操作成功,模板名称商家正式版_V1.4.1_0415_2254
2019-04-16 00:51:28,867-mp_log-INFO-荷塘韵色模板操作成功,模板名称商家正式版_V1.4.1_0415_2254
2019-04-16 00:51:29,426-mp_log-INFO-雅涛世家模板操作成功,模板名称商家正式版_V1.4.1_0415_2254
2019-04-16 00:51:29,879-mp_log-INFO-双妹美容模板操作成功,模板名称商家正式版_V1.4.1_0415_2254
2019-04-16 00:51:30,405-mp_log-INFO-呈悦医疗模板操作成功,模板名称商家正式版_V1.4.1_0415_2254
2019-04-16 00:51:31,116-mp_log-INFO-来了美千丝美模板操作成功,模板名称商家正式版_V1.4.1_0415_2254
2019-04-16 00:51:31,424-mp_log-INFO-世纪之春模板操作成功,模板名称商家正式版_V1.4.1_0415_2254
2019-04-16 00:51:31,875-mp_log-INFO-女主角美容模板操作成功,模板名称商家正式版_V1.4.1_0415_2254
2019-04-16 00:51:32,356-mp_log-INFO-来了就体验店模板操作成功,模板名称商家正式版_V1.4.1_0415_2254
2019-04-16 00:51:32,872-mp_log-INFO-弘粹堂模板操作成功,模板名称商家正式版_V1.4.1_0415_2254
2019-04-16 00:51:33,443-mp_log-INFO-环球美容模板操作成功,模板名称商家正式版_V1.4.1_0415_2254
2019-04-16 00:51:33,935-mp_log-INFO-乐聚模板操作成功,模板名称商家正式版_V1.4.1_0415_2254
2019-04-16 00:51:34,471-mp_log-INFO-诗芙侬模板操作成功,模板名称商家正式版_V1.4.1_0415_2254
2019-04-16 00:51:34,940-mp_log-INFO-雅梵GOGO模板操作成功,模板名称商家正式版_V1.4.1_0415_2254
2019-04-16 00:51:35,206-mp_log-ERROR-灰姑娘美业操作失败,失败原因{'status': 'error', 'msg': 'component is not authorized by this account hint: [JczpHA01321466]'}
2019-04-16 00:51:35,355-mp_log-INFO-沧州美美达模板操作成功,模板名称商家正式版_V1.4.1_0415_2254
2019-04-16 00:51:35,873-mp_log-INFO-妮娜国际模板操作成功,模板名称商家正式版_V1.4.1_0415_2254
2019-04-16 00:51:36,877-mp_log-INFO-赢美肌模板操作成功,模板名称商家正式版_V1.4.1_0415_2254
2019-04-16 00:51:37,429-mp_log-INFO-馨境堂模板操作成功,模板名称商家正式版_V1.4.1_0415_2254
2019-04-16 00:51:37,907-mp_log-INFO-良沐健康管理模板操作成功,模板名称商家正式版_V1.4.1_0415_2254
2019-04-16 00:51:38,424-mp_log-INFO-果蔬美容模板操作成功,模板名称商家正式版_V1.4.1_0415_2254
2019-04-16 00:51:38,849-mp_log-INFO-贝兰思模板操作成功,模板名称商家正式版_V1.4.1_0415_2254
2019-04-16 00:51:39,505-mp_log-INFO-东方秀丽模板操作成功,模板名称商家正式版_V1.4.1_0415_2254
2019-04-16 00:51:39,945-mp_log-INFO-缔罗嘉佳模板操作成功,模板名称商家正式版_V1.4.1_0415_2254
2019-04-16 00:51:40,293-mp_log-INFO-文轩专业美容模板操作成功,模板名称商家正式版_V1.4.1_0415_2254
2019-04-16 00:51:40,856-mp_log-INFO-欧丽薇模板操作成功,模板名称商家正式版_V1.4.1_0415_2254
