2019-06-04 19:43:26,656-mp_log-INFO-token获取成功......
2019-06-04 19:43:35,577-mp_log-INFO-获取所有小程序信息成功......
2019-06-04 19:43:36,774-mp_log-INFO-审核失败
2019-06-04 19:43:37,064-mp_log-INFO-审核失败
2019-06-04 19:43:37,365-mp_log-INFO-审核失败
2019-06-04 19:43:38,332-mp_log-INFO-审核失败
2019-06-04 19:43:38,466-mp_log-INFO-已审核
2019-06-04 19:43:38,819-mp_log-INFO-审核失败
2019-06-04 19:43:39,135-mp_log-INFO-审核失败
2019-06-04 19:43:39,419-mp_log-INFO-审核失败
2019-06-04 19:43:39,713-mp_log-INFO-已审核
2019-06-04 19:43:40,042-mp_log-INFO-审核失败
2019-06-04 19:43:40,346-mp_log-INFO-审核失败
2019-06-04 19:43:40,690-mp_log-INFO-审核失败
2019-06-04 19:43:40,974-mp_log-INFO-已审核
2019-06-04 19:43:41,221-mp_log-INFO-已审核
2019-06-04 19:43:41,562-mp_log-INFO-审核失败
2019-06-04 19:43:41,848-mp_log-INFO-审核失败
2019-06-04 19:43:42,252-mp_log-INFO-审核失败
2019-06-04 19:43:42,358-mp_log-INFO-审核失败
2019-06-04 19:43:42,666-mp_log-INFO-审核失败
2019-06-04 19:43:42,988-mp_log-INFO-审核失败
2019-06-04 19:43:43,320-mp_log-INFO-审核失败
2019-06-04 19:43:43,679-mp_log-INFO-审核失败
2019-06-04 19:43:43,906-mp_log-INFO-审核失败
2019-06-04 19:43:44,309-mp_log-INFO-已审核
2019-06-04 19:43:44,830-mp_log-INFO-已审核
2019-06-04 19:43:45,136-mp_log-INFO-已审核
2019-06-04 19:43:45,323-mp_log-INFO-已审核
2019-06-04 19:43:45,665-mp_log-INFO-已审核
2019-06-04 19:43:45,997-mp_log-INFO-已审核
2019-06-04 19:43:46,357-mp_log-INFO-已审核
2019-06-04 19:43:46,797-mp_log-INFO-审核失败
2019-06-04 19:43:46,938-mp_log-INFO-审核失败
2019-06-04 19:43:47,312-mp_log-INFO-审核失败
2019-06-04 19:43:47,527-mp_log-INFO-审核失败
2019-06-04 19:43:47,829-mp_log-INFO-已审核
2019-06-04 19:43:48,118-mp_log-INFO-审核失败
2019-06-04 19:43:48,351-mp_log-INFO-审核失败
2019-06-04 19:43:48,785-mp_log-INFO-审核失败
2019-06-04 19:43:48,982-mp_log-INFO-审核失败
2019-06-04 19:43:49,294-mp_log-INFO-已审核
2019-06-04 19:43:49,638-mp_log-INFO-已审核
2019-06-04 19:43:49,842-mp_log-INFO-已审核
2019-06-04 19:43:50,287-mp_log-INFO-审核失败
2019-06-04 19:43:50,750-mp_log-INFO-审核失败
2019-06-04 19:43:50,799-mp_log-INFO-已审核
2019-06-04 19:43:51,444-mp_log-INFO-审核失败
2019-06-04 19:43:51,498-mp_log-INFO-已审核
2019-06-04 19:43:51,749-mp_log-INFO-审核失败
2019-06-04 19:43:52,166-mp_log-INFO-审核失败
2019-06-04 19:43:52,326-mp_log-INFO-审核失败
2019-06-04 19:43:52,583-mp_log-INFO-审核失败
2019-06-04 19:43:52,950-mp_log-INFO-已审核
2019-06-04 19:43:53,246-mp_log-INFO-审核失败
2019-06-04 19:43:53,530-mp_log-INFO-已审核
2019-06-04 19:43:53,810-mp_log-INFO-已审核
2019-06-04 19:43:54,109-mp_log-INFO-已审核
2019-06-04 19:43:54,424-mp_log-INFO-已审核
2019-06-04 19:43:54,755-mp_log-INFO-已审核
2019-06-04 19:43:55,192-mp_log-INFO-已审核
2019-06-04 19:43:55,289-mp_log-INFO-已审核
2019-06-04 19:43:55,645-mp_log-INFO-已审核
2019-06-04 19:43:55,923-mp_log-INFO-审核失败
2019-06-04 19:43:56,270-mp_log-INFO-审核失败
2019-06-04 19:43:56,541-mp_log-INFO-已审核
2019-06-04 19:43:56,813-mp_log-INFO-审核失败
2019-06-04 19:43:57,201-mp_log-INFO-审核失败
2019-06-04 19:43:57,499-mp_log-INFO-审核失败
2019-06-04 19:43:57,797-mp_log-INFO-审核失败
2019-06-04 19:43:57,958-mp_log-INFO-审核失败
2019-06-04 19:43:58,263-mp_log-INFO-审核失败
2019-06-04 19:43:58,599-mp_log-INFO-审核失败
2019-06-04 19:43:59,028-mp_log-INFO-审核失败
2019-06-04 19:43:59,267-mp_log-INFO-已审核
2019-06-04 19:43:59,544-mp_log-INFO-审核失败
2019-06-04 19:43:59,874-mp_log-INFO-已审核
2019-06-04 19:44:00,172-mp_log-INFO-审核失败
2019-06-04 19:44:00,446-mp_log-INFO-审核失败
2019-06-04 19:44:00,785-mp_log-INFO-已审核
2019-06-04 19:44:01,027-mp_log-INFO-已审核
2019-06-04 19:44:01,373-mp_log-INFO-审核失败
2019-06-04 19:44:02,044-mp_log-INFO-已审核
2019-06-04 19:44:02,267-mp_log-INFO-已审核
2019-06-04 19:44:02,283-mp_log-INFO-已审核
2019-06-04 19:44:02,664-mp_log-INFO-审核失败
2019-06-04 19:44:02,876-mp_log-INFO-已审核
2019-06-04 19:44:03,209-mp_log-INFO-审核失败
2019-06-04 19:44:03,428-mp_log-INFO-审核失败
2019-06-04 19:44:03,903-mp_log-INFO-已审核
2019-06-04 19:44:04,212-mp_log-INFO-审核失败
2019-06-04 19:44:04,438-mp_log-INFO-审核失败
2019-06-04 19:44:04,700-mp_log-INFO-已审核
2019-06-04 19:44:05,143-mp_log-INFO-审核失败
2019-06-04 19:44:05,418-mp_log-INFO-已审核
2019-06-04 19:44:05,706-mp_log-INFO-已审核
2019-06-04 19:44:06,009-mp_log-INFO-审核失败
2019-06-04 19:44:06,131-mp_log-INFO-审核失败
2019-06-04 19:44:06,460-mp_log-INFO-审核失败
2019-06-04 19:44:06,767-mp_log-INFO-已审核
2019-06-04 19:44:07,112-mp_log-INFO-审核失败
2019-06-04 19:44:07,337-mp_log-INFO-已审核
2019-06-04 19:44:07,645-mp_log-INFO-审核失败
2019-06-04 19:44:07,988-mp_log-INFO-已审核
2019-06-04 19:44:08,235-mp_log-INFO-审核失败
2019-06-04 19:44:08,860-mp_log-INFO-审核失败
2019-06-04 19:44:09,038-mp_log-INFO-已审核
2019-06-04 19:44:09,107-mp_log-INFO-已审核
2019-06-04 19:44:09,535-mp_log-INFO-审核失败
2019-06-04 19:44:09,812-mp_log-INFO-审核失败
2019-06-04 19:44:10,012-mp_log-INFO-审核失败
2019-06-04 19:44:10,402-mp_log-INFO-审核失败
2019-06-04 19:44:10,678-mp_log-INFO-已审核
2019-06-04 19:44:10,922-mp_log-INFO-已审核
2019-06-04 19:44:11,580-mp_log-INFO-审核失败
2019-06-04 19:44:11,879-mp_log-INFO-审核失败
2019-06-04 19:44:12,128-mp_log-INFO-已审核
2019-06-04 19:44:12,464-mp_log-INFO-审核失败
2019-06-04 19:44:12,829-mp_log-INFO-已审核
2019-06-04 19:44:13,050-mp_log-INFO-已审核
2019-06-04 19:44:13,341-mp_log-INFO-已审核
2019-06-04 19:44:13,580-mp_log-INFO-审核失败
2019-06-04 19:44:14,009-mp_log-INFO-已审核
2019-06-04 19:44:14,296-mp_log-INFO-审核失败
2019-06-04 19:44:14,617-mp_log-INFO-已审核
2019-06-04 19:44:14,931-mp_log-INFO-已审核
2019-06-04 19:44:15,276-mp_log-INFO-审核失败
2019-06-04 19:44:15,451-mp_log-INFO-审核失败
2019-06-04 19:44:15,823-mp_log-INFO-已审核
2019-06-04 19:44:16,105-mp_log-INFO-已审核
2019-06-04 19:44:16,364-mp_log-INFO-已审核
2019-06-04 19:44:16,685-mp_log-INFO-已审核
2019-06-04 19:44:17,006-mp_log-INFO-审核失败
2019-06-04 19:44:17,306-mp_log-INFO-审核中
2019-06-04 19:44:17,532-mp_log-INFO-已审核
2019-06-04 19:44:17,934-mp_log-INFO-已审核
2019-06-04 19:44:18,103-mp_log-INFO-已审核
2019-06-04 19:44:18,481-mp_log-INFO-已审核
2019-06-04 19:44:19,080-mp_log-INFO-审核失败
2019-06-04 19:44:19,357-mp_log-INFO-已审核
2019-06-04 19:44:19,739-mp_log-INFO-审核失败
2019-06-04 19:44:19,971-mp_log-INFO-审核失败
2019-06-04 19:44:20,166-mp_log-INFO-已审核
2019-06-04 19:44:20,551-mp_log-INFO-审核失败
2019-06-04 19:44:20,926-mp_log-INFO-已审核
2019-06-04 19:44:21,195-mp_log-INFO-已审核
2019-06-04 19:44:21,500-mp_log-INFO-已审核
2019-06-04 19:44:21,836-mp_log-INFO-已审核
2019-06-04 19:44:22,203-mp_log-INFO-已审核
2019-06-04 19:44:22,333-mp_log-INFO-审核失败
2019-06-04 19:44:22,739-mp_log-INFO-已审核
2019-06-04 19:44:23,236-mp_log-INFO-审核失败
2019-06-04 19:44:23,374-mp_log-INFO-审核失败
2019-06-04 19:44:23,573-mp_log-INFO-已审核
2019-06-04 19:44:23,863-mp_log-INFO-审核失败
2019-06-04 19:44:24,211-mp_log-INFO-已审核
2019-06-04 19:44:24,445-mp_log-INFO-已审核
2019-06-04 19:44:24,843-mp_log-INFO-已审核
2019-06-04 19:44:25,160-mp_log-INFO-审核失败
2019-06-04 19:44:25,364-mp_log-INFO-审核失败
2019-06-04 19:44:25,645-mp_log-INFO-已审核
2019-06-04 19:44:25,941-mp_log-INFO-已审核
2019-06-04 19:44:26,328-mp_log-INFO-审核失败
2019-06-04 19:44:26,614-mp_log-INFO-已审核
2019-06-04 19:44:26,909-mp_log-INFO-审核失败
2019-06-04 19:44:27,116-mp_log-INFO-审核失败
2019-06-04 19:44:27,473-mp_log-INFO-已审核
2019-06-04 19:44:27,775-mp_log-INFO-审核失败
2019-06-04 19:44:28,126-mp_log-INFO-审核失败
2019-06-04 19:44:28,333-mp_log-INFO-已审核
2019-06-04 19:44:28,645-mp_log-INFO-审核失败
2019-06-04 19:44:29,046-mp_log-INFO-已审核
2019-06-04 19:44:29,262-mp_log-INFO-已审核
2019-06-04 19:44:29,572-mp_log-INFO-审核失败
2019-06-04 19:44:29,839-mp_log-INFO-已审核
2019-06-04 19:44:30,218-mp_log-INFO-已审核
2019-06-04 19:44:30,422-mp_log-INFO-已审核
2019-06-04 19:44:30,740-mp_log-INFO-审核失败
2019-06-04 19:44:31,069-mp_log-INFO-审核失败
2019-06-04 19:44:31,408-mp_log-INFO-审核失败
2019-06-04 19:44:31,649-mp_log-INFO-审核失败
2019-06-04 19:44:31,984-mp_log-INFO-已审核
2019-06-04 19:44:32,239-mp_log-INFO-审核失败
2019-06-04 19:44:32,620-mp_log-INFO-审核失败
2019-06-04 19:44:32,954-mp_log-INFO-审核失败
2019-06-04 19:44:33,245-mp_log-INFO-已审核
2019-06-04 19:44:33,491-mp_log-INFO-审核失败
2019-06-04 19:44:33,834-mp_log-INFO-已审核
2019-06-04 19:44:34,093-mp_log-INFO-已审核
2019-06-04 19:44:34,395-mp_log-INFO-已审核
2019-06-04 19:44:34,808-mp_log-INFO-已审核
2019-06-04 19:44:34,965-mp_log-INFO-审核失败
2019-06-04 19:44:35,247-mp_log-INFO-审核失败
2019-06-04 19:44:35,628-mp_log-INFO-审核失败
2019-06-04 19:44:35,877-mp_log-INFO-已审核
2019-06-04 19:44:36,174-mp_log-INFO-已审核
2019-06-04 19:44:36,469-mp_log-INFO-已审核
2019-06-04 19:44:36,834-mp_log-INFO-审核失败
2019-06-04 19:44:37,095-mp_log-INFO-已审核
2019-06-04 19:44:37,360-mp_log-INFO-已审核
2019-06-04 19:44:37,800-mp_log-INFO-已审核
2019-06-04 19:44:38,029-mp_log-INFO-审核失败
2019-06-04 19:44:38,316-mp_log-INFO-已审核
2019-06-04 19:44:38,579-mp_log-INFO-审核失败
2019-06-04 19:44:38,890-mp_log-INFO-已审核
2019-06-04 19:44:39,185-mp_log-INFO-已审核
2019-06-04 19:44:39,502-mp_log-INFO-已审核
2019-06-04 19:44:39,781-mp_log-INFO-已审核
2019-06-04 19:44:40,154-mp_log-INFO-已审核
2019-06-04 19:44:40,431-mp_log-INFO-已审核
2019-06-04 19:44:40,754-mp_log-INFO-已审核
2019-06-04 19:44:40,958-mp_log-INFO-审核失败
2019-06-04 19:44:41,253-mp_log-INFO-已审核
2019-06-04 19:44:41,523-mp_log-INFO-已审核
2019-06-04 19:44:41,919-mp_log-INFO-已审核
2019-06-04 19:44:42,227-mp_log-INFO-审核失败
2019-06-04 19:44:42,427-mp_log-INFO-已审核
2019-06-04 19:44:42,780-mp_log-INFO-审核失败
2019-06-04 19:44:43,368-mp_log-INFO-已审核
2019-06-04 19:44:43,665-mp_log-INFO-审核失败
2019-06-04 19:44:43,974-mp_log-INFO-审核失败
2019-06-04 19:44:44,303-mp_log-INFO-审核失败
2019-06-04 19:44:44,579-mp_log-INFO-审核失败
2019-06-04 19:44:44,898-mp_log-INFO-已审核
2019-06-04 19:44:45,154-mp_log-INFO-已审核
2019-06-04 19:44:45,524-mp_log-INFO-已审核
2019-06-04 19:44:45,839-mp_log-INFO-审核失败
