2019-06-04 19:41:48,443-mp_log-INFO-token获取成功......
2019-06-04 19:41:57,576-mp_log-INFO-获取所有小程序信息成功......
2019-06-04 19:41:58,914-mp_log-INFO-审核失败
2019-06-04 19:41:59,123-mp_log-INFO-审核失败
2019-06-04 19:41:59,415-mp_log-INFO-审核失败
2019-06-04 19:42:00,072-mp_log-INFO-审核失败
2019-06-04 19:42:00,588-mp_log-INFO-已审核
2019-06-04 19:42:00,788-mp_log-INFO-审核失败
2019-06-04 19:42:01,211-mp_log-INFO-审核失败
2019-06-04 19:42:01,578-mp_log-INFO-审核失败
2019-06-04 19:42:02,072-mp_log-INFO-已审核
2019-06-04 19:42:02,210-mp_log-INFO-审核失败
2019-06-04 19:42:02,503-mp_log-INFO-审核失败
2019-06-04 19:42:02,793-mp_log-INFO-审核失败
2019-06-04 19:42:03,093-mp_log-INFO-已审核
2019-06-04 19:42:03,301-mp_log-INFO-已审核
2019-06-04 19:42:03,520-mp_log-INFO-审核失败
2019-06-04 19:42:04,045-mp_log-INFO-审核失败
2019-06-04 19:42:04,258-mp_log-INFO-审核失败
2019-06-04 19:42:04,561-mp_log-INFO-审核失败
2019-06-04 19:42:04,762-mp_log-INFO-审核失败
2019-06-04 19:42:05,094-mp_log-INFO-审核失败
2019-06-04 19:42:05,377-mp_log-INFO-审核失败
2019-06-04 19:42:05,716-mp_log-INFO-审核失败
2019-06-04 19:42:06,037-mp_log-INFO-审核失败
2019-06-04 19:42:06,201-mp_log-INFO-已审核
2019-06-04 19:42:06,840-mp_log-INFO-已审核
2019-06-04 19:42:07,194-mp_log-INFO-已审核
2019-06-04 19:42:07,515-mp_log-INFO-已审核
2019-06-04 19:42:07,763-mp_log-INFO-已审核
2019-06-04 19:42:08,063-mp_log-INFO-已审核
2019-06-04 19:42:08,429-mp_log-INFO-已审核
2019-06-04 19:42:08,633-mp_log-INFO-审核失败
2019-06-04 19:42:09,013-mp_log-INFO-审核失败
2019-06-04 19:42:09,286-mp_log-INFO-审核失败
2019-06-04 19:42:09,722-mp_log-INFO-审核失败
2019-06-04 19:42:09,975-mp_log-INFO-已审核
2019-06-04 19:42:10,140-mp_log-INFO-审核失败
2019-06-04 19:42:10,443-mp_log-INFO-审核失败
2019-06-04 19:42:10,788-mp_log-INFO-审核失败
2019-06-04 19:42:11,053-mp_log-INFO-审核失败
2019-06-04 19:42:11,425-mp_log-INFO-已审核
2019-06-04 19:42:11,743-mp_log-INFO-已审核
2019-06-04 19:42:11,968-mp_log-INFO-已审核
2019-06-04 19:42:12,470-mp_log-INFO-审核失败
2019-06-04 19:42:12,613-mp_log-INFO-审核失败
2019-06-04 19:42:12,962-mp_log-INFO-已审核
2019-06-04 19:42:13,189-mp_log-INFO-已审核
2019-06-04 19:42:13,572-mp_log-INFO-审核失败
2019-06-04 19:42:13,800-mp_log-INFO-审核失败
2019-06-04 19:42:14,041-mp_log-INFO-审核失败
2019-06-04 19:42:14,313-mp_log-INFO-审核失败
2019-06-04 19:42:14,657-mp_log-INFO-审核失败
2019-06-04 19:42:14,845-mp_log-INFO-已审核
2019-06-04 19:42:15,255-mp_log-INFO-审核失败
2019-06-04 19:42:15,586-mp_log-INFO-已审核
2019-06-04 19:42:15,811-mp_log-INFO-已审核
2019-06-04 19:42:16,115-mp_log-INFO-已审核
2019-06-04 19:42:16,546-mp_log-INFO-已审核
2019-06-04 19:42:16,828-mp_log-INFO-已审核
2019-06-04 19:42:17,203-mp_log-INFO-已审核
2019-06-04 19:42:17,352-mp_log-INFO-已审核
2019-06-04 19:42:17,617-mp_log-INFO-已审核
2019-06-04 19:42:18,036-mp_log-INFO-审核失败
2019-06-04 19:42:18,289-mp_log-INFO-审核失败
2019-06-04 19:42:18,552-mp_log-INFO-已审核
2019-06-04 19:42:18,863-mp_log-INFO-审核失败
2019-06-04 19:42:19,184-mp_log-INFO-审核失败
2019-06-04 19:42:19,492-mp_log-INFO-审核失败
2019-06-04 19:42:19,813-mp_log-INFO-审核失败
2019-06-04 19:42:20,060-mp_log-INFO-审核失败
2019-06-04 19:42:20,699-mp_log-INFO-审核失败
2019-06-04 19:42:20,782-mp_log-INFO-审核失败
2019-06-04 19:42:20,997-mp_log-INFO-审核失败
2019-06-04 19:42:21,283-mp_log-INFO-已审核
2019-06-04 19:42:21,560-mp_log-INFO-审核失败
2019-06-04 19:42:21,833-mp_log-INFO-已审核
2019-06-04 19:42:22,187-mp_log-INFO-审核失败
2019-06-04 19:42:22,451-mp_log-INFO-审核失败
2019-06-04 19:42:22,792-mp_log-INFO-已审核
2019-06-04 19:42:23,041-mp_log-INFO-已审核
2019-06-04 19:42:23,440-mp_log-INFO-审核失败
2019-06-04 19:42:23,701-mp_log-INFO-已审核
2019-06-04 19:42:23,947-mp_log-INFO-已审核
2019-06-04 19:42:24,385-mp_log-INFO-已审核
2019-06-04 19:42:24,627-mp_log-INFO-审核失败
2019-06-04 19:42:24,955-mp_log-INFO-已审核
2019-06-04 19:42:25,157-mp_log-INFO-审核失败
2019-06-04 19:42:25,514-mp_log-INFO-审核失败
2019-06-04 19:42:25,885-mp_log-INFO-已审核
2019-06-04 19:42:26,093-mp_log-INFO-审核失败
2019-06-04 19:42:26,460-mp_log-INFO-审核失败
2019-06-04 19:42:26,703-mp_log-INFO-已审核
2019-06-04 19:42:26,972-mp_log-INFO-审核失败
2019-06-04 19:42:27,283-mp_log-INFO-已审核
2019-06-04 19:42:27,650-mp_log-INFO-已审核
2019-06-04 19:42:27,940-mp_log-INFO-审核失败
2019-06-04 19:42:28,207-mp_log-INFO-审核失败
2019-06-04 19:42:28,694-mp_log-INFO-审核失败
2019-06-04 19:42:28,752-mp_log-INFO-已审核
2019-06-04 19:42:29,061-mp_log-INFO-审核失败
2019-06-04 19:42:29,457-mp_log-INFO-已审核
2019-06-04 19:42:29,639-mp_log-INFO-审核失败
2019-06-04 19:42:30,074-mp_log-INFO-已审核
2019-06-04 19:42:30,338-mp_log-INFO-审核失败
2019-06-04 19:42:30,589-mp_log-INFO-审核失败
2019-06-04 19:42:30,811-mp_log-INFO-已审核
2019-06-04 19:42:31,214-mp_log-INFO-已审核
2019-06-04 19:42:31,561-mp_log-INFO-审核失败
2019-06-04 19:42:31,871-mp_log-INFO-审核失败
2019-06-04 19:42:32,095-mp_log-INFO-审核失败
2019-06-04 19:42:32,330-mp_log-INFO-审核失败
2019-06-04 19:42:32,744-mp_log-INFO-已审核
2019-06-04 19:42:33,027-mp_log-INFO-已审核
2019-06-04 19:42:33,624-mp_log-INFO-审核失败
2019-06-04 19:42:33,913-mp_log-INFO-审核失败
2019-06-04 19:42:34,127-mp_log-INFO-已审核
2019-06-04 19:42:34,562-mp_log-INFO-审核失败
2019-06-04 19:42:34,858-mp_log-INFO-已审核
2019-06-04 19:42:35,386-mp_log-INFO-已审核
2019-06-04 19:42:35,566-mp_log-INFO-已审核
2019-06-04 19:42:35,706-mp_log-INFO-审核失败
2019-06-04 19:42:36,032-mp_log-INFO-已审核
2019-06-04 19:42:36,338-mp_log-INFO-审核失败
2019-06-04 19:42:36,625-mp_log-INFO-已审核
2019-06-04 19:42:36,977-mp_log-INFO-已审核
2019-06-04 19:42:37,178-mp_log-INFO-审核失败
2019-06-04 19:42:37,483-mp_log-INFO-审核失败
2019-06-04 19:42:37,813-mp_log-INFO-已审核
2019-06-04 19:42:38,136-mp_log-INFO-已审核
2019-06-04 19:42:38,528-mp_log-INFO-已审核
2019-06-04 19:42:38,874-mp_log-INFO-已审核
2019-06-04 19:42:39,085-mp_log-INFO-审核失败
2019-06-04 19:42:39,206-mp_log-INFO-审核中
2019-06-04 19:42:39,550-mp_log-INFO-已审核
2019-06-04 19:42:39,876-mp_log-INFO-已审核
2019-06-04 19:42:40,202-mp_log-INFO-已审核
2019-06-04 19:42:40,478-mp_log-INFO-已审核
2019-06-04 19:42:41,140-mp_log-INFO-审核失败
2019-06-04 19:42:41,441-mp_log-INFO-已审核
2019-06-04 19:42:41,712-mp_log-INFO-审核失败
2019-06-04 19:42:42,056-mp_log-INFO-审核失败
2019-06-04 19:42:42,225-mp_log-INFO-已审核
2019-06-04 19:42:42,605-mp_log-INFO-审核失败
2019-06-04 19:42:42,856-mp_log-INFO-已审核
2019-06-04 19:42:43,174-mp_log-INFO-已审核
2019-06-04 19:42:43,449-mp_log-INFO-已审核
2019-06-04 19:42:43,791-mp_log-INFO-已审核
2019-06-04 19:42:44,137-mp_log-INFO-已审核
2019-06-04 19:42:44,418-mp_log-INFO-审核失败
2019-06-04 19:42:44,639-mp_log-INFO-已审核
2019-06-04 19:42:44,998-mp_log-INFO-审核失败
2019-06-04 19:42:45,301-mp_log-INFO-审核失败
2019-06-04 19:42:45,635-mp_log-INFO-已审核
2019-06-04 19:42:45,939-mp_log-INFO-审核失败
2019-06-04 19:42:46,212-mp_log-INFO-已审核
2019-06-04 19:42:46,502-mp_log-INFO-已审核
2019-06-04 19:42:46,903-mp_log-INFO-已审核
2019-06-04 19:42:47,172-mp_log-INFO-审核失败
2019-06-04 19:42:47,397-mp_log-INFO-审核失败
2019-06-04 19:42:47,693-mp_log-INFO-已审核
2019-06-04 19:42:48,026-mp_log-INFO-已审核
2019-06-04 19:42:48,280-mp_log-INFO-审核失败
2019-06-04 19:42:48,626-mp_log-INFO-已审核
2019-06-04 19:42:48,932-mp_log-INFO-审核失败
2019-06-04 19:42:49,304-mp_log-INFO-审核失败
2019-06-04 19:42:49,537-mp_log-INFO-已审核
2019-06-04 19:42:49,812-mp_log-INFO-审核失败
2019-06-04 19:42:50,122-mp_log-INFO-审核失败
2019-06-04 19:42:50,468-mp_log-INFO-已审核
2019-06-04 19:42:50,797-mp_log-INFO-审核失败
2019-06-04 19:42:51,058-mp_log-INFO-已审核
2019-06-04 19:42:51,327-mp_log-INFO-已审核
2019-06-04 19:42:51,547-mp_log-INFO-审核失败
2019-06-04 19:42:51,976-mp_log-INFO-已审核
2019-06-04 19:42:52,233-mp_log-INFO-已审核
2019-06-04 19:42:52,594-mp_log-INFO-已审核
2019-06-04 19:42:52,820-mp_log-INFO-审核失败
2019-06-04 19:42:53,085-mp_log-INFO-审核失败
2019-06-04 19:42:53,480-mp_log-INFO-审核失败
2019-06-04 19:42:53,722-mp_log-INFO-审核失败
2019-06-04 19:42:54,004-mp_log-INFO-已审核
2019-06-04 19:42:54,387-mp_log-INFO-审核失败
2019-06-04 19:42:54,660-mp_log-INFO-审核失败
2019-06-04 19:42:54,910-mp_log-INFO-审核失败
2019-06-04 19:42:55,264-mp_log-INFO-已审核
2019-06-04 19:42:55,537-mp_log-INFO-审核失败
2019-06-04 19:42:55,881-mp_log-INFO-已审核
2019-06-04 19:42:56,153-mp_log-INFO-已审核
2019-06-04 19:42:56,439-mp_log-INFO-已审核
2019-06-04 19:42:56,759-mp_log-INFO-已审核
2019-06-04 19:42:57,052-mp_log-INFO-审核失败
2019-06-04 19:42:57,365-mp_log-INFO-审核失败
2019-06-04 19:42:57,711-mp_log-INFO-审核失败
2019-06-04 19:42:57,974-mp_log-INFO-已审核
2019-06-04 19:42:58,314-mp_log-INFO-已审核
2019-06-04 19:42:58,519-mp_log-INFO-已审核
2019-06-04 19:42:58,825-mp_log-INFO-审核失败
2019-06-04 19:42:59,198-mp_log-INFO-已审核
2019-06-04 19:42:59,472-mp_log-INFO-已审核
2019-06-04 19:42:59,761-mp_log-INFO-已审核
2019-06-04 19:43:00,033-mp_log-INFO-审核失败
2019-06-04 19:43:00,315-mp_log-INFO-已审核
2019-06-04 19:43:00,620-mp_log-INFO-审核失败
2019-06-04 19:43:00,965-mp_log-INFO-已审核
2019-06-04 19:43:01,275-mp_log-INFO-已审核
2019-06-04 19:43:01,612-mp_log-INFO-已审核
2019-06-04 19:43:01,875-mp_log-INFO-已审核
2019-06-04 19:43:02,287-mp_log-INFO-已审核
2019-06-04 19:43:02,429-mp_log-INFO-已审核
2019-06-04 19:43:02,937-mp_log-INFO-已审核
2019-06-04 19:43:03,042-mp_log-INFO-审核失败
2019-06-04 19:43:03,439-mp_log-INFO-已审核
2019-06-04 19:43:03,861-mp_log-INFO-已审核
2019-06-04 19:43:03,972-mp_log-INFO-已审核
2019-06-04 19:43:04,277-mp_log-INFO-审核失败
2019-06-04 19:43:04,516-mp_log-INFO-已审核
2019-06-04 19:43:05,032-mp_log-INFO-审核失败
2019-06-04 19:43:05,500-mp_log-INFO-已审核
2019-06-04 19:43:05,772-mp_log-INFO-审核失败
2019-06-04 19:43:06,079-mp_log-INFO-审核失败
2019-06-04 19:43:06,427-mp_log-INFO-审核失败
2019-06-04 19:43:06,719-mp_log-INFO-审核失败
2019-06-04 19:43:06,964-mp_log-INFO-已审核
2019-06-04 19:43:07,315-mp_log-INFO-已审核
2019-06-04 19:43:07,670-mp_log-INFO-已审核
2019-06-04 19:43:07,899-mp_log-INFO-审核失败
